<?xml version="1.0" encoding="UTF-8"?>
<testsuite name="RecipesApplicationTest" tests="1" skipped="0" failures="0" errors="0" timestamp="2023-04-07T13:35:03" hostname="DESKTOP-C8PU74I" time="35.313">
  <properties/>
  <testcase name="start" classname="RecipesApplicationTest" time="35.313"/>
  <system-out><![CDATA[?[1;31m
Start test 1?[0m
?[0;34m
?[0m?[0;34m  .   ____          _            __ _ _
?[0m?[0;34m /\\ / ___'_ __ _ _(_)_ __  __ _ \ \ \ \
?[0m?[0;34m( ( )\___ | '_ | '_| | '_ \/ _` | \ \ \ \
?[0m?[0;34m \\/  ___)| |_)| | | | | || (_| |  ) ) ) )
?[0m?[0;34m  '  |____| .__|_| |_|_| |_\__, | / / / /
?[0m?[0;34m =========|_|==============|___/=/_/_/_/
?[0m?[0;34m :: Spring Boot ::                (v2.5.6)
?[0m?[0;34m
?[0m?[0;34m2023-04-07 15:35:04.201  INFO 12456 --- [    Test worker] recipes.RecipesApplication               : Starting RecipesApplication using Java 17.0.6 on DESKTOP-C8PU74I with PID 12456 (started by AHMEDHOSNY in D:\7-Learn\HyperSkill\Java\Recipes\Recipes\task)
?[0m?[0;34m2023-04-07 15:35:04.207  INFO 12456 --- [    Test worker] recipes.RecipesApplication               : No active profile set, falling back to default profiles: default
?[0m?[0;34m2023-04-07 15:35:04.208 DEBUG 12456 --- [    Test worker] o.s.boot.SpringApplication               : Loading source class recipes.RecipesApplication
?[0m?[0;34m2023-04-07 15:35:04.254 DEBUG 12456 --- [    Test worker] ConfigServletWebServerApplicationContext : Refreshing org.springframework.boot.web.servlet.context.AnnotationConfigServletWebServerApplicationContext@3c1e3314
?[0m?[0;34m2023-04-07 15:35:04.276 DEBUG 12456 --- [    Test worker] o.s.b.f.s.DefaultListableBeanFactory     : Creating shared instance of singleton bean 'org.springframework.context.annotation.internalConfigurationAnnotationProcessor'
?[0m?[0;34m2023-04-07 15:35:04.296 DEBUG 12456 --- [    Test worker] o.s.b.f.s.DefaultListableBeanFactory     : Creating shared instance of singleton bean 'org.springframework.boot.autoconfigure.internalCachingMetadataReaderFactory'
?[0m?[0;34m2023-04-07 15:35:04.373 DEBUG 12456 --- [    Test worker] o.s.c.a.ClassPathBeanDefinitionScanner   : Identified candidate component class: file [D:\7-Learn\HyperSkill\Java\Recipes\Recipes\task\build\classes\java\main\recipes\controller\ControllerExceptionHandler.class]
?[0m?[0;34m2023-04-07 15:35:04.387 DEBUG 12456 --- [    Test worker] o.s.c.a.ClassPathBeanDefinitionScanner   : Identified candidate component class: file [D:\7-Learn\HyperSkill\Java\Recipes\Recipes\task\build\classes\java\main\recipes\controller\RecipeController.class]
?[0m?[0;34m2023-04-07 15:35:04.389 DEBUG 12456 --- [    Test worker] o.s.c.a.ClassPathBeanDefinitionScanner   : Identified candidate component class: file [D:\7-Learn\HyperSkill\Java\Recipes\Recipes\task\build\classes\java\main\recipes\controller\UserController.class]
?[0m?[0;34m2023-04-07 15:35:04.393 DEBUG 12456 --- [    Test worker] o.s.c.a.ClassPathBeanDefinitionScanner   : Ignored because not a concrete top-level class: file [D:\7-Learn\HyperSkill\Java\Recipes\Recipes\task\build\classes\java\main\recipes\repository\RecipeRepository.class]
?[0m?[0;34m2023-04-07 15:35:04.394 DEBUG 12456 --- [    Test worker] o.s.c.a.ClassPathBeanDefinitionScanner   : Ignored because not a concrete top-level class: file [D:\7-Learn\HyperSkill\Java\Recipes\Recipes\task\build\classes\java\main\recipes\repository\UserRepository.class]
?[0m?[0;34m2023-04-07 15:35:04.395 DEBUG 12456 --- [    Test worker] o.s.c.a.ClassPathBeanDefinitionScanner   : Identified candidate component class: file [D:\7-Learn\HyperSkill\Java\Recipes\Recipes\task\build\classes\java\main\recipes\security\SecurityConfig.class]
?[0m?[0;34m2023-04-07 15:35:04.396 DEBUG 12456 --- [    Test worker] o.s.c.a.ClassPathBeanDefinitionScanner   : Identified candidate component class: file [D:\7-Learn\HyperSkill\Java\Recipes\Recipes\task\build\classes\java\main\recipes\security\SecurityUserDetailsService.class]
?[0m?[0;34m2023-04-07 15:35:04.397 DEBUG 12456 --- [    Test worker] o.s.c.a.ClassPathBeanDefinitionScanner   : Identified candidate component class: file [D:\7-Learn\HyperSkill\Java\Recipes\Recipes\task\build\classes\java\main\recipes\service\RecipeService.class]
?[0m?[0;34m2023-04-07 15:35:05.363  INFO 12456 --- [    Test worker] .s.d.r.c.RepositoryConfigurationDelegate : Bootstrapping Spring Data JPA repositories in DEFAULT mode.
?[0m?[0;34m2023-04-07 15:35:05.381 DEBUG 12456 --- [    Test worker] o.s.b.f.s.DefaultListableBeanFactory     : Creating shared instance of singleton bean 'org.springframework.boot.autoconfigure.AutoConfigurationPackages'
?[0m?[0;34m2023-04-07 15:35:05.382 DEBUG 12456 --- [    Test worker] o.s.b.a.AutoConfigurationPackages        : @EnableAutoConfiguration was declared on a class in the package 'recipes'. Automatic @Repository and @Entity scanning is enabled.
?[0m?[0;34m2023-04-07 15:35:05.384 DEBUG 12456 --- [    Test worker] .s.d.r.c.RepositoryConfigurationDelegate : Scanning for JPA repositories in packages recipes.
?[0m?[0;34m2023-04-07 15:35:05.398 DEBUG 12456 --- [    Test worker] o.s.d.r.c.RepositoryComponentProvider    : Identified candidate component class: file [D:\7-Learn\HyperSkill\Java\Recipes\Recipes\task\build\classes\java\main\recipes\repository\RecipeRepository.class]
?[0m?[0;34m2023-04-07 15:35:05.399 DEBUG 12456 --- [    Test worker] o.s.d.r.c.RepositoryComponentProvider    : Identified candidate component class: file [D:\7-Learn\HyperSkill\Java\Recipes\Recipes\task\build\classes\java\main\recipes\repository\UserRepository.class]
?[0m?[0;34m2023-04-07 15:35:05.444  INFO 12456 --- [    Test worker] .s.d.r.c.RepositoryConfigurationDelegate : Finished Spring Data repository scanning in 58 ms. Found 2 JPA repository interfaces.
?[0m?[0;34m2023-04-07 15:35:05.647 DEBUG 12456 --- [    Test worker] o.s.b.f.s.DefaultListableBeanFactory     : Creating shared instance of singleton bean 'propertySourcesPlaceholderConfigurer'
?[0m?[0;34m2023-04-07 15:35:05.656 DEBUG 12456 --- [    Test worker] o.s.b.f.s.DefaultListableBeanFactory     : Creating shared instance of singleton bean 'emBeanDefinitionRegistrarPostProcessor'
?[0m?[0;34m2023-04-07 15:35:05.657 DEBUG 12456 --- [    Test worker] o.s.b.f.s.DefaultListableBeanFactory     : Creating shared instance of singleton bean 'org.springframework.boot.sql.init.dependency.DatabaseInitializationDependencyConfigurer$DependsOnDatabaseInitializationPostProcessor'
?[0m?[0;34m2023-04-07 15:35:05.713 DEBUG 12456 --- [    Test worker] o.s.b.f.s.DefaultListableBeanFactory     : Creating shared instance of singleton bean 'org.springframework.context.event.internalEventListenerProcessor'
?[0m?[0;34m2023-04-07 15:35:05.714 DEBUG 12456 --- [    Test worker] o.s.b.f.s.DefaultListableBeanFactory     : Creating shared instance of singleton bean 'preserveErrorControllerTargetClassPostProcessor'
?[0m?[0;34m2023-04-07 15:35:05.715 DEBUG 12456 --- [    Test worker] o.s.b.f.s.DefaultListableBeanFactory     : Creating shared instance of singleton bean 'conversionServicePostProcessor'
?[0m?[0;34m2023-04-07 15:35:05.719 DEBUG 12456 --- [    Test worker] o.s.b.f.s.DefaultListableBeanFactory     : Creating shared instance of singleton bean 'org.springframework.context.event.internalEventListenerFactory'
?[0m?[0;34m2023-04-07 15:35:05.720 DEBUG 12456 --- [    Test worker] o.s.b.f.s.DefaultListableBeanFactory     : Creating shared instance of singleton bean 'org.springframework.transaction.config.internalTransactionalEventListenerFactory'
?[0m?[0;34m2023-04-07 15:35:05.724 DEBUG 12456 --- [    Test worker] o.s.b.f.s.DefaultListableBeanFactory     : Creating shared instance of singleton bean 'org.springframework.context.annotation.internalAutowiredAnnotationProcessor'
?[0m?[0;34m2023-04-07 15:35:05.725 DEBUG 12456 --- [    Test worker] o.s.b.f.s.DefaultListableBeanFactory     : Creating shared instance of singleton bean 'org.springframework.context.annotation.internalCommonAnnotationProcessor'
?[0m?[0;34m2023-04-07 15:35:05.729 DEBUG 12456 --- [    Test worker] o.s.b.f.s.DefaultListableBeanFactory     : Creating shared instance of singleton bean 'org.springframework.context.annotation.internalPersistenceAnnotationProcessor'
?[0m?[0;34m2023-04-07 15:35:05.730 DEBUG 12456 --- [    Test worker] o.s.b.f.s.DefaultListableBeanFactory     : Creating shared instance of singleton bean 'org.springframework.boot.context.properties.ConfigurationPropertiesBindingPostProcessor'
?[0m?[0;34m2023-04-07 15:35:05.731 DEBUG 12456 --- [    Test worker] o.s.b.f.s.DefaultListableBeanFactory     : Creating shared instance of singleton bean 'org.springframework.boot.context.internalConfigurationPropertiesBinder'
?[0m?[0;34m2023-04-07 15:35:05.731 DEBUG 12456 --- [    Test worker] o.s.b.f.s.DefaultListableBeanFactory     : Creating shared instance of singleton bean 'org.springframework.boot.context.internalConfigurationPropertiesBinderFactory'
?[0m?[0;34m2023-04-07 15:35:05.735 DEBUG 12456 --- [    Test worker] o.s.b.f.s.DefaultListableBeanFactory     : Creating shared instance of singleton bean 'methodValidationPostProcessor'
?[0m?[0;34m2023-04-07 15:35:05.749 DEBUG 12456 --- [    Test worker] o.s.b.f.s.DefaultListableBeanFactory     : Autowiring by type from bean name 'methodValidationPostProcessor' via factory method to bean named 'environment'
?[0m?[0;34m2023-04-07 15:35:05.750 DEBUG 12456 --- [    Test worker] o.s.b.f.s.DefaultListableBeanFactory     : Creating shared instance of singleton bean 'org.springframework.boot.context.properties.EnableConfigurationPropertiesRegistrar.methodValidationExcludeFilter'
?[0m?[0;34m2023-04-07 15:35:05.760 DEBUG 12456 --- [    Test worker] o.s.b.f.s.DefaultListableBeanFactory     : Creating shared instance of singleton bean 'org.springframework.aop.config.internalAutoProxyCreator'
?[0m?[0;34m2023-04-07 15:35:05.778 DEBUG 12456 --- [    Test worker] o.s.b.f.s.DefaultListableBeanFactory     : Creating shared instance of singleton bean 'persistenceExceptionTranslationPostProcessor'
?[0m?[0;34m2023-04-07 15:35:05.779 DEBUG 12456 --- [    Test worker] o.s.b.f.s.DefaultListableBeanFactory     : Autowiring by type from bean name 'persistenceExceptionTranslationPostProcessor' via factory method to bean named 'environment'
?[0m?[0;34m2023-04-07 15:35:05.781 DEBUG 12456 --- [    Test worker] o.s.b.f.s.DefaultListableBeanFactory     : Creating shared instance of singleton bean 'webServerFactoryCustomizerBeanPostProcessor'
?[0m?[0;34m2023-04-07 15:35:05.781 DEBUG 12456 --- [    Test worker] o.s.b.f.s.DefaultListableBeanFactory     : Creating shared instance of singleton bean 'errorPageRegistrarBeanPostProcessor'
?[0m?[0;34m2023-04-07 15:35:05.782 DEBUG 12456 --- [    Test worker] o.s.b.f.s.DefaultListableBeanFactory     : Creating shared instance of singleton bean 'healthEndpointGroupsBeanPostProcessor'
?[0m?[0;34m2023-04-07 15:35:05.783 DEBUG 12456 --- [    Test worker] o.s.b.f.s.DefaultListableBeanFactory     : Creating shared instance of singleton bean 'org.springframework.transaction.config.internalTransactionAdvisor'
?[0m?[0;34m2023-04-07 15:35:05.783 DEBUG 12456 --- [    Test worker] o.s.b.f.s.DefaultListableBeanFactory     : Creating shared instance of singleton bean 'org.springframework.transaction.annotation.ProxyTransactionManagementConfiguration'
?[0m?[0;34m2023-04-07 15:35:05.797 DEBUG 12456 --- [    Test worker] o.s.b.f.s.DefaultListableBeanFactory     : Creating shared instance of singleton bean 'transactionAttributeSource'
?[0m?[0;34m2023-04-07 15:35:05.801 DEBUG 12456 --- [    Test worker] o.s.b.f.s.DefaultListableBeanFactory     : Creating shared instance of singleton bean 'transactionInterceptor'
?[0m?[0;34m2023-04-07 15:35:05.802 DEBUG 12456 --- [    Test worker] o.s.b.f.s.DefaultListableBeanFactory     : Autowiring by type from bean name 'transactionInterceptor' via factory method to bean named 'transactionAttributeSource'
?[0m?[0;34m2023-04-07 15:35:05.806 DEBUG 12456 --- [    Test worker] o.s.b.f.s.DefaultListableBeanFactory     : Autowiring by type from bean name 'org.springframework.transaction.config.internalTransactionAdvisor' via factory method to bean named 'transactionAttributeSource'
?[0m?[0;34m2023-04-07 15:35:05.807 DEBUG 12456 --- [    Test worker] o.s.b.f.s.DefaultListableBeanFactory     : Autowiring by type from bean name 'org.springframework.transaction.config.internalTransactionAdvisor' via factory method to bean named 'transactionInterceptor'
?[0m?[0;34m2023-04-07 15:35:05.811 DEBUG 12456 --- [    Test worker] o.s.b.f.s.DefaultListableBeanFactory     : Creating shared instance of singleton bean 'meterRegistryPostProcessor'
?[0m?[0;34m2023-04-07 15:35:05.812 DEBUG 12456 --- [    Test worker] o.s.b.f.s.DefaultListableBeanFactory     : Autowiring by type from bean name 'meterRegistryPostProcessor' via factory method to bean named 'org.springframework.boot.web.servlet.context.AnnotationConfigServletWebServerApplicationContext@3c1e3314'
?[0m?[0;34m2023-04-07 15:35:05.813 DEBUG 12456 --- [    Test worker] o.s.b.f.s.DefaultListableBeanFactory     : Creating shared instance of singleton bean 'metricsRepositoryMethodInvocationListenerBeanPostProcessor'
?[0m?[0;34m2023-04-07 15:35:05.815 DEBUG 12456 --- [    Test worker] o.s.b.f.s.DefaultListableBeanFactory     : Creating shared instance of singleton bean 'projectingArgumentResolverBeanPostProcessor'
?[0m?[0;34m2023-04-07 15:35:05.832 DEBUG 12456 --- [    Test worker] o.s.u.c.s.UiApplicationContextUtils      : Unable to locate ThemeSource with name 'themeSource': using default [org.springframework.ui.context.support.ResourceBundleThemeSource@6cbe68e9]
?[0m?[0;34m2023-04-07 15:35:05.833 DEBUG 12456 --- [    Test worker] o.s.b.f.s.DefaultListableBeanFactory     : Creating shared instance of singleton bean 'tomcatServletWebServerFactory'
?[0m?[0;34m2023-04-07 15:35:05.833 DEBUG 12456 --- [    Test worker] o.s.b.f.s.DefaultListableBeanFactory     : Creating shared instance of singleton bean 'org.springframework.boot.autoconfigure.web.servlet.ServletWebServerFactoryConfiguration$EmbeddedTomcat'
?[0m?[0;34m2023-04-07 15:35:05.869 DEBUG 12456 --- [    Test worker] o.s.b.f.s.DefaultListableBeanFactory     : Creating shared instance of singleton bean 'websocketServletWebServerCustomizer'
?[0m?[0;34m2023-04-07 15:35:05.869 DEBUG 12456 --- [    Test worker] o.s.b.f.s.DefaultListableBeanFactory     : Creating shared instance of singleton bean 'org.springframework.boot.autoconfigure.websocket.servlet.WebSocketServletAutoConfiguration$TomcatWebSocketConfiguration'
?[0m?[0;34m2023-04-07 15:35:05.871 DEBUG 12456 --- [    Test worker] o.s.b.f.s.DefaultListableBeanFactory     : Creating shared instance of singleton bean 'servletWebServerFactoryCustomizer'
?[0m?[0;34m2023-04-07 15:35:05.872 DEBUG 12456 --- [    Test worker] o.s.b.f.s.DefaultListableBeanFactory     : Creating shared instance of singleton bean 'org.springframework.boot.autoconfigure.web.servlet.ServletWebServerFactoryAutoConfiguration'
?[0m?[0;34m2023-04-07 15:35:05.875 DEBUG 12456 --- [    Test worker] o.s.b.f.s.DefaultListableBeanFactory     : Creating shared instance of singleton bean 'server-org.springframework.boot.autoconfigure.web.ServerProperties'
?[0m?[0;34m2023-04-07 15:35:05.884 DEBUG 12456 --- [    Test worker] o.s.b.f.s.DefaultListableBeanFactory     : Creating shared instance of singleton bean 'org.springframework.boot.context.properties.BoundConfigurationProperties'
?[0m?[0;34m2023-04-07 15:35:05.896 DEBUG 12456 --- [    Test worker] o.s.b.f.s.DefaultListableBeanFactory     : Autowiring by type from bean name 'servletWebServerFactoryCustomizer' via factory method to bean named 'server-org.springframework.boot.autoconfigure.web.ServerProperties'
?[0m?[0;34m2023-04-07 15:35:05.898 DEBUG 12456 --- [    Test worker] o.s.b.f.s.DefaultListableBeanFactory     : Creating shared instance of singleton bean 'tomcatServletWebServerFactoryCustomizer'
?[0m?[0;34m2023-04-07 15:35:05.899 DEBUG 12456 --- [    Test worker] o.s.b.f.s.DefaultListableBeanFactory     : Autowiring by type from bean name 'tomcatServletWebServerFactoryCustomizer' via factory method to bean named 'server-org.springframework.boot.autoconfigure.web.ServerProperties'
?[0m?[0;34m2023-04-07 15:35:05.900 DEBUG 12456 --- [    Test worker] o.s.b.f.s.DefaultListableBeanFactory     : Creating shared instance of singleton bean 'tomcatWebServerFactoryCustomizer'
?[0m?[0;34m2023-04-07 15:35:05.901 DEBUG 12456 --- [    Test worker] o.s.b.f.s.DefaultListableBeanFactory     : Creating shared instance of singleton bean 'org.springframework.boot.autoconfigure.web.embedded.EmbeddedWebServerFactoryCustomizerAutoConfiguration$TomcatWebServerFactoryCustomizerConfiguration'
?[0m?[0;34m2023-04-07 15:35:05.903 DEBUG 12456 --- [    Test worker] o.s.b.f.s.DefaultListableBeanFactory     : Autowiring by type from bean name 'tomcatWebServerFactoryCustomizer' via factory method to bean named 'environment'
?[0m?[0;34m2023-04-07 15:35:05.903 DEBUG 12456 --- [    Test worker] o.s.b.f.s.DefaultListableBeanFactory     : Autowiring by type from bean name 'tomcatWebServerFactoryCustomizer' via factory method to bean named 'server-org.springframework.boot.autoconfigure.web.ServerProperties'
?[0m?[0;34m2023-04-07 15:35:05.905 DEBUG 12456 --- [    Test worker] o.s.b.f.s.DefaultListableBeanFactory     : Creating shared instance of singleton bean 'localeCharsetMappingsCustomizer'
?[0m?[0;34m2023-04-07 15:35:05.905 DEBUG 12456 --- [    Test worker] o.s.b.f.s.DefaultListableBeanFactory     : Creating shared instance of singleton bean 'org.springframework.boot.autoconfigure.web.servlet.HttpEncodingAutoConfiguration'
?[0m?[0;34m2023-04-07 15:35:05.906 DEBUG 12456 --- [    Test worker] o.s.b.f.s.DefaultListableBeanFactory     : Autowiring by type from bean name 'org.springframework.boot.autoconfigure.web.servlet.HttpEncodingAutoConfiguration' via constructor to bean named 'server-org.springframework.boot.autoconfigure.web.ServerProperties'
?[0m?[0;34m2023-04-07 15:35:05.932 DEBUG 12456 --- [    Test worker] o.s.b.f.s.DefaultListableBeanFactory     : Creating shared instance of singleton bean 'errorPageCustomizer'
?[0m?[0;34m2023-04-07 15:35:05.933 DEBUG 12456 --- [    Test worker] o.s.b.f.s.DefaultListableBeanFactory     : Creating shared instance of singleton bean 'org.springframework.boot.autoconfigure.web.servlet.error.ErrorMvcAutoConfiguration'
?[0m?[0;34m2023-04-07 15:35:05.934 DEBUG 12456 --- [    Test worker] o.s.b.f.s.DefaultListableBeanFactory     : Autowiring by type from bean name 'org.springframework.boot.autoconfigure.web.servlet.error.ErrorMvcAutoConfiguration' via constructor to bean named 'server-org.springframework.boot.autoconfigure.web.ServerProperties'
?[0m?[0;34m2023-04-07 15:35:05.937 DEBUG 12456 --- [    Test worker] o.s.b.f.s.DefaultListableBeanFactory     : Creating shared instance of singleton bean 'dispatcherServletRegistration'
?[0m?[0;34m2023-04-07 15:35:05.937 DEBUG 12456 --- [    Test worker] o.s.b.f.s.DefaultListableBeanFactory     : Creating shared instance of singleton bean 'org.springframework.boot.autoconfigure.web.servlet.DispatcherServletAutoConfiguration$DispatcherServletRegistrationConfiguration'
?[0m?[0;34m2023-04-07 15:35:05.939 DEBUG 12456 --- [    Test worker] o.s.b.f.s.DefaultListableBeanFactory     : Creating shared instance of singleton bean 'dispatcherServlet'
?[0m?[0;34m2023-04-07 15:35:05.939 DEBUG 12456 --- [    Test worker] o.s.b.f.s.DefaultListableBeanFactory     : Creating shared instance of singleton bean 'org.springframework.boot.autoconfigure.web.servlet.DispatcherServletAutoConfiguration$DispatcherServletConfiguration'
?[0m?[0;34m2023-04-07 15:35:05.941 DEBUG 12456 --- [    Test worker] o.s.b.f.s.DefaultListableBeanFactory     : Creating shared instance of singleton bean 'spring.mvc-org.springframework.boot.autoconfigure.web.servlet.WebMvcProperties'
?[0m?[0;34m2023-04-07 15:35:05.947 DEBUG 12456 --- [    Test worker] o.s.b.f.s.DefaultListableBeanFactory     : Autowiring by type from bean name 'dispatcherServlet' via factory method to bean named 'spring.mvc-org.springframework.boot.autoconfigure.web.servlet.WebMvcProperties'
?[0m?[0;34m2023-04-07 15:35:05.963 DEBUG 12456 --- [    Test worker] o.s.b.f.s.DefaultListableBeanFactory     : Autowiring by type from bean name 'dispatcherServletRegistration' via factory method to bean named 'dispatcherServlet'
?[0m?[0;34m2023-04-07 15:35:05.964 DEBUG 12456 --- [    Test worker] o.s.b.f.s.DefaultListableBeanFactory     : Autowiring by type from bean name 'dispatcherServletRegistration' via factory method to bean named 'spring.mvc-org.springframework.boot.autoconfigure.web.servlet.WebMvcProperties'
?[0m?[0;34m2023-04-07 15:35:05.966 DEBUG 12456 --- [    Test worker] o.s.b.f.s.DefaultListableBeanFactory     : Creating shared instance of singleton bean 'multipartConfigElement'
?[0m?[0;34m2023-04-07 15:35:05.966 DEBUG 12456 --- [    Test worker] o.s.b.f.s.DefaultListableBeanFactory     : Creating shared instance of singleton bean 'org.springframework.boot.autoconfigure.web.servlet.MultipartAutoConfiguration'
?[0m?[0;34m2023-04-07 15:35:05.967 DEBUG 12456 --- [    Test worker] o.s.b.f.s.DefaultListableBeanFactory     : Creating shared instance of singleton bean 'spring.servlet.multipart-org.springframework.boot.autoconfigure.web.servlet.MultipartProperties'
?[0m?[0;34m2023-04-07 15:35:05.972 DEBUG 12456 --- [    Test worker] o.s.b.f.s.DefaultListableBeanFactory     : Autowiring by type from bean name 'org.springframework.boot.autoconfigure.web.servlet.MultipartAutoConfiguration' via constructor to bean named 'spring.servlet.multipart-org.springframework.boot.autoconfigure.web.servlet.MultipartProperties'
?[0m?[0;34m2023-04-07 15:35:05.978 DEBUG 12456 --- [    Test worker] o.s.b.f.s.DefaultListableBeanFactory     : Autowiring by type from bean name 'errorPageCustomizer' via factory method to bean named 'dispatcherServletRegistration'
?[0m?[0;34m2023-04-07 15:35:06.064 DEBUG 12456 --- [    Test worker] .s.b.w.e.t.TomcatServletWebServerFactory : Code archive: C:\Users\AHMEDHOSNY\.gradle\caches\modules-2\files-2.1\org.springframework.boot\spring-boot\2.5.6\d8c6b97fd3182fb6d7d06ebf710cd9ccabc83b89\spring-boot-2.5.6.jar
?[0m?[0;34m2023-04-07 15:35:06.065 DEBUG 12456 --- [    Test worker] .s.b.w.e.t.TomcatServletWebServerFactory : Code archive: C:\Users\AHMEDHOSNY\.gradle\caches\modules-2\files-2.1\org.springframework.boot\spring-boot\2.5.6\d8c6b97fd3182fb6d7d06ebf710cd9ccabc83b89\spring-boot-2.5.6.jar
?[0m?[0;34m2023-04-07 15:35:06.065 DEBUG 12456 --- [    Test worker] .s.b.w.e.t.TomcatServletWebServerFactory : None of the document roots [src/main/webapp, public, static] point to a directory and will be ignored.
?[0m?[0;34m2023-04-07 15:35:06.087  INFO 12456 --- [    Test worker] o.s.b.w.embedded.tomcat.TomcatWebServer  : Tomcat initialized with port(s): 8881 (http)
?[0m?[0;34m2023-04-07 15:35:06.098  INFO 12456 --- [    Test worker] o.apache.catalina.core.StandardService   : Starting service [Tomcat]
?[0m?[0;34m2023-04-07 15:35:06.098  INFO 12456 --- [    Test worker] org.apache.catalina.core.StandardEngine  : Starting Servlet engine: [Apache Tomcat/9.0.54]
?[0m?[0;34m2023-04-07 15:35:06.203  INFO 12456 --- [    Test worker] o.a.c.c.C.[Tomcat].[localhost].[/]       : Initializing Spring embedded WebApplicationContext
?[0m?[0;34m2023-04-07 15:35:06.203 DEBUG 12456 --- [    Test worker] w.s.c.ServletWebServerApplicationContext : Published root WebApplicationContext as ServletContext attribute with name [org.springframework.web.context.WebApplicationContext.ROOT]
?[0m?[0;34m2023-04-07 15:35:06.203  INFO 12456 --- [    Test worker] w.s.c.ServletWebServerApplicationContext : Root WebApplicationContext: initialization completed in 1949 ms
?[0m?[0;34m2023-04-07 15:35:06.206 DEBUG 12456 --- [    Test worker] o.s.b.f.s.DefaultListableBeanFactory     : Creating shared instance of singleton bean 'webMvcMetricsFilter'
?[0m?[0;34m2023-04-07 15:35:06.206 DEBUG 12456 --- [    Test worker] o.s.b.f.s.DefaultListableBeanFactory     : Creating shared instance of singleton bean 'org.springframework.boot.actuate.autoconfigure.metrics.web.servlet.WebMvcMetricsAutoConfiguration'
?[0m?[0;34m2023-04-07 15:35:06.207 DEBUG 12456 --- [    Test worker] o.s.b.f.s.DefaultListableBeanFactory     : Creating shared instance of singleton bean 'management.metrics-org.springframework.boot.actuate.autoconfigure.metrics.MetricsProperties'
?[0m?[0;34m2023-04-07 15:35:06.212 DEBUG 12456 --- [    Test worker] o.s.b.f.s.DefaultListableBeanFactory     : Autowiring by type from bean name 'org.springframework.boot.actuate.autoconfigure.metrics.web.servlet.WebMvcMetricsAutoConfiguration' via constructor to bean named 'management.metrics-org.springframework.boot.actuate.autoconfigure.metrics.MetricsProperties'
?[0m?[0;34m2023-04-07 15:35:06.214 DEBUG 12456 --- [    Test worker] o.s.b.f.s.DefaultListableBeanFactory     : Creating shared instance of singleton bean 'simpleMeterRegistry'
?[0m?[0;34m2023-04-07 15:35:06.214 DEBUG 12456 --- [    Test worker] o.s.b.f.s.DefaultListableBeanFactory     : Creating shared instance of singleton bean 'org.springframework.boot.actuate.autoconfigure.metrics.export.simple.SimpleMetricsExportAutoConfiguration'
?[0m?[0;34m2023-04-07 15:35:06.216 DEBUG 12456 --- [    Test worker] o.s.b.f.s.DefaultListableBeanFactory     : Creating shared instance of singleton bean 'simpleConfig'
?[0m?[0;34m2023-04-07 15:35:06.216 DEBUG 12456 --- [    Test worker] o.s.b.f.s.DefaultListableBeanFactory     : Creating shared instance of singleton bean 'management.metrics.export.simple-org.springframework.boot.actuate.autoconfigure.metrics.export.simple.SimpleProperties'
?[0m?[0;34m2023-04-07 15:35:06.218 DEBUG 12456 --- [    Test worker] o.s.b.f.s.DefaultListableBeanFactory     : Autowiring by type from bean name 'simpleConfig' via factory method to bean named 'management.metrics.export.simple-org.springframework.boot.actuate.autoconfigure.metrics.export.simple.SimpleProperties'
?[0m?[0;34m2023-04-07 15:35:06.224 DEBUG 12456 --- [    Test worker] o.s.b.f.s.DefaultListableBeanFactory     : Creating shared instance of singleton bean 'micrometerClock'
?[0m?[0;34m2023-04-07 15:35:06.224 DEBUG 12456 --- [    Test worker] o.s.b.f.s.DefaultListableBeanFactory     : Creating shared instance of singleton bean 'org.springframework.boot.actuate.autoconfigure.metrics.MetricsAutoConfiguration'
?[0m?[0;34m2023-04-07 15:35:06.226 DEBUG 12456 --- [    Test worker] o.s.b.f.s.DefaultListableBeanFactory     : Autowiring by type from bean name 'simpleMeterRegistry' via factory method to bean named 'simpleConfig'
?[0m?[0;34m2023-04-07 15:35:06.227 DEBUG 12456 --- [    Test worker] o.s.b.f.s.DefaultListableBeanFactory     : Autowiring by type from bean name 'simpleMeterRegistry' via factory method to bean named 'micrometerClock'
?[0m?[0;34m2023-04-07 15:35:06.247 DEBUG 12456 --- [    Test worker] o.s.b.f.s.DefaultListableBeanFactory     : Creating shared instance of singleton bean 'propertiesMeterFilter'
?[0m?[0;34m2023-04-07 15:35:06.249 DEBUG 12456 --- [    Test worker] o.s.b.f.s.DefaultListableBeanFactory     : Autowiring by type from bean name 'propertiesMeterFilter' via factory method to bean named 'management.metrics-org.springframework.boot.actuate.autoconfigure.metrics.MetricsProperties'
?[0m?[0;34m2023-04-07 15:35:06.253 DEBUG 12456 --- [    Test worker] o.s.b.f.s.DefaultListableBeanFactory     : Creating shared instance of singleton bean 'metricsHttpClientUriTagFilter'
?[0m?[0;34m2023-04-07 15:35:06.253 DEBUG 12456 --- [    Test worker] o.s.b.f.s.DefaultListableBeanFactory     : Creating shared instance of singleton bean 'org.springframework.boot.actuate.autoconfigure.metrics.web.client.HttpClientMetricsAutoConfiguration'
?[0m?[0;34m2023-04-07 15:35:06.254 DEBUG 12456 --- [    Test worker] o.s.b.f.s.DefaultListableBeanFactory     : Autowiring by type from bean name 'metricsHttpClientUriTagFilter' via factory method to bean named 'management.metrics-org.springframework.boot.actuate.autoconfigure.metrics.MetricsProperties'
?[0m?[0;34m2023-04-07 15:35:06.258 DEBUG 12456 --- [    Test worker] o.s.b.f.s.DefaultListableBeanFactory     : Creating shared instance of singleton bean 'metricsHttpServerUriTagFilter'
?[0m?[0;34m2023-04-07 15:35:06.263 DEBUG 12456 --- [    Test worker] o.s.b.f.s.DefaultListableBeanFactory     : Creating shared instance of singleton bean 'jvmGcMetrics'
?[0m?[0;34m2023-04-07 15:35:06.263 DEBUG 12456 --- [    Test worker] o.s.b.f.s.DefaultListableBeanFactory     : Creating shared instance of singleton bean 'org.springframework.boot.actuate.autoconfigure.metrics.JvmMetricsAutoConfiguration'
?[0m?[0;34m2023-04-07 15:35:06.273 DEBUG 12456 --- [    Test worker] o.s.b.f.s.DefaultListableBeanFactory     : Creating shared instance of singleton bean 'jvmMemoryMetrics'
?[0m?[0;34m2023-04-07 15:35:06.275 DEBUG 12456 --- [    Test worker] o.s.b.f.s.DefaultListableBeanFactory     : Creating shared instance of singleton bean 'jvmThreadMetrics'
?[0m?[0;34m2023-04-07 15:35:06.281 DEBUG 12456 --- [    Test worker] o.s.b.f.s.DefaultListableBeanFactory     : Creating shared instance of singleton bean 'classLoaderMetrics'
?[0m?[0;34m2023-04-07 15:35:06.282 DEBUG 12456 --- [    Test worker] o.s.b.f.s.DefaultListableBeanFactory     : Creating shared instance of singleton bean 'logbackMetrics'
?[0m?[0;34m2023-04-07 15:35:06.283 DEBUG 12456 --- [    Test worker] o.s.b.f.s.DefaultListableBeanFactory     : Creating shared instance of singleton bean 'org.springframework.boot.actuate.autoconfigure.metrics.LogbackMetricsAutoConfiguration'
?[0m?[0;34m2023-04-07 15:35:06.287 DEBUG 12456 --- [    Test worker] o.s.b.f.s.DefaultListableBeanFactory     : Creating shared instance of singleton bean 'uptimeMetrics'
?[0m?[0;34m2023-04-07 15:35:06.287 DEBUG 12456 --- [    Test worker] o.s.b.f.s.DefaultListableBeanFactory     : Creating shared instance of singleton bean 'org.springframework.boot.actuate.autoconfigure.metrics.SystemMetricsAutoConfiguration'
?[0m?[0;34m2023-04-07 15:35:06.290 DEBUG 12456 --- [    Test worker] o.s.b.f.s.DefaultListableBeanFactory     : Creating shared instance of singleton bean 'processorMetrics'
?[0m?[0;34m2023-04-07 15:35:06.296 DEBUG 12456 --- [    Test worker] o.s.b.f.s.DefaultListableBeanFactory     : Creating shared instance of singleton bean 'fileDescriptorMetrics'
?[0m?[0;34m2023-04-07 15:35:06.328 DEBUG 12456 --- [    Test worker] o.s.b.f.s.DefaultListableBeanFactory     : Creating shared instance of singleton bean 'webMvcTagsProvider'
?[0m?[0;34m2023-04-07 15:35:06.330 DEBUG 12456 --- [    Test worker] o.s.b.f.s.DefaultListableBeanFactory     : Autowiring by type from bean name 'webMvcMetricsFilter' via factory method to bean named 'simpleMeterRegistry'
?[0m?[0;34m2023-04-07 15:35:06.330 DEBUG 12456 --- [    Test worker] o.s.b.f.s.DefaultListableBeanFactory     : Autowiring by type from bean name 'webMvcMetricsFilter' via factory method to bean named 'webMvcTagsProvider'
?[0m?[0;34m2023-04-07 15:35:06.332 DEBUG 12456 --- [    Test worker] o.s.b.f.s.DefaultListableBeanFactory     : Creating shared instance of singleton bean 'h2Console'
?[0m?[0;34m2023-04-07 15:35:06.333 DEBUG 12456 --- [    Test worker] o.s.b.f.s.DefaultListableBeanFactory     : Creating shared instance of singleton bean 'org.springframework.boot.autoconfigure.h2.H2ConsoleAutoConfiguration'
?[0m?[0;34m2023-04-07 15:35:06.334 DEBUG 12456 --- [    Test worker] o.s.b.f.s.DefaultListableBeanFactory     : Creating shared instance of singleton bean 'spring.h2.console-org.springframework.boot.autoconfigure.h2.H2ConsoleProperties'
?[0m?[0;34m2023-04-07 15:35:06.336 DEBUG 12456 --- [    Test worker] o.s.b.f.s.DefaultListableBeanFactory     : Autowiring by type from bean name 'h2Console' via factory method to bean named 'spring.h2.console-org.springframework.boot.autoconfigure.h2.H2ConsoleProperties'
?[0m?[0;34m2023-04-07 15:35:06.338 DEBUG 12456 --- [    Test worker] o.s.b.f.s.DefaultListableBeanFactory     : Creating shared instance of singleton bean 'dataSource'
?[0m?[0;34m2023-04-07 15:35:06.338 DEBUG 12456 --- [    Test worker] o.s.b.f.s.DefaultListableBeanFactory     : Creating shared instance of singleton bean 'org.springframework.boot.autoconfigure.jdbc.DataSourceConfiguration$Hikari'
?[0m?[0;34m2023-04-07 15:35:06.340 DEBUG 12456 --- [    Test worker] o.s.b.f.s.DefaultListableBeanFactory     : Creating shared instance of singleton bean 'spring.datasource-org.springframework.boot.autoconfigure.jdbc.DataSourceProperties'
?[0m?[0;34m2023-04-07 15:35:06.351 DEBUG 12456 --- [    Test worker] o.s.b.f.s.DefaultListableBeanFactory     : Autowiring by type from bean name 'dataSource' via factory method to bean named 'spring.datasource-org.springframework.boot.autoconfigure.jdbc.DataSourceProperties'
?[0m?[0;34m2023-04-07 15:35:06.374  INFO 12456 --- [    Test worker] com.zaxxer.hikari.HikariDataSource       : HikariPool-1 - Starting...
?[0m?[0;34m2023-04-07 15:35:06.590  INFO 12456 --- [    Test worker] com.zaxxer.hikari.HikariDataSource       : HikariPool-1 - Start completed.
?[0m?[0;34m2023-04-07 15:35:06.601  INFO 12456 --- [    Test worker] o.s.b.a.h2.H2ConsoleAutoConfiguration    : H2 console available at '/h2-console'. Database available at 'jdbc:h2:file:../recipes_db'
?[0m?[0;34m2023-04-07 15:35:06.610 DEBUG 12456 --- [    Test worker] o.s.b.f.s.DefaultListableBeanFactory     : Creating shared instance of singleton bean 'securityFilterChainRegistration'
?[0m?[0;34m2023-04-07 15:35:06.611 DEBUG 12456 --- [    Test worker] o.s.b.f.s.DefaultListableBeanFactory     : Creating shared instance of singleton bean 'org.springframework.boot.autoconfigure.security.servlet.SecurityFilterAutoConfiguration'
?[0m?[0;34m2023-04-07 15:35:06.613 DEBUG 12456 --- [    Test worker] o.s.b.f.s.DefaultListableBeanFactory     : Creating shared instance of singleton bean 'spring.security-org.springframework.boot.autoconfigure.security.SecurityProperties'
?[0m?[0;34m2023-04-07 15:35:06.617 DEBUG 12456 --- [    Test worker] o.s.b.f.s.DefaultListableBeanFactory     : Autowiring by type from bean name 'securityFilterChainRegistration' via factory method to bean named 'spring.security-org.springframework.boot.autoconfigure.security.SecurityProperties'
?[0m?[0;34m2023-04-07 15:35:06.621 DEBUG 12456 --- [    Test worker] o.s.b.f.s.DefaultListableBeanFactory     : Creating shared instance of singleton bean 'servletEndpointRegistrar'
?[0m?[0;34m2023-04-07 15:35:06.621 DEBUG 12456 --- [    Test worker] o.s.b.f.s.DefaultListableBeanFactory     : Creating shared instance of singleton bean 'org.springframework.boot.actuate.autoconfigure.endpoint.web.ServletEndpointManagementContextConfiguration$WebMvcServletEndpointManagementContextConfiguration'
?[0m?[0;34m2023-04-07 15:35:06.623 DEBUG 12456 --- [    Test worker] o.s.b.f.s.DefaultListableBeanFactory     : Creating shared instance of singleton bean 'management.endpoints.web-org.springframework.boot.actuate.autoconfigure.endpoint.web.WebEndpointProperties'
?[0m?[0;34m2023-04-07 15:35:06.630 DEBUG 12456 --- [    Test worker] o.s.b.f.s.DefaultListableBeanFactory     : Creating shared instance of singleton bean 'servletEndpointDiscoverer'
?[0m?[0;34m2023-04-07 15:35:06.631 DEBUG 12456 --- [    Test worker] o.s.b.f.s.DefaultListableBeanFactory     : Creating shared instance of singleton bean 'org.springframework.boot.actuate.autoconfigure.endpoint.web.WebEndpointAutoConfiguration$WebEndpointServletConfiguration'
?[0m?[0;34m2023-04-07 15:35:06.633 DEBUG 12456 --- [    Test worker] o.s.b.f.s.DefaultListableBeanFactory     : Autowiring by type from bean name 'servletEndpointDiscoverer' via factory method to bean named 'org.springframework.boot.web.servlet.context.AnnotationConfigServletWebServerApplicationContext@3c1e3314'
?[0m?[0;34m2023-04-07 15:35:06.635 DEBUG 12456 --- [    Test worker] o.s.b.f.s.DefaultListableBeanFactory     : Creating shared instance of singleton bean 'webEndpointPathMapper'
?[0m?[0;34m2023-04-07 15:35:06.635 DEBUG 12456 --- [    Test worker] o.s.b.f.s.DefaultListableBeanFactory     : Creating shared instance of singleton bean 'org.springframework.boot.actuate.autoconfigure.endpoint.web.WebEndpointAutoConfiguration'
?[0m?[0;34m2023-04-07 15:35:06.637 DEBUG 12456 --- [    Test worker] o.s.b.f.s.DefaultListableBeanFactory     : Autowiring by type from bean name 'org.springframework.boot.actuate.autoconfigure.endpoint.web.WebEndpointAutoConfiguration' via constructor to bean named 'org.springframework.boot.web.servlet.context.AnnotationConfigServletWebServerApplicationContext@3c1e3314'
?[0m?[0;34m2023-04-07 15:35:06.637 DEBUG 12456 --- [    Test worker] o.s.b.f.s.DefaultListableBeanFactory     : Autowiring by type from bean name 'org.springframework.boot.actuate.autoconfigure.endpoint.web.WebEndpointAutoConfiguration' via constructor to bean named 'management.endpoints.web-org.springframework.boot.actuate.autoconfigure.endpoint.web.WebEndpointProperties'
?[0m?[0;34m2023-04-07 15:35:06.642 DEBUG 12456 --- [    Test worker] o.s.b.f.s.DefaultListableBeanFactory     : Creating shared instance of singleton bean 'servletExposeExcludePropertyEndpointFilter'
?[0m?[0;34m2023-04-07 15:35:06.642 DEBUG 12456 --- [    Test worker] o.s.b.f.s.DefaultListableBeanFactory     : Creating shared instance of singleton bean 'org.springframework.boot.actuate.autoconfigure.endpoint.web.ServletEndpointManagementContextConfiguration'
?[0m?[0;34m2023-04-07 15:35:06.644 DEBUG 12456 --- [    Test worker] o.s.b.f.s.DefaultListableBeanFactory     : Autowiring by type from bean name 'servletExposeExcludePropertyEndpointFilter' via factory method to bean named 'management.endpoints.web-org.springframework.boot.actuate.autoconfigure.endpoint.web.WebEndpointProperties'
?[0m?[0;34m2023-04-07 15:35:06.654 DEBUG 12456 --- [    Test worker] o.s.b.f.s.DefaultListableBeanFactory     : Autowiring by type from bean name 'servletEndpointRegistrar' via factory method to bean named 'management.endpoints.web-org.springframework.boot.actuate.autoconfigure.endpoint.web.WebEndpointProperties'
?[0m?[0;34m2023-04-07 15:35:06.655 DEBUG 12456 --- [    Test worker] o.s.b.f.s.DefaultListableBeanFactory     : Autowiring by type from bean name 'servletEndpointRegistrar' via factory method to bean named 'servletEndpointDiscoverer'
?[0m?[0;34m2023-04-07 15:35:06.655 DEBUG 12456 --- [    Test worker] o.s.b.f.s.DefaultListableBeanFactory     : Autowiring by type from bean name 'servletEndpointRegistrar' via factory method to bean named 'dispatcherServletRegistration'
?[0m?[0;34m2023-04-07 15:35:06.680 DEBUG 12456 --- [    Test worker] o.s.b.f.s.DefaultListableBeanFactory     : Creating shared instance of singleton bean 'requestContextFilter'
?[0m?[0;34m2023-04-07 15:35:06.683 DEBUG 12456 --- [    Test worker] o.s.b.f.s.DefaultListableBeanFactory     : Creating shared instance of singleton bean 'formContentFilter'
?[0m?[0;34m2023-04-07 15:35:06.684 DEBUG 12456 --- [    Test worker] o.s.b.f.s.DefaultListableBeanFactory     : Creating shared instance of singleton bean 'org.springframework.boot.autoconfigure.web.servlet.WebMvcAutoConfiguration'
?[0m?[0;34m2023-04-07 15:35:06.689 DEBUG 12456 --- [    Test worker] o.s.b.f.s.DefaultListableBeanFactory     : Creating shared instance of singleton bean 'characterEncodingFilter'
?[0m?[0;34m2023-04-07 15:35:06.701 DEBUG 12456 --- [    Test worker] o.s.b.w.s.ServletContextInitializerBeans : Mapping filters: filterRegistrationBean urls=[/*] order=-2147483647, springSecurityFilterChain urls=[/*] order=-100, characterEncodingFilter urls=[/*] order=-2147483648, formContentFilter urls=[/*] order=-9900, requestContextFilter urls=[/*] order=-105
?[0m?[0;34m2023-04-07 15:35:06.701 DEBUG 12456 --- [    Test worker] o.s.b.w.s.ServletContextInitializerBeans : Mapping servlets: dispatcherServlet urls=[/], webServlet urls=[/h2-console/*]
?[0m?[0;34m2023-04-07 15:35:06.731 DEBUG 12456 --- [    Test worker] o.s.b.a.m.w.servlet.WebMvcMetricsFilter  : Filter 'webMvcMetricsFilter' configured for use
?[0m?[0;34m2023-04-07 15:35:06.732 DEBUG 12456 --- [    Test worker] o.s.b.w.s.f.OrderedRequestContextFilter  : Filter 'requestContextFilter' configured for use
?[0m?[0;34m2023-04-07 15:35:06.732 DEBUG 12456 --- [    Test worker] s.b.w.s.f.OrderedCharacterEncodingFilter : Filter 'characterEncodingFilter' configured for use
?[0m?[0;34m2023-04-07 15:35:06.733 DEBUG 12456 --- [    Test worker] .DelegatingFilterProxyRegistrationBean$1 : Filter 'springSecurityFilterChain' configured for use
?[0m?[0;34m2023-04-07 15:35:06.733 DEBUG 12456 --- [    Test worker] o.s.b.w.s.f.OrderedFormContentFilter     : Filter 'formContentFilter' configured for use
?[0m?[0;34m2023-04-07 15:35:06.744 DEBUG 12456 --- [    Test worker] o.s.b.f.s.DefaultListableBeanFactory     : Creating shared instance of singleton bean 'dataSourceScriptDatabaseInitializer'
?[0m?[0;34m2023-04-07 15:35:06.745 DEBUG 12456 --- [    Test worker] o.s.b.f.s.DefaultListableBeanFactory     : Creating shared instance of singleton bean 'org.springframework.boot.autoconfigure.sql.init.DataSourceInitializationConfiguration'
?[0m?[0;34m2023-04-07 15:35:06.747 DEBUG 12456 --- [    Test worker] o.s.b.f.s.DefaultListableBeanFactory     : Creating shared instance of singleton bean 'spring.sql.init-org.springframework.boot.autoconfigure.sql.init.SqlInitializationProperties'
?[0m?[0;34m2023-04-07 15:35:06.752 DEBUG 12456 --- [    Test worker] o.s.b.f.s.DefaultListableBeanFactory     : Autowiring by type from bean name 'dataSourceScriptDatabaseInitializer' via factory method to bean named 'dataSource'
?[0m?[0;34m2023-04-07 15:35:06.752 DEBUG 12456 --- [    Test worker] o.s.b.f.s.DefaultListableBeanFactory     : Autowiring by type from bean name 'dataSourceScriptDatabaseInitializer' via factory method to bean named 'spring.sql.init-org.springframework.boot.autoconfigure.sql.init.SqlInitializationProperties'
?[0m?[0;34m2023-04-07 15:35:06.756 DEBUG 12456 --- [    Test worker] o.s.b.f.s.DefaultListableBeanFactory     : Creating shared instance of singleton bean 'entityManagerFactory'
?[0m?[0;34m2023-04-07 15:35:06.757 DEBUG 12456 --- [    Test worker] o.s.b.f.s.DefaultListableBeanFactory     : Creating shared instance of singleton bean 'org.springframework.boot.autoconfigure.orm.jpa.HibernateJpaConfiguration'
?[0m?[0;34m2023-04-07 15:35:06.759 DEBUG 12456 --- [    Test worker] o.s.b.f.s.DefaultListableBeanFactory     : Creating shared instance of singleton bean 'spring.jpa-org.springframework.boot.autoconfigure.orm.jpa.JpaProperties'
?[0m?[0;34m2023-04-07 15:35:06.769 DEBUG 12456 --- [    Test worker] o.s.b.f.s.DefaultListableBeanFactory     : Creating shared instance of singleton bean 'spring.jpa.hibernate-org.springframework.boot.autoconfigure.orm.jpa.HibernateProperties'
?[0m?[0;34m2023-04-07 15:35:06.773 DEBUG 12456 --- [    Test worker] o.s.b.f.s.DefaultListableBeanFactory     : Autowiring by type from bean name 'org.springframework.boot.autoconfigure.orm.jpa.HibernateJpaConfiguration' via constructor to bean named 'dataSource'
?[0m?[0;34m2023-04-07 15:35:06.773 DEBUG 12456 --- [    Test worker] o.s.b.f.s.DefaultListableBeanFactory     : Autowiring by type from bean name 'org.springframework.boot.autoconfigure.orm.jpa.HibernateJpaConfiguration' via constructor to bean named 'spring.jpa-org.springframework.boot.autoconfigure.orm.jpa.JpaProperties'
?[0m?[0;34m2023-04-07 15:35:06.774 DEBUG 12456 --- [    Test worker] o.s.b.f.s.DefaultListableBeanFactory     : Autowiring by type from bean name 'org.springframework.boot.autoconfigure.orm.jpa.HibernateJpaConfiguration' via constructor to bean named 'org.springframework.beans.factory.support.DefaultListableBeanFactory@2873d672'
?[0m?[0;34m2023-04-07 15:35:06.774 DEBUG 12456 --- [    Test worker] o.s.b.f.s.DefaultListableBeanFactory     : Autowiring by type from bean name 'org.springframework.boot.autoconfigure.orm.jpa.HibernateJpaConfiguration' via constructor to bean named 'spring.jpa.hibernate-org.springframework.boot.autoconfigure.orm.jpa.HibernateProperties'
?[0m?[0;34m2023-04-07 15:35:06.777 DEBUG 12456 --- [    Test worker] o.s.b.f.s.DefaultListableBeanFactory     : Creating shared instance of singleton bean 'hikariPoolDataSourceMetadataProvider'
?[0m?[0;34m2023-04-07 15:35:06.777 DEBUG 12456 --- [    Test worker] o.s.b.f.s.DefaultListableBeanFactory     : Creating shared instance of singleton bean 'org.springframework.boot.autoconfigure.jdbc.metadata.DataSourcePoolMetadataProvidersConfiguration$HikariPoolDataSourceMetadataProviderConfiguration'
?[0m?[0;34m2023-04-07 15:35:06.784 DEBUG 12456 --- [    Test worker] o.s.b.f.s.DefaultListableBeanFactory     : Creating shared instance of singleton bean 'entityManagerFactoryBuilder'
?[0m?[0;34m2023-04-07 15:35:06.786 DEBUG 12456 --- [    Test worker] o.s.b.f.s.DefaultListableBeanFactory     : Creating shared instance of singleton bean 'jpaVendorAdapter'
?[0m?[0;34m2023-04-07 15:35:06.800 DEBUG 12456 --- [    Test worker] o.s.b.f.s.DefaultListableBeanFactory     : Autowiring by type from bean name 'entityManagerFactoryBuilder' via factory method to bean named 'jpaVendorAdapter'
?[0m?[0;34m2023-04-07 15:35:06.804 DEBUG 12456 --- [    Test worker] o.s.b.f.s.DefaultListableBeanFactory     : Autowiring by type from bean name 'entityManagerFactory' via factory method to bean named 'entityManagerFactoryBuilder'
?[0m?[0;34m2023-04-07 15:35:06.834 DEBUG 12456 --- [    Test worker] j.LocalContainerEntityManagerFactoryBean : Building JPA container EntityManagerFactory for persistence unit 'default'
?[0m?[0;34m2023-04-07 15:35:06.856  INFO 12456 --- [    Test worker] o.hibernate.jpa.internal.util.LogHelper  : HHH000204: Processing PersistenceUnitInfo [name: default]
?[0m?[0;34m2023-04-07 15:35:06.918  INFO 12456 --- [    Test worker] org.hibernate.Version                    : HHH000412: Hibernate ORM core version 5.4.32.Final
?[0m?[0;34m2023-04-07 15:35:07.076  INFO 12456 --- [    Test worker] o.hibernate.annotations.common.Version   : HCANN000001: Hibernate Commons Annotations {5.1.2.Final}
?[0m?[0;34m2023-04-07 15:35:07.235  INFO 12456 --- [    Test worker] org.hibernate.dialect.Dialect            : HHH000400: Using dialect: org.hibernate.dialect.H2Dialect
?[0m?[0;34mHibernate: 
?[0m?[0;34m    
?[0m?[0;34m    create table direction (
?[0m?[0;34m       id bigint not null,
?[0m?[0;34m        directions varchar(255)
?[0m?[0;34m    )
?[0m?[0;34mHibernate: 
?[0m?[0;34m    
?[0m?[0;34m    create table ingredient (
?[0m?[0;34m       id bigint not null,
?[0m?[0;34m        ingredients varchar(255)
?[0m?[0;34m    )
?[0m?[0;34mHibernate: 
?[0m?[0;34m    
?[0m?[0;34m    create table recipe (
?[0m?[0;34m       id bigint generated by default as identity,
?[0m?[0;34m        category varchar(255),
?[0m?[0;34m        date timestamp,
?[0m?[0;34m        description varchar(255),
?[0m?[0;34m        name varchar(255),
?[0m?[0;34m        user_id bigint not null,
?[0m?[0;34m        primary key (id)
?[0m?[0;34m    )
?[0m?[0;34mHibernate: 
?[0m?[0;34m    
?[0m?[0;34m    create table users (
?[0m?[0;34m       id bigint generated by default as identity,
?[0m?[0;34m        email varchar(255) not null,
?[0m?[0;34m        password varchar(255) not null,
?[0m?[0;34m        primary key (id)
?[0m?[0;34m    )
?[0m?[0;34mHibernate: 
?[0m?[0;34m    
?[0m?[0;34m    alter table users 
?[0m?[0;34m       drop constraint if exists UK_6dotkott2kjsp8vw4d0m25fb7
?[0m?[0;34mHibernate: 
?[0m?[0;34m    
?[0m?[0;34m    alter table users 
?[0m?[0;34m       add constraint UK_6dotkott2kjsp8vw4d0m25fb7 unique (email)
?[0m?[0;34mHibernate: 
?[0m?[0;34m    
?[0m?[0;34m    alter table direction 
?[0m?[0;34m       add constraint FK65ej28ofx9jb449ikxp9g1lvq 
?[0m?[0;34m       foreign key (id) 
?[0m?[0;34m       references recipe
?[0m?[0;34mHibernate: 
?[0m?[0;34m    
?[0m?[0;34m    alter table ingredient 
?[0m?[0;34m       add constraint FK4rj61cvqth92883f6ue5df6n6 
?[0m?[0;34m       foreign key (id) 
?[0m?[0;34m       references recipe
?[0m?[0;34mHibernate: 
?[0m?[0;34m    
?[0m?[0;34m    alter table recipe 
?[0m?[0;34m       add constraint FK5mx01yw4j003wisa2aqmwir6l 
?[0m?[0;34m       foreign key (user_id) 
?[0m?[0;34m       references users
?[0m?[0;34m2023-04-07 15:35:08.070  INFO 12456 --- [    Test worker] o.h.e.t.j.p.i.JtaPlatformInitiator       : HHH000490: Using JtaPlatform implementation: [org.hibernate.engine.transaction.jta.platform.internal.NoJtaPlatform]
?[0m?[0;34m2023-04-07 15:35:08.086  INFO 12456 --- [    Test worker] j.LocalContainerEntityManagerFactoryBean : Initialized JPA EntityManagerFactory for persistence unit 'default'
?[0m?[0;34m2023-04-07 15:35:08.091 DEBUG 12456 --- [    Test worker] o.s.b.f.s.DefaultListableBeanFactory     : Creating shared instance of singleton bean 'recipesApplication'
?[0m?[0;34m2023-04-07 15:35:08.093 DEBUG 12456 --- [    Test worker] o.s.b.f.s.DefaultListableBeanFactory     : Creating shared instance of singleton bean 'controllerExceptionHandler'
?[0m?[0;34m2023-04-07 15:35:08.098 DEBUG 12456 --- [    Test worker] o.s.b.f.s.DefaultListableBeanFactory     : Creating shared instance of singleton bean 'recipeController'
?[0m?[0;34m2023-04-07 15:35:08.103 DEBUG 12456 --- [    Test worker] o.s.b.f.s.DefaultListableBeanFactory     : Creating shared instance of singleton bean 'recipeService'
?[0m?[0;34m2023-04-07 15:35:08.104 DEBUG 12456 --- [    Test worker] o.s.b.f.s.DefaultListableBeanFactory     : Creating shared instance of singleton bean 'recipeRepository'
?[0m?[0;34m2023-04-07 15:35:08.163 DEBUG 12456 --- [    Test worker] o.s.b.f.s.DefaultListableBeanFactory     : Creating shared instance of singleton bean 'jpaMappingContext'
?[0m?[0;34m2023-04-07 15:35:08.164 DEBUG 12456 --- [    Test worker] .c.JpaMetamodelMappingContextFactoryBean : Initializing JpaMetamodelMappingContext…
?[0m?[0;34m2023-04-07 15:35:08.178 DEBUG 12456 --- [    Test worker] .c.JpaMetamodelMappingContextFactoryBean : Finished initializing JpaMetamodelMappingContext!
?[0m?[0;34m2023-04-07 15:35:08.198 DEBUG 12456 --- [    Test worker] tor$SharedEntityManagerInvocationHandler : Creating new EntityManager for shared EntityManager invocation
?[0m?[0;34m2023-04-07 15:35:08.261 DEBUG 12456 --- [    Test worker] tor$SharedEntityManagerInvocationHandler : Creating new EntityManager for shared EntityManager invocation
?[0m?[0;34m2023-04-07 15:35:08.264 DEBUG 12456 --- [    Test worker] o.s.b.f.s.DefaultListableBeanFactory     : Creating shared instance of singleton bean 'metricsRepositoryMethodInvocationListener'
?[0m?[0;34m2023-04-07 15:35:08.264 DEBUG 12456 --- [    Test worker] o.s.b.f.s.DefaultListableBeanFactory     : Creating shared instance of singleton bean 'org.springframework.boot.actuate.autoconfigure.metrics.data.RepositoryMetricsAutoConfiguration'
?[0m?[0;34m2023-04-07 15:35:08.265 DEBUG 12456 --- [    Test worker] o.s.b.f.s.DefaultListableBeanFactory     : Autowiring by type from bean name 'org.springframework.boot.actuate.autoconfigure.metrics.data.RepositoryMetricsAutoConfiguration' via constructor to bean named 'management.metrics-org.springframework.boot.actuate.autoconfigure.metrics.MetricsProperties'
?[0m?[0;34m2023-04-07 15:35:08.266 DEBUG 12456 --- [    Test worker] o.s.b.f.s.DefaultListableBeanFactory     : Creating shared instance of singleton bean 'repositoryTagsProvider'
?[0m?[0;34m2023-04-07 15:35:08.267 DEBUG 12456 --- [    Test worker] o.s.b.f.s.DefaultListableBeanFactory     : Autowiring by type from bean name 'metricsRepositoryMethodInvocationListener' via factory method to bean named 'repositoryTagsProvider'
?[0m?[0;34m2023-04-07 15:35:08.311 DEBUG 12456 --- [    Test worker] o.s.d.r.c.s.RepositoryFactorySupport     : Initializing repository instance for recipes.repository.RecipeRepository…
?[0m?[0;34m2023-04-07 15:35:08.325 DEBUG 12456 --- [    Test worker] tor$SharedEntityManagerInvocationHandler : Creating new EntityManager for shared EntityManager invocation
?[0m?[0;34m2023-04-07 15:35:08.386 DEBUG 12456 --- [    Test worker] o.s.d.jpa.repository.query.NamedQuery    : Looking up named query Recipe.findByCategoryIgnoreCaseOrderByDateDesc
?[0m?[0;34m2023-04-07 15:35:08.392 DEBUG 12456 --- [    Test worker] o.s.d.jpa.repository.query.NamedQuery    : Did not find named query Recipe.findByCategoryIgnoreCaseOrderByDateDesc
?[0m?[0;34m2023-04-07 15:35:08.394 DEBUG 12456 --- [    Test worker] tor$SharedEntityManagerInvocationHandler : Creating new EntityManager for shared EntityManager invocation
?[0m?[0;34m2023-04-07 15:35:08.435 DEBUG 12456 --- [    Test worker] o.s.d.jpa.repository.query.NamedQuery    : Looking up named query Recipe.findByNameContainingIgnoreCaseOrderByDateDesc
?[0m?[0;34m2023-04-07 15:35:08.435 DEBUG 12456 --- [    Test worker] o.s.d.jpa.repository.query.NamedQuery    : Did not find named query Recipe.findByNameContainingIgnoreCaseOrderByDateDesc
?[0m?[0;34m2023-04-07 15:35:08.436 DEBUG 12456 --- [    Test worker] tor$SharedEntityManagerInvocationHandler : Creating new EntityManager for shared EntityManager invocation
?[0m?[0;34m2023-04-07 15:35:08.440 DEBUG 12456 --- [    Test worker] o.s.d.r.c.s.RepositoryFactorySupport     : Finished creation of repository instance for {}.
?[0m?[0;34m2023-04-07 15:35:08.445 DEBUG 12456 --- [    Test worker] o.s.b.f.s.DefaultListableBeanFactory     : Autowiring by type from bean name 'recipeService' via constructor to bean named 'recipeRepository'
?[0m?[0;34m2023-04-07 15:35:08.446 DEBUG 12456 --- [    Test worker] o.s.b.f.s.DefaultListableBeanFactory     : Autowiring by type from bean name 'recipeController' via constructor to bean named 'recipeService'
?[0m?[0;34m2023-04-07 15:35:08.448 DEBUG 12456 --- [    Test worker] o.s.b.f.s.DefaultListableBeanFactory     : Creating shared instance of singleton bean 'userController'
?[0m?[0;34m2023-04-07 15:35:08.449 DEBUG 12456 --- [    Test worker] o.s.b.f.s.DefaultListableBeanFactory     : Creating shared instance of singleton bean 'securityUserDetailsService'
?[0m?[0;34m2023-04-07 15:35:08.452 DEBUG 12456 --- [    Test worker] o.s.b.f.s.DefaultListableBeanFactory     : Creating shared instance of singleton bean 'userRepository'
?[0m?[0;34m2023-04-07 15:35:08.458 DEBUG 12456 --- [    Test worker] tor$SharedEntityManagerInvocationHandler : Creating new EntityManager for shared EntityManager invocation
?[0m?[0;34m2023-04-07 15:35:08.459 DEBUG 12456 --- [    Test worker] o.s.d.r.c.s.RepositoryFactorySupport     : Initializing repository instance for recipes.repository.UserRepository…
?[0m?[0;34m2023-04-07 15:35:08.460 DEBUG 12456 --- [    Test worker] tor$SharedEntityManagerInvocationHandler : Creating new EntityManager for shared EntityManager invocation
?[0m?[0;34m2023-04-07 15:35:08.484 DEBUG 12456 --- [    Test worker] o.s.d.jpa.repository.query.NamedQuery    : Looking up named query User.existsByEmail
?[0m?[0;34m2023-04-07 15:35:08.485 DEBUG 12456 --- [    Test worker] o.s.d.jpa.repository.query.NamedQuery    : Did not find named query User.existsByEmail
?[0m?[0;34m2023-04-07 15:35:08.485 DEBUG 12456 --- [    Test worker] tor$SharedEntityManagerInvocationHandler : Creating new EntityManager for shared EntityManager invocation
?[0m?[0;34m2023-04-07 15:35:08.490 DEBUG 12456 --- [    Test worker] o.s.d.jpa.repository.query.NamedQuery    : Looking up named query User.findByEmail
?[0m?[0;34m2023-04-07 15:35:08.491 DEBUG 12456 --- [    Test worker] o.s.d.jpa.repository.query.NamedQuery    : Did not find named query User.findByEmail
?[0m?[0;34m2023-04-07 15:35:08.491 DEBUG 12456 --- [    Test worker] tor$SharedEntityManagerInvocationHandler : Creating new EntityManager for shared EntityManager invocation
?[0m?[0;34m2023-04-07 15:35:08.495 DEBUG 12456 --- [    Test worker] o.s.d.r.c.s.RepositoryFactorySupport     : Finished creation of repository instance for {}.
?[0m?[0;34m2023-04-07 15:35:08.496 DEBUG 12456 --- [    Test worker] o.s.b.f.s.DefaultListableBeanFactory     : Autowiring by type from bean name 'userController' via constructor to bean named 'securityUserDetailsService'
?[0m?[0;34m2023-04-07 15:35:08.497 DEBUG 12456 --- [    Test worker] o.s.b.f.s.DefaultListableBeanFactory     : Creating shared instance of singleton bean 'securityConfig'
?[0m?[0;34m2023-04-07 15:35:08.498 DEBUG 12456 --- [    Test worker] o.s.b.f.s.DefaultListableBeanFactory     : Creating shared instance of singleton bean 'userDetailsService'
?[0m?[0;34m2023-04-07 15:35:08.511 DEBUG 12456 --- [    Test worker] o.s.b.f.s.DefaultListableBeanFactory     : Creating shared instance of singleton bean 'passwordEncoder'
?[0m?[0;34m2023-04-07 15:35:08.513 DEBUG 12456 --- [    Test worker] o.s.b.f.s.DefaultListableBeanFactory     : Creating shared instance of singleton bean 'authenticationProvider'
?[0m?[0;34m2023-04-07 15:35:08.527 DEBUG 12456 --- [    Test worker] o.s.b.f.s.DefaultListableBeanFactory     : Creating shared instance of singleton bean 'securityFilterChain'
?[0m?[0;34m2023-04-07 15:35:08.528 DEBUG 12456 --- [    Test worker] o.s.b.f.s.DefaultListableBeanFactory     : Creating shared instance of singleton bean 'org.springframework.security.config.annotation.web.configuration.HttpSecurityConfiguration'
?[0m?[0;34m2023-04-07 15:35:08.531 DEBUG 12456 --- [    Test worker] o.s.b.f.s.DefaultListableBeanFactory     : Creating shared instance of singleton bean 'org.springframework.security.config.annotation.authentication.configuration.AuthenticationConfiguration'
?[0m?[0;34m2023-04-07 15:35:08.534 DEBUG 12456 --- [    Test worker] o.s.b.f.s.DefaultListableBeanFactory     : Creating shared instance of singleton bean 'enableGlobalAuthenticationAutowiredConfigurer'
?[0m?[0;34m2023-04-07 15:35:08.537 DEBUG 12456 --- [    Test worker] o.s.b.f.s.DefaultListableBeanFactory     : Autowiring by type from bean name 'enableGlobalAuthenticationAutowiredConfigurer' via factory method to bean named 'org.springframework.boot.web.servlet.context.AnnotationConfigServletWebServerApplicationContext@3c1e3314'
?[0m?[0;34m2023-04-07 15:35:08.539 DEBUG 12456 --- [    Test worker] o.s.b.f.s.DefaultListableBeanFactory     : Creating shared instance of singleton bean 'initializeUserDetailsBeanManagerConfigurer'
?[0m?[0;34m2023-04-07 15:35:08.539 DEBUG 12456 --- [    Test worker] o.s.b.f.s.DefaultListableBeanFactory     : Autowiring by type from bean name 'initializeUserDetailsBeanManagerConfigurer' via factory method to bean named 'org.springframework.boot.web.servlet.context.AnnotationConfigServletWebServerApplicationContext@3c1e3314'
?[0m?[0;34m2023-04-07 15:35:08.540 DEBUG 12456 --- [    Test worker] o.s.b.f.s.DefaultListableBeanFactory     : Creating shared instance of singleton bean 'initializeAuthenticationProviderBeanManagerConfigurer'
?[0m?[0;34m2023-04-07 15:35:08.541 DEBUG 12456 --- [    Test worker] o.s.b.f.s.DefaultListableBeanFactory     : Autowiring by type from bean name 'initializeAuthenticationProviderBeanManagerConfigurer' via factory method to bean named 'org.springframework.boot.web.servlet.context.AnnotationConfigServletWebServerApplicationContext@3c1e3314'
?[0m?[0;34m2023-04-07 15:35:08.543 DEBUG 12456 --- [    Test worker] o.s.b.f.s.DefaultListableBeanFactory     : Creating shared instance of singleton bean 'objectPostProcessor'
?[0m?[0;34m2023-04-07 15:35:08.543 DEBUG 12456 --- [    Test worker] o.s.b.f.s.DefaultListableBeanFactory     : Creating shared instance of singleton bean 'org.springframework.security.config.annotation.configuration.ObjectPostProcessorConfiguration'
?[0m?[0;34m2023-04-07 15:35:08.545 DEBUG 12456 --- [    Test worker] o.s.b.f.s.DefaultListableBeanFactory     : Autowiring by type from bean name 'objectPostProcessor' via factory method to bean named 'org.springframework.beans.factory.support.DefaultListableBeanFactory@2873d672'
?[0m?[0;34m2023-04-07 15:35:08.551 DEBUG 12456 --- [    Test worker] o.s.b.f.s.DefaultListableBeanFactory     : Creating shared instance of singleton bean 'authenticationManagerBuilder'
?[0m?[0;34m2023-04-07 15:35:08.552 DEBUG 12456 --- [    Test worker] o.s.b.f.s.DefaultListableBeanFactory     : Autowiring by type from bean name 'authenticationManagerBuilder' via factory method to bean named 'objectPostProcessor'
?[0m?[0;34m2023-04-07 15:35:08.552 DEBUG 12456 --- [    Test worker] o.s.b.f.s.DefaultListableBeanFactory     : Autowiring by type from bean name 'authenticationManagerBuilder' via factory method to bean named 'org.springframework.boot.web.servlet.context.AnnotationConfigServletWebServerApplicationContext@3c1e3314'
?[0m?[0;34m2023-04-07 15:35:08.554 DEBUG 12456 --- [    Test worker] o.s.b.f.s.DefaultListableBeanFactory     : Creating shared instance of singleton bean 'authenticationEventPublisher'
?[0m?[0;34m2023-04-07 15:35:08.554 DEBUG 12456 --- [    Test worker] o.s.b.f.s.DefaultListableBeanFactory     : Creating shared instance of singleton bean 'org.springframework.boot.autoconfigure.security.servlet.SecurityAutoConfiguration'
?[0m?[0;34m2023-04-07 15:35:08.556 DEBUG 12456 --- [    Test worker] o.s.b.f.s.DefaultListableBeanFactory     : Autowiring by type from bean name 'authenticationEventPublisher' via factory method to bean named 'org.springframework.boot.web.servlet.context.AnnotationConfigServletWebServerApplicationContext@3c1e3314'
?[0m?[0;34m2023-04-07 15:35:08.565 DEBUG 12456 --- [    Test worker] o.s.b.f.s.DefaultListableBeanFactory     : Creating shared instance of singleton bean 'org.springframework.boot.autoconfigure.security.servlet.WebSecurityEnablerConfiguration'
?[0m?[0;34m2023-04-07 15:35:08.637 DEBUG 12456 --- [    Test worker] o.s.b.f.s.DefaultListableBeanFactory     : Autowiring by type from bean name 'securityFilterChain' via factory method to bean named 'org.springframework.security.config.annotation.web.configuration.HttpSecurityConfiguration.httpSecurity'
?[0m?[0;34m2023-04-07 15:35:08.677  INFO 12456 --- [    Test worker] o.s.s.web.DefaultSecurityFilterChain     : Will secure any request with [org.springframework.security.web.context.request.async.WebAsyncManagerIntegrationFilter@729d1428, org.springframework.security.web.context.SecurityContextPersistenceFilter@7e35d743, org.springframework.security.web.header.HeaderWriterFilter@1adec8d, org.springframework.security.web.authentication.logout.LogoutFilter@2caa9666, org.springframework.security.web.authentication.www.BasicAuthenticationFilter@1be3a294, org.springframework.security.web.savedrequest.RequestCacheAwareFilter@70d16858, org.springframework.security.web.servletapi.SecurityContextHolderAwareRequestFilter@2267b0bb, org.springframework.security.web.authentication.AnonymousAuthenticationFilter@115924ba, org.springframework.security.web.session.SessionManagementFilter@4c9bed65, org.springframework.security.web.access.ExceptionTranslationFilter@48d24d63, org.springframework.security.web.access.intercept.AuthorizationFilter@7878459f]
?[0m?[0;34m2023-04-07 15:35:08.678 DEBUG 12456 --- [    Test worker] o.s.b.f.s.DefaultListableBeanFactory     : Creating shared instance of singleton bean 'org.springframework.boot.autoconfigure.context.PropertyPlaceholderAutoConfiguration'
?[0m?[0;34m2023-04-07 15:35:08.679 DEBUG 12456 --- [    Test worker] o.s.b.f.s.DefaultListableBeanFactory     : Creating shared instance of singleton bean 'org.springframework.boot.autoconfigure.websocket.servlet.WebSocketServletAutoConfiguration'
?[0m?[0;34m2023-04-07 15:35:08.679 DEBUG 12456 --- [    Test worker] o.s.b.f.s.DefaultListableBeanFactory     : Creating shared instance of singleton bean 'org.springframework.boot.autoconfigure.web.servlet.DispatcherServletAutoConfiguration'
?[0m?[0;34m2023-04-07 15:35:08.680 DEBUG 12456 --- [    Test worker] o.s.b.f.s.DefaultListableBeanFactory     : Creating shared instance of singleton bean 'org.springframework.boot.autoconfigure.task.TaskExecutionAutoConfiguration'
?[0m?[0;34m2023-04-07 15:35:08.681 DEBUG 12456 --- [    Test worker] o.s.b.f.s.DefaultListableBeanFactory     : Creating shared instance of singleton bean 'taskExecutorBuilder'
?[0m?[0;34m2023-04-07 15:35:08.682 DEBUG 12456 --- [    Test worker] o.s.b.f.s.DefaultListableBeanFactory     : Creating shared instance of singleton bean 'spring.task.execution-org.springframework.boot.autoconfigure.task.TaskExecutionProperties'
?[0m?[0;34m2023-04-07 15:35:08.683 DEBUG 12456 --- [    Test worker] o.s.b.f.s.DefaultListableBeanFactory     : Autowiring by type from bean name 'taskExecutorBuilder' via factory method to bean named 'spring.task.execution-org.springframework.boot.autoconfigure.task.TaskExecutionProperties'
?[0m?[0;34m2023-04-07 15:35:08.685 DEBUG 12456 --- [    Test worker] o.s.b.f.s.DefaultListableBeanFactory     : Creating shared instance of singleton bean 'org.springframework.boot.autoconfigure.validation.ValidationAutoConfiguration'
?[0m?[0;34m2023-04-07 15:35:08.686 DEBUG 12456 --- [    Test worker] o.s.b.f.s.DefaultListableBeanFactory     : Creating shared instance of singleton bean 'defaultValidator'
?[0m?[0;34m2023-04-07 15:35:08.707 DEBUG 12456 --- [    Test worker] o.s.b.f.s.DefaultListableBeanFactory     : Creating shared instance of singleton bean 'org.springframework.boot.autoconfigure.web.servlet.error.ErrorMvcAutoConfiguration$WhitelabelErrorViewConfiguration'
?[0m?[0;34m2023-04-07 15:35:08.709 DEBUG 12456 --- [    Test worker] o.s.b.f.s.DefaultListableBeanFactory     : Creating shared instance of singleton bean 'error'
?[0m?[0;34m2023-04-07 15:35:08.710 DEBUG 12456 --- [    Test worker] o.s.b.f.s.DefaultListableBeanFactory     : Creating shared instance of singleton bean 'beanNameViewResolver'
?[0m?[0;34m2023-04-07 15:35:08.711 DEBUG 12456 --- [    Test worker] o.s.b.f.s.DefaultListableBeanFactory     : Creating shared instance of singleton bean 'org.springframework.boot.autoconfigure.web.servlet.error.ErrorMvcAutoConfiguration$DefaultErrorViewResolverConfiguration'
?[0m?[0;34m2023-04-07 15:35:08.712 DEBUG 12456 --- [    Test worker] o.s.b.f.s.DefaultListableBeanFactory     : Creating shared instance of singleton bean 'spring.resources-org.springframework.boot.autoconfigure.web.ResourceProperties'
?[0m?[0;34m2023-04-07 15:35:08.717 DEBUG 12456 --- [    Test worker] o.s.b.f.s.DefaultListableBeanFactory     : Creating shared instance of singleton bean 'spring.web-org.springframework.boot.autoconfigure.web.WebProperties'
?[0m?[0;34m2023-04-07 15:35:08.719 DEBUG 12456 --- [    Test worker] o.s.b.f.s.DefaultListableBeanFactory     : Autowiring by type from bean name 'org.springframework.boot.autoconfigure.web.servlet.error.ErrorMvcAutoConfiguration$DefaultErrorViewResolverConfiguration' via constructor to bean named 'org.springframework.boot.web.servlet.context.AnnotationConfigServletWebServerApplicationContext@3c1e3314'
?[0m?[0;34m2023-04-07 15:35:08.719 DEBUG 12456 --- [    Test worker] o.s.b.f.s.DefaultListableBeanFactory     : Autowiring by type from bean name 'org.springframework.boot.autoconfigure.web.servlet.error.ErrorMvcAutoConfiguration$DefaultErrorViewResolverConfiguration' via constructor to bean named 'spring.resources-org.springframework.boot.autoconfigure.web.ResourceProperties'
?[0m?[0;34m2023-04-07 15:35:08.720 DEBUG 12456 --- [    Test worker] o.s.b.f.s.DefaultListableBeanFactory     : Autowiring by type from bean name 'org.springframework.boot.autoconfigure.web.servlet.error.ErrorMvcAutoConfiguration$DefaultErrorViewResolverConfiguration' via constructor to bean named 'spring.web-org.springframework.boot.autoconfigure.web.WebProperties'
?[0m?[0;34m2023-04-07 15:35:08.720 DEBUG 12456 --- [    Test worker] o.s.b.f.s.DefaultListableBeanFactory     : Creating shared instance of singleton bean 'conventionErrorViewResolver'
?[0m?[0;34m2023-04-07 15:35:08.721 DEBUG 12456 --- [    Test worker] o.s.b.f.s.DefaultListableBeanFactory     : Creating shared instance of singleton bean 'errorAttributes'
?[0m?[0;34m2023-04-07 15:35:08.722 DEBUG 12456 --- [    Test worker] o.s.b.f.s.DefaultListableBeanFactory     : Creating shared instance of singleton bean 'basicErrorController'
?[0m?[0;34m2023-04-07 15:35:08.723 DEBUG 12456 --- [    Test worker] o.s.b.f.s.DefaultListableBeanFactory     : Autowiring by type from bean name 'basicErrorController' via factory method to bean named 'errorAttributes'
?[0m?[0;34m2023-04-07 15:35:08.725 DEBUG 12456 --- [    Test worker] o.s.b.f.s.DefaultListableBeanFactory     : Creating shared instance of singleton bean 'org.springframework.boot.autoconfigure.web.servlet.WebMvcAutoConfiguration$EnableWebMvcConfiguration'
?[0m?[0;34m2023-04-07 15:35:08.727 DEBUG 12456 --- [    Test worker] o.s.b.f.s.DefaultListableBeanFactory     : Autowiring by type from bean name 'org.springframework.boot.autoconfigure.web.servlet.WebMvcAutoConfiguration$EnableWebMvcConfiguration' via constructor to bean named 'spring.resources-org.springframework.boot.autoconfigure.web.ResourceProperties'
?[0m?[0;34m2023-04-07 15:35:08.727 DEBUG 12456 --- [    Test worker] o.s.b.f.s.DefaultListableBeanFactory     : Autowiring by type from bean name 'org.springframework.boot.autoconfigure.web.servlet.WebMvcAutoConfiguration$EnableWebMvcConfiguration' via constructor to bean named 'spring.mvc-org.springframework.boot.autoconfigure.web.servlet.WebMvcProperties'
?[0m?[0;34m2023-04-07 15:35:08.727 DEBUG 12456 --- [    Test worker] o.s.b.f.s.DefaultListableBeanFactory     : Autowiring by type from bean name 'org.springframework.boot.autoconfigure.web.servlet.WebMvcAutoConfiguration$EnableWebMvcConfiguration' via constructor to bean named 'spring.web-org.springframework.boot.autoconfigure.web.WebProperties'
?[0m?[0;34m2023-04-07 15:35:08.727 DEBUG 12456 --- [    Test worker] o.s.b.f.s.DefaultListableBeanFactory     : Autowiring by type from bean name 'org.springframework.boot.autoconfigure.web.servlet.WebMvcAutoConfiguration$EnableWebMvcConfiguration' via constructor to bean named 'org.springframework.beans.factory.support.DefaultListableBeanFactory@2873d672'
?[0m?[0;34m2023-04-07 15:35:08.735 DEBUG 12456 --- [    Test worker] o.s.b.f.s.DefaultListableBeanFactory     : Creating shared instance of singleton bean 'org.springframework.boot.autoconfigure.web.servlet.WebMvcAutoConfiguration$WebMvcAutoConfigurationAdapter'
?[0m?[0;34m2023-04-07 15:35:08.736 DEBUG 12456 --- [    Test worker] o.s.b.f.s.DefaultListableBeanFactory     : Autowiring by type from bean name 'org.springframework.boot.autoconfigure.web.servlet.WebMvcAutoConfiguration$WebMvcAutoConfigurationAdapter' via constructor to bean named 'spring.resources-org.springframework.boot.autoconfigure.web.ResourceProperties'
?[0m?[0;34m2023-04-07 15:35:08.736 DEBUG 12456 --- [    Test worker] o.s.b.f.s.DefaultListableBeanFactory     : Autowiring by type from bean name 'org.springframework.boot.autoconfigure.web.servlet.WebMvcAutoConfiguration$WebMvcAutoConfigurationAdapter' via constructor to bean named 'spring.web-org.springframework.boot.autoconfigure.web.WebProperties'
?[0m?[0;34m2023-04-07 15:35:08.736 DEBUG 12456 --- [    Test worker] o.s.b.f.s.DefaultListableBeanFactory     : Autowiring by type from bean name 'org.springframework.boot.autoconfigure.web.servlet.WebMvcAutoConfiguration$WebMvcAutoConfigurationAdapter' via constructor to bean named 'spring.mvc-org.springframework.boot.autoconfigure.web.servlet.WebMvcProperties'
?[0m?[0;34m2023-04-07 15:35:08.736 DEBUG 12456 --- [    Test worker] o.s.b.f.s.DefaultListableBeanFactory     : Autowiring by type from bean name 'org.springframework.boot.autoconfigure.web.servlet.WebMvcAutoConfiguration$WebMvcAutoConfigurationAdapter' via constructor to bean named 'org.springframework.beans.factory.support.DefaultListableBeanFactory@2873d672'
?[0m?[0;34m2023-04-07 15:35:08.738 DEBUG 12456 --- [    Test worker] o.s.b.f.s.DefaultListableBeanFactory     : Creating shared instance of singleton bean 'openEntityManagerInViewInterceptorConfigurer'
?[0m?[0;34m2023-04-07 15:35:08.738 DEBUG 12456 --- [    Test worker] o.s.b.f.s.DefaultListableBeanFactory     : Creating shared instance of singleton bean 'org.springframework.boot.autoconfigure.orm.jpa.JpaBaseConfiguration$JpaWebConfiguration'
?[0m?[0;34m2023-04-07 15:35:08.738 DEBUG 12456 --- [    Test worker] o.s.b.f.s.DefaultListableBeanFactory     : Autowiring by type from bean name 'org.springframework.boot.autoconfigure.orm.jpa.JpaBaseConfiguration$JpaWebConfiguration' via constructor to bean named 'spring.jpa-org.springframework.boot.autoconfigure.orm.jpa.JpaProperties'
?[0m?[0;34m2023-04-07 15:35:08.739 DEBUG 12456 --- [    Test worker] o.s.b.f.s.DefaultListableBeanFactory     : Creating shared instance of singleton bean 'openEntityManagerInViewInterceptor'
?[0m?[0;34m2023-04-07 15:35:08.740  WARN 12456 --- [    Test worker] JpaBaseConfiguration$JpaWebConfiguration : spring.jpa.open-in-view is enabled by default. Therefore, database queries may be performed during view rendering. Explicitly configure spring.jpa.open-in-view to disable this warning
?[0m?[0;34m2023-04-07 15:35:08.741 DEBUG 12456 --- [    Test worker] o.s.b.f.s.DefaultListableBeanFactory     : Autowiring by type from bean name 'openEntityManagerInViewInterceptorConfigurer' via factory method to bean named 'openEntityManagerInViewInterceptor'
?[0m?[0;34m2023-04-07 15:35:08.743 DEBUG 12456 --- [    Test worker] o.s.b.f.s.DefaultListableBeanFactory     : Creating shared instance of singleton bean 'metricsWebMvcConfigurer'
?[0m?[0;34m2023-04-07 15:35:08.744 DEBUG 12456 --- [    Test worker] o.s.b.f.s.DefaultListableBeanFactory     : Autowiring by type from bean name 'metricsWebMvcConfigurer' via factory method to bean named 'simpleMeterRegistry'
?[0m?[0;34m2023-04-07 15:35:08.744 DEBUG 12456 --- [    Test worker] o.s.b.f.s.DefaultListableBeanFactory     : Autowiring by type from bean name 'metricsWebMvcConfigurer' via factory method to bean named 'webMvcTagsProvider'
?[0m?[0;34m2023-04-07 15:35:08.745 DEBUG 12456 --- [    Test worker] o.s.b.f.s.DefaultListableBeanFactory     : Creating shared instance of singleton bean 'org.springframework.data.web.config.SpringDataWebConfiguration'
?[0m?[0;34m2023-04-07 15:35:08.746 DEBUG 12456 --- [    Test worker] o.s.b.f.s.DefaultListableBeanFactory     : Autowiring by type from bean name 'org.springframework.data.web.config.SpringDataWebConfiguration' via constructor to bean named 'org.springframework.boot.web.servlet.context.AnnotationConfigServletWebServerApplicationContext@3c1e3314'
?[0m?[0;34m2023-04-07 15:35:08.748 DEBUG 12456 --- [    Test worker] o.s.b.f.s.DefaultListableBeanFactory     : Creating shared instance of singleton bean 'org.springframework.security.config.annotation.web.configuration.WebMvcSecurityConfiguration'
?[0m?[0;34m2023-04-07 15:35:08.750 DEBUG 12456 --- [    Test worker] o.s.b.f.s.DefaultListableBeanFactory     : Creating shared instance of singleton bean 'requestMappingHandlerAdapter'
?[0m?[0;34m2023-04-07 15:35:08.751 DEBUG 12456 --- [    Test worker] o.s.b.f.s.DefaultListableBeanFactory     : Creating shared instance of singleton bean 'mvcContentNegotiationManager'
?[0m?[0;34m2023-04-07 15:35:08.757 DEBUG 12456 --- [    Test worker] o.s.b.f.s.DefaultListableBeanFactory     : Creating shared instance of singleton bean 'mvcConversionService'
?[0m?[0;34m2023-04-07 15:35:08.767 DEBUG 12456 --- [    Test worker] o.s.b.f.s.DefaultListableBeanFactory     : Creating shared instance of singleton bean 'mvcValidator'
?[0m?[0;34m2023-04-07 15:35:08.769 DEBUG 12456 --- [    Test worker] o.s.b.f.s.DefaultListableBeanFactory     : Autowiring by type from bean name 'requestMappingHandlerAdapter' via factory method to bean named 'mvcContentNegotiationManager'
?[0m?[0;34m2023-04-07 15:35:08.770 DEBUG 12456 --- [    Test worker] o.s.b.f.s.DefaultListableBeanFactory     : Autowiring by type from bean name 'requestMappingHandlerAdapter' via factory method to bean named 'mvcConversionService'
?[0m?[0;34m2023-04-07 15:35:08.770 DEBUG 12456 --- [    Test worker] o.s.b.f.s.DefaultListableBeanFactory     : Autowiring by type from bean name 'requestMappingHandlerAdapter' via factory method to bean named 'mvcValidator'
?[0m?[0;34m2023-04-07 15:35:08.771 DEBUG 12456 --- [    Test worker] o.s.b.f.s.DefaultListableBeanFactory     : Autowiring by type from bean name 'requestMappingHandlerAdapter' via factory method to bean named 'mvcContentNegotiationManager'
?[0m?[0;34m2023-04-07 15:35:08.771 DEBUG 12456 --- [    Test worker] o.s.b.f.s.DefaultListableBeanFactory     : Autowiring by type from bean name 'requestMappingHandlerAdapter' via factory method to bean named 'mvcConversionService'
?[0m?[0;34m2023-04-07 15:35:08.771 DEBUG 12456 --- [    Test worker] o.s.b.f.s.DefaultListableBeanFactory     : Autowiring by type from bean name 'requestMappingHandlerAdapter' via factory method to bean named 'mvcValidator'
?[0m?[0;34m2023-04-07 15:35:08.779 DEBUG 12456 --- [    Test worker] o.s.b.f.s.DefaultListableBeanFactory     : Creating shared instance of singleton bean 'messageConverters'
?[0m?[0;34m2023-04-07 15:35:08.780 DEBUG 12456 --- [    Test worker] o.s.b.f.s.DefaultListableBeanFactory     : Creating shared instance of singleton bean 'org.springframework.boot.autoconfigure.http.HttpMessageConvertersAutoConfiguration'
?[0m?[0;34m2023-04-07 15:35:08.783 DEBUG 12456 --- [    Test worker] o.s.b.f.s.DefaultListableBeanFactory     : Creating shared instance of singleton bean 'stringHttpMessageConverter'
?[0m?[0;34m2023-04-07 15:35:08.784 DEBUG 12456 --- [    Test worker] o.s.b.f.s.DefaultListableBeanFactory     : Creating shared instance of singleton bean 'org.springframework.boot.autoconfigure.http.HttpMessageConvertersAutoConfiguration$StringHttpMessageConverterConfiguration'
?[0m?[0;34m2023-04-07 15:35:08.784 DEBUG 12456 --- [    Test worker] o.s.b.f.s.DefaultListableBeanFactory     : Autowiring by type from bean name 'stringHttpMessageConverter' via factory method to bean named 'environment'
?[0m?[0;34m2023-04-07 15:35:08.789 DEBUG 12456 --- [    Test worker] o.s.b.f.s.DefaultListableBeanFactory     : Creating shared instance of singleton bean 'mappingJackson2HttpMessageConverter'
?[0m?[0;34m2023-04-07 15:35:08.790 DEBUG 12456 --- [    Test worker] o.s.b.f.s.DefaultListableBeanFactory     : Creating shared instance of singleton bean 'org.springframework.boot.autoconfigure.http.JacksonHttpMessageConvertersConfiguration$MappingJackson2HttpMessageConverterConfiguration'
?[0m?[0;34m2023-04-07 15:35:08.790 DEBUG 12456 --- [    Test worker] o.s.b.f.s.DefaultListableBeanFactory     : Creating shared instance of singleton bean 'jacksonObjectMapper'
?[0m?[0;34m2023-04-07 15:35:08.791 DEBUG 12456 --- [    Test worker] o.s.b.f.s.DefaultListableBeanFactory     : Creating shared instance of singleton bean 'org.springframework.boot.autoconfigure.jackson.JacksonAutoConfiguration$JacksonObjectMapperConfiguration'
?[0m?[0;34m2023-04-07 15:35:08.792 DEBUG 12456 --- [    Test worker] o.s.b.f.s.DefaultListableBeanFactory     : Creating shared instance of singleton bean 'org.springframework.boot.autoconfigure.jackson.JacksonAutoConfiguration$JacksonObjectMapperBuilderConfiguration'
?[0m?[0;34m2023-04-07 15:35:08.794 DEBUG 12456 --- [    Test worker] o.s.b.f.s.DefaultListableBeanFactory     : Creating shared instance of singleton bean 'standardJacksonObjectMapperBuilderCustomizer'
?[0m?[0;34m2023-04-07 15:35:08.794 DEBUG 12456 --- [    Test worker] o.s.b.f.s.DefaultListableBeanFactory     : Creating shared instance of singleton bean 'org.springframework.boot.autoconfigure.jackson.JacksonAutoConfiguration$Jackson2ObjectMapperBuilderCustomizerConfiguration'
?[0m?[0;34m2023-04-07 15:35:08.795 DEBUG 12456 --- [    Test worker] o.s.b.f.s.DefaultListableBeanFactory     : Creating shared instance of singleton bean 'spring.jackson-org.springframework.boot.autoconfigure.jackson.JacksonProperties'
?[0m?[0;34m2023-04-07 15:35:08.798 DEBUG 12456 --- [    Test worker] o.s.b.f.s.DefaultListableBeanFactory     : Autowiring by type from bean name 'standardJacksonObjectMapperBuilderCustomizer' via factory method to bean named 'org.springframework.boot.web.servlet.context.AnnotationConfigServletWebServerApplicationContext@3c1e3314'
?[0m?[0;34m2023-04-07 15:35:08.798 DEBUG 12456 --- [    Test worker] o.s.b.f.s.DefaultListableBeanFactory     : Autowiring by type from bean name 'standardJacksonObjectMapperBuilderCustomizer' via factory method to bean named 'spring.jackson-org.springframework.boot.autoconfigure.jackson.JacksonProperties'
?[0m?[0;34m2023-04-07 15:35:08.799 DEBUG 12456 --- [    Test worker] o.s.b.f.s.DefaultListableBeanFactory     : Autowiring by type from bean name 'jacksonObjectMapperBuilder' via factory method to bean named 'org.springframework.boot.web.servlet.context.AnnotationConfigServletWebServerApplicationContext@3c1e3314'
?[0m?[0;34m2023-04-07 15:35:08.799 DEBUG 12456 --- [    Test worker] o.s.b.f.s.DefaultListableBeanFactory     : Autowiring by type from bean name 'jacksonObjectMapperBuilder' via factory method to bean named 'standardJacksonObjectMapperBuilderCustomizer'
?[0m?[0;34m2023-04-07 15:35:08.805 DEBUG 12456 --- [    Test worker] o.s.b.f.s.DefaultListableBeanFactory     : Creating shared instance of singleton bean 'parameterNamesModule'
?[0m?[0;34m2023-04-07 15:35:08.805 DEBUG 12456 --- [    Test worker] o.s.b.f.s.DefaultListableBeanFactory     : Creating shared instance of singleton bean 'org.springframework.boot.autoconfigure.jackson.JacksonAutoConfiguration$ParameterNamesModuleConfiguration'
?[0m?[0;34m2023-04-07 15:35:08.809 DEBUG 12456 --- [    Test worker] o.s.b.f.s.DefaultListableBeanFactory     : Creating shared instance of singleton bean 'jsonComponentModule'
?[0m?[0;34m2023-04-07 15:35:08.810 DEBUG 12456 --- [    Test worker] o.s.b.f.s.DefaultListableBeanFactory     : Creating shared instance of singleton bean 'org.springframework.boot.autoconfigure.jackson.JacksonAutoConfiguration'
?[0m?[0;34m2023-04-07 15:35:08.814 DEBUG 12456 --- [    Test worker] o.s.b.f.s.DefaultListableBeanFactory     : Creating shared instance of singleton bean 'jacksonGeoModule'
?[0m?[0;34m2023-04-07 15:35:08.815 DEBUG 12456 --- [    Test worker] o.s.b.f.s.DefaultListableBeanFactory     : Creating shared instance of singleton bean 'org.springframework.data.web.config.SpringDataJacksonConfiguration'
?[0m?[0;34m2023-04-07 15:35:08.822 DEBUG 12456 --- [    Test worker] o.s.b.f.s.DefaultListableBeanFactory     : Autowiring by type from bean name 'jacksonObjectMapper' via factory method to bean named 'jacksonObjectMapperBuilder'
?[0m?[0;34m2023-04-07 15:35:08.838 DEBUG 12456 --- [    Test worker] o.s.b.f.s.DefaultListableBeanFactory     : Autowiring by type from bean name 'mappingJackson2HttpMessageConverter' via factory method to bean named 'jacksonObjectMapper'
?[0m?[0;34m2023-04-07 15:35:08.845 DEBUG 12456 --- [    Test worker] o.s.b.f.s.DefaultListableBeanFactory     : Creating shared instance of singleton bean 'sortResolver'
?[0m?[0;34m2023-04-07 15:35:08.847 DEBUG 12456 --- [    Test worker] o.s.b.f.s.DefaultListableBeanFactory     : Creating shared instance of singleton bean 'sortCustomizer'
?[0m?[0;34m2023-04-07 15:35:08.848 DEBUG 12456 --- [    Test worker] o.s.b.f.s.DefaultListableBeanFactory     : Creating shared instance of singleton bean 'org.springframework.boot.autoconfigure.data.web.SpringDataWebAutoConfiguration'
?[0m?[0;34m2023-04-07 15:35:08.848 DEBUG 12456 --- [    Test worker] o.s.b.f.s.DefaultListableBeanFactory     : Creating shared instance of singleton bean 'spring.data.web-org.springframework.boot.autoconfigure.data.web.SpringDataWebProperties'
?[0m?[0;34m2023-04-07 15:35:08.849 DEBUG 12456 --- [    Test worker] o.s.b.f.s.DefaultListableBeanFactory     : Autowiring by type from bean name 'org.springframework.boot.autoconfigure.data.web.SpringDataWebAutoConfiguration' via constructor to bean named 'spring.data.web-org.springframework.boot.autoconfigure.data.web.SpringDataWebProperties'
?[0m?[0;34m2023-04-07 15:35:08.854 DEBUG 12456 --- [    Test worker] o.s.b.f.s.DefaultListableBeanFactory     : Creating shared instance of singleton bean 'pageableResolver'
?[0m?[0;34m2023-04-07 15:35:08.856 DEBUG 12456 --- [    Test worker] o.s.b.f.s.DefaultListableBeanFactory     : Creating shared instance of singleton bean 'pageableCustomizer'
?[0m?[0;34m2023-04-07 15:35:08.861 DEBUG 12456 --- [    Test worker] o.s.b.f.s.DefaultListableBeanFactory     : Creating shared instance of singleton bean 'applicationTaskExecutor'
?[0m?[0;34m2023-04-07 15:35:08.862 DEBUG 12456 --- [    Test worker] o.s.b.f.s.DefaultListableBeanFactory     : Autowiring by type from bean name 'applicationTaskExecutor' via factory method to bean named 'taskExecutorBuilder'
?[0m?[0;34m2023-04-07 15:35:08.866 DEBUG 12456 --- [    Test worker] o.s.s.concurrent.ThreadPoolTaskExecutor  : Initializing ExecutorService 'applicationTaskExecutor'
?[0m?[0;34m2023-04-07 15:35:08.876 DEBUG 12456 --- [    Test worker] s.w.s.m.m.a.RequestMappingHandlerAdapter : ControllerAdvice beans: 0 @ModelAttribute, 0 @InitBinder, 1 RequestBodyAdvice, 1 ResponseBodyAdvice
?[0m?[0;34m2023-04-07 15:35:08.903 DEBUG 12456 --- [    Test worker] o.s.b.f.s.DefaultListableBeanFactory     : Creating shared instance of singleton bean 'requestMappingHandlerMapping'
?[0m?[0;34m2023-04-07 15:35:08.904 DEBUG 12456 --- [    Test worker] o.s.b.f.s.DefaultListableBeanFactory     : Creating shared instance of singleton bean 'mvcResourceUrlProvider'
?[0m?[0;34m2023-04-07 15:35:08.909 DEBUG 12456 --- [    Test worker] o.s.b.f.s.DefaultListableBeanFactory     : Autowiring by type from bean name 'requestMappingHandlerMapping' via factory method to bean named 'mvcContentNegotiationManager'
?[0m?[0;34m2023-04-07 15:35:08.909 DEBUG 12456 --- [    Test worker] o.s.b.f.s.DefaultListableBeanFactory     : Autowiring by type from bean name 'requestMappingHandlerMapping' via factory method to bean named 'mvcConversionService'
?[0m?[0;34m2023-04-07 15:35:08.909 DEBUG 12456 --- [    Test worker] o.s.b.f.s.DefaultListableBeanFactory     : Autowiring by type from bean name 'requestMappingHandlerMapping' via factory method to bean named 'mvcResourceUrlProvider'
?[0m?[0;34m2023-04-07 15:35:08.910 DEBUG 12456 --- [    Test worker] o.s.b.f.s.DefaultListableBeanFactory     : Autowiring by type from bean name 'requestMappingHandlerMapping' via factory method to bean named 'mvcContentNegotiationManager'
?[0m?[0;34m2023-04-07 15:35:08.910 DEBUG 12456 --- [    Test worker] o.s.b.f.s.DefaultListableBeanFactory     : Autowiring by type from bean name 'requestMappingHandlerMapping' via factory method to bean named 'mvcConversionService'
?[0m?[0;34m2023-04-07 15:35:08.910 DEBUG 12456 --- [    Test worker] o.s.b.f.s.DefaultListableBeanFactory     : Autowiring by type from bean name 'requestMappingHandlerMapping' via factory method to bean named 'mvcResourceUrlProvider'
?[0m?[0;34m2023-04-07 15:35:08.949 DEBUG 12456 --- [    Test worker] s.w.s.m.m.a.RequestMappingHandlerMapping : 8 mappings in 'requestMappingHandlerMapping'
?[0m?[0;34m2023-04-07 15:35:08.950 DEBUG 12456 --- [    Test worker] o.s.b.f.s.DefaultListableBeanFactory     : Creating shared instance of singleton bean 'welcomePageHandlerMapping'
?[0m?[0;34m2023-04-07 15:35:08.951 DEBUG 12456 --- [    Test worker] o.s.b.f.s.DefaultListableBeanFactory     : Autowiring by type from bean name 'welcomePageHandlerMapping' via factory method to bean named 'org.springframework.boot.web.servlet.context.AnnotationConfigServletWebServerApplicationContext@3c1e3314'
?[0m?[0;34m2023-04-07 15:35:08.951 DEBUG 12456 --- [    Test worker] o.s.b.f.s.DefaultListableBeanFactory     : Autowiring by type from bean name 'welcomePageHandlerMapping' via factory method to bean named 'mvcConversionService'
?[0m?[0;34m2023-04-07 15:35:08.951 DEBUG 12456 --- [    Test worker] o.s.b.f.s.DefaultListableBeanFactory     : Autowiring by type from bean name 'welcomePageHandlerMapping' via factory method to bean named 'mvcResourceUrlProvider'
?[0m?[0;34m2023-04-07 15:35:08.957 DEBUG 12456 --- [    Test worker] o.s.b.f.s.DefaultListableBeanFactory     : Creating shared instance of singleton bean 'localeResolver'
?[0m?[0;34m2023-04-07 15:35:08.959 DEBUG 12456 --- [    Test worker] o.s.b.f.s.DefaultListableBeanFactory     : Creating shared instance of singleton bean 'themeResolver'
?[0m?[0;34m2023-04-07 15:35:08.961 DEBUG 12456 --- [    Test worker] o.s.b.f.s.DefaultListableBeanFactory     : Creating shared instance of singleton bean 'flashMapManager'
?[0m?[0;34m2023-04-07 15:35:08.963 DEBUG 12456 --- [    Test worker] o.s.b.f.s.DefaultListableBeanFactory     : Creating shared instance of singleton bean 'mvcPatternParser'
?[0m?[0;34m2023-04-07 15:35:08.964 DEBUG 12456 --- [    Test worker] o.s.b.f.s.DefaultListableBeanFactory     : Creating shared instance of singleton bean 'mvcUrlPathHelper'
?[0m?[0;34m2023-04-07 15:35:08.965 DEBUG 12456 --- [    Test worker] o.s.b.f.s.DefaultListableBeanFactory     : Creating shared instance of singleton bean 'mvcPathMatcher'
?[0m?[0;34m2023-04-07 15:35:08.966 DEBUG 12456 --- [    Test worker] o.s.b.f.s.DefaultListableBeanFactory     : Creating shared instance of singleton bean 'viewControllerHandlerMapping'
?[0m?[0;34m2023-04-07 15:35:08.967 DEBUG 12456 --- [    Test worker] o.s.b.f.s.DefaultListableBeanFactory     : Autowiring by type from bean name 'viewControllerHandlerMapping' via factory method to bean named 'mvcConversionService'
?[0m?[0;34m2023-04-07 15:35:08.967 DEBUG 12456 --- [    Test worker] o.s.b.f.s.DefaultListableBeanFactory     : Autowiring by type from bean name 'viewControllerHandlerMapping' via factory method to bean named 'mvcResourceUrlProvider'
?[0m?[0;34m2023-04-07 15:35:08.967 DEBUG 12456 --- [    Test worker] o.s.b.f.s.DefaultListableBeanFactory     : Creating shared instance of singleton bean 'beanNameHandlerMapping'
?[0m?[0;34m2023-04-07 15:35:08.968 DEBUG 12456 --- [    Test worker] o.s.b.f.s.DefaultListableBeanFactory     : Autowiring by type from bean name 'beanNameHandlerMapping' via factory method to bean named 'mvcConversionService'
?[0m?[0;34m2023-04-07 15:35:08.968 DEBUG 12456 --- [    Test worker] o.s.b.f.s.DefaultListableBeanFactory     : Autowiring by type from bean name 'beanNameHandlerMapping' via factory method to bean named 'mvcResourceUrlProvider'
?[0m?[0;34m2023-04-07 15:35:08.971 DEBUG 12456 --- [    Test worker] o.s.b.f.s.DefaultListableBeanFactory     : Creating shared instance of singleton bean 'routerFunctionMapping'
?[0m?[0;34m2023-04-07 15:35:08.972 DEBUG 12456 --- [    Test worker] o.s.b.f.s.DefaultListableBeanFactory     : Autowiring by type from bean name 'routerFunctionMapping' via factory method to bean named 'mvcConversionService'
?[0m?[0;34m2023-04-07 15:35:08.972 DEBUG 12456 --- [    Test worker] o.s.b.f.s.DefaultListableBeanFactory     : Autowiring by type from bean name 'routerFunctionMapping' via factory method to bean named 'mvcResourceUrlProvider'
?[0m?[0;34m2023-04-07 15:35:08.978 DEBUG 12456 --- [    Test worker] o.s.b.f.s.DefaultListableBeanFactory     : Creating shared instance of singleton bean 'resourceHandlerMapping'
?[0m?[0;34m2023-04-07 15:35:08.979 DEBUG 12456 --- [    Test worker] o.s.b.f.s.DefaultListableBeanFactory     : Autowiring by type from bean name 'resourceHandlerMapping' via factory method to bean named 'mvcContentNegotiationManager'
?[0m?[0;34m2023-04-07 15:35:08.979 DEBUG 12456 --- [    Test worker] o.s.b.f.s.DefaultListableBeanFactory     : Autowiring by type from bean name 'resourceHandlerMapping' via factory method to bean named 'mvcConversionService'
?[0m?[0;34m2023-04-07 15:35:08.979 DEBUG 12456 --- [    Test worker] o.s.b.f.s.DefaultListableBeanFactory     : Autowiring by type from bean name 'resourceHandlerMapping' via factory method to bean named 'mvcResourceUrlProvider'
?[0m?[0;34m2023-04-07 15:35:08.995 DEBUG 12456 --- [    Test worker] o.s.w.s.handler.SimpleUrlHandlerMapping  : Patterns [/webjars/**, /**] in 'resourceHandlerMapping'
?[0m?[0;34m2023-04-07 15:35:08.996 DEBUG 12456 --- [    Test worker] o.s.b.f.s.DefaultListableBeanFactory     : Creating shared instance of singleton bean 'defaultServletHandlerMapping'
?[0m?[0;34m2023-04-07 15:35:08.997 DEBUG 12456 --- [    Test worker] o.s.b.f.s.DefaultListableBeanFactory     : Creating shared instance of singleton bean 'handlerFunctionAdapter'
?[0m?[0;34m2023-04-07 15:35:08.999 DEBUG 12456 --- [    Test worker] o.s.b.f.s.DefaultListableBeanFactory     : Creating shared instance of singleton bean 'mvcUriComponentsContributor'
?[0m?[0;34m2023-04-07 15:35:09.001 DEBUG 12456 --- [    Test worker] o.s.b.f.s.DefaultListableBeanFactory     : Autowiring by type from bean name 'mvcUriComponentsContributor' via factory method to bean named 'mvcConversionService'
?[0m?[0;34m2023-04-07 15:35:09.001 DEBUG 12456 --- [    Test worker] o.s.b.f.s.DefaultListableBeanFactory     : Autowiring by type from bean name 'mvcUriComponentsContributor' via factory method to bean named 'requestMappingHandlerAdapter'
?[0m?[0;34m2023-04-07 15:35:09.005 DEBUG 12456 --- [    Test worker] o.s.b.f.s.DefaultListableBeanFactory     : Creating shared instance of singleton bean 'httpRequestHandlerAdapter'
?[0m?[0;34m2023-04-07 15:35:09.006 DEBUG 12456 --- [    Test worker] o.s.b.f.s.DefaultListableBeanFactory     : Creating shared instance of singleton bean 'simpleControllerHandlerAdapter'
?[0m?[0;34m2023-04-07 15:35:09.007 DEBUG 12456 --- [    Test worker] o.s.b.f.s.DefaultListableBeanFactory     : Creating shared instance of singleton bean 'handlerExceptionResolver'
?[0m?[0;34m2023-04-07 15:35:09.007 DEBUG 12456 --- [    Test worker] o.s.b.f.s.DefaultListableBeanFactory     : Autowiring by type from bean name 'handlerExceptionResolver' via factory method to bean named 'mvcContentNegotiationManager'
?[0m?[0;34m2023-04-07 15:35:09.013 DEBUG 12456 --- [    Test worker] .m.m.a.ExceptionHandlerExceptionResolver : ControllerAdvice beans: 1 @ExceptionHandler, 1 ResponseBodyAdvice
?[0m?[0;34m2023-04-07 15:35:09.015 DEBUG 12456 --- [    Test worker] o.s.b.f.s.DefaultListableBeanFactory     : Creating shared instance of singleton bean 'mvcViewResolver'
?[0m?[0;34m2023-04-07 15:35:09.016 DEBUG 12456 --- [    Test worker] o.s.b.f.s.DefaultListableBeanFactory     : Autowiring by type from bean name 'mvcViewResolver' via factory method to bean named 'mvcContentNegotiationManager'
?[0m?[0;34m2023-04-07 15:35:09.020 DEBUG 12456 --- [    Test worker] o.s.b.f.s.DefaultListableBeanFactory     : Creating shared instance of singleton bean 'viewNameTranslator'
?[0m?[0;34m2023-04-07 15:35:09.022 DEBUG 12456 --- [    Test worker] o.s.b.f.s.DefaultListableBeanFactory     : Creating shared instance of singleton bean 'defaultViewResolver'
?[0m?[0;34m2023-04-07 15:35:09.028 DEBUG 12456 --- [    Test worker] o.s.b.f.s.DefaultListableBeanFactory     : Creating shared instance of singleton bean 'viewResolver'
?[0m?[0;34m2023-04-07 15:35:09.029 DEBUG 12456 --- [    Test worker] o.s.b.f.s.DefaultListableBeanFactory     : Autowiring by type from bean name 'viewResolver' via factory method to bean named 'org.springframework.beans.factory.support.DefaultListableBeanFactory@2873d672'
?[0m?[0;34m2023-04-07 15:35:09.031 DEBUG 12456 --- [    Test worker] o.s.b.f.s.DefaultListableBeanFactory     : Creating shared instance of singleton bean 'org.springframework.boot.actuate.autoconfigure.audit.AuditEventsEndpointAutoConfiguration'
?[0m?[0;34m2023-04-07 15:35:09.032 DEBUG 12456 --- [    Test worker] o.s.b.f.s.DefaultListableBeanFactory     : Creating shared instance of singleton bean 'org.springframework.boot.autoconfigure.availability.ApplicationAvailabilityAutoConfiguration'
?[0m?[0;34m2023-04-07 15:35:09.032 DEBUG 12456 --- [    Test worker] o.s.b.f.s.DefaultListableBeanFactory     : Creating shared instance of singleton bean 'applicationAvailability'
?[0m?[0;34m2023-04-07 15:35:09.034 DEBUG 12456 --- [    Test worker] o.s.b.f.s.DefaultListableBeanFactory     : Creating shared instance of singleton bean 'org.springframework.boot.actuate.autoconfigure.availability.AvailabilityHealthContributorAutoConfiguration'
?[0m?[0;34m2023-04-07 15:35:09.036 DEBUG 12456 --- [    Test worker] o.s.b.f.s.DefaultListableBeanFactory     : Creating shared instance of singleton bean 'org.springframework.boot.actuate.autoconfigure.beans.BeansEndpointAutoConfiguration'
?[0m?[0;34m2023-04-07 15:35:09.036 DEBUG 12456 --- [    Test worker] o.s.b.f.s.DefaultListableBeanFactory     : Creating shared instance of singleton bean 'beansEndpoint'
?[0m?[0;34m2023-04-07 15:35:09.037 DEBUG 12456 --- [    Test worker] o.s.b.f.s.DefaultListableBeanFactory     : Autowiring by type from bean name 'beansEndpoint' via factory method to bean named 'org.springframework.boot.web.servlet.context.AnnotationConfigServletWebServerApplicationContext@3c1e3314'
?[0m?[0;34m2023-04-07 15:35:09.039 DEBUG 12456 --- [    Test worker] o.s.b.f.s.DefaultListableBeanFactory     : Creating shared instance of singleton bean 'org.springframework.boot.autoconfigure.transaction.jta.JtaAutoConfiguration'
?[0m?[0;34m2023-04-07 15:35:09.040 DEBUG 12456 --- [    Test worker] o.s.b.f.s.DefaultListableBeanFactory     : Creating shared instance of singleton bean 'org.springframework.boot.autoconfigure.jdbc.DataSourceJmxConfiguration$Hikari'
?[0m?[0;34m2023-04-07 15:35:09.041 DEBUG 12456 --- [    Test worker] o.s.b.f.s.DefaultListableBeanFactory     : Autowiring by type from bean name 'org.springframework.boot.autoconfigure.jdbc.DataSourceJmxConfiguration$Hikari' via constructor to bean named 'dataSource'
?[0m?[0;34m2023-04-07 15:35:09.042 DEBUG 12456 --- [    Test worker] o.s.b.f.s.DefaultListableBeanFactory     : Creating shared instance of singleton bean 'org.springframework.boot.autoconfigure.jdbc.DataSourceJmxConfiguration'
?[0m?[0;34m2023-04-07 15:35:09.043 DEBUG 12456 --- [    Test worker] o.s.b.f.s.DefaultListableBeanFactory     : Creating shared instance of singleton bean 'org.springframework.boot.autoconfigure.jdbc.DataSourceAutoConfiguration$PooledDataSourceConfiguration'
?[0m?[0;34m2023-04-07 15:35:09.043 DEBUG 12456 --- [    Test worker] o.s.b.f.s.DefaultListableBeanFactory     : Creating shared instance of singleton bean 'org.springframework.boot.autoconfigure.jdbc.metadata.DataSourcePoolMetadataProvidersConfiguration'
?[0m?[0;34m2023-04-07 15:35:09.044 DEBUG 12456 --- [    Test worker] o.s.b.f.s.DefaultListableBeanFactory     : Creating shared instance of singleton bean 'org.springframework.boot.autoconfigure.jdbc.DataSourceAutoConfiguration'
?[0m?[0;34m2023-04-07 15:35:09.044 DEBUG 12456 --- [    Test worker] o.s.b.f.s.DefaultListableBeanFactory     : Creating shared instance of singleton bean 'transactionManager'
?[0m?[0;34m2023-04-07 15:35:09.048 DEBUG 12456 --- [    Test worker] o.s.b.f.s.DefaultListableBeanFactory     : Creating shared instance of singleton bean 'platformTransactionManagerCustomizers'
?[0m?[0;34m2023-04-07 15:35:09.048 DEBUG 12456 --- [    Test worker] o.s.b.f.s.DefaultListableBeanFactory     : Creating shared instance of singleton bean 'org.springframework.boot.autoconfigure.transaction.TransactionAutoConfiguration'
?[0m?[0;34m2023-04-07 15:35:09.050 DEBUG 12456 --- [    Test worker] o.s.b.f.s.DefaultListableBeanFactory     : Creating shared instance of singleton bean 'spring.transaction-org.springframework.boot.autoconfigure.transaction.TransactionProperties'
?[0m?[0;34m2023-04-07 15:35:09.057 DEBUG 12456 --- [    Test worker] o.s.b.f.s.DefaultListableBeanFactory     : Creating shared instance of singleton bean 'org.springframework.boot.autoconfigure.orm.jpa.HibernateJpaAutoConfiguration'
?[0m?[0;34m2023-04-07 15:35:09.058 DEBUG 12456 --- [    Test worker] o.s.b.f.s.DefaultListableBeanFactory     : Creating shared instance of singleton bean 'org.springframework.boot.actuate.autoconfigure.cache.CachesEndpointAutoConfiguration'
?[0m?[0;34m2023-04-07 15:35:09.059 DEBUG 12456 --- [    Test worker] o.s.b.f.s.DefaultListableBeanFactory     : Creating shared instance of singleton bean 'cachesEndpoint'
?[0m?[0;34m2023-04-07 15:35:09.064 DEBUG 12456 --- [    Test worker] o.s.b.f.s.DefaultListableBeanFactory     : Creating shared instance of singleton bean 'cachesEndpointWebExtension'
?[0m?[0;34m2023-04-07 15:35:09.066 DEBUG 12456 --- [    Test worker] o.s.b.f.s.DefaultListableBeanFactory     : Autowiring by type from bean name 'cachesEndpointWebExtension' via factory method to bean named 'cachesEndpoint'
?[0m?[0;34m2023-04-07 15:35:09.067 DEBUG 12456 --- [    Test worker] o.s.b.f.s.DefaultListableBeanFactory     : Creating shared instance of singleton bean 'org.springframework.boot.actuate.autoconfigure.web.servlet.ServletManagementContextAutoConfiguration'
?[0m?[0;34m2023-04-07 15:35:09.068 DEBUG 12456 --- [    Test worker] o.s.b.f.s.DefaultListableBeanFactory     : Creating shared instance of singleton bean 'servletWebChildContextFactory'
?[0m?[0;34m2023-04-07 15:35:09.069 DEBUG 12456 --- [    Test worker] o.s.b.f.s.DefaultListableBeanFactory     : Creating shared instance of singleton bean 'managementServletContext'
?[0m?[0;34m2023-04-07 15:35:09.070 DEBUG 12456 --- [    Test worker] o.s.b.f.s.DefaultListableBeanFactory     : Autowiring by type from bean name 'managementServletContext' via factory method to bean named 'management.endpoints.web-org.springframework.boot.actuate.autoconfigure.endpoint.web.WebEndpointProperties'
?[0m?[0;34m2023-04-07 15:35:09.071 DEBUG 12456 --- [    Test worker] o.s.b.f.s.DefaultListableBeanFactory     : Creating shared instance of singleton bean 'org.springframework.boot.actuate.autoconfigure.health.HealthEndpointConfiguration'
?[0m?[0;34m2023-04-07 15:35:09.071 DEBUG 12456 --- [    Test worker] o.s.b.f.s.DefaultListableBeanFactory     : Creating shared instance of singleton bean 'healthStatusAggregator'
?[0m?[0;34m2023-04-07 15:35:09.072 DEBUG 12456 --- [    Test worker] o.s.b.f.s.DefaultListableBeanFactory     : Creating shared instance of singleton bean 'management.endpoint.health-org.springframework.boot.actuate.autoconfigure.health.HealthEndpointProperties'
?[0m?[0;34m2023-04-07 15:35:09.075 DEBUG 12456 --- [    Test worker] o.s.b.f.s.DefaultListableBeanFactory     : Autowiring by type from bean name 'healthStatusAggregator' via factory method to bean named 'management.endpoint.health-org.springframework.boot.actuate.autoconfigure.health.HealthEndpointProperties'
?[0m?[0;34m2023-04-07 15:35:09.077 DEBUG 12456 --- [    Test worker] o.s.b.f.s.DefaultListableBeanFactory     : Creating shared instance of singleton bean 'healthHttpCodeStatusMapper'
?[0m?[0;34m2023-04-07 15:35:09.078 DEBUG 12456 --- [    Test worker] o.s.b.f.s.DefaultListableBeanFactory     : Autowiring by type from bean name 'healthHttpCodeStatusMapper' via factory method to bean named 'management.endpoint.health-org.springframework.boot.actuate.autoconfigure.health.HealthEndpointProperties'
?[0m?[0;34m2023-04-07 15:35:09.079 DEBUG 12456 --- [    Test worker] o.s.b.f.s.DefaultListableBeanFactory     : Creating shared instance of singleton bean 'healthEndpointGroups'
?[0m?[0;34m2023-04-07 15:35:09.080 DEBUG 12456 --- [    Test worker] o.s.b.f.s.DefaultListableBeanFactory     : Autowiring by type from bean name 'healthEndpointGroups' via factory method to bean named 'org.springframework.boot.web.servlet.context.AnnotationConfigServletWebServerApplicationContext@3c1e3314'
?[0m?[0;34m2023-04-07 15:35:09.080 DEBUG 12456 --- [    Test worker] o.s.b.f.s.DefaultListableBeanFactory     : Autowiring by type from bean name 'healthEndpointGroups' via factory method to bean named 'management.endpoint.health-org.springframework.boot.actuate.autoconfigure.health.HealthEndpointProperties'
?[0m?[0;34m2023-04-07 15:35:09.086 DEBUG 12456 --- [    Test worker] o.s.b.f.s.DefaultListableBeanFactory     : Creating shared instance of singleton bean 'healthContributorRegistry'
?[0m?[0;34m2023-04-07 15:35:09.087 DEBUG 12456 --- [    Test worker] o.s.b.f.s.DefaultListableBeanFactory     : Autowiring by type from bean name 'healthContributorRegistry' via factory method to bean named 'org.springframework.boot.web.servlet.context.AnnotationConfigServletWebServerApplicationContext@3c1e3314'
?[0m?[0;34m2023-04-07 15:35:09.087 DEBUG 12456 --- [    Test worker] o.s.b.f.s.DefaultListableBeanFactory     : Autowiring by type from bean name 'healthContributorRegistry' via factory method to bean named 'healthEndpointGroups'
?[0m?[0;34m2023-04-07 15:35:09.088 DEBUG 12456 --- [    Test worker] o.s.b.f.s.DefaultListableBeanFactory     : Creating shared instance of singleton bean 'diskSpaceHealthIndicator'
?[0m?[0;34m2023-04-07 15:35:09.088 DEBUG 12456 --- [    Test worker] o.s.b.f.s.DefaultListableBeanFactory     : Creating shared instance of singleton bean 'org.springframework.boot.actuate.autoconfigure.system.DiskSpaceHealthContributorAutoConfiguration'
?[0m?[0;34m2023-04-07 15:35:09.090 DEBUG 12456 --- [    Test worker] o.s.b.f.s.DefaultListableBeanFactory     : Creating shared instance of singleton bean 'management.health.diskspace-org.springframework.boot.actuate.autoconfigure.system.DiskSpaceHealthIndicatorProperties'
?[0m?[0;34m2023-04-07 15:35:09.091 DEBUG 12456 --- [    Test worker] o.s.b.f.s.DefaultListableBeanFactory     : Autowiring by type from bean name 'diskSpaceHealthIndicator' via factory method to bean named 'management.health.diskspace-org.springframework.boot.actuate.autoconfigure.system.DiskSpaceHealthIndicatorProperties'
?[0m?[0;34m2023-04-07 15:35:09.093 DEBUG 12456 --- [    Test worker] o.s.b.f.s.DefaultListableBeanFactory     : Creating shared instance of singleton bean 'pingHealthContributor'
?[0m?[0;34m2023-04-07 15:35:09.094 DEBUG 12456 --- [    Test worker] o.s.b.f.s.DefaultListableBeanFactory     : Creating shared instance of singleton bean 'org.springframework.boot.actuate.autoconfigure.health.HealthContributorAutoConfiguration'
?[0m?[0;34m2023-04-07 15:35:09.094 DEBUG 12456 --- [    Test worker] o.s.b.f.s.DefaultListableBeanFactory     : Creating shared instance of singleton bean 'dbHealthContributor'
?[0m?[0;34m2023-04-07 15:35:09.095 DEBUG 12456 --- [    Test worker] o.s.b.f.s.DefaultListableBeanFactory     : Creating shared instance of singleton bean 'org.springframework.boot.actuate.autoconfigure.jdbc.DataSourceHealthContributorAutoConfiguration'
?[0m?[0;34m2023-04-07 15:35:09.098 DEBUG 12456 --- [    Test worker] o.s.b.f.s.DefaultListableBeanFactory     : Creating shared instance of singleton bean 'management.health.db-org.springframework.boot.actuate.autoconfigure.jdbc.DataSourceHealthIndicatorProperties'
?[0m?[0;34m2023-04-07 15:35:09.099 DEBUG 12456 --- [    Test worker] o.s.b.f.s.DefaultListableBeanFactory     : Autowiring by type from bean name 'dbHealthContributor' via factory method to bean named 'dataSource'
?[0m?[0;34m2023-04-07 15:35:09.099 DEBUG 12456 --- [    Test worker] o.s.b.f.s.DefaultListableBeanFactory     : Autowiring by type from bean name 'dbHealthContributor' via factory method to bean named 'management.health.db-org.springframework.boot.actuate.autoconfigure.jdbc.DataSourceHealthIndicatorProperties'
?[0m?[0;34m2023-04-07 15:35:09.108 DEBUG 12456 --- [    Test worker] o.s.b.f.s.DefaultListableBeanFactory     : Creating shared instance of singleton bean 'healthEndpoint'
?[0m?[0;34m2023-04-07 15:35:09.109 DEBUG 12456 --- [    Test worker] o.s.b.f.s.DefaultListableBeanFactory     : Autowiring by type from bean name 'healthEndpoint' via factory method to bean named 'healthContributorRegistry'
?[0m?[0;34m2023-04-07 15:35:09.109 DEBUG 12456 --- [    Test worker] o.s.b.f.s.DefaultListableBeanFactory     : Autowiring by type from bean name 'healthEndpoint' via factory method to bean named 'healthEndpointGroups'
?[0m?[0;34m2023-04-07 15:35:09.113 DEBUG 12456 --- [    Test worker] o.s.b.f.s.DefaultListableBeanFactory     : Creating shared instance of singleton bean 'org.springframework.boot.actuate.autoconfigure.health.HealthEndpointWebExtensionConfiguration'
?[0m?[0;34m2023-04-07 15:35:09.114 DEBUG 12456 --- [    Test worker] o.s.b.f.s.DefaultListableBeanFactory     : Creating shared instance of singleton bean 'healthEndpointWebExtension'
?[0m?[0;34m2023-04-07 15:35:09.114 DEBUG 12456 --- [    Test worker] o.s.b.f.s.DefaultListableBeanFactory     : Autowiring by type from bean name 'healthEndpointWebExtension' via factory method to bean named 'healthContributorRegistry'
?[0m?[0;34m2023-04-07 15:35:09.114 DEBUG 12456 --- [    Test worker] o.s.b.f.s.DefaultListableBeanFactory     : Autowiring by type from bean name 'healthEndpointWebExtension' via factory method to bean named 'healthEndpointGroups'
?[0m?[0;34m2023-04-07 15:35:09.115 DEBUG 12456 --- [    Test worker] o.s.b.f.s.DefaultListableBeanFactory     : Creating shared instance of singleton bean 'org.springframework.boot.actuate.autoconfigure.health.HealthEndpointAutoConfiguration'
?[0m?[0;34m2023-04-07 15:35:09.116 DEBUG 12456 --- [    Test worker] o.s.b.f.s.DefaultListableBeanFactory     : Creating shared instance of singleton bean 'org.springframework.boot.autoconfigure.info.ProjectInfoAutoConfiguration'
?[0m?[0;34m2023-04-07 15:35:09.117 DEBUG 12456 --- [    Test worker] o.s.b.f.s.DefaultListableBeanFactory     : Creating shared instance of singleton bean 'spring.info-org.springframework.boot.autoconfigure.info.ProjectInfoProperties'
?[0m?[0;34m2023-04-07 15:35:09.118 DEBUG 12456 --- [    Test worker] o.s.b.f.s.DefaultListableBeanFactory     : Autowiring by type from bean name 'org.springframework.boot.autoconfigure.info.ProjectInfoAutoConfiguration' via constructor to bean named 'spring.info-org.springframework.boot.autoconfigure.info.ProjectInfoProperties'
?[0m?[0;34m2023-04-07 15:35:09.119 DEBUG 12456 --- [    Test worker] o.s.b.f.s.DefaultListableBeanFactory     : Creating shared instance of singleton bean 'org.springframework.boot.actuate.autoconfigure.info.InfoContributorAutoConfiguration'
?[0m?[0;34m2023-04-07 15:35:09.120 DEBUG 12456 --- [    Test worker] o.s.b.f.s.DefaultListableBeanFactory     : Creating shared instance of singleton bean 'envInfoContributor'
?[0m?[0;34m2023-04-07 15:35:09.121 DEBUG 12456 --- [    Test worker] o.s.b.f.s.DefaultListableBeanFactory     : Autowiring by type from bean name 'envInfoContributor' via factory method to bean named 'environment'
?[0m?[0;34m2023-04-07 15:35:09.122 DEBUG 12456 --- [    Test worker] o.s.b.f.s.DefaultListableBeanFactory     : Creating shared instance of singleton bean 'management.info-org.springframework.boot.actuate.autoconfigure.info.InfoContributorProperties'
?[0m?[0;34m2023-04-07 15:35:09.127 DEBUG 12456 --- [    Test worker] o.s.b.f.s.DefaultListableBeanFactory     : Creating shared instance of singleton bean 'org.springframework.boot.actuate.autoconfigure.info.InfoEndpointAutoConfiguration'
?[0m?[0;34m2023-04-07 15:35:09.128 DEBUG 12456 --- [    Test worker] o.s.b.f.s.DefaultListableBeanFactory     : Creating shared instance of singleton bean 'infoEndpoint'
?[0m?[0;34m2023-04-07 15:35:09.129 DEBUG 12456 --- [    Test worker] o.s.b.f.s.DefaultListableBeanFactory     : Creating shared instance of singleton bean 'org.springframework.boot.actuate.autoconfigure.condition.ConditionsReportEndpointAutoConfiguration'
?[0m?[0;34m2023-04-07 15:35:09.130 DEBUG 12456 --- [    Test worker] o.s.b.f.s.DefaultListableBeanFactory     : Creating shared instance of singleton bean 'conditionsReportEndpoint'
?[0m?[0;34m2023-04-07 15:35:09.130 DEBUG 12456 --- [    Test worker] o.s.b.f.s.DefaultListableBeanFactory     : Autowiring by type from bean name 'conditionsReportEndpoint' via factory method to bean named 'org.springframework.boot.web.servlet.context.AnnotationConfigServletWebServerApplicationContext@3c1e3314'
?[0m?[0;34m2023-04-07 15:35:09.131 DEBUG 12456 --- [    Test worker] o.s.b.f.s.DefaultListableBeanFactory     : Creating shared instance of singleton bean 'org.springframework.boot.actuate.autoconfigure.context.ShutdownEndpointAutoConfiguration'
?[0m?[0;34m2023-04-07 15:35:09.131 DEBUG 12456 --- [    Test worker] o.s.b.f.s.DefaultListableBeanFactory     : Creating shared instance of singleton bean 'shutdownEndpoint'
?[0m?[0;34m2023-04-07 15:35:09.133 DEBUG 12456 --- [    Test worker] o.s.b.f.s.DefaultListableBeanFactory     : Creating shared instance of singleton bean 'org.springframework.boot.actuate.autoconfigure.context.properties.ConfigurationPropertiesReportEndpointAutoConfiguration'
?[0m?[0;34m2023-04-07 15:35:09.134 DEBUG 12456 --- [    Test worker] o.s.b.f.s.DefaultListableBeanFactory     : Creating shared instance of singleton bean 'configurationPropertiesReportEndpoint'
?[0m?[0;34m2023-04-07 15:35:09.135 DEBUG 12456 --- [    Test worker] o.s.b.f.s.DefaultListableBeanFactory     : Creating shared instance of singleton bean 'management.endpoint.configprops-org.springframework.boot.actuate.autoconfigure.context.properties.ConfigurationPropertiesReportEndpointProperties'
?[0m?[0;34m2023-04-07 15:35:09.136 DEBUG 12456 --- [    Test worker] o.s.b.f.s.DefaultListableBeanFactory     : Autowiring by type from bean name 'configurationPropertiesReportEndpoint' via factory method to bean named 'management.endpoint.configprops-org.springframework.boot.actuate.autoconfigure.context.properties.ConfigurationPropertiesReportEndpointProperties'
?[0m?[0;34m2023-04-07 15:35:09.141 DEBUG 12456 --- [    Test worker] o.s.b.f.s.DefaultListableBeanFactory     : Creating shared instance of singleton bean 'configurationPropertiesReportEndpointWebExtension'
?[0m?[0;34m2023-04-07 15:35:09.142 DEBUG 12456 --- [    Test worker] o.s.b.f.s.DefaultListableBeanFactory     : Autowiring by type from bean name 'configurationPropertiesReportEndpointWebExtension' via factory method to bean named 'configurationPropertiesReportEndpoint'
?[0m?[0;34m2023-04-07 15:35:09.143 DEBUG 12456 --- [    Test worker] o.s.b.f.s.DefaultListableBeanFactory     : Creating shared instance of singleton bean 'org.springframework.boot.actuate.autoconfigure.endpoint.EndpointAutoConfiguration'
?[0m?[0;34m2023-04-07 15:35:09.144 DEBUG 12456 --- [    Test worker] o.s.b.f.s.DefaultListableBeanFactory     : Creating shared instance of singleton bean 'endpointOperationParameterMapper'
?[0m?[0;34m2023-04-07 15:35:09.146 DEBUG 12456 --- [    Test worker] o.s.b.f.s.DefaultListableBeanFactory     : Creating shared instance of singleton bean 'endpointCachingOperationInvokerAdvisor'
?[0m?[0;34m2023-04-07 15:35:09.147 DEBUG 12456 --- [    Test worker] o.s.b.f.s.DefaultListableBeanFactory     : Autowiring by type from bean name 'endpointCachingOperationInvokerAdvisor' via factory method to bean named 'environment'
?[0m?[0;34m2023-04-07 15:35:09.148 DEBUG 12456 --- [    Test worker] o.s.b.f.s.DefaultListableBeanFactory     : Creating shared instance of singleton bean 'endpointMediaTypes'
?[0m?[0;34m2023-04-07 15:35:09.149 DEBUG 12456 --- [    Test worker] o.s.b.f.s.DefaultListableBeanFactory     : Creating shared instance of singleton bean 'webEndpointDiscoverer'
?[0m?[0;34m2023-04-07 15:35:09.150 DEBUG 12456 --- [    Test worker] o.s.b.f.s.DefaultListableBeanFactory     : Autowiring by type from bean name 'webEndpointDiscoverer' via factory method to bean named 'endpointOperationParameterMapper'
?[0m?[0;34m2023-04-07 15:35:09.151 DEBUG 12456 --- [    Test worker] o.s.b.f.s.DefaultListableBeanFactory     : Autowiring by type from bean name 'webEndpointDiscoverer' via factory method to bean named 'endpointMediaTypes'
?[0m?[0;34m2023-04-07 15:35:09.153 DEBUG 12456 --- [    Test worker] o.s.b.f.s.DefaultListableBeanFactory     : Creating shared instance of singleton bean 'webExposeExcludePropertyEndpointFilter'
?[0m?[0;34m2023-04-07 15:35:09.155 DEBUG 12456 --- [    Test worker] o.s.b.f.s.DefaultListableBeanFactory     : Creating shared instance of singleton bean 'controllerEndpointDiscoverer'
?[0m?[0;34m2023-04-07 15:35:09.156 DEBUG 12456 --- [    Test worker] o.s.b.f.s.DefaultListableBeanFactory     : Creating shared instance of singleton bean 'controllerExposeExcludePropertyEndpointFilter'
?[0m?[0;34m2023-04-07 15:35:09.158 DEBUG 12456 --- [    Test worker] o.s.b.f.s.DefaultListableBeanFactory     : Creating shared instance of singleton bean 'pathMappedEndpoints'
?[0m?[0;34m2023-04-07 15:35:09.159 DEBUG 12456 --- [    Test worker] o.s.b.f.s.DefaultListableBeanFactory     : Autowiring by type from bean name 'pathMappedEndpoints' via factory method to bean named 'servletEndpointDiscoverer'
?[0m?[0;34m2023-04-07 15:35:09.160 DEBUG 12456 --- [    Test worker] o.s.b.f.s.DefaultListableBeanFactory     : Autowiring by type from bean name 'pathMappedEndpoints' via factory method to bean named 'webEndpointDiscoverer'
?[0m?[0;34m2023-04-07 15:35:09.160 DEBUG 12456 --- [    Test worker] o.s.b.f.s.DefaultListableBeanFactory     : Autowiring by type from bean name 'pathMappedEndpoints' via factory method to bean named 'controllerEndpointDiscoverer'
?[0m?[0;34m2023-04-07 15:35:09.168 DEBUG 12456 --- [    Test worker] o.s.b.f.s.DefaultListableBeanFactory     : Creating shared instance of singleton bean 'environmentEndpoint'
?[0m?[0;34m2023-04-07 15:35:09.168 DEBUG 12456 --- [    Test worker] o.s.b.f.s.DefaultListableBeanFactory     : Creating shared instance of singleton bean 'org.springframework.boot.actuate.autoconfigure.env.EnvironmentEndpointAutoConfiguration'
?[0m?[0;34m2023-04-07 15:35:09.169 DEBUG 12456 --- [    Test worker] o.s.b.f.s.DefaultListableBeanFactory     : Creating shared instance of singleton bean 'management.endpoint.env-org.springframework.boot.actuate.autoconfigure.env.EnvironmentEndpointProperties'
?[0m?[0;34m2023-04-07 15:35:09.171 DEBUG 12456 --- [    Test worker] o.s.b.f.s.DefaultListableBeanFactory     : Autowiring by type from bean name 'environmentEndpoint' via factory method to bean named 'environment'
?[0m?[0;34m2023-04-07 15:35:09.171 DEBUG 12456 --- [    Test worker] o.s.b.f.s.DefaultListableBeanFactory     : Autowiring by type from bean name 'environmentEndpoint' via factory method to bean named 'management.endpoint.env-org.springframework.boot.actuate.autoconfigure.env.EnvironmentEndpointProperties'
?[0m?[0;34m2023-04-07 15:35:09.190 DEBUG 12456 --- [    Test worker] o.s.b.f.s.DefaultListableBeanFactory     : Creating shared instance of singleton bean 'environmentEndpointWebExtension'
?[0m?[0;34m2023-04-07 15:35:09.191 DEBUG 12456 --- [    Test worker] o.s.b.f.s.DefaultListableBeanFactory     : Autowiring by type from bean name 'environmentEndpointWebExtension' via factory method to bean named 'environmentEndpoint'
?[0m?[0;34m2023-04-07 15:35:09.193 DEBUG 12456 --- [    Test worker] o.s.b.f.s.DefaultListableBeanFactory     : Creating shared instance of singleton bean 'logFileWebEndpoint'
?[0m?[0;34m2023-04-07 15:35:09.193 DEBUG 12456 --- [    Test worker] o.s.b.f.s.DefaultListableBeanFactory     : Creating shared instance of singleton bean 'org.springframework.boot.actuate.autoconfigure.logging.LogFileWebEndpointAutoConfiguration'
?[0m?[0;34m2023-04-07 15:35:09.195 DEBUG 12456 --- [    Test worker] o.s.b.f.s.DefaultListableBeanFactory     : Creating shared instance of singleton bean 'management.endpoint.logfile-org.springframework.boot.actuate.autoconfigure.logging.LogFileWebEndpointProperties'
?[0m?[0;34m2023-04-07 15:35:09.196 DEBUG 12456 --- [    Test worker] o.s.b.f.s.DefaultListableBeanFactory     : Autowiring by type from bean name 'logFileWebEndpoint' via factory method to bean named 'management.endpoint.logfile-org.springframework.boot.actuate.autoconfigure.logging.LogFileWebEndpointProperties'
?[0m?[0;34m2023-04-07 15:35:09.198 DEBUG 12456 --- [    Test worker] o.s.b.f.s.DefaultListableBeanFactory     : Creating shared instance of singleton bean 'loggersEndpoint'
?[0m?[0;34m2023-04-07 15:35:09.198 DEBUG 12456 --- [    Test worker] o.s.b.f.s.DefaultListableBeanFactory     : Creating shared instance of singleton bean 'org.springframework.boot.actuate.autoconfigure.logging.LoggersEndpointAutoConfiguration'
?[0m?[0;34m2023-04-07 15:35:09.199 DEBUG 12456 --- [    Test worker] o.s.b.f.s.DefaultListableBeanFactory     : Autowiring by type from bean name 'loggersEndpoint' via factory method to bean named 'springBootLoggingSystem'
?[0m?[0;34m2023-04-07 15:35:09.202 DEBUG 12456 --- [    Test worker] o.s.b.f.s.DefaultListableBeanFactory     : Creating shared instance of singleton bean 'heapDumpWebEndpoint'
?[0m?[0;34m2023-04-07 15:35:09.203 DEBUG 12456 --- [    Test worker] o.s.b.f.s.DefaultListableBeanFactory     : Creating shared instance of singleton bean 'org.springframework.boot.actuate.autoconfigure.management.HeapDumpWebEndpointAutoConfiguration'
?[0m?[0;34m2023-04-07 15:35:09.205 DEBUG 12456 --- [    Test worker] o.s.b.f.s.DefaultListableBeanFactory     : Creating shared instance of singleton bean 'dumpEndpoint'
?[0m?[0;34m2023-04-07 15:35:09.206 DEBUG 12456 --- [    Test worker] o.s.b.f.s.DefaultListableBeanFactory     : Creating shared instance of singleton bean 'org.springframework.boot.actuate.autoconfigure.management.ThreadDumpEndpointAutoConfiguration'
?[0m?[0;34m2023-04-07 15:35:09.209 DEBUG 12456 --- [    Test worker] o.s.b.f.s.DefaultListableBeanFactory     : Creating shared instance of singleton bean 'metricsEndpoint'
?[0m?[0;34m2023-04-07 15:35:09.210 DEBUG 12456 --- [    Test worker] o.s.b.f.s.DefaultListableBeanFactory     : Creating shared instance of singleton bean 'org.springframework.boot.actuate.autoconfigure.metrics.MetricsEndpointAutoConfiguration'
?[0m?[0;34m2023-04-07 15:35:09.211 DEBUG 12456 --- [    Test worker] o.s.b.f.s.DefaultListableBeanFactory     : Autowiring by type from bean name 'metricsEndpoint' via factory method to bean named 'simpleMeterRegistry'
?[0m?[0;34m2023-04-07 15:35:09.213 DEBUG 12456 --- [    Test worker] o.s.b.f.s.DefaultListableBeanFactory     : Creating shared instance of singleton bean 'scheduledTasksEndpoint'
?[0m?[0;34m2023-04-07 15:35:09.213 DEBUG 12456 --- [    Test worker] o.s.b.f.s.DefaultListableBeanFactory     : Creating shared instance of singleton bean 'org.springframework.boot.actuate.autoconfigure.scheduling.ScheduledTasksEndpointAutoConfiguration'
?[0m?[0;34m2023-04-07 15:35:09.216 DEBUG 12456 --- [    Test worker] o.s.b.f.s.DefaultListableBeanFactory     : Creating shared instance of singleton bean 'mappingsEndpoint'
?[0m?[0;34m2023-04-07 15:35:09.217 DEBUG 12456 --- [    Test worker] o.s.b.f.s.DefaultListableBeanFactory     : Creating shared instance of singleton bean 'org.springframework.boot.actuate.autoconfigure.web.mappings.MappingsEndpointAutoConfiguration'
?[0m?[0;34m2023-04-07 15:35:09.217 DEBUG 12456 --- [    Test worker] o.s.b.f.s.DefaultListableBeanFactory     : Autowiring by type from bean name 'mappingsEndpoint' via factory method to bean named 'org.springframework.boot.web.servlet.context.AnnotationConfigServletWebServerApplicationContext@3c1e3314'
?[0m?[0;34m2023-04-07 15:35:09.218 DEBUG 12456 --- [    Test worker] o.s.b.f.s.DefaultListableBeanFactory     : Creating shared instance of singleton bean 'dispatcherServletMappingDescriptionProvider'
?[0m?[0;34m2023-04-07 15:35:09.218 DEBUG 12456 --- [    Test worker] o.s.b.f.s.DefaultListableBeanFactory     : Creating shared instance of singleton bean 'org.springframework.boot.actuate.autoconfigure.web.mappings.MappingsEndpointAutoConfiguration$ServletWebConfiguration$SpringMvcConfiguration'
?[0m?[0;34m2023-04-07 15:35:09.220 DEBUG 12456 --- [    Test worker] o.s.b.f.s.DefaultListableBeanFactory     : Creating shared instance of singleton bean 'servletMappingDescriptionProvider'
?[0m?[0;34m2023-04-07 15:35:09.221 DEBUG 12456 --- [    Test worker] o.s.b.f.s.DefaultListableBeanFactory     : Creating shared instance of singleton bean 'org.springframework.boot.actuate.autoconfigure.web.mappings.MappingsEndpointAutoConfiguration$ServletWebConfiguration'
?[0m?[0;34m2023-04-07 15:35:09.222 DEBUG 12456 --- [    Test worker] o.s.b.f.s.DefaultListableBeanFactory     : Creating shared instance of singleton bean 'filterMappingDescriptionProvider'
?[0m?[0;34m2023-04-07 15:35:09.229 DEBUG 12456 --- [    Test worker] o.s.b.f.s.DefaultListableBeanFactory     : Creating shared instance of singleton bean 'org.springframework.boot.actuate.autoconfigure.metrics.CompositeMeterRegistryAutoConfiguration'
?[0m?[0;34m2023-04-07 15:35:09.229 DEBUG 12456 --- [    Test worker] o.s.b.f.s.DefaultListableBeanFactory     : Creating shared instance of singleton bean 'org.springframework.boot.actuate.autoconfigure.metrics.integration.IntegrationMetricsAutoConfiguration'
?[0m?[0;34m2023-04-07 15:35:09.230 DEBUG 12456 --- [    Test worker] o.s.b.f.s.DefaultListableBeanFactory     : Creating shared instance of singleton bean 'org.springframework.boot.actuate.autoconfigure.metrics.jdbc.DataSourcePoolMetricsAutoConfiguration$HikariDataSourceMetricsConfiguration'
?[0m?[0;34m2023-04-07 15:35:09.230 DEBUG 12456 --- [    Test worker] o.s.b.f.s.DefaultListableBeanFactory     : Autowiring by type from bean name 'org.springframework.boot.actuate.autoconfigure.metrics.jdbc.DataSourcePoolMetricsAutoConfiguration$HikariDataSourceMetricsConfiguration' via constructor to bean named 'simpleMeterRegistry'
?[0m?[0;34m2023-04-07 15:35:09.235 DEBUG 12456 --- [    Test worker] o.s.b.f.s.DefaultListableBeanFactory     : Creating shared instance of singleton bean 'org.springframework.boot.actuate.autoconfigure.metrics.jdbc.DataSourcePoolMetricsAutoConfiguration$DataSourcePoolMetadataMetricsConfiguration'
?[0m?[0;34m2023-04-07 15:35:09.240 DEBUG 12456 --- [    Test worker] o.s.b.f.s.DefaultListableBeanFactory     : Creating shared instance of singleton bean 'org.springframework.boot.actuate.autoconfigure.metrics.jdbc.DataSourcePoolMetricsAutoConfiguration'
?[0m?[0;34m2023-04-07 15:35:09.241 DEBUG 12456 --- [    Test worker] o.s.b.f.s.DefaultListableBeanFactory     : Creating shared instance of singleton bean 'org.springframework.boot.autoconfigure.gson.GsonAutoConfiguration'
?[0m?[0;34m2023-04-07 15:35:09.241 DEBUG 12456 --- [    Test worker] o.s.b.f.s.DefaultListableBeanFactory     : Creating shared instance of singleton bean 'gsonBuilder'
?[0m?[0;34m2023-04-07 15:35:09.242 DEBUG 12456 --- [    Test worker] o.s.b.f.s.DefaultListableBeanFactory     : Creating shared instance of singleton bean 'standardGsonBuilderCustomizer'
?[0m?[0;34m2023-04-07 15:35:09.242 DEBUG 12456 --- [    Test worker] o.s.b.f.s.DefaultListableBeanFactory     : Creating shared instance of singleton bean 'spring.gson-org.springframework.boot.autoconfigure.gson.GsonProperties'
?[0m?[0;34m2023-04-07 15:35:09.244 DEBUG 12456 --- [    Test worker] o.s.b.f.s.DefaultListableBeanFactory     : Autowiring by type from bean name 'standardGsonBuilderCustomizer' via factory method to bean named 'spring.gson-org.springframework.boot.autoconfigure.gson.GsonProperties'
?[0m?[0;34m2023-04-07 15:35:09.245 DEBUG 12456 --- [    Test worker] o.s.b.f.s.DefaultListableBeanFactory     : Autowiring by type from bean name 'gsonBuilder' via factory method to bean named 'standardGsonBuilderCustomizer'
?[0m?[0;34m2023-04-07 15:35:09.251 DEBUG 12456 --- [    Test worker] o.s.b.f.s.DefaultListableBeanFactory     : Creating shared instance of singleton bean 'gson'
?[0m?[0;34m2023-04-07 15:35:09.252 DEBUG 12456 --- [    Test worker] o.s.b.f.s.DefaultListableBeanFactory     : Autowiring by type from bean name 'gson' via factory method to bean named 'gsonBuilder'
?[0m?[0;34m2023-04-07 15:35:09.253 DEBUG 12456 --- [    Test worker] o.s.b.f.s.DefaultListableBeanFactory     : Creating shared instance of singleton bean 'org.springframework.boot.autoconfigure.http.JacksonHttpMessageConvertersConfiguration'
?[0m?[0;34m2023-04-07 15:35:09.253 DEBUG 12456 --- [    Test worker] o.s.b.f.s.DefaultListableBeanFactory     : Creating shared instance of singleton bean 'org.springframework.boot.autoconfigure.http.GsonHttpMessageConvertersConfiguration'
?[0m?[0;34m2023-04-07 15:35:09.254 DEBUG 12456 --- [    Test worker] o.s.b.f.s.DefaultListableBeanFactory     : Creating shared instance of singleton bean 'org.springframework.boot.autoconfigure.web.client.RestTemplateAutoConfiguration'
?[0m?[0;34m2023-04-07 15:35:09.254 DEBUG 12456 --- [    Test worker] o.s.b.f.s.DefaultListableBeanFactory     : Creating shared instance of singleton bean 'org.springframework.boot.actuate.autoconfigure.metrics.web.client.RestTemplateMetricsConfiguration'
?[0m?[0;34m2023-04-07 15:35:09.254 DEBUG 12456 --- [    Test worker] o.s.b.f.s.DefaultListableBeanFactory     : Creating shared instance of singleton bean 'restTemplateExchangeTagsProvider'
?[0m?[0;34m2023-04-07 15:35:09.255 DEBUG 12456 --- [    Test worker] o.s.b.f.s.DefaultListableBeanFactory     : Creating shared instance of singleton bean 'metricsRestTemplateCustomizer'
?[0m?[0;34m2023-04-07 15:35:09.256 DEBUG 12456 --- [    Test worker] o.s.b.f.s.DefaultListableBeanFactory     : Autowiring by type from bean name 'metricsRestTemplateCustomizer' via factory method to bean named 'simpleMeterRegistry'
?[0m?[0;34m2023-04-07 15:35:09.256 DEBUG 12456 --- [    Test worker] o.s.b.f.s.DefaultListableBeanFactory     : Autowiring by type from bean name 'metricsRestTemplateCustomizer' via factory method to bean named 'restTemplateExchangeTagsProvider'
?[0m?[0;34m2023-04-07 15:35:09.256 DEBUG 12456 --- [    Test worker] o.s.b.f.s.DefaultListableBeanFactory     : Autowiring by type from bean name 'metricsRestTemplateCustomizer' via factory method to bean named 'management.metrics-org.springframework.boot.actuate.autoconfigure.metrics.MetricsProperties'
?[0m?[0;34m2023-04-07 15:35:09.259 DEBUG 12456 --- [    Test worker] o.s.b.f.s.DefaultListableBeanFactory     : Creating shared instance of singleton bean 'org.springframework.boot.actuate.autoconfigure.metrics.web.tomcat.TomcatMetricsAutoConfiguration'
?[0m?[0;34m2023-04-07 15:35:09.260 DEBUG 12456 --- [    Test worker] o.s.b.f.s.DefaultListableBeanFactory     : Creating shared instance of singleton bean 'tomcatMetricsBinder'
?[0m?[0;34m2023-04-07 15:35:09.260 DEBUG 12456 --- [    Test worker] o.s.b.f.s.DefaultListableBeanFactory     : Autowiring by type from bean name 'tomcatMetricsBinder' via factory method to bean named 'simpleMeterRegistry'
?[0m?[0;34m2023-04-07 15:35:09.261 DEBUG 12456 --- [    Test worker] o.s.b.f.s.DefaultListableBeanFactory     : Creating shared instance of singleton bean 'org.springframework.boot.actuate.autoconfigure.trace.http.HttpTraceEndpointAutoConfiguration'
?[0m?[0;34m2023-04-07 15:35:09.261 DEBUG 12456 --- [    Test worker] o.s.b.f.s.DefaultListableBeanFactory     : Creating shared instance of singleton bean 'org.springframework.boot.autoconfigure.aop.AopAutoConfiguration$AspectJAutoProxyingConfiguration$CglibAutoProxyConfiguration'
?[0m?[0;34m2023-04-07 15:35:09.262 DEBUG 12456 --- [    Test worker] o.s.b.f.s.DefaultListableBeanFactory     : Creating shared instance of singleton bean 'org.springframework.boot.autoconfigure.aop.AopAutoConfiguration$AspectJAutoProxyingConfiguration'
?[0m?[0;34m2023-04-07 15:35:09.262 DEBUG 12456 --- [    Test worker] o.s.b.f.s.DefaultListableBeanFactory     : Creating shared instance of singleton bean 'org.springframework.boot.autoconfigure.aop.AopAutoConfiguration'
?[0m?[0;34m2023-04-07 15:35:09.263 DEBUG 12456 --- [    Test worker] o.s.b.f.s.DefaultListableBeanFactory     : Creating shared instance of singleton bean 'org.springframework.boot.autoconfigure.context.ConfigurationPropertiesAutoConfiguration'
?[0m?[0;34m2023-04-07 15:35:09.263 DEBUG 12456 --- [    Test worker] o.s.b.f.s.DefaultListableBeanFactory     : Creating shared instance of singleton bean 'org.springframework.boot.autoconfigure.context.LifecycleAutoConfiguration'
?[0m?[0;34m2023-04-07 15:35:09.263 DEBUG 12456 --- [    Test worker] o.s.b.f.s.DefaultListableBeanFactory     : Creating shared instance of singleton bean 'lifecycleProcessor'
?[0m?[0;34m2023-04-07 15:35:09.264 DEBUG 12456 --- [    Test worker] o.s.b.f.s.DefaultListableBeanFactory     : Creating shared instance of singleton bean 'spring.lifecycle-org.springframework.boot.autoconfigure.context.LifecycleProperties'
?[0m?[0;34m2023-04-07 15:35:09.265 DEBUG 12456 --- [    Test worker] o.s.b.f.s.DefaultListableBeanFactory     : Autowiring by type from bean name 'lifecycleProcessor' via factory method to bean named 'spring.lifecycle-org.springframework.boot.autoconfigure.context.LifecycleProperties'
?[0m?[0;34m2023-04-07 15:35:09.266 DEBUG 12456 --- [    Test worker] o.s.b.f.s.DefaultListableBeanFactory     : Creating shared instance of singleton bean 'org.springframework.boot.autoconfigure.dao.PersistenceExceptionTranslationAutoConfiguration'
?[0m?[0;34m2023-04-07 15:35:09.266 DEBUG 12456 --- [    Test worker] o.s.b.f.s.DefaultListableBeanFactory     : Creating shared instance of singleton bean 'org.springframework.boot.autoconfigure.data.jpa.JpaRepositoriesAutoConfiguration'
?[0m?[0;34m2023-04-07 15:35:09.267 DEBUG 12456 --- [    Test worker] o.s.b.f.s.DefaultListableBeanFactory     : Creating shared instance of singleton bean 'org.springframework.data.jpa.util.JpaMetamodelCacheCleanup'
?[0m?[0;34m2023-04-07 15:35:09.267 DEBUG 12456 --- [    Test worker] o.s.b.f.s.DefaultListableBeanFactory     : Creating shared instance of singleton bean 'org.springframework.data.jpa.repository.support.JpaEvaluationContextExtension'
?[0m?[0;34m2023-04-07 15:35:09.269 DEBUG 12456 --- [    Test worker] o.s.b.f.s.DefaultListableBeanFactory     : Creating shared instance of singleton bean 'org.springframework.data.web.config.ProjectingArgumentResolverRegistrar'
?[0m?[0;34m2023-04-07 15:35:09.269 DEBUG 12456 --- [    Test worker] o.s.b.f.s.DefaultListableBeanFactory     : Creating shared instance of singleton bean 'org.springframework.boot.autoconfigure.jdbc.JdbcTemplateConfiguration'
?[0m?[0;34m2023-04-07 15:35:09.269 DEBUG 12456 --- [    Test worker] o.s.b.f.s.DefaultListableBeanFactory     : Creating shared instance of singleton bean 'jdbcTemplate'
?[0m?[0;34m2023-04-07 15:35:09.270 DEBUG 12456 --- [    Test worker] o.s.b.f.s.DefaultListableBeanFactory     : Creating shared instance of singleton bean 'spring.jdbc-org.springframework.boot.autoconfigure.jdbc.JdbcProperties'
?[0m?[0;34m2023-04-07 15:35:09.271 DEBUG 12456 --- [    Test worker] o.s.b.f.s.DefaultListableBeanFactory     : Autowiring by type from bean name 'jdbcTemplate' via factory method to bean named 'dataSource'
?[0m?[0;34m2023-04-07 15:35:09.271 DEBUG 12456 --- [    Test worker] o.s.b.f.s.DefaultListableBeanFactory     : Autowiring by type from bean name 'jdbcTemplate' via factory method to bean named 'spring.jdbc-org.springframework.boot.autoconfigure.jdbc.JdbcProperties'
?[0m?[0;34m2023-04-07 15:35:09.277 DEBUG 12456 --- [    Test worker] o.s.b.f.s.DefaultListableBeanFactory     : Creating shared instance of singleton bean 'org.springframework.boot.autoconfigure.jdbc.NamedParameterJdbcTemplateConfiguration'
?[0m?[0;34m2023-04-07 15:35:09.278 DEBUG 12456 --- [    Test worker] o.s.b.f.s.DefaultListableBeanFactory     : Creating shared instance of singleton bean 'namedParameterJdbcTemplate'
?[0m?[0;34m2023-04-07 15:35:09.278 DEBUG 12456 --- [    Test worker] o.s.b.f.s.DefaultListableBeanFactory     : Autowiring by type from bean name 'namedParameterJdbcTemplate' via factory method to bean named 'jdbcTemplate'
?[0m?[0;34m2023-04-07 15:35:09.282 DEBUG 12456 --- [    Test worker] o.s.b.f.s.DefaultListableBeanFactory     : Creating shared instance of singleton bean 'org.springframework.boot.autoconfigure.jdbc.JdbcTemplateAutoConfiguration'
?[0m?[0;34m2023-04-07 15:35:09.282 DEBUG 12456 --- [    Test worker] o.s.b.f.s.DefaultListableBeanFactory     : Creating shared instance of singleton bean 'org.springframework.security.config.annotation.web.configuration.WebSecurityConfiguration'
?[0m?[0;34m2023-04-07 15:35:09.304 DEBUG 12456 --- [    Test worker] o.s.b.f.s.DefaultListableBeanFactory     : Creating shared instance of singleton bean 'autowiredWebSecurityConfigurersIgnoreParents'
?[0m?[0;34m2023-04-07 15:35:09.305 DEBUG 12456 --- [    Test worker] o.s.b.f.s.DefaultListableBeanFactory     : Autowiring by type from bean name 'autowiredWebSecurityConfigurersIgnoreParents' via factory method to bean named 'org.springframework.beans.factory.support.DefaultListableBeanFactory@2873d672'
?[0m?[0;34m2023-04-07 15:35:09.317 DEBUG 12456 --- [    Test worker] o.s.b.f.s.DefaultListableBeanFactory     : Creating shared instance of singleton bean 'delegatingApplicationListener'
?[0m?[0;34m2023-04-07 15:35:09.318 DEBUG 12456 --- [    Test worker] o.s.b.f.s.DefaultListableBeanFactory     : Creating shared instance of singleton bean 'springSecurityFilterChain'
?[0m?[0;34m2023-04-07 15:35:09.324 DEBUG 12456 --- [    Test worker] o.s.b.f.s.DefaultListableBeanFactory     : Creating shared instance of singleton bean 'webSecurityExpressionHandler'
?[0m?[0;34m2023-04-07 15:35:09.324 DEBUG 12456 --- [    Test worker] o.s.b.f.s.DefaultListableBeanFactory     : Creating shared instance of singleton bean 'privilegeEvaluator'
?[0m?[0;34m2023-04-07 15:35:09.325 DEBUG 12456 --- [    Test worker] o.s.b.f.s.DefaultListableBeanFactory     : Creating shared instance of singleton bean 'requestDataValueProcessor'
?[0m?[0;34m2023-04-07 15:35:09.326 DEBUG 12456 --- [    Test worker] o.s.b.f.s.DefaultListableBeanFactory     : Creating shared instance of singleton bean 'org.springframework.boot.autoconfigure.sql.init.SqlInitializationAutoConfiguration'
?[0m?[0;34m2023-04-07 15:35:09.327 DEBUG 12456 --- [    Test worker] o.s.b.f.s.DefaultListableBeanFactory     : Creating shared instance of singleton bean 'org.springframework.boot.autoconfigure.task.TaskSchedulingAutoConfiguration'
?[0m?[0;34m2023-04-07 15:35:09.327 DEBUG 12456 --- [    Test worker] o.s.b.f.s.DefaultListableBeanFactory     : Creating shared instance of singleton bean 'scheduledBeanLazyInitializationExcludeFilter'
?[0m?[0;34m2023-04-07 15:35:09.329 DEBUG 12456 --- [    Test worker] o.s.b.f.s.DefaultListableBeanFactory     : Creating shared instance of singleton bean 'taskSchedulerBuilder'
?[0m?[0;34m2023-04-07 15:35:09.329 DEBUG 12456 --- [    Test worker] o.s.b.f.s.DefaultListableBeanFactory     : Creating shared instance of singleton bean 'spring.task.scheduling-org.springframework.boot.autoconfigure.task.TaskSchedulingProperties'
?[0m?[0;34m2023-04-07 15:35:09.330 DEBUG 12456 --- [    Test worker] o.s.b.f.s.DefaultListableBeanFactory     : Autowiring by type from bean name 'taskSchedulerBuilder' via factory method to bean named 'spring.task.scheduling-org.springframework.boot.autoconfigure.task.TaskSchedulingProperties'
?[0m?[0;34m2023-04-07 15:35:09.332 DEBUG 12456 --- [    Test worker] o.s.b.f.s.DefaultListableBeanFactory     : Creating shared instance of singleton bean 'org.springframework.boot.autoconfigure.jdbc.DataSourceTransactionManagerAutoConfiguration$JdbcTransactionManagerConfiguration'
?[0m?[0;34m2023-04-07 15:35:09.340 DEBUG 12456 --- [    Test worker] o.s.b.f.s.DefaultListableBeanFactory     : Creating shared instance of singleton bean 'org.springframework.boot.autoconfigure.jdbc.DataSourceTransactionManagerAutoConfiguration'
?[0m?[0;34m2023-04-07 15:35:09.340 DEBUG 12456 --- [    Test worker] o.s.b.f.s.DefaultListableBeanFactory     : Creating shared instance of singleton bean 'org.springframework.boot.autoconfigure.transaction.TransactionAutoConfiguration$EnableTransactionManagementConfiguration$CglibAutoProxyConfiguration'
?[0m?[0;34m2023-04-07 15:35:09.341 DEBUG 12456 --- [    Test worker] o.s.b.f.s.DefaultListableBeanFactory     : Creating shared instance of singleton bean 'org.springframework.boot.autoconfigure.transaction.TransactionAutoConfiguration$EnableTransactionManagementConfiguration'
?[0m?[0;34m2023-04-07 15:35:09.341 DEBUG 12456 --- [    Test worker] o.s.b.f.s.DefaultListableBeanFactory     : Creating shared instance of singleton bean 'org.springframework.boot.autoconfigure.transaction.TransactionAutoConfiguration$TransactionTemplateConfiguration'
?[0m?[0;34m2023-04-07 15:35:09.341 DEBUG 12456 --- [    Test worker] o.s.b.f.s.DefaultListableBeanFactory     : Creating shared instance of singleton bean 'transactionTemplate'
?[0m?[0;34m2023-04-07 15:35:09.342 DEBUG 12456 --- [    Test worker] o.s.b.f.s.DefaultListableBeanFactory     : Autowiring by type from bean name 'transactionTemplate' via factory method to bean named 'transactionManager'
?[0m?[0;34m2023-04-07 15:35:09.344 DEBUG 12456 --- [    Test worker] o.s.b.f.s.DefaultListableBeanFactory     : Creating shared instance of singleton bean 'org.springframework.boot.autoconfigure.web.embedded.EmbeddedWebServerFactoryCustomizerAutoConfiguration'
?[0m?[0;34m2023-04-07 15:35:09.345 DEBUG 12456 --- [    Test worker] o.s.b.f.s.DefaultListableBeanFactory     : Creating shared instance of singleton bean 'multipartResolver'
?[0m?[0;34m2023-04-07 15:35:09.346 DEBUG 12456 --- [    Test worker] o.s.b.f.s.DefaultListableBeanFactory     : Creating shared instance of singleton bean 'org.springframework.boot.actuate.autoconfigure.endpoint.web.servlet.WebMvcEndpointManagementContextConfiguration'
?[0m?[0;34m2023-04-07 15:35:09.346 DEBUG 12456 --- [    Test worker] o.s.b.f.s.DefaultListableBeanFactory     : Creating shared instance of singleton bean 'webEndpointServletHandlerMapping'
?[0m?[0;34m2023-04-07 15:35:09.348 DEBUG 12456 --- [    Test worker] o.s.b.f.s.DefaultListableBeanFactory     : Creating shared instance of singleton bean 'management.endpoints.web.cors-org.springframework.boot.actuate.autoconfigure.endpoint.web.CorsEndpointProperties'
?[0m?[0;34m2023-04-07 15:35:09.350 DEBUG 12456 --- [    Test worker] o.s.b.f.s.DefaultListableBeanFactory     : Autowiring by type from bean name 'webEndpointServletHandlerMapping' via factory method to bean named 'webEndpointDiscoverer'
?[0m?[0;34m2023-04-07 15:35:09.350 DEBUG 12456 --- [    Test worker] o.s.b.f.s.DefaultListableBeanFactory     : Autowiring by type from bean name 'webEndpointServletHandlerMapping' via factory method to bean named 'servletEndpointDiscoverer'
?[0m?[0;34m2023-04-07 15:35:09.350 DEBUG 12456 --- [    Test worker] o.s.b.f.s.DefaultListableBeanFactory     : Autowiring by type from bean name 'webEndpointServletHandlerMapping' via factory method to bean named 'controllerEndpointDiscoverer'
?[0m?[0;34m2023-04-07 15:35:09.350 DEBUG 12456 --- [    Test worker] o.s.b.f.s.DefaultListableBeanFactory     : Autowiring by type from bean name 'webEndpointServletHandlerMapping' via factory method to bean named 'endpointMediaTypes'
?[0m?[0;34m2023-04-07 15:35:09.350 DEBUG 12456 --- [    Test worker] o.s.b.f.s.DefaultListableBeanFactory     : Autowiring by type from bean name 'webEndpointServletHandlerMapping' via factory method to bean named 'management.endpoints.web.cors-org.springframework.boot.actuate.autoconfigure.endpoint.web.CorsEndpointProperties'
?[0m?[0;34m2023-04-07 15:35:09.350 DEBUG 12456 --- [    Test worker] o.s.b.f.s.DefaultListableBeanFactory     : Autowiring by type from bean name 'webEndpointServletHandlerMapping' via factory method to bean named 'management.endpoints.web-org.springframework.boot.actuate.autoconfigure.endpoint.web.WebEndpointProperties'
?[0m?[0;34m2023-04-07 15:35:09.350 DEBUG 12456 --- [    Test worker] o.s.b.f.s.DefaultListableBeanFactory     : Autowiring by type from bean name 'webEndpointServletHandlerMapping' via factory method to bean named 'environment'
?[0m?[0;34m2023-04-07 15:35:09.353  INFO 12456 --- [    Test worker] o.s.b.a.e.web.EndpointLinksResolver      : Exposing 15 endpoint(s) beneath base path '/actuator'
?[0m?[0;34m2023-04-07 15:35:09.361 DEBUG 12456 --- [    Test worker] o.s.b.f.s.DefaultListableBeanFactory     : Creating shared instance of singleton bean 'controllerEndpointHandlerMapping'
?[0m?[0;34m2023-04-07 15:35:09.361 DEBUG 12456 --- [    Test worker] o.s.b.f.s.DefaultListableBeanFactory     : Autowiring by type from bean name 'controllerEndpointHandlerMapping' via factory method to bean named 'controllerEndpointDiscoverer'
?[0m?[0;34m2023-04-07 15:35:09.361 DEBUG 12456 --- [    Test worker] o.s.b.f.s.DefaultListableBeanFactory     : Autowiring by type from bean name 'controllerEndpointHandlerMapping' via factory method to bean named 'management.endpoints.web.cors-org.springframework.boot.actuate.autoconfigure.endpoint.web.CorsEndpointProperties'
?[0m?[0;34m2023-04-07 15:35:09.361 DEBUG 12456 --- [    Test worker] o.s.b.f.s.DefaultListableBeanFactory     : Autowiring by type from bean name 'controllerEndpointHandlerMapping' via factory method to bean named 'management.endpoints.web-org.springframework.boot.actuate.autoconfigure.endpoint.web.WebEndpointProperties'
?[0m?[0;34m2023-04-07 15:35:09.364 DEBUG 12456 --- [    Test worker] o.s.b.f.s.DefaultListableBeanFactory     : Creating shared instance of singleton bean 'org.springframework.boot.actuate.autoconfigure.security.servlet.SecurityRequestMatchersManagementContextConfiguration$MvcRequestMatcherConfiguration'
?[0m?[0;34m2023-04-07 15:35:09.364 DEBUG 12456 --- [    Test worker] o.s.b.f.s.DefaultListableBeanFactory     : Creating shared instance of singleton bean 'requestMatcherProvider'
?[0m?[0;34m2023-04-07 15:35:09.364 DEBUG 12456 --- [    Test worker] o.s.b.f.s.DefaultListableBeanFactory     : Autowiring by type from bean name 'requestMatcherProvider' via factory method to bean named 'dispatcherServletRegistration'
?[0m?[0;34m2023-04-07 15:35:09.365 DEBUG 12456 --- [    Test worker] o.s.b.f.s.DefaultListableBeanFactory     : Creating shared instance of singleton bean 'org.springframework.boot.actuate.autoconfigure.security.servlet.SecurityRequestMatchersManagementContextConfiguration'
?[0m?[0;34m2023-04-07 15:35:09.366 DEBUG 12456 --- [    Test worker] o.s.b.f.s.DefaultListableBeanFactory     : Creating shared instance of singleton bean 'org.springframework.boot.actuate.autoconfigure.web.server.ManagementContextAutoConfiguration$SameManagementContextConfiguration$EnableSameManagementContextConfiguration'
?[0m?[0;34m2023-04-07 15:35:09.366 DEBUG 12456 --- [    Test worker] o.s.b.f.s.DefaultListableBeanFactory     : Creating shared instance of singleton bean 'org.springframework.boot.actuate.autoconfigure.web.server.ManagementContextAutoConfiguration$SameManagementContextConfiguration'
?[0m?[0;34m2023-04-07 15:35:09.367 DEBUG 12456 --- [    Test worker] o.s.b.f.s.DefaultListableBeanFactory     : Autowiring by type from bean name 'org.springframework.boot.actuate.autoconfigure.web.server.ManagementContextAutoConfiguration$SameManagementContextConfiguration' via constructor to bean named 'environment'
?[0m?[0;34m2023-04-07 15:35:09.372 DEBUG 12456 --- [    Test worker] o.s.b.f.s.DefaultListableBeanFactory     : Creating shared instance of singleton bean 'org.springframework.boot.actuate.autoconfigure.web.server.ManagementContextAutoConfiguration'
?[0m?[0;34m2023-04-07 15:35:09.373 DEBUG 12456 --- [    Test worker] o.s.b.f.s.DefaultListableBeanFactory     : Creating shared instance of singleton bean 'management.server-org.springframework.boot.actuate.autoconfigure.web.server.ManagementServerProperties'
?[0m?[0;34m2023-04-07 15:35:09.391 DEBUG 12456 --- [    Test worker] o.s.c.support.DefaultLifecycleProcessor  : Starting beans in phase 2147483646
?[0m?[0;34m2023-04-07 15:35:09.409  INFO 12456 --- [    Test worker] o.s.b.w.embedded.tomcat.TomcatWebServer  : Tomcat started on port(s): 8881 (http) with context path ''
?[0m?[0;34m2023-04-07 15:35:09.410 DEBUG 12456 --- [    Test worker] o.s.c.support.DefaultLifecycleProcessor  : Successfully started bean 'webServerStartStop'
?[0m?[0;34m2023-04-07 15:35:09.411 DEBUG 12456 --- [    Test worker] o.s.c.support.DefaultLifecycleProcessor  : Starting beans in phase 2147483647
?[0m?[0;34m2023-04-07 15:35:09.411 DEBUG 12456 --- [    Test worker] o.s.c.support.DefaultLifecycleProcessor  : Successfully started bean 'webServerGracefulShutdown'
?[0m?[0;34m2023-04-07 15:35:09.428 DEBUG 12456 --- [    Test worker] ConditionEvaluationReportLoggingListener : 
?[0m?[0;34m
?[0m?[0;34m
?[0m?[0;34m============================
?[0m?[0;34mCONDITIONS EVALUATION REPORT
?[0m?[0;34m============================
?[0m?[0;34m
?[0m?[0;34m
?[0m?[0;34mPositive matches:
?[0m?[0;34m-----------------
?[0m?[0;34m
?[0m?[0;34m   AopAutoConfiguration matched:
?[0m?[0;34m      - @ConditionalOnProperty (spring.aop.auto=true) matched (OnPropertyCondition)
?[0m?[0;34m
?[0m?[0;34m   AopAutoConfiguration.AspectJAutoProxyingConfiguration matched:
?[0m?[0;34m      - @ConditionalOnClass found required class 'org.aspectj.weaver.Advice' (OnClassCondition)
?[0m?[0;34m
?[0m?[0;34m   AopAutoConfiguration.AspectJAutoProxyingConfiguration.CglibAutoProxyConfiguration matched:
?[0m?[0;34m      - @ConditionalOnProperty (spring.aop.proxy-target-class=true) matched (OnPropertyCondition)
?[0m?[0;34m
?[0m?[0;34m   AuditEventsEndpointAutoConfiguration matched:
?[0m?[0;34m      - @ConditionalOnAvailableEndpoint no property management.endpoint.auditevents.enabled found so using endpoint default; @ConditionalOnAvailableEndpoint marked as exposed by a 'management.endpoints.web.exposure' property (OnAvailableEndpointCondition)
?[0m?[0;34m
?[0m?[0;34m   BeansEndpointAutoConfiguration matched:
?[0m?[0;34m      - @ConditionalOnAvailableEndpoint no property management.endpoint.beans.enabled found so using endpoint default; @ConditionalOnAvailableEndpoint marked as exposed by a 'management.endpoints.web.exposure' property (OnAvailableEndpointCondition)
?[0m?[0;34m
?[0m?[0;34m   BeansEndpointAutoConfiguration#beansEndpoint matched:
?[0m?[0;34m      - @ConditionalOnMissingBean (types: org.springframework.boot.actuate.beans.BeansEndpoint; SearchStrategy: all) did not find any beans (OnBeanCondition)
?[0m?[0;34m
?[0m?[0;34m   CacheMeterBinderProvidersConfiguration matched:
?[0m?[0;34m      - @ConditionalOnClass found required class 'io.micrometer.core.instrument.binder.MeterBinder' (OnClassCondition)
?[0m?[0;34m
?[0m?[0;34m   CachesEndpointAutoConfiguration matched:
?[0m?[0;34m      - @ConditionalOnClass found required class 'org.springframework.cache.CacheManager' (OnClassCondition)
?[0m?[0;34m      - @ConditionalOnAvailableEndpoint no property management.endpoint.caches.enabled found so using endpoint default; @ConditionalOnAvailableEndpoint marked as exposed by a 'management.endpoints.web.exposure' property (OnAvailableEndpointCondition)
?[0m?[0;34m
?[0m?[0;34m   CachesEndpointAutoConfiguration#cachesEndpoint matched:
?[0m?[0;34m      - @ConditionalOnMissingBean (types: org.springframework.boot.actuate.cache.CachesEndpoint; SearchStrategy: all) did not find any beans (OnBeanCondition)
?[0m?[0;34m
?[0m?[0;34m   CachesEndpointAutoConfiguration#cachesEndpointWebExtension matched:
?[0m?[0;34m      - @ConditionalOnBean (types: org.springframework.boot.actuate.cache.CachesEndpoint; SearchStrategy: all) found bean 'cachesEndpoint'; @ConditionalOnMissingBean (types: org.springframework.boot.actuate.cache.CachesEndpointWebExtension; SearchStrategy: all) did not find any beans (OnBeanCondition)
?[0m?[0;34m
?[0m?[0;34m   CompositeMeterRegistryAutoConfiguration matched:
?[0m?[0;34m      - @ConditionalOnClass found required class 'io.micrometer.core.instrument.composite.CompositeMeterRegistry' (OnClassCondition)
?[0m?[0;34m
?[0m?[0;34m   ConditionsReportEndpointAutoConfiguration matched:
?[0m?[0;34m      - @ConditionalOnAvailableEndpoint no property management.endpoint.conditions.enabled found so using endpoint default; @ConditionalOnAvailableEndpoint marked as exposed by a 'management.endpoints.web.exposure' property (OnAvailableEndpointCondition)
?[0m?[0;34m
?[0m?[0;34m   ConditionsReportEndpointAutoConfiguration#conditionsReportEndpoint matched:
?[0m?[0;34m      - @ConditionalOnMissingBean (types: org.springframework.boot.actuate.autoconfigure.condition.ConditionsReportEndpoint; SearchStrategy: current) did not find any beans (OnBeanCondition)
?[0m?[0;34m
?[0m?[0;34m   ConfigurationPropertiesReportEndpointAutoConfiguration matched:
?[0m?[0;34m      - @ConditionalOnAvailableEndpoint no property management.endpoint.configprops.enabled found so using endpoint default; @ConditionalOnAvailableEndpoint marked as exposed by a 'management.endpoints.web.exposure' property (OnAvailableEndpointCondition)
?[0m?[0;34m
?[0m?[0;34m   ConfigurationPropertiesReportEndpointAutoConfiguration#configurationPropertiesReportEndpoint matched:
?[0m?[0;34m      - @ConditionalOnMissingBean (types: org.springframework.boot.actuate.context.properties.ConfigurationPropertiesReportEndpoint; SearchStrategy: all) did not find any beans (OnBeanCondition)
?[0m?[0;34m
?[0m?[0;34m   ConfigurationPropertiesReportEndpointAutoConfiguration#configurationPropertiesReportEndpointWebExtension matched:
?[0m?[0;34m      - @ConditionalOnBean (types: org.springframework.boot.actuate.context.properties.ConfigurationPropertiesReportEndpoint; SearchStrategy: all) found bean 'configurationPropertiesReportEndpoint'; @ConditionalOnMissingBean (types: org.springframework.boot.actuate.context.properties.ConfigurationPropertiesReportEndpointWebExtension; SearchStrategy: all) did not find any beans (OnBeanCondition)
?[0m?[0;34m
?[0m?[0;34m   DataSourceAutoConfiguration matched:
?[0m?[0;34m      - @ConditionalOnClass found required classes 'javax.sql.DataSource', 'org.springframework.jdbc.datasource.embedded.EmbeddedDatabaseType' (OnClassCondition)
?[0m?[0;34m      - @ConditionalOnMissingBean (types: io.r2dbc.spi.ConnectionFactory; SearchStrategy: all) did not find any beans (OnBeanCondition)
?[0m?[0;34m
?[0m?[0;34m   DataSourceAutoConfiguration.PooledDataSourceConfiguration matched:
?[0m?[0;34m      - AnyNestedCondition 1 matched 1 did not; NestedCondition on DataSourceAutoConfiguration.PooledDataSourceCondition.PooledDataSourceAvailable PooledDataSource found supported DataSource; NestedCondition on DataSourceAutoConfiguration.PooledDataSourceCondition.ExplicitType @ConditionalOnProperty (spring.datasource.type) did not find property 'type' (DataSourceAutoConfiguration.PooledDataSourceCondition)
?[0m?[0;34m      - @ConditionalOnMissingBean (types: javax.sql.DataSource,javax.sql.XADataSource; SearchStrategy: all) did not find any beans (OnBeanCondition)
?[0m?[0;34m
?[0m?[0;34m   DataSourceConfiguration.Hikari matched:
?[0m?[0;34m      - @ConditionalOnClass found required class 'com.zaxxer.hikari.HikariDataSource' (OnClassCondition)
?[0m?[0;34m      - @ConditionalOnProperty (spring.datasource.type=com.zaxxer.hikari.HikariDataSource) matched (OnPropertyCondition)
?[0m?[0;34m      - @ConditionalOnMissingBean (types: javax.sql.DataSource; SearchStrategy: all) did not find any beans (OnBeanCondition)
?[0m?[0;34m
?[0m?[0;34m   DataSourceHealthContributorAutoConfiguration matched:
?[0m?[0;34m      - @ConditionalOnClass found required classes 'org.springframework.jdbc.core.JdbcTemplate', 'org.springframework.jdbc.datasource.lookup.AbstractRoutingDataSource' (OnClassCondition)
?[0m?[0;34m      - @ConditionalOnEnabledHealthIndicator management.health.defaults.enabled is considered true (OnEnabledHealthIndicatorCondition)
?[0m?[0;34m      - @ConditionalOnBean (types: javax.sql.DataSource; SearchStrategy: all) found bean 'dataSource' (OnBeanCondition)
?[0m?[0;34m
?[0m?[0;34m   DataSourceHealthContributorAutoConfiguration#dbHealthContributor matched:
?[0m?[0;34m      - @ConditionalOnMissingBean (names: dbHealthIndicator,dbHealthContributor; SearchStrategy: all) did not find any beans (OnBeanCondition)
?[0m?[0;34m
?[0m?[0;34m   DataSourceInitializationConfiguration matched:
?[0m?[0;34m      - @ConditionalOnClass found required class 'org.springframework.jdbc.datasource.init.DatabasePopulator' (OnClassCondition)
?[0m?[0;34m      - @ConditionalOnSingleCandidate (types: javax.sql.DataSource; SearchStrategy: all) found a primary bean from beans 'dataSource'; @ConditionalOnMissingBean (types: org.springframework.boot.sql.init.AbstractScriptDatabaseInitializer; SearchStrategy: all) did not find any beans (OnBeanCondition)
?[0m?[0;34m
?[0m?[0;34m   DataSourceJmxConfiguration matched:
?[0m?[0;34m      - @ConditionalOnProperty (spring.jmx.enabled=true) matched (OnPropertyCondition)
?[0m?[0;34m
?[0m?[0;34m   DataSourceJmxConfiguration.Hikari matched:
?[0m?[0;34m      - @ConditionalOnClass found required class 'com.zaxxer.hikari.HikariDataSource' (OnClassCondition)
?[0m?[0;34m      - @ConditionalOnSingleCandidate (types: javax.sql.DataSource; SearchStrategy: all) found a primary bean from beans 'dataSource' (OnBeanCondition)
?[0m?[0;34m
?[0m?[0;34m   DataSourcePoolMetadataProvidersConfiguration.HikariPoolDataSourceMetadataProviderConfiguration matched:
?[0m?[0;34m      - @ConditionalOnClass found required class 'com.zaxxer.hikari.HikariDataSource' (OnClassCondition)
?[0m?[0;34m
?[0m?[0;34m   DataSourcePoolMetricsAutoConfiguration matched:
?[0m?[0;34m      - @ConditionalOnClass found required classes 'javax.sql.DataSource', 'io.micrometer.core.instrument.MeterRegistry' (OnClassCondition)
?[0m?[0;34m      - @ConditionalOnBean (types: javax.sql.DataSource,io.micrometer.core.instrument.MeterRegistry; SearchStrategy: all) found beans 'simpleMeterRegistry', 'dataSource' (OnBeanCondition)
?[0m?[0;34m
?[0m?[0;34m   DataSourcePoolMetricsAutoConfiguration.DataSourcePoolMetadataMetricsConfiguration matched:
?[0m?[0;34m      - @ConditionalOnBean (types: org.springframework.boot.jdbc.metadata.DataSourcePoolMetadataProvider; SearchStrategy: all) found bean 'hikariPoolDataSourceMetadataProvider' (OnBeanCondition)
?[0m?[0;34m
?[0m?[0;34m   DataSourcePoolMetricsAutoConfiguration.HikariDataSourceMetricsConfiguration matched:
?[0m?[0;34m      - @ConditionalOnClass found required class 'com.zaxxer.hikari.HikariDataSource' (OnClassCondition)
?[0m?[0;34m
?[0m?[0;34m   DataSourceTransactionManagerAutoConfiguration matched:
?[0m?[0;34m      - @ConditionalOnClass found required classes 'org.springframework.jdbc.core.JdbcTemplate', 'org.springframework.transaction.TransactionManager' (OnClassCondition)
?[0m?[0;34m
?[0m?[0;34m   DataSourceTransactionManagerAutoConfiguration.JdbcTransactionManagerConfiguration matched:
?[0m?[0;34m      - @ConditionalOnSingleCandidate (types: javax.sql.DataSource; SearchStrategy: all) found a primary bean from beans 'dataSource' (OnBeanCondition)
?[0m?[0;34m
?[0m?[0;34m   DiskSpaceHealthContributorAutoConfiguration matched:
?[0m?[0;34m      - @ConditionalOnEnabledHealthIndicator management.health.defaults.enabled is considered true (OnEnabledHealthIndicatorCondition)
?[0m?[0;34m
?[0m?[0;34m   DiskSpaceHealthContributorAutoConfiguration#diskSpaceHealthIndicator matched:
?[0m?[0;34m      - @ConditionalOnMissingBean (names: diskSpaceHealthIndicator; SearchStrategy: all) did not find any beans (OnBeanCondition)
?[0m?[0;34m
?[0m?[0;34m   DispatcherServletAutoConfiguration matched:
?[0m?[0;34m      - @ConditionalOnClass found required class 'org.springframework.web.servlet.DispatcherServlet' (OnClassCondition)
?[0m?[0;34m      - found 'session' scope (OnWebApplicationCondition)
?[0m?[0;34m
?[0m?[0;34m   DispatcherServletAutoConfiguration.DispatcherServletConfiguration matched:
?[0m?[0;34m      - @ConditionalOnClass found required class 'javax.servlet.ServletRegistration' (OnClassCondition)
?[0m?[0;34m      - Default DispatcherServlet did not find dispatcher servlet beans (DispatcherServletAutoConfiguration.DefaultDispatcherServletCondition)
?[0m?[0;34m
?[0m?[0;34m   DispatcherServletAutoConfiguration.DispatcherServletRegistrationConfiguration matched:
?[0m?[0;34m      - @ConditionalOnClass found required class 'javax.servlet.ServletRegistration' (OnClassCondition)
?[0m?[0;34m      - DispatcherServlet Registration did not find servlet registration bean (DispatcherServletAutoConfiguration.DispatcherServletRegistrationCondition)
?[0m?[0;34m
?[0m?[0;34m   DispatcherServletAutoConfiguration.DispatcherServletRegistrationConfiguration#dispatcherServletRegistration matched:
?[0m?[0;34m      - @ConditionalOnBean (names: dispatcherServlet types: org.springframework.web.servlet.DispatcherServlet; SearchStrategy: all) found bean 'dispatcherServlet' (OnBeanCondition)
?[0m?[0;34m
?[0m?[0;34m   EmbeddedWebServerFactoryCustomizerAutoConfiguration matched:
?[0m?[0;34m      - @ConditionalOnWebApplication (required) found 'session' scope (OnWebApplicationCondition)
?[0m?[0;34m
?[0m?[0;34m   EmbeddedWebServerFactoryCustomizerAutoConfiguration.TomcatWebServerFactoryCustomizerConfiguration matched:
?[0m?[0;34m      - @ConditionalOnClass found required classes 'org.apache.catalina.startup.Tomcat', 'org.apache.coyote.UpgradeProtocol' (OnClassCondition)
?[0m?[0;34m
?[0m?[0;34m   EndpointAutoConfiguration#endpointCachingOperationInvokerAdvisor matched:
?[0m?[0;34m      - @ConditionalOnMissingBean (types: org.springframework.boot.actuate.endpoint.invoker.cache.CachingOperationInvokerAdvisor; SearchStrategy: all) did not find any beans (OnBeanCondition)
?[0m?[0;34m
?[0m?[0;34m   EndpointAutoConfiguration#endpointOperationParameterMapper matched:
?[0m?[0;34m      - @ConditionalOnMissingBean (types: org.springframework.boot.actuate.endpoint.invoke.ParameterValueMapper; SearchStrategy: all) did not find any beans (OnBeanCondition)
?[0m?[0;34m
?[0m?[0;34m   EnvironmentEndpointAutoConfiguration matched:
?[0m?[0;34m      - @ConditionalOnAvailableEndpoint no property management.endpoint.env.enabled found so using endpoint default; @ConditionalOnAvailableEndpoint marked as exposed by a 'management.endpoints.web.exposure' property (OnAvailableEndpointCondition)
?[0m?[0;34m
?[0m?[0;34m   EnvironmentEndpointAutoConfiguration#environmentEndpoint matched:
?[0m?[0;34m      - @ConditionalOnMissingBean (types: org.springframework.boot.actuate.env.EnvironmentEndpoint; SearchStrategy: all) did not find any beans (OnBeanCondition)
?[0m?[0;34m
?[0m?[0;34m   EnvironmentEndpointAutoConfiguration#environmentEndpointWebExtension matched:
?[0m?[0;34m      - @ConditionalOnBean (types: org.springframework.boot.actuate.env.EnvironmentEndpoint; SearchStrategy: all) found bean 'environmentEndpoint'; @ConditionalOnMissingBean (types: org.springframework.boot.actuate.env.EnvironmentEndpointWebExtension; SearchStrategy: all) did not find any beans (OnBeanCondition)
?[0m?[0;34m
?[0m?[0;34m   ErrorMvcAutoConfiguration matched:
?[0m?[0;34m      - @ConditionalOnClass found required classes 'javax.servlet.Servlet', 'org.springframework.web.servlet.DispatcherServlet' (OnClassCondition)
?[0m?[0;34m      - found 'session' scope (OnWebApplicationCondition)
?[0m?[0;34m
?[0m?[0;34m   ErrorMvcAutoConfiguration#basicErrorController matched:
?[0m?[0;34m      - @ConditionalOnMissingBean (types: org.springframework.boot.web.servlet.error.ErrorController; SearchStrategy: current) did not find any beans (OnBeanCondition)
?[0m?[0;34m
?[0m?[0;34m   ErrorMvcAutoConfiguration#errorAttributes matched:
?[0m?[0;34m      - @ConditionalOnMissingBean (types: org.springframework.boot.web.servlet.error.ErrorAttributes; SearchStrategy: current) did not find any beans (OnBeanCondition)
?[0m?[0;34m
?[0m?[0;34m   ErrorMvcAutoConfiguration.DefaultErrorViewResolverConfiguration#conventionErrorViewResolver matched:
?[0m?[0;34m      - @ConditionalOnBean (types: org.springframework.web.servlet.DispatcherServlet; SearchStrategy: all) found bean 'dispatcherServlet'; @ConditionalOnMissingBean (types: org.springframework.boot.autoconfigure.web.servlet.error.ErrorViewResolver; SearchStrategy: all) did not find any beans (OnBeanCondition)
?[0m?[0;34m
?[0m?[0;34m   ErrorMvcAutoConfiguration.WhitelabelErrorViewConfiguration matched:
?[0m?[0;34m      - @ConditionalOnProperty (server.error.whitelabel.enabled) matched (OnPropertyCondition)
?[0m?[0;34m      - ErrorTemplate Missing did not find error template view (ErrorMvcAutoConfiguration.ErrorTemplateMissingCondition)
?[0m?[0;34m
?[0m?[0;34m   ErrorMvcAutoConfiguration.WhitelabelErrorViewConfiguration#beanNameViewResolver matched:
?[0m?[0;34m      - @ConditionalOnMissingBean (types: org.springframework.web.servlet.view.BeanNameViewResolver; SearchStrategy: all) did not find any beans (OnBeanCondition)
?[0m?[0;34m
?[0m?[0;34m   ErrorMvcAutoConfiguration.WhitelabelErrorViewConfiguration#defaultErrorView matched:
?[0m?[0;34m      - @ConditionalOnMissingBean (names: error; SearchStrategy: all) did not find any beans (OnBeanCondition)
?[0m?[0;34m
?[0m?[0;34m   GenericCacheConfiguration matched:
?[0m?[0;34m      - Cache org.springframework.boot.autoconfigure.cache.GenericCacheConfiguration automatic cache type (CacheCondition)
?[0m?[0;34m
?[0m?[0;34m   GsonAutoConfiguration matched:
?[0m?[0;34m      - @ConditionalOnClass found required class 'com.google.gson.Gson' (OnClassCondition)
?[0m?[0;34m
?[0m?[0;34m   GsonAutoConfiguration#gson matched:
?[0m?[0;34m      - @ConditionalOnMissingBean (types: com.google.gson.Gson; SearchStrategy: all) did not find any beans (OnBeanCondition)
?[0m?[0;34m
?[0m?[0;34m   GsonAutoConfiguration#gsonBuilder matched:
?[0m?[0;34m      - @ConditionalOnMissingBean (types: com.google.gson.GsonBuilder; SearchStrategy: all) did not find any beans (OnBeanCondition)
?[0m?[0;34m
?[0m?[0;34m   GsonHttpMessageConvertersConfiguration matched:
?[0m?[0;34m      - @ConditionalOnClass found required class 'com.google.gson.Gson' (OnClassCondition)
?[0m?[0;34m
?[0m?[0;34m   H2ConsoleAutoConfiguration matched:
?[0m?[0;34m      - @ConditionalOnClass found required class 'org.h2.server.web.WebServlet' (OnClassCondition)
?[0m?[0;34m      - found 'session' scope (OnWebApplicationCondition)
?[0m?[0;34m      - @ConditionalOnProperty (spring.h2.console.enabled=true) matched (OnPropertyCondition)
?[0m?[0;34m
?[0m?[0;34m   HealthContributorAutoConfiguration#pingHealthContributor matched:
?[0m?[0;34m      - @ConditionalOnEnabledHealthIndicator management.health.defaults.enabled is considered true (OnEnabledHealthIndicatorCondition)
?[0m?[0;34m
?[0m?[0;34m   HealthEndpointAutoConfiguration matched:
?[0m?[0;34m      - @ConditionalOnAvailableEndpoint no property management.endpoint.health.enabled found so using endpoint default; @ConditionalOnAvailableEndpoint marked as exposed by a 'management.endpoints.web.exposure' property (OnAvailableEndpointCondition)
?[0m?[0;34m
?[0m?[0;34m   HealthEndpointConfiguration#healthContributorRegistry matched:
?[0m?[0;34m      - @ConditionalOnMissingBean (types: org.springframework.boot.actuate.health.HealthContributorRegistry; SearchStrategy: all) did not find any beans (OnBeanCondition)
?[0m?[0;34m
?[0m?[0;34m   HealthEndpointConfiguration#healthEndpoint matched:
?[0m?[0;34m      - @ConditionalOnMissingBean (types: org.springframework.boot.actuate.health.HealthEndpoint; SearchStrategy: all) did not find any beans (OnBeanCondition)
?[0m?[0;34m
?[0m?[0;34m   HealthEndpointConfiguration#healthEndpointGroups matched:
?[0m?[0;34m      - @ConditionalOnMissingBean (types: org.springframework.boot.actuate.health.HealthEndpointGroups; SearchStrategy: all) did not find any beans (OnBeanCondition)
?[0m?[0;34m
?[0m?[0;34m   HealthEndpointConfiguration#healthHttpCodeStatusMapper matched:
?[0m?[0;34m      - @ConditionalOnMissingBean (types: org.springframework.boot.actuate.health.HttpCodeStatusMapper; SearchStrategy: all) did not find any beans (OnBeanCondition)
?[0m?[0;34m
?[0m?[0;34m   HealthEndpointConfiguration#healthStatusAggregator matched:
?[0m?[0;34m      - @ConditionalOnMissingBean (types: org.springframework.boot.actuate.health.StatusAggregator; SearchStrategy: all) did not find any beans (OnBeanCondition)
?[0m?[0;34m
?[0m?[0;34m   HealthEndpointWebExtensionConfiguration matched:
?[0m?[0;34m      - found 'session' scope (OnWebApplicationCondition)
?[0m?[0;34m      - @ConditionalOnBean (types: org.springframework.boot.actuate.health.HealthEndpoint; SearchStrategy: all) found bean 'healthEndpoint' (OnBeanCondition)
?[0m?[0;34m
?[0m?[0;34m   HealthEndpointWebExtensionConfiguration#healthEndpointWebExtension matched:
?[0m?[0;34m      - @ConditionalOnBean (types: org.springframework.boot.actuate.health.HealthEndpoint; SearchStrategy: all) found bean 'healthEndpoint'; @ConditionalOnMissingBean (types: org.springframework.boot.actuate.health.HealthEndpointWebExtension; SearchStrategy: all) did not find any beans (OnBeanCondition)
?[0m?[0;34m
?[0m?[0;34m   HeapDumpWebEndpointAutoConfiguration matched:
?[0m?[0;34m      - @ConditionalOnAvailableEndpoint no property management.endpoint.heapdump.enabled found so using endpoint default; @ConditionalOnAvailableEndpoint marked as exposed by a 'management.endpoints.web.exposure' property (OnAvailableEndpointCondition)
?[0m?[0;34m
?[0m?[0;34m   HeapDumpWebEndpointAutoConfiguration#heapDumpWebEndpoint matched:
?[0m?[0;34m      - @ConditionalOnMissingBean (types: org.springframework.boot.actuate.management.HeapDumpWebEndpoint; SearchStrategy: all) did not find any beans (OnBeanCondition)
?[0m?[0;34m
?[0m?[0;34m   HibernateJpaAutoConfiguration matched:
?[0m?[0;34m      - @ConditionalOnClass found required classes 'org.springframework.orm.jpa.LocalContainerEntityManagerFactoryBean', 'javax.persistence.EntityManager', 'org.hibernate.engine.spi.SessionImplementor' (OnClassCondition)
?[0m?[0;34m
?[0m?[0;34m   HibernateJpaConfiguration matched:
?[0m?[0;34m      - @ConditionalOnSingleCandidate (types: javax.sql.DataSource; SearchStrategy: all) found a primary bean from beans 'dataSource' (OnBeanCondition)
?[0m?[0;34m
?[0m?[0;34m   HttpClientMetricsAutoConfiguration matched:
?[0m?[0;34m      - @ConditionalOnClass found required class 'io.micrometer.core.instrument.MeterRegistry' (OnClassCondition)
?[0m?[0;34m      - @ConditionalOnBean (types: io.micrometer.core.instrument.MeterRegistry; SearchStrategy: all) found bean 'simpleMeterRegistry' (OnBeanCondition)
?[0m?[0;34m
?[0m?[0;34m   HttpEncodingAutoConfiguration matched:
?[0m?[0;34m      - @ConditionalOnClass found required class 'org.springframework.web.filter.CharacterEncodingFilter' (OnClassCondition)
?[0m?[0;34m      - found 'session' scope (OnWebApplicationCondition)
?[0m?[0;34m      - @ConditionalOnProperty (server.servlet.encoding.enabled) matched (OnPropertyCondition)
?[0m?[0;34m
?[0m?[0;34m   HttpEncodingAutoConfiguration#characterEncodingFilter matched:
?[0m?[0;34m      - @ConditionalOnMissingBean (types: org.springframework.web.filter.CharacterEncodingFilter; SearchStrategy: all) did not find any beans (OnBeanCondition)
?[0m?[0;34m
?[0m?[0;34m   HttpMessageConvertersAutoConfiguration matched:
?[0m?[0;34m      - @ConditionalOnClass found required class 'org.springframework.http.converter.HttpMessageConverter' (OnClassCondition)
?[0m?[0;34m      - NoneNestedConditions 0 matched 1 did not; NestedCondition on HttpMessageConvertersAutoConfiguration.NotReactiveWebApplicationCondition.ReactiveWebApplication did not find reactive web application classes (HttpMessageConvertersAutoConfiguration.NotReactiveWebApplicationCondition)
?[0m?[0;34m
?[0m?[0;34m   HttpMessageConvertersAutoConfiguration#messageConverters matched:
?[0m?[0;34m      - @ConditionalOnMissingBean (types: org.springframework.boot.autoconfigure.http.HttpMessageConverters; SearchStrategy: all) did not find any beans (OnBeanCondition)
?[0m?[0;34m
?[0m?[0;34m   HttpMessageConvertersAutoConfiguration.StringHttpMessageConverterConfiguration matched:
?[0m?[0;34m      - @ConditionalOnClass found required class 'org.springframework.http.converter.StringHttpMessageConverter' (OnClassCondition)
?[0m?[0;34m
?[0m?[0;34m   HttpMessageConvertersAutoConfiguration.StringHttpMessageConverterConfiguration#stringHttpMessageConverter matched:
?[0m?[0;34m      - @ConditionalOnMissingBean (types: org.springframework.http.converter.StringHttpMessageConverter; SearchStrategy: all) did not find any beans (OnBeanCondition)
?[0m?[0;34m
?[0m?[0;34m   HttpTraceEndpointAutoConfiguration matched:
?[0m?[0;34m      - @ConditionalOnAvailableEndpoint no property management.endpoint.httptrace.enabled found so using endpoint default; @ConditionalOnAvailableEndpoint marked as exposed by a 'management.endpoints.web.exposure' property (OnAvailableEndpointCondition)
?[0m?[0;34m
?[0m?[0;34m   InfoContributorAutoConfiguration#envInfoContributor matched:
?[0m?[0;34m      - @ConditionalOnEnabledInfoContributor management.info.defaults.enabled is considered true (OnEnabledInfoContributorCondition)
?[0m?[0;34m
?[0m?[0;34m   InfoEndpointAutoConfiguration matched:
?[0m?[0;34m      - @ConditionalOnAvailableEndpoint no property management.endpoint.info.enabled found so using endpoint default; @ConditionalOnAvailableEndpoint marked as exposed by a 'management.endpoints.web.exposure' property (OnAvailableEndpointCondition)
?[0m?[0;34m
?[0m?[0;34m   InfoEndpointAutoConfiguration#infoEndpoint matched:
?[0m?[0;34m      - @ConditionalOnMissingBean (types: org.springframework.boot.actuate.info.InfoEndpoint; SearchStrategy: all) did not find any beans (OnBeanCondition)
?[0m?[0;34m
?[0m?[0;34m   JacksonAutoConfiguration matched:
?[0m?[0;34m      - @ConditionalOnClass found required class 'com.fasterxml.jackson.databind.ObjectMapper' (OnClassCondition)
?[0m?[0;34m
?[0m?[0;34m   JacksonAutoConfiguration.Jackson2ObjectMapperBuilderCustomizerConfiguration matched:
?[0m?[0;34m      - @ConditionalOnClass found required class 'org.springframework.http.converter.json.Jackson2ObjectMapperBuilder' (OnClassCondition)
?[0m?[0;34m
?[0m?[0;34m   JacksonAutoConfiguration.JacksonObjectMapperBuilderConfiguration matched:
?[0m?[0;34m      - @ConditionalOnClass found required class 'org.springframework.http.converter.json.Jackson2ObjectMapperBuilder' (OnClassCondition)
?[0m?[0;34m
?[0m?[0;34m   JacksonAutoConfiguration.JacksonObjectMapperBuilderConfiguration#jacksonObjectMapperBuilder matched:
?[0m?[0;34m      - @ConditionalOnMissingBean (types: org.springframework.http.converter.json.Jackson2ObjectMapperBuilder; SearchStrategy: all) did not find any beans (OnBeanCondition)
?[0m?[0;34m
?[0m?[0;34m   JacksonAutoConfiguration.JacksonObjectMapperConfiguration matched:
?[0m?[0;34m      - @ConditionalOnClass found required class 'org.springframework.http.converter.json.Jackson2ObjectMapperBuilder' (OnClassCondition)
?[0m?[0;34m
?[0m?[0;34m   JacksonAutoConfiguration.JacksonObjectMapperConfiguration#jacksonObjectMapper matched:
?[0m?[0;34m      - @ConditionalOnMissingBean (types: com.fasterxml.jackson.databind.ObjectMapper; SearchStrategy: all) did not find any beans (OnBeanCondition)
?[0m?[0;34m
?[0m?[0;34m   JacksonAutoConfiguration.ParameterNamesModuleConfiguration matched:
?[0m?[0;34m      - @ConditionalOnClass found required class 'com.fasterxml.jackson.module.paramnames.ParameterNamesModule' (OnClassCondition)
?[0m?[0;34m
?[0m?[0;34m   JacksonAutoConfiguration.ParameterNamesModuleConfiguration#parameterNamesModule matched:
?[0m?[0;34m      - @ConditionalOnMissingBean (types: com.fasterxml.jackson.module.paramnames.ParameterNamesModule; SearchStrategy: all) did not find any beans (OnBeanCondition)
?[0m?[0;34m
?[0m?[0;34m   JacksonHttpMessageConvertersConfiguration.MappingJackson2HttpMessageConverterConfiguration matched:
?[0m?[0;34m      - @ConditionalOnClass found required class 'com.fasterxml.jackson.databind.ObjectMapper' (OnClassCondition)
?[0m?[0;34m      - @ConditionalOnProperty (spring.mvc.converters.preferred-json-mapper=jackson) matched (OnPropertyCondition)
?[0m?[0;34m      - @ConditionalOnBean (types: com.fasterxml.jackson.databind.ObjectMapper; SearchStrategy: all) found bean 'jacksonObjectMapper' (OnBeanCondition)
?[0m?[0;34m
?[0m?[0;34m   JacksonHttpMessageConvertersConfiguration.MappingJackson2HttpMessageConverterConfiguration#mappingJackson2HttpMessageConverter matched:
?[0m?[0;34m      - @ConditionalOnMissingBean (types: org.springframework.http.converter.json.MappingJackson2HttpMessageConverter ignored: org.springframework.hateoas.server.mvc.TypeConstrainedMappingJackson2HttpMessageConverter,org.springframework.data.rest.webmvc.alps.AlpsJsonHttpMessageConverter; SearchStrategy: all) did not find any beans (OnBeanCondition)
?[0m?[0;34m
?[0m?[0;34m   JdbcTemplateAutoConfiguration matched:
?[0m?[0;34m      - @ConditionalOnClass found required classes 'javax.sql.DataSource', 'org.springframework.jdbc.core.JdbcTemplate' (OnClassCondition)
?[0m?[0;34m      - @ConditionalOnSingleCandidate (types: javax.sql.DataSource; SearchStrategy: all) found a primary bean from beans 'dataSource' (OnBeanCondition)
?[0m?[0;34m
?[0m?[0;34m   JdbcTemplateConfiguration matched:
?[0m?[0;34m      - @ConditionalOnMissingBean (types: org.springframework.jdbc.core.JdbcOperations; SearchStrategy: all) did not find any beans (OnBeanCondition)
?[0m?[0;34m
?[0m?[0;34m   JpaBaseConfiguration#entityManagerFactory matched:
?[0m?[0;34m      - @ConditionalOnMissingBean (types: org.springframework.orm.jpa.LocalContainerEntityManagerFactoryBean,javax.persistence.EntityManagerFactory; SearchStrategy: all) did not find any beans (OnBeanCondition)
?[0m?[0;34m
?[0m?[0;34m   JpaBaseConfiguration#entityManagerFactoryBuilder matched:
?[0m?[0;34m      - @ConditionalOnMissingBean (types: org.springframework.boot.orm.jpa.EntityManagerFactoryBuilder; SearchStrategy: all) did not find any beans (OnBeanCondition)
?[0m?[0;34m
?[0m?[0;34m   JpaBaseConfiguration#jpaVendorAdapter matched:
?[0m?[0;34m      - @ConditionalOnMissingBean (types: org.springframework.orm.jpa.JpaVendorAdapter; SearchStrategy: all) did not find any beans (OnBeanCondition)
?[0m?[0;34m
?[0m?[0;34m   JpaBaseConfiguration#transactionManager matched:
?[0m?[0;34m      - @ConditionalOnMissingBean (types: org.springframework.transaction.TransactionManager; SearchStrategy: all) did not find any beans (OnBeanCondition)
?[0m?[0;34m
?[0m?[0;34m   JpaBaseConfiguration.JpaWebConfiguration matched:
?[0m?[0;34m      - @ConditionalOnClass found required class 'org.springframework.web.servlet.config.annotation.WebMvcConfigurer' (OnClassCondition)
?[0m?[0;34m      - found 'session' scope (OnWebApplicationCondition)
?[0m?[0;34m      - @ConditionalOnProperty (spring.jpa.open-in-view=true) matched (OnPropertyCondition)
?[0m?[0;34m      - @ConditionalOnMissingBean (types: org.springframework.orm.jpa.support.OpenEntityManagerInViewInterceptor,org.springframework.orm.jpa.support.OpenEntityManagerInViewFilter; SearchStrategy: all) did not find any beans (OnBeanCondition)
?[0m?[0;34m
?[0m?[0;34m   JpaRepositoriesAutoConfiguration matched:
?[0m?[0;34m      - @ConditionalOnClass found required class 'org.springframework.data.jpa.repository.JpaRepository' (OnClassCondition)
?[0m?[0;34m      - @ConditionalOnProperty (spring.data.jpa.repositories.enabled=true) matched (OnPropertyCondition)
?[0m?[0;34m      - @ConditionalOnBean (types: javax.sql.DataSource; SearchStrategy: all) found bean 'dataSource'; @ConditionalOnMissingBean (types: org.springframework.data.jpa.repository.support.JpaRepositoryFactoryBean,org.springframework.data.jpa.repository.config.JpaRepositoryConfigExtension; SearchStrategy: all) did not find any beans (OnBeanCondition)
?[0m?[0;34m
?[0m?[0;34m   JtaAutoConfiguration matched:
?[0m?[0;34m      - @ConditionalOnClass found required class 'javax.transaction.Transaction' (OnClassCondition)
?[0m?[0;34m      - @ConditionalOnProperty (spring.jta.enabled) matched (OnPropertyCondition)
?[0m?[0;34m
?[0m?[0;34m   JvmMetricsAutoConfiguration matched:
?[0m?[0;34m      - @ConditionalOnClass found required class 'io.micrometer.core.instrument.MeterRegistry' (OnClassCondition)
?[0m?[0;34m      - @ConditionalOnBean (types: io.micrometer.core.instrument.MeterRegistry; SearchStrategy: all) found bean 'simpleMeterRegistry' (OnBeanCondition)
?[0m?[0;34m
?[0m?[0;34m   JvmMetricsAutoConfiguration#classLoaderMetrics matched:
?[0m?[0;34m      - @ConditionalOnMissingBean (types: io.micrometer.core.instrument.binder.jvm.ClassLoaderMetrics; SearchStrategy: all) did not find any beans (OnBeanCondition)
?[0m?[0;34m
?[0m?[0;34m   JvmMetricsAutoConfiguration#jvmGcMetrics matched:
?[0m?[0;34m      - @ConditionalOnMissingBean (types: io.micrometer.core.instrument.binder.jvm.JvmGcMetrics; SearchStrategy: all) did not find any beans (OnBeanCondition)
?[0m?[0;34m
?[0m?[0;34m   JvmMetricsAutoConfiguration#jvmMemoryMetrics matched:
?[0m?[0;34m      - @ConditionalOnMissingBean (types: io.micrometer.core.instrument.binder.jvm.JvmMemoryMetrics; SearchStrategy: all) did not find any beans (OnBeanCondition)
?[0m?[0;34m
?[0m?[0;34m   JvmMetricsAutoConfiguration#jvmThreadMetrics matched:
?[0m?[0;34m      - @ConditionalOnMissingBean (types: io.micrometer.core.instrument.binder.jvm.JvmThreadMetrics; SearchStrategy: all) did not find any beans (OnBeanCondition)
?[0m?[0;34m
?[0m?[0;34m   LifecycleAutoConfiguration#defaultLifecycleProcessor matched:
?[0m?[0;34m      - @ConditionalOnMissingBean (names: lifecycleProcessor; SearchStrategy: current) did not find any beans (OnBeanCondition)
?[0m?[0;34m
?[0m?[0;34m   LogFileWebEndpointAutoConfiguration matched:
?[0m?[0;34m      - @ConditionalOnAvailableEndpoint no property management.endpoint.logfile.enabled found so using endpoint default; @ConditionalOnAvailableEndpoint marked as exposed by a 'management.endpoints.web.exposure' property (OnAvailableEndpointCondition)
?[0m?[0;34m
?[0m?[0;34m   LogFileWebEndpointAutoConfiguration#logFileWebEndpoint matched:
?[0m?[0;34m      - Log File found logging.file.path ../logs (LogFileWebEndpointAutoConfiguration.LogFileCondition)
?[0m?[0;34m      - @ConditionalOnMissingBean (types: org.springframework.boot.actuate.logging.LogFileWebEndpoint; SearchStrategy: all) did not find any beans (OnBeanCondition)
?[0m?[0;34m
?[0m?[0;34m   LogbackMetricsAutoConfiguration matched:
?[0m?[0;34m      - @ConditionalOnClass found required classes 'io.micrometer.core.instrument.MeterRegistry', 'ch.qos.logback.classic.LoggerContext', 'org.slf4j.LoggerFactory' (OnClassCondition)
?[0m?[0;34m      - LogbackLoggingCondition ILoggerFactory is a Logback LoggerContext (LogbackMetricsAutoConfiguration.LogbackLoggingCondition)
?[0m?[0;34m      - @ConditionalOnBean (types: io.micrometer.core.instrument.MeterRegistry; SearchStrategy: all) found bean 'simpleMeterRegistry' (OnBeanCondition)
?[0m?[0;34m
?[0m?[0;34m   LogbackMetricsAutoConfiguration#logbackMetrics matched:
?[0m?[0;34m      - @ConditionalOnMissingBean (types: io.micrometer.core.instrument.binder.logging.LogbackMetrics; SearchStrategy: all) did not find any beans (OnBeanCondition)
?[0m?[0;34m
?[0m?[0;34m   LoggersEndpointAutoConfiguration matched:
?[0m?[0;34m      - @ConditionalOnAvailableEndpoint no property management.endpoint.loggers.enabled found so using endpoint default; @ConditionalOnAvailableEndpoint marked as exposed by a 'management.endpoints.web.exposure' property (OnAvailableEndpointCondition)
?[0m?[0;34m
?[0m?[0;34m   LoggersEndpointAutoConfiguration#loggersEndpoint matched:
?[0m?[0;34m      - Logging System enabled (LoggersEndpointAutoConfiguration.OnEnabledLoggingSystemCondition)
?[0m?[0;34m      - @ConditionalOnBean (types: org.springframework.boot.logging.LoggingSystem; SearchStrategy: all) found bean 'springBootLoggingSystem'; @ConditionalOnMissingBean (types: org.springframework.boot.actuate.logging.LoggersEndpoint; SearchStrategy: all) did not find any beans (OnBeanCondition)
?[0m?[0;34m
?[0m?[0;34m   ManagementContextAutoConfiguration.SameManagementContextConfiguration matched:
?[0m?[0;34m      - Management Port actual port type (SAME) matched required type (OnManagementPortCondition)
?[0m?[0;34m
?[0m?[0;34m   MappingsEndpointAutoConfiguration matched:
?[0m?[0;34m      - @ConditionalOnAvailableEndpoint no property management.endpoint.mappings.enabled found so using endpoint default; @ConditionalOnAvailableEndpoint marked as exposed by a 'management.endpoints.web.exposure' property (OnAvailableEndpointCondition)
?[0m?[0;34m
?[0m?[0;34m   MappingsEndpointAutoConfiguration.ServletWebConfiguration matched:
?[0m?[0;34m      - found 'session' scope (OnWebApplicationCondition)
?[0m?[0;34m
?[0m?[0;34m   MappingsEndpointAutoConfiguration.ServletWebConfiguration.SpringMvcConfiguration matched:
?[0m?[0;34m      - @ConditionalOnClass found required class 'org.springframework.web.servlet.DispatcherServlet' (OnClassCondition)
?[0m?[0;34m      - @ConditionalOnBean (types: org.springframework.web.servlet.DispatcherServlet; SearchStrategy: all) found bean 'dispatcherServlet' (OnBeanCondition)
?[0m?[0;34m
?[0m?[0;34m   MetricsAutoConfiguration matched:
?[0m?[0;34m      - @ConditionalOnClass found required class 'io.micrometer.core.annotation.Timed' (OnClassCondition)
?[0m?[0;34m
?[0m?[0;34m   MetricsAutoConfiguration#micrometerClock matched:
?[0m?[0;34m      - @ConditionalOnMissingBean (types: io.micrometer.core.instrument.Clock; SearchStrategy: all) did not find any beans (OnBeanCondition)
?[0m?[0;34m
?[0m?[0;34m   MetricsEndpointAutoConfiguration matched:
?[0m?[0;34m      - @ConditionalOnClass found required class 'io.micrometer.core.annotation.Timed' (OnClassCondition)
?[0m?[0;34m      - @ConditionalOnAvailableEndpoint no property management.endpoint.metrics.enabled found so using endpoint default; @ConditionalOnAvailableEndpoint marked as exposed by a 'management.endpoints.web.exposure' property (OnAvailableEndpointCondition)
?[0m?[0;34m
?[0m?[0;34m   MetricsEndpointAutoConfiguration#metricsEndpoint matched:
?[0m?[0;34m      - @ConditionalOnBean (types: io.micrometer.core.instrument.MeterRegistry; SearchStrategy: all) found bean 'simpleMeterRegistry'; @ConditionalOnMissingBean (types: org.springframework.boot.actuate.metrics.MetricsEndpoint; SearchStrategy: all) did not find any beans (OnBeanCondition)
?[0m?[0;34m
?[0m?[0;34m   MultipartAutoConfiguration matched:
?[0m?[0;34m      - @ConditionalOnClass found required classes 'javax.servlet.Servlet', 'org.springframework.web.multipart.support.StandardServletMultipartResolver', 'javax.servlet.MultipartConfigElement' (OnClassCondition)
?[0m?[0;34m      - found 'session' scope (OnWebApplicationCondition)
?[0m?[0;34m      - @ConditionalOnProperty (spring.servlet.multipart.enabled) matched (OnPropertyCondition)
?[0m?[0;34m
?[0m?[0;34m   MultipartAutoConfiguration#multipartConfigElement matched:
?[0m?[0;34m      - @ConditionalOnMissingBean (types: javax.servlet.MultipartConfigElement,org.springframework.web.multipart.commons.CommonsMultipartResolver; SearchStrategy: all) did not find any beans (OnBeanCondition)
?[0m?[0;34m
?[0m?[0;34m   MultipartAutoConfiguration#multipartResolver matched:
?[0m?[0;34m      - @ConditionalOnMissingBean (types: org.springframework.web.multipart.MultipartResolver; SearchStrategy: all) did not find any beans (OnBeanCondition)
?[0m?[0;34m
?[0m?[0;34m   NamedParameterJdbcTemplateConfiguration matched:
?[0m?[0;34m      - @ConditionalOnSingleCandidate (types: org.springframework.jdbc.core.JdbcTemplate; SearchStrategy: all) found a primary bean from beans 'jdbcTemplate'; @ConditionalOnMissingBean (types: org.springframework.jdbc.core.namedparam.NamedParameterJdbcOperations; SearchStrategy: all) did not find any beans (OnBeanCondition)
?[0m?[0;34m
?[0m?[0;34m   NoOpCacheConfiguration matched:
?[0m?[0;34m      - Cache org.springframework.boot.autoconfigure.cache.NoOpCacheConfiguration automatic cache type (CacheCondition)
?[0m?[0;34m
?[0m?[0;34m   PersistenceExceptionTranslationAutoConfiguration matched:
?[0m?[0;34m      - @ConditionalOnClass found required class 'org.springframework.dao.annotation.PersistenceExceptionTranslationPostProcessor' (OnClassCondition)
?[0m?[0;34m
?[0m?[0;34m   PersistenceExceptionTranslationAutoConfiguration#persistenceExceptionTranslationPostProcessor matched:
?[0m?[0;34m      - @ConditionalOnProperty (spring.dao.exceptiontranslation.enabled) matched (OnPropertyCondition)
?[0m?[0;34m      - @ConditionalOnMissingBean (types: org.springframework.dao.annotation.PersistenceExceptionTranslationPostProcessor; SearchStrategy: all) did not find any beans (OnBeanCondition)
?[0m?[0;34m
?[0m?[0;34m   PropertyPlaceholderAutoConfiguration#propertySourcesPlaceholderConfigurer matched:
?[0m?[0;34m      - @ConditionalOnMissingBean (types: org.springframework.context.support.PropertySourcesPlaceholderConfigurer; SearchStrategy: current) did not find any beans (OnBeanCondition)
?[0m?[0;34m
?[0m?[0;34m   RepositoryMetricsAutoConfiguration matched:
?[0m?[0;34m      - @ConditionalOnClass found required class 'org.springframework.data.repository.Repository' (OnClassCondition)
?[0m?[0;34m      - @ConditionalOnBean (types: io.micrometer.core.instrument.MeterRegistry; SearchStrategy: all) found bean 'simpleMeterRegistry' (OnBeanCondition)
?[0m?[0;34m
?[0m?[0;34m   RepositoryMetricsAutoConfiguration#metricsRepositoryMethodInvocationListener matched:
?[0m?[0;34m      - @ConditionalOnMissingBean (types: org.springframework.boot.actuate.metrics.data.MetricsRepositoryMethodInvocationListener; SearchStrategy: all) did not find any beans (OnBeanCondition)
?[0m?[0;34m
?[0m?[0;34m   RepositoryMetricsAutoConfiguration#repositoryTagsProvider matched:
?[0m?[0;34m      - @ConditionalOnMissingBean (types: org.springframework.boot.actuate.metrics.data.RepositoryTagsProvider; SearchStrategy: all) did not find any beans (OnBeanCondition)
?[0m?[0;34m
?[0m?[0;34m   RestTemplateAutoConfiguration matched:
?[0m?[0;34m      - @ConditionalOnClass found required class 'org.springframework.web.client.RestTemplate' (OnClassCondition)
?[0m?[0;34m      - NoneNestedConditions 0 matched 1 did not; NestedCondition on RestTemplateAutoConfiguration.NotReactiveWebApplicationCondition.ReactiveWebApplication did not find reactive web application classes (RestTemplateAutoConfiguration.NotReactiveWebApplicationCondition)
?[0m?[0;34m
?[0m?[0;34m   RestTemplateAutoConfiguration#restTemplateBuilder matched:
?[0m?[0;34m      - @ConditionalOnMissingBean (types: org.springframework.boot.web.client.RestTemplateBuilder; SearchStrategy: all) did not find any beans (OnBeanCondition)
?[0m?[0;34m
?[0m?[0;34m   RestTemplateAutoConfiguration#restTemplateBuilderConfigurer matched:
?[0m?[0;34m      - @ConditionalOnMissingBean (types: org.springframework.boot.autoconfigure.web.client.RestTemplateBuilderConfigurer; SearchStrategy: all) did not find any beans (OnBeanCondition)
?[0m?[0;34m
?[0m?[0;34m   RestTemplateMetricsConfiguration matched:
?[0m?[0;34m      - @ConditionalOnClass found required class 'org.springframework.web.client.RestTemplate' (OnClassCondition)
?[0m?[0;34m      - @ConditionalOnBean (types: org.springframework.boot.web.client.RestTemplateBuilder; SearchStrategy: all) found bean 'restTemplateBuilder' (OnBeanCondition)
?[0m?[0;34m
?[0m?[0;34m   RestTemplateMetricsConfiguration#restTemplateExchangeTagsProvider matched:
?[0m?[0;34m      - @ConditionalOnMissingBean (types: org.springframework.boot.actuate.metrics.web.client.RestTemplateExchangeTagsProvider; SearchStrategy: all) did not find any beans (OnBeanCondition)
?[0m?[0;34m
?[0m?[0;34m   ScheduledTasksEndpointAutoConfiguration matched:
?[0m?[0;34m      - @ConditionalOnAvailableEndpoint no property management.endpoint.scheduledtasks.enabled found so using endpoint default; @ConditionalOnAvailableEndpoint marked as exposed by a 'management.endpoints.web.exposure' property (OnAvailableEndpointCondition)
?[0m?[0;34m
?[0m?[0;34m   ScheduledTasksEndpointAutoConfiguration#scheduledTasksEndpoint matched:
?[0m?[0;34m      - @ConditionalOnMissingBean (types: org.springframework.boot.actuate.scheduling.ScheduledTasksEndpoint; SearchStrategy: all) did not find any beans (OnBeanCondition)
?[0m?[0;34m
?[0m?[0;34m   SecurityAutoConfiguration matched:
?[0m?[0;34m      - @ConditionalOnClass found required class 'org.springframework.security.authentication.DefaultAuthenticationEventPublisher' (OnClassCondition)
?[0m?[0;34m
?[0m?[0;34m   SecurityAutoConfiguration#authenticationEventPublisher matched:
?[0m?[0;34m      - @ConditionalOnMissingBean (types: org.springframework.security.authentication.AuthenticationEventPublisher; SearchStrategy: all) did not find any beans (OnBeanCondition)
?[0m?[0;34m
?[0m?[0;34m   SecurityFilterAutoConfiguration matched:
?[0m?[0;34m      - @ConditionalOnClass found required classes 'org.springframework.security.web.context.AbstractSecurityWebApplicationInitializer', 'org.springframework.security.config.http.SessionCreationPolicy' (OnClassCondition)
?[0m?[0;34m      - found 'session' scope (OnWebApplicationCondition)
?[0m?[0;34m
?[0m?[0;34m   SecurityFilterAutoConfiguration#securityFilterChainRegistration matched:
?[0m?[0;34m      - @ConditionalOnBean (names: springSecurityFilterChain; SearchStrategy: all) found bean 'springSecurityFilterChain' (OnBeanCondition)
?[0m?[0;34m
?[0m?[0;34m   SecurityRequestMatchersManagementContextConfiguration matched:
?[0m?[0;34m      - @ConditionalOnClass found required class 'org.springframework.security.web.util.matcher.RequestMatcher' (OnClassCondition)
?[0m?[0;34m      - found 'session' scope (OnWebApplicationCondition)
?[0m?[0;34m
?[0m?[0;34m   SecurityRequestMatchersManagementContextConfiguration.MvcRequestMatcherConfiguration matched:
?[0m?[0;34m      - @ConditionalOnClass found required class 'org.springframework.web.servlet.DispatcherServlet' (OnClassCondition)
?[0m?[0;34m      - @ConditionalOnBean (types: org.springframework.boot.autoconfigure.web.servlet.DispatcherServletPath; SearchStrategy: all) found bean 'dispatcherServletRegistration' (OnBeanCondition)
?[0m?[0;34m
?[0m?[0;34m   SecurityRequestMatchersManagementContextConfiguration.MvcRequestMatcherConfiguration#requestMatcherProvider matched:
?[0m?[0;34m      - @ConditionalOnClass found required class 'org.springframework.web.servlet.DispatcherServlet' (OnClassCondition)
?[0m?[0;34m      - @ConditionalOnMissingBean (types: org.springframework.boot.autoconfigure.security.servlet.RequestMatcherProvider; SearchStrategy: all) did not find any beans (OnBeanCondition)
?[0m?[0;34m
?[0m?[0;34m   ServletEndpointManagementContextConfiguration matched:
?[0m?[0;34m      - found 'session' scope (OnWebApplicationCondition)
?[0m?[0;34m
?[0m?[0;34m   ServletEndpointManagementContextConfiguration.WebMvcServletEndpointManagementContextConfiguration matched:
?[0m?[0;34m      - @ConditionalOnClass found required class 'org.springframework.web.servlet.DispatcherServlet' (OnClassCondition)
?[0m?[0;34m
?[0m?[0;34m   ServletManagementContextAutoConfiguration matched:
?[0m?[0;34m      - @ConditionalOnClass found required class 'javax.servlet.Servlet' (OnClassCondition)
?[0m?[0;34m      - found 'session' scope (OnWebApplicationCondition)
?[0m?[0;34m
?[0m?[0;34m   ServletWebServerFactoryAutoConfiguration matched:
?[0m?[0;34m      - @ConditionalOnClass found required class 'javax.servlet.ServletRequest' (OnClassCondition)
?[0m?[0;34m      - found 'session' scope (OnWebApplicationCondition)
?[0m?[0;34m
?[0m?[0;34m   ServletWebServerFactoryAutoConfiguration#tomcatServletWebServerFactoryCustomizer matched:
?[0m?[0;34m      - @ConditionalOnClass found required class 'org.apache.catalina.startup.Tomcat' (OnClassCondition)
?[0m?[0;34m
?[0m?[0;34m   ServletWebServerFactoryConfiguration.EmbeddedTomcat matched:
?[0m?[0;34m      - @ConditionalOnClass found required classes 'javax.servlet.Servlet', 'org.apache.catalina.startup.Tomcat', 'org.apache.coyote.UpgradeProtocol' (OnClassCondition)
?[0m?[0;34m      - @ConditionalOnMissingBean (types: org.springframework.boot.web.servlet.server.ServletWebServerFactory; SearchStrategy: current) did not find any beans (OnBeanCondition)
?[0m?[0;34m
?[0m?[0;34m   ShutdownEndpointAutoConfiguration matched:
?[0m?[0;34m      - @ConditionalOnAvailableEndpoint found property management.endpoint.shutdown.enabled with value true; @ConditionalOnAvailableEndpoint marked as exposed by a 'management.endpoints.web.exposure' property (OnAvailableEndpointCondition)
?[0m?[0;34m
?[0m?[0;34m   ShutdownEndpointAutoConfiguration#shutdownEndpoint matched:
?[0m?[0;34m      - @ConditionalOnMissingBean (types: org.springframework.boot.actuate.context.ShutdownEndpoint; SearchStrategy: all) did not find any beans (OnBeanCondition)
?[0m?[0;34m
?[0m?[0;34m   SimpleCacheConfiguration matched:
?[0m?[0;34m      - Cache org.springframework.boot.autoconfigure.cache.SimpleCacheConfiguration automatic cache type (CacheCondition)
?[0m?[0;34m
?[0m?[0;34m   SimpleMetricsExportAutoConfiguration matched:
?[0m?[0;34m      - @ConditionalOnEnabledMetricsExport management.metrics.export.defaults.enabled is considered true (OnMetricsExportEnabledCondition)
?[0m?[0;34m      - @ConditionalOnBean (types: io.micrometer.core.instrument.Clock; SearchStrategy: all) found bean 'micrometerClock'; @ConditionalOnMissingBean (types: io.micrometer.core.instrument.MeterRegistry; SearchStrategy: all) did not find any beans (OnBeanCondition)
?[0m?[0;34m
?[0m?[0;34m   SimpleMetricsExportAutoConfiguration#simpleConfig matched:
?[0m?[0;34m      - @ConditionalOnMissingBean (types: io.micrometer.core.instrument.simple.SimpleConfig; SearchStrategy: all) did not find any beans (OnBeanCondition)
?[0m?[0;34m
?[0m?[0;34m   SpringDataWebAutoConfiguration matched:
?[0m?[0;34m      - @ConditionalOnClass found required classes 'org.springframework.data.web.PageableHandlerMethodArgumentResolver', 'org.springframework.web.servlet.config.annotation.WebMvcConfigurer' (OnClassCondition)
?[0m?[0;34m      - found 'session' scope (OnWebApplicationCondition)
?[0m?[0;34m      - @ConditionalOnMissingBean (types: org.springframework.data.web.PageableHandlerMethodArgumentResolver; SearchStrategy: all) did not find any beans (OnBeanCondition)
?[0m?[0;34m
?[0m?[0;34m   SpringDataWebAutoConfiguration#pageableCustomizer matched:
?[0m?[0;34m      - @ConditionalOnMissingBean (types: org.springframework.data.web.config.PageableHandlerMethodArgumentResolverCustomizer; SearchStrategy: all) did not find any beans (OnBeanCondition)
?[0m?[0;34m
?[0m?[0;34m   SpringDataWebAutoConfiguration#sortCustomizer matched:
?[0m?[0;34m      - @ConditionalOnMissingBean (types: org.springframework.data.web.config.SortHandlerMethodArgumentResolverCustomizer; SearchStrategy: all) did not find any beans (OnBeanCondition)
?[0m?[0;34m
?[0m?[0;34m   SqlInitializationAutoConfiguration matched:
?[0m?[0;34m      - @ConditionalOnProperty (spring.sql.init.enabled) matched (OnPropertyCondition)
?[0m?[0;34m      - NoneNestedConditions 0 matched 1 did not; NestedCondition on SqlInitializationAutoConfiguration.SqlInitializationModeCondition.ModeIsNever @ConditionalOnProperty (spring.sql.init.mode=never) did not find property 'mode' (SqlInitializationAutoConfiguration.SqlInitializationModeCondition)
?[0m?[0;34m      - @ConditionalOnMissingBean (types: org.springframework.boot.sql.init.AbstractScriptDatabaseInitializer; SearchStrategy: all) did not find any beans (OnBeanCondition)
?[0m?[0;34m
?[0m?[0;34m   SystemMetricsAutoConfiguration matched:
?[0m?[0;34m      - @ConditionalOnClass found required class 'io.micrometer.core.instrument.MeterRegistry' (OnClassCondition)
?[0m?[0;34m      - @ConditionalOnBean (types: io.micrometer.core.instrument.MeterRegistry; SearchStrategy: all) found bean 'simpleMeterRegistry' (OnBeanCondition)
?[0m?[0;34m
?[0m?[0;34m   SystemMetricsAutoConfiguration#fileDescriptorMetrics matched:
?[0m?[0;34m      - @ConditionalOnMissingBean (types: io.micrometer.core.instrument.binder.system.FileDescriptorMetrics; SearchStrategy: all) did not find any beans (OnBeanCondition)
?[0m?[0;34m
?[0m?[0;34m   SystemMetricsAutoConfiguration#processorMetrics matched:
?[0m?[0;34m      - @ConditionalOnMissingBean (types: io.micrometer.core.instrument.binder.system.ProcessorMetrics; SearchStrategy: all) did not find any beans (OnBeanCondition)
?[0m?[0;34m
?[0m?[0;34m   SystemMetricsAutoConfiguration#uptimeMetrics matched:
?[0m?[0;34m      - @ConditionalOnMissingBean (types: io.micrometer.core.instrument.binder.system.UptimeMetrics; SearchStrategy: all) did not find any beans (OnBeanCondition)
?[0m?[0;34m
?[0m?[0;34m   TaskExecutionAutoConfiguration matched:
?[0m?[0;34m      - @ConditionalOnClass found required class 'org.springframework.scheduling.concurrent.ThreadPoolTaskExecutor' (OnClassCondition)
?[0m?[0;34m
?[0m?[0;34m   TaskExecutionAutoConfiguration#applicationTaskExecutor matched:
?[0m?[0;34m      - @ConditionalOnMissingBean (types: java.util.concurrent.Executor; SearchStrategy: all) did not find any beans (OnBeanCondition)
?[0m?[0;34m
?[0m?[0;34m   TaskExecutionAutoConfiguration#taskExecutorBuilder matched:
?[0m?[0;34m      - @ConditionalOnMissingBean (types: org.springframework.boot.task.TaskExecutorBuilder; SearchStrategy: all) did not find any beans (OnBeanCondition)
?[0m?[0;34m
?[0m?[0;34m   TaskSchedulingAutoConfiguration matched:
?[0m?[0;34m      - @ConditionalOnClass found required class 'org.springframework.scheduling.concurrent.ThreadPoolTaskScheduler' (OnClassCondition)
?[0m?[0;34m
?[0m?[0;34m   TaskSchedulingAutoConfiguration#taskSchedulerBuilder matched:
?[0m?[0;34m      - @ConditionalOnMissingBean (types: org.springframework.boot.task.TaskSchedulerBuilder; SearchStrategy: all) did not find any beans (OnBeanCondition)
?[0m?[0;34m
?[0m?[0;34m   ThreadDumpEndpointAutoConfiguration matched:
?[0m?[0;34m      - @ConditionalOnAvailableEndpoint no property management.endpoint.threaddump.enabled found so using endpoint default; @ConditionalOnAvailableEndpoint marked as exposed by a 'management.endpoints.web.exposure' property (OnAvailableEndpointCondition)
?[0m?[0;34m
?[0m?[0;34m   ThreadDumpEndpointAutoConfiguration#dumpEndpoint matched:
?[0m?[0;34m      - @ConditionalOnMissingBean (types: org.springframework.boot.actuate.management.ThreadDumpEndpoint; SearchStrategy: all) did not find any beans (OnBeanCondition)
?[0m?[0;34m
?[0m?[0;34m   TomcatMetricsAutoConfiguration matched:
?[0m?[0;34m      - @ConditionalOnClass found required classes 'io.micrometer.core.instrument.binder.tomcat.TomcatMetrics', 'org.apache.catalina.Manager' (OnClassCondition)
?[0m?[0;34m      - @ConditionalOnWebApplication (required) found 'session' scope (OnWebApplicationCondition)
?[0m?[0;34m
?[0m?[0;34m   TomcatMetricsAutoConfiguration#tomcatMetricsBinder matched:
?[0m?[0;34m      - @ConditionalOnBean (types: io.micrometer.core.instrument.MeterRegistry; SearchStrategy: all) found bean 'simpleMeterRegistry'; @ConditionalOnMissingBean (types: io.micrometer.core.instrument.binder.tomcat.TomcatMetrics,org.springframework.boot.actuate.metrics.web.tomcat.TomcatMetricsBinder; SearchStrategy: all) did not find any beans (OnBeanCondition)
?[0m?[0;34m
?[0m?[0;34m   TransactionAutoConfiguration matched:
?[0m?[0;34m      - @ConditionalOnClass found required class 'org.springframework.transaction.PlatformTransactionManager' (OnClassCondition)
?[0m?[0;34m
?[0m?[0;34m   TransactionAutoConfiguration#platformTransactionManagerCustomizers matched:
?[0m?[0;34m      - @ConditionalOnMissingBean (types: org.springframework.boot.autoconfigure.transaction.TransactionManagerCustomizers; SearchStrategy: all) did not find any beans (OnBeanCondition)
?[0m?[0;34m
?[0m?[0;34m   TransactionAutoConfiguration.EnableTransactionManagementConfiguration matched:
?[0m?[0;34m      - @ConditionalOnBean (types: org.springframework.transaction.TransactionManager; SearchStrategy: all) found bean 'transactionManager'; @ConditionalOnMissingBean (types: org.springframework.transaction.annotation.AbstractTransactionManagementConfiguration; SearchStrategy: all) did not find any beans (OnBeanCondition)
?[0m?[0;34m
?[0m?[0;34m   TransactionAutoConfiguration.EnableTransactionManagementConfiguration.CglibAutoProxyConfiguration matched:
?[0m?[0;34m      - @ConditionalOnProperty (spring.aop.proxy-target-class=true) matched (OnPropertyCondition)
?[0m?[0;34m
?[0m?[0;34m   TransactionAutoConfiguration.TransactionTemplateConfiguration matched:
?[0m?[0;34m      - @ConditionalOnSingleCandidate (types: org.springframework.transaction.PlatformTransactionManager; SearchStrategy: all) found a primary bean from beans 'transactionManager' (OnBeanCondition)
?[0m?[0;34m
?[0m?[0;34m   TransactionAutoConfiguration.TransactionTemplateConfiguration#transactionTemplate matched:
?[0m?[0;34m      - @ConditionalOnMissingBean (types: org.springframework.transaction.support.TransactionOperations; SearchStrategy: all) did not find any beans (OnBeanCondition)
?[0m?[0;34m
?[0m?[0;34m   ValidationAutoConfiguration matched:
?[0m?[0;34m      - @ConditionalOnClass found required class 'javax.validation.executable.ExecutableValidator' (OnClassCondition)
?[0m?[0;34m      - @ConditionalOnResource found location classpath:META-INF/services/javax.validation.spi.ValidationProvider (OnResourceCondition)
?[0m?[0;34m
?[0m?[0;34m   ValidationAutoConfiguration#defaultValidator matched:
?[0m?[0;34m      - @ConditionalOnMissingBean (types: javax.validation.Validator; SearchStrategy: all) did not find any beans (OnBeanCondition)
?[0m?[0;34m
?[0m?[0;34m   ValidationAutoConfiguration#methodValidationPostProcessor matched:
?[0m?[0;34m      - @ConditionalOnMissingBean (types: org.springframework.validation.beanvalidation.MethodValidationPostProcessor; SearchStrategy: all) did not find any beans (OnBeanCondition)
?[0m?[0;34m
?[0m?[0;34m   WebEndpointAutoConfiguration matched:
?[0m?[0;34m      - @ConditionalOnWebApplication (required) found 'session' scope (OnWebApplicationCondition)
?[0m?[0;34m
?[0m?[0;34m   WebEndpointAutoConfiguration#controllerEndpointDiscoverer matched:
?[0m?[0;34m      - @ConditionalOnMissingBean (types: org.springframework.boot.actuate.endpoint.web.annotation.ControllerEndpointsSupplier; SearchStrategy: all) did not find any beans (OnBeanCondition)
?[0m?[0;34m
?[0m?[0;34m   WebEndpointAutoConfiguration#endpointMediaTypes matched:
?[0m?[0;34m      - @ConditionalOnMissingBean (types: org.springframework.boot.actuate.endpoint.web.EndpointMediaTypes; SearchStrategy: all) did not find any beans (OnBeanCondition)
?[0m?[0;34m
?[0m?[0;34m   WebEndpointAutoConfiguration#pathMappedEndpoints matched:
?[0m?[0;34m      - @ConditionalOnMissingBean (types: org.springframework.boot.actuate.endpoint.web.PathMappedEndpoints; SearchStrategy: all) did not find any beans (OnBeanCondition)
?[0m?[0;34m
?[0m?[0;34m   WebEndpointAutoConfiguration#webEndpointDiscoverer matched:
?[0m?[0;34m      - @ConditionalOnMissingBean (types: org.springframework.boot.actuate.endpoint.web.WebEndpointsSupplier; SearchStrategy: all) did not find any beans (OnBeanCondition)
?[0m?[0;34m
?[0m?[0;34m   WebEndpointAutoConfiguration.WebEndpointServletConfiguration matched:
?[0m?[0;34m      - found 'session' scope (OnWebApplicationCondition)
?[0m?[0;34m
?[0m?[0;34m   WebEndpointAutoConfiguration.WebEndpointServletConfiguration#servletEndpointDiscoverer matched:
?[0m?[0;34m      - @ConditionalOnMissingBean (types: org.springframework.boot.actuate.endpoint.web.annotation.ServletEndpointsSupplier; SearchStrategy: all) did not find any beans (OnBeanCondition)
?[0m?[0;34m
?[0m?[0;34m   WebMvcAutoConfiguration matched:
?[0m?[0;34m      - @ConditionalOnClass found required classes 'javax.servlet.Servlet', 'org.springframework.web.servlet.DispatcherServlet', 'org.springframework.web.servlet.config.annotation.WebMvcConfigurer' (OnClassCondition)
?[0m?[0;34m      - found 'session' scope (OnWebApplicationCondition)
?[0m?[0;34m      - @ConditionalOnMissingBean (types: org.springframework.web.servlet.config.annotation.WebMvcConfigurationSupport; SearchStrategy: all) did not find any beans (OnBeanCondition)
?[0m?[0;34m
?[0m?[0;34m   WebMvcAutoConfiguration#formContentFilter matched:
?[0m?[0;34m      - @ConditionalOnProperty (spring.mvc.formcontent.filter.enabled) matched (OnPropertyCondition)
?[0m?[0;34m      - @ConditionalOnMissingBean (types: org.springframework.web.filter.FormContentFilter; SearchStrategy: all) did not find any beans (OnBeanCondition)
?[0m?[0;34m
?[0m?[0;34m   WebMvcAutoConfiguration.EnableWebMvcConfiguration#flashMapManager matched:
?[0m?[0;34m      - @ConditionalOnMissingBean (names: flashMapManager; SearchStrategy: all) did not find any beans (OnBeanCondition)
?[0m?[0;34m
?[0m?[0;34m   WebMvcAutoConfiguration.EnableWebMvcConfiguration#localeResolver matched:
?[0m?[0;34m      - @ConditionalOnMissingBean (names: localeResolver; SearchStrategy: all) did not find any beans (OnBeanCondition)
?[0m?[0;34m
?[0m?[0;34m   WebMvcAutoConfiguration.EnableWebMvcConfiguration#themeResolver matched:
?[0m?[0;34m      - @ConditionalOnMissingBean (names: themeResolver; SearchStrategy: all) did not find any beans (OnBeanCondition)
?[0m?[0;34m
?[0m?[0;34m   WebMvcAutoConfiguration.WebMvcAutoConfigurationAdapter#defaultViewResolver matched:
?[0m?[0;34m      - @ConditionalOnMissingBean (types: org.springframework.web.servlet.view.InternalResourceViewResolver; SearchStrategy: all) did not find any beans (OnBeanCondition)
?[0m?[0;34m
?[0m?[0;34m   WebMvcAutoConfiguration.WebMvcAutoConfigurationAdapter#requestContextFilter matched:
?[0m?[0;34m      - @ConditionalOnMissingBean (types: org.springframework.web.context.request.RequestContextListener,org.springframework.web.filter.RequestContextFilter; SearchStrategy: all) did not find any beans (OnBeanCondition)
?[0m?[0;34m
?[0m?[0;34m   WebMvcAutoConfiguration.WebMvcAutoConfigurationAdapter#viewResolver matched:
?[0m?[0;34m      - @ConditionalOnBean (types: org.springframework.web.servlet.ViewResolver; SearchStrategy: all) found beans 'defaultViewResolver', 'beanNameViewResolver', 'mvcViewResolver'; @ConditionalOnMissingBean (names: viewResolver types: org.springframework.web.servlet.view.ContentNegotiatingViewResolver; SearchStrategy: all) did not find any beans (OnBeanCondition)
?[0m?[0;34m
?[0m?[0;34m   WebMvcEndpointManagementContextConfiguration matched:
?[0m?[0;34m      - @ConditionalOnClass found required class 'org.springframework.web.servlet.DispatcherServlet' (OnClassCondition)
?[0m?[0;34m      - found 'session' scope (OnWebApplicationCondition)
?[0m?[0;34m      - @ConditionalOnBean (types: org.springframework.web.servlet.DispatcherServlet,org.springframework.boot.actuate.endpoint.web.WebEndpointsSupplier; SearchStrategy: all) found beans 'webEndpointDiscoverer', 'dispatcherServlet' (OnBeanCondition)
?[0m?[0;34m
?[0m?[0;34m   WebMvcEndpointManagementContextConfiguration#controllerEndpointHandlerMapping matched:
?[0m?[0;34m      - @ConditionalOnMissingBean (types: org.springframework.boot.actuate.endpoint.web.servlet.ControllerEndpointHandlerMapping; SearchStrategy: all) did not find any beans (OnBeanCondition)
?[0m?[0;34m
?[0m?[0;34m   WebMvcEndpointManagementContextConfiguration#webEndpointServletHandlerMapping matched:
?[0m?[0;34m      - @ConditionalOnMissingBean (types: org.springframework.boot.actuate.endpoint.web.servlet.WebMvcEndpointHandlerMapping; SearchStrategy: all) did not find any beans (OnBeanCondition)
?[0m?[0;34m
?[0m?[0;34m   WebMvcMetricsAutoConfiguration matched:
?[0m?[0;34m      - @ConditionalOnClass found required class 'org.springframework.web.servlet.DispatcherServlet' (OnClassCondition)
?[0m?[0;34m      - found 'session' scope (OnWebApplicationCondition)
?[0m?[0;34m      - @ConditionalOnBean (types: io.micrometer.core.instrument.MeterRegistry; SearchStrategy: all) found bean 'simpleMeterRegistry' (OnBeanCondition)
?[0m?[0;34m
?[0m?[0;34m   WebMvcMetricsAutoConfiguration#webMvcTagsProvider matched:
?[0m?[0;34m      - @ConditionalOnMissingBean (types: org.springframework.boot.actuate.metrics.web.servlet.WebMvcTagsProvider; SearchStrategy: all) did not find any beans (OnBeanCondition)
?[0m?[0;34m
?[0m?[0;34m   WebSecurityEnablerConfiguration matched:
?[0m?[0;34m      - @ConditionalOnClass found required class 'org.springframework.security.config.annotation.web.configuration.EnableWebSecurity' (OnClassCondition)
?[0m?[0;34m      - found 'session' scope (OnWebApplicationCondition)
?[0m?[0;34m      - @ConditionalOnMissingBean (names: springSecurityFilterChain; SearchStrategy: all) did not find any beans (OnBeanCondition)
?[0m?[0;34m
?[0m?[0;34m   WebSocketServletAutoConfiguration matched:
?[0m?[0;34m      - @ConditionalOnClass found required classes 'javax.servlet.Servlet', 'javax.websocket.server.ServerContainer' (OnClassCondition)
?[0m?[0;34m      - found 'session' scope (OnWebApplicationCondition)
?[0m?[0;34m
?[0m?[0;34m   WebSocketServletAutoConfiguration.TomcatWebSocketConfiguration matched:
?[0m?[0;34m      - @ConditionalOnClass found required classes 'org.apache.catalina.startup.Tomcat', 'org.apache.tomcat.websocket.server.WsSci' (OnClassCondition)
?[0m?[0;34m
?[0m?[0;34m   WebSocketServletAutoConfiguration.TomcatWebSocketConfiguration#websocketServletWebServerCustomizer matched:
?[0m?[0;34m      - @ConditionalOnMissingBean (names: websocketServletWebServerCustomizer; SearchStrategy: all) did not find any beans (OnBeanCondition)
?[0m?[0;34m
?[0m?[0;34m
?[0m?[0;34mNegative matches:
?[0m?[0;34m-----------------
?[0m?[0;34m
?[0m?[0;34m   ActiveMQAutoConfiguration:
?[0m?[0;34m      Did not match:
?[0m?[0;34m         - @ConditionalOnClass did not find required class 'javax.jms.ConnectionFactory' (OnClassCondition)
?[0m?[0;34m
?[0m?[0;34m   AopAutoConfiguration.AspectJAutoProxyingConfiguration.JdkDynamicAutoProxyConfiguration:
?[0m?[0;34m      Did not match:
?[0m?[0;34m         - @ConditionalOnProperty (spring.aop.proxy-target-class=false) did not find property 'proxy-target-class' (OnPropertyCondition)
?[0m?[0;34m
?[0m?[0;34m   AopAutoConfiguration.ClassProxyingConfiguration:
?[0m?[0;34m      Did not match:
?[0m?[0;34m         - @ConditionalOnMissingClass found unwanted class 'org.aspectj.weaver.Advice' (OnClassCondition)
?[0m?[0;34m
?[0m?[0;34m   AppOpticsMetricsExportAutoConfiguration:
?[0m?[0;34m      Did not match:
?[0m?[0;34m         - @ConditionalOnClass did not find required class 'io.micrometer.appoptics.AppOpticsMeterRegistry' (OnClassCondition)
?[0m?[0;34m
?[0m?[0;34m   ArtemisAutoConfiguration:
?[0m?[0;34m      Did not match:
?[0m?[0;34m         - @ConditionalOnClass did not find required class 'javax.jms.ConnectionFactory' (OnClassCondition)
?[0m?[0;34m
?[0m?[0;34m   AtlasMetricsExportAutoConfiguration:
?[0m?[0;34m      Did not match:
?[0m?[0;34m         - @ConditionalOnClass did not find required class 'io.micrometer.atlas.AtlasMeterRegistry' (OnClassCondition)
?[0m?[0;34m
?[0m?[0;34m   AtomikosJtaConfiguration:
?[0m?[0;34m      Did not match:
?[0m?[0;34m         - @ConditionalOnClass did not find required class 'com.atomikos.icatch.jta.UserTransactionManager' (OnClassCondition)
?[0m?[0;34m
?[0m?[0;34m   AuditAutoConfiguration:
?[0m?[0;34m      Did not match:
?[0m?[0;34m         - @ConditionalOnBean (types: org.springframework.boot.actuate.audit.AuditEventRepository; SearchStrategy: all) did not find any beans of type org.springframework.boot.actuate.audit.AuditEventRepository (OnBeanCondition)
?[0m?[0;34m      Matched:
?[0m?[0;34m         - @ConditionalOnProperty (management.auditevents.enabled) matched (OnPropertyCondition)
?[0m?[0;34m
?[0m?[0;34m   AuditEventsEndpointAutoConfiguration#auditEventsEndpoint:
?[0m?[0;34m      Did not match:
?[0m?[0;34m         - @ConditionalOnBean (types: org.springframework.boot.actuate.audit.AuditEventRepository; SearchStrategy: all) did not find any beans of type org.springframework.boot.actuate.audit.AuditEventRepository (OnBeanCondition)
?[0m?[0;34m
?[0m?[0;34m   AvailabilityHealthContributorAutoConfiguration#livenessStateHealthIndicator:
?[0m?[0;34m      Did not match:
?[0m?[0;34m         - @ConditionalOnProperty (management.health.livenessstate.enabled=true) did not find property 'enabled' (OnPropertyCondition)
?[0m?[0;34m
?[0m?[0;34m   AvailabilityHealthContributorAutoConfiguration#readinessStateHealthIndicator:
?[0m?[0;34m      Did not match:
?[0m?[0;34m         - @ConditionalOnProperty (management.health.readinessstate.enabled=true) did not find property 'enabled' (OnPropertyCondition)
?[0m?[0;34m
?[0m?[0;34m   AvailabilityProbesAutoConfiguration:
?[0m?[0;34m      Did not match:
?[0m?[0;34m         - Probes availability not running on a supported cloud platform (AvailabilityProbesAutoConfiguration.ProbesCondition)
?[0m?[0;34m
?[0m?[0;34m   BatchAutoConfiguration:
?[0m?[0;34m      Did not match:
?[0m?[0;34m         - @ConditionalOnClass did not find required class 'org.springframework.batch.core.launch.JobLauncher' (OnClassCondition)
?[0m?[0;34m
?[0m?[0;34m   CacheAutoConfiguration:
?[0m?[0;34m      Did not match:
?[0m?[0;34m         - @ConditionalOnBean (types: org.springframework.cache.interceptor.CacheAspectSupport; SearchStrategy: all) did not find any beans of type org.springframework.cache.interceptor.CacheAspectSupport (OnBeanCondition)
?[0m?[0;34m      Matched:
?[0m?[0;34m         - @ConditionalOnClass found required class 'org.springframework.cache.CacheManager' (OnClassCondition)
?[0m?[0;34m
?[0m?[0;34m   CacheAutoConfiguration.CacheManagerEntityManagerFactoryDependsOnPostProcessor:
?[0m?[0;34m      Did not match:
?[0m?[0;34m         - Ancestor org.springframework.boot.autoconfigure.cache.CacheAutoConfiguration did not match (ConditionEvaluationReport.AncestorsMatchedCondition)
?[0m?[0;34m      Matched:
?[0m?[0;34m         - @ConditionalOnClass found required class 'org.springframework.orm.jpa.LocalContainerEntityManagerFactoryBean' (OnClassCondition)
?[0m?[0;34m
?[0m?[0;34m   CacheMeterBinderProvidersConfiguration.CaffeineCacheMeterBinderProviderConfiguration:
?[0m?[0;34m      Did not match:
?[0m?[0;34m         - @ConditionalOnClass did not find required classes 'org.springframework.cache.caffeine.CaffeineCache', 'com.github.benmanes.caffeine.cache.Cache' (OnClassCondition)
?[0m?[0;34m
?[0m?[0;34m   CacheMeterBinderProvidersConfiguration.EhCache2CacheMeterBinderProviderConfiguration:
?[0m?[0;34m      Did not match:
?[0m?[0;34m         - @ConditionalOnClass did not find required classes 'org.springframework.cache.ehcache.EhCacheCache', 'net.sf.ehcache.Ehcache' (OnClassCondition)
?[0m?[0;34m
?[0m?[0;34m   CacheMeterBinderProvidersConfiguration.HazelcastCacheMeterBinderProviderConfiguration:
?[0m?[0;34m      Did not match:
?[0m?[0;34m         - @ConditionalOnClass did not find required classes 'com.hazelcast.spring.cache.HazelcastCache', 'com.hazelcast.core.Hazelcast' (OnClassCondition)
?[0m?[0;34m
?[0m?[0;34m   CacheMeterBinderProvidersConfiguration.JCacheCacheMeterBinderProviderConfiguration:
?[0m?[0;34m      Did not match:
?[0m?[0;34m         - @ConditionalOnClass did not find required classes 'org.springframework.cache.jcache.JCacheCache', 'javax.cache.CacheManager' (OnClassCondition)
?[0m?[0;34m
?[0m?[0;34m   CacheMeterBinderProvidersConfiguration.RedisCacheMeterBinderProviderConfiguration:
?[0m?[0;34m      Did not match:
?[0m?[0;34m         - @ConditionalOnClass did not find required class 'org.springframework.data.redis.cache.RedisCache' (OnClassCondition)
?[0m?[0;34m
?[0m?[0;34m   CacheMetricsAutoConfiguration:
?[0m?[0;34m      Did not match:
?[0m?[0;34m         - @ConditionalOnBean (types: org.springframework.cache.CacheManager; SearchStrategy: all) did not find any beans of type org.springframework.cache.CacheManager (OnBeanCondition)
?[0m?[0;34m
?[0m?[0;34m   CaffeineCacheConfiguration:
?[0m?[0;34m      Did not match:
?[0m?[0;34m         - @ConditionalOnClass did not find required class 'com.github.benmanes.caffeine.cache.Caffeine' (OnClassCondition)
?[0m?[0;34m
?[0m?[0;34m   CassandraAutoConfiguration:
?[0m?[0;34m      Did not match:
?[0m?[0;34m         - @ConditionalOnClass did not find required class 'com.datastax.oss.driver.api.core.CqlSession' (OnClassCondition)
?[0m?[0;34m
?[0m?[0;34m   CassandraDataAutoConfiguration:
?[0m?[0;34m      Did not match:
?[0m?[0;34m         - @ConditionalOnClass did not find required class 'com.datastax.oss.driver.api.core.CqlSession' (OnClassCondition)
?[0m?[0;34m
?[0m?[0;34m   CassandraHealthContributorAutoConfiguration:
?[0m?[0;34m      Did not match:
?[0m?[0;34m         - @ConditionalOnClass did not find required class 'com.datastax.oss.driver.api.core.CqlSession' (OnClassCondition)
?[0m?[0;34m
?[0m?[0;34m   CassandraReactiveDataAutoConfiguration:
?[0m?[0;34m      Did not match:
?[0m?[0;34m         - @ConditionalOnClass did not find required class 'com.datastax.oss.driver.api.core.CqlSession' (OnClassCondition)
?[0m?[0;34m
?[0m?[0;34m   CassandraReactiveHealthContributorAutoConfiguration:
?[0m?[0;34m      Did not match:
?[0m?[0;34m         - @ConditionalOnClass did not find required class 'com.datastax.oss.driver.api.core.CqlSession' (OnClassCondition)
?[0m?[0;34m
?[0m?[0;34m   CassandraReactiveRepositoriesAutoConfiguration:
?[0m?[0;34m      Did not match:
?[0m?[0;34m         - @ConditionalOnClass did not find required class 'org.springframework.data.cassandra.ReactiveSession' (OnClassCondition)
?[0m?[0;34m
?[0m?[0;34m   CassandraRepositoriesAutoConfiguration:
?[0m?[0;34m      Did not match:
?[0m?[0;34m         - @ConditionalOnClass did not find required class 'com.datastax.oss.driver.api.core.CqlSession' (OnClassCondition)
?[0m?[0;34m
?[0m?[0;34m   ClientHttpConnectorAutoConfiguration:
?[0m?[0;34m      Did not match:
?[0m?[0;34m         - @ConditionalOnClass did not find required class 'org.springframework.web.reactive.function.client.WebClient' (OnClassCondition)
?[0m?[0;34m
?[0m?[0;34m   CloudFoundryActuatorAutoConfiguration:
?[0m?[0;34m      Did not match:
?[0m?[0;34m         - @ConditionalOnCloudPlatform did not find CLOUD_FOUNDRY (OnCloudPlatformCondition)
?[0m?[0;34m      Matched:
?[0m?[0;34m         - @ConditionalOnClass found required class 'org.springframework.web.servlet.DispatcherServlet' (OnClassCondition)
?[0m?[0;34m         - found 'session' scope (OnWebApplicationCondition)
?[0m?[0;34m         - @ConditionalOnProperty (management.cloudfoundry.enabled) matched (OnPropertyCondition)
?[0m?[0;34m
?[0m?[0;34m   CodecsAutoConfiguration:
?[0m?[0;34m      Did not match:
?[0m?[0;34m         - @ConditionalOnClass did not find required class 'org.springframework.web.reactive.function.client.WebClient' (OnClassCondition)
?[0m?[0;34m
?[0m?[0;34m   CompositeMeterRegistryConfiguration:
?[0m?[0;34m      Did not match:
?[0m?[0;34m         - NoneNestedConditions 1 matched 1 did not; NestedCondition on CompositeMeterRegistryConfiguration.MultipleNonPrimaryMeterRegistriesCondition.SingleInjectableMeterRegistry @ConditionalOnSingleCandidate (types: io.micrometer.core.instrument.MeterRegistry; SearchStrategy: all) found a primary bean from beans 'simpleMeterRegistry'; NestedCondition on CompositeMeterRegistryConfiguration.MultipleNonPrimaryMeterRegistriesCondition.NoMeterRegistryCondition @ConditionalOnMissingBean (types: io.micrometer.core.instrument.MeterRegistry; SearchStrategy: all) found beans of type 'io.micrometer.core.instrument.MeterRegistry' simpleMeterRegistry (CompositeMeterRegistryConfiguration.MultipleNonPrimaryMeterRegistriesCondition)
?[0m?[0;34m
?[0m?[0;34m   ConnectionFactoryHealthContributorAutoConfiguration:
?[0m?[0;34m      Did not match:
?[0m?[0;34m         - @ConditionalOnClass did not find required class 'io.r2dbc.spi.ConnectionFactory' (OnClassCondition)
?[0m?[0;34m
?[0m?[0;34m   ConnectionPoolMetricsAutoConfiguration:
?[0m?[0;34m      Did not match:
?[0m?[0;34m         - @ConditionalOnClass did not find required class 'io.r2dbc.pool.ConnectionPool' (OnClassCondition)
?[0m?[0;34m
?[0m?[0;34m   CouchbaseAutoConfiguration:
?[0m?[0;34m      Did not match:
?[0m?[0;34m         - @ConditionalOnClass did not find required class 'com.couchbase.client.java.Cluster' (OnClassCondition)
?[0m?[0;34m
?[0m?[0;34m   CouchbaseCacheConfiguration:
?[0m?[0;34m      Did not match:
?[0m?[0;34m         - @ConditionalOnClass did not find required class 'com.couchbase.client.java.Cluster' (OnClassCondition)
?[0m?[0;34m
?[0m?[0;34m   CouchbaseDataAutoConfiguration:
?[0m?[0;34m      Did not match:
?[0m?[0;34m         - @ConditionalOnClass did not find required class 'com.couchbase.client.java.Bucket' (OnClassCondition)
?[0m?[0;34m
?[0m?[0;34m   CouchbaseHealthContributorAutoConfiguration:
?[0m?[0;34m      Did not match:
?[0m?[0;34m         - @ConditionalOnClass did not find required class 'com.couchbase.client.java.Cluster' (OnClassCondition)
?[0m?[0;34m
?[0m?[0;34m   CouchbaseReactiveDataAutoConfiguration:
?[0m?[0;34m      Did not match:
?[0m?[0;34m         - @ConditionalOnClass did not find required class 'com.couchbase.client.java.Cluster' (OnClassCondition)
?[0m?[0;34m
?[0m?[0;34m   CouchbaseReactiveHealthContributorAutoConfiguration:
?[0m?[0;34m      Did not match:
?[0m?[0;34m         - @ConditionalOnClass did not find required class 'com.couchbase.client.java.Cluster' (OnClassCondition)
?[0m?[0;34m
?[0m?[0;34m   CouchbaseReactiveRepositoriesAutoConfiguration:
?[0m?[0;34m      Did not match:
?[0m?[0;34m         - @ConditionalOnClass did not find required class 'com.couchbase.client.java.Cluster' (OnClassCondition)
?[0m?[0;34m
?[0m?[0;34m   CouchbaseRepositoriesAutoConfiguration:
?[0m?[0;34m      Did not match:
?[0m?[0;34m         - @ConditionalOnClass did not find required class 'com.couchbase.client.java.Bucket' (OnClassCondition)
?[0m?[0;34m
?[0m?[0;34m   DataSourceAutoConfiguration.EmbeddedDatabaseConfiguration:
?[0m?[0;34m      Did not match:
?[0m?[0;34m         - EmbeddedDataSource spring.datasource.url is set (DataSourceAutoConfiguration.EmbeddedDatabaseCondition)
?[0m?[0;34m
?[0m?[0;34m   DataSourceConfiguration.Dbcp2:
?[0m?[0;34m      Did not match:
?[0m?[0;34m         - @ConditionalOnClass did not find required class 'org.apache.commons.dbcp2.BasicDataSource' (OnClassCondition)
?[0m?[0;34m
?[0m?[0;34m   DataSourceConfiguration.Generic:
?[0m?[0;34m      Did not match:
?[0m?[0;34m         - @ConditionalOnProperty (spring.datasource.type) did not find property 'spring.datasource.type' (OnPropertyCondition)
?[0m?[0;34m
?[0m?[0;34m   DataSourceConfiguration.OracleUcp:
?[0m?[0;34m      Did not match:
?[0m?[0;34m         - @ConditionalOnClass did not find required classes 'oracle.ucp.jdbc.PoolDataSourceImpl', 'oracle.jdbc.OracleConnection' (OnClassCondition)
?[0m?[0;34m
?[0m?[0;34m   DataSourceConfiguration.Tomcat:
?[0m?[0;34m      Did not match:
?[0m?[0;34m         - @ConditionalOnClass did not find required class 'org.apache.tomcat.jdbc.pool.DataSource' (OnClassCondition)
?[0m?[0;34m
?[0m?[0;34m   DataSourceInitializationConfiguration.InitializationSpecificCredentialsDataSourceInitializationConfiguration:
?[0m?[0;34m      Did not match:
?[0m?[0;34m         - AnyNestedCondition 0 matched 2 did not; NestedCondition on DataSourceInitializationConfiguration.InitializationSpecificCredentialsDataSourceInitializationConfiguration.DifferentCredentialsCondition.DataCredentials @ConditionalOnProperty (spring.datasource.data-username) did not find property 'data-username'; NestedCondition on DataSourceInitializationConfiguration.InitializationSpecificCredentialsDataSourceInitializationConfiguration.DifferentCredentialsCondition.SchemaCredentials @ConditionalOnProperty (spring.datasource.schema-username) did not find property 'schema-username' (DataSourceInitializationConfiguration.InitializationSpecificCredentialsDataSourceInitializationConfiguration.DifferentCredentialsCondition)
?[0m?[0;34m
?[0m?[0;34m   DataSourceInitializationConfiguration.SharedCredentialsDataSourceInitializationConfiguration:
?[0m?[0;34m      Did not match:
?[0m?[0;34m         - DataSource Initialization did not find configured properties spring.datasource.data-username, spring.datasource.schema-password, spring.datasource.schema[0], spring.datasource.data[0], spring.datasource.data, spring.datasource.schema-username, spring.datasource.data-password, spring.datasource.initialization-mode, spring.datasource.schema, spring.datasource.sql-script-encoding, spring.datasource.separator, spring.datasource.platform, spring.datasource.continue-on-error (DataSourceInitializationConfiguration.SharedCredentialsDataSourceInitializationConfiguration.DataSourceInitializationCondition)
?[0m?[0;34m
?[0m?[0;34m   DataSourceJmxConfiguration.TomcatDataSourceJmxConfiguration:
?[0m?[0;34m      Did not match:
?[0m?[0;34m         - @ConditionalOnClass did not find required class 'org.apache.tomcat.jdbc.pool.DataSourceProxy' (OnClassCondition)
?[0m?[0;34m
?[0m?[0;34m   DataSourcePoolMetadataProvidersConfiguration.CommonsDbcp2PoolDataSourceMetadataProviderConfiguration:
?[0m?[0;34m      Did not match:
?[0m?[0;34m         - @ConditionalOnClass did not find required class 'org.apache.commons.dbcp2.BasicDataSource' (OnClassCondition)
?[0m?[0;34m
?[0m?[0;34m   DataSourcePoolMetadataProvidersConfiguration.OracleUcpPoolDataSourceMetadataProviderConfiguration:
?[0m?[0;34m      Did not match:
?[0m?[0;34m         - @ConditionalOnClass did not find required classes 'oracle.ucp.jdbc.PoolDataSource', 'oracle.jdbc.OracleConnection' (OnClassCondition)
?[0m?[0;34m
?[0m?[0;34m   DataSourcePoolMetadataProvidersConfiguration.TomcatDataSourcePoolMetadataProviderConfiguration:
?[0m?[0;34m      Did not match:
?[0m?[0;34m         - @ConditionalOnClass did not find required class 'org.apache.tomcat.jdbc.pool.DataSource' (OnClassCondition)
?[0m?[0;34m
?[0m?[0;34m   DataSourceTransactionManagerAutoConfiguration.JdbcTransactionManagerConfiguration#transactionManager:
?[0m?[0;34m      Did not match:
?[0m?[0;34m         - @ConditionalOnMissingBean (types: org.springframework.transaction.TransactionManager; SearchStrategy: all) found beans of type 'org.springframework.transaction.TransactionManager' transactionManager (OnBeanCondition)
?[0m?[0;34m
?[0m?[0;34m   DatadogMetricsExportAutoConfiguration:
?[0m?[0;34m      Did not match:
?[0m?[0;34m         - @ConditionalOnClass did not find required class 'io.micrometer.datadog.DatadogMeterRegistry' (OnClassCondition)
?[0m?[0;34m
?[0m?[0;34m   DispatcherServletAutoConfiguration.DispatcherServletConfiguration#multipartResolver:
?[0m?[0;34m      Did not match:
?[0m?[0;34m         - @ConditionalOnBean (types: org.springframework.web.multipart.MultipartResolver; SearchStrategy: all) did not find any beans of type org.springframework.web.multipart.MultipartResolver (OnBeanCondition)
?[0m?[0;34m
?[0m?[0;34m   DynatraceMetricsExportAutoConfiguration:
?[0m?[0;34m      Did not match:
?[0m?[0;34m         - @ConditionalOnClass did not find required class 'io.micrometer.dynatrace.DynatraceMeterRegistry' (OnClassCondition)
?[0m?[0;34m
?[0m?[0;34m   EhCacheCacheConfiguration:
?[0m?[0;34m      Did not match:
?[0m?[0;34m         - @ConditionalOnClass did not find required class 'net.sf.ehcache.Cache' (OnClassCondition)
?[0m?[0;34m
?[0m?[0;34m   ElasticMetricsExportAutoConfiguration:
?[0m?[0;34m      Did not match:
?[0m?[0;34m         - @ConditionalOnClass did not find required class 'io.micrometer.elastic.ElasticMeterRegistry' (OnClassCondition)
?[0m?[0;34m
?[0m?[0;34m   ElasticSearchReactiveHealthContributorAutoConfiguration:
?[0m?[0;34m      Did not match:
?[0m?[0;34m         - @ConditionalOnClass did not find required class 'reactor.core.publisher.Flux' (OnClassCondition)
?[0m?[0;34m
?[0m?[0;34m   ElasticSearchRestHealthContributorAutoConfiguration:
?[0m?[0;34m      Did not match:
?[0m?[0;34m         - @ConditionalOnClass did not find required class 'org.elasticsearch.client.RestHighLevelClient' (OnClassCondition)
?[0m?[0;34m
?[0m?[0;34m   ElasticsearchDataAutoConfiguration:
?[0m?[0;34m      Did not match:
?[0m?[0;34m         - @ConditionalOnClass did not find required class 'org.springframework.data.elasticsearch.core.ElasticsearchRestTemplate' (OnClassCondition)
?[0m?[0;34m
?[0m?[0;34m   ElasticsearchRepositoriesAutoConfiguration:
?[0m?[0;34m      Did not match:
?[0m?[0;34m         - @ConditionalOnClass did not find required class 'org.elasticsearch.client.Client' (OnClassCondition)
?[0m?[0;34m
?[0m?[0;34m   ElasticsearchRestClientAutoConfiguration:
?[0m?[0;34m      Did not match:
?[0m?[0;34m         - @ConditionalOnClass did not find required class 'org.elasticsearch.client.RestHighLevelClient' (OnClassCondition)
?[0m?[0;34m
?[0m?[0;34m   EmbeddedLdapAutoConfiguration:
?[0m?[0;34m      Did not match:
?[0m?[0;34m         - @ConditionalOnClass did not find required class 'com.unboundid.ldap.listener.InMemoryDirectoryServer' (OnClassCondition)
?[0m?[0;34m
?[0m?[0;34m   EmbeddedMongoAutoConfiguration:
?[0m?[0;34m      Did not match:
?[0m?[0;34m         - @ConditionalOnClass did not find required class 'com.mongodb.MongoClientSettings' (OnClassCondition)
?[0m?[0;34m
?[0m?[0;34m   EmbeddedWebServerFactoryCustomizerAutoConfiguration.JettyWebServerFactoryCustomizerConfiguration:
?[0m?[0;34m      Did not match:
?[0m?[0;34m         - @ConditionalOnClass did not find required classes 'org.eclipse.jetty.server.Server', 'org.eclipse.jetty.util.Loader', 'org.eclipse.jetty.webapp.WebAppContext' (OnClassCondition)
?[0m?[0;34m
?[0m?[0;34m   EmbeddedWebServerFactoryCustomizerAutoConfiguration.NettyWebServerFactoryCustomizerConfiguration:
?[0m?[0;34m      Did not match:
?[0m?[0;34m         - @ConditionalOnClass did not find required class 'reactor.netty.http.server.HttpServer' (OnClassCondition)
?[0m?[0;34m
?[0m?[0;34m   EmbeddedWebServerFactoryCustomizerAutoConfiguration.UndertowWebServerFactoryCustomizerConfiguration:
?[0m?[0;34m      Did not match:
?[0m?[0;34m         - @ConditionalOnClass did not find required classes 'io.undertow.Undertow', 'org.xnio.SslClientAuthMode' (OnClassCondition)
?[0m?[0;34m
?[0m?[0;34m   ErrorWebFluxAutoConfiguration:
?[0m?[0;34m      Did not match:
?[0m?[0;34m         - @ConditionalOnClass did not find required class 'org.springframework.web.reactive.config.WebFluxConfigurer' (OnClassCondition)
?[0m?[0;34m
?[0m?[0;34m   FlywayAutoConfiguration:
?[0m?[0;34m      Did not match:
?[0m?[0;34m         - @ConditionalOnClass did not find required class 'org.flywaydb.core.Flyway' (OnClassCondition)
?[0m?[0;34m
?[0m?[0;34m   FlywayEndpointAutoConfiguration:
?[0m?[0;34m      Did not match:
?[0m?[0;34m         - @ConditionalOnClass did not find required class 'org.flywaydb.core.Flyway' (OnClassCondition)
?[0m?[0;34m
?[0m?[0;34m   FreeMarkerAutoConfiguration:
?[0m?[0;34m      Did not match:
?[0m?[0;34m         - @ConditionalOnClass did not find required class 'freemarker.template.Configuration' (OnClassCondition)
?[0m?[0;34m
?[0m?[0;34m   GangliaMetricsExportAutoConfiguration:
?[0m?[0;34m      Did not match:
?[0m?[0;34m         - @ConditionalOnClass did not find required class 'io.micrometer.ganglia.GangliaMeterRegistry' (OnClassCondition)
?[0m?[0;34m
?[0m?[0;34m   GraphiteMetricsExportAutoConfiguration:
?[0m?[0;34m      Did not match:
?[0m?[0;34m         - @ConditionalOnClass did not find required class 'io.micrometer.graphite.GraphiteMeterRegistry' (OnClassCondition)
?[0m?[0;34m
?[0m?[0;34m   GroovyTemplateAutoConfiguration:
?[0m?[0;34m      Did not match:
?[0m?[0;34m         - @ConditionalOnClass did not find required class 'groovy.text.markup.MarkupTemplateEngine' (OnClassCondition)
?[0m?[0;34m
?[0m?[0;34m   GsonHttpMessageConvertersConfiguration.GsonHttpMessageConverterConfiguration:
?[0m?[0;34m      Did not match:
?[0m?[0;34m         - AnyNestedCondition 0 matched 2 did not; NestedCondition on GsonHttpMessageConvertersConfiguration.PreferGsonOrJacksonAndJsonbUnavailableCondition.JacksonJsonbUnavailable NoneNestedConditions 1 matched 1 did not; NestedCondition on GsonHttpMessageConvertersConfiguration.JacksonAndJsonbUnavailableCondition.JsonbPreferred @ConditionalOnProperty (spring.mvc.converters.preferred-json-mapper=jsonb) did not find property 'spring.mvc.converters.preferred-json-mapper'; NestedCondition on GsonHttpMessageConvertersConfiguration.JacksonAndJsonbUnavailableCondition.JacksonAvailable @ConditionalOnBean (types: org.springframework.http.converter.json.MappingJackson2HttpMessageConverter; SearchStrategy: all) found bean 'mappingJackson2HttpMessageConverter'; NestedCondition on GsonHttpMessageConvertersConfiguration.PreferGsonOrJacksonAndJsonbUnavailableCondition.GsonPreferred @ConditionalOnProperty (spring.mvc.converters.preferred-json-mapper=gson) did not find property 'spring.mvc.converters.preferred-json-mapper' (GsonHttpMessageConvertersConfiguration.PreferGsonOrJacksonAndJsonbUnavailableCondition)
?[0m?[0;34m
?[0m?[0;34m   HazelcastAutoConfiguration:
?[0m?[0;34m      Did not match:
?[0m?[0;34m         - @ConditionalOnClass did not find required class 'com.hazelcast.core.HazelcastInstance' (OnClassCondition)
?[0m?[0;34m
?[0m?[0;34m   HazelcastCacheConfiguration:
?[0m?[0;34m      Did not match:
?[0m?[0;34m         - @ConditionalOnClass did not find required class 'com.hazelcast.core.HazelcastInstance' (OnClassCondition)
?[0m?[0;34m
?[0m?[0;34m   HazelcastHealthContributorAutoConfiguration:
?[0m?[0;34m      Did not match:
?[0m?[0;34m         - @ConditionalOnClass did not find required class 'com.hazelcast.core.HazelcastInstance' (OnClassCondition)
?[0m?[0;34m
?[0m?[0;34m   HazelcastJpaDependencyAutoConfiguration:
?[0m?[0;34m      Did not match:
?[0m?[0;34m         - @ConditionalOnClass did not find required class 'com.hazelcast.core.HazelcastInstance' (OnClassCondition)
?[0m?[0;34m
?[0m?[0;34m   HealthEndpointReactiveWebExtensionConfiguration:
?[0m?[0;34m      Did not match:
?[0m?[0;34m         - did not find reactive web application classes (OnWebApplicationCondition)
?[0m?[0;34m
?[0m?[0;34m   HibernateMetricsAutoConfiguration:
?[0m?[0;34m      Did not match:
?[0m?[0;34m         - @ConditionalOnClass did not find required class 'org.hibernate.stat.HibernateMetrics' (OnClassCondition)
?[0m?[0;34m
?[0m?[0;34m   HttpHandlerAutoConfiguration:
?[0m?[0;34m      Did not match:
?[0m?[0;34m         - @ConditionalOnClass did not find required class 'org.springframework.web.reactive.DispatcherHandler' (OnClassCondition)
?[0m?[0;34m
?[0m?[0;34m   HttpTraceAutoConfiguration:
?[0m?[0;34m      Did not match:
?[0m?[0;34m         - @ConditionalOnBean (types: org.springframework.boot.actuate.trace.http.HttpTraceRepository; SearchStrategy: all) did not find any beans of type org.springframework.boot.actuate.trace.http.HttpTraceRepository (OnBeanCondition)
?[0m?[0;34m      Matched:
?[0m?[0;34m         - @ConditionalOnWebApplication (required) found 'session' scope (OnWebApplicationCondition)
?[0m?[0;34m         - @ConditionalOnProperty (management.trace.http.enabled) matched (OnPropertyCondition)
?[0m?[0;34m
?[0m?[0;34m   HttpTraceAutoConfiguration.ReactiveTraceFilterConfiguration:
?[0m?[0;34m      Did not match:
?[0m?[0;34m         - did not find reactive web application classes (OnWebApplicationCondition)
?[0m?[0;34m         - Ancestor org.springframework.boot.actuate.autoconfigure.trace.http.HttpTraceAutoConfiguration did not match (ConditionEvaluationReport.AncestorsMatchedCondition)
?[0m?[0;34m
?[0m?[0;34m   HttpTraceAutoConfiguration.ServletTraceFilterConfiguration:
?[0m?[0;34m      Did not match:
?[0m?[0;34m         - Ancestor org.springframework.boot.actuate.autoconfigure.trace.http.HttpTraceAutoConfiguration did not match (ConditionEvaluationReport.AncestorsMatchedCondition)
?[0m?[0;34m      Matched:
?[0m?[0;34m         - found 'session' scope (OnWebApplicationCondition)
?[0m?[0;34m
?[0m?[0;34m   HttpTraceEndpointAutoConfiguration#httpTraceEndpoint:
?[0m?[0;34m      Did not match:
?[0m?[0;34m         - @ConditionalOnBean (types: org.springframework.boot.actuate.trace.http.HttpTraceRepository; SearchStrategy: all) did not find any beans of type org.springframework.boot.actuate.trace.http.HttpTraceRepository (OnBeanCondition)
?[0m?[0;34m
?[0m?[0;34m   HumioMetricsExportAutoConfiguration:
?[0m?[0;34m      Did not match:
?[0m?[0;34m         - @ConditionalOnClass did not find required class 'io.micrometer.humio.HumioMeterRegistry' (OnClassCondition)
?[0m?[0;34m
?[0m?[0;34m   HypermediaAutoConfiguration:
?[0m?[0;34m      Did not match:
?[0m?[0;34m         - @ConditionalOnClass did not find required class 'org.springframework.hateoas.EntityModel' (OnClassCondition)
?[0m?[0;34m
?[0m?[0;34m   InfinispanCacheConfiguration:
?[0m?[0;34m      Did not match:
?[0m?[0;34m         - @ConditionalOnClass did not find required class 'org.infinispan.spring.embedded.provider.SpringEmbeddedCacheManager' (OnClassCondition)
?[0m?[0;34m
?[0m?[0;34m   InfluxDbAutoConfiguration:
?[0m?[0;34m      Did not match:
?[0m?[0;34m         - @ConditionalOnClass did not find required class 'org.influxdb.InfluxDB' (OnClassCondition)
?[0m?[0;34m
?[0m?[0;34m   InfluxDbHealthContributorAutoConfiguration:
?[0m?[0;34m      Did not match:
?[0m?[0;34m         - @ConditionalOnClass did not find required class 'org.influxdb.InfluxDB' (OnClassCondition)
?[0m?[0;34m
?[0m?[0;34m   InfluxMetricsExportAutoConfiguration:
?[0m?[0;34m      Did not match:
?[0m?[0;34m         - @ConditionalOnClass did not find required class 'io.micrometer.influx.InfluxMeterRegistry' (OnClassCondition)
?[0m?[0;34m
?[0m?[0;34m   InfoContributorAutoConfiguration#buildInfoContributor:
?[0m?[0;34m      Did not match:
?[0m?[0;34m         - @ConditionalOnSingleCandidate (types: org.springframework.boot.info.BuildProperties; SearchStrategy: all) did not find any beans (OnBeanCondition)
?[0m?[0;34m      Matched:
?[0m?[0;34m         - @ConditionalOnEnabledInfoContributor management.info.defaults.enabled is considered true (OnEnabledInfoContributorCondition)
?[0m?[0;34m
?[0m?[0;34m   InfoContributorAutoConfiguration#gitInfoContributor:
?[0m?[0;34m      Did not match:
?[0m?[0;34m         - @ConditionalOnSingleCandidate (types: org.springframework.boot.info.GitProperties; SearchStrategy: all) did not find any beans (OnBeanCondition)
?[0m?[0;34m      Matched:
?[0m?[0;34m         - @ConditionalOnEnabledInfoContributor management.info.defaults.enabled is considered true (OnEnabledInfoContributorCondition)
?[0m?[0;34m
?[0m?[0;34m   IntegrationAutoConfiguration:
?[0m?[0;34m      Did not match:
?[0m?[0;34m         - @ConditionalOnClass did not find required class 'org.springframework.integration.config.EnableIntegration' (OnClassCondition)
?[0m?[0;34m
?[0m?[0;34m   IntegrationGraphEndpointAutoConfiguration:
?[0m?[0;34m      Did not match:
?[0m?[0;34m         - @ConditionalOnClass did not find required class 'org.springframework.integration.graph.IntegrationGraphServer' (OnClassCondition)
?[0m?[0;34m
?[0m?[0;34m   JCacheCacheConfiguration:
?[0m?[0;34m      Did not match:
?[0m?[0;34m         - @ConditionalOnClass did not find required class 'javax.cache.Caching' (OnClassCondition)
?[0m?[0;34m
?[0m?[0;34m   JacksonHttpMessageConvertersConfiguration.MappingJackson2XmlHttpMessageConverterConfiguration:
?[0m?[0;34m      Did not match:
?[0m?[0;34m         - @ConditionalOnClass did not find required class 'com.fasterxml.jackson.dataformat.xml.XmlMapper' (OnClassCondition)
?[0m?[0;34m
?[0m?[0;34m   JdbcRepositoriesAutoConfiguration:
?[0m?[0;34m      Did not match:
?[0m?[0;34m         - @ConditionalOnClass did not find required class 'org.springframework.data.jdbc.repository.config.AbstractJdbcConfiguration' (OnClassCondition)
?[0m?[0;34m
?[0m?[0;34m   JerseyAutoConfiguration:
?[0m?[0;34m      Did not match:
?[0m?[0;34m         - @ConditionalOnClass did not find required class 'org.glassfish.jersey.server.spring.SpringComponentProvider' (OnClassCondition)
?[0m?[0;34m
?[0m?[0;34m   JerseySameManagementContextConfiguration:
?[0m?[0;34m      Did not match:
?[0m?[0;34m         - @ConditionalOnClass did not find required class 'org.glassfish.jersey.server.ResourceConfig' (OnClassCondition)
?[0m?[0;34m
?[0m?[0;34m   JerseyServerMetricsAutoConfiguration:
?[0m?[0;34m      Did not match:
?[0m?[0;34m         - @ConditionalOnClass did not find required class 'io.micrometer.jersey2.server.MetricsApplicationEventListener' (OnClassCondition)
?[0m?[0;34m
?[0m?[0;34m   JerseyWebEndpointManagementContextConfiguration:
?[0m?[0;34m      Did not match:
?[0m?[0;34m         - @ConditionalOnClass did not find required class 'org.glassfish.jersey.server.ResourceConfig' (OnClassCondition)
?[0m?[0;34m
?[0m?[0;34m   JettyMetricsAutoConfiguration:
?[0m?[0;34m      Did not match:
?[0m?[0;34m         - @ConditionalOnClass did not find required class 'org.eclipse.jetty.server.Server' (OnClassCondition)
?[0m?[0;34m
?[0m?[0;34m   JmsAutoConfiguration:
?[0m?[0;34m      Did not match:
?[0m?[0;34m         - @ConditionalOnClass did not find required class 'javax.jms.Message' (OnClassCondition)
?[0m?[0;34m
?[0m?[0;34m   JmsHealthContributorAutoConfiguration:
?[0m?[0;34m      Did not match:
?[0m?[0;34m         - @ConditionalOnClass did not find required class 'javax.jms.ConnectionFactory' (OnClassCondition)
?[0m?[0;34m
?[0m?[0;34m   JmxAutoConfiguration:
?[0m?[0;34m      Did not match:
?[0m?[0;34m         - @ConditionalOnProperty (spring.jmx.enabled=true) did not find property 'enabled' (OnPropertyCondition)
?[0m?[0;34m      Matched:
?[0m?[0;34m         - @ConditionalOnClass found required class 'org.springframework.jmx.export.MBeanExporter' (OnClassCondition)
?[0m?[0;34m
?[0m?[0;34m   JmxEndpointAutoConfiguration:
?[0m?[0;34m      Did not match:
?[0m?[0;34m         - @ConditionalOnProperty (spring.jmx.enabled=true) did not find property 'enabled' (OnPropertyCondition)
?[0m?[0;34m
?[0m?[0;34m   JmxMetricsExportAutoConfiguration:
?[0m?[0;34m      Did not match:
?[0m?[0;34m         - @ConditionalOnClass did not find required class 'io.micrometer.jmx.JmxMeterRegistry' (OnClassCondition)
?[0m?[0;34m
?[0m?[0;34m   JndiConnectionFactoryAutoConfiguration:
?[0m?[0;34m      Did not match:
?[0m?[0;34m         - @ConditionalOnClass did not find required class 'org.springframework.jms.core.JmsTemplate' (OnClassCondition)
?[0m?[0;34m
?[0m?[0;34m   JndiDataSourceAutoConfiguration:
?[0m?[0;34m      Did not match:
?[0m?[0;34m         - @ConditionalOnProperty (spring.datasource.jndi-name) did not find property 'jndi-name' (OnPropertyCondition)
?[0m?[0;34m      Matched:
?[0m?[0;34m         - @ConditionalOnClass found required classes 'javax.sql.DataSource', 'org.springframework.jdbc.datasource.embedded.EmbeddedDatabaseType' (OnClassCondition)
?[0m?[0;34m
?[0m?[0;34m   JndiJtaConfiguration:
?[0m?[0;34m      Did not match:
?[0m?[0;34m         - @ConditionalOnJndi JNDI environment is not available (OnJndiCondition)
?[0m?[0;34m      Matched:
?[0m?[0;34m         - @ConditionalOnClass found required class 'org.springframework.transaction.jta.JtaTransactionManager' (OnClassCondition)
?[0m?[0;34m
?[0m?[0;34m   JolokiaEndpointAutoConfiguration:
?[0m?[0;34m      Did not match:
?[0m?[0;34m         - @ConditionalOnClass did not find required class 'org.jolokia.http.AgentServlet' (OnClassCondition)
?[0m?[0;34m
?[0m?[0;34m   JooqAutoConfiguration:
?[0m?[0;34m      Did not match:
?[0m?[0;34m         - @ConditionalOnClass did not find required class 'org.jooq.DSLContext' (OnClassCondition)
?[0m?[0;34m
?[0m?[0;34m   JpaRepositoriesAutoConfiguration#entityManagerFactoryBootstrapExecutorCustomizer:
?[0m?[0;34m      Did not match:
?[0m?[0;34m         - AnyNestedCondition 0 matched 2 did not; NestedCondition on JpaRepositoriesAutoConfiguration.BootstrapExecutorCondition.LazyBootstrapMode @ConditionalOnProperty (spring.data.jpa.repositories.bootstrap-mode=lazy) did not find property 'bootstrap-mode'; NestedCondition on JpaRepositoriesAutoConfiguration.BootstrapExecutorCondition.DeferredBootstrapMode @ConditionalOnProperty (spring.data.jpa.repositories.bootstrap-mode=deferred) did not find property 'bootstrap-mode' (JpaRepositoriesAutoConfiguration.BootstrapExecutorCondition)
?[0m?[0;34m
?[0m?[0;34m   JsonbAutoConfiguration:
?[0m?[0;34m      Did not match:
?[0m?[0;34m         - @ConditionalOnClass did not find required class 'javax.json.bind.Jsonb' (OnClassCondition)
?[0m?[0;34m
?[0m?[0;34m   JsonbHttpMessageConvertersConfiguration:
?[0m?[0;34m      Did not match:
?[0m?[0;34m         - @ConditionalOnClass did not find required class 'javax.json.bind.Jsonb' (OnClassCondition)
?[0m?[0;34m
?[0m?[0;34m   KafkaAutoConfiguration:
?[0m?[0;34m      Did not match:
?[0m?[0;34m         - @ConditionalOnClass did not find required class 'org.springframework.kafka.core.KafkaTemplate' (OnClassCondition)
?[0m?[0;34m
?[0m?[0;34m   KafkaMetricsAutoConfiguration:
?[0m?[0;34m      Did not match:
?[0m?[0;34m         - @ConditionalOnClass did not find required class 'org.springframework.kafka.core.ProducerFactory' (OnClassCondition)
?[0m?[0;34m
?[0m?[0;34m   KairosMetricsExportAutoConfiguration:
?[0m?[0;34m      Did not match:
?[0m?[0;34m         - @ConditionalOnClass did not find required class 'io.micrometer.kairos.KairosMeterRegistry' (OnClassCondition)
?[0m?[0;34m
?[0m?[0;34m   LdapAutoConfiguration:
?[0m?[0;34m      Did not match:
?[0m?[0;34m         - @ConditionalOnClass did not find required class 'org.springframework.ldap.core.ContextSource' (OnClassCondition)
?[0m?[0;34m
?[0m?[0;34m   LdapHealthContributorAutoConfiguration:
?[0m?[0;34m      Did not match:
?[0m?[0;34m         - @ConditionalOnClass did not find required class 'org.springframework.ldap.core.LdapOperations' (OnClassCondition)
?[0m?[0;34m
?[0m?[0;34m   LdapRepositoriesAutoConfiguration:
?[0m?[0;34m      Did not match:
?[0m?[0;34m         - @ConditionalOnClass did not find required class 'org.springframework.data.ldap.repository.LdapRepository' (OnClassCondition)
?[0m?[0;34m
?[0m?[0;34m   LiquibaseAutoConfiguration:
?[0m?[0;34m      Did not match:
?[0m?[0;34m         - @ConditionalOnClass did not find required class 'liquibase.change.DatabaseChange' (OnClassCondition)
?[0m?[0;34m
?[0m?[0;34m   LiquibaseEndpointAutoConfiguration:
?[0m?[0;34m      Did not match:
?[0m?[0;34m         - @ConditionalOnClass did not find required class 'liquibase.integration.spring.SpringLiquibase' (OnClassCondition)
?[0m?[0;34m
?[0m?[0;34m   Log4J2MetricsAutoConfiguration:
?[0m?[0;34m      Did not match:
?[0m?[0;34m         - @ConditionalOnClass did not find required class 'org.apache.logging.log4j.core.LoggerContext' (OnClassCondition)
?[0m?[0;34m
?[0m?[0;34m   MailHealthContributorAutoConfiguration:
?[0m?[0;34m      Did not match:
?[0m?[0;34m         - @ConditionalOnClass did not find required class 'org.springframework.mail.javamail.JavaMailSenderImpl' (OnClassCondition)
?[0m?[0;34m
?[0m?[0;34m   MailSenderAutoConfiguration:
?[0m?[0;34m      Did not match:
?[0m?[0;34m         - @ConditionalOnClass did not find required class 'javax.mail.internet.MimeMessage' (OnClassCondition)
?[0m?[0;34m
?[0m?[0;34m   MailSenderValidatorAutoConfiguration:
?[0m?[0;34m      Did not match:
?[0m?[0;34m         - @ConditionalOnSingleCandidate did not find required type 'org.springframework.mail.javamail.JavaMailSenderImpl' (OnBeanCondition)
?[0m?[0;34m
?[0m?[0;34m   ManagementContextAutoConfiguration.DifferentManagementContextConfiguration:
?[0m?[0;34m      Did not match:
?[0m?[0;34m         - Management Port actual port type (SAME) did not match required type (DIFFERENT) (OnManagementPortCondition)
?[0m?[0;34m
?[0m?[0;34m   ManagementWebSecurityAutoConfiguration:
?[0m?[0;34m      Did not match:
?[0m?[0;34m         - AllNestedConditions 1 matched 1 did not; NestedCondition on DefaultWebSecurityCondition.Beans @ConditionalOnMissingBean (types: org.springframework.security.config.annotation.web.configuration.WebSecurityConfigurerAdapter,org.springframework.security.web.SecurityFilterChain; SearchStrategy: all) found beans of type 'org.springframework.security.web.SecurityFilterChain' securityFilterChain; NestedCondition on DefaultWebSecurityCondition.Classes @ConditionalOnClass found required classes 'org.springframework.security.web.SecurityFilterChain', 'org.springframework.security.config.annotation.web.builders.HttpSecurity' (DefaultWebSecurityCondition)
?[0m?[0;34m      Matched:
?[0m?[0;34m         - found 'session' scope (OnWebApplicationCondition)
?[0m?[0;34m
?[0m?[0;34m   MappingsEndpointAutoConfiguration.ReactiveWebConfiguration:
?[0m?[0;34m      Did not match:
?[0m?[0;34m         - @ConditionalOnClass did not find required class 'org.springframework.web.reactive.DispatcherHandler' (OnClassCondition)
?[0m?[0;34m
?[0m?[0;34m   MessageSourceAutoConfiguration:
?[0m?[0;34m      Did not match:
?[0m?[0;34m         - ResourceBundle did not find bundle with basename messages (MessageSourceAutoConfiguration.ResourceBundleCondition)
?[0m?[0;34m
?[0m?[0;34m   MongoAutoConfiguration:
?[0m?[0;34m      Did not match:
?[0m?[0;34m         - @ConditionalOnClass did not find required class 'com.mongodb.client.MongoClient' (OnClassCondition)
?[0m?[0;34m
?[0m?[0;34m   MongoDataAutoConfiguration:
?[0m?[0;34m      Did not match:
?[0m?[0;34m         - @ConditionalOnClass did not find required class 'com.mongodb.client.MongoClient' (OnClassCondition)
?[0m?[0;34m
?[0m?[0;34m   MongoHealthContributorAutoConfiguration:
?[0m?[0;34m      Did not match:
?[0m?[0;34m         - @ConditionalOnClass did not find required class 'org.springframework.data.mongodb.core.MongoTemplate' (OnClassCondition)
?[0m?[0;34m
?[0m?[0;34m   MongoMetricsAutoConfiguration:
?[0m?[0;34m      Did not match:
?[0m?[0;34m         - @ConditionalOnClass did not find required class 'com.mongodb.MongoClientSettings' (OnClassCondition)
?[0m?[0;34m
?[0m?[0;34m   MongoReactiveAutoConfiguration:
?[0m?[0;34m      Did not match:
?[0m?[0;34m         - @ConditionalOnClass did not find required class 'com.mongodb.reactivestreams.client.MongoClient' (OnClassCondition)
?[0m?[0;34m
?[0m?[0;34m   MongoReactiveDataAutoConfiguration:
?[0m?[0;34m      Did not match:
?[0m?[0;34m         - @ConditionalOnClass did not find required class 'com.mongodb.reactivestreams.client.MongoClient' (OnClassCondition)
?[0m?[0;34m
?[0m?[0;34m   MongoReactiveHealthContributorAutoConfiguration:
?[0m?[0;34m      Did not match:
?[0m?[0;34m         - @ConditionalOnClass did not find required class 'reactor.core.publisher.Flux' (OnClassCondition)
?[0m?[0;34m
?[0m?[0;34m   MongoReactiveRepositoriesAutoConfiguration:
?[0m?[0;34m      Did not match:
?[0m?[0;34m         - @ConditionalOnClass did not find required class 'com.mongodb.reactivestreams.client.MongoClient' (OnClassCondition)
?[0m?[0;34m
?[0m?[0;34m   MongoRepositoriesAutoConfiguration:
?[0m?[0;34m      Did not match:
?[0m?[0;34m         - @ConditionalOnClass did not find required class 'com.mongodb.client.MongoClient' (OnClassCondition)
?[0m?[0;34m
?[0m?[0;34m   MustacheAutoConfiguration:
?[0m?[0;34m      Did not match:
?[0m?[0;34m         - @ConditionalOnClass did not find required class 'com.samskivert.mustache.Mustache' (OnClassCondition)
?[0m?[0;34m
?[0m?[0;34m   Neo4jAutoConfiguration:
?[0m?[0;34m      Did not match:
?[0m?[0;34m         - @ConditionalOnClass did not find required class 'org.neo4j.driver.Driver' (OnClassCondition)
?[0m?[0;34m
?[0m?[0;34m   Neo4jDataAutoConfiguration:
?[0m?[0;34m      Did not match:
?[0m?[0;34m         - @ConditionalOnClass did not find required class 'org.neo4j.driver.Driver' (OnClassCondition)
?[0m?[0;34m
?[0m?[0;34m   Neo4jHealthContributorAutoConfiguration:
?[0m?[0;34m      Did not match:
?[0m?[0;34m         - @ConditionalOnClass did not find required class 'org.neo4j.driver.Driver' (OnClassCondition)
?[0m?[0;34m
?[0m?[0;34m   Neo4jReactiveDataAutoConfiguration:
?[0m?[0;34m      Did not match:
?[0m?[0;34m         - @ConditionalOnClass did not find required class 'org.neo4j.driver.Driver' (OnClassCondition)
?[0m?[0;34m
?[0m?[0;34m   Neo4jReactiveRepositoriesAutoConfiguration:
?[0m?[0;34m      Did not match:
?[0m?[0;34m         - @ConditionalOnClass did not find required class 'org.neo4j.driver.Driver' (OnClassCondition)
?[0m?[0;34m
?[0m?[0;34m   Neo4jRepositoriesAutoConfiguration:
?[0m?[0;34m      Did not match:
?[0m?[0;34m         - @ConditionalOnClass did not find required class 'org.neo4j.driver.Driver' (OnClassCondition)
?[0m?[0;34m
?[0m?[0;34m   NettyAutoConfiguration:
?[0m?[0;34m      Did not match:
?[0m?[0;34m         - @ConditionalOnClass did not find required class 'io.netty.util.NettyRuntime' (OnClassCondition)
?[0m?[0;34m
?[0m?[0;34m   NewRelicMetricsExportAutoConfiguration:
?[0m?[0;34m      Did not match:
?[0m?[0;34m         - @ConditionalOnClass did not find required class 'io.micrometer.newrelic.NewRelicMeterRegistry' (OnClassCondition)
?[0m?[0;34m
?[0m?[0;34m   NoOpMeterRegistryConfiguration:
?[0m?[0;34m      Did not match:
?[0m?[0;34m         - @ConditionalOnMissingBean (types: io.micrometer.core.instrument.MeterRegistry; SearchStrategy: all) found beans of type 'io.micrometer.core.instrument.MeterRegistry' simpleMeterRegistry (OnBeanCondition)
?[0m?[0;34m
?[0m?[0;34m   OAuth2ClientAutoConfiguration:
?[0m?[0;34m      Did not match:
?[0m?[0;34m         - @ConditionalOnClass did not find required class 'org.springframework.security.oauth2.client.registration.ClientRegistration' (OnClassCondition)
?[0m?[0;34m
?[0m?[0;34m   OAuth2ResourceServerAutoConfiguration:
?[0m?[0;34m      Did not match:
?[0m?[0;34m         - @ConditionalOnClass did not find required class 'org.springframework.security.oauth2.server.resource.BearerTokenAuthenticationToken' (OnClassCondition)
?[0m?[0;34m
?[0m?[0;34m   ProjectInfoAutoConfiguration#buildProperties:
?[0m?[0;34m      Did not match:
?[0m?[0;34m         - @ConditionalOnResource did not find resource '${spring.info.build.location:classpath:META-INF/build-info.properties}' (OnResourceCondition)
?[0m?[0;34m
?[0m?[0;34m   ProjectInfoAutoConfiguration#gitProperties:
?[0m?[0;34m      Did not match:
?[0m?[0;34m         - GitResource did not find git info at classpath:git.properties (ProjectInfoAutoConfiguration.GitResourceAvailableCondition)
?[0m?[0;34m
?[0m?[0;34m   PrometheusMetricsExportAutoConfiguration:
?[0m?[0;34m      Did not match:
?[0m?[0;34m         - @ConditionalOnClass did not find required class 'io.micrometer.prometheus.PrometheusMeterRegistry' (OnClassCondition)
?[0m?[0;34m
?[0m?[0;34m   QuartzAutoConfiguration:
?[0m?[0;34m      Did not match:
?[0m?[0;34m         - @ConditionalOnClass did not find required class 'org.quartz.Scheduler' (OnClassCondition)
?[0m?[0;34m
?[0m?[0;34m   QuartzEndpointAutoConfiguration:
?[0m?[0;34m      Did not match:
?[0m?[0;34m         - @ConditionalOnClass did not find required class 'org.quartz.Scheduler' (OnClassCondition)
?[0m?[0;34m
?[0m?[0;34m   R2dbcAutoConfiguration:
?[0m?[0;34m      Did not match:
?[0m?[0;34m         - @ConditionalOnClass did not find required class 'io.r2dbc.spi.ConnectionFactory' (OnClassCondition)
?[0m?[0;34m
?[0m?[0;34m   R2dbcDataAutoConfiguration:
?[0m?[0;34m      Did not match:
?[0m?[0;34m         - @ConditionalOnClass did not find required class 'org.springframework.data.r2dbc.core.R2dbcEntityTemplate' (OnClassCondition)
?[0m?[0;34m
?[0m?[0;34m   R2dbcInitializationConfiguration:
?[0m?[0;34m      Did not match:
?[0m?[0;34m         - @ConditionalOnClass did not find required classes 'io.r2dbc.spi.ConnectionFactory', 'org.springframework.r2dbc.connection.init.DatabasePopulator' (OnClassCondition)
?[0m?[0;34m
?[0m?[0;34m   R2dbcRepositoriesAutoConfiguration:
?[0m?[0;34m      Did not match:
?[0m?[0;34m         - @ConditionalOnClass did not find required class 'io.r2dbc.spi.ConnectionFactory' (OnClassCondition)
?[0m?[0;34m
?[0m?[0;34m   R2dbcTransactionManagerAutoConfiguration:
?[0m?[0;34m      Did not match:
?[0m?[0;34m         - @ConditionalOnClass did not find required class 'org.springframework.r2dbc.connection.R2dbcTransactionManager' (OnClassCondition)
?[0m?[0;34m
?[0m?[0;34m   RSocketMessagingAutoConfiguration:
?[0m?[0;34m      Did not match:
?[0m?[0;34m         - @ConditionalOnClass did not find required class 'io.rsocket.RSocket' (OnClassCondition)
?[0m?[0;34m
?[0m?[0;34m   RSocketRequesterAutoConfiguration:
?[0m?[0;34m      Did not match:
?[0m?[0;34m         - @ConditionalOnClass did not find required class 'io.rsocket.RSocket' (OnClassCondition)
?[0m?[0;34m
?[0m?[0;34m   RSocketSecurityAutoConfiguration:
?[0m?[0;34m      Did not match:
?[0m?[0;34m         - @ConditionalOnClass did not find required class 'org.springframework.security.rsocket.core.SecuritySocketAcceptorInterceptor' (OnClassCondition)
?[0m?[0;34m
?[0m?[0;34m   RSocketServerAutoConfiguration:
?[0m?[0;34m      Did not match:
?[0m?[0;34m         - @ConditionalOnClass did not find required class 'io.rsocket.core.RSocketServer' (OnClassCondition)
?[0m?[0;34m
?[0m?[0;34m   RSocketStrategiesAutoConfiguration:
?[0m?[0;34m      Did not match:
?[0m?[0;34m         - @ConditionalOnClass did not find required class 'io.netty.buffer.PooledByteBufAllocator' (OnClassCondition)
?[0m?[0;34m
?[0m?[0;34m   RabbitAutoConfiguration:
?[0m?[0;34m      Did not match:
?[0m?[0;34m         - @ConditionalOnClass did not find required class 'com.rabbitmq.client.Channel' (OnClassCondition)
?[0m?[0;34m
?[0m?[0;34m   RabbitHealthContributorAutoConfiguration:
?[0m?[0;34m      Did not match:
?[0m?[0;34m         - @ConditionalOnClass did not find required class 'org.springframework.amqp.rabbit.core.RabbitTemplate' (OnClassCondition)
?[0m?[0;34m
?[0m?[0;34m   RabbitMetricsAutoConfiguration:
?[0m?[0;34m      Did not match:
?[0m?[0;34m         - @ConditionalOnClass did not find required class 'com.rabbitmq.client.ConnectionFactory' (OnClassCondition)
?[0m?[0;34m
?[0m?[0;34m   ReactiveCloudFoundryActuatorAutoConfiguration:
?[0m?[0;34m      Did not match:
?[0m?[0;34m         - @ConditionalOnWebApplication did not find reactive web application classes (OnWebApplicationCondition)
?[0m?[0;34m
?[0m?[0;34m   ReactiveElasticsearchRepositoriesAutoConfiguration:
?[0m?[0;34m      Did not match:
?[0m?[0;34m         - @ConditionalOnClass did not find required class 'org.springframework.data.elasticsearch.client.reactive.ReactiveElasticsearchClient' (OnClassCondition)
?[0m?[0;34m
?[0m?[0;34m   ReactiveElasticsearchRestClientAutoConfiguration:
?[0m?[0;34m      Did not match:
?[0m?[0;34m         - @ConditionalOnClass did not find required class 'reactor.netty.http.client.HttpClient' (OnClassCondition)
?[0m?[0;34m
?[0m?[0;34m   ReactiveHealthEndpointConfiguration:
?[0m?[0;34m      Did not match:
?[0m?[0;34m         - @ConditionalOnClass did not find required class 'reactor.core.publisher.Flux' (OnClassCondition)
?[0m?[0;34m
?[0m?[0;34m   ReactiveManagementContextAutoConfiguration:
?[0m?[0;34m      Did not match:
?[0m?[0;34m         - @ConditionalOnClass did not find required class 'reactor.core.publisher.Flux' (OnClassCondition)
?[0m?[0;34m
?[0m?[0;34m   ReactiveManagementWebSecurityAutoConfiguration:
?[0m?[0;34m      Did not match:
?[0m?[0;34m         - @ConditionalOnWebApplication did not find reactive web application classes (OnWebApplicationCondition)
?[0m?[0;34m
?[0m?[0;34m   ReactiveOAuth2ClientAutoConfiguration:
?[0m?[0;34m      Did not match:
?[0m?[0;34m         - @ConditionalOnClass did not find required class 'reactor.core.publisher.Flux' (OnClassCondition)
?[0m?[0;34m
?[0m?[0;34m   ReactiveOAuth2ResourceServerAutoConfiguration:
?[0m?[0;34m      Did not match:
?[0m?[0;34m         - @ConditionalOnWebApplication did not find reactive web application classes (OnWebApplicationCondition)
?[0m?[0;34m
?[0m?[0;34m   ReactiveSecurityAutoConfiguration:
?[0m?[0;34m      Did not match:
?[0m?[0;34m         - @ConditionalOnClass did not find required class 'reactor.core.publisher.Flux' (OnClassCondition)
?[0m?[0;34m
?[0m?[0;34m   ReactiveUserDetailsServiceAutoConfiguration:
?[0m?[0;34m      Did not match:
?[0m?[0;34m         - AnyNestedCondition 0 matched 2 did not; NestedCondition on ReactiveUserDetailsServiceAutoConfiguration.ReactiveUserDetailsServiceCondition.ReactiveWebApplicationCondition did not find reactive web application classes; NestedCondition on ReactiveUserDetailsServiceAutoConfiguration.ReactiveUserDetailsServiceCondition.RSocketSecurityEnabledCondition @ConditionalOnBean (types: org.springframework.messaging.rsocket.annotation.support.RSocketMessageHandler; SearchStrategy: all) did not find any beans of type org.springframework.messaging.rsocket.annotation.support.RSocketMessageHandler (ReactiveUserDetailsServiceAutoConfiguration.ReactiveUserDetailsServiceCondition)
?[0m?[0;34m      Matched:
?[0m?[0;34m         - @ConditionalOnClass found required class 'org.springframework.security.authentication.ReactiveAuthenticationManager' (OnClassCondition)
?[0m?[0;34m
?[0m?[0;34m   ReactiveWebServerFactoryAutoConfiguration:
?[0m?[0;34m      Did not match:
?[0m?[0;34m         - @ConditionalOnWebApplication did not find reactive web application classes (OnWebApplicationCondition)
?[0m?[0;34m
?[0m?[0;34m   RedisAutoConfiguration:
?[0m?[0;34m      Did not match:
?[0m?[0;34m         - @ConditionalOnClass did not find required class 'org.springframework.data.redis.core.RedisOperations' (OnClassCondition)
?[0m?[0;34m
?[0m?[0;34m   RedisCacheConfiguration:
?[0m?[0;34m      Did not match:
?[0m?[0;34m         - @ConditionalOnClass did not find required class 'org.springframework.data.redis.connection.RedisConnectionFactory' (OnClassCondition)
?[0m?[0;34m
?[0m?[0;34m   RedisHealthContributorAutoConfiguration:
?[0m?[0;34m      Did not match:
?[0m?[0;34m         - @ConditionalOnClass did not find required class 'org.springframework.data.redis.connection.RedisConnectionFactory' (OnClassCondition)
?[0m?[0;34m
?[0m?[0;34m   RedisReactiveAutoConfiguration:
?[0m?[0;34m      Did not match:
?[0m?[0;34m         - @ConditionalOnClass did not find required class 'reactor.core.publisher.Flux' (OnClassCondition)
?[0m?[0;34m
?[0m?[0;34m   RedisReactiveHealthContributorAutoConfiguration:
?[0m?[0;34m      Did not match:
?[0m?[0;34m         - @ConditionalOnClass did not find required class 'reactor.core.publisher.Flux' (OnClassCondition)
?[0m?[0;34m
?[0m?[0;34m   RedisRepositoriesAutoConfiguration:
?[0m?[0;34m      Did not match:
?[0m?[0;34m         - @ConditionalOnClass did not find required class 'org.springframework.data.redis.repository.configuration.EnableRedisRepositories' (OnClassCondition)
?[0m?[0;34m
?[0m?[0;34m   RepositoryRestMvcAutoConfiguration:
?[0m?[0;34m      Did not match:
?[0m?[0;34m         - @ConditionalOnClass did not find required class 'org.springframework.data.rest.webmvc.config.RepositoryRestMvcConfiguration' (OnClassCondition)
?[0m?[0;34m
?[0m?[0;34m   Saml2RelyingPartyAutoConfiguration:
?[0m?[0;34m      Did not match:
?[0m?[0;34m         - @ConditionalOnClass did not find required class 'org.springframework.security.saml2.provider.service.registration.RelyingPartyRegistrationRepository' (OnClassCondition)
?[0m?[0;34m
?[0m?[0;34m   SecurityDataConfiguration:
?[0m?[0;34m      Did not match:
?[0m?[0;34m         - @ConditionalOnClass did not find required class 'org.springframework.security.data.repository.query.SecurityEvaluationContextExtension' (OnClassCondition)
?[0m?[0;34m
?[0m?[0;34m   SecurityRequestMatchersManagementContextConfiguration.JerseyRequestMatcherConfiguration:
?[0m?[0;34m      Did not match:
?[0m?[0;34m         - @ConditionalOnClass did not find required class 'org.glassfish.jersey.server.ResourceConfig' (OnClassCondition)
?[0m?[0;34m
?[0m?[0;34m   SendGridAutoConfiguration:
?[0m?[0;34m      Did not match:
?[0m?[0;34m         - @ConditionalOnClass did not find required class 'com.sendgrid.SendGrid' (OnClassCondition)
?[0m?[0;34m
?[0m?[0;34m   ServletEndpointManagementContextConfiguration.JerseyServletEndpointManagementContextConfiguration:
?[0m?[0;34m      Did not match:
?[0m?[0;34m         - @ConditionalOnClass did not find required class 'org.glassfish.jersey.server.ResourceConfig' (OnClassCondition)
?[0m?[0;34m
?[0m?[0;34m   ServletManagementContextAutoConfiguration.ApplicationContextFilterConfiguration:
?[0m?[0;34m      Did not match:
?[0m?[0;34m         - @ConditionalOnProperty (management.server.add-application-context-header=true) did not find property 'add-application-context-header' (OnPropertyCondition)
?[0m?[0;34m
?[0m?[0;34m   ServletWebServerFactoryAutoConfiguration#forwardedHeaderFilter:
?[0m?[0;34m      Did not match:
?[0m?[0;34m         - @ConditionalOnProperty (server.forward-headers-strategy=framework) did not find property 'server.forward-headers-strategy' (OnPropertyCondition)
?[0m?[0;34m
?[0m?[0;34m   ServletWebServerFactoryConfiguration.EmbeddedJetty:
?[0m?[0;34m      Did not match:
?[0m?[0;34m         - @ConditionalOnClass did not find required classes 'org.eclipse.jetty.server.Server', 'org.eclipse.jetty.util.Loader', 'org.eclipse.jetty.webapp.WebAppContext' (OnClassCondition)
?[0m?[0;34m
?[0m?[0;34m   ServletWebServerFactoryConfiguration.EmbeddedUndertow:
?[0m?[0;34m      Did not match:
?[0m?[0;34m         - @ConditionalOnClass did not find required classes 'io.undertow.Undertow', 'org.xnio.SslClientAuthMode' (OnClassCondition)
?[0m?[0;34m
?[0m?[0;34m   SessionAutoConfiguration:
?[0m?[0;34m      Did not match:
?[0m?[0;34m         - @ConditionalOnClass did not find required class 'org.springframework.session.Session' (OnClassCondition)
?[0m?[0;34m
?[0m?[0;34m   SessionsEndpointAutoConfiguration:
?[0m?[0;34m      Did not match:
?[0m?[0;34m         - @ConditionalOnClass did not find required class 'org.springframework.session.FindByIndexNameSessionRepository' (OnClassCondition)
?[0m?[0;34m
?[0m?[0;34m   SignalFxMetricsExportAutoConfiguration:
?[0m?[0;34m      Did not match:
?[0m?[0;34m         - @ConditionalOnClass did not find required class 'io.micrometer.signalfx.SignalFxMeterRegistry' (OnClassCondition)
?[0m?[0;34m
?[0m?[0;34m   SolrAutoConfiguration:
?[0m?[0;34m      Did not match:
?[0m?[0;34m         - @ConditionalOnClass did not find required class 'org.apache.solr.client.solrj.impl.CloudSolrClient' (OnClassCondition)
?[0m?[0;34m
?[0m?[0;34m   SolrHealthContributorAutoConfiguration:
?[0m?[0;34m      Did not match:
?[0m?[0;34m         - @ConditionalOnClass did not find required class 'org.apache.solr.client.solrj.SolrClient' (OnClassCondition)
?[0m?[0;34m
?[0m?[0;34m   SpringApplicationAdminJmxAutoConfiguration:
?[0m?[0;34m      Did not match:
?[0m?[0;34m         - @ConditionalOnProperty (spring.application.admin.enabled=true) did not find property 'enabled' (OnPropertyCondition)
?[0m?[0;34m
?[0m?[0;34m   SpringBootWebSecurityConfiguration:
?[0m?[0;34m      Did not match:
?[0m?[0;34m         - AllNestedConditions 1 matched 1 did not; NestedCondition on DefaultWebSecurityCondition.Beans @ConditionalOnMissingBean (types: org.springframework.security.config.annotation.web.configuration.WebSecurityConfigurerAdapter,org.springframework.security.web.SecurityFilterChain; SearchStrategy: all) found beans of type 'org.springframework.security.web.SecurityFilterChain' securityFilterChain; NestedCondition on DefaultWebSecurityCondition.Classes @ConditionalOnClass found required classes 'org.springframework.security.web.SecurityFilterChain', 'org.springframework.security.config.annotation.web.builders.HttpSecurity' (DefaultWebSecurityCondition)
?[0m?[0;34m      Matched:
?[0m?[0;34m         - found 'session' scope (OnWebApplicationCondition)
?[0m?[0;34m
?[0m?[0;34m   StackdriverMetricsExportAutoConfiguration:
?[0m?[0;34m      Did not match:
?[0m?[0;34m         - @ConditionalOnClass did not find required class 'io.micrometer.stackdriver.StackdriverMeterRegistry' (OnClassCondition)
?[0m?[0;34m
?[0m?[0;34m   StartupEndpointAutoConfiguration:
?[0m?[0;34m      Did not match:
?[0m?[0;34m         - ApplicationStartup configured applicationStartup is of type class org.springframework.core.metrics.DefaultApplicationStartup, expected BufferingApplicationStartup. (StartupEndpointAutoConfiguration.ApplicationStartupCondition)
?[0m?[0;34m
?[0m?[0;34m   StatsdMetricsExportAutoConfiguration:
?[0m?[0;34m      Did not match:
?[0m?[0;34m         - @ConditionalOnClass did not find required class 'io.micrometer.statsd.StatsdMeterRegistry' (OnClassCondition)
?[0m?[0;34m
?[0m?[0;34m   TaskSchedulingAutoConfiguration#taskScheduler:
?[0m?[0;34m      Did not match:
?[0m?[0;34m         - @ConditionalOnBean (names: org.springframework.context.annotation.internalScheduledAnnotationProcessor; SearchStrategy: all) did not find any beans named org.springframework.context.annotation.internalScheduledAnnotationProcessor (OnBeanCondition)
?[0m?[0;34m
?[0m?[0;34m   ThymeleafAutoConfiguration:
?[0m?[0;34m      Did not match:
?[0m?[0;34m         - @ConditionalOnClass did not find required class 'org.thymeleaf.spring5.SpringTemplateEngine' (OnClassCondition)
?[0m?[0;34m
?[0m?[0;34m   TransactionAutoConfiguration#transactionalOperator:
?[0m?[0;34m      Did not match:
?[0m?[0;34m         - @ConditionalOnSingleCandidate (types: org.springframework.transaction.ReactiveTransactionManager; SearchStrategy: all) did not find any beans (OnBeanCondition)
?[0m?[0;34m
?[0m?[0;34m   TransactionAutoConfiguration.EnableTransactionManagementConfiguration.JdkDynamicAutoProxyConfiguration:
?[0m?[0;34m      Did not match:
?[0m?[0;34m         - @ConditionalOnProperty (spring.aop.proxy-target-class=false) did not find property 'proxy-target-class' (OnPropertyCondition)
?[0m?[0;34m
?[0m?[0;34m   UserDetailsServiceAutoConfiguration:
?[0m?[0;34m      Did not match:
?[0m?[0;34m         - @ConditionalOnMissingBean (types: org.springframework.security.authentication.AuthenticationManager,org.springframework.security.authentication.AuthenticationProvider,org.springframework.security.core.userdetails.UserDetailsService,org.springframework.security.oauth2.jwt.JwtDecoder,org.springframework.security.oauth2.server.resource.introspection.OpaqueTokenIntrospector; SearchStrategy: all) found beans of type 'org.springframework.security.core.userdetails.UserDetailsService' securityUserDetailsService, userDetailsService and found beans of type 'org.springframework.security.authentication.AuthenticationProvider' authenticationProvider (OnBeanCondition)
?[0m?[0;34m      Matched:
?[0m?[0;34m         - @ConditionalOnClass found required class 'org.springframework.security.authentication.AuthenticationManager' (OnClassCondition)
?[0m?[0;34m
?[0m?[0;34m   WavefrontMetricsExportAutoConfiguration:
?[0m?[0;34m      Did not match:
?[0m?[0;34m         - @ConditionalOnClass did not find required class 'com.wavefront.sdk.common.WavefrontSender' (OnClassCondition)
?[0m?[0;34m
?[0m?[0;34m   WebClientAutoConfiguration:
?[0m?[0;34m      Did not match:
?[0m?[0;34m         - @ConditionalOnClass did not find required class 'org.springframework.web.reactive.function.client.WebClient' (OnClassCondition)
?[0m?[0;34m
?[0m?[0;34m   WebClientMetricsConfiguration:
?[0m?[0;34m      Did not match:
?[0m?[0;34m         - @ConditionalOnClass did not find required class 'org.springframework.web.reactive.function.client.WebClient' (OnClassCondition)
?[0m?[0;34m
?[0m?[0;34m   WebFluxAutoConfiguration:
?[0m?[0;34m      Did not match:
?[0m?[0;34m         - @ConditionalOnClass did not find required class 'org.springframework.web.reactive.config.WebFluxConfigurer' (OnClassCondition)
?[0m?[0;34m
?[0m?[0;34m   WebFluxEndpointManagementContextConfiguration:
?[0m?[0;34m      Did not match:
?[0m?[0;34m         - @ConditionalOnClass did not find required class 'org.springframework.web.reactive.DispatcherHandler' (OnClassCondition)
?[0m?[0;34m
?[0m?[0;34m   WebFluxMetricsAutoConfiguration:
?[0m?[0;34m      Did not match:
?[0m?[0;34m         - @ConditionalOnWebApplication did not find reactive web application classes (OnWebApplicationCondition)
?[0m?[0;34m
?[0m?[0;34m   WebMvcAutoConfiguration#hiddenHttpMethodFilter:
?[0m?[0;34m      Did not match:
?[0m?[0;34m         - @ConditionalOnProperty (spring.mvc.hiddenmethod.filter.enabled) did not find property 'enabled' (OnPropertyCondition)
?[0m?[0;34m
?[0m?[0;34m   WebMvcAutoConfiguration.ResourceChainCustomizerConfiguration:
?[0m?[0;34m      Did not match:
?[0m?[0;34m         - @ConditionalOnEnabledResourceChain did not find class org.webjars.WebJarAssetLocator (OnEnabledResourceChainCondition)
?[0m?[0;34m
?[0m?[0;34m   WebMvcAutoConfiguration.WebMvcAutoConfigurationAdapter#beanNameViewResolver:
?[0m?[0;34m      Did not match:
?[0m?[0;34m         - @ConditionalOnMissingBean (types: org.springframework.web.servlet.view.BeanNameViewResolver; SearchStrategy: all) found beans of type 'org.springframework.web.servlet.view.BeanNameViewResolver' beanNameViewResolver (OnBeanCondition)
?[0m?[0;34m
?[0m?[0;34m   WebServiceTemplateAutoConfiguration:
?[0m?[0;34m      Did not match:
?[0m?[0;34m         - @ConditionalOnClass did not find required class 'org.springframework.oxm.Marshaller' (OnClassCondition)
?[0m?[0;34m
?[0m?[0;34m   WebServicesAutoConfiguration:
?[0m?[0;34m      Did not match:
?[0m?[0;34m         - @ConditionalOnClass did not find required class 'org.springframework.ws.transport.http.MessageDispatcherServlet' (OnClassCondition)
?[0m?[0;34m
?[0m?[0;34m   WebSocketMessagingAutoConfiguration:
?[0m?[0;34m      Did not match:
?[0m?[0;34m         - @ConditionalOnClass did not find required class 'org.springframework.web.socket.config.annotation.WebSocketMessageBrokerConfigurer' (OnClassCondition)
?[0m?[0;34m
?[0m?[0;34m   WebSocketReactiveAutoConfiguration:
?[0m?[0;34m      Did not match:
?[0m?[0;34m         - @ConditionalOnWebApplication did not find reactive web application classes (OnWebApplicationCondition)
?[0m?[0;34m
?[0m?[0;34m   WebSocketServletAutoConfiguration.Jetty10WebSocketConfiguration:
?[0m?[0;34m      Did not match:
?[0m?[0;34m         - @ConditionalOnClass did not find required classes 'org.eclipse.jetty.websocket.javax.server.internal.JavaxWebSocketServerContainer', 'org.eclipse.jetty.websocket.server.JettyWebSocketServerContainer' (OnClassCondition)
?[0m?[0;34m
?[0m?[0;34m   WebSocketServletAutoConfiguration.JettyWebSocketConfiguration:
?[0m?[0;34m      Did not match:
?[0m?[0;34m         - @ConditionalOnClass did not find required class 'org.eclipse.jetty.websocket.jsr356.server.deploy.WebSocketServerContainerInitializer' (OnClassCondition)
?[0m?[0;34m
?[0m?[0;34m   WebSocketServletAutoConfiguration.UndertowWebSocketConfiguration:
?[0m?[0;34m      Did not match:
?[0m?[0;34m         - @ConditionalOnClass did not find required class 'io.undertow.websockets.jsr.Bootstrap' (OnClassCondition)
?[0m?[0;34m
?[0m?[0;34m   XADataSourceAutoConfiguration:
?[0m?[0;34m      Did not match:
?[0m?[0;34m         - @ConditionalOnBean (types: org.springframework.boot.jdbc.XADataSourceWrapper; SearchStrategy: all) did not find any beans of type org.springframework.boot.jdbc.XADataSourceWrapper (OnBeanCondition)
?[0m?[0;34m      Matched:
?[0m?[0;34m         - @ConditionalOnClass found required classes 'javax.sql.DataSource', 'javax.transaction.TransactionManager', 'org.springframework.jdbc.datasource.embedded.EmbeddedDatabaseType' (OnClassCondition)
?[0m?[0;34m
?[0m?[0;34m
?[0m?[0;34mExclusions:
?[0m?[0;34m-----------
?[0m?[0;34m
?[0m?[0;34m    None
?[0m?[0;34m
?[0m?[0;34m
?[0m?[0;34mUnconditional classes:
?[0m?[0;34m----------------------
?[0m?[0;34m
?[0m?[0;34m    org.springframework.boot.autoconfigure.context.ConfigurationPropertiesAutoConfiguration
?[0m?[0;34m
?[0m?[0;34m    org.springframework.boot.actuate.autoconfigure.availability.AvailabilityHealthContributorAutoConfiguration
?[0m?[0;34m
?[0m?[0;34m    org.springframework.boot.actuate.autoconfigure.info.InfoContributorAutoConfiguration
?[0m?[0;34m
?[0m?[0;34m    org.springframework.boot.autoconfigure.context.PropertyPlaceholderAutoConfiguration
?[0m?[0;34m
?[0m?[0;34m    org.springframework.boot.autoconfigure.context.LifecycleAutoConfiguration
?[0m?[0;34m
?[0m?[0;34m    org.springframework.boot.actuate.autoconfigure.health.HealthContributorAutoConfiguration
?[0m?[0;34m
?[0m?[0;34m    org.springframework.boot.actuate.autoconfigure.metrics.integration.IntegrationMetricsAutoConfiguration
?[0m?[0;34m
?[0m?[0;34m    org.springframework.boot.actuate.autoconfigure.endpoint.EndpointAutoConfiguration
?[0m?[0;34m
?[0m?[0;34m    org.springframework.boot.autoconfigure.availability.ApplicationAvailabilityAutoConfiguration
?[0m?[0;34m
?[0m?[0;34m    org.springframework.boot.autoconfigure.info.ProjectInfoAutoConfiguration
?[0m?[0;34m
?[0m?[0;34m    org.springframework.boot.actuate.autoconfigure.web.server.ManagementContextAutoConfiguration
?[0m?[0;34m
?[0m?[0;34m
?[0m?[0;34m
?[0m?[0;34m2023-04-07 15:35:09.456  INFO 12456 --- [    Test worker] recipes.RecipesApplication               : Started RecipesApplication in 5.776 seconds (JVM running for 6.776)
?[0m?[0;34m2023-04-07 15:35:09.513 DEBUG 12456 --- [    Test worker] o.s.b.a.ApplicationAvailabilityBean      : Application availability state LivenessState changed to CORRECT
?[0m?[0;34m2023-04-07 15:35:09.516 DEBUG 12456 --- [    Test worker] o.s.b.a.ApplicationAvailabilityBean      : Application availability state ReadinessState changed to ACCEPTING_TRAFFIC
?[0;34m2023-04-07 15:35:09.778  INFO 12456 --- [nio-8881-exec-1] o.a.c.c.C.[Tomcat].[localhost].[/]       : Initializing Spring DispatcherServlet 'dispatcherServlet'
?[0m?[0;34m2023-04-07 15:35:09.779  INFO 12456 --- [nio-8881-exec-1] o.s.web.servlet.DispatcherServlet        : Initializing Servlet 'dispatcherServlet'
?[0m?[0;34m2023-04-07 15:35:09.779 DEBUG 12456 --- [nio-8881-exec-1] o.s.web.servlet.DispatcherServlet        : Detected StandardServletMultipartResolver
?[0m?[0;34m2023-04-07 15:35:09.779 DEBUG 12456 --- [nio-8881-exec-1] o.s.web.servlet.DispatcherServlet        : Detected AcceptHeaderLocaleResolver
?[0m?[0;34m2023-04-07 15:35:09.779 DEBUG 12456 --- [nio-8881-exec-1] o.s.web.servlet.DispatcherServlet        : Detected FixedThemeResolver
?[0m?[0;34m2023-04-07 15:35:09.780 DEBUG 12456 --- [nio-8881-exec-1] o.s.web.servlet.DispatcherServlet        : Detected org.springframework.web.servlet.view.DefaultRequestToViewNameTranslator@6ab6ec33
?[0m?[0;34m2023-04-07 15:35:09.780 DEBUG 12456 --- [nio-8881-exec-1] o.s.web.servlet.DispatcherServlet        : Detected org.springframework.web.servlet.support.SessionFlashMapManager@45649467
?[0m?[0;34m2023-04-07 15:35:09.781 DEBUG 12456 --- [nio-8881-exec-1] o.s.web.servlet.DispatcherServlet        : enableLoggingRequestDetails='false': request parameters and headers will be masked to prevent unsafe logging of potentially sensitive data
?[0m?[0;34m2023-04-07 15:35:09.781  INFO 12456 --- [nio-8881-exec-1] o.s.web.servlet.DispatcherServlet        : Completed initialization in 2 ms
?[0m?[0;34m2023-04-07 15:35:09.791 DEBUG 12456 --- [nio-8881-exec-1] o.s.security.web.FilterChainProxy        : Securing POST /api/register
?[0m?[0;34m2023-04-07 15:35:09.795 DEBUG 12456 --- [nio-8881-exec-1] s.s.w.c.SecurityContextPersistenceFilter : Set SecurityContextHolder to empty SecurityContext
?[0m?[0;34m2023-04-07 15:35:09.797 DEBUG 12456 --- [nio-8881-exec-1] o.s.s.w.a.AnonymousAuthenticationFilter  : Set SecurityContextHolder to anonymous SecurityContext
?[0m?[0;34m2023-04-07 15:35:09.799 DEBUG 12456 --- [nio-8881-exec-1] o.s.security.web.FilterChainProxy        : Secured POST /api/register
?[0m?[0;34m2023-04-07 15:35:09.802 DEBUG 12456 --- [nio-8881-exec-1] o.s.web.servlet.DispatcherServlet        : POST "/api/register", parameters={}
?[0m?[0;34m2023-04-07 15:35:09.811 DEBUG 12456 --- [nio-8881-exec-1] s.w.s.m.m.a.RequestMappingHandlerMapping : Mapped to recipes.controller.UserController#save(UserDto)
?[0m?[0;34m2023-04-07 15:35:09.811 DEBUG 12456 --- [nio-8881-exec-1] o.j.s.OpenEntityManagerInViewInterceptor : Opening JPA EntityManager in OpenEntityManagerInViewInterceptor
?[0m?[0;34m2023-04-07 15:35:09.885 DEBUG 12456 --- [nio-8881-exec-1] m.m.a.RequestResponseBodyMethodProcessor : Read "application/json;charset=UTF-8" to [UserDto(email=LoginTest1@test.com, password=Test1111)]
?[0m?[0;34mHibernate: 
?[0m?[0;34m    select
?[0m?[0;34m        user0_.id as col_0_0_ 
?[0m?[0;34m    from
?[0m?[0;34m        users user0_ 
?[0m?[0;34m    where
?[0m?[0;34m        user0_.email=? limit ?
?[0m?[0;34m2023-04-07 15:35:10.174 DEBUG 12456 --- [nio-8881-exec-1] o.s.orm.jpa.JpaTransactionManager        : Found thread-bound EntityManager [SessionImpl(1085961375<open>)] for JPA transaction
?[0m?[0;34m2023-04-07 15:35:10.175 DEBUG 12456 --- [nio-8881-exec-1] o.s.orm.jpa.JpaTransactionManager        : Creating new transaction with name [org.springframework.data.jpa.repository.support.SimpleJpaRepository.save]: PROPAGATION_REQUIRED,ISOLATION_DEFAULT
?[0m?[0;34m2023-04-07 15:35:10.177 DEBUG 12456 --- [nio-8881-exec-1] o.s.orm.jpa.JpaTransactionManager        : Exposing JPA transaction as JDBC [org.springframework.orm.jpa.vendor.HibernateJpaDialect$HibernateConnectionHandle@44fd6c7e]
?[0m?[0;34mHibernate: 
?[0m?[0;34m    insert 
?[0m?[0;34m    into
?[0m?[0;34m        users
?[0m?[0;34m        (id, email, password) 
?[0m?[0;34m    values
?[0m?[0;34m        (null, ?, ?)
?[0m?[0;34m2023-04-07 15:35:10.209 DEBUG 12456 --- [nio-8881-exec-1] o.s.orm.jpa.JpaTransactionManager        : Initiating transaction commit
?[0m?[0;34m2023-04-07 15:35:10.210 DEBUG 12456 --- [nio-8881-exec-1] o.s.orm.jpa.JpaTransactionManager        : Committing JPA transaction on EntityManager [SessionImpl(1085961375<open>)]
?[0m?[0;34m2023-04-07 15:35:10.218 DEBUG 12456 --- [nio-8881-exec-1] o.s.orm.jpa.JpaTransactionManager        : Not closing pre-bound JPA EntityManager after transaction
?[0m?[0;34m2023-04-07 15:35:10.229 DEBUG 12456 --- [nio-8881-exec-1] o.s.w.s.m.m.a.HttpEntityMethodProcessor  : Using 'application/octet-stream', given [*/*] and supported [*/*]
?[0m?[0;34m2023-04-07 15:35:10.231 DEBUG 12456 --- [nio-8881-exec-1] o.j.s.OpenEntityManagerInViewInterceptor : Closing JPA EntityManager in OpenEntityManagerInViewInterceptor
?[0m?[0;34m2023-04-07 15:35:10.231 DEBUG 12456 --- [nio-8881-exec-1] o.s.web.servlet.DispatcherServlet        : Completed 200 OK
?[0m?[0;34m2023-04-07 15:35:10.233 DEBUG 12456 --- [nio-8881-exec-1] w.c.HttpSessionSecurityContextRepository : Did not store anonymous SecurityContext
?[0m?[0;34m2023-04-07 15:35:10.233 DEBUG 12456 --- [nio-8881-exec-1] s.s.w.c.SecurityContextPersistenceFilter : Cleared SecurityContextHolder to complete request
?[0m?[1;31m
Start test 2?[0m
?[0;34m2023-04-07 15:35:10.250 DEBUG 12456 --- [nio-8881-exec-2] o.s.security.web.FilterChainProxy        : Securing POST /api/register
?[0m?[0;34m2023-04-07 15:35:10.250 DEBUG 12456 --- [nio-8881-exec-2] s.s.w.c.SecurityContextPersistenceFilter : Set SecurityContextHolder to empty SecurityContext
?[0m?[0;34m2023-04-07 15:35:10.250 DEBUG 12456 --- [nio-8881-exec-2] o.s.s.w.a.AnonymousAuthenticationFilter  : Set SecurityContextHolder to anonymous SecurityContext
?[0m?[0;34m2023-04-07 15:35:10.250 DEBUG 12456 --- [nio-8881-exec-2] o.s.security.web.FilterChainProxy        : Secured POST /api/register
?[0m?[0;34m2023-04-07 15:35:10.250 DEBUG 12456 --- [nio-8881-exec-2] o.s.web.servlet.DispatcherServlet        : POST "/api/register", parameters={}
?[0m?[0;34m2023-04-07 15:35:10.251 DEBUG 12456 --- [nio-8881-exec-2] s.w.s.m.m.a.RequestMappingHandlerMapping : Mapped to recipes.controller.UserController#save(UserDto)
?[0m?[0;34m2023-04-07 15:35:10.251 DEBUG 12456 --- [nio-8881-exec-2] o.j.s.OpenEntityManagerInViewInterceptor : Opening JPA EntityManager in OpenEntityManagerInViewInterceptor
?[0m?[0;34m2023-04-07 15:35:10.252 DEBUG 12456 --- [nio-8881-exec-2] m.m.a.RequestResponseBodyMethodProcessor : Read "application/json;charset=UTF-8" to [UserDto(email=LoginTest1@test.com, password=Test1111)]
?[0m?[0;34mHibernate: 
?[0m?[0;34m    select
?[0m?[0;34m        user0_.id as col_0_0_ 
?[0m?[0;34m    from
?[0m?[0;34m        users user0_ 
?[0m?[0;34m    where
?[0m?[0;34m        user0_.email=? limit ?
?[0m?[0;34m2023-04-07 15:35:10.257 DEBUG 12456 --- [nio-8881-exec-2] .m.m.a.ExceptionHandlerExceptionResolver : Using @ExceptionHandler recipes.controller.ControllerExceptionHandler#exceptionHandler(UserExistsException)
?[0m?[0;34m2023-04-07 15:35:10.257 DEBUG 12456 --- [nio-8881-exec-2] o.s.w.s.m.m.a.HttpEntityMethodProcessor  : Using 'application/octet-stream', given [*/*] and supported [*/*]
?[0m?[0;34m2023-04-07 15:35:10.258 DEBUG 12456 --- [nio-8881-exec-2] .m.m.a.ExceptionHandlerExceptionResolver : Resolved [recipes.controller.UserExistsException: User with this email already exists]
?[0m?[0;34m2023-04-07 15:35:10.258 DEBUG 12456 --- [nio-8881-exec-2] o.j.s.OpenEntityManagerInViewInterceptor : Closing JPA EntityManager in OpenEntityManagerInViewInterceptor
?[0m?[0;34m2023-04-07 15:35:10.258 DEBUG 12456 --- [nio-8881-exec-2] o.s.web.servlet.DispatcherServlet        : Completed 400 BAD_REQUEST
?[0m?[0;34m2023-04-07 15:35:10.258 DEBUG 12456 --- [nio-8881-exec-2] w.c.HttpSessionSecurityContextRepository : Did not store anonymous SecurityContext
?[0m?[0;34m2023-04-07 15:35:10.259 DEBUG 12456 --- [nio-8881-exec-2] s.s.w.c.SecurityContextPersistenceFilter : Cleared SecurityContextHolder to complete request
?[1;31m
Start test 3?[0m
?[0;34m2023-04-07 15:35:10.266 DEBUG 12456 --- [nio-8881-exec-3] o.s.security.web.FilterChainProxy        : Securing POST /api/register
?[0m?[0;34m2023-04-07 15:35:10.267 DEBUG 12456 --- [nio-8881-exec-3] s.s.w.c.SecurityContextPersistenceFilter : Set SecurityContextHolder to empty SecurityContext
?[0m?[0;34m2023-04-07 15:35:10.267 DEBUG 12456 --- [nio-8881-exec-3] o.s.s.w.a.AnonymousAuthenticationFilter  : Set SecurityContextHolder to anonymous SecurityContext
?[0m?[0;34m2023-04-07 15:35:10.267 DEBUG 12456 --- [nio-8881-exec-3] o.s.security.web.FilterChainProxy        : Secured POST /api/register
?[0m?[0;34m2023-04-07 15:35:10.267 DEBUG 12456 --- [nio-8881-exec-3] o.s.web.servlet.DispatcherServlet        : POST "/api/register", parameters={}
?[0m?[0;34m2023-04-07 15:35:10.268 DEBUG 12456 --- [nio-8881-exec-3] s.w.s.m.m.a.RequestMappingHandlerMapping : Mapped to recipes.controller.UserController#save(UserDto)
?[0m?[0;34m2023-04-07 15:35:10.268 DEBUG 12456 --- [nio-8881-exec-3] o.j.s.OpenEntityManagerInViewInterceptor : Opening JPA EntityManager in OpenEntityManagerInViewInterceptor
?[0m?[0;34m2023-04-07 15:35:10.269 DEBUG 12456 --- [nio-8881-exec-3] m.m.a.RequestResponseBodyMethodProcessor : Read "application/json;charset=UTF-8" to [UserDto(email=LoginTest2@test.com, password=Test2222222)]
?[0m?[0;34mHibernate: 
?[0m?[0;34m    select
?[0m?[0;34m        user0_.id as col_0_0_ 
?[0m?[0;34m    from
?[0m?[0;34m        users user0_ 
?[0m?[0;34m    where
?[0m?[0;34m        user0_.email=? limit ?
?[0m?[0;34m2023-04-07 15:35:10.334 DEBUG 12456 --- [nio-8881-exec-3] o.s.orm.jpa.JpaTransactionManager        : Found thread-bound EntityManager [SessionImpl(680558533<open>)] for JPA transaction
?[0m?[0;34m2023-04-07 15:35:10.335 DEBUG 12456 --- [nio-8881-exec-3] o.s.orm.jpa.JpaTransactionManager        : Creating new transaction with name [org.springframework.data.jpa.repository.support.SimpleJpaRepository.save]: PROPAGATION_REQUIRED,ISOLATION_DEFAULT
?[0m?[0;34m2023-04-07 15:35:10.335 DEBUG 12456 --- [nio-8881-exec-3] o.s.orm.jpa.JpaTransactionManager        : Exposing JPA transaction as JDBC [org.springframework.orm.jpa.vendor.HibernateJpaDialect$HibernateConnectionHandle@774cfaed]
?[0m?[0;34mHibernate: 
?[0m?[0;34m    insert 
?[0m?[0;34m    into
?[0m?[0;34m        users
?[0m?[0;34m        (id, email, password) 
?[0m?[0;34m    values
?[0m?[0;34m        (null, ?, ?)
?[0m?[0;34m2023-04-07 15:35:10.336 DEBUG 12456 --- [nio-8881-exec-3] o.s.orm.jpa.JpaTransactionManager        : Initiating transaction commit
?[0m?[0;34m2023-04-07 15:35:10.336 DEBUG 12456 --- [nio-8881-exec-3] o.s.orm.jpa.JpaTransactionManager        : Committing JPA transaction on EntityManager [SessionImpl(680558533<open>)]
?[0m?[0;34m2023-04-07 15:35:10.337 DEBUG 12456 --- [nio-8881-exec-3] o.s.orm.jpa.JpaTransactionManager        : Not closing pre-bound JPA EntityManager after transaction
?[0m?[0;34m2023-04-07 15:35:10.337 DEBUG 12456 --- [nio-8881-exec-3] o.s.w.s.m.m.a.HttpEntityMethodProcessor  : Using 'application/octet-stream', given [*/*] and supported [*/*]
?[0m?[0;34m2023-04-07 15:35:10.337 DEBUG 12456 --- [nio-8881-exec-3] o.j.s.OpenEntityManagerInViewInterceptor : Closing JPA EntityManager in OpenEntityManagerInViewInterceptor
?[0m?[0;34m2023-04-07 15:35:10.337 DEBUG 12456 --- [nio-8881-exec-3] o.s.web.servlet.DispatcherServlet        : Completed 200 OK
?[0m?[0;34m2023-04-07 15:35:10.338 DEBUG 12456 --- [nio-8881-exec-3] w.c.HttpSessionSecurityContextRepository : Did not store anonymous SecurityContext
?[0m?[0;34m2023-04-07 15:35:10.338 DEBUG 12456 --- [nio-8881-exec-3] s.s.w.c.SecurityContextPersistenceFilter : Cleared SecurityContextHolder to complete request
?[1;31m
Start test 4?[0m
?[0;34m2023-04-07 15:35:10.345 DEBUG 12456 --- [nio-8881-exec-4] o.s.security.web.FilterChainProxy        : Securing POST /api/register
?[0m?[0;34m2023-04-07 15:35:10.345 DEBUG 12456 --- [nio-8881-exec-4] s.s.w.c.SecurityContextPersistenceFilter : Set SecurityContextHolder to empty SecurityContext
?[0m?[0;34m2023-04-07 15:35:10.345 DEBUG 12456 --- [nio-8881-exec-4] o.s.s.w.a.AnonymousAuthenticationFilter  : Set SecurityContextHolder to anonymous SecurityContext
?[0m?[0;34m2023-04-07 15:35:10.345 DEBUG 12456 --- [nio-8881-exec-4] o.s.security.web.FilterChainProxy        : Secured POST /api/register
?[0m?[0;34m2023-04-07 15:35:10.345 DEBUG 12456 --- [nio-8881-exec-4] o.s.web.servlet.DispatcherServlet        : POST "/api/register", parameters={}
?[0m?[0;34m2023-04-07 15:35:10.346 DEBUG 12456 --- [nio-8881-exec-4] s.w.s.m.m.a.RequestMappingHandlerMapping : Mapped to recipes.controller.UserController#save(UserDto)
?[0m?[0;34m2023-04-07 15:35:10.346 DEBUG 12456 --- [nio-8881-exec-4] o.j.s.OpenEntityManagerInViewInterceptor : Opening JPA EntityManager in OpenEntityManagerInViewInterceptor
?[0m?[0;34m2023-04-07 15:35:10.347 DEBUG 12456 --- [nio-8881-exec-4] m.m.a.RequestResponseBodyMethodProcessor : Read "application/json;charset=UTF-8" to [UserDto(email=LoginTest3@test.com, password=Test33333333333)]
?[0m?[0;34mHibernate: 
?[0m?[0;34m    select
?[0m?[0;34m        user0_.id as col_0_0_ 
?[0m?[0;34m    from
?[0m?[0;34m        users user0_ 
?[0m?[0;34m    where
?[0m?[0;34m        user0_.email=? limit ?
?[0m?[0;34m2023-04-07 15:35:10.419 DEBUG 12456 --- [nio-8881-exec-4] o.s.orm.jpa.JpaTransactionManager        : Found thread-bound EntityManager [SessionImpl(601634211<open>)] for JPA transaction
?[0m?[0;34m2023-04-07 15:35:10.420 DEBUG 12456 --- [nio-8881-exec-4] o.s.orm.jpa.JpaTransactionManager        : Creating new transaction with name [org.springframework.data.jpa.repository.support.SimpleJpaRepository.save]: PROPAGATION_REQUIRED,ISOLATION_DEFAULT
?[0m?[0;34m2023-04-07 15:35:10.420 DEBUG 12456 --- [nio-8881-exec-4] o.s.orm.jpa.JpaTransactionManager        : Exposing JPA transaction as JDBC [org.springframework.orm.jpa.vendor.HibernateJpaDialect$HibernateConnectionHandle@1440ef96]
?[0m?[0;34mHibernate: 
?[0m?[0;34m    insert 
?[0m?[0;34m    into
?[0m?[0;34m        users
?[0m?[0;34m        (id, email, password) 
?[0m?[0;34m    values
?[0m?[0;34m        (null, ?, ?)
?[0m?[0;34m2023-04-07 15:35:10.421 DEBUG 12456 --- [nio-8881-exec-4] o.s.orm.jpa.JpaTransactionManager        : Initiating transaction commit
?[0m?[0;34m2023-04-07 15:35:10.421 DEBUG 12456 --- [nio-8881-exec-4] o.s.orm.jpa.JpaTransactionManager        : Committing JPA transaction on EntityManager [SessionImpl(601634211<open>)]
?[0m?[0;34m2023-04-07 15:35:10.422 DEBUG 12456 --- [nio-8881-exec-4] o.s.orm.jpa.JpaTransactionManager        : Not closing pre-bound JPA EntityManager after transaction
?[0m?[0;34m2023-04-07 15:35:10.422 DEBUG 12456 --- [nio-8881-exec-4] o.s.w.s.m.m.a.HttpEntityMethodProcessor  : Using 'application/octet-stream', given [*/*] and supported [*/*]
?[0m?[0;34m2023-04-07 15:35:10.422 DEBUG 12456 --- [nio-8881-exec-4] o.j.s.OpenEntityManagerInViewInterceptor : Closing JPA EntityManager in OpenEntityManagerInViewInterceptor
?[0m?[0;34m2023-04-07 15:35:10.422 DEBUG 12456 --- [nio-8881-exec-4] o.s.web.servlet.DispatcherServlet        : Completed 200 OK
?[0m?[0;34m2023-04-07 15:35:10.423 DEBUG 12456 --- [nio-8881-exec-4] w.c.HttpSessionSecurityContextRepository : Did not store anonymous SecurityContext
?[0m?[0;34m2023-04-07 15:35:10.423 DEBUG 12456 --- [nio-8881-exec-4] s.s.w.c.SecurityContextPersistenceFilter : Cleared SecurityContextHolder to complete request
?[1;31m
Start test 5?[0m
?[0;34m2023-04-07 15:35:10.430 DEBUG 12456 --- [nio-8881-exec-5] o.s.security.web.FilterChainProxy        : Securing POST /api/register
?[0m?[0;34m2023-04-07 15:35:10.430 DEBUG 12456 --- [nio-8881-exec-5] s.s.w.c.SecurityContextPersistenceFilter : Set SecurityContextHolder to empty SecurityContext
?[0m?[0;34m2023-04-07 15:35:10.430 DEBUG 12456 --- [nio-8881-exec-5] o.s.s.w.a.AnonymousAuthenticationFilter  : Set SecurityContextHolder to anonymous SecurityContext
?[0m?[0;34m2023-04-07 15:35:10.430 DEBUG 12456 --- [nio-8881-exec-5] o.s.security.web.FilterChainProxy        : Secured POST /api/register
?[0m?[0;34m2023-04-07 15:35:10.431 DEBUG 12456 --- [nio-8881-exec-5] o.s.web.servlet.DispatcherServlet        : POST "/api/register", parameters={}
?[0m?[0;34m2023-04-07 15:35:10.431 DEBUG 12456 --- [nio-8881-exec-5] s.w.s.m.m.a.RequestMappingHandlerMapping : Mapped to recipes.controller.UserController#save(UserDto)
?[0m?[0;34m2023-04-07 15:35:10.431 DEBUG 12456 --- [nio-8881-exec-5] o.j.s.OpenEntityManagerInViewInterceptor : Opening JPA EntityManager in OpenEntityManagerInViewInterceptor
?[0m?[0;34m2023-04-07 15:35:10.432 DEBUG 12456 --- [nio-8881-exec-5] m.m.a.RequestResponseBodyMethodProcessor : Read "application/json;charset=UTF-8" to [UserDto(email=Test3@testcom, password=Test3333)]
?[0m?[0;34m2023-04-07 15:35:10.450 DEBUG 12456 --- [nio-8881-exec-5] w.c.HttpSessionSecurityContextRepository : Did not store anonymous SecurityContext
?[0m?[0;34m2023-04-07 15:35:10.450  WARN 12456 --- [nio-8881-exec-5] .w.s.m.s.DefaultHandlerExceptionResolver : Resolved [org.springframework.web.bind.MethodArgumentNotValidException: Validation failed for argument [0] in public org.springframework.http.ResponseEntity<java.lang.Object> recipes.controller.UserController.save(recipes.dto.UserDto): [Field error in object 'userDto' on field 'email': rejected value [Test3@testcom]; codes [Email.userDto.email,Email.email,Email.java.lang.String,Email]; arguments [org.springframework.context.support.DefaultMessageSourceResolvable: codes [userDto.email,email]; arguments []; default message [email],[Ljavax.validation.constraints.Pattern$Flag;@2b7736fb,.+@.+\..+]; default message [must be a well-formed email address]] ]
?[0m?[0;34m2023-04-07 15:35:10.450 DEBUG 12456 --- [nio-8881-exec-5] o.j.s.OpenEntityManagerInViewInterceptor : Closing JPA EntityManager in OpenEntityManagerInViewInterceptor
?[0m?[0;34m2023-04-07 15:35:10.450 DEBUG 12456 --- [nio-8881-exec-5] o.s.web.servlet.DispatcherServlet        : Completed 400 BAD_REQUEST
?[0m?[0;34m2023-04-07 15:35:10.451 DEBUG 12456 --- [nio-8881-exec-5] w.c.HttpSessionSecurityContextRepository : Did not store anonymous SecurityContext
?[0m?[0;34m2023-04-07 15:35:10.451 DEBUG 12456 --- [nio-8881-exec-5] s.s.w.c.SecurityContextPersistenceFilter : Cleared SecurityContextHolder to complete request
?[0m?[0;34m2023-04-07 15:35:10.453 DEBUG 12456 --- [nio-8881-exec-5] o.s.security.web.FilterChainProxy        : Securing POST /error
?[0m?[0;34m2023-04-07 15:35:10.453 DEBUG 12456 --- [nio-8881-exec-5] s.s.w.c.SecurityContextPersistenceFilter : Set SecurityContextHolder to empty SecurityContext
?[0m?[0;34m2023-04-07 15:35:10.453 DEBUG 12456 --- [nio-8881-exec-5] o.s.s.w.a.AnonymousAuthenticationFilter  : Set SecurityContextHolder to anonymous SecurityContext
?[0m?[0;34m2023-04-07 15:35:10.453 DEBUG 12456 --- [nio-8881-exec-5] o.s.security.web.FilterChainProxy        : Secured POST /error
?[0m?[0;34m2023-04-07 15:35:10.453 DEBUG 12456 --- [nio-8881-exec-5] o.s.web.servlet.DispatcherServlet        : "ERROR" dispatch for POST "/error", parameters={}
?[0m?[0;34m2023-04-07 15:35:10.456 DEBUG 12456 --- [nio-8881-exec-5] s.w.s.m.m.a.RequestMappingHandlerMapping : Mapped to org.springframework.boot.autoconfigure.web.servlet.error.BasicErrorController#error(HttpServletRequest)
?[0m?[0;34m2023-04-07 15:35:10.457 DEBUG 12456 --- [nio-8881-exec-5] o.j.s.OpenEntityManagerInViewInterceptor : Opening JPA EntityManager in OpenEntityManagerInViewInterceptor
?[0m?[0;34m2023-04-07 15:35:10.463 DEBUG 12456 --- [nio-8881-exec-5] o.s.w.s.m.m.a.HttpEntityMethodProcessor  : Using 'application/json', given [*/*] and supported [application/json, application/*+json, application/json, application/*+json]
?[0m?[0;34m2023-04-07 15:35:10.463 DEBUG 12456 --- [nio-8881-exec-5] o.s.w.s.m.m.a.HttpEntityMethodProcessor  : Writing [{timestamp=Fri Apr 07 15:35:10 EET 2023, status=400, error=Bad Request, path=/api/register}]
?[0m?[0;34m2023-04-07 15:35:10.473 DEBUG 12456 --- [nio-8881-exec-5] w.c.HttpSessionSecurityContextRepository : Did not store anonymous SecurityContext
?[0m?[0;34m2023-04-07 15:35:10.474 DEBUG 12456 --- [nio-8881-exec-5] o.j.s.OpenEntityManagerInViewInterceptor : Closing JPA EntityManager in OpenEntityManagerInViewInterceptor
?[0m?[0;34m2023-04-07 15:35:10.475 DEBUG 12456 --- [nio-8881-exec-5] o.s.web.servlet.DispatcherServlet        : Exiting from "ERROR" dispatch, status 400
?[0m?[0;34m2023-04-07 15:35:10.475 DEBUG 12456 --- [nio-8881-exec-5] w.c.HttpSessionSecurityContextRepository : Did not store anonymous SecurityContext
?[0m?[0;34m2023-04-07 15:35:10.475 DEBUG 12456 --- [nio-8881-exec-5] s.s.w.c.SecurityContextPersistenceFilter : Cleared SecurityContextHolder to complete request
?[1;31m
Start test 6?[0m
?[0;34m2023-04-07 15:35:10.481 DEBUG 12456 --- [nio-8881-exec-6] o.s.security.web.FilterChainProxy        : Securing POST /api/register
?[0m?[0;34m2023-04-07 15:35:10.481 DEBUG 12456 --- [nio-8881-exec-6] s.s.w.c.SecurityContextPersistenceFilter : Set SecurityContextHolder to empty SecurityContext
?[0m?[0;34m2023-04-07 15:35:10.482 DEBUG 12456 --- [nio-8881-exec-6] o.s.s.w.a.AnonymousAuthenticationFilter  : Set SecurityContextHolder to anonymous SecurityContext
?[0m?[0;34m2023-04-07 15:35:10.482 DEBUG 12456 --- [nio-8881-exec-6] o.s.security.web.FilterChainProxy        : Secured POST /api/register
?[0m?[0;34m2023-04-07 15:35:10.482 DEBUG 12456 --- [nio-8881-exec-6] o.s.web.servlet.DispatcherServlet        : POST "/api/register", parameters={}
?[0m?[0;34m2023-04-07 15:35:10.483 DEBUG 12456 --- [nio-8881-exec-6] s.w.s.m.m.a.RequestMappingHandlerMapping : Mapped to recipes.controller.UserController#save(UserDto)
?[0m?[0;34m2023-04-07 15:35:10.483 DEBUG 12456 --- [nio-8881-exec-6] o.j.s.OpenEntityManagerInViewInterceptor : Opening JPA EntityManager in OpenEntityManagerInViewInterceptor
?[0m?[0;34m2023-04-07 15:35:10.483 DEBUG 12456 --- [nio-8881-exec-6] m.m.a.RequestResponseBodyMethodProcessor : Read "application/json;charset=UTF-8" to [UserDto(email=Test4test.com, password=Test44444444)]
?[0m?[0;34m2023-04-07 15:35:10.484 DEBUG 12456 --- [nio-8881-exec-6] w.c.HttpSessionSecurityContextRepository : Did not store anonymous SecurityContext
?[0m?[0;34m2023-04-07 15:35:10.485  WARN 12456 --- [nio-8881-exec-6] .w.s.m.s.DefaultHandlerExceptionResolver : Resolved [org.springframework.web.bind.MethodArgumentNotValidException: Validation failed for argument [0] in public org.springframework.http.ResponseEntity<java.lang.Object> recipes.controller.UserController.save(recipes.dto.UserDto): [Field error in object 'userDto' on field 'email': rejected value [Test4test.com]; codes [Email.userDto.email,Email.email,Email.java.lang.String,Email]; arguments [org.springframework.context.support.DefaultMessageSourceResolvable: codes [userDto.email,email]; arguments []; default message [email],[Ljavax.validation.constraints.Pattern$Flag;@2b7736fb,.+@.+\..+]; default message [must be a well-formed email address]] ]
?[0m?[0;34m2023-04-07 15:35:10.485 DEBUG 12456 --- [nio-8881-exec-6] o.j.s.OpenEntityManagerInViewInterceptor : Closing JPA EntityManager in OpenEntityManagerInViewInterceptor
?[0m?[0;34m2023-04-07 15:35:10.485 DEBUG 12456 --- [nio-8881-exec-6] o.s.web.servlet.DispatcherServlet        : Completed 400 BAD_REQUEST
?[0m?[0;34m2023-04-07 15:35:10.485 DEBUG 12456 --- [nio-8881-exec-6] w.c.HttpSessionSecurityContextRepository : Did not store anonymous SecurityContext
?[0m?[0;34m2023-04-07 15:35:10.485 DEBUG 12456 --- [nio-8881-exec-6] s.s.w.c.SecurityContextPersistenceFilter : Cleared SecurityContextHolder to complete request
?[0m?[0;34m2023-04-07 15:35:10.486 DEBUG 12456 --- [nio-8881-exec-6] o.s.security.web.FilterChainProxy        : Securing POST /error
?[0m?[0;34m2023-04-07 15:35:10.486 DEBUG 12456 --- [nio-8881-exec-6] s.s.w.c.SecurityContextPersistenceFilter : Set SecurityContextHolder to empty SecurityContext
?[0m?[0;34m2023-04-07 15:35:10.486 DEBUG 12456 --- [nio-8881-exec-6] o.s.s.w.a.AnonymousAuthenticationFilter  : Set SecurityContextHolder to anonymous SecurityContext
?[0m?[0;34m2023-04-07 15:35:10.486 DEBUG 12456 --- [nio-8881-exec-6] o.s.security.web.FilterChainProxy        : Secured POST /error
?[0m?[0;34m2023-04-07 15:35:10.487 DEBUG 12456 --- [nio-8881-exec-6] o.s.web.servlet.DispatcherServlet        : "ERROR" dispatch for POST "/error", parameters={}
?[0m?[0;34m2023-04-07 15:35:10.487 DEBUG 12456 --- [nio-8881-exec-6] s.w.s.m.m.a.RequestMappingHandlerMapping : Mapped to org.springframework.boot.autoconfigure.web.servlet.error.BasicErrorController#error(HttpServletRequest)
?[0m?[0;34m2023-04-07 15:35:10.487 DEBUG 12456 --- [nio-8881-exec-6] o.j.s.OpenEntityManagerInViewInterceptor : Opening JPA EntityManager in OpenEntityManagerInViewInterceptor
?[0m?[0;34m2023-04-07 15:35:10.488 DEBUG 12456 --- [nio-8881-exec-6] o.s.w.s.m.m.a.HttpEntityMethodProcessor  : Using 'application/json', given [*/*] and supported [application/json, application/*+json, application/json, application/*+json]
?[0m?[0;34m2023-04-07 15:35:10.488 DEBUG 12456 --- [nio-8881-exec-6] o.s.w.s.m.m.a.HttpEntityMethodProcessor  : Writing [{timestamp=Fri Apr 07 15:35:10 EET 2023, status=400, error=Bad Request, path=/api/register}]
?[0m?[0;34m2023-04-07 15:35:10.489 DEBUG 12456 --- [nio-8881-exec-6] w.c.HttpSessionSecurityContextRepository : Did not store anonymous SecurityContext
?[0m?[0;34m2023-04-07 15:35:10.490 DEBUG 12456 --- [nio-8881-exec-6] o.j.s.OpenEntityManagerInViewInterceptor : Closing JPA EntityManager in OpenEntityManagerInViewInterceptor
?[0m?[0;34m2023-04-07 15:35:10.490 DEBUG 12456 --- [nio-8881-exec-6] o.s.web.servlet.DispatcherServlet        : Exiting from "ERROR" dispatch, status 400
?[0m?[0;34m2023-04-07 15:35:10.490 DEBUG 12456 --- [nio-8881-exec-6] w.c.HttpSessionSecurityContextRepository : Did not store anonymous SecurityContext
?[0m?[0;34m2023-04-07 15:35:10.490 DEBUG 12456 --- [nio-8881-exec-6] s.s.w.c.SecurityContextPersistenceFilter : Cleared SecurityContextHolder to complete request
?[1;31m
Start test 7?[0m
?[0;34m2023-04-07 15:35:10.496 DEBUG 12456 --- [nio-8881-exec-7] o.s.security.web.FilterChainProxy        : Securing POST /api/register
?[0m?[0;34m2023-04-07 15:35:10.497 DEBUG 12456 --- [nio-8881-exec-7] s.s.w.c.SecurityContextPersistenceFilter : Set SecurityContextHolder to empty SecurityContext
?[0m?[0;34m2023-04-07 15:35:10.497 DEBUG 12456 --- [nio-8881-exec-7] o.s.s.w.a.AnonymousAuthenticationFilter  : Set SecurityContextHolder to anonymous SecurityContext
?[0m?[0;34m2023-04-07 15:35:10.497 DEBUG 12456 --- [nio-8881-exec-7] o.s.security.web.FilterChainProxy        : Secured POST /api/register
?[0m?[0;34m2023-04-07 15:35:10.497 DEBUG 12456 --- [nio-8881-exec-7] o.s.web.servlet.DispatcherServlet        : POST "/api/register", parameters={}
?[0m?[0;34m2023-04-07 15:35:10.498 DEBUG 12456 --- [nio-8881-exec-7] s.w.s.m.m.a.RequestMappingHandlerMapping : Mapped to recipes.controller.UserController#save(UserDto)
?[0m?[0;34m2023-04-07 15:35:10.498 DEBUG 12456 --- [nio-8881-exec-7] o.j.s.OpenEntityManagerInViewInterceptor : Opening JPA EntityManager in OpenEntityManagerInViewInterceptor
?[0m?[0;34m2023-04-07 15:35:10.498 DEBUG 12456 --- [nio-8881-exec-7] m.m.a.RequestResponseBodyMethodProcessor : Read "application/json;charset=UTF-8" to [UserDto(email=Test5@test.com, password=Test555)]
?[0m?[0;34m2023-04-07 15:35:10.502 DEBUG 12456 --- [nio-8881-exec-7] w.c.HttpSessionSecurityContextRepository : Did not store anonymous SecurityContext
?[0m?[0;34m2023-04-07 15:35:10.502  WARN 12456 --- [nio-8881-exec-7] .w.s.m.s.DefaultHandlerExceptionResolver : Resolved [org.springframework.web.bind.MethodArgumentNotValidException: Validation failed for argument [0] in public org.springframework.http.ResponseEntity<java.lang.Object> recipes.controller.UserController.save(recipes.dto.UserDto): [Field error in object 'userDto' on field 'password': rejected value [Test555]; codes [Size.userDto.password,Size.password,Size.java.lang.String,Size]; arguments [org.springframework.context.support.DefaultMessageSourceResolvable: codes [userDto.password,password]; arguments []; default message [password],2147483647,8]; default message [size must be between 8 and 2147483647]] ]
?[0m?[0;34m2023-04-07 15:35:10.502 DEBUG 12456 --- [nio-8881-exec-7] o.j.s.OpenEntityManagerInViewInterceptor : Closing JPA EntityManager in OpenEntityManagerInViewInterceptor
?[0m?[0;34m2023-04-07 15:35:10.502 DEBUG 12456 --- [nio-8881-exec-7] o.s.web.servlet.DispatcherServlet        : Completed 400 BAD_REQUEST
?[0m?[0;34m2023-04-07 15:35:10.502 DEBUG 12456 --- [nio-8881-exec-7] w.c.HttpSessionSecurityContextRepository : Did not store anonymous SecurityContext
?[0m?[0;34m2023-04-07 15:35:10.502 DEBUG 12456 --- [nio-8881-exec-7] s.s.w.c.SecurityContextPersistenceFilter : Cleared SecurityContextHolder to complete request
?[0m?[0;34m2023-04-07 15:35:10.503 DEBUG 12456 --- [nio-8881-exec-7] o.s.security.web.FilterChainProxy        : Securing POST /error
?[0m?[0;34m2023-04-07 15:35:10.503 DEBUG 12456 --- [nio-8881-exec-7] s.s.w.c.SecurityContextPersistenceFilter : Set SecurityContextHolder to empty SecurityContext
?[0m?[0;34m2023-04-07 15:35:10.503 DEBUG 12456 --- [nio-8881-exec-7] o.s.s.w.a.AnonymousAuthenticationFilter  : Set SecurityContextHolder to anonymous SecurityContext
?[0m?[0;34m2023-04-07 15:35:10.503 DEBUG 12456 --- [nio-8881-exec-7] o.s.security.web.FilterChainProxy        : Secured POST /error
?[0m?[0;34m2023-04-07 15:35:10.503 DEBUG 12456 --- [nio-8881-exec-7] o.s.web.servlet.DispatcherServlet        : "ERROR" dispatch for POST "/error", parameters={}
?[0m?[0;34m2023-04-07 15:35:10.504 DEBUG 12456 --- [nio-8881-exec-7] s.w.s.m.m.a.RequestMappingHandlerMapping : Mapped to org.springframework.boot.autoconfigure.web.servlet.error.BasicErrorController#error(HttpServletRequest)
?[0m?[0;34m2023-04-07 15:35:10.504 DEBUG 12456 --- [nio-8881-exec-7] o.j.s.OpenEntityManagerInViewInterceptor : Opening JPA EntityManager in OpenEntityManagerInViewInterceptor
?[0m?[0;34m2023-04-07 15:35:10.504 DEBUG 12456 --- [nio-8881-exec-7] o.s.w.s.m.m.a.HttpEntityMethodProcessor  : Using 'application/json', given [*/*] and supported [application/json, application/*+json, application/json, application/*+json]
?[0m?[0;34m2023-04-07 15:35:10.505 DEBUG 12456 --- [nio-8881-exec-7] o.s.w.s.m.m.a.HttpEntityMethodProcessor  : Writing [{timestamp=Fri Apr 07 15:35:10 EET 2023, status=400, error=Bad Request, path=/api/register}]
?[0m?[0;34m2023-04-07 15:35:10.505 DEBUG 12456 --- [nio-8881-exec-7] w.c.HttpSessionSecurityContextRepository : Did not store anonymous SecurityContext
?[0m?[0;34m2023-04-07 15:35:10.506 DEBUG 12456 --- [nio-8881-exec-7] o.j.s.OpenEntityManagerInViewInterceptor : Closing JPA EntityManager in OpenEntityManagerInViewInterceptor
?[0m?[0;34m2023-04-07 15:35:10.506 DEBUG 12456 --- [nio-8881-exec-7] o.s.web.servlet.DispatcherServlet        : Exiting from "ERROR" dispatch, status 400
?[0m?[0;34m2023-04-07 15:35:10.506 DEBUG 12456 --- [nio-8881-exec-7] w.c.HttpSessionSecurityContextRepository : Did not store anonymous SecurityContext
?[0m?[0;34m2023-04-07 15:35:10.506 DEBUG 12456 --- [nio-8881-exec-7] s.s.w.c.SecurityContextPersistenceFilter : Cleared SecurityContextHolder to complete request
?[1;31m
Start test 8?[0m
?[0;34m2023-04-07 15:35:10.512 DEBUG 12456 --- [nio-8881-exec-8] o.s.security.web.FilterChainProxy        : Securing POST /api/register
?[0m?[0;34m2023-04-07 15:35:10.512 DEBUG 12456 --- [nio-8881-exec-8] s.s.w.c.SecurityContextPersistenceFilter : Set SecurityContextHolder to empty SecurityContext
?[0m?[0;34m2023-04-07 15:35:10.512 DEBUG 12456 --- [nio-8881-exec-8] o.s.s.w.a.AnonymousAuthenticationFilter  : Set SecurityContextHolder to anonymous SecurityContext
?[0m?[0;34m2023-04-07 15:35:10.512 DEBUG 12456 --- [nio-8881-exec-8] o.s.security.web.FilterChainProxy        : Secured POST /api/register
?[0m?[0;34m2023-04-07 15:35:10.512 DEBUG 12456 --- [nio-8881-exec-8] o.s.web.servlet.DispatcherServlet        : POST "/api/register", parameters={}
?[0m?[0;34m2023-04-07 15:35:10.513 DEBUG 12456 --- [nio-8881-exec-8] s.w.s.m.m.a.RequestMappingHandlerMapping : Mapped to recipes.controller.UserController#save(UserDto)
?[0m?[0;34m2023-04-07 15:35:10.513 DEBUG 12456 --- [nio-8881-exec-8] o.j.s.OpenEntityManagerInViewInterceptor : Opening JPA EntityManager in OpenEntityManagerInViewInterceptor
?[0m?[0;34m2023-04-07 15:35:10.514 DEBUG 12456 --- [nio-8881-exec-8] m.m.a.RequestResponseBodyMethodProcessor : Read "application/json;charset=UTF-8" to [UserDto(email=Test6@test.com, password=        )]
?[0m?[0;34m2023-04-07 15:35:10.515 DEBUG 12456 --- [nio-8881-exec-8] w.c.HttpSessionSecurityContextRepository : Did not store anonymous SecurityContext
?[0m?[0;34m2023-04-07 15:35:10.515  WARN 12456 --- [nio-8881-exec-8] .w.s.m.s.DefaultHandlerExceptionResolver : Resolved [org.springframework.web.bind.MethodArgumentNotValidException: Validation failed for argument [0] in public org.springframework.http.ResponseEntity<java.lang.Object> recipes.controller.UserController.save(recipes.dto.UserDto): [Field error in object 'userDto' on field 'password': rejected value [        ]; codes [NotBlank.userDto.password,NotBlank.password,NotBlank.java.lang.String,NotBlank]; arguments [org.springframework.context.support.DefaultMessageSourceResolvable: codes [userDto.password,password]; arguments []; default message [password]]; default message [must not be blank]] ]
?[0m?[0;34m2023-04-07 15:35:10.515 DEBUG 12456 --- [nio-8881-exec-8] o.j.s.OpenEntityManagerInViewInterceptor : Closing JPA EntityManager in OpenEntityManagerInViewInterceptor
?[0m?[0;34m2023-04-07 15:35:10.515 DEBUG 12456 --- [nio-8881-exec-8] o.s.web.servlet.DispatcherServlet        : Completed 400 BAD_REQUEST
?[0m?[0;34m2023-04-07 15:35:10.515 DEBUG 12456 --- [nio-8881-exec-8] w.c.HttpSessionSecurityContextRepository : Did not store anonymous SecurityContext
?[0m?[0;34m2023-04-07 15:35:10.515 DEBUG 12456 --- [nio-8881-exec-8] s.s.w.c.SecurityContextPersistenceFilter : Cleared SecurityContextHolder to complete request
?[0m?[0;34m2023-04-07 15:35:10.516 DEBUG 12456 --- [nio-8881-exec-8] o.s.security.web.FilterChainProxy        : Securing POST /error
?[0m?[0;34m2023-04-07 15:35:10.516 DEBUG 12456 --- [nio-8881-exec-8] s.s.w.c.SecurityContextPersistenceFilter : Set SecurityContextHolder to empty SecurityContext
?[0m?[0;34m2023-04-07 15:35:10.516 DEBUG 12456 --- [nio-8881-exec-8] o.s.s.w.a.AnonymousAuthenticationFilter  : Set SecurityContextHolder to anonymous SecurityContext
?[0m?[0;34m2023-04-07 15:35:10.516 DEBUG 12456 --- [nio-8881-exec-8] o.s.security.web.FilterChainProxy        : Secured POST /error
?[0m?[0;34m2023-04-07 15:35:10.516 DEBUG 12456 --- [nio-8881-exec-8] o.s.web.servlet.DispatcherServlet        : "ERROR" dispatch for POST "/error", parameters={}
?[0m?[0;34m2023-04-07 15:35:10.517 DEBUG 12456 --- [nio-8881-exec-8] s.w.s.m.m.a.RequestMappingHandlerMapping : Mapped to org.springframework.boot.autoconfigure.web.servlet.error.BasicErrorController#error(HttpServletRequest)
?[0m?[0;34m2023-04-07 15:35:10.517 DEBUG 12456 --- [nio-8881-exec-8] o.j.s.OpenEntityManagerInViewInterceptor : Opening JPA EntityManager in OpenEntityManagerInViewInterceptor
?[0m?[0;34m2023-04-07 15:35:10.517 DEBUG 12456 --- [nio-8881-exec-8] o.s.w.s.m.m.a.HttpEntityMethodProcessor  : Using 'application/json', given [*/*] and supported [application/json, application/*+json, application/json, application/*+json]
?[0m?[0;34m2023-04-07 15:35:10.518 DEBUG 12456 --- [nio-8881-exec-8] o.s.w.s.m.m.a.HttpEntityMethodProcessor  : Writing [{timestamp=Fri Apr 07 15:35:10 EET 2023, status=400, error=Bad Request, path=/api/register}]
?[0m?[0;34m2023-04-07 15:35:10.518 DEBUG 12456 --- [nio-8881-exec-8] w.c.HttpSessionSecurityContextRepository : Did not store anonymous SecurityContext
?[0m?[0;34m2023-04-07 15:35:10.519 DEBUG 12456 --- [nio-8881-exec-8] o.j.s.OpenEntityManagerInViewInterceptor : Closing JPA EntityManager in OpenEntityManagerInViewInterceptor
?[0m?[0;34m2023-04-07 15:35:10.519 DEBUG 12456 --- [nio-8881-exec-8] o.s.web.servlet.DispatcherServlet        : Exiting from "ERROR" dispatch, status 400
?[0m?[0;34m2023-04-07 15:35:10.519 DEBUG 12456 --- [nio-8881-exec-8] w.c.HttpSessionSecurityContextRepository : Did not store anonymous SecurityContext
?[0m?[0;34m2023-04-07 15:35:10.519 DEBUG 12456 --- [nio-8881-exec-8] s.s.w.c.SecurityContextPersistenceFilter : Cleared SecurityContextHolder to complete request
?[1;31m
Start test 9?[0m
?[0;34m2023-04-07 15:35:10.526 DEBUG 12456 --- [nio-8881-exec-9] o.s.security.web.FilterChainProxy        : Securing POST /api/recipe/new
?[0m?[0;34m2023-04-07 15:35:10.526 DEBUG 12456 --- [nio-8881-exec-9] s.s.w.c.SecurityContextPersistenceFilter : Set SecurityContextHolder to empty SecurityContext
?[0m?[0;34m2023-04-07 15:35:10.590 DEBUG 12456 --- [nio-8881-exec-9] tor$SharedEntityManagerInvocationHandler : Creating new EntityManager for shared EntityManager invocation
?[0m?[0;34mHibernate: 
?[0m?[0;34m    select
?[0m?[0;34m        user0_.id as id1_3_,
?[0m?[0;34m        user0_.email as email2_3_,
?[0m?[0;34m        user0_.password as password3_3_ 
?[0m?[0;34m    from
?[0m?[0;34m        users user0_ 
?[0m?[0;34m    where
?[0m?[0;34m        user0_.email=?
?[0m?[0;34mHibernate: 
?[0m?[0;34m    select
?[0m?[0;34m        recipes0_.user_id as user_id6_2_0_,
?[0m?[0;34m        recipes0_.id as id1_2_0_,
?[0m?[0;34m        recipes0_.id as id1_2_1_,
?[0m?[0;34m        recipes0_.category as category2_2_1_,
?[0m?[0;34m        recipes0_.date as date3_2_1_,
?[0m?[0;34m        recipes0_.description as descript4_2_1_,
?[0m?[0;34m        recipes0_.name as name5_2_1_,
?[0m?[0;34m        recipes0_.user_id as user_id6_2_1_ 
?[0m?[0;34m    from
?[0m?[0;34m        recipe recipes0_ 
?[0m?[0;34m    where
?[0m?[0;34m        recipes0_.user_id=?
?[0m?[0;34m2023-04-07 15:35:10.691 DEBUG 12456 --- [nio-8881-exec-9] o.s.s.a.dao.DaoAuthenticationProvider    : Authenticated user
?[0m?[0;34m2023-04-07 15:35:10.691 DEBUG 12456 --- [nio-8881-exec-9] o.s.s.w.a.www.BasicAuthenticationFilter  : Set SecurityContextHolder to UsernamePasswordAuthenticationToken [Principal=recipes.security.SecurityUserDetails@748c8fbf, Credentials=[PROTECTED], Authenticated=true, Details=WebAuthenticationDetails [RemoteIpAddress=127.0.0.1, SessionId=null], Granted Authorities=[]]
?[0m?[0;34m2023-04-07 15:35:10.790 DEBUG 12456 --- [nio-8881-exec-9] w.c.HttpSessionSecurityContextRepository : Created HttpSession as SecurityContext is non-default
?[0m?[0;34m2023-04-07 15:35:10.791 DEBUG 12456 --- [nio-8881-exec-9] w.c.HttpSessionSecurityContextRepository : Stored SecurityContextImpl [Authentication=UsernamePasswordAuthenticationToken [Principal=recipes.security.SecurityUserDetails@748c8fbf, Credentials=[PROTECTED], Authenticated=true, Details=WebAuthenticationDetails [RemoteIpAddress=127.0.0.1, SessionId=null], Granted Authorities=[]]] to HttpSession [org.apache.catalina.session.StandardSessionFacade@5ad20653]
?[0m?[0;34m2023-04-07 15:35:10.791 DEBUG 12456 --- [nio-8881-exec-9] o.s.security.web.FilterChainProxy        : Secured POST /api/recipe/new
?[0m?[0;34m2023-04-07 15:35:10.791 DEBUG 12456 --- [nio-8881-exec-9] o.s.web.servlet.DispatcherServlet        : POST "/api/recipe/new", parameters={}
?[0m?[0;34m2023-04-07 15:35:10.792 DEBUG 12456 --- [nio-8881-exec-9] s.w.s.m.m.a.RequestMappingHandlerMapping : Mapped to recipes.controller.RecipeController#sava(SecurityUserDetails, RecipeDTO)
?[0m?[0;34m2023-04-07 15:35:10.792 DEBUG 12456 --- [nio-8881-exec-9] o.j.s.OpenEntityManagerInViewInterceptor : Opening JPA EntityManager in OpenEntityManagerInViewInterceptor
?[0m?[0;34m2023-04-07 15:35:10.808 DEBUG 12456 --- [nio-8881-exec-9] m.m.a.RequestResponseBodyMethodProcessor : Read "application/json;charset=UTF-8" to [RecipeDTO(name=Fresh Mint Tea /Test, category=beverage /Test, date=null, description=Light, aromatic (truncated)...]
?[0m?[0;34m2023-04-07 15:35:10.818 DEBUG 12456 --- [nio-8881-exec-9] o.s.orm.jpa.JpaTransactionManager        : Found thread-bound EntityManager [SessionImpl(1125106422<open>)] for JPA transaction
?[0m?[0;34m2023-04-07 15:35:10.818 DEBUG 12456 --- [nio-8881-exec-9] o.s.orm.jpa.JpaTransactionManager        : Creating new transaction with name [org.springframework.data.jpa.repository.support.SimpleJpaRepository.save]: PROPAGATION_REQUIRED,ISOLATION_DEFAULT
?[0m?[0;34m2023-04-07 15:35:10.818 DEBUG 12456 --- [nio-8881-exec-9] o.s.orm.jpa.JpaTransactionManager        : Exposing JPA transaction as JDBC [org.springframework.orm.jpa.vendor.HibernateJpaDialect$HibernateConnectionHandle@2e900330]
?[0m?[0;34mHibernate: 
?[0m?[0;34m    insert 
?[0m?[0;34m    into
?[0m?[0;34m        recipe
?[0m?[0;34m        (id, category, date, description, name, user_id) 
?[0m?[0;34m    values
?[0m?[0;34m        (null, ?, ?, ?, ?, ?)
?[0m?[0;34m2023-04-07 15:35:10.823 DEBUG 12456 --- [nio-8881-exec-9] o.s.orm.jpa.JpaTransactionManager        : Initiating transaction commit
?[0m?[0;34m2023-04-07 15:35:10.823 DEBUG 12456 --- [nio-8881-exec-9] o.s.orm.jpa.JpaTransactionManager        : Committing JPA transaction on EntityManager [SessionImpl(1125106422<open>)]
?[0m?[0;34mHibernate: 
?[0m?[0;34m    insert 
?[0m?[0;34m    into
?[0m?[0;34m        direction
?[0m?[0;34m        (id, directions) 
?[0m?[0;34m    values
?[0m?[0;34m        (?, ?)
?[0m?[0;34mHibernate: 
?[0m?[0;34m    insert 
?[0m?[0;34m    into
?[0m?[0;34m        direction
?[0m?[0;34m        (id, directions) 
?[0m?[0;34m    values
?[0m?[0;34m        (?, ?)
?[0m?[0;34mHibernate: 
?[0m?[0;34m    insert 
?[0m?[0;34m    into
?[0m?[0;34m        direction
?[0m?[0;34m        (id, directions) 
?[0m?[0;34m    values
?[0m?[0;34m        (?, ?)
?[0m?[0;34mHibernate: 
?[0m?[0;34m    insert 
?[0m?[0;34m    into
?[0m?[0;34m        direction
?[0m?[0;34m        (id, directions) 
?[0m?[0;34m    values
?[0m?[0;34m        (?, ?)
?[0m?[0;34mHibernate: 
?[0m?[0;34m    insert 
?[0m?[0;34m    into
?[0m?[0;34m        direction
?[0m?[0;34m        (id, directions) 
?[0m?[0;34m    values
?[0m?[0;34m        (?, ?)
?[0m?[0;34mHibernate: 
?[0m?[0;34m    insert 
?[0m?[0;34m    into
?[0m?[0;34m        ingredient
?[0m?[0;34m        (id, ingredients) 
?[0m?[0;34m    values
?[0m?[0;34m        (?, ?)
?[0m?[0;34mHibernate: 
?[0m?[0;34m    insert 
?[0m?[0;34m    into
?[0m?[0;34m        ingredient
?[0m?[0;34m        (id, ingredients) 
?[0m?[0;34m    values
?[0m?[0;34m        (?, ?)
?[0m?[0;34mHibernate: 
?[0m?[0;34m    insert 
?[0m?[0;34m    into
?[0m?[0;34m        ingredient
?[0m?[0;34m        (id, ingredients) 
?[0m?[0;34m    values
?[0m?[0;34m        (?, ?)
?[0m?[0;34m2023-04-07 15:35:10.834 DEBUG 12456 --- [nio-8881-exec-9] o.s.orm.jpa.JpaTransactionManager        : Not closing pre-bound JPA EntityManager after transaction
?[0m?[0;34m2023-04-07 15:35:10.835 DEBUG 12456 --- [nio-8881-exec-9] o.s.w.s.m.m.a.HttpEntityMethodProcessor  : Using 'application/json', given [*/*] and supported [application/json, application/*+json, application/json, application/*+json]
?[0m?[0;34m2023-04-07 15:35:10.835 DEBUG 12456 --- [nio-8881-exec-9] o.s.w.s.m.m.a.HttpEntityMethodProcessor  : Writing [{id=1}]
?[0m?[0;34m2023-04-07 15:35:10.835 DEBUG 12456 --- [nio-8881-exec-9] w.c.HttpSessionSecurityContextRepository : Stored SecurityContextImpl [Authentication=UsernamePasswordAuthenticationToken [Principal=recipes.security.SecurityUserDetails@748c8fbf, Credentials=[PROTECTED], Authenticated=true, Details=WebAuthenticationDetails [RemoteIpAddress=127.0.0.1, SessionId=null], Granted Authorities=[]]] to HttpSession [org.apache.catalina.session.StandardSessionFacade@5ad20653]
?[0m?[0;34m2023-04-07 15:35:10.836 DEBUG 12456 --- [nio-8881-exec-9] o.j.s.OpenEntityManagerInViewInterceptor : Closing JPA EntityManager in OpenEntityManagerInViewInterceptor
?[0m?[0;34m2023-04-07 15:35:10.836 DEBUG 12456 --- [nio-8881-exec-9] o.s.web.servlet.DispatcherServlet        : Completed 200 OK
?[0m?[0;34m2023-04-07 15:35:10.836 DEBUG 12456 --- [nio-8881-exec-9] w.c.HttpSessionSecurityContextRepository : Stored SecurityContextImpl [Authentication=UsernamePasswordAuthenticationToken [Principal=recipes.security.SecurityUserDetails@748c8fbf, Credentials=[PROTECTED], Authenticated=true, Details=WebAuthenticationDetails [RemoteIpAddress=127.0.0.1, SessionId=null], Granted Authorities=[]]] to HttpSession [org.apache.catalina.session.StandardSessionFacade@5ad20653]
?[0m?[0;34m2023-04-07 15:35:10.836 DEBUG 12456 --- [nio-8881-exec-9] s.s.w.c.SecurityContextPersistenceFilter : Cleared SecurityContextHolder to complete request
?[1;31m
Start test 10?[0m
?[0m?[0;34m2023-04-07 15:35:10.852 DEBUG 12456 --- [nio-8881-exec-3] o.s.security.web.FilterChainProxy        : Securing POST /api/recipe/new
?[0m?[0;34m2023-04-07 15:35:10.852 DEBUG 12456 --- [nio-8881-exec-3] s.s.w.c.SecurityContextPersistenceFilter : Set SecurityContextHolder to empty SecurityContext
?[0m?[0;34m2023-04-07 15:35:10.852 DEBUG 12456 --- [nio-8881-exec-3] tor$SharedEntityManagerInvocationHandler : Creating new EntityManager for shared EntityManager invocation
?[0m?[0;34mHibernate: 
?[0m?[0;34m    select
?[0m?[0;34m        user0_.id as id1_3_,
?[0m?[0;34m        user0_.email as email2_3_,
?[0m?[0;34m        user0_.password as password3_3_ 
?[0m?[0;34m    from
?[0m?[0;34m        users user0_ 
?[0m?[0;34m    where
?[0m?[0;34m        user0_.email=?
?[0m?[0;34mHibernate: 
?[0m?[0;34m    select
?[0m?[0;34m        recipes0_.user_id as user_id6_2_0_,
?[0m?[0;34m        recipes0_.id as id1_2_0_,
?[0m?[0;34m        recipes0_.id as id1_2_1_,
?[0m?[0;34m        recipes0_.category as category2_2_1_,
?[0m?[0;34m        recipes0_.date as date3_2_1_,
?[0m?[0;34m        recipes0_.description as descript4_2_1_,
?[0m?[0;34m        recipes0_.name as name5_2_1_,
?[0m?[0;34m        recipes0_.user_id as user_id6_2_1_ 
?[0m?[0;34m    from
?[0m?[0;34m        recipe recipes0_ 
?[0m?[0;34m    where
?[0m?[0;34m        recipes0_.user_id=?
?[0m?[0;34m2023-04-07 15:35:10.927 DEBUG 12456 --- [nio-8881-exec-3] o.s.s.a.dao.DaoAuthenticationProvider    : Authenticated user
?[0m?[0;34m2023-04-07 15:35:10.927 DEBUG 12456 --- [nio-8881-exec-3] o.s.s.w.a.www.BasicAuthenticationFilter  : Set SecurityContextHolder to UsernamePasswordAuthenticationToken [Principal=recipes.security.SecurityUserDetails@7378f4c8, Credentials=[PROTECTED], Authenticated=true, Details=WebAuthenticationDetails [RemoteIpAddress=127.0.0.1, SessionId=null], Granted Authorities=[]]
?[0m?[0;34m2023-04-07 15:35:10.928 DEBUG 12456 --- [nio-8881-exec-3] w.c.HttpSessionSecurityContextRepository : Created HttpSession as SecurityContext is non-default
?[0m?[0;34m2023-04-07 15:35:10.928 DEBUG 12456 --- [nio-8881-exec-3] w.c.HttpSessionSecurityContextRepository : Stored SecurityContextImpl [Authentication=UsernamePasswordAuthenticationToken [Principal=recipes.security.SecurityUserDetails@7378f4c8, Credentials=[PROTECTED], Authenticated=true, Details=WebAuthenticationDetails [RemoteIpAddress=127.0.0.1, SessionId=null], Granted Authorities=[]]] to HttpSession [org.apache.catalina.session.StandardSessionFacade@7f393c14]
?[0m?[0;34m2023-04-07 15:35:10.928 DEBUG 12456 --- [nio-8881-exec-3] o.s.security.web.FilterChainProxy        : Secured POST /api/recipe/new
?[0m?[0;34m2023-04-07 15:35:10.928 DEBUG 12456 --- [nio-8881-exec-3] o.s.web.servlet.DispatcherServlet        : POST "/api/recipe/new", parameters={}
?[0m?[0;34m2023-04-07 15:35:10.928 DEBUG 12456 --- [nio-8881-exec-3] s.w.s.m.m.a.RequestMappingHandlerMapping : Mapped to recipes.controller.RecipeController#sava(SecurityUserDetails, RecipeDTO)
?[0m?[0;34m2023-04-07 15:35:10.929 DEBUG 12456 --- [nio-8881-exec-3] o.j.s.OpenEntityManagerInViewInterceptor : Opening JPA EntityManager in OpenEntityManagerInViewInterceptor
?[0m?[0;34m2023-04-07 15:35:10.929 DEBUG 12456 --- [nio-8881-exec-3] m.m.a.RequestResponseBodyMethodProcessor : Read "application/json;charset=UTF-8" to [RecipeDTO(name=Warming Ginger Tea /Test, category=beverage /Test, date=null, description=Ginger tea  (truncated)...]
?[0m?[0;34m2023-04-07 15:35:10.931 DEBUG 12456 --- [nio-8881-exec-3] o.s.orm.jpa.JpaTransactionManager        : Found thread-bound EntityManager [SessionImpl(904535957<open>)] for JPA transaction
?[0m?[0;34m2023-04-07 15:35:10.931 DEBUG 12456 --- [nio-8881-exec-3] o.s.orm.jpa.JpaTransactionManager        : Creating new transaction with name [org.springframework.data.jpa.repository.support.SimpleJpaRepository.save]: PROPAGATION_REQUIRED,ISOLATION_DEFAULT
?[0m?[0;34m2023-04-07 15:35:10.931 DEBUG 12456 --- [nio-8881-exec-3] o.s.orm.jpa.JpaTransactionManager        : Exposing JPA transaction as JDBC [org.springframework.orm.jpa.vendor.HibernateJpaDialect$HibernateConnectionHandle@565739ff]
?[0m?[0;34mHibernate: 
?[0m?[0;34m    insert 
?[0m?[0;34m    into
?[0m?[0;34m        recipe
?[0m?[0;34m        (id, category, date, description, name, user_id) 
?[0m?[0;34m    values
?[0m?[0;34m        (null, ?, ?, ?, ?, ?)
?[0m?[0;34m2023-04-07 15:35:10.933 DEBUG 12456 --- [nio-8881-exec-3] o.s.orm.jpa.JpaTransactionManager        : Initiating transaction commit
?[0m?[0;34m2023-04-07 15:35:10.933 DEBUG 12456 --- [nio-8881-exec-3] o.s.orm.jpa.JpaTransactionManager        : Committing JPA transaction on EntityManager [SessionImpl(904535957<open>)]
?[0m?[0;34mHibernate: 
?[0m?[0;34m    insert 
?[0m?[0;34m    into
?[0m?[0;34m        direction
?[0m?[0;34m        (id, directions) 
?[0m?[0;34m    values
?[0m?[0;34m        (?, ?)
?[0m?[0;34mHibernate: 
?[0m?[0;34m    insert 
?[0m?[0;34m    into
?[0m?[0;34m        direction
?[0m?[0;34m        (id, directions) 
?[0m?[0;34m    values
?[0m?[0;34m        (?, ?)
?[0m?[0;34mHibernate: 
?[0m?[0;34m    insert 
?[0m?[0;34m    into
?[0m?[0;34m        direction
?[0m?[0;34m        (id, directions) 
?[0m?[0;34m    values
?[0m?[0;34m        (?, ?)
?[0m?[0;34mHibernate: 
?[0m?[0;34m    insert 
?[0m?[0;34m    into
?[0m?[0;34m        ingredient
?[0m?[0;34m        (id, ingredients) 
?[0m?[0;34m    values
?[0m?[0;34m        (?, ?)
?[0m?[0;34mHibernate: 
?[0m?[0;34m    insert 
?[0m?[0;34m    into
?[0m?[0;34m        ingredient
?[0m?[0;34m        (id, ingredients) 
?[0m?[0;34m    values
?[0m?[0;34m        (?, ?)
?[0m?[0;34mHibernate: 
?[0m?[0;34m    insert 
?[0m?[0;34m    into
?[0m?[0;34m        ingredient
?[0m?[0;34m        (id, ingredients) 
?[0m?[0;34m    values
?[0m?[0;34m        (?, ?)
?[0m?[0;34m2023-04-07 15:35:10.936 DEBUG 12456 --- [nio-8881-exec-3] o.s.orm.jpa.JpaTransactionManager        : Not closing pre-bound JPA EntityManager after transaction
?[0m?[0;34m2023-04-07 15:35:10.936 DEBUG 12456 --- [nio-8881-exec-3] o.s.w.s.m.m.a.HttpEntityMethodProcessor  : Using 'application/json', given [*/*] and supported [application/json, application/*+json, application/json, application/*+json]
?[0m?[0;34m2023-04-07 15:35:10.937 DEBUG 12456 --- [nio-8881-exec-3] o.s.w.s.m.m.a.HttpEntityMethodProcessor  : Writing [{id=2}]
?[0m?[0;34m2023-04-07 15:35:10.937 DEBUG 12456 --- [nio-8881-exec-3] w.c.HttpSessionSecurityContextRepository : Stored SecurityContextImpl [Authentication=UsernamePasswordAuthenticationToken [Principal=recipes.security.SecurityUserDetails@7378f4c8, Credentials=[PROTECTED], Authenticated=true, Details=WebAuthenticationDetails [RemoteIpAddress=127.0.0.1, SessionId=null], Granted Authorities=[]]] to HttpSession [org.apache.catalina.session.StandardSessionFacade@7f393c14]
?[0m?[0;34m2023-04-07 15:35:10.938 DEBUG 12456 --- [nio-8881-exec-3] o.j.s.OpenEntityManagerInViewInterceptor : Closing JPA EntityManager in OpenEntityManagerInViewInterceptor
?[0m?[0;34m2023-04-07 15:35:10.938 DEBUG 12456 --- [nio-8881-exec-3] o.s.web.servlet.DispatcherServlet        : Completed 200 OK
?[0m?[0;34m2023-04-07 15:35:10.938 DEBUG 12456 --- [nio-8881-exec-3] w.c.HttpSessionSecurityContextRepository : Stored SecurityContextImpl [Authentication=UsernamePasswordAuthenticationToken [Principal=recipes.security.SecurityUserDetails@7378f4c8, Credentials=[PROTECTED], Authenticated=true, Details=WebAuthenticationDetails [RemoteIpAddress=127.0.0.1, SessionId=null], Granted Authorities=[]]] to HttpSession [org.apache.catalina.session.StandardSessionFacade@7f393c14]
?[0m?[0;34m2023-04-07 15:35:10.938 DEBUG 12456 --- [nio-8881-exec-3] s.s.w.c.SecurityContextPersistenceFilter : Cleared SecurityContextHolder to complete request
?[1;31m
Start test 11?[0m
?[0m?[0;34m2023-04-07 15:35:10.944 DEBUG 12456 --- [nio-8881-exec-5] o.s.security.web.FilterChainProxy        : Securing GET /api/recipe/1
?[0m?[0;34m2023-04-07 15:35:10.944 DEBUG 12456 --- [nio-8881-exec-5] s.s.w.c.SecurityContextPersistenceFilter : Set SecurityContextHolder to empty SecurityContext
?[0m?[0;34m2023-04-07 15:35:10.944 DEBUG 12456 --- [nio-8881-exec-5] tor$SharedEntityManagerInvocationHandler : Creating new EntityManager for shared EntityManager invocation
?[0m?[0;34mHibernate: 
?[0m?[0;34m    select
?[0m?[0;34m        user0_.id as id1_3_,
?[0m?[0;34m        user0_.email as email2_3_,
?[0m?[0;34m        user0_.password as password3_3_ 
?[0m?[0;34m    from
?[0m?[0;34m        users user0_ 
?[0m?[0;34m    where
?[0m?[0;34m        user0_.email=?
?[0m?[0;34mHibernate: 
?[0m?[0;34m    select
?[0m?[0;34m        recipes0_.user_id as user_id6_2_0_,
?[0m?[0;34m        recipes0_.id as id1_2_0_,
?[0m?[0;34m        recipes0_.id as id1_2_1_,
?[0m?[0;34m        recipes0_.category as category2_2_1_,
?[0m?[0;34m        recipes0_.date as date3_2_1_,
?[0m?[0;34m        recipes0_.description as descript4_2_1_,
?[0m?[0;34m        recipes0_.name as name5_2_1_,
?[0m?[0;34m        recipes0_.user_id as user_id6_2_1_ 
?[0m?[0;34m    from
?[0m?[0;34m        recipe recipes0_ 
?[0m?[0;34m    where
?[0m?[0;34m        recipes0_.user_id=?
?[0m?[0;34m2023-04-07 15:35:11.007 DEBUG 12456 --- [nio-8881-exec-5] o.s.s.a.dao.DaoAuthenticationProvider    : Authenticated user
?[0m?[0;34m2023-04-07 15:35:11.007 DEBUG 12456 --- [nio-8881-exec-5] o.s.s.w.a.www.BasicAuthenticationFilter  : Set SecurityContextHolder to UsernamePasswordAuthenticationToken [Principal=recipes.security.SecurityUserDetails@44359e8e, Credentials=[PROTECTED], Authenticated=true, Details=WebAuthenticationDetails [RemoteIpAddress=127.0.0.1, SessionId=null], Granted Authorities=[]]
?[0m?[0;34m2023-04-07 15:35:11.007 DEBUG 12456 --- [nio-8881-exec-5] w.c.HttpSessionSecurityContextRepository : Created HttpSession as SecurityContext is non-default
?[0m?[0;34m2023-04-07 15:35:11.008 DEBUG 12456 --- [nio-8881-exec-5] w.c.HttpSessionSecurityContextRepository : Stored SecurityContextImpl [Authentication=UsernamePasswordAuthenticationToken [Principal=recipes.security.SecurityUserDetails@44359e8e, Credentials=[PROTECTED], Authenticated=true, Details=WebAuthenticationDetails [RemoteIpAddress=127.0.0.1, SessionId=null], Granted Authorities=[]]] to HttpSession [org.apache.catalina.session.StandardSessionFacade@6b2365c8]
?[0m?[0;34m2023-04-07 15:35:11.008 DEBUG 12456 --- [nio-8881-exec-5] o.s.security.web.FilterChainProxy        : Secured GET /api/recipe/1
?[0m?[0;34m2023-04-07 15:35:11.008 DEBUG 12456 --- [nio-8881-exec-5] o.s.web.servlet.DispatcherServlet        : GET "/api/recipe/1", parameters={}
?[0m?[0;34m2023-04-07 15:35:11.009 DEBUG 12456 --- [nio-8881-exec-5] s.w.s.m.m.a.RequestMappingHandlerMapping : Mapped to recipes.controller.RecipeController#findById(int)
?[0m?[0;34m2023-04-07 15:35:11.010 DEBUG 12456 --- [nio-8881-exec-5] o.j.s.OpenEntityManagerInViewInterceptor : Opening JPA EntityManager in OpenEntityManagerInViewInterceptor
?[0m?[0;34m2023-04-07 15:35:11.013 DEBUG 12456 --- [nio-8881-exec-5] o.s.orm.jpa.JpaTransactionManager        : Found thread-bound EntityManager [SessionImpl(1972655139<open>)] for JPA transaction
?[0m?[0;34m2023-04-07 15:35:11.013 DEBUG 12456 --- [nio-8881-exec-5] o.s.orm.jpa.JpaTransactionManager        : Creating new transaction with name [org.springframework.data.jpa.repository.support.SimpleJpaRepository.findById]: PROPAGATION_REQUIRED,ISOLATION_DEFAULT,readOnly
?[0m?[0;34m2023-04-07 15:35:11.014 DEBUG 12456 --- [nio-8881-exec-5] o.s.jdbc.datasource.DataSourceUtils      : Setting JDBC Connection [HikariProxyConnection@963625379 wrapping conn0: url=jdbc:h2:file:../recipes_db user=SA] read-only
?[0m?[0;34m2023-04-07 15:35:11.015 DEBUG 12456 --- [nio-8881-exec-5] o.s.orm.jpa.JpaTransactionManager        : Exposing JPA transaction as JDBC [org.springframework.orm.jpa.vendor.HibernateJpaDialect$HibernateConnectionHandle@717ae7e0]
?[0m?[0;34mHibernate: 
?[0m?[0;34m    select
?[0m?[0;34m        recipe0_.id as id1_2_0_,
?[0m?[0;34m        recipe0_.category as category2_2_0_,
?[0m?[0;34m        recipe0_.date as date3_2_0_,
?[0m?[0;34m        recipe0_.description as descript4_2_0_,
?[0m?[0;34m        recipe0_.name as name5_2_0_,
?[0m?[0;34m        recipe0_.user_id as user_id6_2_0_,
?[0m?[0;34m        user1_.id as id1_3_1_,
?[0m?[0;34m        user1_.email as email2_3_1_,
?[0m?[0;34m        user1_.password as password3_3_1_ 
?[0m?[0;34m    from
?[0m?[0;34m        recipe recipe0_ 
?[0m?[0;34m    inner join
?[0m?[0;34m        users user1_ 
?[0m?[0;34m            on recipe0_.user_id=user1_.id 
?[0m?[0;34m    where
?[0m?[0;34m        recipe0_.id=?
?[0m?[0;34mHibernate: 
?[0m?[0;34m    select
?[0m?[0;34m        recipes0_.user_id as user_id6_2_0_,
?[0m?[0;34m        recipes0_.id as id1_2_0_,
?[0m?[0;34m        recipes0_.id as id1_2_1_,
?[0m?[0;34m        recipes0_.category as category2_2_1_,
?[0m?[0;34m        recipes0_.date as date3_2_1_,
?[0m?[0;34m        recipes0_.description as descript4_2_1_,
?[0m?[0;34m        recipes0_.name as name5_2_1_,
?[0m?[0;34m        recipes0_.user_id as user_id6_2_1_ 
?[0m?[0;34m    from
?[0m?[0;34m        recipe recipes0_ 
?[0m?[0;34m    where
?[0m?[0;34m        recipes0_.user_id=?
?[0m?[0;34m2023-04-07 15:35:11.021 DEBUG 12456 --- [nio-8881-exec-5] o.s.orm.jpa.JpaTransactionManager        : Initiating transaction commit
?[0m?[0;34m2023-04-07 15:35:11.021 DEBUG 12456 --- [nio-8881-exec-5] o.s.orm.jpa.JpaTransactionManager        : Committing JPA transaction on EntityManager [SessionImpl(1972655139<open>)]
?[0m?[0;34m2023-04-07 15:35:11.021 DEBUG 12456 --- [nio-8881-exec-5] o.s.jdbc.datasource.DataSourceUtils      : Resetting read-only flag of JDBC Connection [HikariProxyConnection@963625379 wrapping conn0: url=jdbc:h2:file:../recipes_db user=SA]
?[0m?[0;34m2023-04-07 15:35:11.021 DEBUG 12456 --- [nio-8881-exec-5] o.s.orm.jpa.JpaTransactionManager        : Not closing pre-bound JPA EntityManager after transaction
?[0m?[0;34mHibernate: 
?[0m?[0;34m    select
?[0m?[0;34m        directions0_.id as id1_0_0_,
?[0m?[0;34m        directions0_.directions as directio2_0_0_ 
?[0m?[0;34m    from
?[0m?[0;34m        direction directions0_ 
?[0m?[0;34m    where
?[0m?[0;34m        directions0_.id=?
?[0m?[0;34mHibernate: 
?[0m?[0;34m    select
?[0m?[0;34m        ingredient0_.id as id1_1_0_,
?[0m?[0;34m        ingredient0_.ingredients as ingredie2_1_0_ 
?[0m?[0;34m    from
?[0m?[0;34m        ingredient ingredient0_ 
?[0m?[0;34m    where
?[0m?[0;34m        ingredient0_.id=?
?[0m?[0;34m2023-04-07 15:35:11.036 DEBUG 12456 --- [nio-8881-exec-5] o.s.w.s.m.m.a.HttpEntityMethodProcessor  : Using 'application/json', given [*/*] and supported [application/json, application/*+json, application/json, application/*+json]
?[0m?[0;34m2023-04-07 15:35:11.036 DEBUG 12456 --- [nio-8881-exec-5] o.s.w.s.m.m.a.HttpEntityMethodProcessor  : Writing [RecipeDTO(name=Fresh Mint Tea /Test, category=beverage /Test, date=2023-04-07T15:35:10.821691, descr (truncated)...]
?[0m?[0;34m2023-04-07 15:35:11.038 DEBUG 12456 --- [nio-8881-exec-5] w.c.HttpSessionSecurityContextRepository : Stored SecurityContextImpl [Authentication=UsernamePasswordAuthenticationToken [Principal=recipes.security.SecurityUserDetails@44359e8e, Credentials=[PROTECTED], Authenticated=true, Details=WebAuthenticationDetails [RemoteIpAddress=127.0.0.1, SessionId=null], Granted Authorities=[]]] to HttpSession [org.apache.catalina.session.StandardSessionFacade@6b2365c8]
?[0m?[0;34m2023-04-07 15:35:11.039 DEBUG 12456 --- [nio-8881-exec-5] o.j.s.OpenEntityManagerInViewInterceptor : Closing JPA EntityManager in OpenEntityManagerInViewInterceptor
?[0m?[0;34m2023-04-07 15:35:11.039 DEBUG 12456 --- [nio-8881-exec-5] o.s.web.servlet.DispatcherServlet        : Completed 200 OK
?[0m?[0;34m2023-04-07 15:35:11.039 DEBUG 12456 --- [nio-8881-exec-5] w.c.HttpSessionSecurityContextRepository : Stored SecurityContextImpl [Authentication=UsernamePasswordAuthenticationToken [Principal=recipes.security.SecurityUserDetails@44359e8e, Credentials=[PROTECTED], Authenticated=true, Details=WebAuthenticationDetails [RemoteIpAddress=127.0.0.1, SessionId=null], Granted Authorities=[]]] to HttpSession [org.apache.catalina.session.StandardSessionFacade@6b2365c8]
?[0m?[0;34m2023-04-07 15:35:11.039 DEBUG 12456 --- [nio-8881-exec-5] s.s.w.c.SecurityContextPersistenceFilter : Cleared SecurityContextHolder to complete request
?[1;31m
Start test 12?[0m
?[0m?[0;34m2023-04-07 15:35:11.048 DEBUG 12456 --- [nio-8881-exec-6] o.s.security.web.FilterChainProxy        : Securing GET /api/recipe/2
?[0m?[0;34m2023-04-07 15:35:11.048 DEBUG 12456 --- [nio-8881-exec-6] s.s.w.c.SecurityContextPersistenceFilter : Set SecurityContextHolder to empty SecurityContext
?[0m?[0;34m2023-04-07 15:35:11.048 DEBUG 12456 --- [nio-8881-exec-6] tor$SharedEntityManagerInvocationHandler : Creating new EntityManager for shared EntityManager invocation
?[0m?[0;34mHibernate: 
?[0m?[0;34m    select
?[0m?[0;34m        user0_.id as id1_3_,
?[0m?[0;34m        user0_.email as email2_3_,
?[0m?[0;34m        user0_.password as password3_3_ 
?[0m?[0;34m    from
?[0m?[0;34m        users user0_ 
?[0m?[0;34m    where
?[0m?[0;34m        user0_.email=?
?[0m?[0;34mHibernate: 
?[0m?[0;34m    select
?[0m?[0;34m        recipes0_.user_id as user_id6_2_0_,
?[0m?[0;34m        recipes0_.id as id1_2_0_,
?[0m?[0;34m        recipes0_.id as id1_2_1_,
?[0m?[0;34m        recipes0_.category as category2_2_1_,
?[0m?[0;34m        recipes0_.date as date3_2_1_,
?[0m?[0;34m        recipes0_.description as descript4_2_1_,
?[0m?[0;34m        recipes0_.name as name5_2_1_,
?[0m?[0;34m        recipes0_.user_id as user_id6_2_1_ 
?[0m?[0;34m    from
?[0m?[0;34m        recipe recipes0_ 
?[0m?[0;34m    where
?[0m?[0;34m        recipes0_.user_id=?
?[0m?[0;34m2023-04-07 15:35:11.119 DEBUG 12456 --- [nio-8881-exec-6] o.s.s.a.dao.DaoAuthenticationProvider    : Authenticated user
?[0m?[0;34m2023-04-07 15:35:11.120 DEBUG 12456 --- [nio-8881-exec-6] o.s.s.w.a.www.BasicAuthenticationFilter  : Set SecurityContextHolder to UsernamePasswordAuthenticationToken [Principal=recipes.security.SecurityUserDetails@681149cd, Credentials=[PROTECTED], Authenticated=true, Details=WebAuthenticationDetails [RemoteIpAddress=127.0.0.1, SessionId=null], Granted Authorities=[]]
?[0m?[0;34m2023-04-07 15:35:11.120 DEBUG 12456 --- [nio-8881-exec-6] w.c.HttpSessionSecurityContextRepository : Created HttpSession as SecurityContext is non-default
?[0m?[0;34m2023-04-07 15:35:11.120 DEBUG 12456 --- [nio-8881-exec-6] w.c.HttpSessionSecurityContextRepository : Stored SecurityContextImpl [Authentication=UsernamePasswordAuthenticationToken [Principal=recipes.security.SecurityUserDetails@681149cd, Credentials=[PROTECTED], Authenticated=true, Details=WebAuthenticationDetails [RemoteIpAddress=127.0.0.1, SessionId=null], Granted Authorities=[]]] to HttpSession [org.apache.catalina.session.StandardSessionFacade@1309775b]
?[0m?[0;34m2023-04-07 15:35:11.120 DEBUG 12456 --- [nio-8881-exec-6] o.s.security.web.FilterChainProxy        : Secured GET /api/recipe/2
?[0m?[0;34m2023-04-07 15:35:11.121 DEBUG 12456 --- [nio-8881-exec-6] o.s.web.servlet.DispatcherServlet        : GET "/api/recipe/2", parameters={}
?[0m?[0;34m2023-04-07 15:35:11.121 DEBUG 12456 --- [nio-8881-exec-6] s.w.s.m.m.a.RequestMappingHandlerMapping : Mapped to recipes.controller.RecipeController#findById(int)
?[0m?[0;34m2023-04-07 15:35:11.122 DEBUG 12456 --- [nio-8881-exec-6] o.j.s.OpenEntityManagerInViewInterceptor : Opening JPA EntityManager in OpenEntityManagerInViewInterceptor
?[0m?[0;34m2023-04-07 15:35:11.122 DEBUG 12456 --- [nio-8881-exec-6] o.s.orm.jpa.JpaTransactionManager        : Found thread-bound EntityManager [SessionImpl(1370113599<open>)] for JPA transaction
?[0m?[0;34m2023-04-07 15:35:11.122 DEBUG 12456 --- [nio-8881-exec-6] o.s.orm.jpa.JpaTransactionManager        : Creating new transaction with name [org.springframework.data.jpa.repository.support.SimpleJpaRepository.findById]: PROPAGATION_REQUIRED,ISOLATION_DEFAULT,readOnly
?[0m?[0;34m2023-04-07 15:35:11.122 DEBUG 12456 --- [nio-8881-exec-6] o.s.jdbc.datasource.DataSourceUtils      : Setting JDBC Connection [HikariProxyConnection@163664126 wrapping conn0: url=jdbc:h2:file:../recipes_db user=SA] read-only
?[0m?[0;34m2023-04-07 15:35:11.122 DEBUG 12456 --- [nio-8881-exec-6] o.s.orm.jpa.JpaTransactionManager        : Exposing JPA transaction as JDBC [org.springframework.orm.jpa.vendor.HibernateJpaDialect$HibernateConnectionHandle@4e52c918]
?[0m?[0;34mHibernate: 
?[0m?[0;34m    select
?[0m?[0;34m        recipe0_.id as id1_2_0_,
?[0m?[0;34m        recipe0_.category as category2_2_0_,
?[0m?[0;34m        recipe0_.date as date3_2_0_,
?[0m?[0;34m        recipe0_.description as descript4_2_0_,
?[0m?[0;34m        recipe0_.name as name5_2_0_,
?[0m?[0;34m        recipe0_.user_id as user_id6_2_0_,
?[0m?[0;34m        user1_.id as id1_3_1_,
?[0m?[0;34m        user1_.email as email2_3_1_,
?[0m?[0;34m        user1_.password as password3_3_1_ 
?[0m?[0;34m    from
?[0m?[0;34m        recipe recipe0_ 
?[0m?[0;34m    inner join
?[0m?[0;34m        users user1_ 
?[0m?[0;34m            on recipe0_.user_id=user1_.id 
?[0m?[0;34m    where
?[0m?[0;34m        recipe0_.id=?
?[0m?[0;34mHibernate: 
?[0m?[0;34m    select
?[0m?[0;34m        recipes0_.user_id as user_id6_2_0_,
?[0m?[0;34m        recipes0_.id as id1_2_0_,
?[0m?[0;34m        recipes0_.id as id1_2_1_,
?[0m?[0;34m        recipes0_.category as category2_2_1_,
?[0m?[0;34m        recipes0_.date as date3_2_1_,
?[0m?[0;34m        recipes0_.description as descript4_2_1_,
?[0m?[0;34m        recipes0_.name as name5_2_1_,
?[0m?[0;34m        recipes0_.user_id as user_id6_2_1_ 
?[0m?[0;34m    from
?[0m?[0;34m        recipe recipes0_ 
?[0m?[0;34m    where
?[0m?[0;34m        recipes0_.user_id=?
?[0m?[0;34m2023-04-07 15:35:11.124 DEBUG 12456 --- [nio-8881-exec-6] o.s.orm.jpa.JpaTransactionManager        : Initiating transaction commit
?[0m?[0;34m2023-04-07 15:35:11.124 DEBUG 12456 --- [nio-8881-exec-6] o.s.orm.jpa.JpaTransactionManager        : Committing JPA transaction on EntityManager [SessionImpl(1370113599<open>)]
?[0m?[0;34m2023-04-07 15:35:11.124 DEBUG 12456 --- [nio-8881-exec-6] o.s.jdbc.datasource.DataSourceUtils      : Resetting read-only flag of JDBC Connection [HikariProxyConnection@163664126 wrapping conn0: url=jdbc:h2:file:../recipes_db user=SA]
?[0m?[0;34m2023-04-07 15:35:11.124 DEBUG 12456 --- [nio-8881-exec-6] o.s.orm.jpa.JpaTransactionManager        : Not closing pre-bound JPA EntityManager after transaction
?[0m?[0;34mHibernate: 
?[0m?[0;34m    select
?[0m?[0;34m        directions0_.id as id1_0_0_,
?[0m?[0;34m        directions0_.directions as directio2_0_0_ 
?[0m?[0;34m    from
?[0m?[0;34m        direction directions0_ 
?[0m?[0;34m    where
?[0m?[0;34m        directions0_.id=?
?[0m?[0;34mHibernate: 
?[0m?[0;34m    select
?[0m?[0;34m        ingredient0_.id as id1_1_0_,
?[0m?[0;34m        ingredient0_.ingredients as ingredie2_1_0_ 
?[0m?[0;34m    from
?[0m?[0;34m        ingredient ingredient0_ 
?[0m?[0;34m    where
?[0m?[0;34m        ingredient0_.id=?
?[0m?[0;34m2023-04-07 15:35:11.127 DEBUG 12456 --- [nio-8881-exec-6] o.s.w.s.m.m.a.HttpEntityMethodProcessor  : Using 'application/json', given [*/*] and supported [application/json, application/*+json, application/json, application/*+json]
?[0m?[0;34m2023-04-07 15:35:11.127 DEBUG 12456 --- [nio-8881-exec-6] o.s.w.s.m.m.a.HttpEntityMethodProcessor  : Writing [RecipeDTO(name=Warming Ginger Tea /Test, category=beverage /Test, date=2023-04-07T15:35:10.932653, d (truncated)...]
?[0m?[0;34m2023-04-07 15:35:11.128 DEBUG 12456 --- [nio-8881-exec-6] w.c.HttpSessionSecurityContextRepository : Stored SecurityContextImpl [Authentication=UsernamePasswordAuthenticationToken [Principal=recipes.security.SecurityUserDetails@681149cd, Credentials=[PROTECTED], Authenticated=true, Details=WebAuthenticationDetails [RemoteIpAddress=127.0.0.1, SessionId=null], Granted Authorities=[]]] to HttpSession [org.apache.catalina.session.StandardSessionFacade@1309775b]
?[0m?[0;34m2023-04-07 15:35:11.128 DEBUG 12456 --- [nio-8881-exec-6] o.j.s.OpenEntityManagerInViewInterceptor : Closing JPA EntityManager in OpenEntityManagerInViewInterceptor
?[0m?[0;34m2023-04-07 15:35:11.129 DEBUG 12456 --- [nio-8881-exec-6] o.s.web.servlet.DispatcherServlet        : Completed 200 OK
?[0m?[0;34m2023-04-07 15:35:11.129 DEBUG 12456 --- [nio-8881-exec-6] w.c.HttpSessionSecurityContextRepository : Stored SecurityContextImpl [Authentication=UsernamePasswordAuthenticationToken [Principal=recipes.security.SecurityUserDetails@681149cd, Credentials=[PROTECTED], Authenticated=true, Details=WebAuthenticationDetails [RemoteIpAddress=127.0.0.1, SessionId=null], Granted Authorities=[]]] to HttpSession [org.apache.catalina.session.StandardSessionFacade@1309775b]
?[0m?[0;34m2023-04-07 15:35:11.129 DEBUG 12456 --- [nio-8881-exec-6] s.s.w.c.SecurityContextPersistenceFilter : Cleared SecurityContextHolder to complete request
?[1;31m
Start test 13?[0m
?[0m?[0;34m2023-04-07 15:35:11.134 DEBUG 12456 --- [nio-8881-exec-7] o.s.security.web.FilterChainProxy        : Securing POST /actuator/shutdown
?[0m?[0;34m2023-04-07 15:35:11.134 DEBUG 12456 --- [nio-8881-exec-7] s.s.w.c.SecurityContextPersistenceFilter : Set SecurityContextHolder to empty SecurityContext
?[0m?[0;34m2023-04-07 15:35:11.134 DEBUG 12456 --- [nio-8881-exec-7] o.s.s.w.a.AnonymousAuthenticationFilter  : Set SecurityContextHolder to anonymous SecurityContext
?[0m?[0;34m2023-04-07 15:35:11.134 DEBUG 12456 --- [nio-8881-exec-7] o.s.security.web.FilterChainProxy        : Secured POST /actuator/shutdown
?[0m?[0;34m2023-04-07 15:35:11.135 DEBUG 12456 --- [nio-8881-exec-7] o.s.web.servlet.DispatcherServlet        : POST "/actuator/shutdown", parameters={}
?[0m?[0;34m2023-04-07 15:35:11.135 DEBUG 12456 --- [nio-8881-exec-7] s.b.a.e.w.s.WebMvcEndpointHandlerMapping : Mapped to Actuator web endpoint 'shutdown'
?[0m?[0;34m2023-04-07 15:35:11.137 DEBUG 12456 --- [nio-8881-exec-7] m.m.a.RequestResponseBodyMethodProcessor : Read "application/json;charset=UTF-8" to []
?[0m?[0;34m2023-04-07 15:35:11.143 DEBUG 12456 --- [nio-8881-exec-7] m.m.a.RequestResponseBodyMethodProcessor : Using 'application/vnd.spring-boot.actuator.v3+json', given [*/*] and supported [application/vnd.spring-boot.actuator.v3+json, application/vnd.spring-boot.actuator.v2+json, application/json]
?[0m?[0;34m2023-04-07 15:35:11.143 DEBUG 12456 --- [nio-8881-exec-7] m.m.a.RequestResponseBodyMethodProcessor : Writing [{message=Shutting down, bye...}]
?[0m?[0;34m2023-04-07 15:35:11.144 DEBUG 12456 --- [nio-8881-exec-7] w.c.HttpSessionSecurityContextRepository : Did not store anonymous SecurityContext
?[0m?[0;34m2023-04-07 15:35:11.144 DEBUG 12456 --- [nio-8881-exec-7] o.s.web.servlet.DispatcherServlet        : Completed 200 OK
?[0m?[0;34m2023-04-07 15:35:11.144 DEBUG 12456 --- [nio-8881-exec-7] w.c.HttpSessionSecurityContextRepository : Did not store anonymous SecurityContext
?[0m?[0;34m2023-04-07 15:35:11.144 DEBUG 12456 --- [nio-8881-exec-7] s.s.w.c.SecurityContextPersistenceFilter : Cleared SecurityContextHolder to complete request
?[0;34m2023-04-07 15:35:11.645 DEBUG 12456 --- [       Thread-5] o.s.b.a.ApplicationAvailabilityBean      : Application availability state ReadinessState changed from ACCEPTING_TRAFFIC to REFUSING_TRAFFIC
?[0m?[0;34m2023-04-07 15:35:11.645 DEBUG 12456 --- [       Thread-5] ConfigServletWebServerApplicationContext : Closing org.springframework.boot.web.servlet.context.AnnotationConfigServletWebServerApplicationContext@3c1e3314, started on Fri Apr 07 15:35:04 EET 2023
?[0m?[0;34m2023-04-07 15:35:11.646 DEBUG 12456 --- [       Thread-5] o.s.c.support.DefaultLifecycleProcessor  : Stopping beans in phase 2147483647
?[0m?[0;34m2023-04-07 15:35:11.647 DEBUG 12456 --- [       Thread-5] o.s.c.support.DefaultLifecycleProcessor  : Bean 'webServerGracefulShutdown' completed its stop procedure
?[0m?[0;34m2023-04-07 15:35:11.647 DEBUG 12456 --- [       Thread-5] o.s.c.support.DefaultLifecycleProcessor  : Stopping beans in phase 2147483646
?[0m?[0;34m2023-04-07 15:35:11.684 DEBUG 12456 --- [       Thread-5] o.s.c.support.DefaultLifecycleProcessor  : Bean 'webServerStartStop' completed its stop procedure
?[0m?[0;34m2023-04-07 15:35:11.685 DEBUG 12456 --- [       Thread-5] o.s.s.concurrent.ThreadPoolTaskExecutor  : Shutting down ExecutorService 'applicationTaskExecutor'
?[0m?[0;34m2023-04-07 15:35:11.687  INFO 12456 --- [       Thread-5] j.LocalContainerEntityManagerFactoryBean : Closing JPA EntityManagerFactory for persistence unit 'default'
?[0m?[0;34m2023-04-07 15:35:11.688  INFO 12456 --- [       Thread-5] com.zaxxer.hikari.HikariDataSource       : HikariPool-1 - Shutdown initiated...
?[0m?[0;34m2023-04-07 15:35:11.702  INFO 12456 --- [       Thread-5] com.zaxxer.hikari.HikariDataSource       : HikariPool-1 - Shutdown completed.
?[0;34m
?[0m?[0;34m  .   ____          _            __ _ _
?[0m?[0;34m /\\ / ___'_ __ _ _(_)_ __  __ _ \ \ \ \
?[0m?[0;34m( ( )\___ | '_ | '_| | '_ \/ _` | \ \ \ \
?[0m?[0;34m \\/  ___)| |_)| | | | | || (_| |  ) ) ) )
?[0m?[0;34m  '  |____| .__|_| |_|_| |_\__, | / / / /
?[0m?[0;34m =========|_|==============|___/=/_/_/_/
?[0m?[0;34m :: Spring Boot ::                (v2.5.6)
?[0m?[0;34m
?[0m?[0;34m2023-04-07 15:35:21.234  INFO 12456 --- [    Test worker] recipes.RecipesApplication               : Starting RecipesApplication using Java 17.0.6 on DESKTOP-C8PU74I with PID 12456 (started by AHMEDHOSNY in D:\7-Learn\HyperSkill\Java\Recipes\Recipes\task)
?[0m?[0;34m2023-04-07 15:35:21.234  INFO 12456 --- [    Test worker] recipes.RecipesApplication               : No active profile set, falling back to default profiles: default
?[0m?[0;34m2023-04-07 15:35:21.234 DEBUG 12456 --- [    Test worker] o.s.boot.SpringApplication               : Loading source class recipes.RecipesApplication
?[0m?[0;34m2023-04-07 15:35:21.236 DEBUG 12456 --- [    Test worker] ConfigServletWebServerApplicationContext : Refreshing org.springframework.boot.web.servlet.context.AnnotationConfigServletWebServerApplicationContext@37596b44
?[0m?[0;34m2023-04-07 15:35:21.237 DEBUG 12456 --- [    Test worker] o.s.b.f.s.DefaultListableBeanFactory     : Creating shared instance of singleton bean 'org.springframework.context.annotation.internalConfigurationAnnotationProcessor'
?[0m?[0;34m2023-04-07 15:35:21.238 DEBUG 12456 --- [    Test worker] o.s.b.f.s.DefaultListableBeanFactory     : Creating shared instance of singleton bean 'org.springframework.boot.autoconfigure.internalCachingMetadataReaderFactory'
?[0m?[0;34m2023-04-07 15:35:21.247 DEBUG 12456 --- [    Test worker] o.s.c.a.ClassPathBeanDefinitionScanner   : Identified candidate component class: file [D:\7-Learn\HyperSkill\Java\Recipes\Recipes\task\build\classes\java\main\recipes\controller\ControllerExceptionHandler.class]
?[0m?[0;34m2023-04-07 15:35:21.247 DEBUG 12456 --- [    Test worker] o.s.c.a.ClassPathBeanDefinitionScanner   : Identified candidate component class: file [D:\7-Learn\HyperSkill\Java\Recipes\Recipes\task\build\classes\java\main\recipes\controller\RecipeController.class]
?[0m?[0;34m2023-04-07 15:35:21.247 DEBUG 12456 --- [    Test worker] o.s.c.a.ClassPathBeanDefinitionScanner   : Identified candidate component class: file [D:\7-Learn\HyperSkill\Java\Recipes\Recipes\task\build\classes\java\main\recipes\controller\UserController.class]
?[0m?[0;34m2023-04-07 15:35:21.249 DEBUG 12456 --- [    Test worker] o.s.c.a.ClassPathBeanDefinitionScanner   : Ignored because not a concrete top-level class: file [D:\7-Learn\HyperSkill\Java\Recipes\Recipes\task\build\classes\java\main\recipes\repository\RecipeRepository.class]
?[0m?[0;34m2023-04-07 15:35:21.249 DEBUG 12456 --- [    Test worker] o.s.c.a.ClassPathBeanDefinitionScanner   : Ignored because not a concrete top-level class: file [D:\7-Learn\HyperSkill\Java\Recipes\Recipes\task\build\classes\java\main\recipes\repository\UserRepository.class]
?[0m?[0;34m2023-04-07 15:35:21.249 DEBUG 12456 --- [    Test worker] o.s.c.a.ClassPathBeanDefinitionScanner   : Identified candidate component class: file [D:\7-Learn\HyperSkill\Java\Recipes\Recipes\task\build\classes\java\main\recipes\security\SecurityConfig.class]
?[0m?[0;34m2023-04-07 15:35:21.250 DEBUG 12456 --- [    Test worker] o.s.c.a.ClassPathBeanDefinitionScanner   : Identified candidate component class: file [D:\7-Learn\HyperSkill\Java\Recipes\Recipes\task\build\classes\java\main\recipes\security\SecurityUserDetailsService.class]
?[0m?[0;34m2023-04-07 15:35:21.250 DEBUG 12456 --- [    Test worker] o.s.c.a.ClassPathBeanDefinitionScanner   : Identified candidate component class: file [D:\7-Learn\HyperSkill\Java\Recipes\Recipes\task\build\classes\java\main\recipes\service\RecipeService.class]
?[0m?[0;34m2023-04-07 15:35:21.518  INFO 12456 --- [    Test worker] .s.d.r.c.RepositoryConfigurationDelegate : Bootstrapping Spring Data JPA repositories in DEFAULT mode.
?[0m?[0;34m2023-04-07 15:35:21.518 DEBUG 12456 --- [    Test worker] o.s.b.f.s.DefaultListableBeanFactory     : Creating shared instance of singleton bean 'org.springframework.boot.autoconfigure.AutoConfigurationPackages'
?[0m?[0;34m2023-04-07 15:35:21.518 DEBUG 12456 --- [    Test worker] o.s.b.a.AutoConfigurationPackages        : @EnableAutoConfiguration was declared on a class in the package 'recipes'. Automatic @Repository and @Entity scanning is enabled.
?[0m?[0;34m2023-04-07 15:35:21.519 DEBUG 12456 --- [    Test worker] .s.d.r.c.RepositoryConfigurationDelegate : Scanning for JPA repositories in packages recipes.
?[0m?[0;34m2023-04-07 15:35:21.521 DEBUG 12456 --- [    Test worker] o.s.d.r.c.RepositoryComponentProvider    : Identified candidate component class: file [D:\7-Learn\HyperSkill\Java\Recipes\Recipes\task\build\classes\java\main\recipes\repository\RecipeRepository.class]
?[0m?[0;34m2023-04-07 15:35:21.521 DEBUG 12456 --- [    Test worker] o.s.d.r.c.RepositoryComponentProvider    : Identified candidate component class: file [D:\7-Learn\HyperSkill\Java\Recipes\Recipes\task\build\classes\java\main\recipes\repository\UserRepository.class]
?[0m?[0;34m2023-04-07 15:35:21.526  INFO 12456 --- [    Test worker] .s.d.r.c.RepositoryConfigurationDelegate : Finished Spring Data repository scanning in 7 ms. Found 2 JPA repository interfaces.
?[0m?[0;34m2023-04-07 15:35:21.554 DEBUG 12456 --- [    Test worker] o.s.b.f.s.DefaultListableBeanFactory     : Creating shared instance of singleton bean 'propertySourcesPlaceholderConfigurer'
?[0m?[0;34m2023-04-07 15:35:21.555 DEBUG 12456 --- [    Test worker] o.s.b.f.s.DefaultListableBeanFactory     : Creating shared instance of singleton bean 'emBeanDefinitionRegistrarPostProcessor'
?[0m?[0;34m2023-04-07 15:35:21.556 DEBUG 12456 --- [    Test worker] o.s.b.f.s.DefaultListableBeanFactory     : Creating shared instance of singleton bean 'org.springframework.boot.sql.init.dependency.DatabaseInitializationDependencyConfigurer$DependsOnDatabaseInitializationPostProcessor'
?[0m?[0;34m2023-04-07 15:35:21.564 DEBUG 12456 --- [    Test worker] o.s.b.f.s.DefaultListableBeanFactory     : Creating shared instance of singleton bean 'org.springframework.context.event.internalEventListenerProcessor'
?[0m?[0;34m2023-04-07 15:35:21.564 DEBUG 12456 --- [    Test worker] o.s.b.f.s.DefaultListableBeanFactory     : Creating shared instance of singleton bean 'preserveErrorControllerTargetClassPostProcessor'
?[0m?[0;34m2023-04-07 15:35:21.564 DEBUG 12456 --- [    Test worker] o.s.b.f.s.DefaultListableBeanFactory     : Creating shared instance of singleton bean 'conversionServicePostProcessor'
?[0m?[0;34m2023-04-07 15:35:21.565 DEBUG 12456 --- [    Test worker] o.s.b.f.s.DefaultListableBeanFactory     : Creating shared instance of singleton bean 'org.springframework.context.event.internalEventListenerFactory'
?[0m?[0;34m2023-04-07 15:35:21.565 DEBUG 12456 --- [    Test worker] o.s.b.f.s.DefaultListableBeanFactory     : Creating shared instance of singleton bean 'org.springframework.transaction.config.internalTransactionalEventListenerFactory'
?[0m?[0;34m2023-04-07 15:35:21.567 DEBUG 12456 --- [    Test worker] o.s.b.f.s.DefaultListableBeanFactory     : Creating shared instance of singleton bean 'org.springframework.context.annotation.internalAutowiredAnnotationProcessor'
?[0m?[0;34m2023-04-07 15:35:21.568 DEBUG 12456 --- [    Test worker] o.s.b.f.s.DefaultListableBeanFactory     : Creating shared instance of singleton bean 'org.springframework.context.annotation.internalCommonAnnotationProcessor'
?[0m?[0;34m2023-04-07 15:35:21.568 DEBUG 12456 --- [    Test worker] o.s.b.f.s.DefaultListableBeanFactory     : Creating shared instance of singleton bean 'org.springframework.context.annotation.internalPersistenceAnnotationProcessor'
?[0m?[0;34m2023-04-07 15:35:21.568 DEBUG 12456 --- [    Test worker] o.s.b.f.s.DefaultListableBeanFactory     : Creating shared instance of singleton bean 'org.springframework.boot.context.properties.ConfigurationPropertiesBindingPostProcessor'
?[0m?[0;34m2023-04-07 15:35:21.568 DEBUG 12456 --- [    Test worker] o.s.b.f.s.DefaultListableBeanFactory     : Creating shared instance of singleton bean 'org.springframework.boot.context.internalConfigurationPropertiesBinder'
?[0m?[0;34m2023-04-07 15:35:21.568 DEBUG 12456 --- [    Test worker] o.s.b.f.s.DefaultListableBeanFactory     : Creating shared instance of singleton bean 'org.springframework.boot.context.internalConfigurationPropertiesBinderFactory'
?[0m?[0;34m2023-04-07 15:35:21.569 DEBUG 12456 --- [    Test worker] o.s.b.f.s.DefaultListableBeanFactory     : Creating shared instance of singleton bean 'methodValidationPostProcessor'
?[0m?[0;34m2023-04-07 15:35:21.569 DEBUG 12456 --- [    Test worker] o.s.b.f.s.DefaultListableBeanFactory     : Autowiring by type from bean name 'methodValidationPostProcessor' via factory method to bean named 'environment'
?[0m?[0;34m2023-04-07 15:35:21.570 DEBUG 12456 --- [    Test worker] o.s.b.f.s.DefaultListableBeanFactory     : Creating shared instance of singleton bean 'org.springframework.boot.context.properties.EnableConfigurationPropertiesRegistrar.methodValidationExcludeFilter'
?[0m?[0;34m2023-04-07 15:35:21.571 DEBUG 12456 --- [    Test worker] o.s.b.f.s.DefaultListableBeanFactory     : Creating shared instance of singleton bean 'org.springframework.aop.config.internalAutoProxyCreator'
?[0m?[0;34m2023-04-07 15:35:21.580 DEBUG 12456 --- [    Test worker] o.s.b.f.s.DefaultListableBeanFactory     : Creating shared instance of singleton bean 'persistenceExceptionTranslationPostProcessor'
?[0m?[0;34m2023-04-07 15:35:21.581 DEBUG 12456 --- [    Test worker] o.s.b.f.s.DefaultListableBeanFactory     : Autowiring by type from bean name 'persistenceExceptionTranslationPostProcessor' via factory method to bean named 'environment'
?[0m?[0;34m2023-04-07 15:35:21.581 DEBUG 12456 --- [    Test worker] o.s.b.f.s.DefaultListableBeanFactory     : Creating shared instance of singleton bean 'webServerFactoryCustomizerBeanPostProcessor'
?[0m?[0;34m2023-04-07 15:35:21.581 DEBUG 12456 --- [    Test worker] o.s.b.f.s.DefaultListableBeanFactory     : Creating shared instance of singleton bean 'errorPageRegistrarBeanPostProcessor'
?[0m?[0;34m2023-04-07 15:35:21.582 DEBUG 12456 --- [    Test worker] o.s.b.f.s.DefaultListableBeanFactory     : Creating shared instance of singleton bean 'healthEndpointGroupsBeanPostProcessor'
?[0m?[0;34m2023-04-07 15:35:21.582 DEBUG 12456 --- [    Test worker] o.s.b.f.s.DefaultListableBeanFactory     : Creating shared instance of singleton bean 'org.springframework.transaction.config.internalTransactionAdvisor'
?[0m?[0;34m2023-04-07 15:35:21.582 DEBUG 12456 --- [    Test worker] o.s.b.f.s.DefaultListableBeanFactory     : Creating shared instance of singleton bean 'org.springframework.transaction.annotation.ProxyTransactionManagementConfiguration'
?[0m?[0;34m2023-04-07 15:35:21.590 DEBUG 12456 --- [    Test worker] o.s.b.f.s.DefaultListableBeanFactory     : Creating shared instance of singleton bean 'transactionAttributeSource'
?[0m?[0;34m2023-04-07 15:35:21.591 DEBUG 12456 --- [    Test worker] o.s.b.f.s.DefaultListableBeanFactory     : Creating shared instance of singleton bean 'transactionInterceptor'
?[0m?[0;34m2023-04-07 15:35:21.591 DEBUG 12456 --- [    Test worker] o.s.b.f.s.DefaultListableBeanFactory     : Autowiring by type from bean name 'transactionInterceptor' via factory method to bean named 'transactionAttributeSource'
?[0m?[0;34m2023-04-07 15:35:21.592 DEBUG 12456 --- [    Test worker] o.s.b.f.s.DefaultListableBeanFactory     : Autowiring by type from bean name 'org.springframework.transaction.config.internalTransactionAdvisor' via factory method to bean named 'transactionAttributeSource'
?[0m?[0;34m2023-04-07 15:35:21.592 DEBUG 12456 --- [    Test worker] o.s.b.f.s.DefaultListableBeanFactory     : Autowiring by type from bean name 'org.springframework.transaction.config.internalTransactionAdvisor' via factory method to bean named 'transactionInterceptor'
?[0m?[0;34m2023-04-07 15:35:21.593 DEBUG 12456 --- [    Test worker] o.s.b.f.s.DefaultListableBeanFactory     : Creating shared instance of singleton bean 'meterRegistryPostProcessor'
?[0m?[0;34m2023-04-07 15:35:21.594 DEBUG 12456 --- [    Test worker] o.s.b.f.s.DefaultListableBeanFactory     : Autowiring by type from bean name 'meterRegistryPostProcessor' via factory method to bean named 'org.springframework.boot.web.servlet.context.AnnotationConfigServletWebServerApplicationContext@37596b44'
?[0m?[0;34m2023-04-07 15:35:21.594 DEBUG 12456 --- [    Test worker] o.s.b.f.s.DefaultListableBeanFactory     : Creating shared instance of singleton bean 'metricsRepositoryMethodInvocationListenerBeanPostProcessor'
?[0m?[0;34m2023-04-07 15:35:21.594 DEBUG 12456 --- [    Test worker] o.s.b.f.s.DefaultListableBeanFactory     : Creating shared instance of singleton bean 'projectingArgumentResolverBeanPostProcessor'
?[0m?[0;34m2023-04-07 15:35:21.595 DEBUG 12456 --- [    Test worker] o.s.u.c.s.UiApplicationContextUtils      : Unable to locate ThemeSource with name 'themeSource': using default [org.springframework.ui.context.support.ResourceBundleThemeSource@5f67ff3e]
?[0m?[0;34m2023-04-07 15:35:21.595 DEBUG 12456 --- [    Test worker] o.s.b.f.s.DefaultListableBeanFactory     : Creating shared instance of singleton bean 'tomcatServletWebServerFactory'
?[0m?[0;34m2023-04-07 15:35:21.595 DEBUG 12456 --- [    Test worker] o.s.b.f.s.DefaultListableBeanFactory     : Creating shared instance of singleton bean 'org.springframework.boot.autoconfigure.web.servlet.ServletWebServerFactoryConfiguration$EmbeddedTomcat'
?[0m?[0;34m2023-04-07 15:35:21.598 DEBUG 12456 --- [    Test worker] o.s.b.f.s.DefaultListableBeanFactory     : Creating shared instance of singleton bean 'websocketServletWebServerCustomizer'
?[0m?[0;34m2023-04-07 15:35:21.598 DEBUG 12456 --- [    Test worker] o.s.b.f.s.DefaultListableBeanFactory     : Creating shared instance of singleton bean 'org.springframework.boot.autoconfigure.websocket.servlet.WebSocketServletAutoConfiguration$TomcatWebSocketConfiguration'
?[0m?[0;34m2023-04-07 15:35:21.599 DEBUG 12456 --- [    Test worker] o.s.b.f.s.DefaultListableBeanFactory     : Creating shared instance of singleton bean 'servletWebServerFactoryCustomizer'
?[0m?[0;34m2023-04-07 15:35:21.599 DEBUG 12456 --- [    Test worker] o.s.b.f.s.DefaultListableBeanFactory     : Creating shared instance of singleton bean 'org.springframework.boot.autoconfigure.web.servlet.ServletWebServerFactoryAutoConfiguration'
?[0m?[0;34m2023-04-07 15:35:21.600 DEBUG 12456 --- [    Test worker] o.s.b.f.s.DefaultListableBeanFactory     : Creating shared instance of singleton bean 'server-org.springframework.boot.autoconfigure.web.ServerProperties'
?[0m?[0;34m2023-04-07 15:35:21.601 DEBUG 12456 --- [    Test worker] o.s.b.f.s.DefaultListableBeanFactory     : Creating shared instance of singleton bean 'org.springframework.boot.context.properties.BoundConfigurationProperties'
?[0m?[0;34m2023-04-07 15:35:21.604 DEBUG 12456 --- [    Test worker] o.s.b.f.s.DefaultListableBeanFactory     : Autowiring by type from bean name 'servletWebServerFactoryCustomizer' via factory method to bean named 'server-org.springframework.boot.autoconfigure.web.ServerProperties'
?[0m?[0;34m2023-04-07 15:35:21.606 DEBUG 12456 --- [    Test worker] o.s.b.f.s.DefaultListableBeanFactory     : Creating shared instance of singleton bean 'tomcatServletWebServerFactoryCustomizer'
?[0m?[0;34m2023-04-07 15:35:21.606 DEBUG 12456 --- [    Test worker] o.s.b.f.s.DefaultListableBeanFactory     : Autowiring by type from bean name 'tomcatServletWebServerFactoryCustomizer' via factory method to bean named 'server-org.springframework.boot.autoconfigure.web.ServerProperties'
?[0m?[0;34m2023-04-07 15:35:21.606 DEBUG 12456 --- [    Test worker] o.s.b.f.s.DefaultListableBeanFactory     : Creating shared instance of singleton bean 'tomcatWebServerFactoryCustomizer'
?[0m?[0;34m2023-04-07 15:35:21.607 DEBUG 12456 --- [    Test worker] o.s.b.f.s.DefaultListableBeanFactory     : Creating shared instance of singleton bean 'org.springframework.boot.autoconfigure.web.embedded.EmbeddedWebServerFactoryCustomizerAutoConfiguration$TomcatWebServerFactoryCustomizerConfiguration'
?[0m?[0;34m2023-04-07 15:35:21.607 DEBUG 12456 --- [    Test worker] o.s.b.f.s.DefaultListableBeanFactory     : Autowiring by type from bean name 'tomcatWebServerFactoryCustomizer' via factory method to bean named 'environment'
?[0m?[0;34m2023-04-07 15:35:21.607 DEBUG 12456 --- [    Test worker] o.s.b.f.s.DefaultListableBeanFactory     : Autowiring by type from bean name 'tomcatWebServerFactoryCustomizer' via factory method to bean named 'server-org.springframework.boot.autoconfigure.web.ServerProperties'
?[0m?[0;34m2023-04-07 15:35:21.608 DEBUG 12456 --- [    Test worker] o.s.b.f.s.DefaultListableBeanFactory     : Creating shared instance of singleton bean 'localeCharsetMappingsCustomizer'
?[0m?[0;34m2023-04-07 15:35:21.608 DEBUG 12456 --- [    Test worker] o.s.b.f.s.DefaultListableBeanFactory     : Creating shared instance of singleton bean 'org.springframework.boot.autoconfigure.web.servlet.HttpEncodingAutoConfiguration'
?[0m?[0;34m2023-04-07 15:35:21.608 DEBUG 12456 --- [    Test worker] o.s.b.f.s.DefaultListableBeanFactory     : Autowiring by type from bean name 'org.springframework.boot.autoconfigure.web.servlet.HttpEncodingAutoConfiguration' via constructor to bean named 'server-org.springframework.boot.autoconfigure.web.ServerProperties'
?[0m?[0;34m2023-04-07 15:35:21.610 DEBUG 12456 --- [    Test worker] o.s.b.f.s.DefaultListableBeanFactory     : Creating shared instance of singleton bean 'errorPageCustomizer'
?[0m?[0;34m2023-04-07 15:35:21.610 DEBUG 12456 --- [    Test worker] o.s.b.f.s.DefaultListableBeanFactory     : Creating shared instance of singleton bean 'org.springframework.boot.autoconfigure.web.servlet.error.ErrorMvcAutoConfiguration'
?[0m?[0;34m2023-04-07 15:35:21.611 DEBUG 12456 --- [    Test worker] o.s.b.f.s.DefaultListableBeanFactory     : Autowiring by type from bean name 'org.springframework.boot.autoconfigure.web.servlet.error.ErrorMvcAutoConfiguration' via constructor to bean named 'server-org.springframework.boot.autoconfigure.web.ServerProperties'
?[0m?[0;34m2023-04-07 15:35:21.611 DEBUG 12456 --- [    Test worker] o.s.b.f.s.DefaultListableBeanFactory     : Creating shared instance of singleton bean 'dispatcherServletRegistration'
?[0m?[0;34m2023-04-07 15:35:21.612 DEBUG 12456 --- [    Test worker] o.s.b.f.s.DefaultListableBeanFactory     : Creating shared instance of singleton bean 'org.springframework.boot.autoconfigure.web.servlet.DispatcherServletAutoConfiguration$DispatcherServletRegistrationConfiguration'
?[0m?[0;34m2023-04-07 15:35:21.612 DEBUG 12456 --- [    Test worker] o.s.b.f.s.DefaultListableBeanFactory     : Creating shared instance of singleton bean 'dispatcherServlet'
?[0m?[0;34m2023-04-07 15:35:21.612 DEBUG 12456 --- [    Test worker] o.s.b.f.s.DefaultListableBeanFactory     : Creating shared instance of singleton bean 'org.springframework.boot.autoconfigure.web.servlet.DispatcherServletAutoConfiguration$DispatcherServletConfiguration'
?[0m?[0;34m2023-04-07 15:35:21.613 DEBUG 12456 --- [    Test worker] o.s.b.f.s.DefaultListableBeanFactory     : Creating shared instance of singleton bean 'spring.mvc-org.springframework.boot.autoconfigure.web.servlet.WebMvcProperties'
?[0m?[0;34m2023-04-07 15:35:21.615 DEBUG 12456 --- [    Test worker] o.s.b.f.s.DefaultListableBeanFactory     : Autowiring by type from bean name 'dispatcherServlet' via factory method to bean named 'spring.mvc-org.springframework.boot.autoconfigure.web.servlet.WebMvcProperties'
?[0m?[0;34m2023-04-07 15:35:21.617 DEBUG 12456 --- [    Test worker] o.s.b.f.s.DefaultListableBeanFactory     : Autowiring by type from bean name 'dispatcherServletRegistration' via factory method to bean named 'dispatcherServlet'
?[0m?[0;34m2023-04-07 15:35:21.617 DEBUG 12456 --- [    Test worker] o.s.b.f.s.DefaultListableBeanFactory     : Autowiring by type from bean name 'dispatcherServletRegistration' via factory method to bean named 'spring.mvc-org.springframework.boot.autoconfigure.web.servlet.WebMvcProperties'
?[0m?[0;34m2023-04-07 15:35:21.618 DEBUG 12456 --- [    Test worker] o.s.b.f.s.DefaultListableBeanFactory     : Creating shared instance of singleton bean 'multipartConfigElement'
?[0m?[0;34m2023-04-07 15:35:21.618 DEBUG 12456 --- [    Test worker] o.s.b.f.s.DefaultListableBeanFactory     : Creating shared instance of singleton bean 'org.springframework.boot.autoconfigure.web.servlet.MultipartAutoConfiguration'
?[0m?[0;34m2023-04-07 15:35:21.618 DEBUG 12456 --- [    Test worker] o.s.b.f.s.DefaultListableBeanFactory     : Creating shared instance of singleton bean 'spring.servlet.multipart-org.springframework.boot.autoconfigure.web.servlet.MultipartProperties'
?[0m?[0;34m2023-04-07 15:35:21.622 DEBUG 12456 --- [    Test worker] o.s.b.f.s.DefaultListableBeanFactory     : Autowiring by type from bean name 'org.springframework.boot.autoconfigure.web.servlet.MultipartAutoConfiguration' via constructor to bean named 'spring.servlet.multipart-org.springframework.boot.autoconfigure.web.servlet.MultipartProperties'
?[0m?[0;34m2023-04-07 15:35:21.623 DEBUG 12456 --- [    Test worker] o.s.b.f.s.DefaultListableBeanFactory     : Autowiring by type from bean name 'errorPageCustomizer' via factory method to bean named 'dispatcherServletRegistration'
?[0m?[0;34m2023-04-07 15:35:21.625 DEBUG 12456 --- [    Test worker] .s.b.w.e.t.TomcatServletWebServerFactory : Code archive: C:\Users\AHMEDHOSNY\.gradle\caches\modules-2\files-2.1\org.springframework.boot\spring-boot\2.5.6\d8c6b97fd3182fb6d7d06ebf710cd9ccabc83b89\spring-boot-2.5.6.jar
?[0m?[0;34m2023-04-07 15:35:21.625 DEBUG 12456 --- [    Test worker] .s.b.w.e.t.TomcatServletWebServerFactory : Code archive: C:\Users\AHMEDHOSNY\.gradle\caches\modules-2\files-2.1\org.springframework.boot\spring-boot\2.5.6\d8c6b97fd3182fb6d7d06ebf710cd9ccabc83b89\spring-boot-2.5.6.jar
?[0m?[0;34m2023-04-07 15:35:21.626 DEBUG 12456 --- [    Test worker] .s.b.w.e.t.TomcatServletWebServerFactory : None of the document roots [src/main/webapp, public, static] point to a directory and will be ignored.
?[0m?[0;34m2023-04-07 15:35:21.627  INFO 12456 --- [    Test worker] o.s.b.w.embedded.tomcat.TomcatWebServer  : Tomcat initialized with port(s): 8881 (http)
?[0m?[0;34m2023-04-07 15:35:21.627  INFO 12456 --- [    Test worker] o.apache.catalina.core.StandardService   : Starting service [Tomcat]
?[0m?[0;34m2023-04-07 15:35:21.628  INFO 12456 --- [    Test worker] org.apache.catalina.core.StandardEngine  : Starting Servlet engine: [Apache Tomcat/9.0.54]
?[0m?[0;34m2023-04-07 15:35:21.656  INFO 12456 --- [    Test worker] o.a.c.c.C.[Tomcat].[localhost].[/]       : Initializing Spring embedded WebApplicationContext
?[0m?[0;34m2023-04-07 15:35:21.656 DEBUG 12456 --- [    Test worker] w.s.c.ServletWebServerApplicationContext : Published root WebApplicationContext as ServletContext attribute with name [org.springframework.web.context.WebApplicationContext.ROOT]
?[0m?[0;34m2023-04-07 15:35:21.656  INFO 12456 --- [    Test worker] w.s.c.ServletWebServerApplicationContext : Root WebApplicationContext: initialization completed in 420 ms
?[0m?[0;34m2023-04-07 15:35:21.657 DEBUG 12456 --- [    Test worker] o.s.b.f.s.DefaultListableBeanFactory     : Creating shared instance of singleton bean 'webMvcMetricsFilter'
?[0m?[0;34m2023-04-07 15:35:21.657 DEBUG 12456 --- [    Test worker] o.s.b.f.s.DefaultListableBeanFactory     : Creating shared instance of singleton bean 'org.springframework.boot.actuate.autoconfigure.metrics.web.servlet.WebMvcMetricsAutoConfiguration'
?[0m?[0;34m2023-04-07 15:35:21.657 DEBUG 12456 --- [    Test worker] o.s.b.f.s.DefaultListableBeanFactory     : Creating shared instance of singleton bean 'management.metrics-org.springframework.boot.actuate.autoconfigure.metrics.MetricsProperties'
?[0m?[0;34m2023-04-07 15:35:21.659 DEBUG 12456 --- [    Test worker] o.s.b.f.s.DefaultListableBeanFactory     : Autowiring by type from bean name 'org.springframework.boot.actuate.autoconfigure.metrics.web.servlet.WebMvcMetricsAutoConfiguration' via constructor to bean named 'management.metrics-org.springframework.boot.actuate.autoconfigure.metrics.MetricsProperties'
?[0m?[0;34m2023-04-07 15:35:21.659 DEBUG 12456 --- [    Test worker] o.s.b.f.s.DefaultListableBeanFactory     : Creating shared instance of singleton bean 'simpleMeterRegistry'
?[0m?[0;34m2023-04-07 15:35:21.660 DEBUG 12456 --- [    Test worker] o.s.b.f.s.DefaultListableBeanFactory     : Creating shared instance of singleton bean 'org.springframework.boot.actuate.autoconfigure.metrics.export.simple.SimpleMetricsExportAutoConfiguration'
?[0m?[0;34m2023-04-07 15:35:21.660 DEBUG 12456 --- [    Test worker] o.s.b.f.s.DefaultListableBeanFactory     : Creating shared instance of singleton bean 'simpleConfig'
?[0m?[0;34m2023-04-07 15:35:21.661 DEBUG 12456 --- [    Test worker] o.s.b.f.s.DefaultListableBeanFactory     : Creating shared instance of singleton bean 'management.metrics.export.simple-org.springframework.boot.actuate.autoconfigure.metrics.export.simple.SimpleProperties'
?[0m?[0;34m2023-04-07 15:35:21.662 DEBUG 12456 --- [    Test worker] o.s.b.f.s.DefaultListableBeanFactory     : Autowiring by type from bean name 'simpleConfig' via factory method to bean named 'management.metrics.export.simple-org.springframework.boot.actuate.autoconfigure.metrics.export.simple.SimpleProperties'
?[0m?[0;34m2023-04-07 15:35:21.663 DEBUG 12456 --- [    Test worker] o.s.b.f.s.DefaultListableBeanFactory     : Creating shared instance of singleton bean 'micrometerClock'
?[0m?[0;34m2023-04-07 15:35:21.663 DEBUG 12456 --- [    Test worker] o.s.b.f.s.DefaultListableBeanFactory     : Creating shared instance of singleton bean 'org.springframework.boot.actuate.autoconfigure.metrics.MetricsAutoConfiguration'
?[0m?[0;34m2023-04-07 15:35:21.664 DEBUG 12456 --- [    Test worker] o.s.b.f.s.DefaultListableBeanFactory     : Autowiring by type from bean name 'simpleMeterRegistry' via factory method to bean named 'simpleConfig'
?[0m?[0;34m2023-04-07 15:35:21.664 DEBUG 12456 --- [    Test worker] o.s.b.f.s.DefaultListableBeanFactory     : Autowiring by type from bean name 'simpleMeterRegistry' via factory method to bean named 'micrometerClock'
?[0m?[0;34m2023-04-07 15:35:21.666 DEBUG 12456 --- [    Test worker] o.s.b.f.s.DefaultListableBeanFactory     : Creating shared instance of singleton bean 'propertiesMeterFilter'
?[0m?[0;34m2023-04-07 15:35:21.666 DEBUG 12456 --- [    Test worker] o.s.b.f.s.DefaultListableBeanFactory     : Autowiring by type from bean name 'propertiesMeterFilter' via factory method to bean named 'management.metrics-org.springframework.boot.actuate.autoconfigure.metrics.MetricsProperties'
?[0m?[0;34m2023-04-07 15:35:21.668 DEBUG 12456 --- [    Test worker] o.s.b.f.s.DefaultListableBeanFactory     : Creating shared instance of singleton bean 'metricsHttpClientUriTagFilter'
?[0m?[0;34m2023-04-07 15:35:21.668 DEBUG 12456 --- [    Test worker] o.s.b.f.s.DefaultListableBeanFactory     : Creating shared instance of singleton bean 'org.springframework.boot.actuate.autoconfigure.metrics.web.client.HttpClientMetricsAutoConfiguration'
?[0m?[0;34m2023-04-07 15:35:21.669 DEBUG 12456 --- [    Test worker] o.s.b.f.s.DefaultListableBeanFactory     : Autowiring by type from bean name 'metricsHttpClientUriTagFilter' via factory method to bean named 'management.metrics-org.springframework.boot.actuate.autoconfigure.metrics.MetricsProperties'
?[0m?[0;34m2023-04-07 15:35:21.670 DEBUG 12456 --- [    Test worker] o.s.b.f.s.DefaultListableBeanFactory     : Creating shared instance of singleton bean 'metricsHttpServerUriTagFilter'
?[0m?[0;34m2023-04-07 15:35:21.671 DEBUG 12456 --- [    Test worker] o.s.b.f.s.DefaultListableBeanFactory     : Creating shared instance of singleton bean 'jvmGcMetrics'
?[0m?[0;34m2023-04-07 15:35:21.671 DEBUG 12456 --- [    Test worker] o.s.b.f.s.DefaultListableBeanFactory     : Creating shared instance of singleton bean 'org.springframework.boot.actuate.autoconfigure.metrics.JvmMetricsAutoConfiguration'
?[0m?[0;34m2023-04-07 15:35:21.672 DEBUG 12456 --- [    Test worker] o.s.b.f.s.DefaultListableBeanFactory     : Creating shared instance of singleton bean 'jvmMemoryMetrics'
?[0m?[0;34m2023-04-07 15:35:21.673 DEBUG 12456 --- [    Test worker] o.s.b.f.s.DefaultListableBeanFactory     : Creating shared instance of singleton bean 'jvmThreadMetrics'
?[0m?[0;34m2023-04-07 15:35:21.673 DEBUG 12456 --- [    Test worker] o.s.b.f.s.DefaultListableBeanFactory     : Creating shared instance of singleton bean 'classLoaderMetrics'
?[0m?[0;34m2023-04-07 15:35:21.674 DEBUG 12456 --- [    Test worker] o.s.b.f.s.DefaultListableBeanFactory     : Creating shared instance of singleton bean 'logbackMetrics'
?[0m?[0;34m2023-04-07 15:35:21.674 DEBUG 12456 --- [    Test worker] o.s.b.f.s.DefaultListableBeanFactory     : Creating shared instance of singleton bean 'org.springframework.boot.actuate.autoconfigure.metrics.LogbackMetricsAutoConfiguration'
?[0m?[0;34m2023-04-07 15:35:21.674 DEBUG 12456 --- [    Test worker] o.s.b.f.s.DefaultListableBeanFactory     : Creating shared instance of singleton bean 'uptimeMetrics'
?[0m?[0;34m2023-04-07 15:35:21.674 DEBUG 12456 --- [    Test worker] o.s.b.f.s.DefaultListableBeanFactory     : Creating shared instance of singleton bean 'org.springframework.boot.actuate.autoconfigure.metrics.SystemMetricsAutoConfiguration'
?[0m?[0;34m2023-04-07 15:35:21.675 DEBUG 12456 --- [    Test worker] o.s.b.f.s.DefaultListableBeanFactory     : Creating shared instance of singleton bean 'processorMetrics'
?[0m?[0;34m2023-04-07 15:35:21.676 DEBUG 12456 --- [    Test worker] o.s.b.f.s.DefaultListableBeanFactory     : Creating shared instance of singleton bean 'fileDescriptorMetrics'
?[0m?[0;34m2023-04-07 15:35:21.678 DEBUG 12456 --- [    Test worker] o.s.b.f.s.DefaultListableBeanFactory     : Creating shared instance of singleton bean 'webMvcTagsProvider'
?[0m?[0;34m2023-04-07 15:35:21.679 DEBUG 12456 --- [    Test worker] o.s.b.f.s.DefaultListableBeanFactory     : Autowiring by type from bean name 'webMvcMetricsFilter' via factory method to bean named 'simpleMeterRegistry'
?[0m?[0;34m2023-04-07 15:35:21.679 DEBUG 12456 --- [    Test worker] o.s.b.f.s.DefaultListableBeanFactory     : Autowiring by type from bean name 'webMvcMetricsFilter' via factory method to bean named 'webMvcTagsProvider'
?[0m?[0;34m2023-04-07 15:35:21.680 DEBUG 12456 --- [    Test worker] o.s.b.f.s.DefaultListableBeanFactory     : Creating shared instance of singleton bean 'h2Console'
?[0m?[0;34m2023-04-07 15:35:21.680 DEBUG 12456 --- [    Test worker] o.s.b.f.s.DefaultListableBeanFactory     : Creating shared instance of singleton bean 'org.springframework.boot.autoconfigure.h2.H2ConsoleAutoConfiguration'
?[0m?[0;34m2023-04-07 15:35:21.681 DEBUG 12456 --- [    Test worker] o.s.b.f.s.DefaultListableBeanFactory     : Creating shared instance of singleton bean 'spring.h2.console-org.springframework.boot.autoconfigure.h2.H2ConsoleProperties'
?[0m?[0;34m2023-04-07 15:35:21.682 DEBUG 12456 --- [    Test worker] o.s.b.f.s.DefaultListableBeanFactory     : Autowiring by type from bean name 'h2Console' via factory method to bean named 'spring.h2.console-org.springframework.boot.autoconfigure.h2.H2ConsoleProperties'
?[0m?[0;34m2023-04-07 15:35:21.683 DEBUG 12456 --- [    Test worker] o.s.b.f.s.DefaultListableBeanFactory     : Creating shared instance of singleton bean 'dataSource'
?[0m?[0;34m2023-04-07 15:35:21.683 DEBUG 12456 --- [    Test worker] o.s.b.f.s.DefaultListableBeanFactory     : Creating shared instance of singleton bean 'org.springframework.boot.autoconfigure.jdbc.DataSourceConfiguration$Hikari'
?[0m?[0;34m2023-04-07 15:35:21.683 DEBUG 12456 --- [    Test worker] o.s.b.f.s.DefaultListableBeanFactory     : Creating shared instance of singleton bean 'spring.datasource-org.springframework.boot.autoconfigure.jdbc.DataSourceProperties'
?[0m?[0;34m2023-04-07 15:35:21.686 DEBUG 12456 --- [    Test worker] o.s.b.f.s.DefaultListableBeanFactory     : Autowiring by type from bean name 'dataSource' via factory method to bean named 'spring.datasource-org.springframework.boot.autoconfigure.jdbc.DataSourceProperties'
?[0m?[0;34m2023-04-07 15:35:21.690  INFO 12456 --- [    Test worker] com.zaxxer.hikari.HikariDataSource       : HikariPool-2 - Starting...
?[0m?[0;34m2023-04-07 15:35:21.698  INFO 12456 --- [    Test worker] com.zaxxer.hikari.HikariDataSource       : HikariPool-2 - Start completed.
?[0m?[0;34m2023-04-07 15:35:21.698  INFO 12456 --- [    Test worker] o.s.b.a.h2.H2ConsoleAutoConfiguration    : H2 console available at '/h2-console'. Database available at 'jdbc:h2:file:../recipes_db'
?[0m?[0;34m2023-04-07 15:35:21.699 DEBUG 12456 --- [    Test worker] o.s.b.f.s.DefaultListableBeanFactory     : Creating shared instance of singleton bean 'securityFilterChainRegistration'
?[0m?[0;34m2023-04-07 15:35:21.699 DEBUG 12456 --- [    Test worker] o.s.b.f.s.DefaultListableBeanFactory     : Creating shared instance of singleton bean 'org.springframework.boot.autoconfigure.security.servlet.SecurityFilterAutoConfiguration'
?[0m?[0;34m2023-04-07 15:35:21.700 DEBUG 12456 --- [    Test worker] o.s.b.f.s.DefaultListableBeanFactory     : Creating shared instance of singleton bean 'spring.security-org.springframework.boot.autoconfigure.security.SecurityProperties'
?[0m?[0;34m2023-04-07 15:35:21.701 DEBUG 12456 --- [    Test worker] o.s.b.f.s.DefaultListableBeanFactory     : Autowiring by type from bean name 'securityFilterChainRegistration' via factory method to bean named 'spring.security-org.springframework.boot.autoconfigure.security.SecurityProperties'
?[0m?[0;34m2023-04-07 15:35:21.702 DEBUG 12456 --- [    Test worker] o.s.b.f.s.DefaultListableBeanFactory     : Creating shared instance of singleton bean 'servletEndpointRegistrar'
?[0m?[0;34m2023-04-07 15:35:21.702 DEBUG 12456 --- [    Test worker] o.s.b.f.s.DefaultListableBeanFactory     : Creating shared instance of singleton bean 'org.springframework.boot.actuate.autoconfigure.endpoint.web.ServletEndpointManagementContextConfiguration$WebMvcServletEndpointManagementContextConfiguration'
?[0m?[0;34m2023-04-07 15:35:21.703 DEBUG 12456 --- [    Test worker] o.s.b.f.s.DefaultListableBeanFactory     : Creating shared instance of singleton bean 'management.endpoints.web-org.springframework.boot.actuate.autoconfigure.endpoint.web.WebEndpointProperties'
?[0m?[0;34m2023-04-07 15:35:21.706 DEBUG 12456 --- [    Test worker] o.s.b.f.s.DefaultListableBeanFactory     : Creating shared instance of singleton bean 'servletEndpointDiscoverer'
?[0m?[0;34m2023-04-07 15:35:21.706 DEBUG 12456 --- [    Test worker] o.s.b.f.s.DefaultListableBeanFactory     : Creating shared instance of singleton bean 'org.springframework.boot.actuate.autoconfigure.endpoint.web.WebEndpointAutoConfiguration$WebEndpointServletConfiguration'
?[0m?[0;34m2023-04-07 15:35:21.706 DEBUG 12456 --- [    Test worker] o.s.b.f.s.DefaultListableBeanFactory     : Autowiring by type from bean name 'servletEndpointDiscoverer' via factory method to bean named 'org.springframework.boot.web.servlet.context.AnnotationConfigServletWebServerApplicationContext@37596b44'
?[0m?[0;34m2023-04-07 15:35:21.706 DEBUG 12456 --- [    Test worker] o.s.b.f.s.DefaultListableBeanFactory     : Creating shared instance of singleton bean 'webEndpointPathMapper'
?[0m?[0;34m2023-04-07 15:35:21.707 DEBUG 12456 --- [    Test worker] o.s.b.f.s.DefaultListableBeanFactory     : Creating shared instance of singleton bean 'org.springframework.boot.actuate.autoconfigure.endpoint.web.WebEndpointAutoConfiguration'
?[0m?[0;34m2023-04-07 15:35:21.707 DEBUG 12456 --- [    Test worker] o.s.b.f.s.DefaultListableBeanFactory     : Autowiring by type from bean name 'org.springframework.boot.actuate.autoconfigure.endpoint.web.WebEndpointAutoConfiguration' via constructor to bean named 'org.springframework.boot.web.servlet.context.AnnotationConfigServletWebServerApplicationContext@37596b44'
?[0m?[0;34m2023-04-07 15:35:21.708 DEBUG 12456 --- [    Test worker] o.s.b.f.s.DefaultListableBeanFactory     : Autowiring by type from bean name 'org.springframework.boot.actuate.autoconfigure.endpoint.web.WebEndpointAutoConfiguration' via constructor to bean named 'management.endpoints.web-org.springframework.boot.actuate.autoconfigure.endpoint.web.WebEndpointProperties'
?[0m?[0;34m2023-04-07 15:35:21.709 DEBUG 12456 --- [    Test worker] o.s.b.f.s.DefaultListableBeanFactory     : Creating shared instance of singleton bean 'servletExposeExcludePropertyEndpointFilter'
?[0m?[0;34m2023-04-07 15:35:21.709 DEBUG 12456 --- [    Test worker] o.s.b.f.s.DefaultListableBeanFactory     : Creating shared instance of singleton bean 'org.springframework.boot.actuate.autoconfigure.endpoint.web.ServletEndpointManagementContextConfiguration'
?[0m?[0;34m2023-04-07 15:35:21.709 DEBUG 12456 --- [    Test worker] o.s.b.f.s.DefaultListableBeanFactory     : Autowiring by type from bean name 'servletExposeExcludePropertyEndpointFilter' via factory method to bean named 'management.endpoints.web-org.springframework.boot.actuate.autoconfigure.endpoint.web.WebEndpointProperties'
?[0m?[0;34m2023-04-07 15:35:21.710 DEBUG 12456 --- [    Test worker] o.s.b.f.s.DefaultListableBeanFactory     : Autowiring by type from bean name 'servletEndpointRegistrar' via factory method to bean named 'management.endpoints.web-org.springframework.boot.actuate.autoconfigure.endpoint.web.WebEndpointProperties'
?[0m?[0;34m2023-04-07 15:35:21.710 DEBUG 12456 --- [    Test worker] o.s.b.f.s.DefaultListableBeanFactory     : Autowiring by type from bean name 'servletEndpointRegistrar' via factory method to bean named 'servletEndpointDiscoverer'
?[0m?[0;34m2023-04-07 15:35:21.710 DEBUG 12456 --- [    Test worker] o.s.b.f.s.DefaultListableBeanFactory     : Autowiring by type from bean name 'servletEndpointRegistrar' via factory method to bean named 'dispatcherServletRegistration'
?[0m?[0;34m2023-04-07 15:35:21.716 DEBUG 12456 --- [    Test worker] o.s.b.f.s.DefaultListableBeanFactory     : Creating shared instance of singleton bean 'requestContextFilter'
?[0m?[0;34m2023-04-07 15:35:21.717 DEBUG 12456 --- [    Test worker] o.s.b.f.s.DefaultListableBeanFactory     : Creating shared instance of singleton bean 'formContentFilter'
?[0m?[0;34m2023-04-07 15:35:21.717 DEBUG 12456 --- [    Test worker] o.s.b.f.s.DefaultListableBeanFactory     : Creating shared instance of singleton bean 'org.springframework.boot.autoconfigure.web.servlet.WebMvcAutoConfiguration'
?[0m?[0;34m2023-04-07 15:35:21.719 DEBUG 12456 --- [    Test worker] o.s.b.f.s.DefaultListableBeanFactory     : Creating shared instance of singleton bean 'characterEncodingFilter'
?[0m?[0;34m2023-04-07 15:35:21.720 DEBUG 12456 --- [    Test worker] o.s.b.w.s.ServletContextInitializerBeans : Mapping filters: filterRegistrationBean urls=[/*] order=-2147483647, springSecurityFilterChain urls=[/*] order=-100, characterEncodingFilter urls=[/*] order=-2147483648, formContentFilter urls=[/*] order=-9900, requestContextFilter urls=[/*] order=-105
?[0m?[0;34m2023-04-07 15:35:21.721 DEBUG 12456 --- [    Test worker] o.s.b.w.s.ServletContextInitializerBeans : Mapping servlets: dispatcherServlet urls=[/], webServlet urls=[/h2-console/*]
?[0m?[0;34m2023-04-07 15:35:21.721 DEBUG 12456 --- [    Test worker] o.s.b.a.m.w.servlet.WebMvcMetricsFilter  : Filter 'webMvcMetricsFilter' configured for use
?[0m?[0;34m2023-04-07 15:35:21.721 DEBUG 12456 --- [    Test worker] o.s.b.w.s.f.OrderedRequestContextFilter  : Filter 'requestContextFilter' configured for use
?[0m?[0;34m2023-04-07 15:35:21.721 DEBUG 12456 --- [    Test worker] s.b.w.s.f.OrderedCharacterEncodingFilter : Filter 'characterEncodingFilter' configured for use
?[0m?[0;34m2023-04-07 15:35:21.721 DEBUG 12456 --- [    Test worker] .DelegatingFilterProxyRegistrationBean$1 : Filter 'springSecurityFilterChain' configured for use
?[0m?[0;34m2023-04-07 15:35:21.722 DEBUG 12456 --- [    Test worker] o.s.b.w.s.f.OrderedFormContentFilter     : Filter 'formContentFilter' configured for use
?[0m?[0;34m2023-04-07 15:35:21.723 DEBUG 12456 --- [    Test worker] o.s.b.f.s.DefaultListableBeanFactory     : Creating shared instance of singleton bean 'dataSourceScriptDatabaseInitializer'
?[0m?[0;34m2023-04-07 15:35:21.723 DEBUG 12456 --- [    Test worker] o.s.b.f.s.DefaultListableBeanFactory     : Creating shared instance of singleton bean 'org.springframework.boot.autoconfigure.sql.init.DataSourceInitializationConfiguration'
?[0m?[0;34m2023-04-07 15:35:21.724 DEBUG 12456 --- [    Test worker] o.s.b.f.s.DefaultListableBeanFactory     : Creating shared instance of singleton bean 'spring.sql.init-org.springframework.boot.autoconfigure.sql.init.SqlInitializationProperties'
?[0m?[0;34m2023-04-07 15:35:21.725 DEBUG 12456 --- [    Test worker] o.s.b.f.s.DefaultListableBeanFactory     : Autowiring by type from bean name 'dataSourceScriptDatabaseInitializer' via factory method to bean named 'dataSource'
?[0m?[0;34m2023-04-07 15:35:21.725 DEBUG 12456 --- [    Test worker] o.s.b.f.s.DefaultListableBeanFactory     : Autowiring by type from bean name 'dataSourceScriptDatabaseInitializer' via factory method to bean named 'spring.sql.init-org.springframework.boot.autoconfigure.sql.init.SqlInitializationProperties'
?[0m?[0;34m2023-04-07 15:35:21.726 DEBUG 12456 --- [    Test worker] o.s.b.f.s.DefaultListableBeanFactory     : Creating shared instance of singleton bean 'entityManagerFactory'
?[0m?[0;34m2023-04-07 15:35:21.726 DEBUG 12456 --- [    Test worker] o.s.b.f.s.DefaultListableBeanFactory     : Creating shared instance of singleton bean 'org.springframework.boot.autoconfigure.orm.jpa.HibernateJpaConfiguration'
?[0m?[0;34m2023-04-07 15:35:21.727 DEBUG 12456 --- [    Test worker] o.s.b.f.s.DefaultListableBeanFactory     : Creating shared instance of singleton bean 'spring.jpa-org.springframework.boot.autoconfigure.orm.jpa.JpaProperties'
?[0m?[0;34m2023-04-07 15:35:21.729 DEBUG 12456 --- [    Test worker] o.s.b.f.s.DefaultListableBeanFactory     : Creating shared instance of singleton bean 'spring.jpa.hibernate-org.springframework.boot.autoconfigure.orm.jpa.HibernateProperties'
?[0m?[0;34m2023-04-07 15:35:21.730 DEBUG 12456 --- [    Test worker] o.s.b.f.s.DefaultListableBeanFactory     : Autowiring by type from bean name 'org.springframework.boot.autoconfigure.orm.jpa.HibernateJpaConfiguration' via constructor to bean named 'dataSource'
?[0m?[0;34m2023-04-07 15:35:21.730 DEBUG 12456 --- [    Test worker] o.s.b.f.s.DefaultListableBeanFactory     : Autowiring by type from bean name 'org.springframework.boot.autoconfigure.orm.jpa.HibernateJpaConfiguration' via constructor to bean named 'spring.jpa-org.springframework.boot.autoconfigure.orm.jpa.JpaProperties'
?[0m?[0;34m2023-04-07 15:35:21.730 DEBUG 12456 --- [    Test worker] o.s.b.f.s.DefaultListableBeanFactory     : Autowiring by type from bean name 'org.springframework.boot.autoconfigure.orm.jpa.HibernateJpaConfiguration' via constructor to bean named 'org.springframework.beans.factory.support.DefaultListableBeanFactory@3284f91f'
?[0m?[0;34m2023-04-07 15:35:21.730 DEBUG 12456 --- [    Test worker] o.s.b.f.s.DefaultListableBeanFactory     : Autowiring by type from bean name 'org.springframework.boot.autoconfigure.orm.jpa.HibernateJpaConfiguration' via constructor to bean named 'spring.jpa.hibernate-org.springframework.boot.autoconfigure.orm.jpa.HibernateProperties'
?[0m?[0;34m2023-04-07 15:35:21.731 DEBUG 12456 --- [    Test worker] o.s.b.f.s.DefaultListableBeanFactory     : Creating shared instance of singleton bean 'hikariPoolDataSourceMetadataProvider'
?[0m?[0;34m2023-04-07 15:35:21.731 DEBUG 12456 --- [    Test worker] o.s.b.f.s.DefaultListableBeanFactory     : Creating shared instance of singleton bean 'org.springframework.boot.autoconfigure.jdbc.metadata.DataSourcePoolMetadataProvidersConfiguration$HikariPoolDataSourceMetadataProviderConfiguration'
?[0m?[0;34m2023-04-07 15:35:21.733 DEBUG 12456 --- [    Test worker] o.s.b.f.s.DefaultListableBeanFactory     : Creating shared instance of singleton bean 'entityManagerFactoryBuilder'
?[0m?[0;34m2023-04-07 15:35:21.733 DEBUG 12456 --- [    Test worker] o.s.b.f.s.DefaultListableBeanFactory     : Creating shared instance of singleton bean 'jpaVendorAdapter'
?[0m?[0;34m2023-04-07 15:35:21.734 DEBUG 12456 --- [    Test worker] o.s.b.f.s.DefaultListableBeanFactory     : Autowiring by type from bean name 'entityManagerFactoryBuilder' via factory method to bean named 'jpaVendorAdapter'
?[0m?[0;34m2023-04-07 15:35:21.735 DEBUG 12456 --- [    Test worker] o.s.b.f.s.DefaultListableBeanFactory     : Autowiring by type from bean name 'entityManagerFactory' via factory method to bean named 'entityManagerFactoryBuilder'
?[0m?[0;34m2023-04-07 15:35:21.737 DEBUG 12456 --- [    Test worker] j.LocalContainerEntityManagerFactoryBean : Building JPA container EntityManagerFactory for persistence unit 'default'
?[0m?[0;34m2023-04-07 15:35:21.737  INFO 12456 --- [    Test worker] o.hibernate.jpa.internal.util.LogHelper  : HHH000204: Processing PersistenceUnitInfo [name: default]
?[0m?[0;34m2023-04-07 15:35:21.741  INFO 12456 --- [    Test worker] org.hibernate.dialect.Dialect            : HHH000400: Using dialect: org.hibernate.dialect.H2Dialect
?[0m?[0;34m2023-04-07 15:35:21.816  INFO 12456 --- [    Test worker] o.h.e.t.j.p.i.JtaPlatformInitiator       : HHH000490: Using JtaPlatform implementation: [org.hibernate.engine.transaction.jta.platform.internal.NoJtaPlatform]
?[0m?[0;34m2023-04-07 15:35:21.816  INFO 12456 --- [    Test worker] j.LocalContainerEntityManagerFactoryBean : Initialized JPA EntityManagerFactory for persistence unit 'default'
?[0m?[0;34m2023-04-07 15:35:21.817 DEBUG 12456 --- [    Test worker] o.s.b.f.s.DefaultListableBeanFactory     : Creating shared instance of singleton bean 'recipesApplication'
?[0m?[0;34m2023-04-07 15:35:21.817 DEBUG 12456 --- [    Test worker] o.s.b.f.s.DefaultListableBeanFactory     : Creating shared instance of singleton bean 'controllerExceptionHandler'
?[0m?[0;34m2023-04-07 15:35:21.817 DEBUG 12456 --- [    Test worker] o.s.b.f.s.DefaultListableBeanFactory     : Creating shared instance of singleton bean 'recipeController'
?[0m?[0;34m2023-04-07 15:35:21.818 DEBUG 12456 --- [    Test worker] o.s.b.f.s.DefaultListableBeanFactory     : Creating shared instance of singleton bean 'recipeService'
?[0m?[0;34m2023-04-07 15:35:21.819 DEBUG 12456 --- [    Test worker] o.s.b.f.s.DefaultListableBeanFactory     : Creating shared instance of singleton bean 'recipeRepository'
?[0m?[0;34m2023-04-07 15:35:21.834 DEBUG 12456 --- [    Test worker] o.s.b.f.s.DefaultListableBeanFactory     : Creating shared instance of singleton bean 'jpaMappingContext'
?[0m?[0;34m2023-04-07 15:35:21.835 DEBUG 12456 --- [    Test worker] .c.JpaMetamodelMappingContextFactoryBean : Initializing JpaMetamodelMappingContext…
?[0m?[0;34m2023-04-07 15:35:21.835 DEBUG 12456 --- [    Test worker] .c.JpaMetamodelMappingContextFactoryBean : Finished initializing JpaMetamodelMappingContext!
?[0m?[0;34m2023-04-07 15:35:21.836 DEBUG 12456 --- [    Test worker] tor$SharedEntityManagerInvocationHandler : Creating new EntityManager for shared EntityManager invocation
?[0m?[0;34m2023-04-07 15:35:21.836 DEBUG 12456 --- [    Test worker] o.s.b.f.s.DefaultListableBeanFactory     : Creating shared instance of singleton bean 'metricsRepositoryMethodInvocationListener'
?[0m?[0;34m2023-04-07 15:35:21.836 DEBUG 12456 --- [    Test worker] o.s.b.f.s.DefaultListableBeanFactory     : Creating shared instance of singleton bean 'org.springframework.boot.actuate.autoconfigure.metrics.data.RepositoryMetricsAutoConfiguration'
?[0m?[0;34m2023-04-07 15:35:21.837 DEBUG 12456 --- [    Test worker] o.s.b.f.s.DefaultListableBeanFactory     : Autowiring by type from bean name 'org.springframework.boot.actuate.autoconfigure.metrics.data.RepositoryMetricsAutoConfiguration' via constructor to bean named 'management.metrics-org.springframework.boot.actuate.autoconfigure.metrics.MetricsProperties'
?[0m?[0;34m2023-04-07 15:35:21.837 DEBUG 12456 --- [    Test worker] o.s.b.f.s.DefaultListableBeanFactory     : Creating shared instance of singleton bean 'repositoryTagsProvider'
?[0m?[0;34m2023-04-07 15:35:21.838 DEBUG 12456 --- [    Test worker] o.s.b.f.s.DefaultListableBeanFactory     : Autowiring by type from bean name 'metricsRepositoryMethodInvocationListener' via factory method to bean named 'repositoryTagsProvider'
?[0m?[0;34m2023-04-07 15:35:21.843 DEBUG 12456 --- [    Test worker] o.s.d.r.c.s.RepositoryFactorySupport     : Initializing repository instance for recipes.repository.RecipeRepository…
?[0m?[0;34m2023-04-07 15:35:21.844 DEBUG 12456 --- [    Test worker] tor$SharedEntityManagerInvocationHandler : Creating new EntityManager for shared EntityManager invocation
?[0m?[0;34m2023-04-07 15:35:21.852 DEBUG 12456 --- [    Test worker] o.s.d.jpa.repository.query.NamedQuery    : Looking up named query Recipe.findByCategoryIgnoreCaseOrderByDateDesc
?[0m?[0;34m2023-04-07 15:35:21.853 DEBUG 12456 --- [    Test worker] o.s.d.jpa.repository.query.NamedQuery    : Did not find named query Recipe.findByCategoryIgnoreCaseOrderByDateDesc
?[0m?[0;34m2023-04-07 15:35:21.853 DEBUG 12456 --- [    Test worker] tor$SharedEntityManagerInvocationHandler : Creating new EntityManager for shared EntityManager invocation
?[0m?[0;34m2023-04-07 15:35:21.854 DEBUG 12456 --- [    Test worker] o.s.d.jpa.repository.query.NamedQuery    : Looking up named query Recipe.findByNameContainingIgnoreCaseOrderByDateDesc
?[0m?[0;34m2023-04-07 15:35:21.854 DEBUG 12456 --- [    Test worker] o.s.d.jpa.repository.query.NamedQuery    : Did not find named query Recipe.findByNameContainingIgnoreCaseOrderByDateDesc
?[0m?[0;34m2023-04-07 15:35:21.855 DEBUG 12456 --- [    Test worker] tor$SharedEntityManagerInvocationHandler : Creating new EntityManager for shared EntityManager invocation
?[0m?[0;34m2023-04-07 15:35:21.855 DEBUG 12456 --- [    Test worker] o.s.d.r.c.s.RepositoryFactorySupport     : Finished creation of repository instance for {}.
?[0m?[0;34m2023-04-07 15:35:21.856 DEBUG 12456 --- [    Test worker] o.s.b.f.s.DefaultListableBeanFactory     : Autowiring by type from bean name 'recipeService' via constructor to bean named 'recipeRepository'
?[0m?[0;34m2023-04-07 15:35:21.857 DEBUG 12456 --- [    Test worker] o.s.b.f.s.DefaultListableBeanFactory     : Autowiring by type from bean name 'recipeController' via constructor to bean named 'recipeService'
?[0m?[0;34m2023-04-07 15:35:21.858 DEBUG 12456 --- [    Test worker] o.s.b.f.s.DefaultListableBeanFactory     : Creating shared instance of singleton bean 'userController'
?[0m?[0;34m2023-04-07 15:35:21.858 DEBUG 12456 --- [    Test worker] o.s.b.f.s.DefaultListableBeanFactory     : Creating shared instance of singleton bean 'securityUserDetailsService'
?[0m?[0;34m2023-04-07 15:35:21.860 DEBUG 12456 --- [    Test worker] o.s.b.f.s.DefaultListableBeanFactory     : Creating shared instance of singleton bean 'userRepository'
?[0m?[0;34m2023-04-07 15:35:21.864 DEBUG 12456 --- [    Test worker] tor$SharedEntityManagerInvocationHandler : Creating new EntityManager for shared EntityManager invocation
?[0m?[0;34m2023-04-07 15:35:21.864 DEBUG 12456 --- [    Test worker] o.s.d.r.c.s.RepositoryFactorySupport     : Initializing repository instance for recipes.repository.UserRepository…
?[0m?[0;34m2023-04-07 15:35:21.865 DEBUG 12456 --- [    Test worker] tor$SharedEntityManagerInvocationHandler : Creating new EntityManager for shared EntityManager invocation
?[0m?[0;34m2023-04-07 15:35:21.872 DEBUG 12456 --- [    Test worker] o.s.d.jpa.repository.query.NamedQuery    : Looking up named query User.existsByEmail
?[0m?[0;34m2023-04-07 15:35:21.872 DEBUG 12456 --- [    Test worker] o.s.d.jpa.repository.query.NamedQuery    : Did not find named query User.existsByEmail
?[0m?[0;34m2023-04-07 15:35:21.872 DEBUG 12456 --- [    Test worker] tor$SharedEntityManagerInvocationHandler : Creating new EntityManager for shared EntityManager invocation
?[0m?[0;34m2023-04-07 15:35:21.873 DEBUG 12456 --- [    Test worker] o.s.d.jpa.repository.query.NamedQuery    : Looking up named query User.findByEmail
?[0m?[0;34m2023-04-07 15:35:21.873 DEBUG 12456 --- [    Test worker] o.s.d.jpa.repository.query.NamedQuery    : Did not find named query User.findByEmail
?[0m?[0;34m2023-04-07 15:35:21.873 DEBUG 12456 --- [    Test worker] tor$SharedEntityManagerInvocationHandler : Creating new EntityManager for shared EntityManager invocation
?[0m?[0;34m2023-04-07 15:35:21.874 DEBUG 12456 --- [    Test worker] o.s.d.r.c.s.RepositoryFactorySupport     : Finished creation of repository instance for {}.
?[0m?[0;34m2023-04-07 15:35:21.875 DEBUG 12456 --- [    Test worker] o.s.b.f.s.DefaultListableBeanFactory     : Autowiring by type from bean name 'userController' via constructor to bean named 'securityUserDetailsService'
?[0m?[0;34m2023-04-07 15:35:21.875 DEBUG 12456 --- [    Test worker] o.s.b.f.s.DefaultListableBeanFactory     : Creating shared instance of singleton bean 'securityConfig'
?[0m?[0;34m2023-04-07 15:35:21.875 DEBUG 12456 --- [    Test worker] o.s.b.f.s.DefaultListableBeanFactory     : Creating shared instance of singleton bean 'userDetailsService'
?[0m?[0;34m2023-04-07 15:35:21.876 DEBUG 12456 --- [    Test worker] o.s.b.f.s.DefaultListableBeanFactory     : Creating shared instance of singleton bean 'passwordEncoder'
?[0m?[0;34m2023-04-07 15:35:21.876 DEBUG 12456 --- [    Test worker] o.s.b.f.s.DefaultListableBeanFactory     : Creating shared instance of singleton bean 'authenticationProvider'
?[0m?[0;34m2023-04-07 15:35:21.877 DEBUG 12456 --- [    Test worker] o.s.b.f.s.DefaultListableBeanFactory     : Creating shared instance of singleton bean 'securityFilterChain'
?[0m?[0;34m2023-04-07 15:35:21.878 DEBUG 12456 --- [    Test worker] o.s.b.f.s.DefaultListableBeanFactory     : Creating shared instance of singleton bean 'org.springframework.security.config.annotation.web.configuration.HttpSecurityConfiguration'
?[0m?[0;34m2023-04-07 15:35:21.879 DEBUG 12456 --- [    Test worker] o.s.b.f.s.DefaultListableBeanFactory     : Creating shared instance of singleton bean 'org.springframework.security.config.annotation.authentication.configuration.AuthenticationConfiguration'
?[0m?[0;34m2023-04-07 15:35:21.881 DEBUG 12456 --- [    Test worker] o.s.b.f.s.DefaultListableBeanFactory     : Creating shared instance of singleton bean 'enableGlobalAuthenticationAutowiredConfigurer'
?[0m?[0;34m2023-04-07 15:35:21.882 DEBUG 12456 --- [    Test worker] o.s.b.f.s.DefaultListableBeanFactory     : Autowiring by type from bean name 'enableGlobalAuthenticationAutowiredConfigurer' via factory method to bean named 'org.springframework.boot.web.servlet.context.AnnotationConfigServletWebServerApplicationContext@37596b44'
?[0m?[0;34m2023-04-07 15:35:21.882 DEBUG 12456 --- [    Test worker] o.s.b.f.s.DefaultListableBeanFactory     : Creating shared instance of singleton bean 'initializeUserDetailsBeanManagerConfigurer'
?[0m?[0;34m2023-04-07 15:35:21.883 DEBUG 12456 --- [    Test worker] o.s.b.f.s.DefaultListableBeanFactory     : Autowiring by type from bean name 'initializeUserDetailsBeanManagerConfigurer' via factory method to bean named 'org.springframework.boot.web.servlet.context.AnnotationConfigServletWebServerApplicationContext@37596b44'
?[0m?[0;34m2023-04-07 15:35:21.883 DEBUG 12456 --- [    Test worker] o.s.b.f.s.DefaultListableBeanFactory     : Creating shared instance of singleton bean 'initializeAuthenticationProviderBeanManagerConfigurer'
?[0m?[0;34m2023-04-07 15:35:21.883 DEBUG 12456 --- [    Test worker] o.s.b.f.s.DefaultListableBeanFactory     : Autowiring by type from bean name 'initializeAuthenticationProviderBeanManagerConfigurer' via factory method to bean named 'org.springframework.boot.web.servlet.context.AnnotationConfigServletWebServerApplicationContext@37596b44'
?[0m?[0;34m2023-04-07 15:35:21.884 DEBUG 12456 --- [    Test worker] o.s.b.f.s.DefaultListableBeanFactory     : Creating shared instance of singleton bean 'objectPostProcessor'
?[0m?[0;34m2023-04-07 15:35:21.884 DEBUG 12456 --- [    Test worker] o.s.b.f.s.DefaultListableBeanFactory     : Creating shared instance of singleton bean 'org.springframework.security.config.annotation.configuration.ObjectPostProcessorConfiguration'
?[0m?[0;34m2023-04-07 15:35:21.885 DEBUG 12456 --- [    Test worker] o.s.b.f.s.DefaultListableBeanFactory     : Autowiring by type from bean name 'objectPostProcessor' via factory method to bean named 'org.springframework.beans.factory.support.DefaultListableBeanFactory@3284f91f'
?[0m?[0;34m2023-04-07 15:35:21.887 DEBUG 12456 --- [    Test worker] o.s.b.f.s.DefaultListableBeanFactory     : Creating shared instance of singleton bean 'authenticationManagerBuilder'
?[0m?[0;34m2023-04-07 15:35:21.887 DEBUG 12456 --- [    Test worker] o.s.b.f.s.DefaultListableBeanFactory     : Autowiring by type from bean name 'authenticationManagerBuilder' via factory method to bean named 'objectPostProcessor'
?[0m?[0;34m2023-04-07 15:35:21.887 DEBUG 12456 --- [    Test worker] o.s.b.f.s.DefaultListableBeanFactory     : Autowiring by type from bean name 'authenticationManagerBuilder' via factory method to bean named 'org.springframework.boot.web.servlet.context.AnnotationConfigServletWebServerApplicationContext@37596b44'
?[0m?[0;34m2023-04-07 15:35:21.888 DEBUG 12456 --- [    Test worker] o.s.b.f.s.DefaultListableBeanFactory     : Creating shared instance of singleton bean 'authenticationEventPublisher'
?[0m?[0;34m2023-04-07 15:35:21.888 DEBUG 12456 --- [    Test worker] o.s.b.f.s.DefaultListableBeanFactory     : Creating shared instance of singleton bean 'org.springframework.boot.autoconfigure.security.servlet.SecurityAutoConfiguration'
?[0m?[0;34m2023-04-07 15:35:21.889 DEBUG 12456 --- [    Test worker] o.s.b.f.s.DefaultListableBeanFactory     : Autowiring by type from bean name 'authenticationEventPublisher' via factory method to bean named 'org.springframework.boot.web.servlet.context.AnnotationConfigServletWebServerApplicationContext@37596b44'
?[0m?[0;34m2023-04-07 15:35:21.891 DEBUG 12456 --- [    Test worker] o.s.b.f.s.DefaultListableBeanFactory     : Creating shared instance of singleton bean 'org.springframework.boot.autoconfigure.security.servlet.WebSecurityEnablerConfiguration'
?[0m?[0;34m2023-04-07 15:35:21.892 DEBUG 12456 --- [    Test worker] o.s.b.f.s.DefaultListableBeanFactory     : Autowiring by type from bean name 'securityFilterChain' via factory method to bean named 'org.springframework.security.config.annotation.web.configuration.HttpSecurityConfiguration.httpSecurity'
?[0m?[0;34m2023-04-07 15:35:21.896  INFO 12456 --- [    Test worker] o.s.s.web.DefaultSecurityFilterChain     : Will secure any request with [org.springframework.security.web.context.request.async.WebAsyncManagerIntegrationFilter@2360ebe2, org.springframework.security.web.context.SecurityContextPersistenceFilter@4203190, org.springframework.security.web.header.HeaderWriterFilter@3d94b49d, org.springframework.security.web.authentication.logout.LogoutFilter@352288bc, org.springframework.security.web.authentication.www.BasicAuthenticationFilter@226f472, org.springframework.security.web.savedrequest.RequestCacheAwareFilter@6add8aac, org.springframework.security.web.servletapi.SecurityContextHolderAwareRequestFilter@72f5fb36, org.springframework.security.web.authentication.AnonymousAuthenticationFilter@77fa2dcc, org.springframework.security.web.session.SessionManagementFilter@2fedaa2e, org.springframework.security.web.access.ExceptionTranslationFilter@57573880, org.springframework.security.web.access.intercept.AuthorizationFilter@6edd8d56]
?[0m?[0;34m2023-04-07 15:35:21.897 DEBUG 12456 --- [    Test worker] o.s.b.f.s.DefaultListableBeanFactory     : Creating shared instance of singleton bean 'org.springframework.boot.autoconfigure.context.PropertyPlaceholderAutoConfiguration'
?[0m?[0;34m2023-04-07 15:35:21.897 DEBUG 12456 --- [    Test worker] o.s.b.f.s.DefaultListableBeanFactory     : Creating shared instance of singleton bean 'org.springframework.boot.autoconfigure.websocket.servlet.WebSocketServletAutoConfiguration'
?[0m?[0;34m2023-04-07 15:35:21.897 DEBUG 12456 --- [    Test worker] o.s.b.f.s.DefaultListableBeanFactory     : Creating shared instance of singleton bean 'org.springframework.boot.autoconfigure.web.servlet.DispatcherServletAutoConfiguration'
?[0m?[0;34m2023-04-07 15:35:21.898 DEBUG 12456 --- [    Test worker] o.s.b.f.s.DefaultListableBeanFactory     : Creating shared instance of singleton bean 'org.springframework.boot.autoconfigure.task.TaskExecutionAutoConfiguration'
?[0m?[0;34m2023-04-07 15:35:21.898 DEBUG 12456 --- [    Test worker] o.s.b.f.s.DefaultListableBeanFactory     : Creating shared instance of singleton bean 'taskExecutorBuilder'
?[0m?[0;34m2023-04-07 15:35:21.898 DEBUG 12456 --- [    Test worker] o.s.b.f.s.DefaultListableBeanFactory     : Creating shared instance of singleton bean 'spring.task.execution-org.springframework.boot.autoconfigure.task.TaskExecutionProperties'
?[0m?[0;34m2023-04-07 15:35:21.899 DEBUG 12456 --- [    Test worker] o.s.b.f.s.DefaultListableBeanFactory     : Autowiring by type from bean name 'taskExecutorBuilder' via factory method to bean named 'spring.task.execution-org.springframework.boot.autoconfigure.task.TaskExecutionProperties'
?[0m?[0;34m2023-04-07 15:35:21.900 DEBUG 12456 --- [    Test worker] o.s.b.f.s.DefaultListableBeanFactory     : Creating shared instance of singleton bean 'org.springframework.boot.autoconfigure.validation.ValidationAutoConfiguration'
?[0m?[0;34m2023-04-07 15:35:21.900 DEBUG 12456 --- [    Test worker] o.s.b.f.s.DefaultListableBeanFactory     : Creating shared instance of singleton bean 'defaultValidator'
?[0m?[0;34m2023-04-07 15:35:21.903 DEBUG 12456 --- [    Test worker] o.s.b.f.s.DefaultListableBeanFactory     : Creating shared instance of singleton bean 'org.springframework.boot.autoconfigure.web.servlet.error.ErrorMvcAutoConfiguration$WhitelabelErrorViewConfiguration'
?[0m?[0;34m2023-04-07 15:35:21.903 DEBUG 12456 --- [    Test worker] o.s.b.f.s.DefaultListableBeanFactory     : Creating shared instance of singleton bean 'error'
?[0m?[0;34m2023-04-07 15:35:21.904 DEBUG 12456 --- [    Test worker] o.s.b.f.s.DefaultListableBeanFactory     : Creating shared instance of singleton bean 'beanNameViewResolver'
?[0m?[0;34m2023-04-07 15:35:21.904 DEBUG 12456 --- [    Test worker] o.s.b.f.s.DefaultListableBeanFactory     : Creating shared instance of singleton bean 'org.springframework.boot.autoconfigure.web.servlet.error.ErrorMvcAutoConfiguration$DefaultErrorViewResolverConfiguration'
?[0m?[0;34m2023-04-07 15:35:21.905 DEBUG 12456 --- [    Test worker] o.s.b.f.s.DefaultListableBeanFactory     : Creating shared instance of singleton bean 'spring.resources-org.springframework.boot.autoconfigure.web.ResourceProperties'
?[0m?[0;34m2023-04-07 15:35:21.906 DEBUG 12456 --- [    Test worker] o.s.b.f.s.DefaultListableBeanFactory     : Creating shared instance of singleton bean 'spring.web-org.springframework.boot.autoconfigure.web.WebProperties'
?[0m?[0;34m2023-04-07 15:35:21.906 DEBUG 12456 --- [    Test worker] o.s.b.f.s.DefaultListableBeanFactory     : Autowiring by type from bean name 'org.springframework.boot.autoconfigure.web.servlet.error.ErrorMvcAutoConfiguration$DefaultErrorViewResolverConfiguration' via constructor to bean named 'org.springframework.boot.web.servlet.context.AnnotationConfigServletWebServerApplicationContext@37596b44'
?[0m?[0;34m2023-04-07 15:35:21.906 DEBUG 12456 --- [    Test worker] o.s.b.f.s.DefaultListableBeanFactory     : Autowiring by type from bean name 'org.springframework.boot.autoconfigure.web.servlet.error.ErrorMvcAutoConfiguration$DefaultErrorViewResolverConfiguration' via constructor to bean named 'spring.resources-org.springframework.boot.autoconfigure.web.ResourceProperties'
?[0m?[0;34m2023-04-07 15:35:21.906 DEBUG 12456 --- [    Test worker] o.s.b.f.s.DefaultListableBeanFactory     : Autowiring by type from bean name 'org.springframework.boot.autoconfigure.web.servlet.error.ErrorMvcAutoConfiguration$DefaultErrorViewResolverConfiguration' via constructor to bean named 'spring.web-org.springframework.boot.autoconfigure.web.WebProperties'
?[0m?[0;34m2023-04-07 15:35:21.907 DEBUG 12456 --- [    Test worker] o.s.b.f.s.DefaultListableBeanFactory     : Creating shared instance of singleton bean 'conventionErrorViewResolver'
?[0m?[0;34m2023-04-07 15:35:21.907 DEBUG 12456 --- [    Test worker] o.s.b.f.s.DefaultListableBeanFactory     : Creating shared instance of singleton bean 'errorAttributes'
?[0m?[0;34m2023-04-07 15:35:21.907 DEBUG 12456 --- [    Test worker] o.s.b.f.s.DefaultListableBeanFactory     : Creating shared instance of singleton bean 'basicErrorController'
?[0m?[0;34m2023-04-07 15:35:21.908 DEBUG 12456 --- [    Test worker] o.s.b.f.s.DefaultListableBeanFactory     : Autowiring by type from bean name 'basicErrorController' via factory method to bean named 'errorAttributes'
?[0m?[0;34m2023-04-07 15:35:21.909 DEBUG 12456 --- [    Test worker] o.s.b.f.s.DefaultListableBeanFactory     : Creating shared instance of singleton bean 'org.springframework.boot.autoconfigure.web.servlet.WebMvcAutoConfiguration$EnableWebMvcConfiguration'
?[0m?[0;34m2023-04-07 15:35:21.910 DEBUG 12456 --- [    Test worker] o.s.b.f.s.DefaultListableBeanFactory     : Autowiring by type from bean name 'org.springframework.boot.autoconfigure.web.servlet.WebMvcAutoConfiguration$EnableWebMvcConfiguration' via constructor to bean named 'spring.resources-org.springframework.boot.autoconfigure.web.ResourceProperties'
?[0m?[0;34m2023-04-07 15:35:21.910 DEBUG 12456 --- [    Test worker] o.s.b.f.s.DefaultListableBeanFactory     : Autowiring by type from bean name 'org.springframework.boot.autoconfigure.web.servlet.WebMvcAutoConfiguration$EnableWebMvcConfiguration' via constructor to bean named 'spring.mvc-org.springframework.boot.autoconfigure.web.servlet.WebMvcProperties'
?[0m?[0;34m2023-04-07 15:35:21.910 DEBUG 12456 --- [    Test worker] o.s.b.f.s.DefaultListableBeanFactory     : Autowiring by type from bean name 'org.springframework.boot.autoconfigure.web.servlet.WebMvcAutoConfiguration$EnableWebMvcConfiguration' via constructor to bean named 'spring.web-org.springframework.boot.autoconfigure.web.WebProperties'
?[0m?[0;34m2023-04-07 15:35:21.910 DEBUG 12456 --- [    Test worker] o.s.b.f.s.DefaultListableBeanFactory     : Autowiring by type from bean name 'org.springframework.boot.autoconfigure.web.servlet.WebMvcAutoConfiguration$EnableWebMvcConfiguration' via constructor to bean named 'org.springframework.beans.factory.support.DefaultListableBeanFactory@3284f91f'
?[0m?[0;34m2023-04-07 15:35:21.914 DEBUG 12456 --- [    Test worker] o.s.b.f.s.DefaultListableBeanFactory     : Creating shared instance of singleton bean 'org.springframework.boot.autoconfigure.web.servlet.WebMvcAutoConfiguration$WebMvcAutoConfigurationAdapter'
?[0m?[0;34m2023-04-07 15:35:21.915 DEBUG 12456 --- [    Test worker] o.s.b.f.s.DefaultListableBeanFactory     : Autowiring by type from bean name 'org.springframework.boot.autoconfigure.web.servlet.WebMvcAutoConfiguration$WebMvcAutoConfigurationAdapter' via constructor to bean named 'spring.resources-org.springframework.boot.autoconfigure.web.ResourceProperties'
?[0m?[0;34m2023-04-07 15:35:21.915 DEBUG 12456 --- [    Test worker] o.s.b.f.s.DefaultListableBeanFactory     : Autowiring by type from bean name 'org.springframework.boot.autoconfigure.web.servlet.WebMvcAutoConfiguration$WebMvcAutoConfigurationAdapter' via constructor to bean named 'spring.web-org.springframework.boot.autoconfigure.web.WebProperties'
?[0m?[0;34m2023-04-07 15:35:21.915 DEBUG 12456 --- [    Test worker] o.s.b.f.s.DefaultListableBeanFactory     : Autowiring by type from bean name 'org.springframework.boot.autoconfigure.web.servlet.WebMvcAutoConfiguration$WebMvcAutoConfigurationAdapter' via constructor to bean named 'spring.mvc-org.springframework.boot.autoconfigure.web.servlet.WebMvcProperties'
?[0m?[0;34m2023-04-07 15:35:21.915 DEBUG 12456 --- [    Test worker] o.s.b.f.s.DefaultListableBeanFactory     : Autowiring by type from bean name 'org.springframework.boot.autoconfigure.web.servlet.WebMvcAutoConfiguration$WebMvcAutoConfigurationAdapter' via constructor to bean named 'org.springframework.beans.factory.support.DefaultListableBeanFactory@3284f91f'
?[0m?[0;34m2023-04-07 15:35:21.916 DEBUG 12456 --- [    Test worker] o.s.b.f.s.DefaultListableBeanFactory     : Creating shared instance of singleton bean 'openEntityManagerInViewInterceptorConfigurer'
?[0m?[0;34m2023-04-07 15:35:21.916 DEBUG 12456 --- [    Test worker] o.s.b.f.s.DefaultListableBeanFactory     : Creating shared instance of singleton bean 'org.springframework.boot.autoconfigure.orm.jpa.JpaBaseConfiguration$JpaWebConfiguration'
?[0m?[0;34m2023-04-07 15:35:21.917 DEBUG 12456 --- [    Test worker] o.s.b.f.s.DefaultListableBeanFactory     : Autowiring by type from bean name 'org.springframework.boot.autoconfigure.orm.jpa.JpaBaseConfiguration$JpaWebConfiguration' via constructor to bean named 'spring.jpa-org.springframework.boot.autoconfigure.orm.jpa.JpaProperties'
?[0m?[0;34m2023-04-07 15:35:21.917 DEBUG 12456 --- [    Test worker] o.s.b.f.s.DefaultListableBeanFactory     : Creating shared instance of singleton bean 'openEntityManagerInViewInterceptor'
?[0m?[0;34m2023-04-07 15:35:21.918  WARN 12456 --- [    Test worker] JpaBaseConfiguration$JpaWebConfiguration : spring.jpa.open-in-view is enabled by default. Therefore, database queries may be performed during view rendering. Explicitly configure spring.jpa.open-in-view to disable this warning
?[0m?[0;34m2023-04-07 15:35:21.918 DEBUG 12456 --- [    Test worker] o.s.b.f.s.DefaultListableBeanFactory     : Autowiring by type from bean name 'openEntityManagerInViewInterceptorConfigurer' via factory method to bean named 'openEntityManagerInViewInterceptor'
?[0m?[0;34m2023-04-07 15:35:21.918 DEBUG 12456 --- [    Test worker] o.s.b.f.s.DefaultListableBeanFactory     : Creating shared instance of singleton bean 'metricsWebMvcConfigurer'
?[0m?[0;34m2023-04-07 15:35:21.919 DEBUG 12456 --- [    Test worker] o.s.b.f.s.DefaultListableBeanFactory     : Autowiring by type from bean name 'metricsWebMvcConfigurer' via factory method to bean named 'simpleMeterRegistry'
?[0m?[0;34m2023-04-07 15:35:21.919 DEBUG 12456 --- [    Test worker] o.s.b.f.s.DefaultListableBeanFactory     : Autowiring by type from bean name 'metricsWebMvcConfigurer' via factory method to bean named 'webMvcTagsProvider'
?[0m?[0;34m2023-04-07 15:35:21.920 DEBUG 12456 --- [    Test worker] o.s.b.f.s.DefaultListableBeanFactory     : Creating shared instance of singleton bean 'org.springframework.data.web.config.SpringDataWebConfiguration'
?[0m?[0;34m2023-04-07 15:35:21.920 DEBUG 12456 --- [    Test worker] o.s.b.f.s.DefaultListableBeanFactory     : Autowiring by type from bean name 'org.springframework.data.web.config.SpringDataWebConfiguration' via constructor to bean named 'org.springframework.boot.web.servlet.context.AnnotationConfigServletWebServerApplicationContext@37596b44'
?[0m?[0;34m2023-04-07 15:35:21.920 DEBUG 12456 --- [    Test worker] o.s.b.f.s.DefaultListableBeanFactory     : Creating shared instance of singleton bean 'org.springframework.security.config.annotation.web.configuration.WebMvcSecurityConfiguration'
?[0m?[0;34m2023-04-07 15:35:21.921 DEBUG 12456 --- [    Test worker] o.s.b.f.s.DefaultListableBeanFactory     : Creating shared instance of singleton bean 'requestMappingHandlerAdapter'
?[0m?[0;34m2023-04-07 15:35:21.922 DEBUG 12456 --- [    Test worker] o.s.b.f.s.DefaultListableBeanFactory     : Creating shared instance of singleton bean 'mvcContentNegotiationManager'
?[0m?[0;34m2023-04-07 15:35:21.923 DEBUG 12456 --- [    Test worker] o.s.b.f.s.DefaultListableBeanFactory     : Creating shared instance of singleton bean 'mvcConversionService'
?[0m?[0;34m2023-04-07 15:35:21.925 DEBUG 12456 --- [    Test worker] o.s.b.f.s.DefaultListableBeanFactory     : Creating shared instance of singleton bean 'mvcValidator'
?[0m?[0;34m2023-04-07 15:35:21.926 DEBUG 12456 --- [    Test worker] o.s.b.f.s.DefaultListableBeanFactory     : Autowiring by type from bean name 'requestMappingHandlerAdapter' via factory method to bean named 'mvcContentNegotiationManager'
?[0m?[0;34m2023-04-07 15:35:21.926 DEBUG 12456 --- [    Test worker] o.s.b.f.s.DefaultListableBeanFactory     : Autowiring by type from bean name 'requestMappingHandlerAdapter' via factory method to bean named 'mvcConversionService'
?[0m?[0;34m2023-04-07 15:35:21.926 DEBUG 12456 --- [    Test worker] o.s.b.f.s.DefaultListableBeanFactory     : Autowiring by type from bean name 'requestMappingHandlerAdapter' via factory method to bean named 'mvcValidator'
?[0m?[0;34m2023-04-07 15:35:21.926 DEBUG 12456 --- [    Test worker] o.s.b.f.s.DefaultListableBeanFactory     : Autowiring by type from bean name 'requestMappingHandlerAdapter' via factory method to bean named 'mvcContentNegotiationManager'
?[0m?[0;34m2023-04-07 15:35:21.926 DEBUG 12456 --- [    Test worker] o.s.b.f.s.DefaultListableBeanFactory     : Autowiring by type from bean name 'requestMappingHandlerAdapter' via factory method to bean named 'mvcConversionService'
?[0m?[0;34m2023-04-07 15:35:21.926 DEBUG 12456 --- [    Test worker] o.s.b.f.s.DefaultListableBeanFactory     : Autowiring by type from bean name 'requestMappingHandlerAdapter' via factory method to bean named 'mvcValidator'
?[0m?[0;34m2023-04-07 15:35:21.928 DEBUG 12456 --- [    Test worker] o.s.b.f.s.DefaultListableBeanFactory     : Creating shared instance of singleton bean 'messageConverters'
?[0m?[0;34m2023-04-07 15:35:21.929 DEBUG 12456 --- [    Test worker] o.s.b.f.s.DefaultListableBeanFactory     : Creating shared instance of singleton bean 'org.springframework.boot.autoconfigure.http.HttpMessageConvertersAutoConfiguration'
?[0m?[0;34m2023-04-07 15:35:21.930 DEBUG 12456 --- [    Test worker] o.s.b.f.s.DefaultListableBeanFactory     : Creating shared instance of singleton bean 'stringHttpMessageConverter'
?[0m?[0;34m2023-04-07 15:35:21.930 DEBUG 12456 --- [    Test worker] o.s.b.f.s.DefaultListableBeanFactory     : Creating shared instance of singleton bean 'org.springframework.boot.autoconfigure.http.HttpMessageConvertersAutoConfiguration$StringHttpMessageConverterConfiguration'
?[0m?[0;34m2023-04-07 15:35:21.931 DEBUG 12456 --- [    Test worker] o.s.b.f.s.DefaultListableBeanFactory     : Autowiring by type from bean name 'stringHttpMessageConverter' via factory method to bean named 'environment'
?[0m?[0;34m2023-04-07 15:35:21.935 DEBUG 12456 --- [    Test worker] o.s.b.f.s.DefaultListableBeanFactory     : Creating shared instance of singleton bean 'mappingJackson2HttpMessageConverter'
?[0m?[0;34m2023-04-07 15:35:21.935 DEBUG 12456 --- [    Test worker] o.s.b.f.s.DefaultListableBeanFactory     : Creating shared instance of singleton bean 'org.springframework.boot.autoconfigure.http.JacksonHttpMessageConvertersConfiguration$MappingJackson2HttpMessageConverterConfiguration'
?[0m?[0;34m2023-04-07 15:35:21.935 DEBUG 12456 --- [    Test worker] o.s.b.f.s.DefaultListableBeanFactory     : Creating shared instance of singleton bean 'jacksonObjectMapper'
?[0m?[0;34m2023-04-07 15:35:21.936 DEBUG 12456 --- [    Test worker] o.s.b.f.s.DefaultListableBeanFactory     : Creating shared instance of singleton bean 'org.springframework.boot.autoconfigure.jackson.JacksonAutoConfiguration$JacksonObjectMapperConfiguration'
?[0m?[0;34m2023-04-07 15:35:21.936 DEBUG 12456 --- [    Test worker] o.s.b.f.s.DefaultListableBeanFactory     : Creating shared instance of singleton bean 'org.springframework.boot.autoconfigure.jackson.JacksonAutoConfiguration$JacksonObjectMapperBuilderConfiguration'
?[0m?[0;34m2023-04-07 15:35:21.937 DEBUG 12456 --- [    Test worker] o.s.b.f.s.DefaultListableBeanFactory     : Creating shared instance of singleton bean 'standardJacksonObjectMapperBuilderCustomizer'
?[0m?[0;34m2023-04-07 15:35:21.937 DEBUG 12456 --- [    Test worker] o.s.b.f.s.DefaultListableBeanFactory     : Creating shared instance of singleton bean 'org.springframework.boot.autoconfigure.jackson.JacksonAutoConfiguration$Jackson2ObjectMapperBuilderCustomizerConfiguration'
?[0m?[0;34m2023-04-07 15:35:21.937 DEBUG 12456 --- [    Test worker] o.s.b.f.s.DefaultListableBeanFactory     : Creating shared instance of singleton bean 'spring.jackson-org.springframework.boot.autoconfigure.jackson.JacksonProperties'
?[0m?[0;34m2023-04-07 15:35:21.939 DEBUG 12456 --- [    Test worker] o.s.b.f.s.DefaultListableBeanFactory     : Autowiring by type from bean name 'standardJacksonObjectMapperBuilderCustomizer' via factory method to bean named 'org.springframework.boot.web.servlet.context.AnnotationConfigServletWebServerApplicationContext@37596b44'
?[0m?[0;34m2023-04-07 15:35:21.939 DEBUG 12456 --- [    Test worker] o.s.b.f.s.DefaultListableBeanFactory     : Autowiring by type from bean name 'standardJacksonObjectMapperBuilderCustomizer' via factory method to bean named 'spring.jackson-org.springframework.boot.autoconfigure.jackson.JacksonProperties'
?[0m?[0;34m2023-04-07 15:35:21.939 DEBUG 12456 --- [    Test worker] o.s.b.f.s.DefaultListableBeanFactory     : Autowiring by type from bean name 'jacksonObjectMapperBuilder' via factory method to bean named 'org.springframework.boot.web.servlet.context.AnnotationConfigServletWebServerApplicationContext@37596b44'
?[0m?[0;34m2023-04-07 15:35:21.939 DEBUG 12456 --- [    Test worker] o.s.b.f.s.DefaultListableBeanFactory     : Autowiring by type from bean name 'jacksonObjectMapperBuilder' via factory method to bean named 'standardJacksonObjectMapperBuilderCustomizer'
?[0m?[0;34m2023-04-07 15:35:21.940 DEBUG 12456 --- [    Test worker] o.s.b.f.s.DefaultListableBeanFactory     : Creating shared instance of singleton bean 'parameterNamesModule'
?[0m?[0;34m2023-04-07 15:35:21.940 DEBUG 12456 --- [    Test worker] o.s.b.f.s.DefaultListableBeanFactory     : Creating shared instance of singleton bean 'org.springframework.boot.autoconfigure.jackson.JacksonAutoConfiguration$ParameterNamesModuleConfiguration'
?[0m?[0;34m2023-04-07 15:35:21.940 DEBUG 12456 --- [    Test worker] o.s.b.f.s.DefaultListableBeanFactory     : Creating shared instance of singleton bean 'jsonComponentModule'
?[0m?[0;34m2023-04-07 15:35:21.941 DEBUG 12456 --- [    Test worker] o.s.b.f.s.DefaultListableBeanFactory     : Creating shared instance of singleton bean 'org.springframework.boot.autoconfigure.jackson.JacksonAutoConfiguration'
?[0m?[0;34m2023-04-07 15:35:21.942 DEBUG 12456 --- [    Test worker] o.s.b.f.s.DefaultListableBeanFactory     : Creating shared instance of singleton bean 'jacksonGeoModule'
?[0m?[0;34m2023-04-07 15:35:21.943 DEBUG 12456 --- [    Test worker] o.s.b.f.s.DefaultListableBeanFactory     : Creating shared instance of singleton bean 'org.springframework.data.web.config.SpringDataJacksonConfiguration'
?[0m?[0;34m2023-04-07 15:35:21.944 DEBUG 12456 --- [    Test worker] o.s.b.f.s.DefaultListableBeanFactory     : Autowiring by type from bean name 'jacksonObjectMapper' via factory method to bean named 'jacksonObjectMapperBuilder'
?[0m?[0;34m2023-04-07 15:35:21.946 DEBUG 12456 --- [    Test worker] o.s.b.f.s.DefaultListableBeanFactory     : Autowiring by type from bean name 'mappingJackson2HttpMessageConverter' via factory method to bean named 'jacksonObjectMapper'
?[0m?[0;34m2023-04-07 15:35:21.950 DEBUG 12456 --- [    Test worker] o.s.b.f.s.DefaultListableBeanFactory     : Creating shared instance of singleton bean 'sortResolver'
?[0m?[0;34m2023-04-07 15:35:21.951 DEBUG 12456 --- [    Test worker] o.s.b.f.s.DefaultListableBeanFactory     : Creating shared instance of singleton bean 'sortCustomizer'
?[0m?[0;34m2023-04-07 15:35:21.951 DEBUG 12456 --- [    Test worker] o.s.b.f.s.DefaultListableBeanFactory     : Creating shared instance of singleton bean 'org.springframework.boot.autoconfigure.data.web.SpringDataWebAutoConfiguration'
?[0m?[0;34m2023-04-07 15:35:21.951 DEBUG 12456 --- [    Test worker] o.s.b.f.s.DefaultListableBeanFactory     : Creating shared instance of singleton bean 'spring.data.web-org.springframework.boot.autoconfigure.data.web.SpringDataWebProperties'
?[0m?[0;34m2023-04-07 15:35:21.953 DEBUG 12456 --- [    Test worker] o.s.b.f.s.DefaultListableBeanFactory     : Autowiring by type from bean name 'org.springframework.boot.autoconfigure.data.web.SpringDataWebAutoConfiguration' via constructor to bean named 'spring.data.web-org.springframework.boot.autoconfigure.data.web.SpringDataWebProperties'
?[0m?[0;34m2023-04-07 15:35:21.953 DEBUG 12456 --- [    Test worker] o.s.b.f.s.DefaultListableBeanFactory     : Creating shared instance of singleton bean 'pageableResolver'
?[0m?[0;34m2023-04-07 15:35:21.954 DEBUG 12456 --- [    Test worker] o.s.b.f.s.DefaultListableBeanFactory     : Creating shared instance of singleton bean 'pageableCustomizer'
?[0m?[0;34m2023-04-07 15:35:21.955 DEBUG 12456 --- [    Test worker] o.s.b.f.s.DefaultListableBeanFactory     : Creating shared instance of singleton bean 'applicationTaskExecutor'
?[0m?[0;34m2023-04-07 15:35:21.956 DEBUG 12456 --- [    Test worker] o.s.b.f.s.DefaultListableBeanFactory     : Autowiring by type from bean name 'applicationTaskExecutor' via factory method to bean named 'taskExecutorBuilder'
?[0m?[0;34m2023-04-07 15:35:21.956 DEBUG 12456 --- [    Test worker] o.s.s.concurrent.ThreadPoolTaskExecutor  : Initializing ExecutorService 'applicationTaskExecutor'
?[0m?[0;34m2023-04-07 15:35:21.959 DEBUG 12456 --- [    Test worker] s.w.s.m.m.a.RequestMappingHandlerAdapter : ControllerAdvice beans: 0 @ModelAttribute, 0 @InitBinder, 1 RequestBodyAdvice, 1 ResponseBodyAdvice
?[0m?[0;34m2023-04-07 15:35:21.960 DEBUG 12456 --- [    Test worker] o.s.b.f.s.DefaultListableBeanFactory     : Creating shared instance of singleton bean 'requestMappingHandlerMapping'
?[0m?[0;34m2023-04-07 15:35:21.961 DEBUG 12456 --- [    Test worker] o.s.b.f.s.DefaultListableBeanFactory     : Creating shared instance of singleton bean 'mvcResourceUrlProvider'
?[0m?[0;34m2023-04-07 15:35:21.962 DEBUG 12456 --- [    Test worker] o.s.b.f.s.DefaultListableBeanFactory     : Autowiring by type from bean name 'requestMappingHandlerMapping' via factory method to bean named 'mvcContentNegotiationManager'
?[0m?[0;34m2023-04-07 15:35:21.962 DEBUG 12456 --- [    Test worker] o.s.b.f.s.DefaultListableBeanFactory     : Autowiring by type from bean name 'requestMappingHandlerMapping' via factory method to bean named 'mvcConversionService'
?[0m?[0;34m2023-04-07 15:35:21.962 DEBUG 12456 --- [    Test worker] o.s.b.f.s.DefaultListableBeanFactory     : Autowiring by type from bean name 'requestMappingHandlerMapping' via factory method to bean named 'mvcResourceUrlProvider'
?[0m?[0;34m2023-04-07 15:35:21.963 DEBUG 12456 --- [    Test worker] o.s.b.f.s.DefaultListableBeanFactory     : Autowiring by type from bean name 'requestMappingHandlerMapping' via factory method to bean named 'mvcContentNegotiationManager'
?[0m?[0;34m2023-04-07 15:35:21.963 DEBUG 12456 --- [    Test worker] o.s.b.f.s.DefaultListableBeanFactory     : Autowiring by type from bean name 'requestMappingHandlerMapping' via factory method to bean named 'mvcConversionService'
?[0m?[0;34m2023-04-07 15:35:21.963 DEBUG 12456 --- [    Test worker] o.s.b.f.s.DefaultListableBeanFactory     : Autowiring by type from bean name 'requestMappingHandlerMapping' via factory method to bean named 'mvcResourceUrlProvider'
?[0m?[0;34m2023-04-07 15:35:21.967 DEBUG 12456 --- [    Test worker] s.w.s.m.m.a.RequestMappingHandlerMapping : 8 mappings in 'requestMappingHandlerMapping'
?[0m?[0;34m2023-04-07 15:35:21.968 DEBUG 12456 --- [    Test worker] o.s.b.f.s.DefaultListableBeanFactory     : Creating shared instance of singleton bean 'welcomePageHandlerMapping'
?[0m?[0;34m2023-04-07 15:35:21.969 DEBUG 12456 --- [    Test worker] o.s.b.f.s.DefaultListableBeanFactory     : Autowiring by type from bean name 'welcomePageHandlerMapping' via factory method to bean named 'org.springframework.boot.web.servlet.context.AnnotationConfigServletWebServerApplicationContext@37596b44'
?[0m?[0;34m2023-04-07 15:35:21.969 DEBUG 12456 --- [    Test worker] o.s.b.f.s.DefaultListableBeanFactory     : Autowiring by type from bean name 'welcomePageHandlerMapping' via factory method to bean named 'mvcConversionService'
?[0m?[0;34m2023-04-07 15:35:21.969 DEBUG 12456 --- [    Test worker] o.s.b.f.s.DefaultListableBeanFactory     : Autowiring by type from bean name 'welcomePageHandlerMapping' via factory method to bean named 'mvcResourceUrlProvider'
?[0m?[0;34m2023-04-07 15:35:21.972 DEBUG 12456 --- [    Test worker] o.s.b.f.s.DefaultListableBeanFactory     : Creating shared instance of singleton bean 'localeResolver'
?[0m?[0;34m2023-04-07 15:35:21.973 DEBUG 12456 --- [    Test worker] o.s.b.f.s.DefaultListableBeanFactory     : Creating shared instance of singleton bean 'themeResolver'
?[0m?[0;34m2023-04-07 15:35:21.973 DEBUG 12456 --- [    Test worker] o.s.b.f.s.DefaultListableBeanFactory     : Creating shared instance of singleton bean 'flashMapManager'
?[0m?[0;34m2023-04-07 15:35:21.973 DEBUG 12456 --- [    Test worker] o.s.b.f.s.DefaultListableBeanFactory     : Creating shared instance of singleton bean 'mvcPatternParser'
?[0m?[0;34m2023-04-07 15:35:21.974 DEBUG 12456 --- [    Test worker] o.s.b.f.s.DefaultListableBeanFactory     : Creating shared instance of singleton bean 'mvcUrlPathHelper'
?[0m?[0;34m2023-04-07 15:35:21.974 DEBUG 12456 --- [    Test worker] o.s.b.f.s.DefaultListableBeanFactory     : Creating shared instance of singleton bean 'mvcPathMatcher'
?[0m?[0;34m2023-04-07 15:35:21.974 DEBUG 12456 --- [    Test worker] o.s.b.f.s.DefaultListableBeanFactory     : Creating shared instance of singleton bean 'viewControllerHandlerMapping'
?[0m?[0;34m2023-04-07 15:35:21.975 DEBUG 12456 --- [    Test worker] o.s.b.f.s.DefaultListableBeanFactory     : Autowiring by type from bean name 'viewControllerHandlerMapping' via factory method to bean named 'mvcConversionService'
?[0m?[0;34m2023-04-07 15:35:21.975 DEBUG 12456 --- [    Test worker] o.s.b.f.s.DefaultListableBeanFactory     : Autowiring by type from bean name 'viewControllerHandlerMapping' via factory method to bean named 'mvcResourceUrlProvider'
?[0m?[0;34m2023-04-07 15:35:21.975 DEBUG 12456 --- [    Test worker] o.s.b.f.s.DefaultListableBeanFactory     : Creating shared instance of singleton bean 'beanNameHandlerMapping'
?[0m?[0;34m2023-04-07 15:35:21.976 DEBUG 12456 --- [    Test worker] o.s.b.f.s.DefaultListableBeanFactory     : Autowiring by type from bean name 'beanNameHandlerMapping' via factory method to bean named 'mvcConversionService'
?[0m?[0;34m2023-04-07 15:35:21.976 DEBUG 12456 --- [    Test worker] o.s.b.f.s.DefaultListableBeanFactory     : Autowiring by type from bean name 'beanNameHandlerMapping' via factory method to bean named 'mvcResourceUrlProvider'
?[0m?[0;34m2023-04-07 15:35:21.977 DEBUG 12456 --- [    Test worker] o.s.b.f.s.DefaultListableBeanFactory     : Creating shared instance of singleton bean 'routerFunctionMapping'
?[0m?[0;34m2023-04-07 15:35:21.978 DEBUG 12456 --- [    Test worker] o.s.b.f.s.DefaultListableBeanFactory     : Autowiring by type from bean name 'routerFunctionMapping' via factory method to bean named 'mvcConversionService'
?[0m?[0;34m2023-04-07 15:35:21.978 DEBUG 12456 --- [    Test worker] o.s.b.f.s.DefaultListableBeanFactory     : Autowiring by type from bean name 'routerFunctionMapping' via factory method to bean named 'mvcResourceUrlProvider'
?[0m?[0;34m2023-04-07 15:35:21.979 DEBUG 12456 --- [    Test worker] o.s.b.f.s.DefaultListableBeanFactory     : Creating shared instance of singleton bean 'resourceHandlerMapping'
?[0m?[0;34m2023-04-07 15:35:21.980 DEBUG 12456 --- [    Test worker] o.s.b.f.s.DefaultListableBeanFactory     : Autowiring by type from bean name 'resourceHandlerMapping' via factory method to bean named 'mvcContentNegotiationManager'
?[0m?[0;34m2023-04-07 15:35:21.980 DEBUG 12456 --- [    Test worker] o.s.b.f.s.DefaultListableBeanFactory     : Autowiring by type from bean name 'resourceHandlerMapping' via factory method to bean named 'mvcConversionService'
?[0m?[0;34m2023-04-07 15:35:21.980 DEBUG 12456 --- [    Test worker] o.s.b.f.s.DefaultListableBeanFactory     : Autowiring by type from bean name 'resourceHandlerMapping' via factory method to bean named 'mvcResourceUrlProvider'
?[0m?[0;34m2023-04-07 15:35:21.982 DEBUG 12456 --- [    Test worker] o.s.w.s.handler.SimpleUrlHandlerMapping  : Patterns [/webjars/**, /**] in 'resourceHandlerMapping'
?[0m?[0;34m2023-04-07 15:35:21.983 DEBUG 12456 --- [    Test worker] o.s.b.f.s.DefaultListableBeanFactory     : Creating shared instance of singleton bean 'defaultServletHandlerMapping'
?[0m?[0;34m2023-04-07 15:35:21.983 DEBUG 12456 --- [    Test worker] o.s.b.f.s.DefaultListableBeanFactory     : Creating shared instance of singleton bean 'handlerFunctionAdapter'
?[0m?[0;34m2023-04-07 15:35:21.984 DEBUG 12456 --- [    Test worker] o.s.b.f.s.DefaultListableBeanFactory     : Creating shared instance of singleton bean 'mvcUriComponentsContributor'
?[0m?[0;34m2023-04-07 15:35:21.985 DEBUG 12456 --- [    Test worker] o.s.b.f.s.DefaultListableBeanFactory     : Autowiring by type from bean name 'mvcUriComponentsContributor' via factory method to bean named 'mvcConversionService'
?[0m?[0;34m2023-04-07 15:35:21.985 DEBUG 12456 --- [    Test worker] o.s.b.f.s.DefaultListableBeanFactory     : Autowiring by type from bean name 'mvcUriComponentsContributor' via factory method to bean named 'requestMappingHandlerAdapter'
?[0m?[0;34m2023-04-07 15:35:21.985 DEBUG 12456 --- [    Test worker] o.s.b.f.s.DefaultListableBeanFactory     : Creating shared instance of singleton bean 'httpRequestHandlerAdapter'
?[0m?[0;34m2023-04-07 15:35:21.986 DEBUG 12456 --- [    Test worker] o.s.b.f.s.DefaultListableBeanFactory     : Creating shared instance of singleton bean 'simpleControllerHandlerAdapter'
?[0m?[0;34m2023-04-07 15:35:21.986 DEBUG 12456 --- [    Test worker] o.s.b.f.s.DefaultListableBeanFactory     : Creating shared instance of singleton bean 'handlerExceptionResolver'
?[0m?[0;34m2023-04-07 15:35:21.986 DEBUG 12456 --- [    Test worker] o.s.b.f.s.DefaultListableBeanFactory     : Autowiring by type from bean name 'handlerExceptionResolver' via factory method to bean named 'mvcContentNegotiationManager'
?[0m?[0;34m2023-04-07 15:35:21.990 DEBUG 12456 --- [    Test worker] .m.m.a.ExceptionHandlerExceptionResolver : ControllerAdvice beans: 1 @ExceptionHandler, 1 ResponseBodyAdvice
?[0m?[0;34m2023-04-07 15:35:21.990 DEBUG 12456 --- [    Test worker] o.s.b.f.s.DefaultListableBeanFactory     : Creating shared instance of singleton bean 'mvcViewResolver'
?[0m?[0;34m2023-04-07 15:35:21.991 DEBUG 12456 --- [    Test worker] o.s.b.f.s.DefaultListableBeanFactory     : Autowiring by type from bean name 'mvcViewResolver' via factory method to bean named 'mvcContentNegotiationManager'
?[0m?[0;34m2023-04-07 15:35:21.992 DEBUG 12456 --- [    Test worker] o.s.b.f.s.DefaultListableBeanFactory     : Creating shared instance of singleton bean 'viewNameTranslator'
?[0m?[0;34m2023-04-07 15:35:21.993 DEBUG 12456 --- [    Test worker] o.s.b.f.s.DefaultListableBeanFactory     : Creating shared instance of singleton bean 'defaultViewResolver'
?[0m?[0;34m2023-04-07 15:35:21.994 DEBUG 12456 --- [    Test worker] o.s.b.f.s.DefaultListableBeanFactory     : Creating shared instance of singleton bean 'viewResolver'
?[0m?[0;34m2023-04-07 15:35:21.994 DEBUG 12456 --- [    Test worker] o.s.b.f.s.DefaultListableBeanFactory     : Autowiring by type from bean name 'viewResolver' via factory method to bean named 'org.springframework.beans.factory.support.DefaultListableBeanFactory@3284f91f'
?[0m?[0;34m2023-04-07 15:35:21.995 DEBUG 12456 --- [    Test worker] o.s.b.f.s.DefaultListableBeanFactory     : Creating shared instance of singleton bean 'org.springframework.boot.actuate.autoconfigure.audit.AuditEventsEndpointAutoConfiguration'
?[0m?[0;34m2023-04-07 15:35:21.996 DEBUG 12456 --- [    Test worker] o.s.b.f.s.DefaultListableBeanFactory     : Creating shared instance of singleton bean 'org.springframework.boot.autoconfigure.availability.ApplicationAvailabilityAutoConfiguration'
?[0m?[0;34m2023-04-07 15:35:21.996 DEBUG 12456 --- [    Test worker] o.s.b.f.s.DefaultListableBeanFactory     : Creating shared instance of singleton bean 'applicationAvailability'
?[0m?[0;34m2023-04-07 15:35:21.996 DEBUG 12456 --- [    Test worker] o.s.b.f.s.DefaultListableBeanFactory     : Creating shared instance of singleton bean 'org.springframework.boot.actuate.autoconfigure.availability.AvailabilityHealthContributorAutoConfiguration'
?[0m?[0;34m2023-04-07 15:35:21.997 DEBUG 12456 --- [    Test worker] o.s.b.f.s.DefaultListableBeanFactory     : Creating shared instance of singleton bean 'org.springframework.boot.actuate.autoconfigure.beans.BeansEndpointAutoConfiguration'
?[0m?[0;34m2023-04-07 15:35:21.997 DEBUG 12456 --- [    Test worker] o.s.b.f.s.DefaultListableBeanFactory     : Creating shared instance of singleton bean 'beansEndpoint'
?[0m?[0;34m2023-04-07 15:35:21.997 DEBUG 12456 --- [    Test worker] o.s.b.f.s.DefaultListableBeanFactory     : Autowiring by type from bean name 'beansEndpoint' via factory method to bean named 'org.springframework.boot.web.servlet.context.AnnotationConfigServletWebServerApplicationContext@37596b44'
?[0m?[0;34m2023-04-07 15:35:21.998 DEBUG 12456 --- [    Test worker] o.s.b.f.s.DefaultListableBeanFactory     : Creating shared instance of singleton bean 'org.springframework.boot.autoconfigure.transaction.jta.JtaAutoConfiguration'
?[0m?[0;34m2023-04-07 15:35:21.998 DEBUG 12456 --- [    Test worker] o.s.b.f.s.DefaultListableBeanFactory     : Creating shared instance of singleton bean 'org.springframework.boot.autoconfigure.jdbc.DataSourceJmxConfiguration$Hikari'
?[0m?[0;34m2023-04-07 15:35:21.999 DEBUG 12456 --- [    Test worker] o.s.b.f.s.DefaultListableBeanFactory     : Autowiring by type from bean name 'org.springframework.boot.autoconfigure.jdbc.DataSourceJmxConfiguration$Hikari' via constructor to bean named 'dataSource'
?[0m?[0;34m2023-04-07 15:35:21.999 DEBUG 12456 --- [    Test worker] o.s.b.f.s.DefaultListableBeanFactory     : Creating shared instance of singleton bean 'org.springframework.boot.autoconfigure.jdbc.DataSourceJmxConfiguration'
?[0m?[0;34m2023-04-07 15:35:21.999 DEBUG 12456 --- [    Test worker] o.s.b.f.s.DefaultListableBeanFactory     : Creating shared instance of singleton bean 'org.springframework.boot.autoconfigure.jdbc.DataSourceAutoConfiguration$PooledDataSourceConfiguration'
?[0m?[0;34m2023-04-07 15:35:22.000 DEBUG 12456 --- [    Test worker] o.s.b.f.s.DefaultListableBeanFactory     : Creating shared instance of singleton bean 'org.springframework.boot.autoconfigure.jdbc.metadata.DataSourcePoolMetadataProvidersConfiguration'
?[0m?[0;34m2023-04-07 15:35:22.000 DEBUG 12456 --- [    Test worker] o.s.b.f.s.DefaultListableBeanFactory     : Creating shared instance of singleton bean 'org.springframework.boot.autoconfigure.jdbc.DataSourceAutoConfiguration'
?[0m?[0;34m2023-04-07 15:35:22.000 DEBUG 12456 --- [    Test worker] o.s.b.f.s.DefaultListableBeanFactory     : Creating shared instance of singleton bean 'transactionManager'
?[0m?[0;34m2023-04-07 15:35:22.001 DEBUG 12456 --- [    Test worker] o.s.b.f.s.DefaultListableBeanFactory     : Creating shared instance of singleton bean 'platformTransactionManagerCustomizers'
?[0m?[0;34m2023-04-07 15:35:22.001 DEBUG 12456 --- [    Test worker] o.s.b.f.s.DefaultListableBeanFactory     : Creating shared instance of singleton bean 'org.springframework.boot.autoconfigure.transaction.TransactionAutoConfiguration'
?[0m?[0;34m2023-04-07 15:35:22.002 DEBUG 12456 --- [    Test worker] o.s.b.f.s.DefaultListableBeanFactory     : Creating shared instance of singleton bean 'spring.transaction-org.springframework.boot.autoconfigure.transaction.TransactionProperties'
?[0m?[0;34m2023-04-07 15:35:22.003 DEBUG 12456 --- [    Test worker] o.s.b.f.s.DefaultListableBeanFactory     : Creating shared instance of singleton bean 'org.springframework.boot.autoconfigure.orm.jpa.HibernateJpaAutoConfiguration'
?[0m?[0;34m2023-04-07 15:35:22.004 DEBUG 12456 --- [    Test worker] o.s.b.f.s.DefaultListableBeanFactory     : Creating shared instance of singleton bean 'org.springframework.boot.actuate.autoconfigure.cache.CachesEndpointAutoConfiguration'
?[0m?[0;34m2023-04-07 15:35:22.004 DEBUG 12456 --- [    Test worker] o.s.b.f.s.DefaultListableBeanFactory     : Creating shared instance of singleton bean 'cachesEndpoint'
?[0m?[0;34m2023-04-07 15:35:22.006 DEBUG 12456 --- [    Test worker] o.s.b.f.s.DefaultListableBeanFactory     : Creating shared instance of singleton bean 'cachesEndpointWebExtension'
?[0m?[0;34m2023-04-07 15:35:22.007 DEBUG 12456 --- [    Test worker] o.s.b.f.s.DefaultListableBeanFactory     : Autowiring by type from bean name 'cachesEndpointWebExtension' via factory method to bean named 'cachesEndpoint'
?[0m?[0;34m2023-04-07 15:35:22.007 DEBUG 12456 --- [    Test worker] o.s.b.f.s.DefaultListableBeanFactory     : Creating shared instance of singleton bean 'org.springframework.boot.actuate.autoconfigure.web.servlet.ServletManagementContextAutoConfiguration'
?[0m?[0;34m2023-04-07 15:35:22.008 DEBUG 12456 --- [    Test worker] o.s.b.f.s.DefaultListableBeanFactory     : Creating shared instance of singleton bean 'servletWebChildContextFactory'
?[0m?[0;34m2023-04-07 15:35:22.008 DEBUG 12456 --- [    Test worker] o.s.b.f.s.DefaultListableBeanFactory     : Creating shared instance of singleton bean 'managementServletContext'
?[0m?[0;34m2023-04-07 15:35:22.009 DEBUG 12456 --- [    Test worker] o.s.b.f.s.DefaultListableBeanFactory     : Autowiring by type from bean name 'managementServletContext' via factory method to bean named 'management.endpoints.web-org.springframework.boot.actuate.autoconfigure.endpoint.web.WebEndpointProperties'
?[0m?[0;34m2023-04-07 15:35:22.009 DEBUG 12456 --- [    Test worker] o.s.b.f.s.DefaultListableBeanFactory     : Creating shared instance of singleton bean 'org.springframework.boot.actuate.autoconfigure.health.HealthEndpointConfiguration'
?[0m?[0;34m2023-04-07 15:35:22.009 DEBUG 12456 --- [    Test worker] o.s.b.f.s.DefaultListableBeanFactory     : Creating shared instance of singleton bean 'healthStatusAggregator'
?[0m?[0;34m2023-04-07 15:35:22.010 DEBUG 12456 --- [    Test worker] o.s.b.f.s.DefaultListableBeanFactory     : Creating shared instance of singleton bean 'management.endpoint.health-org.springframework.boot.actuate.autoconfigure.health.HealthEndpointProperties'
?[0m?[0;34m2023-04-07 15:35:22.012 DEBUG 12456 --- [    Test worker] o.s.b.f.s.DefaultListableBeanFactory     : Autowiring by type from bean name 'healthStatusAggregator' via factory method to bean named 'management.endpoint.health-org.springframework.boot.actuate.autoconfigure.health.HealthEndpointProperties'
?[0m?[0;34m2023-04-07 15:35:22.013 DEBUG 12456 --- [    Test worker] o.s.b.f.s.DefaultListableBeanFactory     : Creating shared instance of singleton bean 'healthHttpCodeStatusMapper'
?[0m?[0;34m2023-04-07 15:35:22.013 DEBUG 12456 --- [    Test worker] o.s.b.f.s.DefaultListableBeanFactory     : Autowiring by type from bean name 'healthHttpCodeStatusMapper' via factory method to bean named 'management.endpoint.health-org.springframework.boot.actuate.autoconfigure.health.HealthEndpointProperties'
?[0m?[0;34m2023-04-07 15:35:22.013 DEBUG 12456 --- [    Test worker] o.s.b.f.s.DefaultListableBeanFactory     : Creating shared instance of singleton bean 'healthEndpointGroups'
?[0m?[0;34m2023-04-07 15:35:22.014 DEBUG 12456 --- [    Test worker] o.s.b.f.s.DefaultListableBeanFactory     : Autowiring by type from bean name 'healthEndpointGroups' via factory method to bean named 'org.springframework.boot.web.servlet.context.AnnotationConfigServletWebServerApplicationContext@37596b44'
?[0m?[0;34m2023-04-07 15:35:22.014 DEBUG 12456 --- [    Test worker] o.s.b.f.s.DefaultListableBeanFactory     : Autowiring by type from bean name 'healthEndpointGroups' via factory method to bean named 'management.endpoint.health-org.springframework.boot.actuate.autoconfigure.health.HealthEndpointProperties'
?[0m?[0;34m2023-04-07 15:35:22.016 DEBUG 12456 --- [    Test worker] o.s.b.f.s.DefaultListableBeanFactory     : Creating shared instance of singleton bean 'healthContributorRegistry'
?[0m?[0;34m2023-04-07 15:35:22.017 DEBUG 12456 --- [    Test worker] o.s.b.f.s.DefaultListableBeanFactory     : Autowiring by type from bean name 'healthContributorRegistry' via factory method to bean named 'org.springframework.boot.web.servlet.context.AnnotationConfigServletWebServerApplicationContext@37596b44'
?[0m?[0;34m2023-04-07 15:35:22.017 DEBUG 12456 --- [    Test worker] o.s.b.f.s.DefaultListableBeanFactory     : Autowiring by type from bean name 'healthContributorRegistry' via factory method to bean named 'healthEndpointGroups'
?[0m?[0;34m2023-04-07 15:35:22.018 DEBUG 12456 --- [    Test worker] o.s.b.f.s.DefaultListableBeanFactory     : Creating shared instance of singleton bean 'diskSpaceHealthIndicator'
?[0m?[0;34m2023-04-07 15:35:22.018 DEBUG 12456 --- [    Test worker] o.s.b.f.s.DefaultListableBeanFactory     : Creating shared instance of singleton bean 'org.springframework.boot.actuate.autoconfigure.system.DiskSpaceHealthContributorAutoConfiguration'
?[0m?[0;34m2023-04-07 15:35:22.019 DEBUG 12456 --- [    Test worker] o.s.b.f.s.DefaultListableBeanFactory     : Creating shared instance of singleton bean 'management.health.diskspace-org.springframework.boot.actuate.autoconfigure.system.DiskSpaceHealthIndicatorProperties'
?[0m?[0;34m2023-04-07 15:35:22.020 DEBUG 12456 --- [    Test worker] o.s.b.f.s.DefaultListableBeanFactory     : Autowiring by type from bean name 'diskSpaceHealthIndicator' via factory method to bean named 'management.health.diskspace-org.springframework.boot.actuate.autoconfigure.system.DiskSpaceHealthIndicatorProperties'
?[0m?[0;34m2023-04-07 15:35:22.021 DEBUG 12456 --- [    Test worker] o.s.b.f.s.DefaultListableBeanFactory     : Creating shared instance of singleton bean 'pingHealthContributor'
?[0m?[0;34m2023-04-07 15:35:22.021 DEBUG 12456 --- [    Test worker] o.s.b.f.s.DefaultListableBeanFactory     : Creating shared instance of singleton bean 'org.springframework.boot.actuate.autoconfigure.health.HealthContributorAutoConfiguration'
?[0m?[0;34m2023-04-07 15:35:22.022 DEBUG 12456 --- [    Test worker] o.s.b.f.s.DefaultListableBeanFactory     : Creating shared instance of singleton bean 'dbHealthContributor'
?[0m?[0;34m2023-04-07 15:35:22.022 DEBUG 12456 --- [    Test worker] o.s.b.f.s.DefaultListableBeanFactory     : Creating shared instance of singleton bean 'org.springframework.boot.actuate.autoconfigure.jdbc.DataSourceHealthContributorAutoConfiguration'
?[0m?[0;34m2023-04-07 15:35:22.023 DEBUG 12456 --- [    Test worker] o.s.b.f.s.DefaultListableBeanFactory     : Creating shared instance of singleton bean 'management.health.db-org.springframework.boot.actuate.autoconfigure.jdbc.DataSourceHealthIndicatorProperties'
?[0m?[0;34m2023-04-07 15:35:22.024 DEBUG 12456 --- [    Test worker] o.s.b.f.s.DefaultListableBeanFactory     : Autowiring by type from bean name 'dbHealthContributor' via factory method to bean named 'dataSource'
?[0m?[0;34m2023-04-07 15:35:22.024 DEBUG 12456 --- [    Test worker] o.s.b.f.s.DefaultListableBeanFactory     : Autowiring by type from bean name 'dbHealthContributor' via factory method to bean named 'management.health.db-org.springframework.boot.actuate.autoconfigure.jdbc.DataSourceHealthIndicatorProperties'
?[0m?[0;34m2023-04-07 15:35:22.025 DEBUG 12456 --- [    Test worker] o.s.b.f.s.DefaultListableBeanFactory     : Creating shared instance of singleton bean 'healthEndpoint'
?[0m?[0;34m2023-04-07 15:35:22.026 DEBUG 12456 --- [    Test worker] o.s.b.f.s.DefaultListableBeanFactory     : Autowiring by type from bean name 'healthEndpoint' via factory method to bean named 'healthContributorRegistry'
?[0m?[0;34m2023-04-07 15:35:22.026 DEBUG 12456 --- [    Test worker] o.s.b.f.s.DefaultListableBeanFactory     : Autowiring by type from bean name 'healthEndpoint' via factory method to bean named 'healthEndpointGroups'
?[0m?[0;34m2023-04-07 15:35:22.026 DEBUG 12456 --- [    Test worker] o.s.b.f.s.DefaultListableBeanFactory     : Creating shared instance of singleton bean 'org.springframework.boot.actuate.autoconfigure.health.HealthEndpointWebExtensionConfiguration'
?[0m?[0;34m2023-04-07 15:35:22.027 DEBUG 12456 --- [    Test worker] o.s.b.f.s.DefaultListableBeanFactory     : Creating shared instance of singleton bean 'healthEndpointWebExtension'
?[0m?[0;34m2023-04-07 15:35:22.027 DEBUG 12456 --- [    Test worker] o.s.b.f.s.DefaultListableBeanFactory     : Autowiring by type from bean name 'healthEndpointWebExtension' via factory method to bean named 'healthContributorRegistry'
?[0m?[0;34m2023-04-07 15:35:22.027 DEBUG 12456 --- [    Test worker] o.s.b.f.s.DefaultListableBeanFactory     : Autowiring by type from bean name 'healthEndpointWebExtension' via factory method to bean named 'healthEndpointGroups'
?[0m?[0;34m2023-04-07 15:35:22.027 DEBUG 12456 --- [    Test worker] o.s.b.f.s.DefaultListableBeanFactory     : Creating shared instance of singleton bean 'org.springframework.boot.actuate.autoconfigure.health.HealthEndpointAutoConfiguration'
?[0m?[0;34m2023-04-07 15:35:22.028 DEBUG 12456 --- [    Test worker] o.s.b.f.s.DefaultListableBeanFactory     : Creating shared instance of singleton bean 'org.springframework.boot.autoconfigure.info.ProjectInfoAutoConfiguration'
?[0m?[0;34m2023-04-07 15:35:22.029 DEBUG 12456 --- [    Test worker] o.s.b.f.s.DefaultListableBeanFactory     : Creating shared instance of singleton bean 'spring.info-org.springframework.boot.autoconfigure.info.ProjectInfoProperties'
?[0m?[0;34m2023-04-07 15:35:22.030 DEBUG 12456 --- [    Test worker] o.s.b.f.s.DefaultListableBeanFactory     : Autowiring by type from bean name 'org.springframework.boot.autoconfigure.info.ProjectInfoAutoConfiguration' via constructor to bean named 'spring.info-org.springframework.boot.autoconfigure.info.ProjectInfoProperties'
?[0m?[0;34m2023-04-07 15:35:22.030 DEBUG 12456 --- [    Test worker] o.s.b.f.s.DefaultListableBeanFactory     : Creating shared instance of singleton bean 'org.springframework.boot.actuate.autoconfigure.info.InfoContributorAutoConfiguration'
?[0m?[0;34m2023-04-07 15:35:22.030 DEBUG 12456 --- [    Test worker] o.s.b.f.s.DefaultListableBeanFactory     : Creating shared instance of singleton bean 'envInfoContributor'
?[0m?[0;34m2023-04-07 15:35:22.031 DEBUG 12456 --- [    Test worker] o.s.b.f.s.DefaultListableBeanFactory     : Autowiring by type from bean name 'envInfoContributor' via factory method to bean named 'environment'
?[0m?[0;34m2023-04-07 15:35:22.031 DEBUG 12456 --- [    Test worker] o.s.b.f.s.DefaultListableBeanFactory     : Creating shared instance of singleton bean 'management.info-org.springframework.boot.actuate.autoconfigure.info.InfoContributorProperties'
?[0m?[0;34m2023-04-07 15:35:22.032 DEBUG 12456 --- [    Test worker] o.s.b.f.s.DefaultListableBeanFactory     : Creating shared instance of singleton bean 'org.springframework.boot.actuate.autoconfigure.info.InfoEndpointAutoConfiguration'
?[0m?[0;34m2023-04-07 15:35:22.032 DEBUG 12456 --- [    Test worker] o.s.b.f.s.DefaultListableBeanFactory     : Creating shared instance of singleton bean 'infoEndpoint'
?[0m?[0;34m2023-04-07 15:35:22.033 DEBUG 12456 --- [    Test worker] o.s.b.f.s.DefaultListableBeanFactory     : Creating shared instance of singleton bean 'org.springframework.boot.actuate.autoconfigure.condition.ConditionsReportEndpointAutoConfiguration'
?[0m?[0;34m2023-04-07 15:35:22.033 DEBUG 12456 --- [    Test worker] o.s.b.f.s.DefaultListableBeanFactory     : Creating shared instance of singleton bean 'conditionsReportEndpoint'
?[0m?[0;34m2023-04-07 15:35:22.033 DEBUG 12456 --- [    Test worker] o.s.b.f.s.DefaultListableBeanFactory     : Autowiring by type from bean name 'conditionsReportEndpoint' via factory method to bean named 'org.springframework.boot.web.servlet.context.AnnotationConfigServletWebServerApplicationContext@37596b44'
?[0m?[0;34m2023-04-07 15:35:22.034 DEBUG 12456 --- [    Test worker] o.s.b.f.s.DefaultListableBeanFactory     : Creating shared instance of singleton bean 'org.springframework.boot.actuate.autoconfigure.context.ShutdownEndpointAutoConfiguration'
?[0m?[0;34m2023-04-07 15:35:22.034 DEBUG 12456 --- [    Test worker] o.s.b.f.s.DefaultListableBeanFactory     : Creating shared instance of singleton bean 'shutdownEndpoint'
?[0m?[0;34m2023-04-07 15:35:22.035 DEBUG 12456 --- [    Test worker] o.s.b.f.s.DefaultListableBeanFactory     : Creating shared instance of singleton bean 'org.springframework.boot.actuate.autoconfigure.context.properties.ConfigurationPropertiesReportEndpointAutoConfiguration'
?[0m?[0;34m2023-04-07 15:35:22.035 DEBUG 12456 --- [    Test worker] o.s.b.f.s.DefaultListableBeanFactory     : Creating shared instance of singleton bean 'configurationPropertiesReportEndpoint'
?[0m?[0;34m2023-04-07 15:35:22.036 DEBUG 12456 --- [    Test worker] o.s.b.f.s.DefaultListableBeanFactory     : Creating shared instance of singleton bean 'management.endpoint.configprops-org.springframework.boot.actuate.autoconfigure.context.properties.ConfigurationPropertiesReportEndpointProperties'
?[0m?[0;34m2023-04-07 15:35:22.036 DEBUG 12456 --- [    Test worker] o.s.b.f.s.DefaultListableBeanFactory     : Autowiring by type from bean name 'configurationPropertiesReportEndpoint' via factory method to bean named 'management.endpoint.configprops-org.springframework.boot.actuate.autoconfigure.context.properties.ConfigurationPropertiesReportEndpointProperties'
?[0m?[0;34m2023-04-07 15:35:22.037 DEBUG 12456 --- [    Test worker] o.s.b.f.s.DefaultListableBeanFactory     : Creating shared instance of singleton bean 'configurationPropertiesReportEndpointWebExtension'
?[0m?[0;34m2023-04-07 15:35:22.038 DEBUG 12456 --- [    Test worker] o.s.b.f.s.DefaultListableBeanFactory     : Autowiring by type from bean name 'configurationPropertiesReportEndpointWebExtension' via factory method to bean named 'configurationPropertiesReportEndpoint'
?[0m?[0;34m2023-04-07 15:35:22.038 DEBUG 12456 --- [    Test worker] o.s.b.f.s.DefaultListableBeanFactory     : Creating shared instance of singleton bean 'org.springframework.boot.actuate.autoconfigure.endpoint.EndpointAutoConfiguration'
?[0m?[0;34m2023-04-07 15:35:22.039 DEBUG 12456 --- [    Test worker] o.s.b.f.s.DefaultListableBeanFactory     : Creating shared instance of singleton bean 'endpointOperationParameterMapper'
?[0m?[0;34m2023-04-07 15:35:22.039 DEBUG 12456 --- [    Test worker] o.s.b.f.s.DefaultListableBeanFactory     : Creating shared instance of singleton bean 'endpointCachingOperationInvokerAdvisor'
?[0m?[0;34m2023-04-07 15:35:22.040 DEBUG 12456 --- [    Test worker] o.s.b.f.s.DefaultListableBeanFactory     : Autowiring by type from bean name 'endpointCachingOperationInvokerAdvisor' via factory method to bean named 'environment'
?[0m?[0;34m2023-04-07 15:35:22.040 DEBUG 12456 --- [    Test worker] o.s.b.f.s.DefaultListableBeanFactory     : Creating shared instance of singleton bean 'endpointMediaTypes'
?[0m?[0;34m2023-04-07 15:35:22.040 DEBUG 12456 --- [    Test worker] o.s.b.f.s.DefaultListableBeanFactory     : Creating shared instance of singleton bean 'webEndpointDiscoverer'
?[0m?[0;34m2023-04-07 15:35:22.041 DEBUG 12456 --- [    Test worker] o.s.b.f.s.DefaultListableBeanFactory     : Autowiring by type from bean name 'webEndpointDiscoverer' via factory method to bean named 'endpointOperationParameterMapper'
?[0m?[0;34m2023-04-07 15:35:22.041 DEBUG 12456 --- [    Test worker] o.s.b.f.s.DefaultListableBeanFactory     : Autowiring by type from bean name 'webEndpointDiscoverer' via factory method to bean named 'endpointMediaTypes'
?[0m?[0;34m2023-04-07 15:35:22.043 DEBUG 12456 --- [    Test worker] o.s.b.f.s.DefaultListableBeanFactory     : Creating shared instance of singleton bean 'webExposeExcludePropertyEndpointFilter'
?[0m?[0;34m2023-04-07 15:35:22.043 DEBUG 12456 --- [    Test worker] o.s.b.f.s.DefaultListableBeanFactory     : Creating shared instance of singleton bean 'controllerEndpointDiscoverer'
?[0m?[0;34m2023-04-07 15:35:22.044 DEBUG 12456 --- [    Test worker] o.s.b.f.s.DefaultListableBeanFactory     : Creating shared instance of singleton bean 'controllerExposeExcludePropertyEndpointFilter'
?[0m?[0;34m2023-04-07 15:35:22.044 DEBUG 12456 --- [    Test worker] o.s.b.f.s.DefaultListableBeanFactory     : Creating shared instance of singleton bean 'pathMappedEndpoints'
?[0m?[0;34m2023-04-07 15:35:22.045 DEBUG 12456 --- [    Test worker] o.s.b.f.s.DefaultListableBeanFactory     : Autowiring by type from bean name 'pathMappedEndpoints' via factory method to bean named 'servletEndpointDiscoverer'
?[0m?[0;34m2023-04-07 15:35:22.045 DEBUG 12456 --- [    Test worker] o.s.b.f.s.DefaultListableBeanFactory     : Autowiring by type from bean name 'pathMappedEndpoints' via factory method to bean named 'webEndpointDiscoverer'
?[0m?[0;34m2023-04-07 15:35:22.045 DEBUG 12456 --- [    Test worker] o.s.b.f.s.DefaultListableBeanFactory     : Autowiring by type from bean name 'pathMappedEndpoints' via factory method to bean named 'controllerEndpointDiscoverer'
?[0m?[0;34m2023-04-07 15:35:22.051 DEBUG 12456 --- [    Test worker] o.s.b.f.s.DefaultListableBeanFactory     : Creating shared instance of singleton bean 'environmentEndpoint'
?[0m?[0;34m2023-04-07 15:35:22.051 DEBUG 12456 --- [    Test worker] o.s.b.f.s.DefaultListableBeanFactory     : Creating shared instance of singleton bean 'org.springframework.boot.actuate.autoconfigure.env.EnvironmentEndpointAutoConfiguration'
?[0m?[0;34m2023-04-07 15:35:22.052 DEBUG 12456 --- [    Test worker] o.s.b.f.s.DefaultListableBeanFactory     : Creating shared instance of singleton bean 'management.endpoint.env-org.springframework.boot.actuate.autoconfigure.env.EnvironmentEndpointProperties'
?[0m?[0;34m2023-04-07 15:35:22.052 DEBUG 12456 --- [    Test worker] o.s.b.f.s.DefaultListableBeanFactory     : Autowiring by type from bean name 'environmentEndpoint' via factory method to bean named 'environment'
?[0m?[0;34m2023-04-07 15:35:22.052 DEBUG 12456 --- [    Test worker] o.s.b.f.s.DefaultListableBeanFactory     : Autowiring by type from bean name 'environmentEndpoint' via factory method to bean named 'management.endpoint.env-org.springframework.boot.actuate.autoconfigure.env.EnvironmentEndpointProperties'
?[0m?[0;34m2023-04-07 15:35:22.057 DEBUG 12456 --- [    Test worker] o.s.b.f.s.DefaultListableBeanFactory     : Creating shared instance of singleton bean 'environmentEndpointWebExtension'
?[0m?[0;34m2023-04-07 15:35:22.058 DEBUG 12456 --- [    Test worker] o.s.b.f.s.DefaultListableBeanFactory     : Autowiring by type from bean name 'environmentEndpointWebExtension' via factory method to bean named 'environmentEndpoint'
?[0m?[0;34m2023-04-07 15:35:22.058 DEBUG 12456 --- [    Test worker] o.s.b.f.s.DefaultListableBeanFactory     : Creating shared instance of singleton bean 'logFileWebEndpoint'
?[0m?[0;34m2023-04-07 15:35:22.058 DEBUG 12456 --- [    Test worker] o.s.b.f.s.DefaultListableBeanFactory     : Creating shared instance of singleton bean 'org.springframework.boot.actuate.autoconfigure.logging.LogFileWebEndpointAutoConfiguration'
?[0m?[0;34m2023-04-07 15:35:22.059 DEBUG 12456 --- [    Test worker] o.s.b.f.s.DefaultListableBeanFactory     : Creating shared instance of singleton bean 'management.endpoint.logfile-org.springframework.boot.actuate.autoconfigure.logging.LogFileWebEndpointProperties'
?[0m?[0;34m2023-04-07 15:35:22.060 DEBUG 12456 --- [    Test worker] o.s.b.f.s.DefaultListableBeanFactory     : Autowiring by type from bean name 'logFileWebEndpoint' via factory method to bean named 'management.endpoint.logfile-org.springframework.boot.actuate.autoconfigure.logging.LogFileWebEndpointProperties'
?[0m?[0;34m2023-04-07 15:35:22.061 DEBUG 12456 --- [    Test worker] o.s.b.f.s.DefaultListableBeanFactory     : Creating shared instance of singleton bean 'loggersEndpoint'
?[0m?[0;34m2023-04-07 15:35:22.062 DEBUG 12456 --- [    Test worker] o.s.b.f.s.DefaultListableBeanFactory     : Creating shared instance of singleton bean 'org.springframework.boot.actuate.autoconfigure.logging.LoggersEndpointAutoConfiguration'
?[0m?[0;34m2023-04-07 15:35:22.062 DEBUG 12456 --- [    Test worker] o.s.b.f.s.DefaultListableBeanFactory     : Autowiring by type from bean name 'loggersEndpoint' via factory method to bean named 'springBootLoggingSystem'
?[0m?[0;34m2023-04-07 15:35:22.064 DEBUG 12456 --- [    Test worker] o.s.b.f.s.DefaultListableBeanFactory     : Creating shared instance of singleton bean 'heapDumpWebEndpoint'
?[0m?[0;34m2023-04-07 15:35:22.064 DEBUG 12456 --- [    Test worker] o.s.b.f.s.DefaultListableBeanFactory     : Creating shared instance of singleton bean 'org.springframework.boot.actuate.autoconfigure.management.HeapDumpWebEndpointAutoConfiguration'
?[0m?[0;34m2023-04-07 15:35:22.065 DEBUG 12456 --- [    Test worker] o.s.b.f.s.DefaultListableBeanFactory     : Creating shared instance of singleton bean 'dumpEndpoint'
?[0m?[0;34m2023-04-07 15:35:22.065 DEBUG 12456 --- [    Test worker] o.s.b.f.s.DefaultListableBeanFactory     : Creating shared instance of singleton bean 'org.springframework.boot.actuate.autoconfigure.management.ThreadDumpEndpointAutoConfiguration'
?[0m?[0;34m2023-04-07 15:35:22.066 DEBUG 12456 --- [    Test worker] o.s.b.f.s.DefaultListableBeanFactory     : Creating shared instance of singleton bean 'metricsEndpoint'
?[0m?[0;34m2023-04-07 15:35:22.067 DEBUG 12456 --- [    Test worker] o.s.b.f.s.DefaultListableBeanFactory     : Creating shared instance of singleton bean 'org.springframework.boot.actuate.autoconfigure.metrics.MetricsEndpointAutoConfiguration'
?[0m?[0;34m2023-04-07 15:35:22.067 DEBUG 12456 --- [    Test worker] o.s.b.f.s.DefaultListableBeanFactory     : Autowiring by type from bean name 'metricsEndpoint' via factory method to bean named 'simpleMeterRegistry'
?[0m?[0;34m2023-04-07 15:35:22.068 DEBUG 12456 --- [    Test worker] o.s.b.f.s.DefaultListableBeanFactory     : Creating shared instance of singleton bean 'scheduledTasksEndpoint'
?[0m?[0;34m2023-04-07 15:35:22.068 DEBUG 12456 --- [    Test worker] o.s.b.f.s.DefaultListableBeanFactory     : Creating shared instance of singleton bean 'org.springframework.boot.actuate.autoconfigure.scheduling.ScheduledTasksEndpointAutoConfiguration'
?[0m?[0;34m2023-04-07 15:35:22.070 DEBUG 12456 --- [    Test worker] o.s.b.f.s.DefaultListableBeanFactory     : Creating shared instance of singleton bean 'mappingsEndpoint'
?[0m?[0;34m2023-04-07 15:35:22.070 DEBUG 12456 --- [    Test worker] o.s.b.f.s.DefaultListableBeanFactory     : Creating shared instance of singleton bean 'org.springframework.boot.actuate.autoconfigure.web.mappings.MappingsEndpointAutoConfiguration'
?[0m?[0;34m2023-04-07 15:35:22.070 DEBUG 12456 --- [    Test worker] o.s.b.f.s.DefaultListableBeanFactory     : Autowiring by type from bean name 'mappingsEndpoint' via factory method to bean named 'org.springframework.boot.web.servlet.context.AnnotationConfigServletWebServerApplicationContext@37596b44'
?[0m?[0;34m2023-04-07 15:35:22.071 DEBUG 12456 --- [    Test worker] o.s.b.f.s.DefaultListableBeanFactory     : Creating shared instance of singleton bean 'dispatcherServletMappingDescriptionProvider'
?[0m?[0;34m2023-04-07 15:35:22.071 DEBUG 12456 --- [    Test worker] o.s.b.f.s.DefaultListableBeanFactory     : Creating shared instance of singleton bean 'org.springframework.boot.actuate.autoconfigure.web.mappings.MappingsEndpointAutoConfiguration$ServletWebConfiguration$SpringMvcConfiguration'
?[0m?[0;34m2023-04-07 15:35:22.071 DEBUG 12456 --- [    Test worker] o.s.b.f.s.DefaultListableBeanFactory     : Creating shared instance of singleton bean 'servletMappingDescriptionProvider'
?[0m?[0;34m2023-04-07 15:35:22.071 DEBUG 12456 --- [    Test worker] o.s.b.f.s.DefaultListableBeanFactory     : Creating shared instance of singleton bean 'org.springframework.boot.actuate.autoconfigure.web.mappings.MappingsEndpointAutoConfiguration$ServletWebConfiguration'
?[0m?[0;34m2023-04-07 15:35:22.072 DEBUG 12456 --- [    Test worker] o.s.b.f.s.DefaultListableBeanFactory     : Creating shared instance of singleton bean 'filterMappingDescriptionProvider'
?[0m?[0;34m2023-04-07 15:35:22.076 DEBUG 12456 --- [    Test worker] o.s.b.f.s.DefaultListableBeanFactory     : Creating shared instance of singleton bean 'org.springframework.boot.actuate.autoconfigure.metrics.CompositeMeterRegistryAutoConfiguration'
?[0m?[0;34m2023-04-07 15:35:22.077 DEBUG 12456 --- [    Test worker] o.s.b.f.s.DefaultListableBeanFactory     : Creating shared instance of singleton bean 'org.springframework.boot.actuate.autoconfigure.metrics.integration.IntegrationMetricsAutoConfiguration'
?[0m?[0;34m2023-04-07 15:35:22.077 DEBUG 12456 --- [    Test worker] o.s.b.f.s.DefaultListableBeanFactory     : Creating shared instance of singleton bean 'org.springframework.boot.actuate.autoconfigure.metrics.jdbc.DataSourcePoolMetricsAutoConfiguration$HikariDataSourceMetricsConfiguration'
?[0m?[0;34m2023-04-07 15:35:22.078 DEBUG 12456 --- [    Test worker] o.s.b.f.s.DefaultListableBeanFactory     : Autowiring by type from bean name 'org.springframework.boot.actuate.autoconfigure.metrics.jdbc.DataSourcePoolMetricsAutoConfiguration$HikariDataSourceMetricsConfiguration' via constructor to bean named 'simpleMeterRegistry'
?[0m?[0;34m2023-04-07 15:35:22.079 DEBUG 12456 --- [    Test worker] o.s.b.f.s.DefaultListableBeanFactory     : Creating shared instance of singleton bean 'org.springframework.boot.actuate.autoconfigure.metrics.jdbc.DataSourcePoolMetricsAutoConfiguration$DataSourcePoolMetadataMetricsConfiguration'
?[0m?[0;34m2023-04-07 15:35:22.081 DEBUG 12456 --- [    Test worker] o.s.b.f.s.DefaultListableBeanFactory     : Creating shared instance of singleton bean 'org.springframework.boot.actuate.autoconfigure.metrics.jdbc.DataSourcePoolMetricsAutoConfiguration'
?[0m?[0;34m2023-04-07 15:35:22.081 DEBUG 12456 --- [    Test worker] o.s.b.f.s.DefaultListableBeanFactory     : Creating shared instance of singleton bean 'org.springframework.boot.autoconfigure.gson.GsonAutoConfiguration'
?[0m?[0;34m2023-04-07 15:35:22.081 DEBUG 12456 --- [    Test worker] o.s.b.f.s.DefaultListableBeanFactory     : Creating shared instance of singleton bean 'gsonBuilder'
?[0m?[0;34m2023-04-07 15:35:22.082 DEBUG 12456 --- [    Test worker] o.s.b.f.s.DefaultListableBeanFactory     : Creating shared instance of singleton bean 'standardGsonBuilderCustomizer'
?[0m?[0;34m2023-04-07 15:35:22.083 DEBUG 12456 --- [    Test worker] o.s.b.f.s.DefaultListableBeanFactory     : Creating shared instance of singleton bean 'spring.gson-org.springframework.boot.autoconfigure.gson.GsonProperties'
?[0m?[0;34m2023-04-07 15:35:22.084 DEBUG 12456 --- [    Test worker] o.s.b.f.s.DefaultListableBeanFactory     : Autowiring by type from bean name 'standardGsonBuilderCustomizer' via factory method to bean named 'spring.gson-org.springframework.boot.autoconfigure.gson.GsonProperties'
?[0m?[0;34m2023-04-07 15:35:22.085 DEBUG 12456 --- [    Test worker] o.s.b.f.s.DefaultListableBeanFactory     : Autowiring by type from bean name 'gsonBuilder' via factory method to bean named 'standardGsonBuilderCustomizer'
?[0m?[0;34m2023-04-07 15:35:22.085 DEBUG 12456 --- [    Test worker] o.s.b.f.s.DefaultListableBeanFactory     : Creating shared instance of singleton bean 'gson'
?[0m?[0;34m2023-04-07 15:35:22.086 DEBUG 12456 --- [    Test worker] o.s.b.f.s.DefaultListableBeanFactory     : Autowiring by type from bean name 'gson' via factory method to bean named 'gsonBuilder'
?[0m?[0;34m2023-04-07 15:35:22.086 DEBUG 12456 --- [    Test worker] o.s.b.f.s.DefaultListableBeanFactory     : Creating shared instance of singleton bean 'org.springframework.boot.autoconfigure.http.JacksonHttpMessageConvertersConfiguration'
?[0m?[0;34m2023-04-07 15:35:22.087 DEBUG 12456 --- [    Test worker] o.s.b.f.s.DefaultListableBeanFactory     : Creating shared instance of singleton bean 'org.springframework.boot.autoconfigure.http.GsonHttpMessageConvertersConfiguration'
?[0m?[0;34m2023-04-07 15:35:22.087 DEBUG 12456 --- [    Test worker] o.s.b.f.s.DefaultListableBeanFactory     : Creating shared instance of singleton bean 'org.springframework.boot.autoconfigure.web.client.RestTemplateAutoConfiguration'
?[0m?[0;34m2023-04-07 15:35:22.087 DEBUG 12456 --- [    Test worker] o.s.b.f.s.DefaultListableBeanFactory     : Creating shared instance of singleton bean 'org.springframework.boot.actuate.autoconfigure.metrics.web.client.RestTemplateMetricsConfiguration'
?[0m?[0;34m2023-04-07 15:35:22.087 DEBUG 12456 --- [    Test worker] o.s.b.f.s.DefaultListableBeanFactory     : Creating shared instance of singleton bean 'restTemplateExchangeTagsProvider'
?[0m?[0;34m2023-04-07 15:35:22.088 DEBUG 12456 --- [    Test worker] o.s.b.f.s.DefaultListableBeanFactory     : Creating shared instance of singleton bean 'metricsRestTemplateCustomizer'
?[0m?[0;34m2023-04-07 15:35:22.088 DEBUG 12456 --- [    Test worker] o.s.b.f.s.DefaultListableBeanFactory     : Autowiring by type from bean name 'metricsRestTemplateCustomizer' via factory method to bean named 'simpleMeterRegistry'
?[0m?[0;34m2023-04-07 15:35:22.088 DEBUG 12456 --- [    Test worker] o.s.b.f.s.DefaultListableBeanFactory     : Autowiring by type from bean name 'metricsRestTemplateCustomizer' via factory method to bean named 'restTemplateExchangeTagsProvider'
?[0m?[0;34m2023-04-07 15:35:22.089 DEBUG 12456 --- [    Test worker] o.s.b.f.s.DefaultListableBeanFactory     : Autowiring by type from bean name 'metricsRestTemplateCustomizer' via factory method to bean named 'management.metrics-org.springframework.boot.actuate.autoconfigure.metrics.MetricsProperties'
?[0m?[0;34m2023-04-07 15:35:22.089 DEBUG 12456 --- [    Test worker] o.s.b.f.s.DefaultListableBeanFactory     : Creating shared instance of singleton bean 'org.springframework.boot.actuate.autoconfigure.metrics.web.tomcat.TomcatMetricsAutoConfiguration'
?[0m?[0;34m2023-04-07 15:35:22.089 DEBUG 12456 --- [    Test worker] o.s.b.f.s.DefaultListableBeanFactory     : Creating shared instance of singleton bean 'tomcatMetricsBinder'
?[0m?[0;34m2023-04-07 15:35:22.090 DEBUG 12456 --- [    Test worker] o.s.b.f.s.DefaultListableBeanFactory     : Autowiring by type from bean name 'tomcatMetricsBinder' via factory method to bean named 'simpleMeterRegistry'
?[0m?[0;34m2023-04-07 15:35:22.090 DEBUG 12456 --- [    Test worker] o.s.b.f.s.DefaultListableBeanFactory     : Creating shared instance of singleton bean 'org.springframework.boot.actuate.autoconfigure.trace.http.HttpTraceEndpointAutoConfiguration'
?[0m?[0;34m2023-04-07 15:35:22.090 DEBUG 12456 --- [    Test worker] o.s.b.f.s.DefaultListableBeanFactory     : Creating shared instance of singleton bean 'org.springframework.boot.autoconfigure.aop.AopAutoConfiguration$AspectJAutoProxyingConfiguration$CglibAutoProxyConfiguration'
?[0m?[0;34m2023-04-07 15:35:22.090 DEBUG 12456 --- [    Test worker] o.s.b.f.s.DefaultListableBeanFactory     : Creating shared instance of singleton bean 'org.springframework.boot.autoconfigure.aop.AopAutoConfiguration$AspectJAutoProxyingConfiguration'
?[0m?[0;34m2023-04-07 15:35:22.091 DEBUG 12456 --- [    Test worker] o.s.b.f.s.DefaultListableBeanFactory     : Creating shared instance of singleton bean 'org.springframework.boot.autoconfigure.aop.AopAutoConfiguration'
?[0m?[0;34m2023-04-07 15:35:22.091 DEBUG 12456 --- [    Test worker] o.s.b.f.s.DefaultListableBeanFactory     : Creating shared instance of singleton bean 'org.springframework.boot.autoconfigure.context.ConfigurationPropertiesAutoConfiguration'
?[0m?[0;34m2023-04-07 15:35:22.091 DEBUG 12456 --- [    Test worker] o.s.b.f.s.DefaultListableBeanFactory     : Creating shared instance of singleton bean 'org.springframework.boot.autoconfigure.context.LifecycleAutoConfiguration'
?[0m?[0;34m2023-04-07 15:35:22.092 DEBUG 12456 --- [    Test worker] o.s.b.f.s.DefaultListableBeanFactory     : Creating shared instance of singleton bean 'lifecycleProcessor'
?[0m?[0;34m2023-04-07 15:35:22.092 DEBUG 12456 --- [    Test worker] o.s.b.f.s.DefaultListableBeanFactory     : Creating shared instance of singleton bean 'spring.lifecycle-org.springframework.boot.autoconfigure.context.LifecycleProperties'
?[0m?[0;34m2023-04-07 15:35:22.093 DEBUG 12456 --- [    Test worker] o.s.b.f.s.DefaultListableBeanFactory     : Autowiring by type from bean name 'lifecycleProcessor' via factory method to bean named 'spring.lifecycle-org.springframework.boot.autoconfigure.context.LifecycleProperties'
?[0m?[0;34m2023-04-07 15:35:22.094 DEBUG 12456 --- [    Test worker] o.s.b.f.s.DefaultListableBeanFactory     : Creating shared instance of singleton bean 'org.springframework.boot.autoconfigure.dao.PersistenceExceptionTranslationAutoConfiguration'
?[0m?[0;34m2023-04-07 15:35:22.094 DEBUG 12456 --- [    Test worker] o.s.b.f.s.DefaultListableBeanFactory     : Creating shared instance of singleton bean 'org.springframework.boot.autoconfigure.data.jpa.JpaRepositoriesAutoConfiguration'
?[0m?[0;34m2023-04-07 15:35:22.095 DEBUG 12456 --- [    Test worker] o.s.b.f.s.DefaultListableBeanFactory     : Creating shared instance of singleton bean 'org.springframework.data.jpa.util.JpaMetamodelCacheCleanup'
?[0m?[0;34m2023-04-07 15:35:22.095 DEBUG 12456 --- [    Test worker] o.s.b.f.s.DefaultListableBeanFactory     : Creating shared instance of singleton bean 'org.springframework.data.jpa.repository.support.JpaEvaluationContextExtension'
?[0m?[0;34m2023-04-07 15:35:22.095 DEBUG 12456 --- [    Test worker] o.s.b.f.s.DefaultListableBeanFactory     : Creating shared instance of singleton bean 'org.springframework.data.web.config.ProjectingArgumentResolverRegistrar'
?[0m?[0;34m2023-04-07 15:35:22.096 DEBUG 12456 --- [    Test worker] o.s.b.f.s.DefaultListableBeanFactory     : Creating shared instance of singleton bean 'org.springframework.boot.autoconfigure.jdbc.JdbcTemplateConfiguration'
?[0m?[0;34m2023-04-07 15:35:22.096 DEBUG 12456 --- [    Test worker] o.s.b.f.s.DefaultListableBeanFactory     : Creating shared instance of singleton bean 'jdbcTemplate'
?[0m?[0;34m2023-04-07 15:35:22.097 DEBUG 12456 --- [    Test worker] o.s.b.f.s.DefaultListableBeanFactory     : Creating shared instance of singleton bean 'spring.jdbc-org.springframework.boot.autoconfigure.jdbc.JdbcProperties'
?[0m?[0;34m2023-04-07 15:35:22.097 DEBUG 12456 --- [    Test worker] o.s.b.f.s.DefaultListableBeanFactory     : Autowiring by type from bean name 'jdbcTemplate' via factory method to bean named 'dataSource'
?[0m?[0;34m2023-04-07 15:35:22.097 DEBUG 12456 --- [    Test worker] o.s.b.f.s.DefaultListableBeanFactory     : Autowiring by type from bean name 'jdbcTemplate' via factory method to bean named 'spring.jdbc-org.springframework.boot.autoconfigure.jdbc.JdbcProperties'
?[0m?[0;34m2023-04-07 15:35:22.099 DEBUG 12456 --- [    Test worker] o.s.b.f.s.DefaultListableBeanFactory     : Creating shared instance of singleton bean 'org.springframework.boot.autoconfigure.jdbc.NamedParameterJdbcTemplateConfiguration'
?[0m?[0;34m2023-04-07 15:35:22.099 DEBUG 12456 --- [    Test worker] o.s.b.f.s.DefaultListableBeanFactory     : Creating shared instance of singleton bean 'namedParameterJdbcTemplate'
?[0m?[0;34m2023-04-07 15:35:22.100 DEBUG 12456 --- [    Test worker] o.s.b.f.s.DefaultListableBeanFactory     : Autowiring by type from bean name 'namedParameterJdbcTemplate' via factory method to bean named 'jdbcTemplate'
?[0m?[0;34m2023-04-07 15:35:22.101 DEBUG 12456 --- [    Test worker] o.s.b.f.s.DefaultListableBeanFactory     : Creating shared instance of singleton bean 'org.springframework.boot.autoconfigure.jdbc.JdbcTemplateAutoConfiguration'
?[0m?[0;34m2023-04-07 15:35:22.101 DEBUG 12456 --- [    Test worker] o.s.b.f.s.DefaultListableBeanFactory     : Creating shared instance of singleton bean 'org.springframework.security.config.annotation.web.configuration.WebSecurityConfiguration'
?[0m?[0;34m2023-04-07 15:35:22.105 DEBUG 12456 --- [    Test worker] o.s.b.f.s.DefaultListableBeanFactory     : Creating shared instance of singleton bean 'autowiredWebSecurityConfigurersIgnoreParents'
?[0m?[0;34m2023-04-07 15:35:22.106 DEBUG 12456 --- [    Test worker] o.s.b.f.s.DefaultListableBeanFactory     : Autowiring by type from bean name 'autowiredWebSecurityConfigurersIgnoreParents' via factory method to bean named 'org.springframework.beans.factory.support.DefaultListableBeanFactory@3284f91f'
?[0m?[0;34m2023-04-07 15:35:22.110 DEBUG 12456 --- [    Test worker] o.s.b.f.s.DefaultListableBeanFactory     : Creating shared instance of singleton bean 'delegatingApplicationListener'
?[0m?[0;34m2023-04-07 15:35:22.110 DEBUG 12456 --- [    Test worker] o.s.b.f.s.DefaultListableBeanFactory     : Creating shared instance of singleton bean 'springSecurityFilterChain'
?[0m?[0;34m2023-04-07 15:35:22.111 DEBUG 12456 --- [    Test worker] o.s.b.f.s.DefaultListableBeanFactory     : Creating shared instance of singleton bean 'webSecurityExpressionHandler'
?[0m?[0;34m2023-04-07 15:35:22.111 DEBUG 12456 --- [    Test worker] o.s.b.f.s.DefaultListableBeanFactory     : Creating shared instance of singleton bean 'privilegeEvaluator'
?[0m?[0;34m2023-04-07 15:35:22.112 DEBUG 12456 --- [    Test worker] o.s.b.f.s.DefaultListableBeanFactory     : Creating shared instance of singleton bean 'requestDataValueProcessor'
?[0m?[0;34m2023-04-07 15:35:22.112 DEBUG 12456 --- [    Test worker] o.s.b.f.s.DefaultListableBeanFactory     : Creating shared instance of singleton bean 'org.springframework.boot.autoconfigure.sql.init.SqlInitializationAutoConfiguration'
?[0m?[0;34m2023-04-07 15:35:22.113 DEBUG 12456 --- [    Test worker] o.s.b.f.s.DefaultListableBeanFactory     : Creating shared instance of singleton bean 'org.springframework.boot.autoconfigure.task.TaskSchedulingAutoConfiguration'
?[0m?[0;34m2023-04-07 15:35:22.113 DEBUG 12456 --- [    Test worker] o.s.b.f.s.DefaultListableBeanFactory     : Creating shared instance of singleton bean 'scheduledBeanLazyInitializationExcludeFilter'
?[0m?[0;34m2023-04-07 15:35:22.114 DEBUG 12456 --- [    Test worker] o.s.b.f.s.DefaultListableBeanFactory     : Creating shared instance of singleton bean 'taskSchedulerBuilder'
?[0m?[0;34m2023-04-07 15:35:22.115 DEBUG 12456 --- [    Test worker] o.s.b.f.s.DefaultListableBeanFactory     : Creating shared instance of singleton bean 'spring.task.scheduling-org.springframework.boot.autoconfigure.task.TaskSchedulingProperties'
?[0m?[0;34m2023-04-07 15:35:22.116 DEBUG 12456 --- [    Test worker] o.s.b.f.s.DefaultListableBeanFactory     : Autowiring by type from bean name 'taskSchedulerBuilder' via factory method to bean named 'spring.task.scheduling-org.springframework.boot.autoconfigure.task.TaskSchedulingProperties'
?[0m?[0;34m2023-04-07 15:35:22.118 DEBUG 12456 --- [    Test worker] o.s.b.f.s.DefaultListableBeanFactory     : Creating shared instance of singleton bean 'org.springframework.boot.autoconfigure.jdbc.DataSourceTransactionManagerAutoConfiguration$JdbcTransactionManagerConfiguration'
?[0m?[0;34m2023-04-07 15:35:22.118 DEBUG 12456 --- [    Test worker] o.s.b.f.s.DefaultListableBeanFactory     : Creating shared instance of singleton bean 'org.springframework.boot.autoconfigure.jdbc.DataSourceTransactionManagerAutoConfiguration'
?[0m?[0;34m2023-04-07 15:35:22.119 DEBUG 12456 --- [    Test worker] o.s.b.f.s.DefaultListableBeanFactory     : Creating shared instance of singleton bean 'org.springframework.boot.autoconfigure.transaction.TransactionAutoConfiguration$EnableTransactionManagementConfiguration$CglibAutoProxyConfiguration'
?[0m?[0;34m2023-04-07 15:35:22.119 DEBUG 12456 --- [    Test worker] o.s.b.f.s.DefaultListableBeanFactory     : Creating shared instance of singleton bean 'org.springframework.boot.autoconfigure.transaction.TransactionAutoConfiguration$EnableTransactionManagementConfiguration'
?[0m?[0;34m2023-04-07 15:35:22.119 DEBUG 12456 --- [    Test worker] o.s.b.f.s.DefaultListableBeanFactory     : Creating shared instance of singleton bean 'org.springframework.boot.autoconfigure.transaction.TransactionAutoConfiguration$TransactionTemplateConfiguration'
?[0m?[0;34m2023-04-07 15:35:22.120 DEBUG 12456 --- [    Test worker] o.s.b.f.s.DefaultListableBeanFactory     : Creating shared instance of singleton bean 'transactionTemplate'
?[0m?[0;34m2023-04-07 15:35:22.121 DEBUG 12456 --- [    Test worker] o.s.b.f.s.DefaultListableBeanFactory     : Autowiring by type from bean name 'transactionTemplate' via factory method to bean named 'transactionManager'
?[0m?[0;34m2023-04-07 15:35:22.122 DEBUG 12456 --- [    Test worker] o.s.b.f.s.DefaultListableBeanFactory     : Creating shared instance of singleton bean 'org.springframework.boot.autoconfigure.web.embedded.EmbeddedWebServerFactoryCustomizerAutoConfiguration'
?[0m?[0;34m2023-04-07 15:35:22.122 DEBUG 12456 --- [    Test worker] o.s.b.f.s.DefaultListableBeanFactory     : Creating shared instance of singleton bean 'multipartResolver'
?[0m?[0;34m2023-04-07 15:35:22.123 DEBUG 12456 --- [    Test worker] o.s.b.f.s.DefaultListableBeanFactory     : Creating shared instance of singleton bean 'org.springframework.boot.actuate.autoconfigure.endpoint.web.servlet.WebMvcEndpointManagementContextConfiguration'
?[0m?[0;34m2023-04-07 15:35:22.123 DEBUG 12456 --- [    Test worker] o.s.b.f.s.DefaultListableBeanFactory     : Creating shared instance of singleton bean 'webEndpointServletHandlerMapping'
?[0m?[0;34m2023-04-07 15:35:22.125 DEBUG 12456 --- [    Test worker] o.s.b.f.s.DefaultListableBeanFactory     : Creating shared instance of singleton bean 'management.endpoints.web.cors-org.springframework.boot.actuate.autoconfigure.endpoint.web.CorsEndpointProperties'
?[0m?[0;34m2023-04-07 15:35:22.127 DEBUG 12456 --- [    Test worker] o.s.b.f.s.DefaultListableBeanFactory     : Autowiring by type from bean name 'webEndpointServletHandlerMapping' via factory method to bean named 'webEndpointDiscoverer'
?[0m?[0;34m2023-04-07 15:35:22.128 DEBUG 12456 --- [    Test worker] o.s.b.f.s.DefaultListableBeanFactory     : Autowiring by type from bean name 'webEndpointServletHandlerMapping' via factory method to bean named 'servletEndpointDiscoverer'
?[0m?[0;34m2023-04-07 15:35:22.128 DEBUG 12456 --- [    Test worker] o.s.b.f.s.DefaultListableBeanFactory     : Autowiring by type from bean name 'webEndpointServletHandlerMapping' via factory method to bean named 'controllerEndpointDiscoverer'
?[0m?[0;34m2023-04-07 15:35:22.128 DEBUG 12456 --- [    Test worker] o.s.b.f.s.DefaultListableBeanFactory     : Autowiring by type from bean name 'webEndpointServletHandlerMapping' via factory method to bean named 'endpointMediaTypes'
?[0m?[0;34m2023-04-07 15:35:22.128 DEBUG 12456 --- [    Test worker] o.s.b.f.s.DefaultListableBeanFactory     : Autowiring by type from bean name 'webEndpointServletHandlerMapping' via factory method to bean named 'management.endpoints.web.cors-org.springframework.boot.actuate.autoconfigure.endpoint.web.CorsEndpointProperties'
?[0m?[0;34m2023-04-07 15:35:22.128 DEBUG 12456 --- [    Test worker] o.s.b.f.s.DefaultListableBeanFactory     : Autowiring by type from bean name 'webEndpointServletHandlerMapping' via factory method to bean named 'management.endpoints.web-org.springframework.boot.actuate.autoconfigure.endpoint.web.WebEndpointProperties'
?[0m?[0;34m2023-04-07 15:35:22.128 DEBUG 12456 --- [    Test worker] o.s.b.f.s.DefaultListableBeanFactory     : Autowiring by type from bean name 'webEndpointServletHandlerMapping' via factory method to bean named 'environment'
?[0m?[0;34m2023-04-07 15:35:22.128  INFO 12456 --- [    Test worker] o.s.b.a.e.web.EndpointLinksResolver      : Exposing 15 endpoint(s) beneath base path '/actuator'
?[0m?[0;34m2023-04-07 15:35:22.131 DEBUG 12456 --- [    Test worker] o.s.b.f.s.DefaultListableBeanFactory     : Creating shared instance of singleton bean 'controllerEndpointHandlerMapping'
?[0m?[0;34m2023-04-07 15:35:22.132 DEBUG 12456 --- [    Test worker] o.s.b.f.s.DefaultListableBeanFactory     : Autowiring by type from bean name 'controllerEndpointHandlerMapping' via factory method to bean named 'controllerEndpointDiscoverer'
?[0m?[0;34m2023-04-07 15:35:22.132 DEBUG 12456 --- [    Test worker] o.s.b.f.s.DefaultListableBeanFactory     : Autowiring by type from bean name 'controllerEndpointHandlerMapping' via factory method to bean named 'management.endpoints.web.cors-org.springframework.boot.actuate.autoconfigure.endpoint.web.CorsEndpointProperties'
?[0m?[0;34m2023-04-07 15:35:22.132 DEBUG 12456 --- [    Test worker] o.s.b.f.s.DefaultListableBeanFactory     : Autowiring by type from bean name 'controllerEndpointHandlerMapping' via factory method to bean named 'management.endpoints.web-org.springframework.boot.actuate.autoconfigure.endpoint.web.WebEndpointProperties'
?[0m?[0;34m2023-04-07 15:35:22.133 DEBUG 12456 --- [    Test worker] o.s.b.f.s.DefaultListableBeanFactory     : Creating shared instance of singleton bean 'org.springframework.boot.actuate.autoconfigure.security.servlet.SecurityRequestMatchersManagementContextConfiguration$MvcRequestMatcherConfiguration'
?[0m?[0;34m2023-04-07 15:35:22.134 DEBUG 12456 --- [    Test worker] o.s.b.f.s.DefaultListableBeanFactory     : Creating shared instance of singleton bean 'requestMatcherProvider'
?[0m?[0;34m2023-04-07 15:35:22.134 DEBUG 12456 --- [    Test worker] o.s.b.f.s.DefaultListableBeanFactory     : Autowiring by type from bean name 'requestMatcherProvider' via factory method to bean named 'dispatcherServletRegistration'
?[0m?[0;34m2023-04-07 15:35:22.134 DEBUG 12456 --- [    Test worker] o.s.b.f.s.DefaultListableBeanFactory     : Creating shared instance of singleton bean 'org.springframework.boot.actuate.autoconfigure.security.servlet.SecurityRequestMatchersManagementContextConfiguration'
?[0m?[0;34m2023-04-07 15:35:22.135 DEBUG 12456 --- [    Test worker] o.s.b.f.s.DefaultListableBeanFactory     : Creating shared instance of singleton bean 'org.springframework.boot.actuate.autoconfigure.web.server.ManagementContextAutoConfiguration$SameManagementContextConfiguration$EnableSameManagementContextConfiguration'
?[0m?[0;34m2023-04-07 15:35:22.135 DEBUG 12456 --- [    Test worker] o.s.b.f.s.DefaultListableBeanFactory     : Creating shared instance of singleton bean 'org.springframework.boot.actuate.autoconfigure.web.server.ManagementContextAutoConfiguration$SameManagementContextConfiguration'
?[0m?[0;34m2023-04-07 15:35:22.135 DEBUG 12456 --- [    Test worker] o.s.b.f.s.DefaultListableBeanFactory     : Autowiring by type from bean name 'org.springframework.boot.actuate.autoconfigure.web.server.ManagementContextAutoConfiguration$SameManagementContextConfiguration' via constructor to bean named 'environment'
?[0m?[0;34m2023-04-07 15:35:22.137 DEBUG 12456 --- [    Test worker] o.s.b.f.s.DefaultListableBeanFactory     : Creating shared instance of singleton bean 'org.springframework.boot.actuate.autoconfigure.web.server.ManagementContextAutoConfiguration'
?[0m?[0;34m2023-04-07 15:35:22.137 DEBUG 12456 --- [    Test worker] o.s.b.f.s.DefaultListableBeanFactory     : Creating shared instance of singleton bean 'management.server-org.springframework.boot.actuate.autoconfigure.web.server.ManagementServerProperties'
?[0m?[0;34m2023-04-07 15:35:22.147 DEBUG 12456 --- [    Test worker] o.s.c.support.DefaultLifecycleProcessor  : Starting beans in phase 2147483646
?[0m?[0;34m2023-04-07 15:35:22.150  INFO 12456 --- [    Test worker] o.s.b.w.embedded.tomcat.TomcatWebServer  : Tomcat started on port(s): 8881 (http) with context path ''
?[0m?[0;34m2023-04-07 15:35:22.150 DEBUG 12456 --- [    Test worker] o.s.c.support.DefaultLifecycleProcessor  : Successfully started bean 'webServerStartStop'
?[0m?[0;34m2023-04-07 15:35:22.151 DEBUG 12456 --- [    Test worker] o.s.c.support.DefaultLifecycleProcessor  : Starting beans in phase 2147483647
?[0m?[0;34m2023-04-07 15:35:22.151 DEBUG 12456 --- [    Test worker] o.s.c.support.DefaultLifecycleProcessor  : Successfully started bean 'webServerGracefulShutdown'
?[0m?[0;34m2023-04-07 15:35:22.161 DEBUG 12456 --- [    Test worker] ConditionEvaluationReportLoggingListener : 
?[0m?[0;34m
?[0m?[0;34m
?[0m?[0;34m============================
?[0m?[0;34mCONDITIONS EVALUATION REPORT
?[0m?[0;34m============================
?[0m?[0;34m
?[0m?[0;34m
?[0m?[0;34mPositive matches:
?[0m?[0;34m-----------------
?[0m?[0;34m
?[0m?[0;34m   AopAutoConfiguration matched:
?[0m?[0;34m      - @ConditionalOnProperty (spring.aop.auto=true) matched (OnPropertyCondition)
?[0m?[0;34m
?[0m?[0;34m   AopAutoConfiguration.AspectJAutoProxyingConfiguration matched:
?[0m?[0;34m      - @ConditionalOnClass found required class 'org.aspectj.weaver.Advice' (OnClassCondition)
?[0m?[0;34m
?[0m?[0;34m   AopAutoConfiguration.AspectJAutoProxyingConfiguration.CglibAutoProxyConfiguration matched:
?[0m?[0;34m      - @ConditionalOnProperty (spring.aop.proxy-target-class=true) matched (OnPropertyCondition)
?[0m?[0;34m
?[0m?[0;34m   AuditEventsEndpointAutoConfiguration matched:
?[0m?[0;34m      - @ConditionalOnAvailableEndpoint no property management.endpoint.auditevents.enabled found so using endpoint default; @ConditionalOnAvailableEndpoint marked as exposed by a 'management.endpoints.web.exposure' property (OnAvailableEndpointCondition)
?[0m?[0;34m
?[0m?[0;34m   BeansEndpointAutoConfiguration matched:
?[0m?[0;34m      - @ConditionalOnAvailableEndpoint no property management.endpoint.beans.enabled found so using endpoint default; @ConditionalOnAvailableEndpoint marked as exposed by a 'management.endpoints.web.exposure' property (OnAvailableEndpointCondition)
?[0m?[0;34m
?[0m?[0;34m   BeansEndpointAutoConfiguration#beansEndpoint matched:
?[0m?[0;34m      - @ConditionalOnMissingBean (types: org.springframework.boot.actuate.beans.BeansEndpoint; SearchStrategy: all) did not find any beans (OnBeanCondition)
?[0m?[0;34m
?[0m?[0;34m   CacheMeterBinderProvidersConfiguration matched:
?[0m?[0;34m      - @ConditionalOnClass found required class 'io.micrometer.core.instrument.binder.MeterBinder' (OnClassCondition)
?[0m?[0;34m
?[0m?[0;34m   CachesEndpointAutoConfiguration matched:
?[0m?[0;34m      - @ConditionalOnClass found required class 'org.springframework.cache.CacheManager' (OnClassCondition)
?[0m?[0;34m      - @ConditionalOnAvailableEndpoint no property management.endpoint.caches.enabled found so using endpoint default; @ConditionalOnAvailableEndpoint marked as exposed by a 'management.endpoints.web.exposure' property (OnAvailableEndpointCondition)
?[0m?[0;34m
?[0m?[0;34m   CachesEndpointAutoConfiguration#cachesEndpoint matched:
?[0m?[0;34m      - @ConditionalOnMissingBean (types: org.springframework.boot.actuate.cache.CachesEndpoint; SearchStrategy: all) did not find any beans (OnBeanCondition)
?[0m?[0;34m
?[0m?[0;34m   CachesEndpointAutoConfiguration#cachesEndpointWebExtension matched:
?[0m?[0;34m      - @ConditionalOnBean (types: org.springframework.boot.actuate.cache.CachesEndpoint; SearchStrategy: all) found bean 'cachesEndpoint'; @ConditionalOnMissingBean (types: org.springframework.boot.actuate.cache.CachesEndpointWebExtension; SearchStrategy: all) did not find any beans (OnBeanCondition)
?[0m?[0;34m
?[0m?[0;34m   CompositeMeterRegistryAutoConfiguration matched:
?[0m?[0;34m      - @ConditionalOnClass found required class 'io.micrometer.core.instrument.composite.CompositeMeterRegistry' (OnClassCondition)
?[0m?[0;34m
?[0m?[0;34m   ConditionsReportEndpointAutoConfiguration matched:
?[0m?[0;34m      - @ConditionalOnAvailableEndpoint no property management.endpoint.conditions.enabled found so using endpoint default; @ConditionalOnAvailableEndpoint marked as exposed by a 'management.endpoints.web.exposure' property (OnAvailableEndpointCondition)
?[0m?[0;34m
?[0m?[0;34m   ConditionsReportEndpointAutoConfiguration#conditionsReportEndpoint matched:
?[0m?[0;34m      - @ConditionalOnMissingBean (types: org.springframework.boot.actuate.autoconfigure.condition.ConditionsReportEndpoint; SearchStrategy: current) did not find any beans (OnBeanCondition)
?[0m?[0;34m
?[0m?[0;34m   ConfigurationPropertiesReportEndpointAutoConfiguration matched:
?[0m?[0;34m      - @ConditionalOnAvailableEndpoint no property management.endpoint.configprops.enabled found so using endpoint default; @ConditionalOnAvailableEndpoint marked as exposed by a 'management.endpoints.web.exposure' property (OnAvailableEndpointCondition)
?[0m?[0;34m
?[0m?[0;34m   ConfigurationPropertiesReportEndpointAutoConfiguration#configurationPropertiesReportEndpoint matched:
?[0m?[0;34m      - @ConditionalOnMissingBean (types: org.springframework.boot.actuate.context.properties.ConfigurationPropertiesReportEndpoint; SearchStrategy: all) did not find any beans (OnBeanCondition)
?[0m?[0;34m
?[0m?[0;34m   ConfigurationPropertiesReportEndpointAutoConfiguration#configurationPropertiesReportEndpointWebExtension matched:
?[0m?[0;34m      - @ConditionalOnBean (types: org.springframework.boot.actuate.context.properties.ConfigurationPropertiesReportEndpoint; SearchStrategy: all) found bean 'configurationPropertiesReportEndpoint'; @ConditionalOnMissingBean (types: org.springframework.boot.actuate.context.properties.ConfigurationPropertiesReportEndpointWebExtension; SearchStrategy: all) did not find any beans (OnBeanCondition)
?[0m?[0;34m
?[0m?[0;34m   DataSourceAutoConfiguration matched:
?[0m?[0;34m      - @ConditionalOnClass found required classes 'javax.sql.DataSource', 'org.springframework.jdbc.datasource.embedded.EmbeddedDatabaseType' (OnClassCondition)
?[0m?[0;34m      - @ConditionalOnMissingBean (types: io.r2dbc.spi.ConnectionFactory; SearchStrategy: all) did not find any beans (OnBeanCondition)
?[0m?[0;34m
?[0m?[0;34m   DataSourceAutoConfiguration.PooledDataSourceConfiguration matched:
?[0m?[0;34m      - AnyNestedCondition 1 matched 1 did not; NestedCondition on DataSourceAutoConfiguration.PooledDataSourceCondition.PooledDataSourceAvailable PooledDataSource found supported DataSource; NestedCondition on DataSourceAutoConfiguration.PooledDataSourceCondition.ExplicitType @ConditionalOnProperty (spring.datasource.type) did not find property 'type' (DataSourceAutoConfiguration.PooledDataSourceCondition)
?[0m?[0;34m      - @ConditionalOnMissingBean (types: javax.sql.DataSource,javax.sql.XADataSource; SearchStrategy: all) did not find any beans (OnBeanCondition)
?[0m?[0;34m
?[0m?[0;34m   DataSourceConfiguration.Hikari matched:
?[0m?[0;34m      - @ConditionalOnClass found required class 'com.zaxxer.hikari.HikariDataSource' (OnClassCondition)
?[0m?[0;34m      - @ConditionalOnProperty (spring.datasource.type=com.zaxxer.hikari.HikariDataSource) matched (OnPropertyCondition)
?[0m?[0;34m      - @ConditionalOnMissingBean (types: javax.sql.DataSource; SearchStrategy: all) did not find any beans (OnBeanCondition)
?[0m?[0;34m
?[0m?[0;34m   DataSourceHealthContributorAutoConfiguration matched:
?[0m?[0;34m      - @ConditionalOnClass found required classes 'org.springframework.jdbc.core.JdbcTemplate', 'org.springframework.jdbc.datasource.lookup.AbstractRoutingDataSource' (OnClassCondition)
?[0m?[0;34m      - @ConditionalOnEnabledHealthIndicator management.health.defaults.enabled is considered true (OnEnabledHealthIndicatorCondition)
?[0m?[0;34m      - @ConditionalOnBean (types: javax.sql.DataSource; SearchStrategy: all) found bean 'dataSource' (OnBeanCondition)
?[0m?[0;34m
?[0m?[0;34m   DataSourceHealthContributorAutoConfiguration#dbHealthContributor matched:
?[0m?[0;34m      - @ConditionalOnMissingBean (names: dbHealthIndicator,dbHealthContributor; SearchStrategy: all) did not find any beans (OnBeanCondition)
?[0m?[0;34m
?[0m?[0;34m   DataSourceInitializationConfiguration matched:
?[0m?[0;34m      - @ConditionalOnClass found required class 'org.springframework.jdbc.datasource.init.DatabasePopulator' (OnClassCondition)
?[0m?[0;34m      - @ConditionalOnSingleCandidate (types: javax.sql.DataSource; SearchStrategy: all) found a primary bean from beans 'dataSource'; @ConditionalOnMissingBean (types: org.springframework.boot.sql.init.AbstractScriptDatabaseInitializer; SearchStrategy: all) did not find any beans (OnBeanCondition)
?[0m?[0;34m
?[0m?[0;34m   DataSourceJmxConfiguration matched:
?[0m?[0;34m      - @ConditionalOnProperty (spring.jmx.enabled=true) matched (OnPropertyCondition)
?[0m?[0;34m
?[0m?[0;34m   DataSourceJmxConfiguration.Hikari matched:
?[0m?[0;34m      - @ConditionalOnClass found required class 'com.zaxxer.hikari.HikariDataSource' (OnClassCondition)
?[0m?[0;34m      - @ConditionalOnSingleCandidate (types: javax.sql.DataSource; SearchStrategy: all) found a primary bean from beans 'dataSource' (OnBeanCondition)
?[0m?[0;34m
?[0m?[0;34m   DataSourcePoolMetadataProvidersConfiguration.HikariPoolDataSourceMetadataProviderConfiguration matched:
?[0m?[0;34m      - @ConditionalOnClass found required class 'com.zaxxer.hikari.HikariDataSource' (OnClassCondition)
?[0m?[0;34m
?[0m?[0;34m   DataSourcePoolMetricsAutoConfiguration matched:
?[0m?[0;34m      - @ConditionalOnClass found required classes 'javax.sql.DataSource', 'io.micrometer.core.instrument.MeterRegistry' (OnClassCondition)
?[0m?[0;34m      - @ConditionalOnBean (types: javax.sql.DataSource,io.micrometer.core.instrument.MeterRegistry; SearchStrategy: all) found beans 'simpleMeterRegistry', 'dataSource' (OnBeanCondition)
?[0m?[0;34m
?[0m?[0;34m   DataSourcePoolMetricsAutoConfiguration.DataSourcePoolMetadataMetricsConfiguration matched:
?[0m?[0;34m      - @ConditionalOnBean (types: org.springframework.boot.jdbc.metadata.DataSourcePoolMetadataProvider; SearchStrategy: all) found bean 'hikariPoolDataSourceMetadataProvider' (OnBeanCondition)
?[0m?[0;34m
?[0m?[0;34m   DataSourcePoolMetricsAutoConfiguration.HikariDataSourceMetricsConfiguration matched:
?[0m?[0;34m      - @ConditionalOnClass found required class 'com.zaxxer.hikari.HikariDataSource' (OnClassCondition)
?[0m?[0;34m
?[0m?[0;34m   DataSourceTransactionManagerAutoConfiguration matched:
?[0m?[0;34m      - @ConditionalOnClass found required classes 'org.springframework.jdbc.core.JdbcTemplate', 'org.springframework.transaction.TransactionManager' (OnClassCondition)
?[0m?[0;34m
?[0m?[0;34m   DataSourceTransactionManagerAutoConfiguration.JdbcTransactionManagerConfiguration matched:
?[0m?[0;34m      - @ConditionalOnSingleCandidate (types: javax.sql.DataSource; SearchStrategy: all) found a primary bean from beans 'dataSource' (OnBeanCondition)
?[0m?[0;34m
?[0m?[0;34m   DiskSpaceHealthContributorAutoConfiguration matched:
?[0m?[0;34m      - @ConditionalOnEnabledHealthIndicator management.health.defaults.enabled is considered true (OnEnabledHealthIndicatorCondition)
?[0m?[0;34m
?[0m?[0;34m   DiskSpaceHealthContributorAutoConfiguration#diskSpaceHealthIndicator matched:
?[0m?[0;34m      - @ConditionalOnMissingBean (names: diskSpaceHealthIndicator; SearchStrategy: all) did not find any beans (OnBeanCondition)
?[0m?[0;34m
?[0m?[0;34m   DispatcherServletAutoConfiguration matched:
?[0m?[0;34m      - @ConditionalOnClass found required class 'org.springframework.web.servlet.DispatcherServlet' (OnClassCondition)
?[0m?[0;34m      - found 'session' scope (OnWebApplicationCondition)
?[0m?[0;34m
?[0m?[0;34m   DispatcherServletAutoConfiguration.DispatcherServletConfiguration matched:
?[0m?[0;34m      - @ConditionalOnClass found required class 'javax.servlet.ServletRegistration' (OnClassCondition)
?[0m?[0;34m      - Default DispatcherServlet did not find dispatcher servlet beans (DispatcherServletAutoConfiguration.DefaultDispatcherServletCondition)
?[0m?[0;34m
?[0m?[0;34m   DispatcherServletAutoConfiguration.DispatcherServletRegistrationConfiguration matched:
?[0m?[0;34m      - @ConditionalOnClass found required class 'javax.servlet.ServletRegistration' (OnClassCondition)
?[0m?[0;34m      - DispatcherServlet Registration did not find servlet registration bean (DispatcherServletAutoConfiguration.DispatcherServletRegistrationCondition)
?[0m?[0;34m
?[0m?[0;34m   DispatcherServletAutoConfiguration.DispatcherServletRegistrationConfiguration#dispatcherServletRegistration matched:
?[0m?[0;34m      - @ConditionalOnBean (names: dispatcherServlet types: org.springframework.web.servlet.DispatcherServlet; SearchStrategy: all) found bean 'dispatcherServlet' (OnBeanCondition)
?[0m?[0;34m
?[0m?[0;34m   EmbeddedWebServerFactoryCustomizerAutoConfiguration matched:
?[0m?[0;34m      - @ConditionalOnWebApplication (required) found 'session' scope (OnWebApplicationCondition)
?[0m?[0;34m
?[0m?[0;34m   EmbeddedWebServerFactoryCustomizerAutoConfiguration.TomcatWebServerFactoryCustomizerConfiguration matched:
?[0m?[0;34m      - @ConditionalOnClass found required classes 'org.apache.catalina.startup.Tomcat', 'org.apache.coyote.UpgradeProtocol' (OnClassCondition)
?[0m?[0;34m
?[0m?[0;34m   EndpointAutoConfiguration#endpointCachingOperationInvokerAdvisor matched:
?[0m?[0;34m      - @ConditionalOnMissingBean (types: org.springframework.boot.actuate.endpoint.invoker.cache.CachingOperationInvokerAdvisor; SearchStrategy: all) did not find any beans (OnBeanCondition)
?[0m?[0;34m
?[0m?[0;34m   EndpointAutoConfiguration#endpointOperationParameterMapper matched:
?[0m?[0;34m      - @ConditionalOnMissingBean (types: org.springframework.boot.actuate.endpoint.invoke.ParameterValueMapper; SearchStrategy: all) did not find any beans (OnBeanCondition)
?[0m?[0;34m
?[0m?[0;34m   EnvironmentEndpointAutoConfiguration matched:
?[0m?[0;34m      - @ConditionalOnAvailableEndpoint no property management.endpoint.env.enabled found so using endpoint default; @ConditionalOnAvailableEndpoint marked as exposed by a 'management.endpoints.web.exposure' property (OnAvailableEndpointCondition)
?[0m?[0;34m
?[0m?[0;34m   EnvironmentEndpointAutoConfiguration#environmentEndpoint matched:
?[0m?[0;34m      - @ConditionalOnMissingBean (types: org.springframework.boot.actuate.env.EnvironmentEndpoint; SearchStrategy: all) did not find any beans (OnBeanCondition)
?[0m?[0;34m
?[0m?[0;34m   EnvironmentEndpointAutoConfiguration#environmentEndpointWebExtension matched:
?[0m?[0;34m      - @ConditionalOnBean (types: org.springframework.boot.actuate.env.EnvironmentEndpoint; SearchStrategy: all) found bean 'environmentEndpoint'; @ConditionalOnMissingBean (types: org.springframework.boot.actuate.env.EnvironmentEndpointWebExtension; SearchStrategy: all) did not find any beans (OnBeanCondition)
?[0m?[0;34m
?[0m?[0;34m   ErrorMvcAutoConfiguration matched:
?[0m?[0;34m      - @ConditionalOnClass found required classes 'javax.servlet.Servlet', 'org.springframework.web.servlet.DispatcherServlet' (OnClassCondition)
?[0m?[0;34m      - found 'session' scope (OnWebApplicationCondition)
?[0m?[0;34m
?[0m?[0;34m   ErrorMvcAutoConfiguration#basicErrorController matched:
?[0m?[0;34m      - @ConditionalOnMissingBean (types: org.springframework.boot.web.servlet.error.ErrorController; SearchStrategy: current) did not find any beans (OnBeanCondition)
?[0m?[0;34m
?[0m?[0;34m   ErrorMvcAutoConfiguration#errorAttributes matched:
?[0m?[0;34m      - @ConditionalOnMissingBean (types: org.springframework.boot.web.servlet.error.ErrorAttributes; SearchStrategy: current) did not find any beans (OnBeanCondition)
?[0m?[0;34m
?[0m?[0;34m   ErrorMvcAutoConfiguration.DefaultErrorViewResolverConfiguration#conventionErrorViewResolver matched:
?[0m?[0;34m      - @ConditionalOnBean (types: org.springframework.web.servlet.DispatcherServlet; SearchStrategy: all) found bean 'dispatcherServlet'; @ConditionalOnMissingBean (types: org.springframework.boot.autoconfigure.web.servlet.error.ErrorViewResolver; SearchStrategy: all) did not find any beans (OnBeanCondition)
?[0m?[0;34m
?[0m?[0;34m   ErrorMvcAutoConfiguration.WhitelabelErrorViewConfiguration matched:
?[0m?[0;34m      - @ConditionalOnProperty (server.error.whitelabel.enabled) matched (OnPropertyCondition)
?[0m?[0;34m      - ErrorTemplate Missing did not find error template view (ErrorMvcAutoConfiguration.ErrorTemplateMissingCondition)
?[0m?[0;34m
?[0m?[0;34m   ErrorMvcAutoConfiguration.WhitelabelErrorViewConfiguration#beanNameViewResolver matched:
?[0m?[0;34m      - @ConditionalOnMissingBean (types: org.springframework.web.servlet.view.BeanNameViewResolver; SearchStrategy: all) did not find any beans (OnBeanCondition)
?[0m?[0;34m
?[0m?[0;34m   ErrorMvcAutoConfiguration.WhitelabelErrorViewConfiguration#defaultErrorView matched:
?[0m?[0;34m      - @ConditionalOnMissingBean (names: error; SearchStrategy: all) did not find any beans (OnBeanCondition)
?[0m?[0;34m
?[0m?[0;34m   GenericCacheConfiguration matched:
?[0m?[0;34m      - Cache org.springframework.boot.autoconfigure.cache.GenericCacheConfiguration automatic cache type (CacheCondition)
?[0m?[0;34m
?[0m?[0;34m   GsonAutoConfiguration matched:
?[0m?[0;34m      - @ConditionalOnClass found required class 'com.google.gson.Gson' (OnClassCondition)
?[0m?[0;34m
?[0m?[0;34m   GsonAutoConfiguration#gson matched:
?[0m?[0;34m      - @ConditionalOnMissingBean (types: com.google.gson.Gson; SearchStrategy: all) did not find any beans (OnBeanCondition)
?[0m?[0;34m
?[0m?[0;34m   GsonAutoConfiguration#gsonBuilder matched:
?[0m?[0;34m      - @ConditionalOnMissingBean (types: com.google.gson.GsonBuilder; SearchStrategy: all) did not find any beans (OnBeanCondition)
?[0m?[0;34m
?[0m?[0;34m   GsonHttpMessageConvertersConfiguration matched:
?[0m?[0;34m      - @ConditionalOnClass found required class 'com.google.gson.Gson' (OnClassCondition)
?[0m?[0;34m
?[0m?[0;34m   H2ConsoleAutoConfiguration matched:
?[0m?[0;34m      - @ConditionalOnClass found required class 'org.h2.server.web.WebServlet' (OnClassCondition)
?[0m?[0;34m      - found 'session' scope (OnWebApplicationCondition)
?[0m?[0;34m      - @ConditionalOnProperty (spring.h2.console.enabled=true) matched (OnPropertyCondition)
?[0m?[0;34m
?[0m?[0;34m   HealthContributorAutoConfiguration#pingHealthContributor matched:
?[0m?[0;34m      - @ConditionalOnEnabledHealthIndicator management.health.defaults.enabled is considered true (OnEnabledHealthIndicatorCondition)
?[0m?[0;34m
?[0m?[0;34m   HealthEndpointAutoConfiguration matched:
?[0m?[0;34m      - @ConditionalOnAvailableEndpoint no property management.endpoint.health.enabled found so using endpoint default; @ConditionalOnAvailableEndpoint marked as exposed by a 'management.endpoints.web.exposure' property (OnAvailableEndpointCondition)
?[0m?[0;34m
?[0m?[0;34m   HealthEndpointConfiguration#healthContributorRegistry matched:
?[0m?[0;34m      - @ConditionalOnMissingBean (types: org.springframework.boot.actuate.health.HealthContributorRegistry; SearchStrategy: all) did not find any beans (OnBeanCondition)
?[0m?[0;34m
?[0m?[0;34m   HealthEndpointConfiguration#healthEndpoint matched:
?[0m?[0;34m      - @ConditionalOnMissingBean (types: org.springframework.boot.actuate.health.HealthEndpoint; SearchStrategy: all) did not find any beans (OnBeanCondition)
?[0m?[0;34m
?[0m?[0;34m   HealthEndpointConfiguration#healthEndpointGroups matched:
?[0m?[0;34m      - @ConditionalOnMissingBean (types: org.springframework.boot.actuate.health.HealthEndpointGroups; SearchStrategy: all) did not find any beans (OnBeanCondition)
?[0m?[0;34m
?[0m?[0;34m   HealthEndpointConfiguration#healthHttpCodeStatusMapper matched:
?[0m?[0;34m      - @ConditionalOnMissingBean (types: org.springframework.boot.actuate.health.HttpCodeStatusMapper; SearchStrategy: all) did not find any beans (OnBeanCondition)
?[0m?[0;34m
?[0m?[0;34m   HealthEndpointConfiguration#healthStatusAggregator matched:
?[0m?[0;34m      - @ConditionalOnMissingBean (types: org.springframework.boot.actuate.health.StatusAggregator; SearchStrategy: all) did not find any beans (OnBeanCondition)
?[0m?[0;34m
?[0m?[0;34m   HealthEndpointWebExtensionConfiguration matched:
?[0m?[0;34m      - found 'session' scope (OnWebApplicationCondition)
?[0m?[0;34m      - @ConditionalOnBean (types: org.springframework.boot.actuate.health.HealthEndpoint; SearchStrategy: all) found bean 'healthEndpoint' (OnBeanCondition)
?[0m?[0;34m
?[0m?[0;34m   HealthEndpointWebExtensionConfiguration#healthEndpointWebExtension matched:
?[0m?[0;34m      - @ConditionalOnBean (types: org.springframework.boot.actuate.health.HealthEndpoint; SearchStrategy: all) found bean 'healthEndpoint'; @ConditionalOnMissingBean (types: org.springframework.boot.actuate.health.HealthEndpointWebExtension; SearchStrategy: all) did not find any beans (OnBeanCondition)
?[0m?[0;34m
?[0m?[0;34m   HeapDumpWebEndpointAutoConfiguration matched:
?[0m?[0;34m      - @ConditionalOnAvailableEndpoint no property management.endpoint.heapdump.enabled found so using endpoint default; @ConditionalOnAvailableEndpoint marked as exposed by a 'management.endpoints.web.exposure' property (OnAvailableEndpointCondition)
?[0m?[0;34m
?[0m?[0;34m   HeapDumpWebEndpointAutoConfiguration#heapDumpWebEndpoint matched:
?[0m?[0;34m      - @ConditionalOnMissingBean (types: org.springframework.boot.actuate.management.HeapDumpWebEndpoint; SearchStrategy: all) did not find any beans (OnBeanCondition)
?[0m?[0;34m
?[0m?[0;34m   HibernateJpaAutoConfiguration matched:
?[0m?[0;34m      - @ConditionalOnClass found required classes 'org.springframework.orm.jpa.LocalContainerEntityManagerFactoryBean', 'javax.persistence.EntityManager', 'org.hibernate.engine.spi.SessionImplementor' (OnClassCondition)
?[0m?[0;34m
?[0m?[0;34m   HibernateJpaConfiguration matched:
?[0m?[0;34m      - @ConditionalOnSingleCandidate (types: javax.sql.DataSource; SearchStrategy: all) found a primary bean from beans 'dataSource' (OnBeanCondition)
?[0m?[0;34m
?[0m?[0;34m   HttpClientMetricsAutoConfiguration matched:
?[0m?[0;34m      - @ConditionalOnClass found required class 'io.micrometer.core.instrument.MeterRegistry' (OnClassCondition)
?[0m?[0;34m      - @ConditionalOnBean (types: io.micrometer.core.instrument.MeterRegistry; SearchStrategy: all) found bean 'simpleMeterRegistry' (OnBeanCondition)
?[0m?[0;34m
?[0m?[0;34m   HttpEncodingAutoConfiguration matched:
?[0m?[0;34m      - @ConditionalOnClass found required class 'org.springframework.web.filter.CharacterEncodingFilter' (OnClassCondition)
?[0m?[0;34m      - found 'session' scope (OnWebApplicationCondition)
?[0m?[0;34m      - @ConditionalOnProperty (server.servlet.encoding.enabled) matched (OnPropertyCondition)
?[0m?[0;34m
?[0m?[0;34m   HttpEncodingAutoConfiguration#characterEncodingFilter matched:
?[0m?[0;34m      - @ConditionalOnMissingBean (types: org.springframework.web.filter.CharacterEncodingFilter; SearchStrategy: all) did not find any beans (OnBeanCondition)
?[0m?[0;34m
?[0m?[0;34m   HttpMessageConvertersAutoConfiguration matched:
?[0m?[0;34m      - @ConditionalOnClass found required class 'org.springframework.http.converter.HttpMessageConverter' (OnClassCondition)
?[0m?[0;34m      - NoneNestedConditions 0 matched 1 did not; NestedCondition on HttpMessageConvertersAutoConfiguration.NotReactiveWebApplicationCondition.ReactiveWebApplication did not find reactive web application classes (HttpMessageConvertersAutoConfiguration.NotReactiveWebApplicationCondition)
?[0m?[0;34m
?[0m?[0;34m   HttpMessageConvertersAutoConfiguration#messageConverters matched:
?[0m?[0;34m      - @ConditionalOnMissingBean (types: org.springframework.boot.autoconfigure.http.HttpMessageConverters; SearchStrategy: all) did not find any beans (OnBeanCondition)
?[0m?[0;34m
?[0m?[0;34m   HttpMessageConvertersAutoConfiguration.StringHttpMessageConverterConfiguration matched:
?[0m?[0;34m      - @ConditionalOnClass found required class 'org.springframework.http.converter.StringHttpMessageConverter' (OnClassCondition)
?[0m?[0;34m
?[0m?[0;34m   HttpMessageConvertersAutoConfiguration.StringHttpMessageConverterConfiguration#stringHttpMessageConverter matched:
?[0m?[0;34m      - @ConditionalOnMissingBean (types: org.springframework.http.converter.StringHttpMessageConverter; SearchStrategy: all) did not find any beans (OnBeanCondition)
?[0m?[0;34m
?[0m?[0;34m   HttpTraceEndpointAutoConfiguration matched:
?[0m?[0;34m      - @ConditionalOnAvailableEndpoint no property management.endpoint.httptrace.enabled found so using endpoint default; @ConditionalOnAvailableEndpoint marked as exposed by a 'management.endpoints.web.exposure' property (OnAvailableEndpointCondition)
?[0m?[0;34m
?[0m?[0;34m   InfoContributorAutoConfiguration#envInfoContributor matched:
?[0m?[0;34m      - @ConditionalOnEnabledInfoContributor management.info.defaults.enabled is considered true (OnEnabledInfoContributorCondition)
?[0m?[0;34m
?[0m?[0;34m   InfoEndpointAutoConfiguration matched:
?[0m?[0;34m      - @ConditionalOnAvailableEndpoint no property management.endpoint.info.enabled found so using endpoint default; @ConditionalOnAvailableEndpoint marked as exposed by a 'management.endpoints.web.exposure' property (OnAvailableEndpointCondition)
?[0m?[0;34m
?[0m?[0;34m   InfoEndpointAutoConfiguration#infoEndpoint matched:
?[0m?[0;34m      - @ConditionalOnMissingBean (types: org.springframework.boot.actuate.info.InfoEndpoint; SearchStrategy: all) did not find any beans (OnBeanCondition)
?[0m?[0;34m
?[0m?[0;34m   JacksonAutoConfiguration matched:
?[0m?[0;34m      - @ConditionalOnClass found required class 'com.fasterxml.jackson.databind.ObjectMapper' (OnClassCondition)
?[0m?[0;34m
?[0m?[0;34m   JacksonAutoConfiguration.Jackson2ObjectMapperBuilderCustomizerConfiguration matched:
?[0m?[0;34m      - @ConditionalOnClass found required class 'org.springframework.http.converter.json.Jackson2ObjectMapperBuilder' (OnClassCondition)
?[0m?[0;34m
?[0m?[0;34m   JacksonAutoConfiguration.JacksonObjectMapperBuilderConfiguration matched:
?[0m?[0;34m      - @ConditionalOnClass found required class 'org.springframework.http.converter.json.Jackson2ObjectMapperBuilder' (OnClassCondition)
?[0m?[0;34m
?[0m?[0;34m   JacksonAutoConfiguration.JacksonObjectMapperBuilderConfiguration#jacksonObjectMapperBuilder matched:
?[0m?[0;34m      - @ConditionalOnMissingBean (types: org.springframework.http.converter.json.Jackson2ObjectMapperBuilder; SearchStrategy: all) did not find any beans (OnBeanCondition)
?[0m?[0;34m
?[0m?[0;34m   JacksonAutoConfiguration.JacksonObjectMapperConfiguration matched:
?[0m?[0;34m      - @ConditionalOnClass found required class 'org.springframework.http.converter.json.Jackson2ObjectMapperBuilder' (OnClassCondition)
?[0m?[0;34m
?[0m?[0;34m   JacksonAutoConfiguration.JacksonObjectMapperConfiguration#jacksonObjectMapper matched:
?[0m?[0;34m      - @ConditionalOnMissingBean (types: com.fasterxml.jackson.databind.ObjectMapper; SearchStrategy: all) did not find any beans (OnBeanCondition)
?[0m?[0;34m
?[0m?[0;34m   JacksonAutoConfiguration.ParameterNamesModuleConfiguration matched:
?[0m?[0;34m      - @ConditionalOnClass found required class 'com.fasterxml.jackson.module.paramnames.ParameterNamesModule' (OnClassCondition)
?[0m?[0;34m
?[0m?[0;34m   JacksonAutoConfiguration.ParameterNamesModuleConfiguration#parameterNamesModule matched:
?[0m?[0;34m      - @ConditionalOnMissingBean (types: com.fasterxml.jackson.module.paramnames.ParameterNamesModule; SearchStrategy: all) did not find any beans (OnBeanCondition)
?[0m?[0;34m
?[0m?[0;34m   JacksonHttpMessageConvertersConfiguration.MappingJackson2HttpMessageConverterConfiguration matched:
?[0m?[0;34m      - @ConditionalOnClass found required class 'com.fasterxml.jackson.databind.ObjectMapper' (OnClassCondition)
?[0m?[0;34m      - @ConditionalOnProperty (spring.mvc.converters.preferred-json-mapper=jackson) matched (OnPropertyCondition)
?[0m?[0;34m      - @ConditionalOnBean (types: com.fasterxml.jackson.databind.ObjectMapper; SearchStrategy: all) found bean 'jacksonObjectMapper' (OnBeanCondition)
?[0m?[0;34m
?[0m?[0;34m   JacksonHttpMessageConvertersConfiguration.MappingJackson2HttpMessageConverterConfiguration#mappingJackson2HttpMessageConverter matched:
?[0m?[0;34m      - @ConditionalOnMissingBean (types: org.springframework.http.converter.json.MappingJackson2HttpMessageConverter ignored: org.springframework.hateoas.server.mvc.TypeConstrainedMappingJackson2HttpMessageConverter,org.springframework.data.rest.webmvc.alps.AlpsJsonHttpMessageConverter; SearchStrategy: all) did not find any beans (OnBeanCondition)
?[0m?[0;34m
?[0m?[0;34m   JdbcTemplateAutoConfiguration matched:
?[0m?[0;34m      - @ConditionalOnClass found required classes 'javax.sql.DataSource', 'org.springframework.jdbc.core.JdbcTemplate' (OnClassCondition)
?[0m?[0;34m      - @ConditionalOnSingleCandidate (types: javax.sql.DataSource; SearchStrategy: all) found a primary bean from beans 'dataSource' (OnBeanCondition)
?[0m?[0;34m
?[0m?[0;34m   JdbcTemplateConfiguration matched:
?[0m?[0;34m      - @ConditionalOnMissingBean (types: org.springframework.jdbc.core.JdbcOperations; SearchStrategy: all) did not find any beans (OnBeanCondition)
?[0m?[0;34m
?[0m?[0;34m   JpaBaseConfiguration#entityManagerFactory matched:
?[0m?[0;34m      - @ConditionalOnMissingBean (types: org.springframework.orm.jpa.LocalContainerEntityManagerFactoryBean,javax.persistence.EntityManagerFactory; SearchStrategy: all) did not find any beans (OnBeanCondition)
?[0m?[0;34m
?[0m?[0;34m   JpaBaseConfiguration#entityManagerFactoryBuilder matched:
?[0m?[0;34m      - @ConditionalOnMissingBean (types: org.springframework.boot.orm.jpa.EntityManagerFactoryBuilder; SearchStrategy: all) did not find any beans (OnBeanCondition)
?[0m?[0;34m
?[0m?[0;34m   JpaBaseConfiguration#jpaVendorAdapter matched:
?[0m?[0;34m      - @ConditionalOnMissingBean (types: org.springframework.orm.jpa.JpaVendorAdapter; SearchStrategy: all) did not find any beans (OnBeanCondition)
?[0m?[0;34m
?[0m?[0;34m   JpaBaseConfiguration#transactionManager matched:
?[0m?[0;34m      - @ConditionalOnMissingBean (types: org.springframework.transaction.TransactionManager; SearchStrategy: all) did not find any beans (OnBeanCondition)
?[0m?[0;34m
?[0m?[0;34m   JpaBaseConfiguration.JpaWebConfiguration matched:
?[0m?[0;34m      - @ConditionalOnClass found required class 'org.springframework.web.servlet.config.annotation.WebMvcConfigurer' (OnClassCondition)
?[0m?[0;34m      - found 'session' scope (OnWebApplicationCondition)
?[0m?[0;34m      - @ConditionalOnProperty (spring.jpa.open-in-view=true) matched (OnPropertyCondition)
?[0m?[0;34m      - @ConditionalOnMissingBean (types: org.springframework.orm.jpa.support.OpenEntityManagerInViewInterceptor,org.springframework.orm.jpa.support.OpenEntityManagerInViewFilter; SearchStrategy: all) did not find any beans (OnBeanCondition)
?[0m?[0;34m
?[0m?[0;34m   JpaRepositoriesAutoConfiguration matched:
?[0m?[0;34m      - @ConditionalOnClass found required class 'org.springframework.data.jpa.repository.JpaRepository' (OnClassCondition)
?[0m?[0;34m      - @ConditionalOnProperty (spring.data.jpa.repositories.enabled=true) matched (OnPropertyCondition)
?[0m?[0;34m      - @ConditionalOnBean (types: javax.sql.DataSource; SearchStrategy: all) found bean 'dataSource'; @ConditionalOnMissingBean (types: org.springframework.data.jpa.repository.support.JpaRepositoryFactoryBean,org.springframework.data.jpa.repository.config.JpaRepositoryConfigExtension; SearchStrategy: all) did not find any beans (OnBeanCondition)
?[0m?[0;34m
?[0m?[0;34m   JtaAutoConfiguration matched:
?[0m?[0;34m      - @ConditionalOnClass found required class 'javax.transaction.Transaction' (OnClassCondition)
?[0m?[0;34m      - @ConditionalOnProperty (spring.jta.enabled) matched (OnPropertyCondition)
?[0m?[0;34m
?[0m?[0;34m   JvmMetricsAutoConfiguration matched:
?[0m?[0;34m      - @ConditionalOnClass found required class 'io.micrometer.core.instrument.MeterRegistry' (OnClassCondition)
?[0m?[0;34m      - @ConditionalOnBean (types: io.micrometer.core.instrument.MeterRegistry; SearchStrategy: all) found bean 'simpleMeterRegistry' (OnBeanCondition)
?[0m?[0;34m
?[0m?[0;34m   JvmMetricsAutoConfiguration#classLoaderMetrics matched:
?[0m?[0;34m      - @ConditionalOnMissingBean (types: io.micrometer.core.instrument.binder.jvm.ClassLoaderMetrics; SearchStrategy: all) did not find any beans (OnBeanCondition)
?[0m?[0;34m
?[0m?[0;34m   JvmMetricsAutoConfiguration#jvmGcMetrics matched:
?[0m?[0;34m      - @ConditionalOnMissingBean (types: io.micrometer.core.instrument.binder.jvm.JvmGcMetrics; SearchStrategy: all) did not find any beans (OnBeanCondition)
?[0m?[0;34m
?[0m?[0;34m   JvmMetricsAutoConfiguration#jvmMemoryMetrics matched:
?[0m?[0;34m      - @ConditionalOnMissingBean (types: io.micrometer.core.instrument.binder.jvm.JvmMemoryMetrics; SearchStrategy: all) did not find any beans (OnBeanCondition)
?[0m?[0;34m
?[0m?[0;34m   JvmMetricsAutoConfiguration#jvmThreadMetrics matched:
?[0m?[0;34m      - @ConditionalOnMissingBean (types: io.micrometer.core.instrument.binder.jvm.JvmThreadMetrics; SearchStrategy: all) did not find any beans (OnBeanCondition)
?[0m?[0;34m
?[0m?[0;34m   LifecycleAutoConfiguration#defaultLifecycleProcessor matched:
?[0m?[0;34m      - @ConditionalOnMissingBean (names: lifecycleProcessor; SearchStrategy: current) did not find any beans (OnBeanCondition)
?[0m?[0;34m
?[0m?[0;34m   LogFileWebEndpointAutoConfiguration matched:
?[0m?[0;34m      - @ConditionalOnAvailableEndpoint no property management.endpoint.logfile.enabled found so using endpoint default; @ConditionalOnAvailableEndpoint marked as exposed by a 'management.endpoints.web.exposure' property (OnAvailableEndpointCondition)
?[0m?[0;34m
?[0m?[0;34m   LogFileWebEndpointAutoConfiguration#logFileWebEndpoint matched:
?[0m?[0;34m      - Log File found logging.file.path ../logs (LogFileWebEndpointAutoConfiguration.LogFileCondition)
?[0m?[0;34m      - @ConditionalOnMissingBean (types: org.springframework.boot.actuate.logging.LogFileWebEndpoint; SearchStrategy: all) did not find any beans (OnBeanCondition)
?[0m?[0;34m
?[0m?[0;34m   LogbackMetricsAutoConfiguration matched:
?[0m?[0;34m      - @ConditionalOnClass found required classes 'io.micrometer.core.instrument.MeterRegistry', 'ch.qos.logback.classic.LoggerContext', 'org.slf4j.LoggerFactory' (OnClassCondition)
?[0m?[0;34m      - LogbackLoggingCondition ILoggerFactory is a Logback LoggerContext (LogbackMetricsAutoConfiguration.LogbackLoggingCondition)
?[0m?[0;34m      - @ConditionalOnBean (types: io.micrometer.core.instrument.MeterRegistry; SearchStrategy: all) found bean 'simpleMeterRegistry' (OnBeanCondition)
?[0m?[0;34m
?[0m?[0;34m   LogbackMetricsAutoConfiguration#logbackMetrics matched:
?[0m?[0;34m      - @ConditionalOnMissingBean (types: io.micrometer.core.instrument.binder.logging.LogbackMetrics; SearchStrategy: all) did not find any beans (OnBeanCondition)
?[0m?[0;34m
?[0m?[0;34m   LoggersEndpointAutoConfiguration matched:
?[0m?[0;34m      - @ConditionalOnAvailableEndpoint no property management.endpoint.loggers.enabled found so using endpoint default; @ConditionalOnAvailableEndpoint marked as exposed by a 'management.endpoints.web.exposure' property (OnAvailableEndpointCondition)
?[0m?[0;34m
?[0m?[0;34m   LoggersEndpointAutoConfiguration#loggersEndpoint matched:
?[0m?[0;34m      - Logging System enabled (LoggersEndpointAutoConfiguration.OnEnabledLoggingSystemCondition)
?[0m?[0;34m      - @ConditionalOnBean (types: org.springframework.boot.logging.LoggingSystem; SearchStrategy: all) found bean 'springBootLoggingSystem'; @ConditionalOnMissingBean (types: org.springframework.boot.actuate.logging.LoggersEndpoint; SearchStrategy: all) did not find any beans (OnBeanCondition)
?[0m?[0;34m
?[0m?[0;34m   ManagementContextAutoConfiguration.SameManagementContextConfiguration matched:
?[0m?[0;34m      - Management Port actual port type (SAME) matched required type (OnManagementPortCondition)
?[0m?[0;34m
?[0m?[0;34m   MappingsEndpointAutoConfiguration matched:
?[0m?[0;34m      - @ConditionalOnAvailableEndpoint no property management.endpoint.mappings.enabled found so using endpoint default; @ConditionalOnAvailableEndpoint marked as exposed by a 'management.endpoints.web.exposure' property (OnAvailableEndpointCondition)
?[0m?[0;34m
?[0m?[0;34m   MappingsEndpointAutoConfiguration.ServletWebConfiguration matched:
?[0m?[0;34m      - found 'session' scope (OnWebApplicationCondition)
?[0m?[0;34m
?[0m?[0;34m   MappingsEndpointAutoConfiguration.ServletWebConfiguration.SpringMvcConfiguration matched:
?[0m?[0;34m      - @ConditionalOnClass found required class 'org.springframework.web.servlet.DispatcherServlet' (OnClassCondition)
?[0m?[0;34m      - @ConditionalOnBean (types: org.springframework.web.servlet.DispatcherServlet; SearchStrategy: all) found bean 'dispatcherServlet' (OnBeanCondition)
?[0m?[0;34m
?[0m?[0;34m   MetricsAutoConfiguration matched:
?[0m?[0;34m      - @ConditionalOnClass found required class 'io.micrometer.core.annotation.Timed' (OnClassCondition)
?[0m?[0;34m
?[0m?[0;34m   MetricsAutoConfiguration#micrometerClock matched:
?[0m?[0;34m      - @ConditionalOnMissingBean (types: io.micrometer.core.instrument.Clock; SearchStrategy: all) did not find any beans (OnBeanCondition)
?[0m?[0;34m
?[0m?[0;34m   MetricsEndpointAutoConfiguration matched:
?[0m?[0;34m      - @ConditionalOnClass found required class 'io.micrometer.core.annotation.Timed' (OnClassCondition)
?[0m?[0;34m      - @ConditionalOnAvailableEndpoint no property management.endpoint.metrics.enabled found so using endpoint default; @ConditionalOnAvailableEndpoint marked as exposed by a 'management.endpoints.web.exposure' property (OnAvailableEndpointCondition)
?[0m?[0;34m
?[0m?[0;34m   MetricsEndpointAutoConfiguration#metricsEndpoint matched:
?[0m?[0;34m      - @ConditionalOnBean (types: io.micrometer.core.instrument.MeterRegistry; SearchStrategy: all) found bean 'simpleMeterRegistry'; @ConditionalOnMissingBean (types: org.springframework.boot.actuate.metrics.MetricsEndpoint; SearchStrategy: all) did not find any beans (OnBeanCondition)
?[0m?[0;34m
?[0m?[0;34m   MultipartAutoConfiguration matched:
?[0m?[0;34m      - @ConditionalOnClass found required classes 'javax.servlet.Servlet', 'org.springframework.web.multipart.support.StandardServletMultipartResolver', 'javax.servlet.MultipartConfigElement' (OnClassCondition)
?[0m?[0;34m      - found 'session' scope (OnWebApplicationCondition)
?[0m?[0;34m      - @ConditionalOnProperty (spring.servlet.multipart.enabled) matched (OnPropertyCondition)
?[0m?[0;34m
?[0m?[0;34m   MultipartAutoConfiguration#multipartConfigElement matched:
?[0m?[0;34m      - @ConditionalOnMissingBean (types: javax.servlet.MultipartConfigElement,org.springframework.web.multipart.commons.CommonsMultipartResolver; SearchStrategy: all) did not find any beans (OnBeanCondition)
?[0m?[0;34m
?[0m?[0;34m   MultipartAutoConfiguration#multipartResolver matched:
?[0m?[0;34m      - @ConditionalOnMissingBean (types: org.springframework.web.multipart.MultipartResolver; SearchStrategy: all) did not find any beans (OnBeanCondition)
?[0m?[0;34m
?[0m?[0;34m   NamedParameterJdbcTemplateConfiguration matched:
?[0m?[0;34m      - @ConditionalOnSingleCandidate (types: org.springframework.jdbc.core.JdbcTemplate; SearchStrategy: all) found a primary bean from beans 'jdbcTemplate'; @ConditionalOnMissingBean (types: org.springframework.jdbc.core.namedparam.NamedParameterJdbcOperations; SearchStrategy: all) did not find any beans (OnBeanCondition)
?[0m?[0;34m
?[0m?[0;34m   NoOpCacheConfiguration matched:
?[0m?[0;34m      - Cache org.springframework.boot.autoconfigure.cache.NoOpCacheConfiguration automatic cache type (CacheCondition)
?[0m?[0;34m
?[0m?[0;34m   PersistenceExceptionTranslationAutoConfiguration matched:
?[0m?[0;34m      - @ConditionalOnClass found required class 'org.springframework.dao.annotation.PersistenceExceptionTranslationPostProcessor' (OnClassCondition)
?[0m?[0;34m
?[0m?[0;34m   PersistenceExceptionTranslationAutoConfiguration#persistenceExceptionTranslationPostProcessor matched:
?[0m?[0;34m      - @ConditionalOnProperty (spring.dao.exceptiontranslation.enabled) matched (OnPropertyCondition)
?[0m?[0;34m      - @ConditionalOnMissingBean (types: org.springframework.dao.annotation.PersistenceExceptionTranslationPostProcessor; SearchStrategy: all) did not find any beans (OnBeanCondition)
?[0m?[0;34m
?[0m?[0;34m   PropertyPlaceholderAutoConfiguration#propertySourcesPlaceholderConfigurer matched:
?[0m?[0;34m      - @ConditionalOnMissingBean (types: org.springframework.context.support.PropertySourcesPlaceholderConfigurer; SearchStrategy: current) did not find any beans (OnBeanCondition)
?[0m?[0;34m
?[0m?[0;34m   RepositoryMetricsAutoConfiguration matched:
?[0m?[0;34m      - @ConditionalOnClass found required class 'org.springframework.data.repository.Repository' (OnClassCondition)
?[0m?[0;34m      - @ConditionalOnBean (types: io.micrometer.core.instrument.MeterRegistry; SearchStrategy: all) found bean 'simpleMeterRegistry' (OnBeanCondition)
?[0m?[0;34m
?[0m?[0;34m   RepositoryMetricsAutoConfiguration#metricsRepositoryMethodInvocationListener matched:
?[0m?[0;34m      - @ConditionalOnMissingBean (types: org.springframework.boot.actuate.metrics.data.MetricsRepositoryMethodInvocationListener; SearchStrategy: all) did not find any beans (OnBeanCondition)
?[0m?[0;34m
?[0m?[0;34m   RepositoryMetricsAutoConfiguration#repositoryTagsProvider matched:
?[0m?[0;34m      - @ConditionalOnMissingBean (types: org.springframework.boot.actuate.metrics.data.RepositoryTagsProvider; SearchStrategy: all) did not find any beans (OnBeanCondition)
?[0m?[0;34m
?[0m?[0;34m   RestTemplateAutoConfiguration matched:
?[0m?[0;34m      - @ConditionalOnClass found required class 'org.springframework.web.client.RestTemplate' (OnClassCondition)
?[0m?[0;34m      - NoneNestedConditions 0 matched 1 did not; NestedCondition on RestTemplateAutoConfiguration.NotReactiveWebApplicationCondition.ReactiveWebApplication did not find reactive web application classes (RestTemplateAutoConfiguration.NotReactiveWebApplicationCondition)
?[0m?[0;34m
?[0m?[0;34m   RestTemplateAutoConfiguration#restTemplateBuilder matched:
?[0m?[0;34m      - @ConditionalOnMissingBean (types: org.springframework.boot.web.client.RestTemplateBuilder; SearchStrategy: all) did not find any beans (OnBeanCondition)
?[0m?[0;34m
?[0m?[0;34m   RestTemplateAutoConfiguration#restTemplateBuilderConfigurer matched:
?[0m?[0;34m      - @ConditionalOnMissingBean (types: org.springframework.boot.autoconfigure.web.client.RestTemplateBuilderConfigurer; SearchStrategy: all) did not find any beans (OnBeanCondition)
?[0m?[0;34m
?[0m?[0;34m   RestTemplateMetricsConfiguration matched:
?[0m?[0;34m      - @ConditionalOnClass found required class 'org.springframework.web.client.RestTemplate' (OnClassCondition)
?[0m?[0;34m      - @ConditionalOnBean (types: org.springframework.boot.web.client.RestTemplateBuilder; SearchStrategy: all) found bean 'restTemplateBuilder' (OnBeanCondition)
?[0m?[0;34m
?[0m?[0;34m   RestTemplateMetricsConfiguration#restTemplateExchangeTagsProvider matched:
?[0m?[0;34m      - @ConditionalOnMissingBean (types: org.springframework.boot.actuate.metrics.web.client.RestTemplateExchangeTagsProvider; SearchStrategy: all) did not find any beans (OnBeanCondition)
?[0m?[0;34m
?[0m?[0;34m   ScheduledTasksEndpointAutoConfiguration matched:
?[0m?[0;34m      - @ConditionalOnAvailableEndpoint no property management.endpoint.scheduledtasks.enabled found so using endpoint default; @ConditionalOnAvailableEndpoint marked as exposed by a 'management.endpoints.web.exposure' property (OnAvailableEndpointCondition)
?[0m?[0;34m
?[0m?[0;34m   ScheduledTasksEndpointAutoConfiguration#scheduledTasksEndpoint matched:
?[0m?[0;34m      - @ConditionalOnMissingBean (types: org.springframework.boot.actuate.scheduling.ScheduledTasksEndpoint; SearchStrategy: all) did not find any beans (OnBeanCondition)
?[0m?[0;34m
?[0m?[0;34m   SecurityAutoConfiguration matched:
?[0m?[0;34m      - @ConditionalOnClass found required class 'org.springframework.security.authentication.DefaultAuthenticationEventPublisher' (OnClassCondition)
?[0m?[0;34m
?[0m?[0;34m   SecurityAutoConfiguration#authenticationEventPublisher matched:
?[0m?[0;34m      - @ConditionalOnMissingBean (types: org.springframework.security.authentication.AuthenticationEventPublisher; SearchStrategy: all) did not find any beans (OnBeanCondition)
?[0m?[0;34m
?[0m?[0;34m   SecurityFilterAutoConfiguration matched:
?[0m?[0;34m      - @ConditionalOnClass found required classes 'org.springframework.security.web.context.AbstractSecurityWebApplicationInitializer', 'org.springframework.security.config.http.SessionCreationPolicy' (OnClassCondition)
?[0m?[0;34m      - found 'session' scope (OnWebApplicationCondition)
?[0m?[0;34m
?[0m?[0;34m   SecurityFilterAutoConfiguration#securityFilterChainRegistration matched:
?[0m?[0;34m      - @ConditionalOnBean (names: springSecurityFilterChain; SearchStrategy: all) found bean 'springSecurityFilterChain' (OnBeanCondition)
?[0m?[0;34m
?[0m?[0;34m   SecurityRequestMatchersManagementContextConfiguration matched:
?[0m?[0;34m      - @ConditionalOnClass found required class 'org.springframework.security.web.util.matcher.RequestMatcher' (OnClassCondition)
?[0m?[0;34m      - found 'session' scope (OnWebApplicationCondition)
?[0m?[0;34m
?[0m?[0;34m   SecurityRequestMatchersManagementContextConfiguration.MvcRequestMatcherConfiguration matched:
?[0m?[0;34m      - @ConditionalOnClass found required class 'org.springframework.web.servlet.DispatcherServlet' (OnClassCondition)
?[0m?[0;34m      - @ConditionalOnBean (types: org.springframework.boot.autoconfigure.web.servlet.DispatcherServletPath; SearchStrategy: all) found bean 'dispatcherServletRegistration' (OnBeanCondition)
?[0m?[0;34m
?[0m?[0;34m   SecurityRequestMatchersManagementContextConfiguration.MvcRequestMatcherConfiguration#requestMatcherProvider matched:
?[0m?[0;34m      - @ConditionalOnClass found required class 'org.springframework.web.servlet.DispatcherServlet' (OnClassCondition)
?[0m?[0;34m      - @ConditionalOnMissingBean (types: org.springframework.boot.autoconfigure.security.servlet.RequestMatcherProvider; SearchStrategy: all) did not find any beans (OnBeanCondition)
?[0m?[0;34m
?[0m?[0;34m   ServletEndpointManagementContextConfiguration matched:
?[0m?[0;34m      - found 'session' scope (OnWebApplicationCondition)
?[0m?[0;34m
?[0m?[0;34m   ServletEndpointManagementContextConfiguration.WebMvcServletEndpointManagementContextConfiguration matched:
?[0m?[0;34m      - @ConditionalOnClass found required class 'org.springframework.web.servlet.DispatcherServlet' (OnClassCondition)
?[0m?[0;34m
?[0m?[0;34m   ServletManagementContextAutoConfiguration matched:
?[0m?[0;34m      - @ConditionalOnClass found required class 'javax.servlet.Servlet' (OnClassCondition)
?[0m?[0;34m      - found 'session' scope (OnWebApplicationCondition)
?[0m?[0;34m
?[0m?[0;34m   ServletWebServerFactoryAutoConfiguration matched:
?[0m?[0;34m      - @ConditionalOnClass found required class 'javax.servlet.ServletRequest' (OnClassCondition)
?[0m?[0;34m      - found 'session' scope (OnWebApplicationCondition)
?[0m?[0;34m
?[0m?[0;34m   ServletWebServerFactoryAutoConfiguration#tomcatServletWebServerFactoryCustomizer matched:
?[0m?[0;34m      - @ConditionalOnClass found required class 'org.apache.catalina.startup.Tomcat' (OnClassCondition)
?[0m?[0;34m
?[0m?[0;34m   ServletWebServerFactoryConfiguration.EmbeddedTomcat matched:
?[0m?[0;34m      - @ConditionalOnClass found required classes 'javax.servlet.Servlet', 'org.apache.catalina.startup.Tomcat', 'org.apache.coyote.UpgradeProtocol' (OnClassCondition)
?[0m?[0;34m      - @ConditionalOnMissingBean (types: org.springframework.boot.web.servlet.server.ServletWebServerFactory; SearchStrategy: current) did not find any beans (OnBeanCondition)
?[0m?[0;34m
?[0m?[0;34m   ShutdownEndpointAutoConfiguration matched:
?[0m?[0;34m      - @ConditionalOnAvailableEndpoint found property management.endpoint.shutdown.enabled with value true; @ConditionalOnAvailableEndpoint marked as exposed by a 'management.endpoints.web.exposure' property (OnAvailableEndpointCondition)
?[0m?[0;34m
?[0m?[0;34m   ShutdownEndpointAutoConfiguration#shutdownEndpoint matched:
?[0m?[0;34m      - @ConditionalOnMissingBean (types: org.springframework.boot.actuate.context.ShutdownEndpoint; SearchStrategy: all) did not find any beans (OnBeanCondition)
?[0m?[0;34m
?[0m?[0;34m   SimpleCacheConfiguration matched:
?[0m?[0;34m      - Cache org.springframework.boot.autoconfigure.cache.SimpleCacheConfiguration automatic cache type (CacheCondition)
?[0m?[0;34m
?[0m?[0;34m   SimpleMetricsExportAutoConfiguration matched:
?[0m?[0;34m      - @ConditionalOnEnabledMetricsExport management.metrics.export.defaults.enabled is considered true (OnMetricsExportEnabledCondition)
?[0m?[0;34m      - @ConditionalOnBean (types: io.micrometer.core.instrument.Clock; SearchStrategy: all) found bean 'micrometerClock'; @ConditionalOnMissingBean (types: io.micrometer.core.instrument.MeterRegistry; SearchStrategy: all) did not find any beans (OnBeanCondition)
?[0m?[0;34m
?[0m?[0;34m   SimpleMetricsExportAutoConfiguration#simpleConfig matched:
?[0m?[0;34m      - @ConditionalOnMissingBean (types: io.micrometer.core.instrument.simple.SimpleConfig; SearchStrategy: all) did not find any beans (OnBeanCondition)
?[0m?[0;34m
?[0m?[0;34m   SpringDataWebAutoConfiguration matched:
?[0m?[0;34m      - @ConditionalOnClass found required classes 'org.springframework.data.web.PageableHandlerMethodArgumentResolver', 'org.springframework.web.servlet.config.annotation.WebMvcConfigurer' (OnClassCondition)
?[0m?[0;34m      - found 'session' scope (OnWebApplicationCondition)
?[0m?[0;34m      - @ConditionalOnMissingBean (types: org.springframework.data.web.PageableHandlerMethodArgumentResolver; SearchStrategy: all) did not find any beans (OnBeanCondition)
?[0m?[0;34m
?[0m?[0;34m   SpringDataWebAutoConfiguration#pageableCustomizer matched:
?[0m?[0;34m      - @ConditionalOnMissingBean (types: org.springframework.data.web.config.PageableHandlerMethodArgumentResolverCustomizer; SearchStrategy: all) did not find any beans (OnBeanCondition)
?[0m?[0;34m
?[0m?[0;34m   SpringDataWebAutoConfiguration#sortCustomizer matched:
?[0m?[0;34m      - @ConditionalOnMissingBean (types: org.springframework.data.web.config.SortHandlerMethodArgumentResolverCustomizer; SearchStrategy: all) did not find any beans (OnBeanCondition)
?[0m?[0;34m
?[0m?[0;34m   SqlInitializationAutoConfiguration matched:
?[0m?[0;34m      - @ConditionalOnProperty (spring.sql.init.enabled) matched (OnPropertyCondition)
?[0m?[0;34m      - NoneNestedConditions 0 matched 1 did not; NestedCondition on SqlInitializationAutoConfiguration.SqlInitializationModeCondition.ModeIsNever @ConditionalOnProperty (spring.sql.init.mode=never) did not find property 'mode' (SqlInitializationAutoConfiguration.SqlInitializationModeCondition)
?[0m?[0;34m      - @ConditionalOnMissingBean (types: org.springframework.boot.sql.init.AbstractScriptDatabaseInitializer; SearchStrategy: all) did not find any beans (OnBeanCondition)
?[0m?[0;34m
?[0m?[0;34m   SystemMetricsAutoConfiguration matched:
?[0m?[0;34m      - @ConditionalOnClass found required class 'io.micrometer.core.instrument.MeterRegistry' (OnClassCondition)
?[0m?[0;34m      - @ConditionalOnBean (types: io.micrometer.core.instrument.MeterRegistry; SearchStrategy: all) found bean 'simpleMeterRegistry' (OnBeanCondition)
?[0m?[0;34m
?[0m?[0;34m   SystemMetricsAutoConfiguration#fileDescriptorMetrics matched:
?[0m?[0;34m      - @ConditionalOnMissingBean (types: io.micrometer.core.instrument.binder.system.FileDescriptorMetrics; SearchStrategy: all) did not find any beans (OnBeanCondition)
?[0m?[0;34m
?[0m?[0;34m   SystemMetricsAutoConfiguration#processorMetrics matched:
?[0m?[0;34m      - @ConditionalOnMissingBean (types: io.micrometer.core.instrument.binder.system.ProcessorMetrics; SearchStrategy: all) did not find any beans (OnBeanCondition)
?[0m?[0;34m
?[0m?[0;34m   SystemMetricsAutoConfiguration#uptimeMetrics matched:
?[0m?[0;34m      - @ConditionalOnMissingBean (types: io.micrometer.core.instrument.binder.system.UptimeMetrics; SearchStrategy: all) did not find any beans (OnBeanCondition)
?[0m?[0;34m
?[0m?[0;34m   TaskExecutionAutoConfiguration matched:
?[0m?[0;34m      - @ConditionalOnClass found required class 'org.springframework.scheduling.concurrent.ThreadPoolTaskExecutor' (OnClassCondition)
?[0m?[0;34m
?[0m?[0;34m   TaskExecutionAutoConfiguration#applicationTaskExecutor matched:
?[0m?[0;34m      - @ConditionalOnMissingBean (types: java.util.concurrent.Executor; SearchStrategy: all) did not find any beans (OnBeanCondition)
?[0m?[0;34m
?[0m?[0;34m   TaskExecutionAutoConfiguration#taskExecutorBuilder matched:
?[0m?[0;34m      - @ConditionalOnMissingBean (types: org.springframework.boot.task.TaskExecutorBuilder; SearchStrategy: all) did not find any beans (OnBeanCondition)
?[0m?[0;34m
?[0m?[0;34m   TaskSchedulingAutoConfiguration matched:
?[0m?[0;34m      - @ConditionalOnClass found required class 'org.springframework.scheduling.concurrent.ThreadPoolTaskScheduler' (OnClassCondition)
?[0m?[0;34m
?[0m?[0;34m   TaskSchedulingAutoConfiguration#taskSchedulerBuilder matched:
?[0m?[0;34m      - @ConditionalOnMissingBean (types: org.springframework.boot.task.TaskSchedulerBuilder; SearchStrategy: all) did not find any beans (OnBeanCondition)
?[0m?[0;34m
?[0m?[0;34m   ThreadDumpEndpointAutoConfiguration matched:
?[0m?[0;34m      - @ConditionalOnAvailableEndpoint no property management.endpoint.threaddump.enabled found so using endpoint default; @ConditionalOnAvailableEndpoint marked as exposed by a 'management.endpoints.web.exposure' property (OnAvailableEndpointCondition)
?[0m?[0;34m
?[0m?[0;34m   ThreadDumpEndpointAutoConfiguration#dumpEndpoint matched:
?[0m?[0;34m      - @ConditionalOnMissingBean (types: org.springframework.boot.actuate.management.ThreadDumpEndpoint; SearchStrategy: all) did not find any beans (OnBeanCondition)
?[0m?[0;34m
?[0m?[0;34m   TomcatMetricsAutoConfiguration matched:
?[0m?[0;34m      - @ConditionalOnClass found required classes 'io.micrometer.core.instrument.binder.tomcat.TomcatMetrics', 'org.apache.catalina.Manager' (OnClassCondition)
?[0m?[0;34m      - @ConditionalOnWebApplication (required) found 'session' scope (OnWebApplicationCondition)
?[0m?[0;34m
?[0m?[0;34m   TomcatMetricsAutoConfiguration#tomcatMetricsBinder matched:
?[0m?[0;34m      - @ConditionalOnBean (types: io.micrometer.core.instrument.MeterRegistry; SearchStrategy: all) found bean 'simpleMeterRegistry'; @ConditionalOnMissingBean (types: io.micrometer.core.instrument.binder.tomcat.TomcatMetrics,org.springframework.boot.actuate.metrics.web.tomcat.TomcatMetricsBinder; SearchStrategy: all) did not find any beans (OnBeanCondition)
?[0m?[0;34m
?[0m?[0;34m   TransactionAutoConfiguration matched:
?[0m?[0;34m      - @ConditionalOnClass found required class 'org.springframework.transaction.PlatformTransactionManager' (OnClassCondition)
?[0m?[0;34m
?[0m?[0;34m   TransactionAutoConfiguration#platformTransactionManagerCustomizers matched:
?[0m?[0;34m      - @ConditionalOnMissingBean (types: org.springframework.boot.autoconfigure.transaction.TransactionManagerCustomizers; SearchStrategy: all) did not find any beans (OnBeanCondition)
?[0m?[0;34m
?[0m?[0;34m   TransactionAutoConfiguration.EnableTransactionManagementConfiguration matched:
?[0m?[0;34m      - @ConditionalOnBean (types: org.springframework.transaction.TransactionManager; SearchStrategy: all) found bean 'transactionManager'; @ConditionalOnMissingBean (types: org.springframework.transaction.annotation.AbstractTransactionManagementConfiguration; SearchStrategy: all) did not find any beans (OnBeanCondition)
?[0m?[0;34m
?[0m?[0;34m   TransactionAutoConfiguration.EnableTransactionManagementConfiguration.CglibAutoProxyConfiguration matched:
?[0m?[0;34m      - @ConditionalOnProperty (spring.aop.proxy-target-class=true) matched (OnPropertyCondition)
?[0m?[0;34m
?[0m?[0;34m   TransactionAutoConfiguration.TransactionTemplateConfiguration matched:
?[0m?[0;34m      - @ConditionalOnSingleCandidate (types: org.springframework.transaction.PlatformTransactionManager; SearchStrategy: all) found a primary bean from beans 'transactionManager' (OnBeanCondition)
?[0m?[0;34m
?[0m?[0;34m   TransactionAutoConfiguration.TransactionTemplateConfiguration#transactionTemplate matched:
?[0m?[0;34m      - @ConditionalOnMissingBean (types: org.springframework.transaction.support.TransactionOperations; SearchStrategy: all) did not find any beans (OnBeanCondition)
?[0m?[0;34m
?[0m?[0;34m   ValidationAutoConfiguration matched:
?[0m?[0;34m      - @ConditionalOnClass found required class 'javax.validation.executable.ExecutableValidator' (OnClassCondition)
?[0m?[0;34m      - @ConditionalOnResource found location classpath:META-INF/services/javax.validation.spi.ValidationProvider (OnResourceCondition)
?[0m?[0;34m
?[0m?[0;34m   ValidationAutoConfiguration#defaultValidator matched:
?[0m?[0;34m      - @ConditionalOnMissingBean (types: javax.validation.Validator; SearchStrategy: all) did not find any beans (OnBeanCondition)
?[0m?[0;34m
?[0m?[0;34m   ValidationAutoConfiguration#methodValidationPostProcessor matched:
?[0m?[0;34m      - @ConditionalOnMissingBean (types: org.springframework.validation.beanvalidation.MethodValidationPostProcessor; SearchStrategy: all) did not find any beans (OnBeanCondition)
?[0m?[0;34m
?[0m?[0;34m   WebEndpointAutoConfiguration matched:
?[0m?[0;34m      - @ConditionalOnWebApplication (required) found 'session' scope (OnWebApplicationCondition)
?[0m?[0;34m
?[0m?[0;34m   WebEndpointAutoConfiguration#controllerEndpointDiscoverer matched:
?[0m?[0;34m      - @ConditionalOnMissingBean (types: org.springframework.boot.actuate.endpoint.web.annotation.ControllerEndpointsSupplier; SearchStrategy: all) did not find any beans (OnBeanCondition)
?[0m?[0;34m
?[0m?[0;34m   WebEndpointAutoConfiguration#endpointMediaTypes matched:
?[0m?[0;34m      - @ConditionalOnMissingBean (types: org.springframework.boot.actuate.endpoint.web.EndpointMediaTypes; SearchStrategy: all) did not find any beans (OnBeanCondition)
?[0m?[0;34m
?[0m?[0;34m   WebEndpointAutoConfiguration#pathMappedEndpoints matched:
?[0m?[0;34m      - @ConditionalOnMissingBean (types: org.springframework.boot.actuate.endpoint.web.PathMappedEndpoints; SearchStrategy: all) did not find any beans (OnBeanCondition)
?[0m?[0;34m
?[0m?[0;34m   WebEndpointAutoConfiguration#webEndpointDiscoverer matched:
?[0m?[0;34m      - @ConditionalOnMissingBean (types: org.springframework.boot.actuate.endpoint.web.WebEndpointsSupplier; SearchStrategy: all) did not find any beans (OnBeanCondition)
?[0m?[0;34m
?[0m?[0;34m   WebEndpointAutoConfiguration.WebEndpointServletConfiguration matched:
?[0m?[0;34m      - found 'session' scope (OnWebApplicationCondition)
?[0m?[0;34m
?[0m?[0;34m   WebEndpointAutoConfiguration.WebEndpointServletConfiguration#servletEndpointDiscoverer matched:
?[0m?[0;34m      - @ConditionalOnMissingBean (types: org.springframework.boot.actuate.endpoint.web.annotation.ServletEndpointsSupplier; SearchStrategy: all) did not find any beans (OnBeanCondition)
?[0m?[0;34m
?[0m?[0;34m   WebMvcAutoConfiguration matched:
?[0m?[0;34m      - @ConditionalOnClass found required classes 'javax.servlet.Servlet', 'org.springframework.web.servlet.DispatcherServlet', 'org.springframework.web.servlet.config.annotation.WebMvcConfigurer' (OnClassCondition)
?[0m?[0;34m      - found 'session' scope (OnWebApplicationCondition)
?[0m?[0;34m      - @ConditionalOnMissingBean (types: org.springframework.web.servlet.config.annotation.WebMvcConfigurationSupport; SearchStrategy: all) did not find any beans (OnBeanCondition)
?[0m?[0;34m
?[0m?[0;34m   WebMvcAutoConfiguration#formContentFilter matched:
?[0m?[0;34m      - @ConditionalOnProperty (spring.mvc.formcontent.filter.enabled) matched (OnPropertyCondition)
?[0m?[0;34m      - @ConditionalOnMissingBean (types: org.springframework.web.filter.FormContentFilter; SearchStrategy: all) did not find any beans (OnBeanCondition)
?[0m?[0;34m
?[0m?[0;34m   WebMvcAutoConfiguration.EnableWebMvcConfiguration#flashMapManager matched:
?[0m?[0;34m      - @ConditionalOnMissingBean (names: flashMapManager; SearchStrategy: all) did not find any beans (OnBeanCondition)
?[0m?[0;34m
?[0m?[0;34m   WebMvcAutoConfiguration.EnableWebMvcConfiguration#localeResolver matched:
?[0m?[0;34m      - @ConditionalOnMissingBean (names: localeResolver; SearchStrategy: all) did not find any beans (OnBeanCondition)
?[0m?[0;34m
?[0m?[0;34m   WebMvcAutoConfiguration.EnableWebMvcConfiguration#themeResolver matched:
?[0m?[0;34m      - @ConditionalOnMissingBean (names: themeResolver; SearchStrategy: all) did not find any beans (OnBeanCondition)
?[0m?[0;34m
?[0m?[0;34m   WebMvcAutoConfiguration.WebMvcAutoConfigurationAdapter#defaultViewResolver matched:
?[0m?[0;34m      - @ConditionalOnMissingBean (types: org.springframework.web.servlet.view.InternalResourceViewResolver; SearchStrategy: all) did not find any beans (OnBeanCondition)
?[0m?[0;34m
?[0m?[0;34m   WebMvcAutoConfiguration.WebMvcAutoConfigurationAdapter#requestContextFilter matched:
?[0m?[0;34m      - @ConditionalOnMissingBean (types: org.springframework.web.context.request.RequestContextListener,org.springframework.web.filter.RequestContextFilter; SearchStrategy: all) did not find any beans (OnBeanCondition)
?[0m?[0;34m
?[0m?[0;34m   WebMvcAutoConfiguration.WebMvcAutoConfigurationAdapter#viewResolver matched:
?[0m?[0;34m      - @ConditionalOnBean (types: org.springframework.web.servlet.ViewResolver; SearchStrategy: all) found beans 'defaultViewResolver', 'beanNameViewResolver', 'mvcViewResolver'; @ConditionalOnMissingBean (names: viewResolver types: org.springframework.web.servlet.view.ContentNegotiatingViewResolver; SearchStrategy: all) did not find any beans (OnBeanCondition)
?[0m?[0;34m
?[0m?[0;34m   WebMvcEndpointManagementContextConfiguration matched:
?[0m?[0;34m      - @ConditionalOnClass found required class 'org.springframework.web.servlet.DispatcherServlet' (OnClassCondition)
?[0m?[0;34m      - found 'session' scope (OnWebApplicationCondition)
?[0m?[0;34m      - @ConditionalOnBean (types: org.springframework.web.servlet.DispatcherServlet,org.springframework.boot.actuate.endpoint.web.WebEndpointsSupplier; SearchStrategy: all) found beans 'webEndpointDiscoverer', 'dispatcherServlet' (OnBeanCondition)
?[0m?[0;34m
?[0m?[0;34m   WebMvcEndpointManagementContextConfiguration#controllerEndpointHandlerMapping matched:
?[0m?[0;34m      - @ConditionalOnMissingBean (types: org.springframework.boot.actuate.endpoint.web.servlet.ControllerEndpointHandlerMapping; SearchStrategy: all) did not find any beans (OnBeanCondition)
?[0m?[0;34m
?[0m?[0;34m   WebMvcEndpointManagementContextConfiguration#webEndpointServletHandlerMapping matched:
?[0m?[0;34m      - @ConditionalOnMissingBean (types: org.springframework.boot.actuate.endpoint.web.servlet.WebMvcEndpointHandlerMapping; SearchStrategy: all) did not find any beans (OnBeanCondition)
?[0m?[0;34m
?[0m?[0;34m   WebMvcMetricsAutoConfiguration matched:
?[0m?[0;34m      - @ConditionalOnClass found required class 'org.springframework.web.servlet.DispatcherServlet' (OnClassCondition)
?[0m?[0;34m      - found 'session' scope (OnWebApplicationCondition)
?[0m?[0;34m      - @ConditionalOnBean (types: io.micrometer.core.instrument.MeterRegistry; SearchStrategy: all) found bean 'simpleMeterRegistry' (OnBeanCondition)
?[0m?[0;34m
?[0m?[0;34m   WebMvcMetricsAutoConfiguration#webMvcTagsProvider matched:
?[0m?[0;34m      - @ConditionalOnMissingBean (types: org.springframework.boot.actuate.metrics.web.servlet.WebMvcTagsProvider; SearchStrategy: all) did not find any beans (OnBeanCondition)
?[0m?[0;34m
?[0m?[0;34m   WebSecurityEnablerConfiguration matched:
?[0m?[0;34m      - @ConditionalOnClass found required class 'org.springframework.security.config.annotation.web.configuration.EnableWebSecurity' (OnClassCondition)
?[0m?[0;34m      - found 'session' scope (OnWebApplicationCondition)
?[0m?[0;34m      - @ConditionalOnMissingBean (names: springSecurityFilterChain; SearchStrategy: all) did not find any beans (OnBeanCondition)
?[0m?[0;34m
?[0m?[0;34m   WebSocketServletAutoConfiguration matched:
?[0m?[0;34m      - @ConditionalOnClass found required classes 'javax.servlet.Servlet', 'javax.websocket.server.ServerContainer' (OnClassCondition)
?[0m?[0;34m      - found 'session' scope (OnWebApplicationCondition)
?[0m?[0;34m
?[0m?[0;34m   WebSocketServletAutoConfiguration.TomcatWebSocketConfiguration matched:
?[0m?[0;34m      - @ConditionalOnClass found required classes 'org.apache.catalina.startup.Tomcat', 'org.apache.tomcat.websocket.server.WsSci' (OnClassCondition)
?[0m?[0;34m
?[0m?[0;34m   WebSocketServletAutoConfiguration.TomcatWebSocketConfiguration#websocketServletWebServerCustomizer matched:
?[0m?[0;34m      - @ConditionalOnMissingBean (names: websocketServletWebServerCustomizer; SearchStrategy: all) did not find any beans (OnBeanCondition)
?[0m?[0;34m
?[0m?[0;34m
?[0m?[0;34mNegative matches:
?[0m?[0;34m-----------------
?[0m?[0;34m
?[0m?[0;34m   ActiveMQAutoConfiguration:
?[0m?[0;34m      Did not match:
?[0m?[0;34m         - @ConditionalOnClass did not find required class 'javax.jms.ConnectionFactory' (OnClassCondition)
?[0m?[0;34m
?[0m?[0;34m   AopAutoConfiguration.AspectJAutoProxyingConfiguration.JdkDynamicAutoProxyConfiguration:
?[0m?[0;34m      Did not match:
?[0m?[0;34m         - @ConditionalOnProperty (spring.aop.proxy-target-class=false) did not find property 'proxy-target-class' (OnPropertyCondition)
?[0m?[0;34m
?[0m?[0;34m   AopAutoConfiguration.ClassProxyingConfiguration:
?[0m?[0;34m      Did not match:
?[0m?[0;34m         - @ConditionalOnMissingClass found unwanted class 'org.aspectj.weaver.Advice' (OnClassCondition)
?[0m?[0;34m
?[0m?[0;34m   AppOpticsMetricsExportAutoConfiguration:
?[0m?[0;34m      Did not match:
?[0m?[0;34m         - @ConditionalOnClass did not find required class 'io.micrometer.appoptics.AppOpticsMeterRegistry' (OnClassCondition)
?[0m?[0;34m
?[0m?[0;34m   ArtemisAutoConfiguration:
?[0m?[0;34m      Did not match:
?[0m?[0;34m         - @ConditionalOnClass did not find required class 'javax.jms.ConnectionFactory' (OnClassCondition)
?[0m?[0;34m
?[0m?[0;34m   AtlasMetricsExportAutoConfiguration:
?[0m?[0;34m      Did not match:
?[0m?[0;34m         - @ConditionalOnClass did not find required class 'io.micrometer.atlas.AtlasMeterRegistry' (OnClassCondition)
?[0m?[0;34m
?[0m?[0;34m   AtomikosJtaConfiguration:
?[0m?[0;34m      Did not match:
?[0m?[0;34m         - @ConditionalOnClass did not find required class 'com.atomikos.icatch.jta.UserTransactionManager' (OnClassCondition)
?[0m?[0;34m
?[0m?[0;34m   AuditAutoConfiguration:
?[0m?[0;34m      Did not match:
?[0m?[0;34m         - @ConditionalOnBean (types: org.springframework.boot.actuate.audit.AuditEventRepository; SearchStrategy: all) did not find any beans of type org.springframework.boot.actuate.audit.AuditEventRepository (OnBeanCondition)
?[0m?[0;34m      Matched:
?[0m?[0;34m         - @ConditionalOnProperty (management.auditevents.enabled) matched (OnPropertyCondition)
?[0m?[0;34m
?[0m?[0;34m   AuditEventsEndpointAutoConfiguration#auditEventsEndpoint:
?[0m?[0;34m      Did not match:
?[0m?[0;34m         - @ConditionalOnBean (types: org.springframework.boot.actuate.audit.AuditEventRepository; SearchStrategy: all) did not find any beans of type org.springframework.boot.actuate.audit.AuditEventRepository (OnBeanCondition)
?[0m?[0;34m
?[0m?[0;34m   AvailabilityHealthContributorAutoConfiguration#livenessStateHealthIndicator:
?[0m?[0;34m      Did not match:
?[0m?[0;34m         - @ConditionalOnProperty (management.health.livenessstate.enabled=true) did not find property 'enabled' (OnPropertyCondition)
?[0m?[0;34m
?[0m?[0;34m   AvailabilityHealthContributorAutoConfiguration#readinessStateHealthIndicator:
?[0m?[0;34m      Did not match:
?[0m?[0;34m         - @ConditionalOnProperty (management.health.readinessstate.enabled=true) did not find property 'enabled' (OnPropertyCondition)
?[0m?[0;34m
?[0m?[0;34m   AvailabilityProbesAutoConfiguration:
?[0m?[0;34m      Did not match:
?[0m?[0;34m         - Probes availability not running on a supported cloud platform (AvailabilityProbesAutoConfiguration.ProbesCondition)
?[0m?[0;34m
?[0m?[0;34m   BatchAutoConfiguration:
?[0m?[0;34m      Did not match:
?[0m?[0;34m         - @ConditionalOnClass did not find required class 'org.springframework.batch.core.launch.JobLauncher' (OnClassCondition)
?[0m?[0;34m
?[0m?[0;34m   CacheAutoConfiguration:
?[0m?[0;34m      Did not match:
?[0m?[0;34m         - @ConditionalOnBean (types: org.springframework.cache.interceptor.CacheAspectSupport; SearchStrategy: all) did not find any beans of type org.springframework.cache.interceptor.CacheAspectSupport (OnBeanCondition)
?[0m?[0;34m      Matched:
?[0m?[0;34m         - @ConditionalOnClass found required class 'org.springframework.cache.CacheManager' (OnClassCondition)
?[0m?[0;34m
?[0m?[0;34m   CacheAutoConfiguration.CacheManagerEntityManagerFactoryDependsOnPostProcessor:
?[0m?[0;34m      Did not match:
?[0m?[0;34m         - Ancestor org.springframework.boot.autoconfigure.cache.CacheAutoConfiguration did not match (ConditionEvaluationReport.AncestorsMatchedCondition)
?[0m?[0;34m      Matched:
?[0m?[0;34m         - @ConditionalOnClass found required class 'org.springframework.orm.jpa.LocalContainerEntityManagerFactoryBean' (OnClassCondition)
?[0m?[0;34m
?[0m?[0;34m   CacheMeterBinderProvidersConfiguration.CaffeineCacheMeterBinderProviderConfiguration:
?[0m?[0;34m      Did not match:
?[0m?[0;34m         - @ConditionalOnClass did not find required classes 'org.springframework.cache.caffeine.CaffeineCache', 'com.github.benmanes.caffeine.cache.Cache' (OnClassCondition)
?[0m?[0;34m
?[0m?[0;34m   CacheMeterBinderProvidersConfiguration.EhCache2CacheMeterBinderProviderConfiguration:
?[0m?[0;34m      Did not match:
?[0m?[0;34m         - @ConditionalOnClass did not find required classes 'org.springframework.cache.ehcache.EhCacheCache', 'net.sf.ehcache.Ehcache' (OnClassCondition)
?[0m?[0;34m
?[0m?[0;34m   CacheMeterBinderProvidersConfiguration.HazelcastCacheMeterBinderProviderConfiguration:
?[0m?[0;34m      Did not match:
?[0m?[0;34m         - @ConditionalOnClass did not find required classes 'com.hazelcast.spring.cache.HazelcastCache', 'com.hazelcast.core.Hazelcast' (OnClassCondition)
?[0m?[0;34m
?[0m?[0;34m   CacheMeterBinderProvidersConfiguration.JCacheCacheMeterBinderProviderConfiguration:
?[0m?[0;34m      Did not match:
?[0m?[0;34m         - @ConditionalOnClass did not find required classes 'org.springframework.cache.jcache.JCacheCache', 'javax.cache.CacheManager' (OnClassCondition)
?[0m?[0;34m
?[0m?[0;34m   CacheMeterBinderProvidersConfiguration.RedisCacheMeterBinderProviderConfiguration:
?[0m?[0;34m      Did not match:
?[0m?[0;34m         - @ConditionalOnClass did not find required class 'org.springframework.data.redis.cache.RedisCache' (OnClassCondition)
?[0m?[0;34m
?[0m?[0;34m   CacheMetricsAutoConfiguration:
?[0m?[0;34m      Did not match:
?[0m?[0;34m         - @ConditionalOnBean (types: org.springframework.cache.CacheManager; SearchStrategy: all) did not find any beans of type org.springframework.cache.CacheManager (OnBeanCondition)
?[0m?[0;34m
?[0m?[0;34m   CaffeineCacheConfiguration:
?[0m?[0;34m      Did not match:
?[0m?[0;34m         - @ConditionalOnClass did not find required class 'com.github.benmanes.caffeine.cache.Caffeine' (OnClassCondition)
?[0m?[0;34m
?[0m?[0;34m   CassandraAutoConfiguration:
?[0m?[0;34m      Did not match:
?[0m?[0;34m         - @ConditionalOnClass did not find required class 'com.datastax.oss.driver.api.core.CqlSession' (OnClassCondition)
?[0m?[0;34m
?[0m?[0;34m   CassandraDataAutoConfiguration:
?[0m?[0;34m      Did not match:
?[0m?[0;34m         - @ConditionalOnClass did not find required class 'com.datastax.oss.driver.api.core.CqlSession' (OnClassCondition)
?[0m?[0;34m
?[0m?[0;34m   CassandraHealthContributorAutoConfiguration:
?[0m?[0;34m      Did not match:
?[0m?[0;34m         - @ConditionalOnClass did not find required class 'com.datastax.oss.driver.api.core.CqlSession' (OnClassCondition)
?[0m?[0;34m
?[0m?[0;34m   CassandraReactiveDataAutoConfiguration:
?[0m?[0;34m      Did not match:
?[0m?[0;34m         - @ConditionalOnClass did not find required class 'com.datastax.oss.driver.api.core.CqlSession' (OnClassCondition)
?[0m?[0;34m
?[0m?[0;34m   CassandraReactiveHealthContributorAutoConfiguration:
?[0m?[0;34m      Did not match:
?[0m?[0;34m         - @ConditionalOnClass did not find required class 'com.datastax.oss.driver.api.core.CqlSession' (OnClassCondition)
?[0m?[0;34m
?[0m?[0;34m   CassandraReactiveRepositoriesAutoConfiguration:
?[0m?[0;34m      Did not match:
?[0m?[0;34m         - @ConditionalOnClass did not find required class 'org.springframework.data.cassandra.ReactiveSession' (OnClassCondition)
?[0m?[0;34m
?[0m?[0;34m   CassandraRepositoriesAutoConfiguration:
?[0m?[0;34m      Did not match:
?[0m?[0;34m         - @ConditionalOnClass did not find required class 'com.datastax.oss.driver.api.core.CqlSession' (OnClassCondition)
?[0m?[0;34m
?[0m?[0;34m   ClientHttpConnectorAutoConfiguration:
?[0m?[0;34m      Did not match:
?[0m?[0;34m         - @ConditionalOnClass did not find required class 'org.springframework.web.reactive.function.client.WebClient' (OnClassCondition)
?[0m?[0;34m
?[0m?[0;34m   CloudFoundryActuatorAutoConfiguration:
?[0m?[0;34m      Did not match:
?[0m?[0;34m         - @ConditionalOnCloudPlatform did not find CLOUD_FOUNDRY (OnCloudPlatformCondition)
?[0m?[0;34m      Matched:
?[0m?[0;34m         - @ConditionalOnClass found required class 'org.springframework.web.servlet.DispatcherServlet' (OnClassCondition)
?[0m?[0;34m         - found 'session' scope (OnWebApplicationCondition)
?[0m?[0;34m         - @ConditionalOnProperty (management.cloudfoundry.enabled) matched (OnPropertyCondition)
?[0m?[0;34m
?[0m?[0;34m   CodecsAutoConfiguration:
?[0m?[0;34m      Did not match:
?[0m?[0;34m         - @ConditionalOnClass did not find required class 'org.springframework.web.reactive.function.client.WebClient' (OnClassCondition)
?[0m?[0;34m
?[0m?[0;34m   CompositeMeterRegistryConfiguration:
?[0m?[0;34m      Did not match:
?[0m?[0;34m         - NoneNestedConditions 1 matched 1 did not; NestedCondition on CompositeMeterRegistryConfiguration.MultipleNonPrimaryMeterRegistriesCondition.SingleInjectableMeterRegistry @ConditionalOnSingleCandidate (types: io.micrometer.core.instrument.MeterRegistry; SearchStrategy: all) found a primary bean from beans 'simpleMeterRegistry'; NestedCondition on CompositeMeterRegistryConfiguration.MultipleNonPrimaryMeterRegistriesCondition.NoMeterRegistryCondition @ConditionalOnMissingBean (types: io.micrometer.core.instrument.MeterRegistry; SearchStrategy: all) found beans of type 'io.micrometer.core.instrument.MeterRegistry' simpleMeterRegistry (CompositeMeterRegistryConfiguration.MultipleNonPrimaryMeterRegistriesCondition)
?[0m?[0;34m
?[0m?[0;34m   ConnectionFactoryHealthContributorAutoConfiguration:
?[0m?[0;34m      Did not match:
?[0m?[0;34m         - @ConditionalOnClass did not find required class 'io.r2dbc.spi.ConnectionFactory' (OnClassCondition)
?[0m?[0;34m
?[0m?[0;34m   ConnectionPoolMetricsAutoConfiguration:
?[0m?[0;34m      Did not match:
?[0m?[0;34m         - @ConditionalOnClass did not find required class 'io.r2dbc.pool.ConnectionPool' (OnClassCondition)
?[0m?[0;34m
?[0m?[0;34m   CouchbaseAutoConfiguration:
?[0m?[0;34m      Did not match:
?[0m?[0;34m         - @ConditionalOnClass did not find required class 'com.couchbase.client.java.Cluster' (OnClassCondition)
?[0m?[0;34m
?[0m?[0;34m   CouchbaseCacheConfiguration:
?[0m?[0;34m      Did not match:
?[0m?[0;34m         - @ConditionalOnClass did not find required class 'com.couchbase.client.java.Cluster' (OnClassCondition)
?[0m?[0;34m
?[0m?[0;34m   CouchbaseDataAutoConfiguration:
?[0m?[0;34m      Did not match:
?[0m?[0;34m         - @ConditionalOnClass did not find required class 'com.couchbase.client.java.Bucket' (OnClassCondition)
?[0m?[0;34m
?[0m?[0;34m   CouchbaseHealthContributorAutoConfiguration:
?[0m?[0;34m      Did not match:
?[0m?[0;34m         - @ConditionalOnClass did not find required class 'com.couchbase.client.java.Cluster' (OnClassCondition)
?[0m?[0;34m
?[0m?[0;34m   CouchbaseReactiveDataAutoConfiguration:
?[0m?[0;34m      Did not match:
?[0m?[0;34m         - @ConditionalOnClass did not find required class 'com.couchbase.client.java.Cluster' (OnClassCondition)
?[0m?[0;34m
?[0m?[0;34m   CouchbaseReactiveHealthContributorAutoConfiguration:
?[0m?[0;34m      Did not match:
?[0m?[0;34m         - @ConditionalOnClass did not find required class 'com.couchbase.client.java.Cluster' (OnClassCondition)
?[0m?[0;34m
?[0m?[0;34m   CouchbaseReactiveRepositoriesAutoConfiguration:
?[0m?[0;34m      Did not match:
?[0m?[0;34m         - @ConditionalOnClass did not find required class 'com.couchbase.client.java.Cluster' (OnClassCondition)
?[0m?[0;34m
?[0m?[0;34m   CouchbaseRepositoriesAutoConfiguration:
?[0m?[0;34m      Did not match:
?[0m?[0;34m         - @ConditionalOnClass did not find required class 'com.couchbase.client.java.Bucket' (OnClassCondition)
?[0m?[0;34m
?[0m?[0;34m   DataSourceAutoConfiguration.EmbeddedDatabaseConfiguration:
?[0m?[0;34m      Did not match:
?[0m?[0;34m         - EmbeddedDataSource spring.datasource.url is set (DataSourceAutoConfiguration.EmbeddedDatabaseCondition)
?[0m?[0;34m
?[0m?[0;34m   DataSourceConfiguration.Dbcp2:
?[0m?[0;34m      Did not match:
?[0m?[0;34m         - @ConditionalOnClass did not find required class 'org.apache.commons.dbcp2.BasicDataSource' (OnClassCondition)
?[0m?[0;34m
?[0m?[0;34m   DataSourceConfiguration.Generic:
?[0m?[0;34m      Did not match:
?[0m?[0;34m         - @ConditionalOnProperty (spring.datasource.type) did not find property 'spring.datasource.type' (OnPropertyCondition)
?[0m?[0;34m
?[0m?[0;34m   DataSourceConfiguration.OracleUcp:
?[0m?[0;34m      Did not match:
?[0m?[0;34m         - @ConditionalOnClass did not find required classes 'oracle.ucp.jdbc.PoolDataSourceImpl', 'oracle.jdbc.OracleConnection' (OnClassCondition)
?[0m?[0;34m
?[0m?[0;34m   DataSourceConfiguration.Tomcat:
?[0m?[0;34m      Did not match:
?[0m?[0;34m         - @ConditionalOnClass did not find required class 'org.apache.tomcat.jdbc.pool.DataSource' (OnClassCondition)
?[0m?[0;34m
?[0m?[0;34m   DataSourceInitializationConfiguration.InitializationSpecificCredentialsDataSourceInitializationConfiguration:
?[0m?[0;34m      Did not match:
?[0m?[0;34m         - AnyNestedCondition 0 matched 2 did not; NestedCondition on DataSourceInitializationConfiguration.InitializationSpecificCredentialsDataSourceInitializationConfiguration.DifferentCredentialsCondition.DataCredentials @ConditionalOnProperty (spring.datasource.data-username) did not find property 'data-username'; NestedCondition on DataSourceInitializationConfiguration.InitializationSpecificCredentialsDataSourceInitializationConfiguration.DifferentCredentialsCondition.SchemaCredentials @ConditionalOnProperty (spring.datasource.schema-username) did not find property 'schema-username' (DataSourceInitializationConfiguration.InitializationSpecificCredentialsDataSourceInitializationConfiguration.DifferentCredentialsCondition)
?[0m?[0;34m
?[0m?[0;34m   DataSourceInitializationConfiguration.SharedCredentialsDataSourceInitializationConfiguration:
?[0m?[0;34m      Did not match:
?[0m?[0;34m         - DataSource Initialization did not find configured properties spring.datasource.data-username, spring.datasource.schema-password, spring.datasource.schema[0], spring.datasource.data[0], spring.datasource.data, spring.datasource.schema-username, spring.datasource.data-password, spring.datasource.initialization-mode, spring.datasource.schema, spring.datasource.sql-script-encoding, spring.datasource.separator, spring.datasource.platform, spring.datasource.continue-on-error (DataSourceInitializationConfiguration.SharedCredentialsDataSourceInitializationConfiguration.DataSourceInitializationCondition)
?[0m?[0;34m
?[0m?[0;34m   DataSourceJmxConfiguration.TomcatDataSourceJmxConfiguration:
?[0m?[0;34m      Did not match:
?[0m?[0;34m         - @ConditionalOnClass did not find required class 'org.apache.tomcat.jdbc.pool.DataSourceProxy' (OnClassCondition)
?[0m?[0;34m
?[0m?[0;34m   DataSourcePoolMetadataProvidersConfiguration.CommonsDbcp2PoolDataSourceMetadataProviderConfiguration:
?[0m?[0;34m      Did not match:
?[0m?[0;34m         - @ConditionalOnClass did not find required class 'org.apache.commons.dbcp2.BasicDataSource' (OnClassCondition)
?[0m?[0;34m
?[0m?[0;34m   DataSourcePoolMetadataProvidersConfiguration.OracleUcpPoolDataSourceMetadataProviderConfiguration:
?[0m?[0;34m      Did not match:
?[0m?[0;34m         - @ConditionalOnClass did not find required classes 'oracle.ucp.jdbc.PoolDataSource', 'oracle.jdbc.OracleConnection' (OnClassCondition)
?[0m?[0;34m
?[0m?[0;34m   DataSourcePoolMetadataProvidersConfiguration.TomcatDataSourcePoolMetadataProviderConfiguration:
?[0m?[0;34m      Did not match:
?[0m?[0;34m         - @ConditionalOnClass did not find required class 'org.apache.tomcat.jdbc.pool.DataSource' (OnClassCondition)
?[0m?[0;34m
?[0m?[0;34m   DataSourceTransactionManagerAutoConfiguration.JdbcTransactionManagerConfiguration#transactionManager:
?[0m?[0;34m      Did not match:
?[0m?[0;34m         - @ConditionalOnMissingBean (types: org.springframework.transaction.TransactionManager; SearchStrategy: all) found beans of type 'org.springframework.transaction.TransactionManager' transactionManager (OnBeanCondition)
?[0m?[0;34m
?[0m?[0;34m   DatadogMetricsExportAutoConfiguration:
?[0m?[0;34m      Did not match:
?[0m?[0;34m         - @ConditionalOnClass did not find required class 'io.micrometer.datadog.DatadogMeterRegistry' (OnClassCondition)
?[0m?[0;34m
?[0m?[0;34m   DispatcherServletAutoConfiguration.DispatcherServletConfiguration#multipartResolver:
?[0m?[0;34m      Did not match:
?[0m?[0;34m         - @ConditionalOnBean (types: org.springframework.web.multipart.MultipartResolver; SearchStrategy: all) did not find any beans of type org.springframework.web.multipart.MultipartResolver (OnBeanCondition)
?[0m?[0;34m
?[0m?[0;34m   DynatraceMetricsExportAutoConfiguration:
?[0m?[0;34m      Did not match:
?[0m?[0;34m         - @ConditionalOnClass did not find required class 'io.micrometer.dynatrace.DynatraceMeterRegistry' (OnClassCondition)
?[0m?[0;34m
?[0m?[0;34m   EhCacheCacheConfiguration:
?[0m?[0;34m      Did not match:
?[0m?[0;34m         - @ConditionalOnClass did not find required class 'net.sf.ehcache.Cache' (OnClassCondition)
?[0m?[0;34m
?[0m?[0;34m   ElasticMetricsExportAutoConfiguration:
?[0m?[0;34m      Did not match:
?[0m?[0;34m         - @ConditionalOnClass did not find required class 'io.micrometer.elastic.ElasticMeterRegistry' (OnClassCondition)
?[0m?[0;34m
?[0m?[0;34m   ElasticSearchReactiveHealthContributorAutoConfiguration:
?[0m?[0;34m      Did not match:
?[0m?[0;34m         - @ConditionalOnClass did not find required class 'reactor.core.publisher.Flux' (OnClassCondition)
?[0m?[0;34m
?[0m?[0;34m   ElasticSearchRestHealthContributorAutoConfiguration:
?[0m?[0;34m      Did not match:
?[0m?[0;34m         - @ConditionalOnClass did not find required class 'org.elasticsearch.client.RestHighLevelClient' (OnClassCondition)
?[0m?[0;34m
?[0m?[0;34m   ElasticsearchDataAutoConfiguration:
?[0m?[0;34m      Did not match:
?[0m?[0;34m         - @ConditionalOnClass did not find required class 'org.springframework.data.elasticsearch.core.ElasticsearchRestTemplate' (OnClassCondition)
?[0m?[0;34m
?[0m?[0;34m   ElasticsearchRepositoriesAutoConfiguration:
?[0m?[0;34m      Did not match:
?[0m?[0;34m         - @ConditionalOnClass did not find required class 'org.elasticsearch.client.Client' (OnClassCondition)
?[0m?[0;34m
?[0m?[0;34m   ElasticsearchRestClientAutoConfiguration:
?[0m?[0;34m      Did not match:
?[0m?[0;34m         - @ConditionalOnClass did not find required class 'org.elasticsearch.client.RestHighLevelClient' (OnClassCondition)
?[0m?[0;34m
?[0m?[0;34m   EmbeddedLdapAutoConfiguration:
?[0m?[0;34m      Did not match:
?[0m?[0;34m         - @ConditionalOnClass did not find required class 'com.unboundid.ldap.listener.InMemoryDirectoryServer' (OnClassCondition)
?[0m?[0;34m
?[0m?[0;34m   EmbeddedMongoAutoConfiguration:
?[0m?[0;34m      Did not match:
?[0m?[0;34m         - @ConditionalOnClass did not find required class 'com.mongodb.MongoClientSettings' (OnClassCondition)
?[0m?[0;34m
?[0m?[0;34m   EmbeddedWebServerFactoryCustomizerAutoConfiguration.JettyWebServerFactoryCustomizerConfiguration:
?[0m?[0;34m      Did not match:
?[0m?[0;34m         - @ConditionalOnClass did not find required classes 'org.eclipse.jetty.server.Server', 'org.eclipse.jetty.util.Loader', 'org.eclipse.jetty.webapp.WebAppContext' (OnClassCondition)
?[0m?[0;34m
?[0m?[0;34m   EmbeddedWebServerFactoryCustomizerAutoConfiguration.NettyWebServerFactoryCustomizerConfiguration:
?[0m?[0;34m      Did not match:
?[0m?[0;34m         - @ConditionalOnClass did not find required class 'reactor.netty.http.server.HttpServer' (OnClassCondition)
?[0m?[0;34m
?[0m?[0;34m   EmbeddedWebServerFactoryCustomizerAutoConfiguration.UndertowWebServerFactoryCustomizerConfiguration:
?[0m?[0;34m      Did not match:
?[0m?[0;34m         - @ConditionalOnClass did not find required classes 'io.undertow.Undertow', 'org.xnio.SslClientAuthMode' (OnClassCondition)
?[0m?[0;34m
?[0m?[0;34m   ErrorWebFluxAutoConfiguration:
?[0m?[0;34m      Did not match:
?[0m?[0;34m         - @ConditionalOnClass did not find required class 'org.springframework.web.reactive.config.WebFluxConfigurer' (OnClassCondition)
?[0m?[0;34m
?[0m?[0;34m   FlywayAutoConfiguration:
?[0m?[0;34m      Did not match:
?[0m?[0;34m         - @ConditionalOnClass did not find required class 'org.flywaydb.core.Flyway' (OnClassCondition)
?[0m?[0;34m
?[0m?[0;34m   FlywayEndpointAutoConfiguration:
?[0m?[0;34m      Did not match:
?[0m?[0;34m         - @ConditionalOnClass did not find required class 'org.flywaydb.core.Flyway' (OnClassCondition)
?[0m?[0;34m
?[0m?[0;34m   FreeMarkerAutoConfiguration:
?[0m?[0;34m      Did not match:
?[0m?[0;34m         - @ConditionalOnClass did not find required class 'freemarker.template.Configuration' (OnClassCondition)
?[0m?[0;34m
?[0m?[0;34m   GangliaMetricsExportAutoConfiguration:
?[0m?[0;34m      Did not match:
?[0m?[0;34m         - @ConditionalOnClass did not find required class 'io.micrometer.ganglia.GangliaMeterRegistry' (OnClassCondition)
?[0m?[0;34m
?[0m?[0;34m   GraphiteMetricsExportAutoConfiguration:
?[0m?[0;34m      Did not match:
?[0m?[0;34m         - @ConditionalOnClass did not find required class 'io.micrometer.graphite.GraphiteMeterRegistry' (OnClassCondition)
?[0m?[0;34m
?[0m?[0;34m   GroovyTemplateAutoConfiguration:
?[0m?[0;34m      Did not match:
?[0m?[0;34m         - @ConditionalOnClass did not find required class 'groovy.text.markup.MarkupTemplateEngine' (OnClassCondition)
?[0m?[0;34m
?[0m?[0;34m   GsonHttpMessageConvertersConfiguration.GsonHttpMessageConverterConfiguration:
?[0m?[0;34m      Did not match:
?[0m?[0;34m         - AnyNestedCondition 0 matched 2 did not; NestedCondition on GsonHttpMessageConvertersConfiguration.PreferGsonOrJacksonAndJsonbUnavailableCondition.JacksonJsonbUnavailable NoneNestedConditions 1 matched 1 did not; NestedCondition on GsonHttpMessageConvertersConfiguration.JacksonAndJsonbUnavailableCondition.JsonbPreferred @ConditionalOnProperty (spring.mvc.converters.preferred-json-mapper=jsonb) did not find property 'spring.mvc.converters.preferred-json-mapper'; NestedCondition on GsonHttpMessageConvertersConfiguration.JacksonAndJsonbUnavailableCondition.JacksonAvailable @ConditionalOnBean (types: org.springframework.http.converter.json.MappingJackson2HttpMessageConverter; SearchStrategy: all) found bean 'mappingJackson2HttpMessageConverter'; NestedCondition on GsonHttpMessageConvertersConfiguration.PreferGsonOrJacksonAndJsonbUnavailableCondition.GsonPreferred @ConditionalOnProperty (spring.mvc.converters.preferred-json-mapper=gson) did not find property 'spring.mvc.converters.preferred-json-mapper' (GsonHttpMessageConvertersConfiguration.PreferGsonOrJacksonAndJsonbUnavailableCondition)
?[0m?[0;34m
?[0m?[0;34m   HazelcastAutoConfiguration:
?[0m?[0;34m      Did not match:
?[0m?[0;34m         - @ConditionalOnClass did not find required class 'com.hazelcast.core.HazelcastInstance' (OnClassCondition)
?[0m?[0;34m
?[0m?[0;34m   HazelcastCacheConfiguration:
?[0m?[0;34m      Did not match:
?[0m?[0;34m         - @ConditionalOnClass did not find required class 'com.hazelcast.core.HazelcastInstance' (OnClassCondition)
?[0m?[0;34m
?[0m?[0;34m   HazelcastHealthContributorAutoConfiguration:
?[0m?[0;34m      Did not match:
?[0m?[0;34m         - @ConditionalOnClass did not find required class 'com.hazelcast.core.HazelcastInstance' (OnClassCondition)
?[0m?[0;34m
?[0m?[0;34m   HazelcastJpaDependencyAutoConfiguration:
?[0m?[0;34m      Did not match:
?[0m?[0;34m         - @ConditionalOnClass did not find required class 'com.hazelcast.core.HazelcastInstance' (OnClassCondition)
?[0m?[0;34m
?[0m?[0;34m   HealthEndpointReactiveWebExtensionConfiguration:
?[0m?[0;34m      Did not match:
?[0m?[0;34m         - did not find reactive web application classes (OnWebApplicationCondition)
?[0m?[0;34m
?[0m?[0;34m   HibernateMetricsAutoConfiguration:
?[0m?[0;34m      Did not match:
?[0m?[0;34m         - @ConditionalOnClass did not find required class 'org.hibernate.stat.HibernateMetrics' (OnClassCondition)
?[0m?[0;34m
?[0m?[0;34m   HttpHandlerAutoConfiguration:
?[0m?[0;34m      Did not match:
?[0m?[0;34m         - @ConditionalOnClass did not find required class 'org.springframework.web.reactive.DispatcherHandler' (OnClassCondition)
?[0m?[0;34m
?[0m?[0;34m   HttpTraceAutoConfiguration:
?[0m?[0;34m      Did not match:
?[0m?[0;34m         - @ConditionalOnBean (types: org.springframework.boot.actuate.trace.http.HttpTraceRepository; SearchStrategy: all) did not find any beans of type org.springframework.boot.actuate.trace.http.HttpTraceRepository (OnBeanCondition)
?[0m?[0;34m      Matched:
?[0m?[0;34m         - @ConditionalOnWebApplication (required) found 'session' scope (OnWebApplicationCondition)
?[0m?[0;34m         - @ConditionalOnProperty (management.trace.http.enabled) matched (OnPropertyCondition)
?[0m?[0;34m
?[0m?[0;34m   HttpTraceAutoConfiguration.ReactiveTraceFilterConfiguration:
?[0m?[0;34m      Did not match:
?[0m?[0;34m         - did not find reactive web application classes (OnWebApplicationCondition)
?[0m?[0;34m         - Ancestor org.springframework.boot.actuate.autoconfigure.trace.http.HttpTraceAutoConfiguration did not match (ConditionEvaluationReport.AncestorsMatchedCondition)
?[0m?[0;34m
?[0m?[0;34m   HttpTraceAutoConfiguration.ServletTraceFilterConfiguration:
?[0m?[0;34m      Did not match:
?[0m?[0;34m         - Ancestor org.springframework.boot.actuate.autoconfigure.trace.http.HttpTraceAutoConfiguration did not match (ConditionEvaluationReport.AncestorsMatchedCondition)
?[0m?[0;34m      Matched:
?[0m?[0;34m         - found 'session' scope (OnWebApplicationCondition)
?[0m?[0;34m
?[0m?[0;34m   HttpTraceEndpointAutoConfiguration#httpTraceEndpoint:
?[0m?[0;34m      Did not match:
?[0m?[0;34m         - @ConditionalOnBean (types: org.springframework.boot.actuate.trace.http.HttpTraceRepository; SearchStrategy: all) did not find any beans of type org.springframework.boot.actuate.trace.http.HttpTraceRepository (OnBeanCondition)
?[0m?[0;34m
?[0m?[0;34m   HumioMetricsExportAutoConfiguration:
?[0m?[0;34m      Did not match:
?[0m?[0;34m         - @ConditionalOnClass did not find required class 'io.micrometer.humio.HumioMeterRegistry' (OnClassCondition)
?[0m?[0;34m
?[0m?[0;34m   HypermediaAutoConfiguration:
?[0m?[0;34m      Did not match:
?[0m?[0;34m         - @ConditionalOnClass did not find required class 'org.springframework.hateoas.EntityModel' (OnClassCondition)
?[0m?[0;34m
?[0m?[0;34m   InfinispanCacheConfiguration:
?[0m?[0;34m      Did not match:
?[0m?[0;34m         - @ConditionalOnClass did not find required class 'org.infinispan.spring.embedded.provider.SpringEmbeddedCacheManager' (OnClassCondition)
?[0m?[0;34m
?[0m?[0;34m   InfluxDbAutoConfiguration:
?[0m?[0;34m      Did not match:
?[0m?[0;34m         - @ConditionalOnClass did not find required class 'org.influxdb.InfluxDB' (OnClassCondition)
?[0m?[0;34m
?[0m?[0;34m   InfluxDbHealthContributorAutoConfiguration:
?[0m?[0;34m      Did not match:
?[0m?[0;34m         - @ConditionalOnClass did not find required class 'org.influxdb.InfluxDB' (OnClassCondition)
?[0m?[0;34m
?[0m?[0;34m   InfluxMetricsExportAutoConfiguration:
?[0m?[0;34m      Did not match:
?[0m?[0;34m         - @ConditionalOnClass did not find required class 'io.micrometer.influx.InfluxMeterRegistry' (OnClassCondition)
?[0m?[0;34m
?[0m?[0;34m   InfoContributorAutoConfiguration#buildInfoContributor:
?[0m?[0;34m      Did not match:
?[0m?[0;34m         - @ConditionalOnSingleCandidate (types: org.springframework.boot.info.BuildProperties; SearchStrategy: all) did not find any beans (OnBeanCondition)
?[0m?[0;34m      Matched:
?[0m?[0;34m         - @ConditionalOnEnabledInfoContributor management.info.defaults.enabled is considered true (OnEnabledInfoContributorCondition)
?[0m?[0;34m
?[0m?[0;34m   InfoContributorAutoConfiguration#gitInfoContributor:
?[0m?[0;34m      Did not match:
?[0m?[0;34m         - @ConditionalOnSingleCandidate (types: org.springframework.boot.info.GitProperties; SearchStrategy: all) did not find any beans (OnBeanCondition)
?[0m?[0;34m      Matched:
?[0m?[0;34m         - @ConditionalOnEnabledInfoContributor management.info.defaults.enabled is considered true (OnEnabledInfoContributorCondition)
?[0m?[0;34m
?[0m?[0;34m   IntegrationAutoConfiguration:
?[0m?[0;34m      Did not match:
?[0m?[0;34m         - @ConditionalOnClass did not find required class 'org.springframework.integration.config.EnableIntegration' (OnClassCondition)
?[0m?[0;34m
?[0m?[0;34m   IntegrationGraphEndpointAutoConfiguration:
?[0m?[0;34m      Did not match:
?[0m?[0;34m         - @ConditionalOnClass did not find required class 'org.springframework.integration.graph.IntegrationGraphServer' (OnClassCondition)
?[0m?[0;34m
?[0m?[0;34m   JCacheCacheConfiguration:
?[0m?[0;34m      Did not match:
?[0m?[0;34m         - @ConditionalOnClass did not find required class 'javax.cache.Caching' (OnClassCondition)
?[0m?[0;34m
?[0m?[0;34m   JacksonHttpMessageConvertersConfiguration.MappingJackson2XmlHttpMessageConverterConfiguration:
?[0m?[0;34m      Did not match:
?[0m?[0;34m         - @ConditionalOnClass did not find required class 'com.fasterxml.jackson.dataformat.xml.XmlMapper' (OnClassCondition)
?[0m?[0;34m
?[0m?[0;34m   JdbcRepositoriesAutoConfiguration:
?[0m?[0;34m      Did not match:
?[0m?[0;34m         - @ConditionalOnClass did not find required class 'org.springframework.data.jdbc.repository.config.AbstractJdbcConfiguration' (OnClassCondition)
?[0m?[0;34m
?[0m?[0;34m   JerseyAutoConfiguration:
?[0m?[0;34m      Did not match:
?[0m?[0;34m         - @ConditionalOnClass did not find required class 'org.glassfish.jersey.server.spring.SpringComponentProvider' (OnClassCondition)
?[0m?[0;34m
?[0m?[0;34m   JerseySameManagementContextConfiguration:
?[0m?[0;34m      Did not match:
?[0m?[0;34m         - @ConditionalOnClass did not find required class 'org.glassfish.jersey.server.ResourceConfig' (OnClassCondition)
?[0m?[0;34m
?[0m?[0;34m   JerseyServerMetricsAutoConfiguration:
?[0m?[0;34m      Did not match:
?[0m?[0;34m         - @ConditionalOnClass did not find required class 'io.micrometer.jersey2.server.MetricsApplicationEventListener' (OnClassCondition)
?[0m?[0;34m
?[0m?[0;34m   JerseyWebEndpointManagementContextConfiguration:
?[0m?[0;34m      Did not match:
?[0m?[0;34m         - @ConditionalOnClass did not find required class 'org.glassfish.jersey.server.ResourceConfig' (OnClassCondition)
?[0m?[0;34m
?[0m?[0;34m   JettyMetricsAutoConfiguration:
?[0m?[0;34m      Did not match:
?[0m?[0;34m         - @ConditionalOnClass did not find required class 'org.eclipse.jetty.server.Server' (OnClassCondition)
?[0m?[0;34m
?[0m?[0;34m   JmsAutoConfiguration:
?[0m?[0;34m      Did not match:
?[0m?[0;34m         - @ConditionalOnClass did not find required class 'javax.jms.Message' (OnClassCondition)
?[0m?[0;34m
?[0m?[0;34m   JmsHealthContributorAutoConfiguration:
?[0m?[0;34m      Did not match:
?[0m?[0;34m         - @ConditionalOnClass did not find required class 'javax.jms.ConnectionFactory' (OnClassCondition)
?[0m?[0;34m
?[0m?[0;34m   JmxAutoConfiguration:
?[0m?[0;34m      Did not match:
?[0m?[0;34m         - @ConditionalOnProperty (spring.jmx.enabled=true) did not find property 'enabled' (OnPropertyCondition)
?[0m?[0;34m      Matched:
?[0m?[0;34m         - @ConditionalOnClass found required class 'org.springframework.jmx.export.MBeanExporter' (OnClassCondition)
?[0m?[0;34m
?[0m?[0;34m   JmxEndpointAutoConfiguration:
?[0m?[0;34m      Did not match:
?[0m?[0;34m         - @ConditionalOnProperty (spring.jmx.enabled=true) did not find property 'enabled' (OnPropertyCondition)
?[0m?[0;34m
?[0m?[0;34m   JmxMetricsExportAutoConfiguration:
?[0m?[0;34m      Did not match:
?[0m?[0;34m         - @ConditionalOnClass did not find required class 'io.micrometer.jmx.JmxMeterRegistry' (OnClassCondition)
?[0m?[0;34m
?[0m?[0;34m   JndiConnectionFactoryAutoConfiguration:
?[0m?[0;34m      Did not match:
?[0m?[0;34m         - @ConditionalOnClass did not find required class 'org.springframework.jms.core.JmsTemplate' (OnClassCondition)
?[0m?[0;34m
?[0m?[0;34m   JndiDataSourceAutoConfiguration:
?[0m?[0;34m      Did not match:
?[0m?[0;34m         - @ConditionalOnProperty (spring.datasource.jndi-name) did not find property 'jndi-name' (OnPropertyCondition)
?[0m?[0;34m      Matched:
?[0m?[0;34m         - @ConditionalOnClass found required classes 'javax.sql.DataSource', 'org.springframework.jdbc.datasource.embedded.EmbeddedDatabaseType' (OnClassCondition)
?[0m?[0;34m
?[0m?[0;34m   JndiJtaConfiguration:
?[0m?[0;34m      Did not match:
?[0m?[0;34m         - @ConditionalOnJndi JNDI environment is not available (OnJndiCondition)
?[0m?[0;34m      Matched:
?[0m?[0;34m         - @ConditionalOnClass found required class 'org.springframework.transaction.jta.JtaTransactionManager' (OnClassCondition)
?[0m?[0;34m
?[0m?[0;34m   JolokiaEndpointAutoConfiguration:
?[0m?[0;34m      Did not match:
?[0m?[0;34m         - @ConditionalOnClass did not find required class 'org.jolokia.http.AgentServlet' (OnClassCondition)
?[0m?[0;34m
?[0m?[0;34m   JooqAutoConfiguration:
?[0m?[0;34m      Did not match:
?[0m?[0;34m         - @ConditionalOnClass did not find required class 'org.jooq.DSLContext' (OnClassCondition)
?[0m?[0;34m
?[0m?[0;34m   JpaRepositoriesAutoConfiguration#entityManagerFactoryBootstrapExecutorCustomizer:
?[0m?[0;34m      Did not match:
?[0m?[0;34m         - AnyNestedCondition 0 matched 2 did not; NestedCondition on JpaRepositoriesAutoConfiguration.BootstrapExecutorCondition.LazyBootstrapMode @ConditionalOnProperty (spring.data.jpa.repositories.bootstrap-mode=lazy) did not find property 'bootstrap-mode'; NestedCondition on JpaRepositoriesAutoConfiguration.BootstrapExecutorCondition.DeferredBootstrapMode @ConditionalOnProperty (spring.data.jpa.repositories.bootstrap-mode=deferred) did not find property 'bootstrap-mode' (JpaRepositoriesAutoConfiguration.BootstrapExecutorCondition)
?[0m?[0;34m
?[0m?[0;34m   JsonbAutoConfiguration:
?[0m?[0;34m      Did not match:
?[0m?[0;34m         - @ConditionalOnClass did not find required class 'javax.json.bind.Jsonb' (OnClassCondition)
?[0m?[0;34m
?[0m?[0;34m   JsonbHttpMessageConvertersConfiguration:
?[0m?[0;34m      Did not match:
?[0m?[0;34m         - @ConditionalOnClass did not find required class 'javax.json.bind.Jsonb' (OnClassCondition)
?[0m?[0;34m
?[0m?[0;34m   KafkaAutoConfiguration:
?[0m?[0;34m      Did not match:
?[0m?[0;34m         - @ConditionalOnClass did not find required class 'org.springframework.kafka.core.KafkaTemplate' (OnClassCondition)
?[0m?[0;34m
?[0m?[0;34m   KafkaMetricsAutoConfiguration:
?[0m?[0;34m      Did not match:
?[0m?[0;34m         - @ConditionalOnClass did not find required class 'org.springframework.kafka.core.ProducerFactory' (OnClassCondition)
?[0m?[0;34m
?[0m?[0;34m   KairosMetricsExportAutoConfiguration:
?[0m?[0;34m      Did not match:
?[0m?[0;34m         - @ConditionalOnClass did not find required class 'io.micrometer.kairos.KairosMeterRegistry' (OnClassCondition)
?[0m?[0;34m
?[0m?[0;34m   LdapAutoConfiguration:
?[0m?[0;34m      Did not match:
?[0m?[0;34m         - @ConditionalOnClass did not find required class 'org.springframework.ldap.core.ContextSource' (OnClassCondition)
?[0m?[0;34m
?[0m?[0;34m   LdapHealthContributorAutoConfiguration:
?[0m?[0;34m      Did not match:
?[0m?[0;34m         - @ConditionalOnClass did not find required class 'org.springframework.ldap.core.LdapOperations' (OnClassCondition)
?[0m?[0;34m
?[0m?[0;34m   LdapRepositoriesAutoConfiguration:
?[0m?[0;34m      Did not match:
?[0m?[0;34m         - @ConditionalOnClass did not find required class 'org.springframework.data.ldap.repository.LdapRepository' (OnClassCondition)
?[0m?[0;34m
?[0m?[0;34m   LiquibaseAutoConfiguration:
?[0m?[0;34m      Did not match:
?[0m?[0;34m         - @ConditionalOnClass did not find required class 'liquibase.change.DatabaseChange' (OnClassCondition)
?[0m?[0;34m
?[0m?[0;34m   LiquibaseEndpointAutoConfiguration:
?[0m?[0;34m      Did not match:
?[0m?[0;34m         - @ConditionalOnClass did not find required class 'liquibase.integration.spring.SpringLiquibase' (OnClassCondition)
?[0m?[0;34m
?[0m?[0;34m   Log4J2MetricsAutoConfiguration:
?[0m?[0;34m      Did not match:
?[0m?[0;34m         - @ConditionalOnClass did not find required class 'org.apache.logging.log4j.core.LoggerContext' (OnClassCondition)
?[0m?[0;34m
?[0m?[0;34m   MailHealthContributorAutoConfiguration:
?[0m?[0;34m      Did not match:
?[0m?[0;34m         - @ConditionalOnClass did not find required class 'org.springframework.mail.javamail.JavaMailSenderImpl' (OnClassCondition)
?[0m?[0;34m
?[0m?[0;34m   MailSenderAutoConfiguration:
?[0m?[0;34m      Did not match:
?[0m?[0;34m         - @ConditionalOnClass did not find required class 'javax.mail.internet.MimeMessage' (OnClassCondition)
?[0m?[0;34m
?[0m?[0;34m   MailSenderValidatorAutoConfiguration:
?[0m?[0;34m      Did not match:
?[0m?[0;34m         - @ConditionalOnSingleCandidate did not find required type 'org.springframework.mail.javamail.JavaMailSenderImpl' (OnBeanCondition)
?[0m?[0;34m
?[0m?[0;34m   ManagementContextAutoConfiguration.DifferentManagementContextConfiguration:
?[0m?[0;34m      Did not match:
?[0m?[0;34m         - Management Port actual port type (SAME) did not match required type (DIFFERENT) (OnManagementPortCondition)
?[0m?[0;34m
?[0m?[0;34m   ManagementWebSecurityAutoConfiguration:
?[0m?[0;34m      Did not match:
?[0m?[0;34m         - AllNestedConditions 1 matched 1 did not; NestedCondition on DefaultWebSecurityCondition.Beans @ConditionalOnMissingBean (types: org.springframework.security.config.annotation.web.configuration.WebSecurityConfigurerAdapter,org.springframework.security.web.SecurityFilterChain; SearchStrategy: all) found beans of type 'org.springframework.security.web.SecurityFilterChain' securityFilterChain; NestedCondition on DefaultWebSecurityCondition.Classes @ConditionalOnClass found required classes 'org.springframework.security.web.SecurityFilterChain', 'org.springframework.security.config.annotation.web.builders.HttpSecurity' (DefaultWebSecurityCondition)
?[0m?[0;34m      Matched:
?[0m?[0;34m         - found 'session' scope (OnWebApplicationCondition)
?[0m?[0;34m
?[0m?[0;34m   MappingsEndpointAutoConfiguration.ReactiveWebConfiguration:
?[0m?[0;34m      Did not match:
?[0m?[0;34m         - @ConditionalOnClass did not find required class 'org.springframework.web.reactive.DispatcherHandler' (OnClassCondition)
?[0m?[0;34m
?[0m?[0;34m   MessageSourceAutoConfiguration:
?[0m?[0;34m      Did not match:
?[0m?[0;34m         - ResourceBundle did not find bundle with basename messages (MessageSourceAutoConfiguration.ResourceBundleCondition)
?[0m?[0;34m
?[0m?[0;34m   MongoAutoConfiguration:
?[0m?[0;34m      Did not match:
?[0m?[0;34m         - @ConditionalOnClass did not find required class 'com.mongodb.client.MongoClient' (OnClassCondition)
?[0m?[0;34m
?[0m?[0;34m   MongoDataAutoConfiguration:
?[0m?[0;34m      Did not match:
?[0m?[0;34m         - @ConditionalOnClass did not find required class 'com.mongodb.client.MongoClient' (OnClassCondition)
?[0m?[0;34m
?[0m?[0;34m   MongoHealthContributorAutoConfiguration:
?[0m?[0;34m      Did not match:
?[0m?[0;34m         - @ConditionalOnClass did not find required class 'org.springframework.data.mongodb.core.MongoTemplate' (OnClassCondition)
?[0m?[0;34m
?[0m?[0;34m   MongoMetricsAutoConfiguration:
?[0m?[0;34m      Did not match:
?[0m?[0;34m         - @ConditionalOnClass did not find required class 'com.mongodb.MongoClientSettings' (OnClassCondition)
?[0m?[0;34m
?[0m?[0;34m   MongoReactiveAutoConfiguration:
?[0m?[0;34m      Did not match:
?[0m?[0;34m         - @ConditionalOnClass did not find required class 'com.mongodb.reactivestreams.client.MongoClient' (OnClassCondition)
?[0m?[0;34m
?[0m?[0;34m   MongoReactiveDataAutoConfiguration:
?[0m?[0;34m      Did not match:
?[0m?[0;34m         - @ConditionalOnClass did not find required class 'com.mongodb.reactivestreams.client.MongoClient' (OnClassCondition)
?[0m?[0;34m
?[0m?[0;34m   MongoReactiveHealthContributorAutoConfiguration:
?[0m?[0;34m      Did not match:
?[0m?[0;34m         - @ConditionalOnClass did not find required class 'reactor.core.publisher.Flux' (OnClassCondition)
?[0m?[0;34m
?[0m?[0;34m   MongoReactiveRepositoriesAutoConfiguration:
?[0m?[0;34m      Did not match:
?[0m?[0;34m         - @ConditionalOnClass did not find required class 'com.mongodb.reactivestreams.client.MongoClient' (OnClassCondition)
?[0m?[0;34m
?[0m?[0;34m   MongoRepositoriesAutoConfiguration:
?[0m?[0;34m      Did not match:
?[0m?[0;34m         - @ConditionalOnClass did not find required class 'com.mongodb.client.MongoClient' (OnClassCondition)
?[0m?[0;34m
?[0m?[0;34m   MustacheAutoConfiguration:
?[0m?[0;34m      Did not match:
?[0m?[0;34m         - @ConditionalOnClass did not find required class 'com.samskivert.mustache.Mustache' (OnClassCondition)
?[0m?[0;34m
?[0m?[0;34m   Neo4jAutoConfiguration:
?[0m?[0;34m      Did not match:
?[0m?[0;34m         - @ConditionalOnClass did not find required class 'org.neo4j.driver.Driver' (OnClassCondition)
?[0m?[0;34m
?[0m?[0;34m   Neo4jDataAutoConfiguration:
?[0m?[0;34m      Did not match:
?[0m?[0;34m         - @ConditionalOnClass did not find required class 'org.neo4j.driver.Driver' (OnClassCondition)
?[0m?[0;34m
?[0m?[0;34m   Neo4jHealthContributorAutoConfiguration:
?[0m?[0;34m      Did not match:
?[0m?[0;34m         - @ConditionalOnClass did not find required class 'org.neo4j.driver.Driver' (OnClassCondition)
?[0m?[0;34m
?[0m?[0;34m   Neo4jReactiveDataAutoConfiguration:
?[0m?[0;34m      Did not match:
?[0m?[0;34m         - @ConditionalOnClass did not find required class 'org.neo4j.driver.Driver' (OnClassCondition)
?[0m?[0;34m
?[0m?[0;34m   Neo4jReactiveRepositoriesAutoConfiguration:
?[0m?[0;34m      Did not match:
?[0m?[0;34m         - @ConditionalOnClass did not find required class 'org.neo4j.driver.Driver' (OnClassCondition)
?[0m?[0;34m
?[0m?[0;34m   Neo4jRepositoriesAutoConfiguration:
?[0m?[0;34m      Did not match:
?[0m?[0;34m         - @ConditionalOnClass did not find required class 'org.neo4j.driver.Driver' (OnClassCondition)
?[0m?[0;34m
?[0m?[0;34m   NettyAutoConfiguration:
?[0m?[0;34m      Did not match:
?[0m?[0;34m         - @ConditionalOnClass did not find required class 'io.netty.util.NettyRuntime' (OnClassCondition)
?[0m?[0;34m
?[0m?[0;34m   NewRelicMetricsExportAutoConfiguration:
?[0m?[0;34m      Did not match:
?[0m?[0;34m         - @ConditionalOnClass did not find required class 'io.micrometer.newrelic.NewRelicMeterRegistry' (OnClassCondition)
?[0m?[0;34m
?[0m?[0;34m   NoOpMeterRegistryConfiguration:
?[0m?[0;34m      Did not match:
?[0m?[0;34m         - @ConditionalOnMissingBean (types: io.micrometer.core.instrument.MeterRegistry; SearchStrategy: all) found beans of type 'io.micrometer.core.instrument.MeterRegistry' simpleMeterRegistry (OnBeanCondition)
?[0m?[0;34m
?[0m?[0;34m   OAuth2ClientAutoConfiguration:
?[0m?[0;34m      Did not match:
?[0m?[0;34m         - @ConditionalOnClass did not find required class 'org.springframework.security.oauth2.client.registration.ClientRegistration' (OnClassCondition)
?[0m?[0;34m
?[0m?[0;34m   OAuth2ResourceServerAutoConfiguration:
?[0m?[0;34m      Did not match:
?[0m?[0;34m         - @ConditionalOnClass did not find required class 'org.springframework.security.oauth2.server.resource.BearerTokenAuthenticationToken' (OnClassCondition)
?[0m?[0;34m
?[0m?[0;34m   ProjectInfoAutoConfiguration#buildProperties:
?[0m?[0;34m      Did not match:
?[0m?[0;34m         - @ConditionalOnResource did not find resource '${spring.info.build.location:classpath:META-INF/build-info.properties}' (OnResourceCondition)
?[0m?[0;34m
?[0m?[0;34m   ProjectInfoAutoConfiguration#gitProperties:
?[0m?[0;34m      Did not match:
?[0m?[0;34m         - GitResource did not find git info at classpath:git.properties (ProjectInfoAutoConfiguration.GitResourceAvailableCondition)
?[0m?[0;34m
?[0m?[0;34m   PrometheusMetricsExportAutoConfiguration:
?[0m?[0;34m      Did not match:
?[0m?[0;34m         - @ConditionalOnClass did not find required class 'io.micrometer.prometheus.PrometheusMeterRegistry' (OnClassCondition)
?[0m?[0;34m
?[0m?[0;34m   QuartzAutoConfiguration:
?[0m?[0;34m      Did not match:
?[0m?[0;34m         - @ConditionalOnClass did not find required class 'org.quartz.Scheduler' (OnClassCondition)
?[0m?[0;34m
?[0m?[0;34m   QuartzEndpointAutoConfiguration:
?[0m?[0;34m      Did not match:
?[0m?[0;34m         - @ConditionalOnClass did not find required class 'org.quartz.Scheduler' (OnClassCondition)
?[0m?[0;34m
?[0m?[0;34m   R2dbcAutoConfiguration:
?[0m?[0;34m      Did not match:
?[0m?[0;34m         - @ConditionalOnClass did not find required class 'io.r2dbc.spi.ConnectionFactory' (OnClassCondition)
?[0m?[0;34m
?[0m?[0;34m   R2dbcDataAutoConfiguration:
?[0m?[0;34m      Did not match:
?[0m?[0;34m         - @ConditionalOnClass did not find required class 'org.springframework.data.r2dbc.core.R2dbcEntityTemplate' (OnClassCondition)
?[0m?[0;34m
?[0m?[0;34m   R2dbcInitializationConfiguration:
?[0m?[0;34m      Did not match:
?[0m?[0;34m         - @ConditionalOnClass did not find required classes 'io.r2dbc.spi.ConnectionFactory', 'org.springframework.r2dbc.connection.init.DatabasePopulator' (OnClassCondition)
?[0m?[0;34m
?[0m?[0;34m   R2dbcRepositoriesAutoConfiguration:
?[0m?[0;34m      Did not match:
?[0m?[0;34m         - @ConditionalOnClass did not find required class 'io.r2dbc.spi.ConnectionFactory' (OnClassCondition)
?[0m?[0;34m
?[0m?[0;34m   R2dbcTransactionManagerAutoConfiguration:
?[0m?[0;34m      Did not match:
?[0m?[0;34m         - @ConditionalOnClass did not find required class 'org.springframework.r2dbc.connection.R2dbcTransactionManager' (OnClassCondition)
?[0m?[0;34m
?[0m?[0;34m   RSocketMessagingAutoConfiguration:
?[0m?[0;34m      Did not match:
?[0m?[0;34m         - @ConditionalOnClass did not find required class 'io.rsocket.RSocket' (OnClassCondition)
?[0m?[0;34m
?[0m?[0;34m   RSocketRequesterAutoConfiguration:
?[0m?[0;34m      Did not match:
?[0m?[0;34m         - @ConditionalOnClass did not find required class 'io.rsocket.RSocket' (OnClassCondition)
?[0m?[0;34m
?[0m?[0;34m   RSocketSecurityAutoConfiguration:
?[0m?[0;34m      Did not match:
?[0m?[0;34m         - @ConditionalOnClass did not find required class 'org.springframework.security.rsocket.core.SecuritySocketAcceptorInterceptor' (OnClassCondition)
?[0m?[0;34m
?[0m?[0;34m   RSocketServerAutoConfiguration:
?[0m?[0;34m      Did not match:
?[0m?[0;34m         - @ConditionalOnClass did not find required class 'io.rsocket.core.RSocketServer' (OnClassCondition)
?[0m?[0;34m
?[0m?[0;34m   RSocketStrategiesAutoConfiguration:
?[0m?[0;34m      Did not match:
?[0m?[0;34m         - @ConditionalOnClass did not find required class 'io.netty.buffer.PooledByteBufAllocator' (OnClassCondition)
?[0m?[0;34m
?[0m?[0;34m   RabbitAutoConfiguration:
?[0m?[0;34m      Did not match:
?[0m?[0;34m         - @ConditionalOnClass did not find required class 'com.rabbitmq.client.Channel' (OnClassCondition)
?[0m?[0;34m
?[0m?[0;34m   RabbitHealthContributorAutoConfiguration:
?[0m?[0;34m      Did not match:
?[0m?[0;34m         - @ConditionalOnClass did not find required class 'org.springframework.amqp.rabbit.core.RabbitTemplate' (OnClassCondition)
?[0m?[0;34m
?[0m?[0;34m   RabbitMetricsAutoConfiguration:
?[0m?[0;34m      Did not match:
?[0m?[0;34m         - @ConditionalOnClass did not find required class 'com.rabbitmq.client.ConnectionFactory' (OnClassCondition)
?[0m?[0;34m
?[0m?[0;34m   ReactiveCloudFoundryActuatorAutoConfiguration:
?[0m?[0;34m      Did not match:
?[0m?[0;34m         - @ConditionalOnWebApplication did not find reactive web application classes (OnWebApplicationCondition)
?[0m?[0;34m
?[0m?[0;34m   ReactiveElasticsearchRepositoriesAutoConfiguration:
?[0m?[0;34m      Did not match:
?[0m?[0;34m         - @ConditionalOnClass did not find required class 'org.springframework.data.elasticsearch.client.reactive.ReactiveElasticsearchClient' (OnClassCondition)
?[0m?[0;34m
?[0m?[0;34m   ReactiveElasticsearchRestClientAutoConfiguration:
?[0m?[0;34m      Did not match:
?[0m?[0;34m         - @ConditionalOnClass did not find required class 'reactor.netty.http.client.HttpClient' (OnClassCondition)
?[0m?[0;34m
?[0m?[0;34m   ReactiveHealthEndpointConfiguration:
?[0m?[0;34m      Did not match:
?[0m?[0;34m         - @ConditionalOnClass did not find required class 'reactor.core.publisher.Flux' (OnClassCondition)
?[0m?[0;34m
?[0m?[0;34m   ReactiveManagementContextAutoConfiguration:
?[0m?[0;34m      Did not match:
?[0m?[0;34m         - @ConditionalOnClass did not find required class 'reactor.core.publisher.Flux' (OnClassCondition)
?[0m?[0;34m
?[0m?[0;34m   ReactiveManagementWebSecurityAutoConfiguration:
?[0m?[0;34m      Did not match:
?[0m?[0;34m         - @ConditionalOnWebApplication did not find reactive web application classes (OnWebApplicationCondition)
?[0m?[0;34m
?[0m?[0;34m   ReactiveOAuth2ClientAutoConfiguration:
?[0m?[0;34m      Did not match:
?[0m?[0;34m         - @ConditionalOnClass did not find required class 'reactor.core.publisher.Flux' (OnClassCondition)
?[0m?[0;34m
?[0m?[0;34m   ReactiveOAuth2ResourceServerAutoConfiguration:
?[0m?[0;34m      Did not match:
?[0m?[0;34m         - @ConditionalOnWebApplication did not find reactive web application classes (OnWebApplicationCondition)
?[0m?[0;34m
?[0m?[0;34m   ReactiveSecurityAutoConfiguration:
?[0m?[0;34m      Did not match:
?[0m?[0;34m         - @ConditionalOnClass did not find required class 'reactor.core.publisher.Flux' (OnClassCondition)
?[0m?[0;34m
?[0m?[0;34m   ReactiveUserDetailsServiceAutoConfiguration:
?[0m?[0;34m      Did not match:
?[0m?[0;34m         - AnyNestedCondition 0 matched 2 did not; NestedCondition on ReactiveUserDetailsServiceAutoConfiguration.ReactiveUserDetailsServiceCondition.ReactiveWebApplicationCondition did not find reactive web application classes; NestedCondition on ReactiveUserDetailsServiceAutoConfiguration.ReactiveUserDetailsServiceCondition.RSocketSecurityEnabledCondition @ConditionalOnBean (types: org.springframework.messaging.rsocket.annotation.support.RSocketMessageHandler; SearchStrategy: all) did not find any beans of type org.springframework.messaging.rsocket.annotation.support.RSocketMessageHandler (ReactiveUserDetailsServiceAutoConfiguration.ReactiveUserDetailsServiceCondition)
?[0m?[0;34m      Matched:
?[0m?[0;34m         - @ConditionalOnClass found required class 'org.springframework.security.authentication.ReactiveAuthenticationManager' (OnClassCondition)
?[0m?[0;34m
?[0m?[0;34m   ReactiveWebServerFactoryAutoConfiguration:
?[0m?[0;34m      Did not match:
?[0m?[0;34m         - @ConditionalOnWebApplication did not find reactive web application classes (OnWebApplicationCondition)
?[0m?[0;34m
?[0m?[0;34m   RedisAutoConfiguration:
?[0m?[0;34m      Did not match:
?[0m?[0;34m         - @ConditionalOnClass did not find required class 'org.springframework.data.redis.core.RedisOperations' (OnClassCondition)
?[0m?[0;34m
?[0m?[0;34m   RedisCacheConfiguration:
?[0m?[0;34m      Did not match:
?[0m?[0;34m         - @ConditionalOnClass did not find required class 'org.springframework.data.redis.connection.RedisConnectionFactory' (OnClassCondition)
?[0m?[0;34m
?[0m?[0;34m   RedisHealthContributorAutoConfiguration:
?[0m?[0;34m      Did not match:
?[0m?[0;34m         - @ConditionalOnClass did not find required class 'org.springframework.data.redis.connection.RedisConnectionFactory' (OnClassCondition)
?[0m?[0;34m
?[0m?[0;34m   RedisReactiveAutoConfiguration:
?[0m?[0;34m      Did not match:
?[0m?[0;34m         - @ConditionalOnClass did not find required class 'reactor.core.publisher.Flux' (OnClassCondition)
?[0m?[0;34m
?[0m?[0;34m   RedisReactiveHealthContributorAutoConfiguration:
?[0m?[0;34m      Did not match:
?[0m?[0;34m         - @ConditionalOnClass did not find required class 'reactor.core.publisher.Flux' (OnClassCondition)
?[0m?[0;34m
?[0m?[0;34m   RedisRepositoriesAutoConfiguration:
?[0m?[0;34m      Did not match:
?[0m?[0;34m         - @ConditionalOnClass did not find required class 'org.springframework.data.redis.repository.configuration.EnableRedisRepositories' (OnClassCondition)
?[0m?[0;34m
?[0m?[0;34m   RepositoryRestMvcAutoConfiguration:
?[0m?[0;34m      Did not match:
?[0m?[0;34m         - @ConditionalOnClass did not find required class 'org.springframework.data.rest.webmvc.config.RepositoryRestMvcConfiguration' (OnClassCondition)
?[0m?[0;34m
?[0m?[0;34m   Saml2RelyingPartyAutoConfiguration:
?[0m?[0;34m      Did not match:
?[0m?[0;34m         - @ConditionalOnClass did not find required class 'org.springframework.security.saml2.provider.service.registration.RelyingPartyRegistrationRepository' (OnClassCondition)
?[0m?[0;34m
?[0m?[0;34m   SecurityDataConfiguration:
?[0m?[0;34m      Did not match:
?[0m?[0;34m         - @ConditionalOnClass did not find required class 'org.springframework.security.data.repository.query.SecurityEvaluationContextExtension' (OnClassCondition)
?[0m?[0;34m
?[0m?[0;34m   SecurityRequestMatchersManagementContextConfiguration.JerseyRequestMatcherConfiguration:
?[0m?[0;34m      Did not match:
?[0m?[0;34m         - @ConditionalOnClass did not find required class 'org.glassfish.jersey.server.ResourceConfig' (OnClassCondition)
?[0m?[0;34m
?[0m?[0;34m   SendGridAutoConfiguration:
?[0m?[0;34m      Did not match:
?[0m?[0;34m         - @ConditionalOnClass did not find required class 'com.sendgrid.SendGrid' (OnClassCondition)
?[0m?[0;34m
?[0m?[0;34m   ServletEndpointManagementContextConfiguration.JerseyServletEndpointManagementContextConfiguration:
?[0m?[0;34m      Did not match:
?[0m?[0;34m         - @ConditionalOnClass did not find required class 'org.glassfish.jersey.server.ResourceConfig' (OnClassCondition)
?[0m?[0;34m
?[0m?[0;34m   ServletManagementContextAutoConfiguration.ApplicationContextFilterConfiguration:
?[0m?[0;34m      Did not match:
?[0m?[0;34m         - @ConditionalOnProperty (management.server.add-application-context-header=true) did not find property 'add-application-context-header' (OnPropertyCondition)
?[0m?[0;34m
?[0m?[0;34m   ServletWebServerFactoryAutoConfiguration#forwardedHeaderFilter:
?[0m?[0;34m      Did not match:
?[0m?[0;34m         - @ConditionalOnProperty (server.forward-headers-strategy=framework) did not find property 'server.forward-headers-strategy' (OnPropertyCondition)
?[0m?[0;34m
?[0m?[0;34m   ServletWebServerFactoryConfiguration.EmbeddedJetty:
?[0m?[0;34m      Did not match:
?[0m?[0;34m         - @ConditionalOnClass did not find required classes 'org.eclipse.jetty.server.Server', 'org.eclipse.jetty.util.Loader', 'org.eclipse.jetty.webapp.WebAppContext' (OnClassCondition)
?[0m?[0;34m
?[0m?[0;34m   ServletWebServerFactoryConfiguration.EmbeddedUndertow:
?[0m?[0;34m      Did not match:
?[0m?[0;34m         - @ConditionalOnClass did not find required classes 'io.undertow.Undertow', 'org.xnio.SslClientAuthMode' (OnClassCondition)
?[0m?[0;34m
?[0m?[0;34m   SessionAutoConfiguration:
?[0m?[0;34m      Did not match:
?[0m?[0;34m         - @ConditionalOnClass did not find required class 'org.springframework.session.Session' (OnClassCondition)
?[0m?[0;34m
?[0m?[0;34m   SessionsEndpointAutoConfiguration:
?[0m?[0;34m      Did not match:
?[0m?[0;34m         - @ConditionalOnClass did not find required class 'org.springframework.session.FindByIndexNameSessionRepository' (OnClassCondition)
?[0m?[0;34m
?[0m?[0;34m   SignalFxMetricsExportAutoConfiguration:
?[0m?[0;34m      Did not match:
?[0m?[0;34m         - @ConditionalOnClass did not find required class 'io.micrometer.signalfx.SignalFxMeterRegistry' (OnClassCondition)
?[0m?[0;34m
?[0m?[0;34m   SolrAutoConfiguration:
?[0m?[0;34m      Did not match:
?[0m?[0;34m         - @ConditionalOnClass did not find required class 'org.apache.solr.client.solrj.impl.CloudSolrClient' (OnClassCondition)
?[0m?[0;34m
?[0m?[0;34m   SolrHealthContributorAutoConfiguration:
?[0m?[0;34m      Did not match:
?[0m?[0;34m         - @ConditionalOnClass did not find required class 'org.apache.solr.client.solrj.SolrClient' (OnClassCondition)
?[0m?[0;34m
?[0m?[0;34m   SpringApplicationAdminJmxAutoConfiguration:
?[0m?[0;34m      Did not match:
?[0m?[0;34m         - @ConditionalOnProperty (spring.application.admin.enabled=true) did not find property 'enabled' (OnPropertyCondition)
?[0m?[0;34m
?[0m?[0;34m   SpringBootWebSecurityConfiguration:
?[0m?[0;34m      Did not match:
?[0m?[0;34m         - AllNestedConditions 1 matched 1 did not; NestedCondition on DefaultWebSecurityCondition.Beans @ConditionalOnMissingBean (types: org.springframework.security.config.annotation.web.configuration.WebSecurityConfigurerAdapter,org.springframework.security.web.SecurityFilterChain; SearchStrategy: all) found beans of type 'org.springframework.security.web.SecurityFilterChain' securityFilterChain; NestedCondition on DefaultWebSecurityCondition.Classes @ConditionalOnClass found required classes 'org.springframework.security.web.SecurityFilterChain', 'org.springframework.security.config.annotation.web.builders.HttpSecurity' (DefaultWebSecurityCondition)
?[0m?[0;34m      Matched:
?[0m?[0;34m         - found 'session' scope (OnWebApplicationCondition)
?[0m?[0;34m
?[0m?[0;34m   StackdriverMetricsExportAutoConfiguration:
?[0m?[0;34m      Did not match:
?[0m?[0;34m         - @ConditionalOnClass did not find required class 'io.micrometer.stackdriver.StackdriverMeterRegistry' (OnClassCondition)
?[0m?[0;34m
?[0m?[0;34m   StartupEndpointAutoConfiguration:
?[0m?[0;34m      Did not match:
?[0m?[0;34m         - ApplicationStartup configured applicationStartup is of type class org.springframework.core.metrics.DefaultApplicationStartup, expected BufferingApplicationStartup. (StartupEndpointAutoConfiguration.ApplicationStartupCondition)
?[0m?[0;34m
?[0m?[0;34m   StatsdMetricsExportAutoConfiguration:
?[0m?[0;34m      Did not match:
?[0m?[0;34m         - @ConditionalOnClass did not find required class 'io.micrometer.statsd.StatsdMeterRegistry' (OnClassCondition)
?[0m?[0;34m
?[0m?[0;34m   TaskSchedulingAutoConfiguration#taskScheduler:
?[0m?[0;34m      Did not match:
?[0m?[0;34m         - @ConditionalOnBean (names: org.springframework.context.annotation.internalScheduledAnnotationProcessor; SearchStrategy: all) did not find any beans named org.springframework.context.annotation.internalScheduledAnnotationProcessor (OnBeanCondition)
?[0m?[0;34m
?[0m?[0;34m   ThymeleafAutoConfiguration:
?[0m?[0;34m      Did not match:
?[0m?[0;34m         - @ConditionalOnClass did not find required class 'org.thymeleaf.spring5.SpringTemplateEngine' (OnClassCondition)
?[0m?[0;34m
?[0m?[0;34m   TransactionAutoConfiguration#transactionalOperator:
?[0m?[0;34m      Did not match:
?[0m?[0;34m         - @ConditionalOnSingleCandidate (types: org.springframework.transaction.ReactiveTransactionManager; SearchStrategy: all) did not find any beans (OnBeanCondition)
?[0m?[0;34m
?[0m?[0;34m   TransactionAutoConfiguration.EnableTransactionManagementConfiguration.JdkDynamicAutoProxyConfiguration:
?[0m?[0;34m      Did not match:
?[0m?[0;34m         - @ConditionalOnProperty (spring.aop.proxy-target-class=false) did not find property 'proxy-target-class' (OnPropertyCondition)
?[0m?[0;34m
?[0m?[0;34m   UserDetailsServiceAutoConfiguration:
?[0m?[0;34m      Did not match:
?[0m?[0;34m         - @ConditionalOnMissingBean (types: org.springframework.security.authentication.AuthenticationManager,org.springframework.security.authentication.AuthenticationProvider,org.springframework.security.core.userdetails.UserDetailsService,org.springframework.security.oauth2.jwt.JwtDecoder,org.springframework.security.oauth2.server.resource.introspection.OpaqueTokenIntrospector; SearchStrategy: all) found beans of type 'org.springframework.security.core.userdetails.UserDetailsService' securityUserDetailsService, userDetailsService and found beans of type 'org.springframework.security.authentication.AuthenticationProvider' authenticationProvider (OnBeanCondition)
?[0m?[0;34m      Matched:
?[0m?[0;34m         - @ConditionalOnClass found required class 'org.springframework.security.authentication.AuthenticationManager' (OnClassCondition)
?[0m?[0;34m
?[0m?[0;34m   WavefrontMetricsExportAutoConfiguration:
?[0m?[0;34m      Did not match:
?[0m?[0;34m         - @ConditionalOnClass did not find required class 'com.wavefront.sdk.common.WavefrontSender' (OnClassCondition)
?[0m?[0;34m
?[0m?[0;34m   WebClientAutoConfiguration:
?[0m?[0;34m      Did not match:
?[0m?[0;34m         - @ConditionalOnClass did not find required class 'org.springframework.web.reactive.function.client.WebClient' (OnClassCondition)
?[0m?[0;34m
?[0m?[0;34m   WebClientMetricsConfiguration:
?[0m?[0;34m      Did not match:
?[0m?[0;34m         - @ConditionalOnClass did not find required class 'org.springframework.web.reactive.function.client.WebClient' (OnClassCondition)
?[0m?[0;34m
?[0m?[0;34m   WebFluxAutoConfiguration:
?[0m?[0;34m      Did not match:
?[0m?[0;34m         - @ConditionalOnClass did not find required class 'org.springframework.web.reactive.config.WebFluxConfigurer' (OnClassCondition)
?[0m?[0;34m
?[0m?[0;34m   WebFluxEndpointManagementContextConfiguration:
?[0m?[0;34m      Did not match:
?[0m?[0;34m         - @ConditionalOnClass did not find required class 'org.springframework.web.reactive.DispatcherHandler' (OnClassCondition)
?[0m?[0;34m
?[0m?[0;34m   WebFluxMetricsAutoConfiguration:
?[0m?[0;34m      Did not match:
?[0m?[0;34m         - @ConditionalOnWebApplication did not find reactive web application classes (OnWebApplicationCondition)
?[0m?[0;34m
?[0m?[0;34m   WebMvcAutoConfiguration#hiddenHttpMethodFilter:
?[0m?[0;34m      Did not match:
?[0m?[0;34m         - @ConditionalOnProperty (spring.mvc.hiddenmethod.filter.enabled) did not find property 'enabled' (OnPropertyCondition)
?[0m?[0;34m
?[0m?[0;34m   WebMvcAutoConfiguration.ResourceChainCustomizerConfiguration:
?[0m?[0;34m      Did not match:
?[0m?[0;34m         - @ConditionalOnEnabledResourceChain did not find class org.webjars.WebJarAssetLocator (OnEnabledResourceChainCondition)
?[0m?[0;34m
?[0m?[0;34m   WebMvcAutoConfiguration.WebMvcAutoConfigurationAdapter#beanNameViewResolver:
?[0m?[0;34m      Did not match:
?[0m?[0;34m         - @ConditionalOnMissingBean (types: org.springframework.web.servlet.view.BeanNameViewResolver; SearchStrategy: all) found beans of type 'org.springframework.web.servlet.view.BeanNameViewResolver' beanNameViewResolver (OnBeanCondition)
?[0m?[0;34m
?[0m?[0;34m   WebServiceTemplateAutoConfiguration:
?[0m?[0;34m      Did not match:
?[0m?[0;34m         - @ConditionalOnClass did not find required class 'org.springframework.oxm.Marshaller' (OnClassCondition)
?[0m?[0;34m
?[0m?[0;34m   WebServicesAutoConfiguration:
?[0m?[0;34m      Did not match:
?[0m?[0;34m         - @ConditionalOnClass did not find required class 'org.springframework.ws.transport.http.MessageDispatcherServlet' (OnClassCondition)
?[0m?[0;34m
?[0m?[0;34m   WebSocketMessagingAutoConfiguration:
?[0m?[0;34m      Did not match:
?[0m?[0;34m         - @ConditionalOnClass did not find required class 'org.springframework.web.socket.config.annotation.WebSocketMessageBrokerConfigurer' (OnClassCondition)
?[0m?[0;34m
?[0m?[0;34m   WebSocketReactiveAutoConfiguration:
?[0m?[0;34m      Did not match:
?[0m?[0;34m         - @ConditionalOnWebApplication did not find reactive web application classes (OnWebApplicationCondition)
?[0m?[0;34m
?[0m?[0;34m   WebSocketServletAutoConfiguration.Jetty10WebSocketConfiguration:
?[0m?[0;34m      Did not match:
?[0m?[0;34m         - @ConditionalOnClass did not find required classes 'org.eclipse.jetty.websocket.javax.server.internal.JavaxWebSocketServerContainer', 'org.eclipse.jetty.websocket.server.JettyWebSocketServerContainer' (OnClassCondition)
?[0m?[0;34m
?[0m?[0;34m   WebSocketServletAutoConfiguration.JettyWebSocketConfiguration:
?[0m?[0;34m      Did not match:
?[0m?[0;34m         - @ConditionalOnClass did not find required class 'org.eclipse.jetty.websocket.jsr356.server.deploy.WebSocketServerContainerInitializer' (OnClassCondition)
?[0m?[0;34m
?[0m?[0;34m   WebSocketServletAutoConfiguration.UndertowWebSocketConfiguration:
?[0m?[0;34m      Did not match:
?[0m?[0;34m         - @ConditionalOnClass did not find required class 'io.undertow.websockets.jsr.Bootstrap' (OnClassCondition)
?[0m?[0;34m
?[0m?[0;34m   XADataSourceAutoConfiguration:
?[0m?[0;34m      Did not match:
?[0m?[0;34m         - @ConditionalOnBean (types: org.springframework.boot.jdbc.XADataSourceWrapper; SearchStrategy: all) did not find any beans of type org.springframework.boot.jdbc.XADataSourceWrapper (OnBeanCondition)
?[0m?[0;34m      Matched:
?[0m?[0;34m         - @ConditionalOnClass found required classes 'javax.sql.DataSource', 'javax.transaction.TransactionManager', 'org.springframework.jdbc.datasource.embedded.EmbeddedDatabaseType' (OnClassCondition)
?[0m?[0;34m
?[0m?[0;34m
?[0m?[0;34mExclusions:
?[0m?[0;34m-----------
?[0m?[0;34m
?[0m?[0;34m    None
?[0m?[0;34m
?[0m?[0;34m
?[0m?[0;34mUnconditional classes:
?[0m?[0;34m----------------------
?[0m?[0;34m
?[0m?[0;34m    org.springframework.boot.autoconfigure.context.ConfigurationPropertiesAutoConfiguration
?[0m?[0;34m
?[0m?[0;34m    org.springframework.boot.actuate.autoconfigure.availability.AvailabilityHealthContributorAutoConfiguration
?[0m?[0;34m
?[0m?[0;34m    org.springframework.boot.actuate.autoconfigure.info.InfoContributorAutoConfiguration
?[0m?[0;34m
?[0m?[0;34m    org.springframework.boot.autoconfigure.context.PropertyPlaceholderAutoConfiguration
?[0m?[0;34m
?[0m?[0;34m    org.springframework.boot.autoconfigure.context.LifecycleAutoConfiguration
?[0m?[0;34m
?[0m?[0;34m    org.springframework.boot.actuate.autoconfigure.health.HealthContributorAutoConfiguration
?[0m?[0;34m
?[0m?[0;34m    org.springframework.boot.actuate.autoconfigure.metrics.integration.IntegrationMetricsAutoConfiguration
?[0m?[0;34m
?[0m?[0;34m    org.springframework.boot.actuate.autoconfigure.endpoint.EndpointAutoConfiguration
?[0m?[0;34m
?[0m?[0;34m    org.springframework.boot.autoconfigure.availability.ApplicationAvailabilityAutoConfiguration
?[0m?[0;34m
?[0m?[0;34m    org.springframework.boot.autoconfigure.info.ProjectInfoAutoConfiguration
?[0m?[0;34m
?[0m?[0;34m    org.springframework.boot.actuate.autoconfigure.web.server.ManagementContextAutoConfiguration
?[0m?[0;34m
?[0m?[0;34m
?[0m?[0;34m
?[0m?[0;34m2023-04-07 15:35:22.182  INFO 12456 --- [    Test worker] recipes.RecipesApplication               : Started RecipesApplication in 0.971 seconds (JVM running for 19.501)
?[0m?[0;34m2023-04-07 15:35:22.183 DEBUG 12456 --- [    Test worker] o.s.b.a.ApplicationAvailabilityBean      : Application availability state LivenessState changed to CORRECT
?[0m?[0;34m2023-04-07 15:35:22.185 DEBUG 12456 --- [    Test worker] o.s.b.a.ApplicationAvailabilityBean      : Application availability state ReadinessState changed to ACCEPTING_TRAFFIC
?[0m?[1;31m
Start test 14?[0m
?[0;34m2023-04-07 15:35:22.195  INFO 12456 --- [nio-8881-exec-1] o.a.c.c.C.[Tomcat].[localhost].[/]       : Initializing Spring DispatcherServlet 'dispatcherServlet'
?[0m?[0;34m2023-04-07 15:35:22.195  INFO 12456 --- [nio-8881-exec-1] o.s.web.servlet.DispatcherServlet        : Initializing Servlet 'dispatcherServlet'
?[0m?[0;34m2023-04-07 15:35:22.195 DEBUG 12456 --- [nio-8881-exec-1] o.s.web.servlet.DispatcherServlet        : Detected StandardServletMultipartResolver
?[0m?[0;34m2023-04-07 15:35:22.195 DEBUG 12456 --- [nio-8881-exec-1] o.s.web.servlet.DispatcherServlet        : Detected AcceptHeaderLocaleResolver
?[0m?[0;34m2023-04-07 15:35:22.195 DEBUG 12456 --- [nio-8881-exec-1] o.s.web.servlet.DispatcherServlet        : Detected FixedThemeResolver
?[0m?[0;34m2023-04-07 15:35:22.197 DEBUG 12456 --- [nio-8881-exec-1] o.s.web.servlet.DispatcherServlet        : Detected org.springframework.web.servlet.view.DefaultRequestToViewNameTranslator@2acbbee4
?[0m?[0;34m2023-04-07 15:35:22.198 DEBUG 12456 --- [nio-8881-exec-1] o.s.web.servlet.DispatcherServlet        : Detected org.springframework.web.servlet.support.SessionFlashMapManager@7a7698f4
?[0m?[0;34m2023-04-07 15:35:22.198 DEBUG 12456 --- [nio-8881-exec-1] o.s.web.servlet.DispatcherServlet        : enableLoggingRequestDetails='false': request parameters and headers will be masked to prevent unsafe logging of potentially sensitive data
?[0m?[0;34m2023-04-07 15:35:22.198  INFO 12456 --- [nio-8881-exec-1] o.s.web.servlet.DispatcherServlet        : Completed initialization in 3 ms
?[0m?[0;34m2023-04-07 15:35:22.198 DEBUG 12456 --- [nio-8881-exec-1] o.s.security.web.FilterChainProxy        : Securing GET /api/recipe/1
?[0m?[0;34m2023-04-07 15:35:22.199 DEBUG 12456 --- [nio-8881-exec-1] s.s.w.c.SecurityContextPersistenceFilter : Set SecurityContextHolder to empty SecurityContext
?[0m?[0;34m2023-04-07 15:35:22.275 DEBUG 12456 --- [nio-8881-exec-1] tor$SharedEntityManagerInvocationHandler : Creating new EntityManager for shared EntityManager invocation
?[0m?[0;34mHibernate: 
?[0m?[0;34m    select
?[0m?[0;34m        user0_.id as id1_3_,
?[0m?[0;34m        user0_.email as email2_3_,
?[0m?[0;34m        user0_.password as password3_3_ 
?[0m?[0;34m    from
?[0m?[0;34m        users user0_ 
?[0m?[0;34m    where
?[0m?[0;34m        user0_.email=?
?[0m?[0;34mHibernate: 
?[0m?[0;34m    select
?[0m?[0;34m        recipes0_.user_id as user_id6_2_0_,
?[0m?[0;34m        recipes0_.id as id1_2_0_,
?[0m?[0;34m        recipes0_.id as id1_2_1_,
?[0m?[0;34m        recipes0_.category as category2_2_1_,
?[0m?[0;34m        recipes0_.date as date3_2_1_,
?[0m?[0;34m        recipes0_.description as descript4_2_1_,
?[0m?[0;34m        recipes0_.name as name5_2_1_,
?[0m?[0;34m        recipes0_.user_id as user_id6_2_1_ 
?[0m?[0;34m    from
?[0m?[0;34m        recipe recipes0_ 
?[0m?[0;34m    where
?[0m?[0;34m        recipes0_.user_id=?
?[0m?[0;34m2023-04-07 15:35:22.343 DEBUG 12456 --- [nio-8881-exec-1] o.s.s.a.dao.DaoAuthenticationProvider    : Authenticated user
?[0m?[0;34m2023-04-07 15:35:22.343 DEBUG 12456 --- [nio-8881-exec-1] o.s.s.w.a.www.BasicAuthenticationFilter  : Set SecurityContextHolder to UsernamePasswordAuthenticationToken [Principal=recipes.security.SecurityUserDetails@2b834cd3, Credentials=[PROTECTED], Authenticated=true, Details=WebAuthenticationDetails [RemoteIpAddress=127.0.0.1, SessionId=null], Granted Authorities=[]]
?[0m?[0;34m2023-04-07 15:35:22.344 DEBUG 12456 --- [nio-8881-exec-1] w.c.HttpSessionSecurityContextRepository : Created HttpSession as SecurityContext is non-default
?[0m?[0;34m2023-04-07 15:35:22.344 DEBUG 12456 --- [nio-8881-exec-1] w.c.HttpSessionSecurityContextRepository : Stored SecurityContextImpl [Authentication=UsernamePasswordAuthenticationToken [Principal=recipes.security.SecurityUserDetails@2b834cd3, Credentials=[PROTECTED], Authenticated=true, Details=WebAuthenticationDetails [RemoteIpAddress=127.0.0.1, SessionId=null], Granted Authorities=[]]] to HttpSession [org.apache.catalina.session.StandardSessionFacade@22a29202]
?[0m?[0;34m2023-04-07 15:35:22.344 DEBUG 12456 --- [nio-8881-exec-1] o.s.security.web.FilterChainProxy        : Secured GET /api/recipe/1
?[0m?[0;34m2023-04-07 15:35:22.344 DEBUG 12456 --- [nio-8881-exec-1] o.s.web.servlet.DispatcherServlet        : GET "/api/recipe/1", parameters={}
?[0m?[0;34m2023-04-07 15:35:22.345 DEBUG 12456 --- [nio-8881-exec-1] s.w.s.m.m.a.RequestMappingHandlerMapping : Mapped to recipes.controller.RecipeController#findById(int)
?[0m?[0;34m2023-04-07 15:35:22.345 DEBUG 12456 --- [nio-8881-exec-1] o.j.s.OpenEntityManagerInViewInterceptor : Opening JPA EntityManager in OpenEntityManagerInViewInterceptor
?[0m?[0;34m2023-04-07 15:35:22.346 DEBUG 12456 --- [nio-8881-exec-1] o.s.orm.jpa.JpaTransactionManager        : Found thread-bound EntityManager [SessionImpl(1839121938<open>)] for JPA transaction
?[0m?[0;34m2023-04-07 15:35:22.347 DEBUG 12456 --- [nio-8881-exec-1] o.s.orm.jpa.JpaTransactionManager        : Creating new transaction with name [org.springframework.data.jpa.repository.support.SimpleJpaRepository.findById]: PROPAGATION_REQUIRED,ISOLATION_DEFAULT,readOnly
?[0m?[0;34m2023-04-07 15:35:22.347 DEBUG 12456 --- [nio-8881-exec-1] o.s.jdbc.datasource.DataSourceUtils      : Setting JDBC Connection [HikariProxyConnection@1800068026 wrapping conn10: url=jdbc:h2:file:../recipes_db user=SA] read-only
?[0m?[0;34m2023-04-07 15:35:22.347 DEBUG 12456 --- [nio-8881-exec-1] o.s.orm.jpa.JpaTransactionManager        : Exposing JPA transaction as JDBC [org.springframework.orm.jpa.vendor.HibernateJpaDialect$HibernateConnectionHandle@3663089c]
?[0m?[0;34mHibernate: 
?[0m?[0;34m    select
?[0m?[0;34m        recipe0_.id as id1_2_0_,
?[0m?[0;34m        recipe0_.category as category2_2_0_,
?[0m?[0;34m        recipe0_.date as date3_2_0_,
?[0m?[0;34m        recipe0_.description as descript4_2_0_,
?[0m?[0;34m        recipe0_.name as name5_2_0_,
?[0m?[0;34m        recipe0_.user_id as user_id6_2_0_,
?[0m?[0;34m        user1_.id as id1_3_1_,
?[0m?[0;34m        user1_.email as email2_3_1_,
?[0m?[0;34m        user1_.password as password3_3_1_ 
?[0m?[0;34m    from
?[0m?[0;34m        recipe recipe0_ 
?[0m?[0;34m    inner join
?[0m?[0;34m        users user1_ 
?[0m?[0;34m            on recipe0_.user_id=user1_.id 
?[0m?[0;34m    where
?[0m?[0;34m        recipe0_.id=?
?[0m?[0;34mHibernate: 
?[0m?[0;34m    select
?[0m?[0;34m        recipes0_.user_id as user_id6_2_0_,
?[0m?[0;34m        recipes0_.id as id1_2_0_,
?[0m?[0;34m        recipes0_.id as id1_2_1_,
?[0m?[0;34m        recipes0_.category as category2_2_1_,
?[0m?[0;34m        recipes0_.date as date3_2_1_,
?[0m?[0;34m        recipes0_.description as descript4_2_1_,
?[0m?[0;34m        recipes0_.name as name5_2_1_,
?[0m?[0;34m        recipes0_.user_id as user_id6_2_1_ 
?[0m?[0;34m    from
?[0m?[0;34m        recipe recipes0_ 
?[0m?[0;34m    where
?[0m?[0;34m        recipes0_.user_id=?
?[0m?[0;34m2023-04-07 15:35:22.350 DEBUG 12456 --- [nio-8881-exec-1] o.s.orm.jpa.JpaTransactionManager        : Initiating transaction commit
?[0m?[0;34m2023-04-07 15:35:22.350 DEBUG 12456 --- [nio-8881-exec-1] o.s.orm.jpa.JpaTransactionManager        : Committing JPA transaction on EntityManager [SessionImpl(1839121938<open>)]
?[0m?[0;34m2023-04-07 15:35:22.351 DEBUG 12456 --- [nio-8881-exec-1] o.s.jdbc.datasource.DataSourceUtils      : Resetting read-only flag of JDBC Connection [HikariProxyConnection@1800068026 wrapping conn10: url=jdbc:h2:file:../recipes_db user=SA]
?[0m?[0;34m2023-04-07 15:35:22.351 DEBUG 12456 --- [nio-8881-exec-1] o.s.orm.jpa.JpaTransactionManager        : Not closing pre-bound JPA EntityManager after transaction
?[0m?[0;34mHibernate: 
?[0m?[0;34m    select
?[0m?[0;34m        directions0_.id as id1_0_0_,
?[0m?[0;34m        directions0_.directions as directio2_0_0_ 
?[0m?[0;34m    from
?[0m?[0;34m        direction directions0_ 
?[0m?[0;34m    where
?[0m?[0;34m        directions0_.id=?
?[0m?[0;34mHibernate: 
?[0m?[0;34m    select
?[0m?[0;34m        ingredient0_.id as id1_1_0_,
?[0m?[0;34m        ingredient0_.ingredients as ingredie2_1_0_ 
?[0m?[0;34m    from
?[0m?[0;34m        ingredient ingredient0_ 
?[0m?[0;34m    where
?[0m?[0;34m        ingredient0_.id=?
?[0m?[0;34m2023-04-07 15:35:22.358 DEBUG 12456 --- [nio-8881-exec-1] o.s.w.s.m.m.a.HttpEntityMethodProcessor  : Using 'application/json', given [*/*] and supported [application/json, application/*+json, application/json, application/*+json]
?[0m?[0;34m2023-04-07 15:35:22.358 DEBUG 12456 --- [nio-8881-exec-1] o.s.w.s.m.m.a.HttpEntityMethodProcessor  : Writing [RecipeDTO(name=Fresh Mint Tea /Test, category=beverage /Test, date=2023-04-07T15:35:10.821691, descr (truncated)...]
?[0m?[0;34m2023-04-07 15:35:22.359 DEBUG 12456 --- [nio-8881-exec-1] w.c.HttpSessionSecurityContextRepository : Stored SecurityContextImpl [Authentication=UsernamePasswordAuthenticationToken [Principal=recipes.security.SecurityUserDetails@2b834cd3, Credentials=[PROTECTED], Authenticated=true, Details=WebAuthenticationDetails [RemoteIpAddress=127.0.0.1, SessionId=null], Granted Authorities=[]]] to HttpSession [org.apache.catalina.session.StandardSessionFacade@22a29202]
?[0m?[0;34m2023-04-07 15:35:22.360 DEBUG 12456 --- [nio-8881-exec-1] o.j.s.OpenEntityManagerInViewInterceptor : Closing JPA EntityManager in OpenEntityManagerInViewInterceptor
?[0m?[0;34m2023-04-07 15:35:22.360 DEBUG 12456 --- [nio-8881-exec-1] o.s.web.servlet.DispatcherServlet        : Completed 200 OK
?[0m?[0;34m2023-04-07 15:35:22.360 DEBUG 12456 --- [nio-8881-exec-1] w.c.HttpSessionSecurityContextRepository : Stored SecurityContextImpl [Authentication=UsernamePasswordAuthenticationToken [Principal=recipes.security.SecurityUserDetails@2b834cd3, Credentials=[PROTECTED], Authenticated=true, Details=WebAuthenticationDetails [RemoteIpAddress=127.0.0.1, SessionId=null], Granted Authorities=[]]] to HttpSession [org.apache.catalina.session.StandardSessionFacade@22a29202]
?[0m?[0;34m2023-04-07 15:35:22.360 DEBUG 12456 --- [nio-8881-exec-1] s.s.w.c.SecurityContextPersistenceFilter : Cleared SecurityContextHolder to complete request
?[1;31m
Start test 15?[0m
?[0;34m2023-04-07 15:35:22.366 DEBUG 12456 --- [nio-8881-exec-2] o.s.security.web.FilterChainProxy        : Securing GET /api/recipe/2
?[0m?[0;34m2023-04-07 15:35:22.367 DEBUG 12456 --- [nio-8881-exec-2] s.s.w.c.SecurityContextPersistenceFilter : Set SecurityContextHolder to empty SecurityContext
?[0m?[0;34m2023-04-07 15:35:22.367 DEBUG 12456 --- [nio-8881-exec-2] tor$SharedEntityManagerInvocationHandler : Creating new EntityManager for shared EntityManager invocation
?[0m?[0;34mHibernate: 
?[0m?[0;34m    select
?[0m?[0;34m        user0_.id as id1_3_,
?[0m?[0;34m        user0_.email as email2_3_,
?[0m?[0;34m        user0_.password as password3_3_ 
?[0m?[0;34m    from
?[0m?[0;34m        users user0_ 
?[0m?[0;34m    where
?[0m?[0;34m        user0_.email=?
?[0m?[0;34mHibernate: 
?[0m?[0;34m    select
?[0m?[0;34m        recipes0_.user_id as user_id6_2_0_,
?[0m?[0;34m        recipes0_.id as id1_2_0_,
?[0m?[0;34m        recipes0_.id as id1_2_1_,
?[0m?[0;34m        recipes0_.category as category2_2_1_,
?[0m?[0;34m        recipes0_.date as date3_2_1_,
?[0m?[0;34m        recipes0_.description as descript4_2_1_,
?[0m?[0;34m        recipes0_.name as name5_2_1_,
?[0m?[0;34m        recipes0_.user_id as user_id6_2_1_ 
?[0m?[0;34m    from
?[0m?[0;34m        recipe recipes0_ 
?[0m?[0;34m    where
?[0m?[0;34m        recipes0_.user_id=?
?[0m?[0;34m2023-04-07 15:35:22.431 DEBUG 12456 --- [nio-8881-exec-2] o.s.s.a.dao.DaoAuthenticationProvider    : Authenticated user
?[0m?[0;34m2023-04-07 15:35:22.431 DEBUG 12456 --- [nio-8881-exec-2] o.s.s.w.a.www.BasicAuthenticationFilter  : Set SecurityContextHolder to UsernamePasswordAuthenticationToken [Principal=recipes.security.SecurityUserDetails@4310a93, Credentials=[PROTECTED], Authenticated=true, Details=WebAuthenticationDetails [RemoteIpAddress=127.0.0.1, SessionId=null], Granted Authorities=[]]
?[0m?[0;34m2023-04-07 15:35:22.431 DEBUG 12456 --- [nio-8881-exec-2] w.c.HttpSessionSecurityContextRepository : Created HttpSession as SecurityContext is non-default
?[0m?[0;34m2023-04-07 15:35:22.431 DEBUG 12456 --- [nio-8881-exec-2] w.c.HttpSessionSecurityContextRepository : Stored SecurityContextImpl [Authentication=UsernamePasswordAuthenticationToken [Principal=recipes.security.SecurityUserDetails@4310a93, Credentials=[PROTECTED], Authenticated=true, Details=WebAuthenticationDetails [RemoteIpAddress=127.0.0.1, SessionId=null], Granted Authorities=[]]] to HttpSession [org.apache.catalina.session.StandardSessionFacade@69bca55a]
?[0m?[0;34m2023-04-07 15:35:22.431 DEBUG 12456 --- [nio-8881-exec-2] o.s.security.web.FilterChainProxy        : Secured GET /api/recipe/2
?[0m?[0;34m2023-04-07 15:35:22.431 DEBUG 12456 --- [nio-8881-exec-2] o.s.web.servlet.DispatcherServlet        : GET "/api/recipe/2", parameters={}
?[0m?[0;34m2023-04-07 15:35:22.432 DEBUG 12456 --- [nio-8881-exec-2] s.w.s.m.m.a.RequestMappingHandlerMapping : Mapped to recipes.controller.RecipeController#findById(int)
?[0m?[0;34m2023-04-07 15:35:22.432 DEBUG 12456 --- [nio-8881-exec-2] o.j.s.OpenEntityManagerInViewInterceptor : Opening JPA EntityManager in OpenEntityManagerInViewInterceptor
?[0m?[0;34m2023-04-07 15:35:22.432 DEBUG 12456 --- [nio-8881-exec-2] o.s.orm.jpa.JpaTransactionManager        : Found thread-bound EntityManager [SessionImpl(875860960<open>)] for JPA transaction
?[0m?[0;34m2023-04-07 15:35:22.432 DEBUG 12456 --- [nio-8881-exec-2] o.s.orm.jpa.JpaTransactionManager        : Creating new transaction with name [org.springframework.data.jpa.repository.support.SimpleJpaRepository.findById]: PROPAGATION_REQUIRED,ISOLATION_DEFAULT,readOnly
?[0m?[0;34m2023-04-07 15:35:22.433 DEBUG 12456 --- [nio-8881-exec-2] o.s.jdbc.datasource.DataSourceUtils      : Setting JDBC Connection [HikariProxyConnection@2000273603 wrapping conn10: url=jdbc:h2:file:../recipes_db user=SA] read-only
?[0m?[0;34m2023-04-07 15:35:22.433 DEBUG 12456 --- [nio-8881-exec-2] o.s.orm.jpa.JpaTransactionManager        : Exposing JPA transaction as JDBC [org.springframework.orm.jpa.vendor.HibernateJpaDialect$HibernateConnectionHandle@7bd02925]
?[0m?[0;34mHibernate: 
?[0m?[0;34m    select
?[0m?[0;34m        recipe0_.id as id1_2_0_,
?[0m?[0;34m        recipe0_.category as category2_2_0_,
?[0m?[0;34m        recipe0_.date as date3_2_0_,
?[0m?[0;34m        recipe0_.description as descript4_2_0_,
?[0m?[0;34m        recipe0_.name as name5_2_0_,
?[0m?[0;34m        recipe0_.user_id as user_id6_2_0_,
?[0m?[0;34m        user1_.id as id1_3_1_,
?[0m?[0;34m        user1_.email as email2_3_1_,
?[0m?[0;34m        user1_.password as password3_3_1_ 
?[0m?[0;34m    from
?[0m?[0;34m        recipe recipe0_ 
?[0m?[0;34m    inner join
?[0m?[0;34m        users user1_ 
?[0m?[0;34m            on recipe0_.user_id=user1_.id 
?[0m?[0;34m    where
?[0m?[0;34m        recipe0_.id=?
?[0m?[0;34mHibernate: 
?[0m?[0;34m    select
?[0m?[0;34m        recipes0_.user_id as user_id6_2_0_,
?[0m?[0;34m        recipes0_.id as id1_2_0_,
?[0m?[0;34m        recipes0_.id as id1_2_1_,
?[0m?[0;34m        recipes0_.category as category2_2_1_,
?[0m?[0;34m        recipes0_.date as date3_2_1_,
?[0m?[0;34m        recipes0_.description as descript4_2_1_,
?[0m?[0;34m        recipes0_.name as name5_2_1_,
?[0m?[0;34m        recipes0_.user_id as user_id6_2_1_ 
?[0m?[0;34m    from
?[0m?[0;34m        recipe recipes0_ 
?[0m?[0;34m    where
?[0m?[0;34m        recipes0_.user_id=?
?[0m?[0;34m2023-04-07 15:35:22.435 DEBUG 12456 --- [nio-8881-exec-2] o.s.orm.jpa.JpaTransactionManager        : Initiating transaction commit
?[0m?[0;34m2023-04-07 15:35:22.435 DEBUG 12456 --- [nio-8881-exec-2] o.s.orm.jpa.JpaTransactionManager        : Committing JPA transaction on EntityManager [SessionImpl(875860960<open>)]
?[0m?[0;34m2023-04-07 15:35:22.435 DEBUG 12456 --- [nio-8881-exec-2] o.s.jdbc.datasource.DataSourceUtils      : Resetting read-only flag of JDBC Connection [HikariProxyConnection@2000273603 wrapping conn10: url=jdbc:h2:file:../recipes_db user=SA]
?[0m?[0;34m2023-04-07 15:35:22.435 DEBUG 12456 --- [nio-8881-exec-2] o.s.orm.jpa.JpaTransactionManager        : Not closing pre-bound JPA EntityManager after transaction
?[0m?[0;34mHibernate: 
?[0m?[0;34m    select
?[0m?[0;34m        directions0_.id as id1_0_0_,
?[0m?[0;34m        directions0_.directions as directio2_0_0_ 
?[0m?[0;34m    from
?[0m?[0;34m        direction directions0_ 
?[0m?[0;34m    where
?[0m?[0;34m        directions0_.id=?
?[0m?[0;34mHibernate: 
?[0m?[0;34m    select
?[0m?[0;34m        ingredient0_.id as id1_1_0_,
?[0m?[0;34m        ingredient0_.ingredients as ingredie2_1_0_ 
?[0m?[0;34m    from
?[0m?[0;34m        ingredient ingredient0_ 
?[0m?[0;34m    where
?[0m?[0;34m        ingredient0_.id=?
?[0m?[0;34m2023-04-07 15:35:22.438 DEBUG 12456 --- [nio-8881-exec-2] o.s.w.s.m.m.a.HttpEntityMethodProcessor  : Using 'application/json', given [*/*] and supported [application/json, application/*+json, application/json, application/*+json]
?[0m?[0;34m2023-04-07 15:35:22.438 DEBUG 12456 --- [nio-8881-exec-2] o.s.w.s.m.m.a.HttpEntityMethodProcessor  : Writing [RecipeDTO(name=Warming Ginger Tea /Test, category=beverage /Test, date=2023-04-07T15:35:10.932653, d (truncated)...]
?[0m?[0;34m2023-04-07 15:35:22.439 DEBUG 12456 --- [nio-8881-exec-2] w.c.HttpSessionSecurityContextRepository : Stored SecurityContextImpl [Authentication=UsernamePasswordAuthenticationToken [Principal=recipes.security.SecurityUserDetails@4310a93, Credentials=[PROTECTED], Authenticated=true, Details=WebAuthenticationDetails [RemoteIpAddress=127.0.0.1, SessionId=null], Granted Authorities=[]]] to HttpSession [org.apache.catalina.session.StandardSessionFacade@69bca55a]
?[0m?[0;34m2023-04-07 15:35:22.439 DEBUG 12456 --- [nio-8881-exec-2] o.j.s.OpenEntityManagerInViewInterceptor : Closing JPA EntityManager in OpenEntityManagerInViewInterceptor
?[0m?[0;34m2023-04-07 15:35:22.439 DEBUG 12456 --- [nio-8881-exec-2] o.s.web.servlet.DispatcherServlet        : Completed 200 OK
?[0m?[0;34m2023-04-07 15:35:22.439 DEBUG 12456 --- [nio-8881-exec-2] w.c.HttpSessionSecurityContextRepository : Stored SecurityContextImpl [Authentication=UsernamePasswordAuthenticationToken [Principal=recipes.security.SecurityUserDetails@4310a93, Credentials=[PROTECTED], Authenticated=true, Details=WebAuthenticationDetails [RemoteIpAddress=127.0.0.1, SessionId=null], Granted Authorities=[]]] to HttpSession [org.apache.catalina.session.StandardSessionFacade@69bca55a]
?[0m?[0;34m2023-04-07 15:35:22.440 DEBUG 12456 --- [nio-8881-exec-2] s.s.w.c.SecurityContextPersistenceFilter : Cleared SecurityContextHolder to complete request
?[1;31m
Start test 16?[0m
?[0;34m2023-04-07 15:35:22.447 DEBUG 12456 --- [nio-8881-exec-3] o.s.security.web.FilterChainProxy        : Securing PUT /api/recipe/1
?[0m?[0;34m2023-04-07 15:35:22.448 DEBUG 12456 --- [nio-8881-exec-3] s.s.w.c.SecurityContextPersistenceFilter : Set SecurityContextHolder to empty SecurityContext
?[0m?[0;34m2023-04-07 15:35:22.448 DEBUG 12456 --- [nio-8881-exec-3] tor$SharedEntityManagerInvocationHandler : Creating new EntityManager for shared EntityManager invocation
?[0m?[0;34mHibernate: 
?[0m?[0;34m    select
?[0m?[0;34m        user0_.id as id1_3_,
?[0m?[0;34m        user0_.email as email2_3_,
?[0m?[0;34m        user0_.password as password3_3_ 
?[0m?[0;34m    from
?[0m?[0;34m        users user0_ 
?[0m?[0;34m    where
?[0m?[0;34m        user0_.email=?
?[0m?[0;34mHibernate: 
?[0m?[0;34m    select
?[0m?[0;34m        recipes0_.user_id as user_id6_2_0_,
?[0m?[0;34m        recipes0_.id as id1_2_0_,
?[0m?[0;34m        recipes0_.id as id1_2_1_,
?[0m?[0;34m        recipes0_.category as category2_2_1_,
?[0m?[0;34m        recipes0_.date as date3_2_1_,
?[0m?[0;34m        recipes0_.description as descript4_2_1_,
?[0m?[0;34m        recipes0_.name as name5_2_1_,
?[0m?[0;34m        recipes0_.user_id as user_id6_2_1_ 
?[0m?[0;34m    from
?[0m?[0;34m        recipe recipes0_ 
?[0m?[0;34m    where
?[0m?[0;34m        recipes0_.user_id=?
?[0m?[0;34m2023-04-07 15:35:22.509 DEBUG 12456 --- [nio-8881-exec-3] o.s.s.a.dao.DaoAuthenticationProvider    : Authenticated user
?[0m?[0;34m2023-04-07 15:35:22.509 DEBUG 12456 --- [nio-8881-exec-3] o.s.s.w.a.www.BasicAuthenticationFilter  : Set SecurityContextHolder to UsernamePasswordAuthenticationToken [Principal=recipes.security.SecurityUserDetails@6287fd33, Credentials=[PROTECTED], Authenticated=true, Details=WebAuthenticationDetails [RemoteIpAddress=127.0.0.1, SessionId=null], Granted Authorities=[]]
?[0m?[0;34m2023-04-07 15:35:22.510 DEBUG 12456 --- [nio-8881-exec-3] w.c.HttpSessionSecurityContextRepository : Created HttpSession as SecurityContext is non-default
?[0m?[0;34m2023-04-07 15:35:22.510 DEBUG 12456 --- [nio-8881-exec-3] w.c.HttpSessionSecurityContextRepository : Stored SecurityContextImpl [Authentication=UsernamePasswordAuthenticationToken [Principal=recipes.security.SecurityUserDetails@6287fd33, Credentials=[PROTECTED], Authenticated=true, Details=WebAuthenticationDetails [RemoteIpAddress=127.0.0.1, SessionId=null], Granted Authorities=[]]] to HttpSession [org.apache.catalina.session.StandardSessionFacade@6c6c3e33]
?[0m?[0;34m2023-04-07 15:35:22.510 DEBUG 12456 --- [nio-8881-exec-3] o.s.security.web.FilterChainProxy        : Secured PUT /api/recipe/1
?[0m?[0;34m2023-04-07 15:35:22.510 DEBUG 12456 --- [nio-8881-exec-3] o.s.web.servlet.DispatcherServlet        : PUT "/api/recipe/1", parameters={}
?[0m?[0;34m2023-04-07 15:35:22.510 DEBUG 12456 --- [nio-8881-exec-3] s.w.s.m.m.a.RequestMappingHandlerMapping : Mapped to recipes.controller.RecipeController#update(SecurityUserDetails, long, RecipeDTO)
?[0m?[0;34m2023-04-07 15:35:22.510 DEBUG 12456 --- [nio-8881-exec-3] o.j.s.OpenEntityManagerInViewInterceptor : Opening JPA EntityManager in OpenEntityManagerInViewInterceptor
?[0m?[0;34m2023-04-07 15:35:22.512 DEBUG 12456 --- [nio-8881-exec-3] m.m.a.RequestResponseBodyMethodProcessor : Read "application/json;charset=UTF-8" to [RecipeDTO(name=Warming Ginger Tea /Test, category=beverage /Test, date=null, description=Ginger tea  (truncated)...]
?[0m?[0;34m2023-04-07 15:35:22.520 DEBUG 12456 --- [nio-8881-exec-3] o.s.orm.jpa.JpaTransactionManager        : Found thread-bound EntityManager [SessionImpl(1217356138<open>)] for JPA transaction
?[0m?[0;34m2023-04-07 15:35:22.520 DEBUG 12456 --- [nio-8881-exec-3] o.s.orm.jpa.JpaTransactionManager        : Creating new transaction with name [org.springframework.data.jpa.repository.support.SimpleJpaRepository.existsById]: PROPAGATION_REQUIRED,ISOLATION_DEFAULT,readOnly
?[0m?[0;34m2023-04-07 15:35:22.520 DEBUG 12456 --- [nio-8881-exec-3] o.s.jdbc.datasource.DataSourceUtils      : Setting JDBC Connection [HikariProxyConnection@370326054 wrapping conn10: url=jdbc:h2:file:../recipes_db user=SA] read-only
?[0m?[0;34m2023-04-07 15:35:22.520 DEBUG 12456 --- [nio-8881-exec-3] o.s.orm.jpa.JpaTransactionManager        : Exposing JPA transaction as JDBC [org.springframework.orm.jpa.vendor.HibernateJpaDialect$HibernateConnectionHandle@6b234480]
?[0m?[0;34mHibernate: 
?[0m?[0;34m    select
?[0m?[0;34m        count(*) as col_0_0_ 
?[0m?[0;34m    from
?[0m?[0;34m        recipe recipe0_ 
?[0m?[0;34m    where
?[0m?[0;34m        recipe0_.id=?
?[0m?[0;34m2023-04-07 15:35:22.527 DEBUG 12456 --- [nio-8881-exec-3] o.s.orm.jpa.JpaTransactionManager        : Initiating transaction commit
?[0m?[0;34m2023-04-07 15:35:22.527 DEBUG 12456 --- [nio-8881-exec-3] o.s.orm.jpa.JpaTransactionManager        : Committing JPA transaction on EntityManager [SessionImpl(1217356138<open>)]
?[0m?[0;34m2023-04-07 15:35:22.527 DEBUG 12456 --- [nio-8881-exec-3] o.s.jdbc.datasource.DataSourceUtils      : Resetting read-only flag of JDBC Connection [HikariProxyConnection@370326054 wrapping conn10: url=jdbc:h2:file:../recipes_db user=SA]
?[0m?[0;34m2023-04-07 15:35:22.527 DEBUG 12456 --- [nio-8881-exec-3] o.s.orm.jpa.JpaTransactionManager        : Not closing pre-bound JPA EntityManager after transaction
?[0m?[0;34m2023-04-07 15:35:22.527 DEBUG 12456 --- [nio-8881-exec-3] o.s.orm.jpa.JpaTransactionManager        : Found thread-bound EntityManager [SessionImpl(1217356138<open>)] for JPA transaction
?[0m?[0;34m2023-04-07 15:35:22.527 DEBUG 12456 --- [nio-8881-exec-3] o.s.orm.jpa.JpaTransactionManager        : Creating new transaction with name [org.springframework.data.jpa.repository.support.SimpleJpaRepository.findById]: PROPAGATION_REQUIRED,ISOLATION_DEFAULT,readOnly
?[0m?[0;34m2023-04-07 15:35:22.527 DEBUG 12456 --- [nio-8881-exec-3] o.s.jdbc.datasource.DataSourceUtils      : Setting JDBC Connection [HikariProxyConnection@370326054 wrapping conn10: url=jdbc:h2:file:../recipes_db user=SA] read-only
?[0m?[0;34m2023-04-07 15:35:22.528 DEBUG 12456 --- [nio-8881-exec-3] o.s.orm.jpa.JpaTransactionManager        : Exposing JPA transaction as JDBC [org.springframework.orm.jpa.vendor.HibernateJpaDialect$HibernateConnectionHandle@312c80e]
?[0m?[0;34mHibernate: 
?[0m?[0;34m    select
?[0m?[0;34m        recipe0_.id as id1_2_0_,
?[0m?[0;34m        recipe0_.category as category2_2_0_,
?[0m?[0;34m        recipe0_.date as date3_2_0_,
?[0m?[0;34m        recipe0_.description as descript4_2_0_,
?[0m?[0;34m        recipe0_.name as name5_2_0_,
?[0m?[0;34m        recipe0_.user_id as user_id6_2_0_,
?[0m?[0;34m        user1_.id as id1_3_1_,
?[0m?[0;34m        user1_.email as email2_3_1_,
?[0m?[0;34m        user1_.password as password3_3_1_ 
?[0m?[0;34m    from
?[0m?[0;34m        recipe recipe0_ 
?[0m?[0;34m    inner join
?[0m?[0;34m        users user1_ 
?[0m?[0;34m            on recipe0_.user_id=user1_.id 
?[0m?[0;34m    where
?[0m?[0;34m        recipe0_.id=?
?[0m?[0;34mHibernate: 
?[0m?[0;34m    select
?[0m?[0;34m        recipes0_.user_id as user_id6_2_0_,
?[0m?[0;34m        recipes0_.id as id1_2_0_,
?[0m?[0;34m        recipes0_.id as id1_2_1_,
?[0m?[0;34m        recipes0_.category as category2_2_1_,
?[0m?[0;34m        recipes0_.date as date3_2_1_,
?[0m?[0;34m        recipes0_.description as descript4_2_1_,
?[0m?[0;34m        recipes0_.name as name5_2_1_,
?[0m?[0;34m        recipes0_.user_id as user_id6_2_1_ 
?[0m?[0;34m    from
?[0m?[0;34m        recipe recipes0_ 
?[0m?[0;34m    where
?[0m?[0;34m        recipes0_.user_id=?
?[0m?[0;34m2023-04-07 15:35:22.529 DEBUG 12456 --- [nio-8881-exec-3] o.s.orm.jpa.JpaTransactionManager        : Initiating transaction commit
?[0m?[0;34m2023-04-07 15:35:22.529 DEBUG 12456 --- [nio-8881-exec-3] o.s.orm.jpa.JpaTransactionManager        : Committing JPA transaction on EntityManager [SessionImpl(1217356138<open>)]
?[0m?[0;34m2023-04-07 15:35:22.530 DEBUG 12456 --- [nio-8881-exec-3] o.s.jdbc.datasource.DataSourceUtils      : Resetting read-only flag of JDBC Connection [HikariProxyConnection@370326054 wrapping conn10: url=jdbc:h2:file:../recipes_db user=SA]
?[0m?[0;34m2023-04-07 15:35:22.530 DEBUG 12456 --- [nio-8881-exec-3] o.s.orm.jpa.JpaTransactionManager        : Not closing pre-bound JPA EntityManager after transaction
?[0m?[0;34m2023-04-07 15:35:22.531 DEBUG 12456 --- [nio-8881-exec-3] o.s.orm.jpa.JpaTransactionManager        : Found thread-bound EntityManager [SessionImpl(1217356138<open>)] for JPA transaction
?[0m?[0;34m2023-04-07 15:35:22.531 DEBUG 12456 --- [nio-8881-exec-3] o.s.orm.jpa.JpaTransactionManager        : Creating new transaction with name [org.springframework.data.jpa.repository.support.SimpleJpaRepository.save]: PROPAGATION_REQUIRED,ISOLATION_DEFAULT
?[0m?[0;34m2023-04-07 15:35:22.531 DEBUG 12456 --- [nio-8881-exec-3] o.s.orm.jpa.JpaTransactionManager        : Exposing JPA transaction as JDBC [org.springframework.orm.jpa.vendor.HibernateJpaDialect$HibernateConnectionHandle@7c992423]
?[0m?[0;34mHibernate: 
?[0m?[0;34m    select
?[0m?[0;34m        directions0_.id as id1_0_0_,
?[0m?[0;34m        directions0_.directions as directio2_0_0_ 
?[0m?[0;34m    from
?[0m?[0;34m        direction directions0_ 
?[0m?[0;34m    where
?[0m?[0;34m        directions0_.id=?
?[0m?[0;34mHibernate: 
?[0m?[0;34m    select
?[0m?[0;34m        ingredient0_.id as id1_1_0_,
?[0m?[0;34m        ingredient0_.ingredients as ingredie2_1_0_ 
?[0m?[0;34m    from
?[0m?[0;34m        ingredient ingredient0_ 
?[0m?[0;34m    where
?[0m?[0;34m        ingredient0_.id=?
?[0m?[0;34m2023-04-07 15:35:22.537 DEBUG 12456 --- [nio-8881-exec-3] o.s.orm.jpa.JpaTransactionManager        : Initiating transaction commit
?[0m?[0;34m2023-04-07 15:35:22.538 DEBUG 12456 --- [nio-8881-exec-3] o.s.orm.jpa.JpaTransactionManager        : Committing JPA transaction on EntityManager [SessionImpl(1217356138<open>)]
?[0m?[0;34mHibernate: 
?[0m?[0;34m    update
?[0m?[0;34m        recipe 
?[0m?[0;34m    set
?[0m?[0;34m        category=?,
?[0m?[0;34m        date=?,
?[0m?[0;34m        description=?,
?[0m?[0;34m        name=?,
?[0m?[0;34m        user_id=? 
?[0m?[0;34m    where
?[0m?[0;34m        id=?
?[0m?[0;34mHibernate: 
?[0m?[0;34m    delete 
?[0m?[0;34m    from
?[0m?[0;34m        direction 
?[0m?[0;34m    where
?[0m?[0;34m        id=?
?[0m?[0;34mHibernate: 
?[0m?[0;34m    insert 
?[0m?[0;34m    into
?[0m?[0;34m        direction
?[0m?[0;34m        (id, directions) 
?[0m?[0;34m    values
?[0m?[0;34m        (?, ?)
?[0m?[0;34mHibernate: 
?[0m?[0;34m    insert 
?[0m?[0;34m    into
?[0m?[0;34m        direction
?[0m?[0;34m        (id, directions) 
?[0m?[0;34m    values
?[0m?[0;34m        (?, ?)
?[0m?[0;34mHibernate: 
?[0m?[0;34m    insert 
?[0m?[0;34m    into
?[0m?[0;34m        direction
?[0m?[0;34m        (id, directions) 
?[0m?[0;34m    values
?[0m?[0;34m        (?, ?)
?[0m?[0;34mHibernate: 
?[0m?[0;34m    delete 
?[0m?[0;34m    from
?[0m?[0;34m        ingredient 
?[0m?[0;34m    where
?[0m?[0;34m        id=?
?[0m?[0;34mHibernate: 
?[0m?[0;34m    insert 
?[0m?[0;34m    into
?[0m?[0;34m        ingredient
?[0m?[0;34m        (id, ingredients) 
?[0m?[0;34m    values
?[0m?[0;34m        (?, ?)
?[0m?[0;34mHibernate: 
?[0m?[0;34m    insert 
?[0m?[0;34m    into
?[0m?[0;34m        ingredient
?[0m?[0;34m        (id, ingredients) 
?[0m?[0;34m    values
?[0m?[0;34m        (?, ?)
?[0m?[0;34mHibernate: 
?[0m?[0;34m    insert 
?[0m?[0;34m    into
?[0m?[0;34m        ingredient
?[0m?[0;34m        (id, ingredients) 
?[0m?[0;34m    values
?[0m?[0;34m        (?, ?)
?[0m?[0;34m2023-04-07 15:35:22.545 DEBUG 12456 --- [nio-8881-exec-3] o.s.orm.jpa.JpaTransactionManager        : Not closing pre-bound JPA EntityManager after transaction
?[0m?[0;34m2023-04-07 15:35:22.546 DEBUG 12456 --- [nio-8881-exec-3] o.s.w.s.m.m.a.HttpEntityMethodProcessor  : Using 'application/octet-stream', given [*/*] and supported [*/*]
?[0m?[0;34m2023-04-07 15:35:22.546 DEBUG 12456 --- [nio-8881-exec-3] o.j.s.OpenEntityManagerInViewInterceptor : Closing JPA EntityManager in OpenEntityManagerInViewInterceptor
?[0m?[0;34m2023-04-07 15:35:22.546 DEBUG 12456 --- [nio-8881-exec-3] o.s.web.servlet.DispatcherServlet        : Completed 204 NO_CONTENT
?[0m?[0;34m2023-04-07 15:35:22.546 DEBUG 12456 --- [nio-8881-exec-3] w.c.HttpSessionSecurityContextRepository : Stored SecurityContextImpl [Authentication=UsernamePasswordAuthenticationToken [Principal=recipes.security.SecurityUserDetails@6287fd33, Credentials=[PROTECTED], Authenticated=true, Details=WebAuthenticationDetails [RemoteIpAddress=127.0.0.1, SessionId=null], Granted Authorities=[]]] to HttpSession [org.apache.catalina.session.StandardSessionFacade@6c6c3e33]
?[0m?[0;34m2023-04-07 15:35:22.546 DEBUG 12456 --- [nio-8881-exec-3] s.s.w.c.SecurityContextPersistenceFilter : Cleared SecurityContextHolder to complete request
?[1;31m
Start test 17?[0m
?[0;34m2023-04-07 15:35:22.553 DEBUG 12456 --- [nio-8881-exec-4] o.s.security.web.FilterChainProxy        : Securing GET /api/recipe/1
?[0m?[0;34m2023-04-07 15:35:22.553 DEBUG 12456 --- [nio-8881-exec-4] s.s.w.c.SecurityContextPersistenceFilter : Set SecurityContextHolder to empty SecurityContext
?[0m?[0;34m2023-04-07 15:35:22.553 DEBUG 12456 --- [nio-8881-exec-4] tor$SharedEntityManagerInvocationHandler : Creating new EntityManager for shared EntityManager invocation
?[0m?[0;34mHibernate: 
?[0m?[0;34m    select
?[0m?[0;34m        user0_.id as id1_3_,
?[0m?[0;34m        user0_.email as email2_3_,
?[0m?[0;34m        user0_.password as password3_3_ 
?[0m?[0;34m    from
?[0m?[0;34m        users user0_ 
?[0m?[0;34m    where
?[0m?[0;34m        user0_.email=?
?[0m?[0;34mHibernate: 
?[0m?[0;34m    select
?[0m?[0;34m        recipes0_.user_id as user_id6_2_0_,
?[0m?[0;34m        recipes0_.id as id1_2_0_,
?[0m?[0;34m        recipes0_.id as id1_2_1_,
?[0m?[0;34m        recipes0_.category as category2_2_1_,
?[0m?[0;34m        recipes0_.date as date3_2_1_,
?[0m?[0;34m        recipes0_.description as descript4_2_1_,
?[0m?[0;34m        recipes0_.name as name5_2_1_,
?[0m?[0;34m        recipes0_.user_id as user_id6_2_1_ 
?[0m?[0;34m    from
?[0m?[0;34m        recipe recipes0_ 
?[0m?[0;34m    where
?[0m?[0;34m        recipes0_.user_id=?
?[0m?[0;34m2023-04-07 15:35:22.615 DEBUG 12456 --- [nio-8881-exec-4] o.s.s.a.dao.DaoAuthenticationProvider    : Authenticated user
?[0m?[0;34m2023-04-07 15:35:22.615 DEBUG 12456 --- [nio-8881-exec-4] o.s.s.w.a.www.BasicAuthenticationFilter  : Set SecurityContextHolder to UsernamePasswordAuthenticationToken [Principal=recipes.security.SecurityUserDetails@408490df, Credentials=[PROTECTED], Authenticated=true, Details=WebAuthenticationDetails [RemoteIpAddress=127.0.0.1, SessionId=null], Granted Authorities=[]]
?[0m?[0;34m2023-04-07 15:35:22.616 DEBUG 12456 --- [nio-8881-exec-4] w.c.HttpSessionSecurityContextRepository : Created HttpSession as SecurityContext is non-default
?[0m?[0;34m2023-04-07 15:35:22.616 DEBUG 12456 --- [nio-8881-exec-4] w.c.HttpSessionSecurityContextRepository : Stored SecurityContextImpl [Authentication=UsernamePasswordAuthenticationToken [Principal=recipes.security.SecurityUserDetails@408490df, Credentials=[PROTECTED], Authenticated=true, Details=WebAuthenticationDetails [RemoteIpAddress=127.0.0.1, SessionId=null], Granted Authorities=[]]] to HttpSession [org.apache.catalina.session.StandardSessionFacade@5db83ed3]
?[0m?[0;34m2023-04-07 15:35:22.616 DEBUG 12456 --- [nio-8881-exec-4] o.s.security.web.FilterChainProxy        : Secured GET /api/recipe/1
?[0m?[0;34m2023-04-07 15:35:22.616 DEBUG 12456 --- [nio-8881-exec-4] o.s.web.servlet.DispatcherServlet        : GET "/api/recipe/1", parameters={}
?[0m?[0;34m2023-04-07 15:35:22.617 DEBUG 12456 --- [nio-8881-exec-4] s.w.s.m.m.a.RequestMappingHandlerMapping : Mapped to recipes.controller.RecipeController#findById(int)
?[0m?[0;34m2023-04-07 15:35:22.617 DEBUG 12456 --- [nio-8881-exec-4] o.j.s.OpenEntityManagerInViewInterceptor : Opening JPA EntityManager in OpenEntityManagerInViewInterceptor
?[0m?[0;34m2023-04-07 15:35:22.617 DEBUG 12456 --- [nio-8881-exec-4] o.s.orm.jpa.JpaTransactionManager        : Found thread-bound EntityManager [SessionImpl(903430154<open>)] for JPA transaction
?[0m?[0;34m2023-04-07 15:35:22.617 DEBUG 12456 --- [nio-8881-exec-4] o.s.orm.jpa.JpaTransactionManager        : Creating new transaction with name [org.springframework.data.jpa.repository.support.SimpleJpaRepository.findById]: PROPAGATION_REQUIRED,ISOLATION_DEFAULT,readOnly
?[0m?[0;34m2023-04-07 15:35:22.617 DEBUG 12456 --- [nio-8881-exec-4] o.s.jdbc.datasource.DataSourceUtils      : Setting JDBC Connection [HikariProxyConnection@386265834 wrapping conn10: url=jdbc:h2:file:../recipes_db user=SA] read-only
?[0m?[0;34m2023-04-07 15:35:22.618 DEBUG 12456 --- [nio-8881-exec-4] o.s.orm.jpa.JpaTransactionManager        : Exposing JPA transaction as JDBC [org.springframework.orm.jpa.vendor.HibernateJpaDialect$HibernateConnectionHandle@73639abd]
?[0m?[0;34mHibernate: 
?[0m?[0;34m    select
?[0m?[0;34m        recipe0_.id as id1_2_0_,
?[0m?[0;34m        recipe0_.category as category2_2_0_,
?[0m?[0;34m        recipe0_.date as date3_2_0_,
?[0m?[0;34m        recipe0_.description as descript4_2_0_,
?[0m?[0;34m        recipe0_.name as name5_2_0_,
?[0m?[0;34m        recipe0_.user_id as user_id6_2_0_,
?[0m?[0;34m        user1_.id as id1_3_1_,
?[0m?[0;34m        user1_.email as email2_3_1_,
?[0m?[0;34m        user1_.password as password3_3_1_ 
?[0m?[0;34m    from
?[0m?[0;34m        recipe recipe0_ 
?[0m?[0;34m    inner join
?[0m?[0;34m        users user1_ 
?[0m?[0;34m            on recipe0_.user_id=user1_.id 
?[0m?[0;34m    where
?[0m?[0;34m        recipe0_.id=?
?[0m?[0;34mHibernate: 
?[0m?[0;34m    select
?[0m?[0;34m        recipes0_.user_id as user_id6_2_0_,
?[0m?[0;34m        recipes0_.id as id1_2_0_,
?[0m?[0;34m        recipes0_.id as id1_2_1_,
?[0m?[0;34m        recipes0_.category as category2_2_1_,
?[0m?[0;34m        recipes0_.date as date3_2_1_,
?[0m?[0;34m        recipes0_.description as descript4_2_1_,
?[0m?[0;34m        recipes0_.name as name5_2_1_,
?[0m?[0;34m        recipes0_.user_id as user_id6_2_1_ 
?[0m?[0;34m    from
?[0m?[0;34m        recipe recipes0_ 
?[0m?[0;34m    where
?[0m?[0;34m        recipes0_.user_id=?
?[0m?[0;34m2023-04-07 15:35:22.621 DEBUG 12456 --- [nio-8881-exec-4] o.s.orm.jpa.JpaTransactionManager        : Initiating transaction commit
?[0m?[0;34m2023-04-07 15:35:22.621 DEBUG 12456 --- [nio-8881-exec-4] o.s.orm.jpa.JpaTransactionManager        : Committing JPA transaction on EntityManager [SessionImpl(903430154<open>)]
?[0m?[0;34m2023-04-07 15:35:22.621 DEBUG 12456 --- [nio-8881-exec-4] o.s.jdbc.datasource.DataSourceUtils      : Resetting read-only flag of JDBC Connection [HikariProxyConnection@386265834 wrapping conn10: url=jdbc:h2:file:../recipes_db user=SA]
?[0m?[0;34m2023-04-07 15:35:22.621 DEBUG 12456 --- [nio-8881-exec-4] o.s.orm.jpa.JpaTransactionManager        : Not closing pre-bound JPA EntityManager after transaction
?[0m?[0;34mHibernate: 
?[0m?[0;34m    select
?[0m?[0;34m        directions0_.id as id1_0_0_,
?[0m?[0;34m        directions0_.directions as directio2_0_0_ 
?[0m?[0;34m    from
?[0m?[0;34m        direction directions0_ 
?[0m?[0;34m    where
?[0m?[0;34m        directions0_.id=?
?[0m?[0;34mHibernate: 
?[0m?[0;34m    select
?[0m?[0;34m        ingredient0_.id as id1_1_0_,
?[0m?[0;34m        ingredient0_.ingredients as ingredie2_1_0_ 
?[0m?[0;34m    from
?[0m?[0;34m        ingredient ingredient0_ 
?[0m?[0;34m    where
?[0m?[0;34m        ingredient0_.id=?
?[0m?[0;34m2023-04-07 15:35:22.624 DEBUG 12456 --- [nio-8881-exec-4] o.s.w.s.m.m.a.HttpEntityMethodProcessor  : Using 'application/json', given [*/*] and supported [application/json, application/*+json, application/json, application/*+json]
?[0m?[0;34m2023-04-07 15:35:22.625 DEBUG 12456 --- [nio-8881-exec-4] o.s.w.s.m.m.a.HttpEntityMethodProcessor  : Writing [RecipeDTO(name=Warming Ginger Tea /Test, category=beverage /Test, date=2023-04-07T15:35:22.539880, d (truncated)...]
?[0m?[0;34m2023-04-07 15:35:22.625 DEBUG 12456 --- [nio-8881-exec-4] w.c.HttpSessionSecurityContextRepository : Stored SecurityContextImpl [Authentication=UsernamePasswordAuthenticationToken [Principal=recipes.security.SecurityUserDetails@408490df, Credentials=[PROTECTED], Authenticated=true, Details=WebAuthenticationDetails [RemoteIpAddress=127.0.0.1, SessionId=null], Granted Authorities=[]]] to HttpSession [org.apache.catalina.session.StandardSessionFacade@5db83ed3]
?[0m?[0;34m2023-04-07 15:35:22.625 DEBUG 12456 --- [nio-8881-exec-4] o.j.s.OpenEntityManagerInViewInterceptor : Closing JPA EntityManager in OpenEntityManagerInViewInterceptor
?[0m?[0;34m2023-04-07 15:35:22.626 DEBUG 12456 --- [nio-8881-exec-4] o.s.web.servlet.DispatcherServlet        : Completed 200 OK
?[0m?[0;34m2023-04-07 15:35:22.626 DEBUG 12456 --- [nio-8881-exec-4] w.c.HttpSessionSecurityContextRepository : Stored SecurityContextImpl [Authentication=UsernamePasswordAuthenticationToken [Principal=recipes.security.SecurityUserDetails@408490df, Credentials=[PROTECTED], Authenticated=true, Details=WebAuthenticationDetails [RemoteIpAddress=127.0.0.1, SessionId=null], Granted Authorities=[]]] to HttpSession [org.apache.catalina.session.StandardSessionFacade@5db83ed3]
?[0m?[0;34m2023-04-07 15:35:22.626 DEBUG 12456 --- [nio-8881-exec-4] s.s.w.c.SecurityContextPersistenceFilter : Cleared SecurityContextHolder to complete request
?[1;31m
Start test 18?[0m
?[0;34m2023-04-07 15:35:22.631 DEBUG 12456 --- [nio-8881-exec-5] o.s.security.web.FilterChainProxy        : Securing DELETE /api/recipe/1
?[0m?[0;34m2023-04-07 15:35:22.632 DEBUG 12456 --- [nio-8881-exec-5] s.s.w.c.SecurityContextPersistenceFilter : Set SecurityContextHolder to empty SecurityContext
?[0m?[0;34m2023-04-07 15:35:22.632 DEBUG 12456 --- [nio-8881-exec-5] tor$SharedEntityManagerInvocationHandler : Creating new EntityManager for shared EntityManager invocation
?[0m?[0;34mHibernate: 
?[0m?[0;34m    select
?[0m?[0;34m        user0_.id as id1_3_,
?[0m?[0;34m        user0_.email as email2_3_,
?[0m?[0;34m        user0_.password as password3_3_ 
?[0m?[0;34m    from
?[0m?[0;34m        users user0_ 
?[0m?[0;34m    where
?[0m?[0;34m        user0_.email=?
?[0m?[0;34mHibernate: 
?[0m?[0;34m    select
?[0m?[0;34m        recipes0_.user_id as user_id6_2_0_,
?[0m?[0;34m        recipes0_.id as id1_2_0_,
?[0m?[0;34m        recipes0_.id as id1_2_1_,
?[0m?[0;34m        recipes0_.category as category2_2_1_,
?[0m?[0;34m        recipes0_.date as date3_2_1_,
?[0m?[0;34m        recipes0_.description as descript4_2_1_,
?[0m?[0;34m        recipes0_.name as name5_2_1_,
?[0m?[0;34m        recipes0_.user_id as user_id6_2_1_ 
?[0m?[0;34m    from
?[0m?[0;34m        recipe recipes0_ 
?[0m?[0;34m    where
?[0m?[0;34m        recipes0_.user_id=?
?[0m?[0;34m2023-04-07 15:35:22.695 DEBUG 12456 --- [nio-8881-exec-5] o.s.s.a.dao.DaoAuthenticationProvider    : Authenticated user
?[0m?[0;34m2023-04-07 15:35:22.696 DEBUG 12456 --- [nio-8881-exec-5] o.s.s.w.a.www.BasicAuthenticationFilter  : Set SecurityContextHolder to UsernamePasswordAuthenticationToken [Principal=recipes.security.SecurityUserDetails@297a766e, Credentials=[PROTECTED], Authenticated=true, Details=WebAuthenticationDetails [RemoteIpAddress=127.0.0.1, SessionId=null], Granted Authorities=[]]
?[0m?[0;34m2023-04-07 15:35:22.696 DEBUG 12456 --- [nio-8881-exec-5] w.c.HttpSessionSecurityContextRepository : Created HttpSession as SecurityContext is non-default
?[0m?[0;34m2023-04-07 15:35:22.696 DEBUG 12456 --- [nio-8881-exec-5] w.c.HttpSessionSecurityContextRepository : Stored SecurityContextImpl [Authentication=UsernamePasswordAuthenticationToken [Principal=recipes.security.SecurityUserDetails@297a766e, Credentials=[PROTECTED], Authenticated=true, Details=WebAuthenticationDetails [RemoteIpAddress=127.0.0.1, SessionId=null], Granted Authorities=[]]] to HttpSession [org.apache.catalina.session.StandardSessionFacade@41444550]
?[0m?[0;34m2023-04-07 15:35:22.696 DEBUG 12456 --- [nio-8881-exec-5] o.s.security.web.FilterChainProxy        : Secured DELETE /api/recipe/1
?[0m?[0;34m2023-04-07 15:35:22.696 DEBUG 12456 --- [nio-8881-exec-5] o.s.web.servlet.DispatcherServlet        : DELETE "/api/recipe/1", parameters={}
?[0m?[0;34m2023-04-07 15:35:22.697 DEBUG 12456 --- [nio-8881-exec-5] s.w.s.m.m.a.RequestMappingHandlerMapping : Mapped to recipes.controller.RecipeController#deleteRecipe(SecurityUserDetails, int)
?[0m?[0;34m2023-04-07 15:35:22.697 DEBUG 12456 --- [nio-8881-exec-5] o.j.s.OpenEntityManagerInViewInterceptor : Opening JPA EntityManager in OpenEntityManagerInViewInterceptor
?[0m?[0;34m2023-04-07 15:35:22.698 DEBUG 12456 --- [nio-8881-exec-5] o.s.orm.jpa.JpaTransactionManager        : Found thread-bound EntityManager [SessionImpl(1749307923<open>)] for JPA transaction
?[0m?[0;34m2023-04-07 15:35:22.698 DEBUG 12456 --- [nio-8881-exec-5] o.s.orm.jpa.JpaTransactionManager        : Creating new transaction with name [org.springframework.data.jpa.repository.support.SimpleJpaRepository.existsById]: PROPAGATION_REQUIRED,ISOLATION_DEFAULT,readOnly
?[0m?[0;34m2023-04-07 15:35:22.699 DEBUG 12456 --- [nio-8881-exec-5] o.s.jdbc.datasource.DataSourceUtils      : Setting JDBC Connection [HikariProxyConnection@552535771 wrapping conn10: url=jdbc:h2:file:../recipes_db user=SA] read-only
?[0m?[0;34m2023-04-07 15:35:22.699 DEBUG 12456 --- [nio-8881-exec-5] o.s.orm.jpa.JpaTransactionManager        : Exposing JPA transaction as JDBC [org.springframework.orm.jpa.vendor.HibernateJpaDialect$HibernateConnectionHandle@5a5cddae]
?[0m?[0;34mHibernate: 
?[0m?[0;34m    select
?[0m?[0;34m        count(*) as col_0_0_ 
?[0m?[0;34m    from
?[0m?[0;34m        recipe recipe0_ 
?[0m?[0;34m    where
?[0m?[0;34m        recipe0_.id=?
?[0m?[0;34m2023-04-07 15:35:22.700 DEBUG 12456 --- [nio-8881-exec-5] o.s.orm.jpa.JpaTransactionManager        : Initiating transaction commit
?[0m?[0;34m2023-04-07 15:35:22.700 DEBUG 12456 --- [nio-8881-exec-5] o.s.orm.jpa.JpaTransactionManager        : Committing JPA transaction on EntityManager [SessionImpl(1749307923<open>)]
?[0m?[0;34m2023-04-07 15:35:22.700 DEBUG 12456 --- [nio-8881-exec-5] o.s.jdbc.datasource.DataSourceUtils      : Resetting read-only flag of JDBC Connection [HikariProxyConnection@552535771 wrapping conn10: url=jdbc:h2:file:../recipes_db user=SA]
?[0m?[0;34m2023-04-07 15:35:22.701 DEBUG 12456 --- [nio-8881-exec-5] o.s.orm.jpa.JpaTransactionManager        : Not closing pre-bound JPA EntityManager after transaction
?[0m?[0;34m2023-04-07 15:35:22.701 DEBUG 12456 --- [nio-8881-exec-5] o.s.orm.jpa.JpaTransactionManager        : Found thread-bound EntityManager [SessionImpl(1749307923<open>)] for JPA transaction
?[0m?[0;34m2023-04-07 15:35:22.701 DEBUG 12456 --- [nio-8881-exec-5] o.s.orm.jpa.JpaTransactionManager        : Creating new transaction with name [org.springframework.data.jpa.repository.support.SimpleJpaRepository.findById]: PROPAGATION_REQUIRED,ISOLATION_DEFAULT,readOnly
?[0m?[0;34m2023-04-07 15:35:22.701 DEBUG 12456 --- [nio-8881-exec-5] o.s.jdbc.datasource.DataSourceUtils      : Setting JDBC Connection [HikariProxyConnection@552535771 wrapping conn10: url=jdbc:h2:file:../recipes_db user=SA] read-only
?[0m?[0;34m2023-04-07 15:35:22.701 DEBUG 12456 --- [nio-8881-exec-5] o.s.orm.jpa.JpaTransactionManager        : Exposing JPA transaction as JDBC [org.springframework.orm.jpa.vendor.HibernateJpaDialect$HibernateConnectionHandle@17c37495]
?[0m?[0;34mHibernate: 
?[0m?[0;34m    select
?[0m?[0;34m        recipe0_.id as id1_2_0_,
?[0m?[0;34m        recipe0_.category as category2_2_0_,
?[0m?[0;34m        recipe0_.date as date3_2_0_,
?[0m?[0;34m        recipe0_.description as descript4_2_0_,
?[0m?[0;34m        recipe0_.name as name5_2_0_,
?[0m?[0;34m        recipe0_.user_id as user_id6_2_0_,
?[0m?[0;34m        user1_.id as id1_3_1_,
?[0m?[0;34m        user1_.email as email2_3_1_,
?[0m?[0;34m        user1_.password as password3_3_1_ 
?[0m?[0;34m    from
?[0m?[0;34m        recipe recipe0_ 
?[0m?[0;34m    inner join
?[0m?[0;34m        users user1_ 
?[0m?[0;34m            on recipe0_.user_id=user1_.id 
?[0m?[0;34m    where
?[0m?[0;34m        recipe0_.id=?
?[0m?[0;34mHibernate: 
?[0m?[0;34m    select
?[0m?[0;34m        recipes0_.user_id as user_id6_2_0_,
?[0m?[0;34m        recipes0_.id as id1_2_0_,
?[0m?[0;34m        recipes0_.id as id1_2_1_,
?[0m?[0;34m        recipes0_.category as category2_2_1_,
?[0m?[0;34m        recipes0_.date as date3_2_1_,
?[0m?[0;34m        recipes0_.description as descript4_2_1_,
?[0m?[0;34m        recipes0_.name as name5_2_1_,
?[0m?[0;34m        recipes0_.user_id as user_id6_2_1_ 
?[0m?[0;34m    from
?[0m?[0;34m        recipe recipes0_ 
?[0m?[0;34m    where
?[0m?[0;34m        recipes0_.user_id=?
?[0m?[0;34m2023-04-07 15:35:22.704 DEBUG 12456 --- [nio-8881-exec-5] o.s.orm.jpa.JpaTransactionManager        : Initiating transaction commit
?[0m?[0;34m2023-04-07 15:35:22.704 DEBUG 12456 --- [nio-8881-exec-5] o.s.orm.jpa.JpaTransactionManager        : Committing JPA transaction on EntityManager [SessionImpl(1749307923<open>)]
?[0m?[0;34m2023-04-07 15:35:22.704 DEBUG 12456 --- [nio-8881-exec-5] o.s.jdbc.datasource.DataSourceUtils      : Resetting read-only flag of JDBC Connection [HikariProxyConnection@552535771 wrapping conn10: url=jdbc:h2:file:../recipes_db user=SA]
?[0m?[0;34m2023-04-07 15:35:22.704 DEBUG 12456 --- [nio-8881-exec-5] o.s.orm.jpa.JpaTransactionManager        : Not closing pre-bound JPA EntityManager after transaction
?[0m?[0;34m2023-04-07 15:35:22.705 DEBUG 12456 --- [nio-8881-exec-5] o.s.orm.jpa.JpaTransactionManager        : Found thread-bound EntityManager [SessionImpl(1749307923<open>)] for JPA transaction
?[0m?[0;34m2023-04-07 15:35:22.705 DEBUG 12456 --- [nio-8881-exec-5] o.s.orm.jpa.JpaTransactionManager        : Creating new transaction with name [org.springframework.data.jpa.repository.support.SimpleJpaRepository.deleteById]: PROPAGATION_REQUIRED,ISOLATION_DEFAULT
?[0m?[0;34m2023-04-07 15:35:22.705 DEBUG 12456 --- [nio-8881-exec-5] o.s.orm.jpa.JpaTransactionManager        : Exposing JPA transaction as JDBC [org.springframework.orm.jpa.vendor.HibernateJpaDialect$HibernateConnectionHandle@6ba7c191]
?[0m?[0;34m2023-04-07 15:35:22.710 DEBUG 12456 --- [nio-8881-exec-5] o.s.orm.jpa.JpaTransactionManager        : Initiating transaction commit
?[0m?[0;34m2023-04-07 15:35:22.710 DEBUG 12456 --- [nio-8881-exec-5] o.s.orm.jpa.JpaTransactionManager        : Committing JPA transaction on EntityManager [SessionImpl(1749307923<open>)]
?[0m?[0;34mHibernate: 
?[0m?[0;34m    delete 
?[0m?[0;34m    from
?[0m?[0;34m        direction 
?[0m?[0;34m    where
?[0m?[0;34m        id=?
?[0m?[0;34mHibernate: 
?[0m?[0;34m    delete 
?[0m?[0;34m    from
?[0m?[0;34m        ingredient 
?[0m?[0;34m    where
?[0m?[0;34m        id=?
?[0m?[0;34mHibernate: 
?[0m?[0;34m    delete 
?[0m?[0;34m    from
?[0m?[0;34m        recipe 
?[0m?[0;34m    where
?[0m?[0;34m        id=?
?[0m?[0;34m2023-04-07 15:35:22.719 DEBUG 12456 --- [nio-8881-exec-5] o.s.orm.jpa.JpaTransactionManager        : Not closing pre-bound JPA EntityManager after transaction
?[0m?[0;34m2023-04-07 15:35:22.720 DEBUG 12456 --- [nio-8881-exec-5] o.s.w.s.m.m.a.HttpEntityMethodProcessor  : Using 'application/octet-stream', given [*/*] and supported [*/*]
?[0m?[0;34m2023-04-07 15:35:22.720 DEBUG 12456 --- [nio-8881-exec-5] o.j.s.OpenEntityManagerInViewInterceptor : Closing JPA EntityManager in OpenEntityManagerInViewInterceptor
?[0m?[0;34m2023-04-07 15:35:22.720 DEBUG 12456 --- [nio-8881-exec-5] o.s.web.servlet.DispatcherServlet        : Completed 204 NO_CONTENT
?[0m?[0;34m2023-04-07 15:35:22.720 DEBUG 12456 --- [nio-8881-exec-5] w.c.HttpSessionSecurityContextRepository : Stored SecurityContextImpl [Authentication=UsernamePasswordAuthenticationToken [Principal=recipes.security.SecurityUserDetails@297a766e, Credentials=[PROTECTED], Authenticated=true, Details=WebAuthenticationDetails [RemoteIpAddress=127.0.0.1, SessionId=null], Granted Authorities=[]]] to HttpSession [org.apache.catalina.session.StandardSessionFacade@41444550]
?[0m?[0;34m2023-04-07 15:35:22.720 DEBUG 12456 --- [nio-8881-exec-5] s.s.w.c.SecurityContextPersistenceFilter : Cleared SecurityContextHolder to complete request
?[1;31m
Start test 19?[0m
?[0;34m2023-04-07 15:35:22.727 DEBUG 12456 --- [nio-8881-exec-6] o.s.security.web.FilterChainProxy        : Securing DELETE /api/recipe/1
?[0m?[0;34m2023-04-07 15:35:22.727 DEBUG 12456 --- [nio-8881-exec-6] s.s.w.c.SecurityContextPersistenceFilter : Set SecurityContextHolder to empty SecurityContext
?[0m?[0;34m2023-04-07 15:35:22.728 DEBUG 12456 --- [nio-8881-exec-6] tor$SharedEntityManagerInvocationHandler : Creating new EntityManager for shared EntityManager invocation
?[0m?[0;34mHibernate: 
?[0m?[0;34m    select
?[0m?[0;34m        user0_.id as id1_3_,
?[0m?[0;34m        user0_.email as email2_3_,
?[0m?[0;34m        user0_.password as password3_3_ 
?[0m?[0;34m    from
?[0m?[0;34m        users user0_ 
?[0m?[0;34m    where
?[0m?[0;34m        user0_.email=?
?[0m?[0;34mHibernate: 
?[0m?[0;34m    select
?[0m?[0;34m        recipes0_.user_id as user_id6_2_0_,
?[0m?[0;34m        recipes0_.id as id1_2_0_,
?[0m?[0;34m        recipes0_.id as id1_2_1_,
?[0m?[0;34m        recipes0_.category as category2_2_1_,
?[0m?[0;34m        recipes0_.date as date3_2_1_,
?[0m?[0;34m        recipes0_.description as descript4_2_1_,
?[0m?[0;34m        recipes0_.name as name5_2_1_,
?[0m?[0;34m        recipes0_.user_id as user_id6_2_1_ 
?[0m?[0;34m    from
?[0m?[0;34m        recipe recipes0_ 
?[0m?[0;34m    where
?[0m?[0;34m        recipes0_.user_id=?
?[0m?[0;34m2023-04-07 15:35:22.789 DEBUG 12456 --- [nio-8881-exec-6] o.s.s.a.dao.DaoAuthenticationProvider    : Authenticated user
?[0m?[0;34m2023-04-07 15:35:22.790 DEBUG 12456 --- [nio-8881-exec-6] o.s.s.w.a.www.BasicAuthenticationFilter  : Set SecurityContextHolder to UsernamePasswordAuthenticationToken [Principal=recipes.security.SecurityUserDetails@d5bff78, Credentials=[PROTECTED], Authenticated=true, Details=WebAuthenticationDetails [RemoteIpAddress=127.0.0.1, SessionId=null], Granted Authorities=[]]
?[0m?[0;34m2023-04-07 15:35:22.790 DEBUG 12456 --- [nio-8881-exec-6] w.c.HttpSessionSecurityContextRepository : Created HttpSession as SecurityContext is non-default
?[0m?[0;34m2023-04-07 15:35:22.790 DEBUG 12456 --- [nio-8881-exec-6] w.c.HttpSessionSecurityContextRepository : Stored SecurityContextImpl [Authentication=UsernamePasswordAuthenticationToken [Principal=recipes.security.SecurityUserDetails@d5bff78, Credentials=[PROTECTED], Authenticated=true, Details=WebAuthenticationDetails [RemoteIpAddress=127.0.0.1, SessionId=null], Granted Authorities=[]]] to HttpSession [org.apache.catalina.session.StandardSessionFacade@61967909]
?[0m?[0;34m2023-04-07 15:35:22.790 DEBUG 12456 --- [nio-8881-exec-6] o.s.security.web.FilterChainProxy        : Secured DELETE /api/recipe/1
?[0m?[0;34m2023-04-07 15:35:22.790 DEBUG 12456 --- [nio-8881-exec-6] o.s.web.servlet.DispatcherServlet        : DELETE "/api/recipe/1", parameters={}
?[0m?[0;34m2023-04-07 15:35:22.791 DEBUG 12456 --- [nio-8881-exec-6] s.w.s.m.m.a.RequestMappingHandlerMapping : Mapped to recipes.controller.RecipeController#deleteRecipe(SecurityUserDetails, int)
?[0m?[0;34m2023-04-07 15:35:22.791 DEBUG 12456 --- [nio-8881-exec-6] o.j.s.OpenEntityManagerInViewInterceptor : Opening JPA EntityManager in OpenEntityManagerInViewInterceptor
?[0m?[0;34m2023-04-07 15:35:22.791 DEBUG 12456 --- [nio-8881-exec-6] o.s.orm.jpa.JpaTransactionManager        : Found thread-bound EntityManager [SessionImpl(668332379<open>)] for JPA transaction
?[0m?[0;34m2023-04-07 15:35:22.791 DEBUG 12456 --- [nio-8881-exec-6] o.s.orm.jpa.JpaTransactionManager        : Creating new transaction with name [org.springframework.data.jpa.repository.support.SimpleJpaRepository.existsById]: PROPAGATION_REQUIRED,ISOLATION_DEFAULT,readOnly
?[0m?[0;34m2023-04-07 15:35:22.791 DEBUG 12456 --- [nio-8881-exec-6] o.s.jdbc.datasource.DataSourceUtils      : Setting JDBC Connection [HikariProxyConnection@1968806553 wrapping conn10: url=jdbc:h2:file:../recipes_db user=SA] read-only
?[0m?[0;34m2023-04-07 15:35:22.791 DEBUG 12456 --- [nio-8881-exec-6] o.s.orm.jpa.JpaTransactionManager        : Exposing JPA transaction as JDBC [org.springframework.orm.jpa.vendor.HibernateJpaDialect$HibernateConnectionHandle@69b69777]
?[0m?[0;34mHibernate: 
?[0m?[0;34m    select
?[0m?[0;34m        count(*) as col_0_0_ 
?[0m?[0;34m    from
?[0m?[0;34m        recipe recipe0_ 
?[0m?[0;34m    where
?[0m?[0;34m        recipe0_.id=?
?[0m?[0;34m2023-04-07 15:35:22.792 DEBUG 12456 --- [nio-8881-exec-6] o.s.orm.jpa.JpaTransactionManager        : Initiating transaction commit
?[0m?[0;34m2023-04-07 15:35:22.792 DEBUG 12456 --- [nio-8881-exec-6] o.s.orm.jpa.JpaTransactionManager        : Committing JPA transaction on EntityManager [SessionImpl(668332379<open>)]
?[0m?[0;34m2023-04-07 15:35:22.793 DEBUG 12456 --- [nio-8881-exec-6] o.s.jdbc.datasource.DataSourceUtils      : Resetting read-only flag of JDBC Connection [HikariProxyConnection@1968806553 wrapping conn10: url=jdbc:h2:file:../recipes_db user=SA]
?[0m?[0;34m2023-04-07 15:35:22.793 DEBUG 12456 --- [nio-8881-exec-6] o.s.orm.jpa.JpaTransactionManager        : Not closing pre-bound JPA EntityManager after transaction
?[0m?[0;34m2023-04-07 15:35:22.793 DEBUG 12456 --- [nio-8881-exec-6] o.s.w.s.m.m.a.HttpEntityMethodProcessor  : Using 'application/octet-stream', given [*/*] and supported [*/*]
?[0m?[0;34m2023-04-07 15:35:22.793 DEBUG 12456 --- [nio-8881-exec-6] o.j.s.OpenEntityManagerInViewInterceptor : Closing JPA EntityManager in OpenEntityManagerInViewInterceptor
?[0m?[0;34m2023-04-07 15:35:22.793 DEBUG 12456 --- [nio-8881-exec-6] o.s.web.servlet.DispatcherServlet        : Completed 404 NOT_FOUND
?[0m?[0;34m2023-04-07 15:35:22.794 DEBUG 12456 --- [nio-8881-exec-6] w.c.HttpSessionSecurityContextRepository : Stored SecurityContextImpl [Authentication=UsernamePasswordAuthenticationToken [Principal=recipes.security.SecurityUserDetails@d5bff78, Credentials=[PROTECTED], Authenticated=true, Details=WebAuthenticationDetails [RemoteIpAddress=127.0.0.1, SessionId=null], Granted Authorities=[]]] to HttpSession [org.apache.catalina.session.StandardSessionFacade@61967909]
?[0m?[0;34m2023-04-07 15:35:22.794 DEBUG 12456 --- [nio-8881-exec-6] s.s.w.c.SecurityContextPersistenceFilter : Cleared SecurityContextHolder to complete request
?[1;31m
Start test 20?[0m
?[0;34m2023-04-07 15:35:22.799 DEBUG 12456 --- [nio-8881-exec-7] o.s.security.web.FilterChainProxy        : Securing GET /api/recipe/1
?[0m?[0;34m2023-04-07 15:35:22.799 DEBUG 12456 --- [nio-8881-exec-7] s.s.w.c.SecurityContextPersistenceFilter : Set SecurityContextHolder to empty SecurityContext
?[0m?[0;34m2023-04-07 15:35:22.799 DEBUG 12456 --- [nio-8881-exec-7] tor$SharedEntityManagerInvocationHandler : Creating new EntityManager for shared EntityManager invocation
?[0m?[0;34mHibernate: 
?[0m?[0;34m    select
?[0m?[0;34m        user0_.id as id1_3_,
?[0m?[0;34m        user0_.email as email2_3_,
?[0m?[0;34m        user0_.password as password3_3_ 
?[0m?[0;34m    from
?[0m?[0;34m        users user0_ 
?[0m?[0;34m    where
?[0m?[0;34m        user0_.email=?
?[0m?[0;34mHibernate: 
?[0m?[0;34m    select
?[0m?[0;34m        recipes0_.user_id as user_id6_2_0_,
?[0m?[0;34m        recipes0_.id as id1_2_0_,
?[0m?[0;34m        recipes0_.id as id1_2_1_,
?[0m?[0;34m        recipes0_.category as category2_2_1_,
?[0m?[0;34m        recipes0_.date as date3_2_1_,
?[0m?[0;34m        recipes0_.description as descript4_2_1_,
?[0m?[0;34m        recipes0_.name as name5_2_1_,
?[0m?[0;34m        recipes0_.user_id as user_id6_2_1_ 
?[0m?[0;34m    from
?[0m?[0;34m        recipe recipes0_ 
?[0m?[0;34m    where
?[0m?[0;34m        recipes0_.user_id=?
?[0m?[0;34m2023-04-07 15:35:22.860 DEBUG 12456 --- [nio-8881-exec-7] o.s.s.a.dao.DaoAuthenticationProvider    : Authenticated user
?[0m?[0;34m2023-04-07 15:35:22.860 DEBUG 12456 --- [nio-8881-exec-7] o.s.s.w.a.www.BasicAuthenticationFilter  : Set SecurityContextHolder to UsernamePasswordAuthenticationToken [Principal=recipes.security.SecurityUserDetails@6491c77d, Credentials=[PROTECTED], Authenticated=true, Details=WebAuthenticationDetails [RemoteIpAddress=127.0.0.1, SessionId=null], Granted Authorities=[]]
?[0m?[0;34m2023-04-07 15:35:22.860 DEBUG 12456 --- [nio-8881-exec-7] w.c.HttpSessionSecurityContextRepository : Created HttpSession as SecurityContext is non-default
?[0m?[0;34m2023-04-07 15:35:22.860 DEBUG 12456 --- [nio-8881-exec-7] w.c.HttpSessionSecurityContextRepository : Stored SecurityContextImpl [Authentication=UsernamePasswordAuthenticationToken [Principal=recipes.security.SecurityUserDetails@6491c77d, Credentials=[PROTECTED], Authenticated=true, Details=WebAuthenticationDetails [RemoteIpAddress=127.0.0.1, SessionId=null], Granted Authorities=[]]] to HttpSession [org.apache.catalina.session.StandardSessionFacade@334b56a2]
?[0m?[0;34m2023-04-07 15:35:22.861 DEBUG 12456 --- [nio-8881-exec-7] o.s.security.web.FilterChainProxy        : Secured GET /api/recipe/1
?[0m?[0;34m2023-04-07 15:35:22.861 DEBUG 12456 --- [nio-8881-exec-7] o.s.web.servlet.DispatcherServlet        : GET "/api/recipe/1", parameters={}
?[0m?[0;34m2023-04-07 15:35:22.861 DEBUG 12456 --- [nio-8881-exec-7] s.w.s.m.m.a.RequestMappingHandlerMapping : Mapped to recipes.controller.RecipeController#findById(int)
?[0m?[0;34m2023-04-07 15:35:22.861 DEBUG 12456 --- [nio-8881-exec-7] o.j.s.OpenEntityManagerInViewInterceptor : Opening JPA EntityManager in OpenEntityManagerInViewInterceptor
?[0m?[0;34m2023-04-07 15:35:22.862 DEBUG 12456 --- [nio-8881-exec-7] o.s.orm.jpa.JpaTransactionManager        : Found thread-bound EntityManager [SessionImpl(397941624<open>)] for JPA transaction
?[0m?[0;34m2023-04-07 15:35:22.862 DEBUG 12456 --- [nio-8881-exec-7] o.s.orm.jpa.JpaTransactionManager        : Creating new transaction with name [org.springframework.data.jpa.repository.support.SimpleJpaRepository.findById]: PROPAGATION_REQUIRED,ISOLATION_DEFAULT,readOnly
?[0m?[0;34m2023-04-07 15:35:22.862 DEBUG 12456 --- [nio-8881-exec-7] o.s.jdbc.datasource.DataSourceUtils      : Setting JDBC Connection [HikariProxyConnection@920407209 wrapping conn10: url=jdbc:h2:file:../recipes_db user=SA] read-only
?[0m?[0;34m2023-04-07 15:35:22.862 DEBUG 12456 --- [nio-8881-exec-7] o.s.orm.jpa.JpaTransactionManager        : Exposing JPA transaction as JDBC [org.springframework.orm.jpa.vendor.HibernateJpaDialect$HibernateConnectionHandle@5c9cdf20]
?[0m?[0;34mHibernate: 
?[0m?[0;34m    select
?[0m?[0;34m        recipe0_.id as id1_2_0_,
?[0m?[0;34m        recipe0_.category as category2_2_0_,
?[0m?[0;34m        recipe0_.date as date3_2_0_,
?[0m?[0;34m        recipe0_.description as descript4_2_0_,
?[0m?[0;34m        recipe0_.name as name5_2_0_,
?[0m?[0;34m        recipe0_.user_id as user_id6_2_0_,
?[0m?[0;34m        user1_.id as id1_3_1_,
?[0m?[0;34m        user1_.email as email2_3_1_,
?[0m?[0;34m        user1_.password as password3_3_1_ 
?[0m?[0;34m    from
?[0m?[0;34m        recipe recipe0_ 
?[0m?[0;34m    inner join
?[0m?[0;34m        users user1_ 
?[0m?[0;34m            on recipe0_.user_id=user1_.id 
?[0m?[0;34m    where
?[0m?[0;34m        recipe0_.id=?
?[0m?[0;34m2023-04-07 15:35:22.863 DEBUG 12456 --- [nio-8881-exec-7] o.s.orm.jpa.JpaTransactionManager        : Initiating transaction commit
?[0m?[0;34m2023-04-07 15:35:22.863 DEBUG 12456 --- [nio-8881-exec-7] o.s.orm.jpa.JpaTransactionManager        : Committing JPA transaction on EntityManager [SessionImpl(397941624<open>)]
?[0m?[0;34m2023-04-07 15:35:22.864 DEBUG 12456 --- [nio-8881-exec-7] o.s.jdbc.datasource.DataSourceUtils      : Resetting read-only flag of JDBC Connection [HikariProxyConnection@920407209 wrapping conn10: url=jdbc:h2:file:../recipes_db user=SA]
?[0m?[0;34m2023-04-07 15:35:22.864 DEBUG 12456 --- [nio-8881-exec-7] o.s.orm.jpa.JpaTransactionManager        : Not closing pre-bound JPA EntityManager after transaction
?[0m?[0;34m2023-04-07 15:35:22.864 DEBUG 12456 --- [nio-8881-exec-7] o.s.w.s.m.m.a.HttpEntityMethodProcessor  : Using 'application/json', given [*/*] and supported [application/json, application/*+json, application/json, application/*+json]
?[0m?[0;34m2023-04-07 15:35:22.864 DEBUG 12456 --- [nio-8881-exec-7] o.s.w.s.m.m.a.HttpEntityMethodProcessor  : Nothing to write: null body
?[0m?[0;34m2023-04-07 15:35:22.864 DEBUG 12456 --- [nio-8881-exec-7] o.j.s.OpenEntityManagerInViewInterceptor : Closing JPA EntityManager in OpenEntityManagerInViewInterceptor
?[0m?[0;34m2023-04-07 15:35:22.864 DEBUG 12456 --- [nio-8881-exec-7] o.s.web.servlet.DispatcherServlet        : Completed 404 NOT_FOUND
?[0m?[0;34m2023-04-07 15:35:22.865 DEBUG 12456 --- [nio-8881-exec-7] w.c.HttpSessionSecurityContextRepository : Stored SecurityContextImpl [Authentication=UsernamePasswordAuthenticationToken [Principal=recipes.security.SecurityUserDetails@6491c77d, Credentials=[PROTECTED], Authenticated=true, Details=WebAuthenticationDetails [RemoteIpAddress=127.0.0.1, SessionId=null], Granted Authorities=[]]] to HttpSession [org.apache.catalina.session.StandardSessionFacade@334b56a2]
?[0m?[0;34m2023-04-07 15:35:22.865 DEBUG 12456 --- [nio-8881-exec-7] s.s.w.c.SecurityContextPersistenceFilter : Cleared SecurityContextHolder to complete request
?[1;31m
Start test 21?[0m
?[0;34m2023-04-07 15:35:22.870 DEBUG 12456 --- [nio-8881-exec-8] o.s.security.web.FilterChainProxy        : Securing PUT /api/recipe/1
?[0m?[0;34m2023-04-07 15:35:22.871 DEBUG 12456 --- [nio-8881-exec-8] s.s.w.c.SecurityContextPersistenceFilter : Set SecurityContextHolder to empty SecurityContext
?[0m?[0;34m2023-04-07 15:35:22.871 DEBUG 12456 --- [nio-8881-exec-8] tor$SharedEntityManagerInvocationHandler : Creating new EntityManager for shared EntityManager invocation
?[0m?[0;34mHibernate: 
?[0m?[0;34m    select
?[0m?[0;34m        user0_.id as id1_3_,
?[0m?[0;34m        user0_.email as email2_3_,
?[0m?[0;34m        user0_.password as password3_3_ 
?[0m?[0;34m    from
?[0m?[0;34m        users user0_ 
?[0m?[0;34m    where
?[0m?[0;34m        user0_.email=?
?[0m?[0;34mHibernate: 
?[0m?[0;34m    select
?[0m?[0;34m        recipes0_.user_id as user_id6_2_0_,
?[0m?[0;34m        recipes0_.id as id1_2_0_,
?[0m?[0;34m        recipes0_.id as id1_2_1_,
?[0m?[0;34m        recipes0_.category as category2_2_1_,
?[0m?[0;34m        recipes0_.date as date3_2_1_,
?[0m?[0;34m        recipes0_.description as descript4_2_1_,
?[0m?[0;34m        recipes0_.name as name5_2_1_,
?[0m?[0;34m        recipes0_.user_id as user_id6_2_1_ 
?[0m?[0;34m    from
?[0m?[0;34m        recipe recipes0_ 
?[0m?[0;34m    where
?[0m?[0;34m        recipes0_.user_id=?
?[0m?[0;34m2023-04-07 15:35:22.934 DEBUG 12456 --- [nio-8881-exec-8] o.s.s.a.dao.DaoAuthenticationProvider    : Authenticated user
?[0m?[0;34m2023-04-07 15:35:22.934 DEBUG 12456 --- [nio-8881-exec-8] o.s.s.w.a.www.BasicAuthenticationFilter  : Set SecurityContextHolder to UsernamePasswordAuthenticationToken [Principal=recipes.security.SecurityUserDetails@430343c9, Credentials=[PROTECTED], Authenticated=true, Details=WebAuthenticationDetails [RemoteIpAddress=127.0.0.1, SessionId=null], Granted Authorities=[]]
?[0m?[0;34m2023-04-07 15:35:22.934 DEBUG 12456 --- [nio-8881-exec-8] w.c.HttpSessionSecurityContextRepository : Created HttpSession as SecurityContext is non-default
?[0m?[0;34m2023-04-07 15:35:22.934 DEBUG 12456 --- [nio-8881-exec-8] w.c.HttpSessionSecurityContextRepository : Stored SecurityContextImpl [Authentication=UsernamePasswordAuthenticationToken [Principal=recipes.security.SecurityUserDetails@430343c9, Credentials=[PROTECTED], Authenticated=true, Details=WebAuthenticationDetails [RemoteIpAddress=127.0.0.1, SessionId=null], Granted Authorities=[]]] to HttpSession [org.apache.catalina.session.StandardSessionFacade@69ff880c]
?[0m?[0;34m2023-04-07 15:35:22.934 DEBUG 12456 --- [nio-8881-exec-8] o.s.security.web.FilterChainProxy        : Secured PUT /api/recipe/1
?[0m?[0;34m2023-04-07 15:35:22.934 DEBUG 12456 --- [nio-8881-exec-8] o.s.web.servlet.DispatcherServlet        : PUT "/api/recipe/1", parameters={}
?[0m?[0;34m2023-04-07 15:35:22.934 DEBUG 12456 --- [nio-8881-exec-8] s.w.s.m.m.a.RequestMappingHandlerMapping : Mapped to recipes.controller.RecipeController#update(SecurityUserDetails, long, RecipeDTO)
?[0m?[0;34m2023-04-07 15:35:22.934 DEBUG 12456 --- [nio-8881-exec-8] o.j.s.OpenEntityManagerInViewInterceptor : Opening JPA EntityManager in OpenEntityManagerInViewInterceptor
?[0m?[0;34m2023-04-07 15:35:22.935 DEBUG 12456 --- [nio-8881-exec-8] m.m.a.RequestResponseBodyMethodProcessor : Read "application/json;charset=UTF-8" to [RecipeDTO(name=Warming Ginger Tea /Test, category=beverage /Test, date=null, description=Ginger tea  (truncated)...]
?[0m?[0;34m2023-04-07 15:35:22.935 DEBUG 12456 --- [nio-8881-exec-8] o.s.orm.jpa.JpaTransactionManager        : Found thread-bound EntityManager [SessionImpl(2091634578<open>)] for JPA transaction
?[0m?[0;34m2023-04-07 15:35:22.935 DEBUG 12456 --- [nio-8881-exec-8] o.s.orm.jpa.JpaTransactionManager        : Creating new transaction with name [org.springframework.data.jpa.repository.support.SimpleJpaRepository.existsById]: PROPAGATION_REQUIRED,ISOLATION_DEFAULT,readOnly
?[0m?[0;34m2023-04-07 15:35:22.935 DEBUG 12456 --- [nio-8881-exec-8] o.s.jdbc.datasource.DataSourceUtils      : Setting JDBC Connection [HikariProxyConnection@628082373 wrapping conn10: url=jdbc:h2:file:../recipes_db user=SA] read-only
?[0m?[0;34m2023-04-07 15:35:22.935 DEBUG 12456 --- [nio-8881-exec-8] o.s.orm.jpa.JpaTransactionManager        : Exposing JPA transaction as JDBC [org.springframework.orm.jpa.vendor.HibernateJpaDialect$HibernateConnectionHandle@30c5958c]
?[0m?[0;34mHibernate: 
?[0m?[0;34m    select
?[0m?[0;34m        count(*) as col_0_0_ 
?[0m?[0;34m    from
?[0m?[0;34m        recipe recipe0_ 
?[0m?[0;34m    where
?[0m?[0;34m        recipe0_.id=?
?[0m?[0;34m2023-04-07 15:35:22.936 DEBUG 12456 --- [nio-8881-exec-8] o.s.orm.jpa.JpaTransactionManager        : Initiating transaction commit
?[0m?[0;34m2023-04-07 15:35:22.936 DEBUG 12456 --- [nio-8881-exec-8] o.s.orm.jpa.JpaTransactionManager        : Committing JPA transaction on EntityManager [SessionImpl(2091634578<open>)]
?[0m?[0;34m2023-04-07 15:35:22.937 DEBUG 12456 --- [nio-8881-exec-8] o.s.jdbc.datasource.DataSourceUtils      : Resetting read-only flag of JDBC Connection [HikariProxyConnection@628082373 wrapping conn10: url=jdbc:h2:file:../recipes_db user=SA]
?[0m?[0;34m2023-04-07 15:35:22.937 DEBUG 12456 --- [nio-8881-exec-8] o.s.orm.jpa.JpaTransactionManager        : Not closing pre-bound JPA EntityManager after transaction
?[0m?[0;34m2023-04-07 15:35:22.937 DEBUG 12456 --- [nio-8881-exec-8] o.s.w.s.m.m.a.HttpEntityMethodProcessor  : Using 'application/octet-stream', given [*/*] and supported [*/*]
?[0m?[0;34m2023-04-07 15:35:22.937 DEBUG 12456 --- [nio-8881-exec-8] o.j.s.OpenEntityManagerInViewInterceptor : Closing JPA EntityManager in OpenEntityManagerInViewInterceptor
?[0m?[0;34m2023-04-07 15:35:22.937 DEBUG 12456 --- [nio-8881-exec-8] o.s.web.servlet.DispatcherServlet        : Completed 404 NOT_FOUND
?[0m?[0;34m2023-04-07 15:35:22.937 DEBUG 12456 --- [nio-8881-exec-8] w.c.HttpSessionSecurityContextRepository : Stored SecurityContextImpl [Authentication=UsernamePasswordAuthenticationToken [Principal=recipes.security.SecurityUserDetails@430343c9, Credentials=[PROTECTED], Authenticated=true, Details=WebAuthenticationDetails [RemoteIpAddress=127.0.0.1, SessionId=null], Granted Authorities=[]]] to HttpSession [org.apache.catalina.session.StandardSessionFacade@69ff880c]
?[0m?[0;34m2023-04-07 15:35:22.937 DEBUG 12456 --- [nio-8881-exec-8] s.s.w.c.SecurityContextPersistenceFilter : Cleared SecurityContextHolder to complete request
?[1;31m
Start test 22?[0m
?[0;34m2023-04-07 15:35:22.956 DEBUG 12456 --- [nio-8881-exec-9] o.s.security.web.FilterChainProxy        : Securing POST /api/recipe/new
?[0m?[0;34m2023-04-07 15:35:22.956 DEBUG 12456 --- [nio-8881-exec-9] s.s.w.c.SecurityContextPersistenceFilter : Set SecurityContextHolder to empty SecurityContext
?[0m?[0;34m2023-04-07 15:35:22.956 DEBUG 12456 --- [nio-8881-exec-9] tor$SharedEntityManagerInvocationHandler : Creating new EntityManager for shared EntityManager invocation
?[0m?[0;34mHibernate: 
?[0m?[0;34m    select
?[0m?[0;34m        user0_.id as id1_3_,
?[0m?[0;34m        user0_.email as email2_3_,
?[0m?[0;34m        user0_.password as password3_3_ 
?[0m?[0;34m    from
?[0m?[0;34m        users user0_ 
?[0m?[0;34m    where
?[0m?[0;34m        user0_.email=?
?[0m?[0;34mHibernate: 
?[0m?[0;34m    select
?[0m?[0;34m        recipes0_.user_id as user_id6_2_0_,
?[0m?[0;34m        recipes0_.id as id1_2_0_,
?[0m?[0;34m        recipes0_.id as id1_2_1_,
?[0m?[0;34m        recipes0_.category as category2_2_1_,
?[0m?[0;34m        recipes0_.date as date3_2_1_,
?[0m?[0;34m        recipes0_.description as descript4_2_1_,
?[0m?[0;34m        recipes0_.name as name5_2_1_,
?[0m?[0;34m        recipes0_.user_id as user_id6_2_1_ 
?[0m?[0;34m    from
?[0m?[0;34m        recipe recipes0_ 
?[0m?[0;34m    where
?[0m?[0;34m        recipes0_.user_id=?
?[0m?[0;34m2023-04-07 15:35:23.017 DEBUG 12456 --- [nio-8881-exec-9] o.s.s.a.dao.DaoAuthenticationProvider    : Authenticated user
?[0m?[0;34m2023-04-07 15:35:23.018 DEBUG 12456 --- [nio-8881-exec-9] o.s.s.w.a.www.BasicAuthenticationFilter  : Set SecurityContextHolder to UsernamePasswordAuthenticationToken [Principal=recipes.security.SecurityUserDetails@23de9bdd, Credentials=[PROTECTED], Authenticated=true, Details=WebAuthenticationDetails [RemoteIpAddress=127.0.0.1, SessionId=null], Granted Authorities=[]]
?[0m?[0;34m2023-04-07 15:35:23.018 DEBUG 12456 --- [nio-8881-exec-9] w.c.HttpSessionSecurityContextRepository : Created HttpSession as SecurityContext is non-default
?[0m?[0;34m2023-04-07 15:35:23.018 DEBUG 12456 --- [nio-8881-exec-9] w.c.HttpSessionSecurityContextRepository : Stored SecurityContextImpl [Authentication=UsernamePasswordAuthenticationToken [Principal=recipes.security.SecurityUserDetails@23de9bdd, Credentials=[PROTECTED], Authenticated=true, Details=WebAuthenticationDetails [RemoteIpAddress=127.0.0.1, SessionId=null], Granted Authorities=[]]] to HttpSession [org.apache.catalina.session.StandardSessionFacade@1f9332b0]
?[0m?[0;34m2023-04-07 15:35:23.018 DEBUG 12456 --- [nio-8881-exec-9] o.s.security.web.FilterChainProxy        : Secured POST /api/recipe/new
?[0m?[0;34m2023-04-07 15:35:23.018 DEBUG 12456 --- [nio-8881-exec-9] o.s.web.servlet.DispatcherServlet        : POST "/api/recipe/new", parameters={}
?[0m?[0;34m2023-04-07 15:35:23.019 DEBUG 12456 --- [nio-8881-exec-9] s.w.s.m.m.a.RequestMappingHandlerMapping : Mapped to recipes.controller.RecipeController#sava(SecurityUserDetails, RecipeDTO)
?[0m?[0;34m2023-04-07 15:35:23.019 DEBUG 12456 --- [nio-8881-exec-9] o.j.s.OpenEntityManagerInViewInterceptor : Opening JPA EntityManager in OpenEntityManagerInViewInterceptor
?[0m?[0;34m2023-04-07 15:35:23.020 DEBUG 12456 --- [nio-8881-exec-9] m.m.a.RequestResponseBodyMethodProcessor : Read "application/json;charset=UTF-8" to [RecipeDTO(name=ice-cream, category=Dessert, date=null, description=-, ingredients=[--, ---, -], dire (truncated)...]
?[0m?[0;34m2023-04-07 15:35:23.022 DEBUG 12456 --- [nio-8881-exec-9] o.s.orm.jpa.JpaTransactionManager        : Found thread-bound EntityManager [SessionImpl(234440133<open>)] for JPA transaction
?[0m?[0;34m2023-04-07 15:35:23.022 DEBUG 12456 --- [nio-8881-exec-9] o.s.orm.jpa.JpaTransactionManager        : Creating new transaction with name [org.springframework.data.jpa.repository.support.SimpleJpaRepository.save]: PROPAGATION_REQUIRED,ISOLATION_DEFAULT
?[0m?[0;34m2023-04-07 15:35:23.022 DEBUG 12456 --- [nio-8881-exec-9] o.s.orm.jpa.JpaTransactionManager        : Exposing JPA transaction as JDBC [org.springframework.orm.jpa.vendor.HibernateJpaDialect$HibernateConnectionHandle@1f053a43]
?[0m?[0;34mHibernate: 
?[0m?[0;34m    insert 
?[0m?[0;34m    into
?[0m?[0;34m        recipe
?[0m?[0;34m        (id, category, date, description, name, user_id) 
?[0m?[0;34m    values
?[0m?[0;34m        (null, ?, ?, ?, ?, ?)
?[0m?[0;34m2023-04-07 15:35:23.024 DEBUG 12456 --- [nio-8881-exec-9] o.s.orm.jpa.JpaTransactionManager        : Initiating transaction commit
?[0m?[0;34m2023-04-07 15:35:23.024 DEBUG 12456 --- [nio-8881-exec-9] o.s.orm.jpa.JpaTransactionManager        : Committing JPA transaction on EntityManager [SessionImpl(234440133<open>)]
?[0m?[0;34mHibernate: 
?[0m?[0;34m    insert 
?[0m?[0;34m    into
?[0m?[0;34m        direction
?[0m?[0;34m        (id, directions) 
?[0m?[0;34m    values
?[0m?[0;34m        (?, ?)
?[0m?[0;34mHibernate: 
?[0m?[0;34m    insert 
?[0m?[0;34m    into
?[0m?[0;34m        direction
?[0m?[0;34m        (id, directions) 
?[0m?[0;34m    values
?[0m?[0;34m        (?, ?)
?[0m?[0;34mHibernate: 
?[0m?[0;34m    insert 
?[0m?[0;34m    into
?[0m?[0;34m        ingredient
?[0m?[0;34m        (id, ingredients) 
?[0m?[0;34m    values
?[0m?[0;34m        (?, ?)
?[0m?[0;34mHibernate: 
?[0m?[0;34m    insert 
?[0m?[0;34m    into
?[0m?[0;34m        ingredient
?[0m?[0;34m        (id, ingredients) 
?[0m?[0;34m    values
?[0m?[0;34m        (?, ?)
?[0m?[0;34mHibernate: 
?[0m?[0;34m    insert 
?[0m?[0;34m    into
?[0m?[0;34m        ingredient
?[0m?[0;34m        (id, ingredients) 
?[0m?[0;34m    values
?[0m?[0;34m        (?, ?)
?[0m?[0;34m2023-04-07 15:35:23.026 DEBUG 12456 --- [nio-8881-exec-9] o.s.orm.jpa.JpaTransactionManager        : Not closing pre-bound JPA EntityManager after transaction
?[0m?[0;34m2023-04-07 15:35:23.026 DEBUG 12456 --- [nio-8881-exec-9] o.s.w.s.m.m.a.HttpEntityMethodProcessor  : Using 'application/json', given [*/*] and supported [application/json, application/*+json, application/json, application/*+json]
?[0m?[0;34m2023-04-07 15:35:23.027 DEBUG 12456 --- [nio-8881-exec-9] o.s.w.s.m.m.a.HttpEntityMethodProcessor  : Writing [{id=3}]
?[0m?[0;34m2023-04-07 15:35:23.027 DEBUG 12456 --- [nio-8881-exec-9] w.c.HttpSessionSecurityContextRepository : Stored SecurityContextImpl [Authentication=UsernamePasswordAuthenticationToken [Principal=recipes.security.SecurityUserDetails@23de9bdd, Credentials=[PROTECTED], Authenticated=true, Details=WebAuthenticationDetails [RemoteIpAddress=127.0.0.1, SessionId=null], Granted Authorities=[]]] to HttpSession [org.apache.catalina.session.StandardSessionFacade@1f9332b0]
?[0m?[0;34m2023-04-07 15:35:23.027 DEBUG 12456 --- [nio-8881-exec-9] o.j.s.OpenEntityManagerInViewInterceptor : Closing JPA EntityManager in OpenEntityManagerInViewInterceptor
?[0m?[0;34m2023-04-07 15:35:23.027 DEBUG 12456 --- [nio-8881-exec-9] o.s.web.servlet.DispatcherServlet        : Completed 200 OK
?[0m?[0;34m2023-04-07 15:35:23.028 DEBUG 12456 --- [nio-8881-exec-9] w.c.HttpSessionSecurityContextRepository : Stored SecurityContextImpl [Authentication=UsernamePasswordAuthenticationToken [Principal=recipes.security.SecurityUserDetails@23de9bdd, Credentials=[PROTECTED], Authenticated=true, Details=WebAuthenticationDetails [RemoteIpAddress=127.0.0.1, SessionId=null], Granted Authorities=[]]] to HttpSession [org.apache.catalina.session.StandardSessionFacade@1f9332b0]
?[0m?[0;34m2023-04-07 15:35:23.028 DEBUG 12456 --- [nio-8881-exec-9] s.s.w.c.SecurityContextPersistenceFilter : Cleared SecurityContextHolder to complete request
?[1;31m
Start test 23?[0m
?[0;34m2023-04-07 15:35:23.044 DEBUG 12456 --- [io-8881-exec-10] o.s.security.web.FilterChainProxy        : Securing POST /api/recipe/new
?[0m?[0;34m2023-04-07 15:35:23.044 DEBUG 12456 --- [io-8881-exec-10] s.s.w.c.SecurityContextPersistenceFilter : Set SecurityContextHolder to empty SecurityContext
?[0m?[0;34m2023-04-07 15:35:23.044 DEBUG 12456 --- [io-8881-exec-10] tor$SharedEntityManagerInvocationHandler : Creating new EntityManager for shared EntityManager invocation
?[0m?[0;34mHibernate: 
?[0m?[0;34m    select
?[0m?[0;34m        user0_.id as id1_3_,
?[0m?[0;34m        user0_.email as email2_3_,
?[0m?[0;34m        user0_.password as password3_3_ 
?[0m?[0;34m    from
?[0m?[0;34m        users user0_ 
?[0m?[0;34m    where
?[0m?[0;34m        user0_.email=?
?[0m?[0;34mHibernate: 
?[0m?[0;34m    select
?[0m?[0;34m        recipes0_.user_id as user_id6_2_0_,
?[0m?[0;34m        recipes0_.id as id1_2_0_,
?[0m?[0;34m        recipes0_.id as id1_2_1_,
?[0m?[0;34m        recipes0_.category as category2_2_1_,
?[0m?[0;34m        recipes0_.date as date3_2_1_,
?[0m?[0;34m        recipes0_.description as descript4_2_1_,
?[0m?[0;34m        recipes0_.name as name5_2_1_,
?[0m?[0;34m        recipes0_.user_id as user_id6_2_1_ 
?[0m?[0;34m    from
?[0m?[0;34m        recipe recipes0_ 
?[0m?[0;34m    where
?[0m?[0;34m        recipes0_.user_id=?
?[0m?[0;34m2023-04-07 15:35:23.108 DEBUG 12456 --- [io-8881-exec-10] o.s.s.a.dao.DaoAuthenticationProvider    : Authenticated user
?[0m?[0;34m2023-04-07 15:35:23.108 DEBUG 12456 --- [io-8881-exec-10] o.s.s.w.a.www.BasicAuthenticationFilter  : Set SecurityContextHolder to UsernamePasswordAuthenticationToken [Principal=recipes.security.SecurityUserDetails@6c9b2b17, Credentials=[PROTECTED], Authenticated=true, Details=WebAuthenticationDetails [RemoteIpAddress=127.0.0.1, SessionId=null], Granted Authorities=[]]
?[0m?[0;34m2023-04-07 15:35:23.108 DEBUG 12456 --- [io-8881-exec-10] w.c.HttpSessionSecurityContextRepository : Created HttpSession as SecurityContext is non-default
?[0m?[0;34m2023-04-07 15:35:23.108 DEBUG 12456 --- [io-8881-exec-10] w.c.HttpSessionSecurityContextRepository : Stored SecurityContextImpl [Authentication=UsernamePasswordAuthenticationToken [Principal=recipes.security.SecurityUserDetails@6c9b2b17, Credentials=[PROTECTED], Authenticated=true, Details=WebAuthenticationDetails [RemoteIpAddress=127.0.0.1, SessionId=null], Granted Authorities=[]]] to HttpSession [org.apache.catalina.session.StandardSessionFacade@7ed5398e]
?[0m?[0;34m2023-04-07 15:35:23.108 DEBUG 12456 --- [io-8881-exec-10] o.s.security.web.FilterChainProxy        : Secured POST /api/recipe/new
?[0m?[0;34m2023-04-07 15:35:23.108 DEBUG 12456 --- [io-8881-exec-10] o.s.web.servlet.DispatcherServlet        : POST "/api/recipe/new", parameters={}
?[0m?[0;34m2023-04-07 15:35:23.108 DEBUG 12456 --- [io-8881-exec-10] s.w.s.m.m.a.RequestMappingHandlerMapping : Mapped to recipes.controller.RecipeController#sava(SecurityUserDetails, RecipeDTO)
?[0m?[0;34m2023-04-07 15:35:23.109 DEBUG 12456 --- [io-8881-exec-10] o.j.s.OpenEntityManagerInViewInterceptor : Opening JPA EntityManager in OpenEntityManagerInViewInterceptor
?[0m?[0;34m2023-04-07 15:35:23.109 DEBUG 12456 --- [io-8881-exec-10] m.m.a.RequestResponseBodyMethodProcessor : Read "application/json;charset=UTF-8" to [RecipeDTO(name=tea r 4, category=DesserT, date=null, description=---, ingredients=[-, ----, -], dire (truncated)...]
?[0m?[0;34m2023-04-07 15:35:23.111 DEBUG 12456 --- [io-8881-exec-10] o.s.orm.jpa.JpaTransactionManager        : Found thread-bound EntityManager [SessionImpl(1023753314<open>)] for JPA transaction
?[0m?[0;34m2023-04-07 15:35:23.111 DEBUG 12456 --- [io-8881-exec-10] o.s.orm.jpa.JpaTransactionManager        : Creating new transaction with name [org.springframework.data.jpa.repository.support.SimpleJpaRepository.save]: PROPAGATION_REQUIRED,ISOLATION_DEFAULT
?[0m?[0;34m2023-04-07 15:35:23.111 DEBUG 12456 --- [io-8881-exec-10] o.s.orm.jpa.JpaTransactionManager        : Exposing JPA transaction as JDBC [org.springframework.orm.jpa.vendor.HibernateJpaDialect$HibernateConnectionHandle@4c6c43b2]
?[0m?[0;34mHibernate: 
?[0m?[0;34m    insert 
?[0m?[0;34m    into
?[0m?[0;34m        recipe
?[0m?[0;34m        (id, category, date, description, name, user_id) 
?[0m?[0;34m    values
?[0m?[0;34m        (null, ?, ?, ?, ?, ?)
?[0m?[0;34m2023-04-07 15:35:23.112 DEBUG 12456 --- [io-8881-exec-10] o.s.orm.jpa.JpaTransactionManager        : Initiating transaction commit
?[0m?[0;34m2023-04-07 15:35:23.112 DEBUG 12456 --- [io-8881-exec-10] o.s.orm.jpa.JpaTransactionManager        : Committing JPA transaction on EntityManager [SessionImpl(1023753314<open>)]
?[0m?[0;34mHibernate: 
?[0m?[0;34m    insert 
?[0m?[0;34m    into
?[0m?[0;34m        direction
?[0m?[0;34m        (id, directions) 
?[0m?[0;34m    values
?[0m?[0;34m        (?, ?)
?[0m?[0;34mHibernate: 
?[0m?[0;34m    insert 
?[0m?[0;34m    into
?[0m?[0;34m        direction
?[0m?[0;34m        (id, directions) 
?[0m?[0;34m    values
?[0m?[0;34m        (?, ?)
?[0m?[0;34mHibernate: 
?[0m?[0;34m    insert 
?[0m?[0;34m    into
?[0m?[0;34m        direction
?[0m?[0;34m        (id, directions) 
?[0m?[0;34m    values
?[0m?[0;34m        (?, ?)
?[0m?[0;34mHibernate: 
?[0m?[0;34m    insert 
?[0m?[0;34m    into
?[0m?[0;34m        ingredient
?[0m?[0;34m        (id, ingredients) 
?[0m?[0;34m    values
?[0m?[0;34m        (?, ?)
?[0m?[0;34mHibernate: 
?[0m?[0;34m    insert 
?[0m?[0;34m    into
?[0m?[0;34m        ingredient
?[0m?[0;34m        (id, ingredients) 
?[0m?[0;34m    values
?[0m?[0;34m        (?, ?)
?[0m?[0;34mHibernate: 
?[0m?[0;34m    insert 
?[0m?[0;34m    into
?[0m?[0;34m        ingredient
?[0m?[0;34m        (id, ingredients) 
?[0m?[0;34m    values
?[0m?[0;34m        (?, ?)
?[0m?[0;34m2023-04-07 15:35:23.114 DEBUG 12456 --- [io-8881-exec-10] o.s.orm.jpa.JpaTransactionManager        : Not closing pre-bound JPA EntityManager after transaction
?[0m?[0;34m2023-04-07 15:35:23.115 DEBUG 12456 --- [io-8881-exec-10] o.s.w.s.m.m.a.HttpEntityMethodProcessor  : Using 'application/json', given [*/*] and supported [application/json, application/*+json, application/json, application/*+json]
?[0m?[0;34m2023-04-07 15:35:23.115 DEBUG 12456 --- [io-8881-exec-10] o.s.w.s.m.m.a.HttpEntityMethodProcessor  : Writing [{id=4}]
?[0m?[0;34m2023-04-07 15:35:23.115 DEBUG 12456 --- [io-8881-exec-10] w.c.HttpSessionSecurityContextRepository : Stored SecurityContextImpl [Authentication=UsernamePasswordAuthenticationToken [Principal=recipes.security.SecurityUserDetails@6c9b2b17, Credentials=[PROTECTED], Authenticated=true, Details=WebAuthenticationDetails [RemoteIpAddress=127.0.0.1, SessionId=null], Granted Authorities=[]]] to HttpSession [org.apache.catalina.session.StandardSessionFacade@7ed5398e]
?[0m?[0;34m2023-04-07 15:35:23.116 DEBUG 12456 --- [io-8881-exec-10] o.j.s.OpenEntityManagerInViewInterceptor : Closing JPA EntityManager in OpenEntityManagerInViewInterceptor
?[0m?[0;34m2023-04-07 15:35:23.116 DEBUG 12456 --- [io-8881-exec-10] o.s.web.servlet.DispatcherServlet        : Completed 200 OK
?[0m?[0;34m2023-04-07 15:35:23.116 DEBUG 12456 --- [io-8881-exec-10] w.c.HttpSessionSecurityContextRepository : Stored SecurityContextImpl [Authentication=UsernamePasswordAuthenticationToken [Principal=recipes.security.SecurityUserDetails@6c9b2b17, Credentials=[PROTECTED], Authenticated=true, Details=WebAuthenticationDetails [RemoteIpAddress=127.0.0.1, SessionId=null], Granted Authorities=[]]] to HttpSession [org.apache.catalina.session.StandardSessionFacade@7ed5398e]
?[0m?[0;34m2023-04-07 15:35:23.116 DEBUG 12456 --- [io-8881-exec-10] s.s.w.c.SecurityContextPersistenceFilter : Cleared SecurityContextHolder to complete request
?[1;31m
Start test 24?[0m
?[0m?[0;34m2023-04-07 15:35:23.141 DEBUG 12456 --- [io-8881-exec-10] o.s.security.web.FilterChainProxy        : Securing POST /api/recipe/new
?[0m?[0;34m2023-04-07 15:35:23.141 DEBUG 12456 --- [io-8881-exec-10] s.s.w.c.SecurityContextPersistenceFilter : Set SecurityContextHolder to empty SecurityContext
?[0m?[0;34m2023-04-07 15:35:23.142 DEBUG 12456 --- [io-8881-exec-10] tor$SharedEntityManagerInvocationHandler : Creating new EntityManager for shared EntityManager invocation
?[0m?[0;34mHibernate: 
?[0m?[0;34m    select
?[0m?[0;34m        user0_.id as id1_3_,
?[0m?[0;34m        user0_.email as email2_3_,
?[0m?[0;34m        user0_.password as password3_3_ 
?[0m?[0;34m    from
?[0m?[0;34m        users user0_ 
?[0m?[0;34m    where
?[0m?[0;34m        user0_.email=?
?[0m?[0;34mHibernate: 
?[0m?[0;34m    select
?[0m?[0;34m        recipes0_.user_id as user_id6_2_0_,
?[0m?[0;34m        recipes0_.id as id1_2_0_,
?[0m?[0;34m        recipes0_.id as id1_2_1_,
?[0m?[0;34m        recipes0_.category as category2_2_1_,
?[0m?[0;34m        recipes0_.date as date3_2_1_,
?[0m?[0;34m        recipes0_.description as descript4_2_1_,
?[0m?[0;34m        recipes0_.name as name5_2_1_,
?[0m?[0;34m        recipes0_.user_id as user_id6_2_1_ 
?[0m?[0;34m    from
?[0m?[0;34m        recipe recipes0_ 
?[0m?[0;34m    where
?[0m?[0;34m        recipes0_.user_id=?
?[0m?[0;34m2023-04-07 15:35:23.206 DEBUG 12456 --- [io-8881-exec-10] o.s.s.a.dao.DaoAuthenticationProvider    : Authenticated user
?[0m?[0;34m2023-04-07 15:35:23.206 DEBUG 12456 --- [io-8881-exec-10] o.s.s.w.a.www.BasicAuthenticationFilter  : Set SecurityContextHolder to UsernamePasswordAuthenticationToken [Principal=recipes.security.SecurityUserDetails@47e59921, Credentials=[PROTECTED], Authenticated=true, Details=WebAuthenticationDetails [RemoteIpAddress=127.0.0.1, SessionId=null], Granted Authorities=[]]
?[0m?[0;34m2023-04-07 15:35:23.206 DEBUG 12456 --- [io-8881-exec-10] w.c.HttpSessionSecurityContextRepository : Created HttpSession as SecurityContext is non-default
?[0m?[0;34m2023-04-07 15:35:23.206 DEBUG 12456 --- [io-8881-exec-10] w.c.HttpSessionSecurityContextRepository : Stored SecurityContextImpl [Authentication=UsernamePasswordAuthenticationToken [Principal=recipes.security.SecurityUserDetails@47e59921, Credentials=[PROTECTED], Authenticated=true, Details=WebAuthenticationDetails [RemoteIpAddress=127.0.0.1, SessionId=null], Granted Authorities=[]]] to HttpSession [org.apache.catalina.session.StandardSessionFacade@16d11a9a]
?[0m?[0;34m2023-04-07 15:35:23.207 DEBUG 12456 --- [io-8881-exec-10] o.s.security.web.FilterChainProxy        : Secured POST /api/recipe/new
?[0m?[0;34m2023-04-07 15:35:23.207 DEBUG 12456 --- [io-8881-exec-10] o.s.web.servlet.DispatcherServlet        : POST "/api/recipe/new", parameters={}
?[0m?[0;34m2023-04-07 15:35:23.207 DEBUG 12456 --- [io-8881-exec-10] s.w.s.m.m.a.RequestMappingHandlerMapping : Mapped to recipes.controller.RecipeController#sava(SecurityUserDetails, RecipeDTO)
?[0m?[0;34m2023-04-07 15:35:23.207 DEBUG 12456 --- [io-8881-exec-10] o.j.s.OpenEntityManagerInViewInterceptor : Opening JPA EntityManager in OpenEntityManagerInViewInterceptor
?[0m?[0;34m2023-04-07 15:35:23.208 DEBUG 12456 --- [io-8881-exec-10] m.m.a.RequestResponseBodyMethodProcessor : Read "application/json;charset=UTF-8" to [RecipeDTO(name=recipe ice-cream 5, category=Desser, date=null, description=---, ingredients=[-, --,  (truncated)...]
?[0m?[0;34m2023-04-07 15:35:23.209 DEBUG 12456 --- [io-8881-exec-10] o.s.orm.jpa.JpaTransactionManager        : Found thread-bound EntityManager [SessionImpl(1353330791<open>)] for JPA transaction
?[0m?[0;34m2023-04-07 15:35:23.209 DEBUG 12456 --- [io-8881-exec-10] o.s.orm.jpa.JpaTransactionManager        : Creating new transaction with name [org.springframework.data.jpa.repository.support.SimpleJpaRepository.save]: PROPAGATION_REQUIRED,ISOLATION_DEFAULT
?[0m?[0;34m2023-04-07 15:35:23.209 DEBUG 12456 --- [io-8881-exec-10] o.s.orm.jpa.JpaTransactionManager        : Exposing JPA transaction as JDBC [org.springframework.orm.jpa.vendor.HibernateJpaDialect$HibernateConnectionHandle@6532e4e6]
?[0m?[0;34mHibernate: 
?[0m?[0;34m    insert 
?[0m?[0;34m    into
?[0m?[0;34m        recipe
?[0m?[0;34m        (id, category, date, description, name, user_id) 
?[0m?[0;34m    values
?[0m?[0;34m        (null, ?, ?, ?, ?, ?)
?[0m?[0;34m2023-04-07 15:35:23.210 DEBUG 12456 --- [io-8881-exec-10] o.s.orm.jpa.JpaTransactionManager        : Initiating transaction commit
?[0m?[0;34m2023-04-07 15:35:23.211 DEBUG 12456 --- [io-8881-exec-10] o.s.orm.jpa.JpaTransactionManager        : Committing JPA transaction on EntityManager [SessionImpl(1353330791<open>)]
?[0m?[0;34mHibernate: 
?[0m?[0;34m    insert 
?[0m?[0;34m    into
?[0m?[0;34m        direction
?[0m?[0;34m        (id, directions) 
?[0m?[0;34m    values
?[0m?[0;34m        (?, ?)
?[0m?[0;34mHibernate: 
?[0m?[0;34m    insert 
?[0m?[0;34m    into
?[0m?[0;34m        direction
?[0m?[0;34m        (id, directions) 
?[0m?[0;34m    values
?[0m?[0;34m        (?, ?)
?[0m?[0;34mHibernate: 
?[0m?[0;34m    insert 
?[0m?[0;34m    into
?[0m?[0;34m        direction
?[0m?[0;34m        (id, directions) 
?[0m?[0;34m    values
?[0m?[0;34m        (?, ?)
?[0m?[0;34mHibernate: 
?[0m?[0;34m    insert 
?[0m?[0;34m    into
?[0m?[0;34m        ingredient
?[0m?[0;34m        (id, ingredients) 
?[0m?[0;34m    values
?[0m?[0;34m        (?, ?)
?[0m?[0;34mHibernate: 
?[0m?[0;34m    insert 
?[0m?[0;34m    into
?[0m?[0;34m        ingredient
?[0m?[0;34m        (id, ingredients) 
?[0m?[0;34m    values
?[0m?[0;34m        (?, ?)
?[0m?[0;34mHibernate: 
?[0m?[0;34m    insert 
?[0m?[0;34m    into
?[0m?[0;34m        ingredient
?[0m?[0;34m        (id, ingredients) 
?[0m?[0;34m    values
?[0m?[0;34m        (?, ?)
?[0m?[0;34m2023-04-07 15:35:23.212 DEBUG 12456 --- [io-8881-exec-10] o.s.orm.jpa.JpaTransactionManager        : Not closing pre-bound JPA EntityManager after transaction
?[0m?[0;34m2023-04-07 15:35:23.212 DEBUG 12456 --- [io-8881-exec-10] o.s.w.s.m.m.a.HttpEntityMethodProcessor  : Using 'application/json', given [*/*] and supported [application/json, application/*+json, application/json, application/*+json]
?[0m?[0;34m2023-04-07 15:35:23.213 DEBUG 12456 --- [io-8881-exec-10] o.s.w.s.m.m.a.HttpEntityMethodProcessor  : Writing [{id=5}]
?[0m?[0;34m2023-04-07 15:35:23.213 DEBUG 12456 --- [io-8881-exec-10] w.c.HttpSessionSecurityContextRepository : Stored SecurityContextImpl [Authentication=UsernamePasswordAuthenticationToken [Principal=recipes.security.SecurityUserDetails@47e59921, Credentials=[PROTECTED], Authenticated=true, Details=WebAuthenticationDetails [RemoteIpAddress=127.0.0.1, SessionId=null], Granted Authorities=[]]] to HttpSession [org.apache.catalina.session.StandardSessionFacade@16d11a9a]
?[0m?[0;34m2023-04-07 15:35:23.213 DEBUG 12456 --- [io-8881-exec-10] o.j.s.OpenEntityManagerInViewInterceptor : Closing JPA EntityManager in OpenEntityManagerInViewInterceptor
?[0m?[0;34m2023-04-07 15:35:23.213 DEBUG 12456 --- [io-8881-exec-10] o.s.web.servlet.DispatcherServlet        : Completed 200 OK
?[0m?[0;34m2023-04-07 15:35:23.214 DEBUG 12456 --- [io-8881-exec-10] w.c.HttpSessionSecurityContextRepository : Stored SecurityContextImpl [Authentication=UsernamePasswordAuthenticationToken [Principal=recipes.security.SecurityUserDetails@47e59921, Credentials=[PROTECTED], Authenticated=true, Details=WebAuthenticationDetails [RemoteIpAddress=127.0.0.1, SessionId=null], Granted Authorities=[]]] to HttpSession [org.apache.catalina.session.StandardSessionFacade@16d11a9a]
?[0m?[0;34m2023-04-07 15:35:23.214 DEBUG 12456 --- [io-8881-exec-10] s.s.w.c.SecurityContextPersistenceFilter : Cleared SecurityContextHolder to complete request
?[1;31m
Start test 25?[0m
?[0m?[0;34m2023-04-07 15:35:23.232 DEBUG 12456 --- [nio-8881-exec-5] o.s.security.web.FilterChainProxy        : Securing POST /api/recipe/new
?[0m?[0;34m2023-04-07 15:35:23.232 DEBUG 12456 --- [nio-8881-exec-5] s.s.w.c.SecurityContextPersistenceFilter : Set SecurityContextHolder to empty SecurityContext
?[0m?[0;34m2023-04-07 15:35:23.232 DEBUG 12456 --- [nio-8881-exec-5] tor$SharedEntityManagerInvocationHandler : Creating new EntityManager for shared EntityManager invocation
?[0m?[0;34mHibernate: 
?[0m?[0;34m    select
?[0m?[0;34m        user0_.id as id1_3_,
?[0m?[0;34m        user0_.email as email2_3_,
?[0m?[0;34m        user0_.password as password3_3_ 
?[0m?[0;34m    from
?[0m?[0;34m        users user0_ 
?[0m?[0;34m    where
?[0m?[0;34m        user0_.email=?
?[0m?[0;34mHibernate: 
?[0m?[0;34m    select
?[0m?[0;34m        recipes0_.user_id as user_id6_2_0_,
?[0m?[0;34m        recipes0_.id as id1_2_0_,
?[0m?[0;34m        recipes0_.id as id1_2_1_,
?[0m?[0;34m        recipes0_.category as category2_2_1_,
?[0m?[0;34m        recipes0_.date as date3_2_1_,
?[0m?[0;34m        recipes0_.description as descript4_2_1_,
?[0m?[0;34m        recipes0_.name as name5_2_1_,
?[0m?[0;34m        recipes0_.user_id as user_id6_2_1_ 
?[0m?[0;34m    from
?[0m?[0;34m        recipe recipes0_ 
?[0m?[0;34m    where
?[0m?[0;34m        recipes0_.user_id=?
?[0m?[0;34m2023-04-07 15:35:23.307 DEBUG 12456 --- [nio-8881-exec-5] o.s.s.a.dao.DaoAuthenticationProvider    : Authenticated user
?[0m?[0;34m2023-04-07 15:35:23.307 DEBUG 12456 --- [nio-8881-exec-5] o.s.s.w.a.www.BasicAuthenticationFilter  : Set SecurityContextHolder to UsernamePasswordAuthenticationToken [Principal=recipes.security.SecurityUserDetails@39cdbe54, Credentials=[PROTECTED], Authenticated=true, Details=WebAuthenticationDetails [RemoteIpAddress=127.0.0.1, SessionId=null], Granted Authorities=[]]
?[0m?[0;34m2023-04-07 15:35:23.307 DEBUG 12456 --- [nio-8881-exec-5] w.c.HttpSessionSecurityContextRepository : Created HttpSession as SecurityContext is non-default
?[0m?[0;34m2023-04-07 15:35:23.307 DEBUG 12456 --- [nio-8881-exec-5] w.c.HttpSessionSecurityContextRepository : Stored SecurityContextImpl [Authentication=UsernamePasswordAuthenticationToken [Principal=recipes.security.SecurityUserDetails@39cdbe54, Credentials=[PROTECTED], Authenticated=true, Details=WebAuthenticationDetails [RemoteIpAddress=127.0.0.1, SessionId=null], Granted Authorities=[]]] to HttpSession [org.apache.catalina.session.StandardSessionFacade@8c495d9]
?[0m?[0;34m2023-04-07 15:35:23.307 DEBUG 12456 --- [nio-8881-exec-5] o.s.security.web.FilterChainProxy        : Secured POST /api/recipe/new
?[0m?[0;34m2023-04-07 15:35:23.307 DEBUG 12456 --- [nio-8881-exec-5] o.s.web.servlet.DispatcherServlet        : POST "/api/recipe/new", parameters={}
?[0m?[0;34m2023-04-07 15:35:23.308 DEBUG 12456 --- [nio-8881-exec-5] s.w.s.m.m.a.RequestMappingHandlerMapping : Mapped to recipes.controller.RecipeController#sava(SecurityUserDetails, RecipeDTO)
?[0m?[0;34m2023-04-07 15:35:23.308 DEBUG 12456 --- [nio-8881-exec-5] o.j.s.OpenEntityManagerInViewInterceptor : Opening JPA EntityManager in OpenEntityManagerInViewInterceptor
?[0m?[0;34m2023-04-07 15:35:23.309 DEBUG 12456 --- [nio-8881-exec-5] m.m.a.RequestResponseBodyMethodProcessor : Read "application/json;charset=UTF-8" to [RecipeDTO(name=--, category=DeSSert, date=null, description=---, ingredients=[---, -, --], direction (truncated)...]
?[0m?[0;34m2023-04-07 15:35:23.310 DEBUG 12456 --- [nio-8881-exec-5] o.s.orm.jpa.JpaTransactionManager        : Found thread-bound EntityManager [SessionImpl(591360351<open>)] for JPA transaction
?[0m?[0;34m2023-04-07 15:35:23.310 DEBUG 12456 --- [nio-8881-exec-5] o.s.orm.jpa.JpaTransactionManager        : Creating new transaction with name [org.springframework.data.jpa.repository.support.SimpleJpaRepository.save]: PROPAGATION_REQUIRED,ISOLATION_DEFAULT
?[0m?[0;34m2023-04-07 15:35:23.310 DEBUG 12456 --- [nio-8881-exec-5] o.s.orm.jpa.JpaTransactionManager        : Exposing JPA transaction as JDBC [org.springframework.orm.jpa.vendor.HibernateJpaDialect$HibernateConnectionHandle@3b8fe42d]
?[0m?[0;34mHibernate: 
?[0m?[0;34m    insert 
?[0m?[0;34m    into
?[0m?[0;34m        recipe
?[0m?[0;34m        (id, category, date, description, name, user_id) 
?[0m?[0;34m    values
?[0m?[0;34m        (null, ?, ?, ?, ?, ?)
?[0m?[0;34m2023-04-07 15:35:23.311 DEBUG 12456 --- [nio-8881-exec-5] o.s.orm.jpa.JpaTransactionManager        : Initiating transaction commit
?[0m?[0;34m2023-04-07 15:35:23.311 DEBUG 12456 --- [nio-8881-exec-5] o.s.orm.jpa.JpaTransactionManager        : Committing JPA transaction on EntityManager [SessionImpl(591360351<open>)]
?[0m?[0;34mHibernate: 
?[0m?[0;34m    insert 
?[0m?[0;34m    into
?[0m?[0;34m        direction
?[0m?[0;34m        (id, directions) 
?[0m?[0;34m    values
?[0m?[0;34m        (?, ?)
?[0m?[0;34mHibernate: 
?[0m?[0;34m    insert 
?[0m?[0;34m    into
?[0m?[0;34m        direction
?[0m?[0;34m        (id, directions) 
?[0m?[0;34m    values
?[0m?[0;34m        (?, ?)
?[0m?[0;34mHibernate: 
?[0m?[0;34m    insert 
?[0m?[0;34m    into
?[0m?[0;34m        ingredient
?[0m?[0;34m        (id, ingredients) 
?[0m?[0;34m    values
?[0m?[0;34m        (?, ?)
?[0m?[0;34mHibernate: 
?[0m?[0;34m    insert 
?[0m?[0;34m    into
?[0m?[0;34m        ingredient
?[0m?[0;34m        (id, ingredients) 
?[0m?[0;34m    values
?[0m?[0;34m        (?, ?)
?[0m?[0;34mHibernate: 
?[0m?[0;34m    insert 
?[0m?[0;34m    into
?[0m?[0;34m        ingredient
?[0m?[0;34m        (id, ingredients) 
?[0m?[0;34m    values
?[0m?[0;34m        (?, ?)
?[0m?[0;34m2023-04-07 15:35:23.313 DEBUG 12456 --- [nio-8881-exec-5] o.s.orm.jpa.JpaTransactionManager        : Not closing pre-bound JPA EntityManager after transaction
?[0m?[0;34m2023-04-07 15:35:23.314 DEBUG 12456 --- [nio-8881-exec-5] o.s.w.s.m.m.a.HttpEntityMethodProcessor  : Using 'application/json', given [*/*] and supported [application/json, application/*+json, application/json, application/*+json]
?[0m?[0;34m2023-04-07 15:35:23.314 DEBUG 12456 --- [nio-8881-exec-5] o.s.w.s.m.m.a.HttpEntityMethodProcessor  : Writing [{id=6}]
?[0m?[0;34m2023-04-07 15:35:23.314 DEBUG 12456 --- [nio-8881-exec-5] w.c.HttpSessionSecurityContextRepository : Stored SecurityContextImpl [Authentication=UsernamePasswordAuthenticationToken [Principal=recipes.security.SecurityUserDetails@39cdbe54, Credentials=[PROTECTED], Authenticated=true, Details=WebAuthenticationDetails [RemoteIpAddress=127.0.0.1, SessionId=null], Granted Authorities=[]]] to HttpSession [org.apache.catalina.session.StandardSessionFacade@8c495d9]
?[0m?[0;34m2023-04-07 15:35:23.315 DEBUG 12456 --- [nio-8881-exec-5] o.j.s.OpenEntityManagerInViewInterceptor : Closing JPA EntityManager in OpenEntityManagerInViewInterceptor
?[0m?[0;34m2023-04-07 15:35:23.315 DEBUG 12456 --- [nio-8881-exec-5] o.s.web.servlet.DispatcherServlet        : Completed 200 OK
?[0m?[0;34m2023-04-07 15:35:23.315 DEBUG 12456 --- [nio-8881-exec-5] w.c.HttpSessionSecurityContextRepository : Stored SecurityContextImpl [Authentication=UsernamePasswordAuthenticationToken [Principal=recipes.security.SecurityUserDetails@39cdbe54, Credentials=[PROTECTED], Authenticated=true, Details=WebAuthenticationDetails [RemoteIpAddress=127.0.0.1, SessionId=null], Granted Authorities=[]]] to HttpSession [org.apache.catalina.session.StandardSessionFacade@8c495d9]
?[0m?[0;34m2023-04-07 15:35:23.315 DEBUG 12456 --- [nio-8881-exec-5] s.s.w.c.SecurityContextPersistenceFilter : Cleared SecurityContextHolder to complete request
?[1;31m
Start test 26?[0m
?[0m?[0;34m2023-04-07 15:35:23.332 DEBUG 12456 --- [nio-8881-exec-6] o.s.security.web.FilterChainProxy        : Securing POST /api/recipe/new
?[0m?[0;34m2023-04-07 15:35:23.332 DEBUG 12456 --- [nio-8881-exec-6] s.s.w.c.SecurityContextPersistenceFilter : Set SecurityContextHolder to empty SecurityContext
?[0m?[0;34m2023-04-07 15:35:23.333 DEBUG 12456 --- [nio-8881-exec-6] tor$SharedEntityManagerInvocationHandler : Creating new EntityManager for shared EntityManager invocation
?[0m?[0;34mHibernate: 
?[0m?[0;34m    select
?[0m?[0;34m        user0_.id as id1_3_,
?[0m?[0;34m        user0_.email as email2_3_,
?[0m?[0;34m        user0_.password as password3_3_ 
?[0m?[0;34m    from
?[0m?[0;34m        users user0_ 
?[0m?[0;34m    where
?[0m?[0;34m        user0_.email=?
?[0m?[0;34mHibernate: 
?[0m?[0;34m    select
?[0m?[0;34m        recipes0_.user_id as user_id6_2_0_,
?[0m?[0;34m        recipes0_.id as id1_2_0_,
?[0m?[0;34m        recipes0_.id as id1_2_1_,
?[0m?[0;34m        recipes0_.category as category2_2_1_,
?[0m?[0;34m        recipes0_.date as date3_2_1_,
?[0m?[0;34m        recipes0_.description as descript4_2_1_,
?[0m?[0;34m        recipes0_.name as name5_2_1_,
?[0m?[0;34m        recipes0_.user_id as user_id6_2_1_ 
?[0m?[0;34m    from
?[0m?[0;34m        recipe recipes0_ 
?[0m?[0;34m    where
?[0m?[0;34m        recipes0_.user_id=?
?[0m?[0;34m2023-04-07 15:35:23.395 DEBUG 12456 --- [nio-8881-exec-6] o.s.s.a.dao.DaoAuthenticationProvider    : Authenticated user
?[0m?[0;34m2023-04-07 15:35:23.395 DEBUG 12456 --- [nio-8881-exec-6] o.s.s.w.a.www.BasicAuthenticationFilter  : Set SecurityContextHolder to UsernamePasswordAuthenticationToken [Principal=recipes.security.SecurityUserDetails@48aee9c8, Credentials=[PROTECTED], Authenticated=true, Details=WebAuthenticationDetails [RemoteIpAddress=127.0.0.1, SessionId=null], Granted Authorities=[]]
?[0m?[0;34m2023-04-07 15:35:23.395 DEBUG 12456 --- [nio-8881-exec-6] w.c.HttpSessionSecurityContextRepository : Created HttpSession as SecurityContext is non-default
?[0m?[0;34m2023-04-07 15:35:23.395 DEBUG 12456 --- [nio-8881-exec-6] w.c.HttpSessionSecurityContextRepository : Stored SecurityContextImpl [Authentication=UsernamePasswordAuthenticationToken [Principal=recipes.security.SecurityUserDetails@48aee9c8, Credentials=[PROTECTED], Authenticated=true, Details=WebAuthenticationDetails [RemoteIpAddress=127.0.0.1, SessionId=null], Granted Authorities=[]]] to HttpSession [org.apache.catalina.session.StandardSessionFacade@fd44cee]
?[0m?[0;34m2023-04-07 15:35:23.396 DEBUG 12456 --- [nio-8881-exec-6] o.s.security.web.FilterChainProxy        : Secured POST /api/recipe/new
?[0m?[0;34m2023-04-07 15:35:23.396 DEBUG 12456 --- [nio-8881-exec-6] o.s.web.servlet.DispatcherServlet        : POST "/api/recipe/new", parameters={}
?[0m?[0;34m2023-04-07 15:35:23.396 DEBUG 12456 --- [nio-8881-exec-6] s.w.s.m.m.a.RequestMappingHandlerMapping : Mapped to recipes.controller.RecipeController#sava(SecurityUserDetails, RecipeDTO)
?[0m?[0;34m2023-04-07 15:35:23.396 DEBUG 12456 --- [nio-8881-exec-6] o.j.s.OpenEntityManagerInViewInterceptor : Opening JPA EntityManager in OpenEntityManagerInViewInterceptor
?[0m?[0;34m2023-04-07 15:35:23.397 DEBUG 12456 --- [nio-8881-exec-6] m.m.a.RequestResponseBodyMethodProcessor : Read "application/json;charset=UTF-8" to [RecipeDTO(name=ICE-CREAM, category=desserT, date=null, description=----, ingredients=[-, -, --], dir (truncated)...]
?[0m?[0;34m2023-04-07 15:35:23.398 DEBUG 12456 --- [nio-8881-exec-6] o.s.orm.jpa.JpaTransactionManager        : Found thread-bound EntityManager [SessionImpl(598771672<open>)] for JPA transaction
?[0m?[0;34m2023-04-07 15:35:23.398 DEBUG 12456 --- [nio-8881-exec-6] o.s.orm.jpa.JpaTransactionManager        : Creating new transaction with name [org.springframework.data.jpa.repository.support.SimpleJpaRepository.save]: PROPAGATION_REQUIRED,ISOLATION_DEFAULT
?[0m?[0;34m2023-04-07 15:35:23.398 DEBUG 12456 --- [nio-8881-exec-6] o.s.orm.jpa.JpaTransactionManager        : Exposing JPA transaction as JDBC [org.springframework.orm.jpa.vendor.HibernateJpaDialect$HibernateConnectionHandle@69e7242c]
?[0m?[0;34mHibernate: 
?[0m?[0;34m    insert 
?[0m?[0;34m    into
?[0m?[0;34m        recipe
?[0m?[0;34m        (id, category, date, description, name, user_id) 
?[0m?[0;34m    values
?[0m?[0;34m        (null, ?, ?, ?, ?, ?)
?[0m?[0;34m2023-04-07 15:35:23.399 DEBUG 12456 --- [nio-8881-exec-6] o.s.orm.jpa.JpaTransactionManager        : Initiating transaction commit
?[0m?[0;34m2023-04-07 15:35:23.399 DEBUG 12456 --- [nio-8881-exec-6] o.s.orm.jpa.JpaTransactionManager        : Committing JPA transaction on EntityManager [SessionImpl(598771672<open>)]
?[0m?[0;34mHibernate: 
?[0m?[0;34m    insert 
?[0m?[0;34m    into
?[0m?[0;34m        direction
?[0m?[0;34m        (id, directions) 
?[0m?[0;34m    values
?[0m?[0;34m        (?, ?)
?[0m?[0;34mHibernate: 
?[0m?[0;34m    insert 
?[0m?[0;34m    into
?[0m?[0;34m        direction
?[0m?[0;34m        (id, directions) 
?[0m?[0;34m    values
?[0m?[0;34m        (?, ?)
?[0m?[0;34mHibernate: 
?[0m?[0;34m    insert 
?[0m?[0;34m    into
?[0m?[0;34m        direction
?[0m?[0;34m        (id, directions) 
?[0m?[0;34m    values
?[0m?[0;34m        (?, ?)
?[0m?[0;34mHibernate: 
?[0m?[0;34m    insert 
?[0m?[0;34m    into
?[0m?[0;34m        ingredient
?[0m?[0;34m        (id, ingredients) 
?[0m?[0;34m    values
?[0m?[0;34m        (?, ?)
?[0m?[0;34mHibernate: 
?[0m?[0;34m    insert 
?[0m?[0;34m    into
?[0m?[0;34m        ingredient
?[0m?[0;34m        (id, ingredients) 
?[0m?[0;34m    values
?[0m?[0;34m        (?, ?)
?[0m?[0;34mHibernate: 
?[0m?[0;34m    insert 
?[0m?[0;34m    into
?[0m?[0;34m        ingredient
?[0m?[0;34m        (id, ingredients) 
?[0m?[0;34m    values
?[0m?[0;34m        (?, ?)
?[0m?[0;34m2023-04-07 15:35:23.400 DEBUG 12456 --- [nio-8881-exec-6] o.s.orm.jpa.JpaTransactionManager        : Not closing pre-bound JPA EntityManager after transaction
?[0m?[0;34m2023-04-07 15:35:23.400 DEBUG 12456 --- [nio-8881-exec-6] o.s.w.s.m.m.a.HttpEntityMethodProcessor  : Using 'application/json', given [*/*] and supported [application/json, application/*+json, application/json, application/*+json]
?[0m?[0;34m2023-04-07 15:35:23.400 DEBUG 12456 --- [nio-8881-exec-6] o.s.w.s.m.m.a.HttpEntityMethodProcessor  : Writing [{id=7}]
?[0m?[0;34m2023-04-07 15:35:23.401 DEBUG 12456 --- [nio-8881-exec-6] w.c.HttpSessionSecurityContextRepository : Stored SecurityContextImpl [Authentication=UsernamePasswordAuthenticationToken [Principal=recipes.security.SecurityUserDetails@48aee9c8, Credentials=[PROTECTED], Authenticated=true, Details=WebAuthenticationDetails [RemoteIpAddress=127.0.0.1, SessionId=null], Granted Authorities=[]]] to HttpSession [org.apache.catalina.session.StandardSessionFacade@fd44cee]
?[0m?[0;34m2023-04-07 15:35:23.401 DEBUG 12456 --- [nio-8881-exec-6] o.j.s.OpenEntityManagerInViewInterceptor : Closing JPA EntityManager in OpenEntityManagerInViewInterceptor
?[0m?[0;34m2023-04-07 15:35:23.401 DEBUG 12456 --- [nio-8881-exec-6] o.s.web.servlet.DispatcherServlet        : Completed 200 OK
?[0m?[0;34m2023-04-07 15:35:23.401 DEBUG 12456 --- [nio-8881-exec-6] w.c.HttpSessionSecurityContextRepository : Stored SecurityContextImpl [Authentication=UsernamePasswordAuthenticationToken [Principal=recipes.security.SecurityUserDetails@48aee9c8, Credentials=[PROTECTED], Authenticated=true, Details=WebAuthenticationDetails [RemoteIpAddress=127.0.0.1, SessionId=null], Granted Authorities=[]]] to HttpSession [org.apache.catalina.session.StandardSessionFacade@fd44cee]
?[0m?[0;34m2023-04-07 15:35:23.402 DEBUG 12456 --- [nio-8881-exec-6] s.s.w.c.SecurityContextPersistenceFilter : Cleared SecurityContextHolder to complete request
?[1;31m
Start test 27?[0m
?[0m?[0;34m2023-04-07 15:35:23.418 DEBUG 12456 --- [nio-8881-exec-4] o.s.security.web.FilterChainProxy        : Securing POST /api/recipe/new
?[0m?[0;34m2023-04-07 15:35:23.419 DEBUG 12456 --- [nio-8881-exec-4] s.s.w.c.SecurityContextPersistenceFilter : Set SecurityContextHolder to empty SecurityContext
?[0m?[0;34m2023-04-07 15:35:23.419 DEBUG 12456 --- [nio-8881-exec-4] tor$SharedEntityManagerInvocationHandler : Creating new EntityManager for shared EntityManager invocation
?[0m?[0;34mHibernate: 
?[0m?[0;34m    select
?[0m?[0;34m        user0_.id as id1_3_,
?[0m?[0;34m        user0_.email as email2_3_,
?[0m?[0;34m        user0_.password as password3_3_ 
?[0m?[0;34m    from
?[0m?[0;34m        users user0_ 
?[0m?[0;34m    where
?[0m?[0;34m        user0_.email=?
?[0m?[0;34mHibernate: 
?[0m?[0;34m    select
?[0m?[0;34m        recipes0_.user_id as user_id6_2_0_,
?[0m?[0;34m        recipes0_.id as id1_2_0_,
?[0m?[0;34m        recipes0_.id as id1_2_1_,
?[0m?[0;34m        recipes0_.category as category2_2_1_,
?[0m?[0;34m        recipes0_.date as date3_2_1_,
?[0m?[0;34m        recipes0_.description as descript4_2_1_,
?[0m?[0;34m        recipes0_.name as name5_2_1_,
?[0m?[0;34m        recipes0_.user_id as user_id6_2_1_ 
?[0m?[0;34m    from
?[0m?[0;34m        recipe recipes0_ 
?[0m?[0;34m    where
?[0m?[0;34m        recipes0_.user_id=?
?[0m?[0;34m2023-04-07 15:35:23.482 DEBUG 12456 --- [nio-8881-exec-4] o.s.s.a.dao.DaoAuthenticationProvider    : Authenticated user
?[0m?[0;34m2023-04-07 15:35:23.482 DEBUG 12456 --- [nio-8881-exec-4] o.s.s.w.a.www.BasicAuthenticationFilter  : Set SecurityContextHolder to UsernamePasswordAuthenticationToken [Principal=recipes.security.SecurityUserDetails@7e48713a, Credentials=[PROTECTED], Authenticated=true, Details=WebAuthenticationDetails [RemoteIpAddress=127.0.0.1, SessionId=null], Granted Authorities=[]]
?[0m?[0;34m2023-04-07 15:35:23.482 DEBUG 12456 --- [nio-8881-exec-4] w.c.HttpSessionSecurityContextRepository : Created HttpSession as SecurityContext is non-default
?[0m?[0;34m2023-04-07 15:35:23.482 DEBUG 12456 --- [nio-8881-exec-4] w.c.HttpSessionSecurityContextRepository : Stored SecurityContextImpl [Authentication=UsernamePasswordAuthenticationToken [Principal=recipes.security.SecurityUserDetails@7e48713a, Credentials=[PROTECTED], Authenticated=true, Details=WebAuthenticationDetails [RemoteIpAddress=127.0.0.1, SessionId=null], Granted Authorities=[]]] to HttpSession [org.apache.catalina.session.StandardSessionFacade@54a303c7]
?[0m?[0;34m2023-04-07 15:35:23.482 DEBUG 12456 --- [nio-8881-exec-4] o.s.security.web.FilterChainProxy        : Secured POST /api/recipe/new
?[0m?[0;34m2023-04-07 15:35:23.483 DEBUG 12456 --- [nio-8881-exec-4] o.s.web.servlet.DispatcherServlet        : POST "/api/recipe/new", parameters={}
?[0m?[0;34m2023-04-07 15:35:23.483 DEBUG 12456 --- [nio-8881-exec-4] s.w.s.m.m.a.RequestMappingHandlerMapping : Mapped to recipes.controller.RecipeController#sava(SecurityUserDetails, RecipeDTO)
?[0m?[0;34m2023-04-07 15:35:23.483 DEBUG 12456 --- [nio-8881-exec-4] o.j.s.OpenEntityManagerInViewInterceptor : Opening JPA EntityManager in OpenEntityManagerInViewInterceptor
?[0m?[0;34m2023-04-07 15:35:23.484 DEBUG 12456 --- [nio-8881-exec-4] m.m.a.RequestResponseBodyMethodProcessor : Read "application/json;charset=UTF-8" to [RecipeDTO(name=---, category=dessert, date=null, description=--, ingredients=[-, ----], directions=[ (truncated)...]
?[0m?[0;34m2023-04-07 15:35:23.485 DEBUG 12456 --- [nio-8881-exec-4] o.s.orm.jpa.JpaTransactionManager        : Found thread-bound EntityManager [SessionImpl(1247811591<open>)] for JPA transaction
?[0m?[0;34m2023-04-07 15:35:23.485 DEBUG 12456 --- [nio-8881-exec-4] o.s.orm.jpa.JpaTransactionManager        : Creating new transaction with name [org.springframework.data.jpa.repository.support.SimpleJpaRepository.save]: PROPAGATION_REQUIRED,ISOLATION_DEFAULT
?[0m?[0;34m2023-04-07 15:35:23.485 DEBUG 12456 --- [nio-8881-exec-4] o.s.orm.jpa.JpaTransactionManager        : Exposing JPA transaction as JDBC [org.springframework.orm.jpa.vendor.HibernateJpaDialect$HibernateConnectionHandle@34bdbc0c]
?[0m?[0;34mHibernate: 
?[0m?[0;34m    insert 
?[0m?[0;34m    into
?[0m?[0;34m        recipe
?[0m?[0;34m        (id, category, date, description, name, user_id) 
?[0m?[0;34m    values
?[0m?[0;34m        (null, ?, ?, ?, ?, ?)
?[0m?[0;34m2023-04-07 15:35:23.486 DEBUG 12456 --- [nio-8881-exec-4] o.s.orm.jpa.JpaTransactionManager        : Initiating transaction commit
?[0m?[0;34m2023-04-07 15:35:23.486 DEBUG 12456 --- [nio-8881-exec-4] o.s.orm.jpa.JpaTransactionManager        : Committing JPA transaction on EntityManager [SessionImpl(1247811591<open>)]
?[0m?[0;34mHibernate: 
?[0m?[0;34m    insert 
?[0m?[0;34m    into
?[0m?[0;34m        direction
?[0m?[0;34m        (id, directions) 
?[0m?[0;34m    values
?[0m?[0;34m        (?, ?)
?[0m?[0;34mHibernate: 
?[0m?[0;34m    insert 
?[0m?[0;34m    into
?[0m?[0;34m        direction
?[0m?[0;34m        (id, directions) 
?[0m?[0;34m    values
?[0m?[0;34m        (?, ?)
?[0m?[0;34mHibernate: 
?[0m?[0;34m    insert 
?[0m?[0;34m    into
?[0m?[0;34m        direction
?[0m?[0;34m        (id, directions) 
?[0m?[0;34m    values
?[0m?[0;34m        (?, ?)
?[0m?[0;34mHibernate: 
?[0m?[0;34m    insert 
?[0m?[0;34m    into
?[0m?[0;34m        ingredient
?[0m?[0;34m        (id, ingredients) 
?[0m?[0;34m    values
?[0m?[0;34m        (?, ?)
?[0m?[0;34mHibernate: 
?[0m?[0;34m    insert 
?[0m?[0;34m    into
?[0m?[0;34m        ingredient
?[0m?[0;34m        (id, ingredients) 
?[0m?[0;34m    values
?[0m?[0;34m        (?, ?)
?[0m?[0;34m2023-04-07 15:35:23.488 DEBUG 12456 --- [nio-8881-exec-4] o.s.orm.jpa.JpaTransactionManager        : Not closing pre-bound JPA EntityManager after transaction
?[0m?[0;34m2023-04-07 15:35:23.488 DEBUG 12456 --- [nio-8881-exec-4] o.s.w.s.m.m.a.HttpEntityMethodProcessor  : Using 'application/json', given [*/*] and supported [application/json, application/*+json, application/json, application/*+json]
?[0m?[0;34m2023-04-07 15:35:23.488 DEBUG 12456 --- [nio-8881-exec-4] o.s.w.s.m.m.a.HttpEntityMethodProcessor  : Writing [{id=8}]
?[0m?[0;34m2023-04-07 15:35:23.488 DEBUG 12456 --- [nio-8881-exec-4] w.c.HttpSessionSecurityContextRepository : Stored SecurityContextImpl [Authentication=UsernamePasswordAuthenticationToken [Principal=recipes.security.SecurityUserDetails@7e48713a, Credentials=[PROTECTED], Authenticated=true, Details=WebAuthenticationDetails [RemoteIpAddress=127.0.0.1, SessionId=null], Granted Authorities=[]]] to HttpSession [org.apache.catalina.session.StandardSessionFacade@54a303c7]
?[0m?[0;34m2023-04-07 15:35:23.489 DEBUG 12456 --- [nio-8881-exec-4] o.j.s.OpenEntityManagerInViewInterceptor : Closing JPA EntityManager in OpenEntityManagerInViewInterceptor
?[0m?[0;34m2023-04-07 15:35:23.489 DEBUG 12456 --- [nio-8881-exec-4] o.s.web.servlet.DispatcherServlet        : Completed 200 OK
?[0m?[0;34m2023-04-07 15:35:23.489 DEBUG 12456 --- [nio-8881-exec-4] w.c.HttpSessionSecurityContextRepository : Stored SecurityContextImpl [Authentication=UsernamePasswordAuthenticationToken [Principal=recipes.security.SecurityUserDetails@7e48713a, Credentials=[PROTECTED], Authenticated=true, Details=WebAuthenticationDetails [RemoteIpAddress=127.0.0.1, SessionId=null], Granted Authorities=[]]] to HttpSession [org.apache.catalina.session.StandardSessionFacade@54a303c7]
?[0m?[0;34m2023-04-07 15:35:23.489 DEBUG 12456 --- [nio-8881-exec-4] s.s.w.c.SecurityContextPersistenceFilter : Cleared SecurityContextHolder to complete request
?[1;31m
Start test 28?[0m
?[0m?[0;34m2023-04-07 15:35:23.505 DEBUG 12456 --- [nio-8881-exec-2] o.s.security.web.FilterChainProxy        : Securing POST /api/recipe/new
?[0m?[0;34m2023-04-07 15:35:23.505 DEBUG 12456 --- [nio-8881-exec-2] s.s.w.c.SecurityContextPersistenceFilter : Set SecurityContextHolder to empty SecurityContext
?[0m?[0;34m2023-04-07 15:35:23.506 DEBUG 12456 --- [nio-8881-exec-2] tor$SharedEntityManagerInvocationHandler : Creating new EntityManager for shared EntityManager invocation
?[0m?[0;34mHibernate: 
?[0m?[0;34m    select
?[0m?[0;34m        user0_.id as id1_3_,
?[0m?[0;34m        user0_.email as email2_3_,
?[0m?[0;34m        user0_.password as password3_3_ 
?[0m?[0;34m    from
?[0m?[0;34m        users user0_ 
?[0m?[0;34m    where
?[0m?[0;34m        user0_.email=?
?[0m?[0;34mHibernate: 
?[0m?[0;34m    select
?[0m?[0;34m        recipes0_.user_id as user_id6_2_0_,
?[0m?[0;34m        recipes0_.id as id1_2_0_,
?[0m?[0;34m        recipes0_.id as id1_2_1_,
?[0m?[0;34m        recipes0_.category as category2_2_1_,
?[0m?[0;34m        recipes0_.date as date3_2_1_,
?[0m?[0;34m        recipes0_.description as descript4_2_1_,
?[0m?[0;34m        recipes0_.name as name5_2_1_,
?[0m?[0;34m        recipes0_.user_id as user_id6_2_1_ 
?[0m?[0;34m    from
?[0m?[0;34m        recipe recipes0_ 
?[0m?[0;34m    where
?[0m?[0;34m        recipes0_.user_id=?
?[0m?[0;34m2023-04-07 15:35:23.568 DEBUG 12456 --- [nio-8881-exec-2] o.s.s.a.dao.DaoAuthenticationProvider    : Authenticated user
?[0m?[0;34m2023-04-07 15:35:23.568 DEBUG 12456 --- [nio-8881-exec-2] o.s.s.w.a.www.BasicAuthenticationFilter  : Set SecurityContextHolder to UsernamePasswordAuthenticationToken [Principal=recipes.security.SecurityUserDetails@d44a2d5, Credentials=[PROTECTED], Authenticated=true, Details=WebAuthenticationDetails [RemoteIpAddress=127.0.0.1, SessionId=null], Granted Authorities=[]]
?[0m?[0;34m2023-04-07 15:35:23.568 DEBUG 12456 --- [nio-8881-exec-2] w.c.HttpSessionSecurityContextRepository : Created HttpSession as SecurityContext is non-default
?[0m?[0;34m2023-04-07 15:35:23.569 DEBUG 12456 --- [nio-8881-exec-2] w.c.HttpSessionSecurityContextRepository : Stored SecurityContextImpl [Authentication=UsernamePasswordAuthenticationToken [Principal=recipes.security.SecurityUserDetails@d44a2d5, Credentials=[PROTECTED], Authenticated=true, Details=WebAuthenticationDetails [RemoteIpAddress=127.0.0.1, SessionId=null], Granted Authorities=[]]] to HttpSession [org.apache.catalina.session.StandardSessionFacade@5134a05f]
?[0m?[0;34m2023-04-07 15:35:23.569 DEBUG 12456 --- [nio-8881-exec-2] o.s.security.web.FilterChainProxy        : Secured POST /api/recipe/new
?[0m?[0;34m2023-04-07 15:35:23.569 DEBUG 12456 --- [nio-8881-exec-2] o.s.web.servlet.DispatcherServlet        : POST "/api/recipe/new", parameters={}
?[0m?[0;34m2023-04-07 15:35:23.569 DEBUG 12456 --- [nio-8881-exec-2] s.w.s.m.m.a.RequestMappingHandlerMapping : Mapped to recipes.controller.RecipeController#sava(SecurityUserDetails, RecipeDTO)
?[0m?[0;34m2023-04-07 15:35:23.569 DEBUG 12456 --- [nio-8881-exec-2] o.j.s.OpenEntityManagerInViewInterceptor : Opening JPA EntityManager in OpenEntityManagerInViewInterceptor
?[0m?[0;34m2023-04-07 15:35:23.571 DEBUG 12456 --- [nio-8881-exec-2] m.m.a.RequestResponseBodyMethodProcessor : Read "application/json;charset=UTF-8" to [RecipeDTO(name=9 recipe Tea test, category=-, date=null, description=----, ingredients=[-, -, ----], (truncated)...]
?[0m?[0;34m2023-04-07 15:35:23.572 DEBUG 12456 --- [nio-8881-exec-2] o.s.orm.jpa.JpaTransactionManager        : Found thread-bound EntityManager [SessionImpl(355359968<open>)] for JPA transaction
?[0m?[0;34m2023-04-07 15:35:23.572 DEBUG 12456 --- [nio-8881-exec-2] o.s.orm.jpa.JpaTransactionManager        : Creating new transaction with name [org.springframework.data.jpa.repository.support.SimpleJpaRepository.save]: PROPAGATION_REQUIRED,ISOLATION_DEFAULT
?[0m?[0;34m2023-04-07 15:35:23.572 DEBUG 12456 --- [nio-8881-exec-2] o.s.orm.jpa.JpaTransactionManager        : Exposing JPA transaction as JDBC [org.springframework.orm.jpa.vendor.HibernateJpaDialect$HibernateConnectionHandle@18ed4a7e]
?[0m?[0;34mHibernate: 
?[0m?[0;34m    insert 
?[0m?[0;34m    into
?[0m?[0;34m        recipe
?[0m?[0;34m        (id, category, date, description, name, user_id) 
?[0m?[0;34m    values
?[0m?[0;34m        (null, ?, ?, ?, ?, ?)
?[0m?[0;34m2023-04-07 15:35:23.573 DEBUG 12456 --- [nio-8881-exec-2] o.s.orm.jpa.JpaTransactionManager        : Initiating transaction commit
?[0m?[0;34m2023-04-07 15:35:23.573 DEBUG 12456 --- [nio-8881-exec-2] o.s.orm.jpa.JpaTransactionManager        : Committing JPA transaction on EntityManager [SessionImpl(355359968<open>)]
?[0m?[0;34mHibernate: 
?[0m?[0;34m    insert 
?[0m?[0;34m    into
?[0m?[0;34m        direction
?[0m?[0;34m        (id, directions) 
?[0m?[0;34m    values
?[0m?[0;34m        (?, ?)
?[0m?[0;34mHibernate: 
?[0m?[0;34m    insert 
?[0m?[0;34m    into
?[0m?[0;34m        direction
?[0m?[0;34m        (id, directions) 
?[0m?[0;34m    values
?[0m?[0;34m        (?, ?)
?[0m?[0;34mHibernate: 
?[0m?[0;34m    insert 
?[0m?[0;34m    into
?[0m?[0;34m        direction
?[0m?[0;34m        (id, directions) 
?[0m?[0;34m    values
?[0m?[0;34m        (?, ?)
?[0m?[0;34mHibernate: 
?[0m?[0;34m    insert 
?[0m?[0;34m    into
?[0m?[0;34m        ingredient
?[0m?[0;34m        (id, ingredients) 
?[0m?[0;34m    values
?[0m?[0;34m        (?, ?)
?[0m?[0;34mHibernate: 
?[0m?[0;34m    insert 
?[0m?[0;34m    into
?[0m?[0;34m        ingredient
?[0m?[0;34m        (id, ingredients) 
?[0m?[0;34m    values
?[0m?[0;34m        (?, ?)
?[0m?[0;34mHibernate: 
?[0m?[0;34m    insert 
?[0m?[0;34m    into
?[0m?[0;34m        ingredient
?[0m?[0;34m        (id, ingredients) 
?[0m?[0;34m    values
?[0m?[0;34m        (?, ?)
?[0m?[0;34m2023-04-07 15:35:23.574 DEBUG 12456 --- [nio-8881-exec-2] o.s.orm.jpa.JpaTransactionManager        : Not closing pre-bound JPA EntityManager after transaction
?[0m?[0;34m2023-04-07 15:35:23.575 DEBUG 12456 --- [nio-8881-exec-2] o.s.w.s.m.m.a.HttpEntityMethodProcessor  : Using 'application/json', given [*/*] and supported [application/json, application/*+json, application/json, application/*+json]
?[0m?[0;34m2023-04-07 15:35:23.575 DEBUG 12456 --- [nio-8881-exec-2] o.s.w.s.m.m.a.HttpEntityMethodProcessor  : Writing [{id=9}]
?[0m?[0;34m2023-04-07 15:35:23.575 DEBUG 12456 --- [nio-8881-exec-2] w.c.HttpSessionSecurityContextRepository : Stored SecurityContextImpl [Authentication=UsernamePasswordAuthenticationToken [Principal=recipes.security.SecurityUserDetails@d44a2d5, Credentials=[PROTECTED], Authenticated=true, Details=WebAuthenticationDetails [RemoteIpAddress=127.0.0.1, SessionId=null], Granted Authorities=[]]] to HttpSession [org.apache.catalina.session.StandardSessionFacade@5134a05f]
?[0m?[0;34m2023-04-07 15:35:23.575 DEBUG 12456 --- [nio-8881-exec-2] o.j.s.OpenEntityManagerInViewInterceptor : Closing JPA EntityManager in OpenEntityManagerInViewInterceptor
?[0m?[0;34m2023-04-07 15:35:23.576 DEBUG 12456 --- [nio-8881-exec-2] o.s.web.servlet.DispatcherServlet        : Completed 200 OK
?[0m?[0;34m2023-04-07 15:35:23.576 DEBUG 12456 --- [nio-8881-exec-2] w.c.HttpSessionSecurityContextRepository : Stored SecurityContextImpl [Authentication=UsernamePasswordAuthenticationToken [Principal=recipes.security.SecurityUserDetails@d44a2d5, Credentials=[PROTECTED], Authenticated=true, Details=WebAuthenticationDetails [RemoteIpAddress=127.0.0.1, SessionId=null], Granted Authorities=[]]] to HttpSession [org.apache.catalina.session.StandardSessionFacade@5134a05f]
?[0m?[0;34m2023-04-07 15:35:23.576 DEBUG 12456 --- [nio-8881-exec-2] s.s.w.c.SecurityContextPersistenceFilter : Cleared SecurityContextHolder to complete request
?[1;31m
Start test 29?[0m
?[0m?[0;34m2023-04-07 15:35:23.592 DEBUG 12456 --- [nio-8881-exec-1] o.s.security.web.FilterChainProxy        : Securing POST /api/recipe/new
?[0m?[0;34m2023-04-07 15:35:23.592 DEBUG 12456 --- [nio-8881-exec-1] s.s.w.c.SecurityContextPersistenceFilter : Set SecurityContextHolder to empty SecurityContext
?[0m?[0;34m2023-04-07 15:35:23.592 DEBUG 12456 --- [nio-8881-exec-1] tor$SharedEntityManagerInvocationHandler : Creating new EntityManager for shared EntityManager invocation
?[0m?[0;34mHibernate: 
?[0m?[0;34m    select
?[0m?[0;34m        user0_.id as id1_3_,
?[0m?[0;34m        user0_.email as email2_3_,
?[0m?[0;34m        user0_.password as password3_3_ 
?[0m?[0;34m    from
?[0m?[0;34m        users user0_ 
?[0m?[0;34m    where
?[0m?[0;34m        user0_.email=?
?[0m?[0;34mHibernate: 
?[0m?[0;34m    select
?[0m?[0;34m        recipes0_.user_id as user_id6_2_0_,
?[0m?[0;34m        recipes0_.id as id1_2_0_,
?[0m?[0;34m        recipes0_.id as id1_2_1_,
?[0m?[0;34m        recipes0_.category as category2_2_1_,
?[0m?[0;34m        recipes0_.date as date3_2_1_,
?[0m?[0;34m        recipes0_.description as descript4_2_1_,
?[0m?[0;34m        recipes0_.name as name5_2_1_,
?[0m?[0;34m        recipes0_.user_id as user_id6_2_1_ 
?[0m?[0;34m    from
?[0m?[0;34m        recipe recipes0_ 
?[0m?[0;34m    where
?[0m?[0;34m        recipes0_.user_id=?
?[0m?[0;34m2023-04-07 15:35:23.654 DEBUG 12456 --- [nio-8881-exec-1] o.s.s.a.dao.DaoAuthenticationProvider    : Authenticated user
?[0m?[0;34m2023-04-07 15:35:23.654 DEBUG 12456 --- [nio-8881-exec-1] o.s.s.w.a.www.BasicAuthenticationFilter  : Set SecurityContextHolder to UsernamePasswordAuthenticationToken [Principal=recipes.security.SecurityUserDetails@4a7ce8bd, Credentials=[PROTECTED], Authenticated=true, Details=WebAuthenticationDetails [RemoteIpAddress=127.0.0.1, SessionId=null], Granted Authorities=[]]
?[0m?[0;34m2023-04-07 15:35:23.654 DEBUG 12456 --- [nio-8881-exec-1] w.c.HttpSessionSecurityContextRepository : Created HttpSession as SecurityContext is non-default
?[0m?[0;34m2023-04-07 15:35:23.654 DEBUG 12456 --- [nio-8881-exec-1] w.c.HttpSessionSecurityContextRepository : Stored SecurityContextImpl [Authentication=UsernamePasswordAuthenticationToken [Principal=recipes.security.SecurityUserDetails@4a7ce8bd, Credentials=[PROTECTED], Authenticated=true, Details=WebAuthenticationDetails [RemoteIpAddress=127.0.0.1, SessionId=null], Granted Authorities=[]]] to HttpSession [org.apache.catalina.session.StandardSessionFacade@6bfa17e3]
?[0m?[0;34m2023-04-07 15:35:23.654 DEBUG 12456 --- [nio-8881-exec-1] o.s.security.web.FilterChainProxy        : Secured POST /api/recipe/new
?[0m?[0;34m2023-04-07 15:35:23.654 DEBUG 12456 --- [nio-8881-exec-1] o.s.web.servlet.DispatcherServlet        : POST "/api/recipe/new", parameters={}
?[0m?[0;34m2023-04-07 15:35:23.655 DEBUG 12456 --- [nio-8881-exec-1] s.w.s.m.m.a.RequestMappingHandlerMapping : Mapped to recipes.controller.RecipeController#sava(SecurityUserDetails, RecipeDTO)
?[0m?[0;34m2023-04-07 15:35:23.655 DEBUG 12456 --- [nio-8881-exec-1] o.j.s.OpenEntityManagerInViewInterceptor : Opening JPA EntityManager in OpenEntityManagerInViewInterceptor
?[0m?[0;34m2023-04-07 15:35:23.655 DEBUG 12456 --- [nio-8881-exec-1] m.m.a.RequestResponseBodyMethodProcessor : Read "application/json;charset=UTF-8" to [RecipeDTO(name=10 ice recipe test, category=-, date=null, description=--, ingredients=[----, --;, -- (truncated)...]
?[0m?[0;34m2023-04-07 15:35:23.657 DEBUG 12456 --- [nio-8881-exec-1] o.s.orm.jpa.JpaTransactionManager        : Found thread-bound EntityManager [SessionImpl(599437735<open>)] for JPA transaction
?[0m?[0;34m2023-04-07 15:35:23.657 DEBUG 12456 --- [nio-8881-exec-1] o.s.orm.jpa.JpaTransactionManager        : Creating new transaction with name [org.springframework.data.jpa.repository.support.SimpleJpaRepository.save]: PROPAGATION_REQUIRED,ISOLATION_DEFAULT
?[0m?[0;34m2023-04-07 15:35:23.657 DEBUG 12456 --- [nio-8881-exec-1] o.s.orm.jpa.JpaTransactionManager        : Exposing JPA transaction as JDBC [org.springframework.orm.jpa.vendor.HibernateJpaDialect$HibernateConnectionHandle@204cd075]
?[0m?[0;34mHibernate: 
?[0m?[0;34m    insert 
?[0m?[0;34m    into
?[0m?[0;34m        recipe
?[0m?[0;34m        (id, category, date, description, name, user_id) 
?[0m?[0;34m    values
?[0m?[0;34m        (null, ?, ?, ?, ?, ?)
?[0m?[0;34m2023-04-07 15:35:23.658 DEBUG 12456 --- [nio-8881-exec-1] o.s.orm.jpa.JpaTransactionManager        : Initiating transaction commit
?[0m?[0;34m2023-04-07 15:35:23.658 DEBUG 12456 --- [nio-8881-exec-1] o.s.orm.jpa.JpaTransactionManager        : Committing JPA transaction on EntityManager [SessionImpl(599437735<open>)]
?[0m?[0;34mHibernate: 
?[0m?[0;34m    insert 
?[0m?[0;34m    into
?[0m?[0;34m        direction
?[0m?[0;34m        (id, directions) 
?[0m?[0;34m    values
?[0m?[0;34m        (?, ?)
?[0m?[0;34mHibernate: 
?[0m?[0;34m    insert 
?[0m?[0;34m    into
?[0m?[0;34m        direction
?[0m?[0;34m        (id, directions) 
?[0m?[0;34m    values
?[0m?[0;34m        (?, ?)
?[0m?[0;34mHibernate: 
?[0m?[0;34m    insert 
?[0m?[0;34m    into
?[0m?[0;34m        ingredient
?[0m?[0;34m        (id, ingredients) 
?[0m?[0;34m    values
?[0m?[0;34m        (?, ?)
?[0m?[0;34mHibernate: 
?[0m?[0;34m    insert 
?[0m?[0;34m    into
?[0m?[0;34m        ingredient
?[0m?[0;34m        (id, ingredients) 
?[0m?[0;34m    values
?[0m?[0;34m        (?, ?)
?[0m?[0;34mHibernate: 
?[0m?[0;34m    insert 
?[0m?[0;34m    into
?[0m?[0;34m        ingredient
?[0m?[0;34m        (id, ingredients) 
?[0m?[0;34m    values
?[0m?[0;34m        (?, ?)
?[0m?[0;34m2023-04-07 15:35:23.660 DEBUG 12456 --- [nio-8881-exec-1] o.s.orm.jpa.JpaTransactionManager        : Not closing pre-bound JPA EntityManager after transaction
?[0m?[0;34m2023-04-07 15:35:23.661 DEBUG 12456 --- [nio-8881-exec-1] o.s.w.s.m.m.a.HttpEntityMethodProcessor  : Using 'application/json', given [*/*] and supported [application/json, application/*+json, application/json, application/*+json]
?[0m?[0;34m2023-04-07 15:35:23.661 DEBUG 12456 --- [nio-8881-exec-1] o.s.w.s.m.m.a.HttpEntityMethodProcessor  : Writing [{id=10}]
?[0m?[0;34m2023-04-07 15:35:23.661 DEBUG 12456 --- [nio-8881-exec-1] w.c.HttpSessionSecurityContextRepository : Stored SecurityContextImpl [Authentication=UsernamePasswordAuthenticationToken [Principal=recipes.security.SecurityUserDetails@4a7ce8bd, Credentials=[PROTECTED], Authenticated=true, Details=WebAuthenticationDetails [RemoteIpAddress=127.0.0.1, SessionId=null], Granted Authorities=[]]] to HttpSession [org.apache.catalina.session.StandardSessionFacade@6bfa17e3]
?[0m?[0;34m2023-04-07 15:35:23.661 DEBUG 12456 --- [nio-8881-exec-1] o.j.s.OpenEntityManagerInViewInterceptor : Closing JPA EntityManager in OpenEntityManagerInViewInterceptor
?[0m?[0;34m2023-04-07 15:35:23.662 DEBUG 12456 --- [nio-8881-exec-1] o.s.web.servlet.DispatcherServlet        : Completed 200 OK
?[0m?[0;34m2023-04-07 15:35:23.662 DEBUG 12456 --- [nio-8881-exec-1] w.c.HttpSessionSecurityContextRepository : Stored SecurityContextImpl [Authentication=UsernamePasswordAuthenticationToken [Principal=recipes.security.SecurityUserDetails@4a7ce8bd, Credentials=[PROTECTED], Authenticated=true, Details=WebAuthenticationDetails [RemoteIpAddress=127.0.0.1, SessionId=null], Granted Authorities=[]]] to HttpSession [org.apache.catalina.session.StandardSessionFacade@6bfa17e3]
?[0m?[0;34m2023-04-07 15:35:23.662 DEBUG 12456 --- [nio-8881-exec-1] s.s.w.c.SecurityContextPersistenceFilter : Cleared SecurityContextHolder to complete request
?[1;31m
Start test 30?[0m
?[0m?[0;34m2023-04-07 15:35:23.678 DEBUG 12456 --- [nio-8881-exec-3] o.s.security.web.FilterChainProxy        : Securing POST /api/recipe/new
?[0m?[0;34m2023-04-07 15:35:23.678 DEBUG 12456 --- [nio-8881-exec-3] s.s.w.c.SecurityContextPersistenceFilter : Set SecurityContextHolder to empty SecurityContext
?[0m?[0;34m2023-04-07 15:35:23.678 DEBUG 12456 --- [nio-8881-exec-3] tor$SharedEntityManagerInvocationHandler : Creating new EntityManager for shared EntityManager invocation
?[0m?[0;34mHibernate: 
?[0m?[0;34m    select
?[0m?[0;34m        user0_.id as id1_3_,
?[0m?[0;34m        user0_.email as email2_3_,
?[0m?[0;34m        user0_.password as password3_3_ 
?[0m?[0;34m    from
?[0m?[0;34m        users user0_ 
?[0m?[0;34m    where
?[0m?[0;34m        user0_.email=?
?[0m?[0;34mHibernate: 
?[0m?[0;34m    select
?[0m?[0;34m        recipes0_.user_id as user_id6_2_0_,
?[0m?[0;34m        recipes0_.id as id1_2_0_,
?[0m?[0;34m        recipes0_.id as id1_2_1_,
?[0m?[0;34m        recipes0_.category as category2_2_1_,
?[0m?[0;34m        recipes0_.date as date3_2_1_,
?[0m?[0;34m        recipes0_.description as descript4_2_1_,
?[0m?[0;34m        recipes0_.name as name5_2_1_,
?[0m?[0;34m        recipes0_.user_id as user_id6_2_1_ 
?[0m?[0;34m    from
?[0m?[0;34m        recipe recipes0_ 
?[0m?[0;34m    where
?[0m?[0;34m        recipes0_.user_id=?
?[0m?[0;34m2023-04-07 15:35:23.742 DEBUG 12456 --- [nio-8881-exec-3] o.s.s.a.dao.DaoAuthenticationProvider    : Authenticated user
?[0m?[0;34m2023-04-07 15:35:23.742 DEBUG 12456 --- [nio-8881-exec-3] o.s.s.w.a.www.BasicAuthenticationFilter  : Set SecurityContextHolder to UsernamePasswordAuthenticationToken [Principal=recipes.security.SecurityUserDetails@32ff154, Credentials=[PROTECTED], Authenticated=true, Details=WebAuthenticationDetails [RemoteIpAddress=127.0.0.1, SessionId=null], Granted Authorities=[]]
?[0m?[0;34m2023-04-07 15:35:23.742 DEBUG 12456 --- [nio-8881-exec-3] w.c.HttpSessionSecurityContextRepository : Created HttpSession as SecurityContext is non-default
?[0m?[0;34m2023-04-07 15:35:23.742 DEBUG 12456 --- [nio-8881-exec-3] w.c.HttpSessionSecurityContextRepository : Stored SecurityContextImpl [Authentication=UsernamePasswordAuthenticationToken [Principal=recipes.security.SecurityUserDetails@32ff154, Credentials=[PROTECTED], Authenticated=true, Details=WebAuthenticationDetails [RemoteIpAddress=127.0.0.1, SessionId=null], Granted Authorities=[]]] to HttpSession [org.apache.catalina.session.StandardSessionFacade@37cab0d1]
?[0m?[0;34m2023-04-07 15:35:23.742 DEBUG 12456 --- [nio-8881-exec-3] o.s.security.web.FilterChainProxy        : Secured POST /api/recipe/new
?[0m?[0;34m2023-04-07 15:35:23.743 DEBUG 12456 --- [nio-8881-exec-3] o.s.web.servlet.DispatcherServlet        : POST "/api/recipe/new", parameters={}
?[0m?[0;34m2023-04-07 15:35:23.743 DEBUG 12456 --- [nio-8881-exec-3] s.w.s.m.m.a.RequestMappingHandlerMapping : Mapped to recipes.controller.RecipeController#sava(SecurityUserDetails, RecipeDTO)
?[0m?[0;34m2023-04-07 15:35:23.743 DEBUG 12456 --- [nio-8881-exec-3] o.j.s.OpenEntityManagerInViewInterceptor : Opening JPA EntityManager in OpenEntityManagerInViewInterceptor
?[0m?[0;34m2023-04-07 15:35:23.744 DEBUG 12456 --- [nio-8881-exec-3] m.m.a.RequestResponseBodyMethodProcessor : Read "application/json;charset=UTF-8" to [RecipeDTO(name=11 ice-creamrecipe test, category=veryDessert, date=null, description=-, ingredients= (truncated)...]
?[0m?[0;34m2023-04-07 15:35:23.745 DEBUG 12456 --- [nio-8881-exec-3] o.s.orm.jpa.JpaTransactionManager        : Found thread-bound EntityManager [SessionImpl(1581105231<open>)] for JPA transaction
?[0m?[0;34m2023-04-07 15:35:23.745 DEBUG 12456 --- [nio-8881-exec-3] o.s.orm.jpa.JpaTransactionManager        : Creating new transaction with name [org.springframework.data.jpa.repository.support.SimpleJpaRepository.save]: PROPAGATION_REQUIRED,ISOLATION_DEFAULT
?[0m?[0;34m2023-04-07 15:35:23.745 DEBUG 12456 --- [nio-8881-exec-3] o.s.orm.jpa.JpaTransactionManager        : Exposing JPA transaction as JDBC [org.springframework.orm.jpa.vendor.HibernateJpaDialect$HibernateConnectionHandle@24f6f5dc]
?[0m?[0;34mHibernate: 
?[0m?[0;34m    insert 
?[0m?[0;34m    into
?[0m?[0;34m        recipe
?[0m?[0;34m        (id, category, date, description, name, user_id) 
?[0m?[0;34m    values
?[0m?[0;34m        (null, ?, ?, ?, ?, ?)
?[0m?[0;34m2023-04-07 15:35:23.746 DEBUG 12456 --- [nio-8881-exec-3] o.s.orm.jpa.JpaTransactionManager        : Initiating transaction commit
?[0m?[0;34m2023-04-07 15:35:23.746 DEBUG 12456 --- [nio-8881-exec-3] o.s.orm.jpa.JpaTransactionManager        : Committing JPA transaction on EntityManager [SessionImpl(1581105231<open>)]
?[0m?[0;34mHibernate: 
?[0m?[0;34m    insert 
?[0m?[0;34m    into
?[0m?[0;34m        direction
?[0m?[0;34m        (id, directions) 
?[0m?[0;34m    values
?[0m?[0;34m        (?, ?)
?[0m?[0;34mHibernate: 
?[0m?[0;34m    insert 
?[0m?[0;34m    into
?[0m?[0;34m        direction
?[0m?[0;34m        (id, directions) 
?[0m?[0;34m    values
?[0m?[0;34m        (?, ?)
?[0m?[0;34mHibernate: 
?[0m?[0;34m    insert 
?[0m?[0;34m    into
?[0m?[0;34m        direction
?[0m?[0;34m        (id, directions) 
?[0m?[0;34m    values
?[0m?[0;34m        (?, ?)
?[0m?[0;34mHibernate: 
?[0m?[0;34m    insert 
?[0m?[0;34m    into
?[0m?[0;34m        ingredient
?[0m?[0;34m        (id, ingredients) 
?[0m?[0;34m    values
?[0m?[0;34m        (?, ?)
?[0m?[0;34mHibernate: 
?[0m?[0;34m    insert 
?[0m?[0;34m    into
?[0m?[0;34m        ingredient
?[0m?[0;34m        (id, ingredients) 
?[0m?[0;34m    values
?[0m?[0;34m        (?, ?)
?[0m?[0;34m2023-04-07 15:35:23.747 DEBUG 12456 --- [nio-8881-exec-3] o.s.orm.jpa.JpaTransactionManager        : Not closing pre-bound JPA EntityManager after transaction
?[0m?[0;34m2023-04-07 15:35:23.747 DEBUG 12456 --- [nio-8881-exec-3] o.s.w.s.m.m.a.HttpEntityMethodProcessor  : Using 'application/json', given [*/*] and supported [application/json, application/*+json, application/json, application/*+json]
?[0m?[0;34m2023-04-07 15:35:23.747 DEBUG 12456 --- [nio-8881-exec-3] o.s.w.s.m.m.a.HttpEntityMethodProcessor  : Writing [{id=11}]
?[0m?[0;34m2023-04-07 15:35:23.747 DEBUG 12456 --- [nio-8881-exec-3] w.c.HttpSessionSecurityContextRepository : Stored SecurityContextImpl [Authentication=UsernamePasswordAuthenticationToken [Principal=recipes.security.SecurityUserDetails@32ff154, Credentials=[PROTECTED], Authenticated=true, Details=WebAuthenticationDetails [RemoteIpAddress=127.0.0.1, SessionId=null], Granted Authorities=[]]] to HttpSession [org.apache.catalina.session.StandardSessionFacade@37cab0d1]
?[0m?[0;34m2023-04-07 15:35:23.748 DEBUG 12456 --- [nio-8881-exec-3] o.j.s.OpenEntityManagerInViewInterceptor : Closing JPA EntityManager in OpenEntityManagerInViewInterceptor
?[0m?[0;34m2023-04-07 15:35:23.748 DEBUG 12456 --- [nio-8881-exec-3] o.s.web.servlet.DispatcherServlet        : Completed 200 OK
?[0m?[0;34m2023-04-07 15:35:23.748 DEBUG 12456 --- [nio-8881-exec-3] w.c.HttpSessionSecurityContextRepository : Stored SecurityContextImpl [Authentication=UsernamePasswordAuthenticationToken [Principal=recipes.security.SecurityUserDetails@32ff154, Credentials=[PROTECTED], Authenticated=true, Details=WebAuthenticationDetails [RemoteIpAddress=127.0.0.1, SessionId=null], Granted Authorities=[]]] to HttpSession [org.apache.catalina.session.StandardSessionFacade@37cab0d1]
?[0m?[0;34m2023-04-07 15:35:23.748 DEBUG 12456 --- [nio-8881-exec-3] s.s.w.c.SecurityContextPersistenceFilter : Cleared SecurityContextHolder to complete request
?[1;31m
Start test 31?[0m
?[0m?[0;34m2023-04-07 15:35:23.764 DEBUG 12456 --- [nio-8881-exec-7] o.s.security.web.FilterChainProxy        : Securing POST /api/recipe/new
?[0m?[0;34m2023-04-07 15:35:23.764 DEBUG 12456 --- [nio-8881-exec-7] s.s.w.c.SecurityContextPersistenceFilter : Set SecurityContextHolder to empty SecurityContext
?[0m?[0;34m2023-04-07 15:35:23.765 DEBUG 12456 --- [nio-8881-exec-7] tor$SharedEntityManagerInvocationHandler : Creating new EntityManager for shared EntityManager invocation
?[0m?[0;34mHibernate: 
?[0m?[0;34m    select
?[0m?[0;34m        user0_.id as id1_3_,
?[0m?[0;34m        user0_.email as email2_3_,
?[0m?[0;34m        user0_.password as password3_3_ 
?[0m?[0;34m    from
?[0m?[0;34m        users user0_ 
?[0m?[0;34m    where
?[0m?[0;34m        user0_.email=?
?[0m?[0;34mHibernate: 
?[0m?[0;34m    select
?[0m?[0;34m        recipes0_.user_id as user_id6_2_0_,
?[0m?[0;34m        recipes0_.id as id1_2_0_,
?[0m?[0;34m        recipes0_.id as id1_2_1_,
?[0m?[0;34m        recipes0_.category as category2_2_1_,
?[0m?[0;34m        recipes0_.date as date3_2_1_,
?[0m?[0;34m        recipes0_.description as descript4_2_1_,
?[0m?[0;34m        recipes0_.name as name5_2_1_,
?[0m?[0;34m        recipes0_.user_id as user_id6_2_1_ 
?[0m?[0;34m    from
?[0m?[0;34m        recipe recipes0_ 
?[0m?[0;34m    where
?[0m?[0;34m        recipes0_.user_id=?
?[0m?[0;34m2023-04-07 15:35:23.827 DEBUG 12456 --- [nio-8881-exec-7] o.s.s.a.dao.DaoAuthenticationProvider    : Authenticated user
?[0m?[0;34m2023-04-07 15:35:23.827 DEBUG 12456 --- [nio-8881-exec-7] o.s.s.w.a.www.BasicAuthenticationFilter  : Set SecurityContextHolder to UsernamePasswordAuthenticationToken [Principal=recipes.security.SecurityUserDetails@cddb97e, Credentials=[PROTECTED], Authenticated=true, Details=WebAuthenticationDetails [RemoteIpAddress=127.0.0.1, SessionId=null], Granted Authorities=[]]
?[0m?[0;34m2023-04-07 15:35:23.827 DEBUG 12456 --- [nio-8881-exec-7] w.c.HttpSessionSecurityContextRepository : Created HttpSession as SecurityContext is non-default
?[0m?[0;34m2023-04-07 15:35:23.827 DEBUG 12456 --- [nio-8881-exec-7] w.c.HttpSessionSecurityContextRepository : Stored SecurityContextImpl [Authentication=UsernamePasswordAuthenticationToken [Principal=recipes.security.SecurityUserDetails@cddb97e, Credentials=[PROTECTED], Authenticated=true, Details=WebAuthenticationDetails [RemoteIpAddress=127.0.0.1, SessionId=null], Granted Authorities=[]]] to HttpSession [org.apache.catalina.session.StandardSessionFacade@35360804]
?[0m?[0;34m2023-04-07 15:35:23.827 DEBUG 12456 --- [nio-8881-exec-7] o.s.security.web.FilterChainProxy        : Secured POST /api/recipe/new
?[0m?[0;34m2023-04-07 15:35:23.827 DEBUG 12456 --- [nio-8881-exec-7] o.s.web.servlet.DispatcherServlet        : POST "/api/recipe/new", parameters={}
?[0m?[0;34m2023-04-07 15:35:23.828 DEBUG 12456 --- [nio-8881-exec-7] s.w.s.m.m.a.RequestMappingHandlerMapping : Mapped to recipes.controller.RecipeController#sava(SecurityUserDetails, RecipeDTO)
?[0m?[0;34m2023-04-07 15:35:23.828 DEBUG 12456 --- [nio-8881-exec-7] o.j.s.OpenEntityManagerInViewInterceptor : Opening JPA EntityManager in OpenEntityManagerInViewInterceptor
?[0m?[0;34m2023-04-07 15:35:23.828 DEBUG 12456 --- [nio-8881-exec-7] m.m.a.RequestResponseBodyMethodProcessor : Read "application/json;charset=UTF-8" to [RecipeDTO(name=cream, category=BEVerage, date=null, description=--, ingredients=[---, -, -], directi (truncated)...]
?[0m?[0;34m2023-04-07 15:35:23.830 DEBUG 12456 --- [nio-8881-exec-7] o.s.orm.jpa.JpaTransactionManager        : Found thread-bound EntityManager [SessionImpl(403281699<open>)] for JPA transaction
?[0m?[0;34m2023-04-07 15:35:23.830 DEBUG 12456 --- [nio-8881-exec-7] o.s.orm.jpa.JpaTransactionManager        : Creating new transaction with name [org.springframework.data.jpa.repository.support.SimpleJpaRepository.save]: PROPAGATION_REQUIRED,ISOLATION_DEFAULT
?[0m?[0;34m2023-04-07 15:35:23.830 DEBUG 12456 --- [nio-8881-exec-7] o.s.orm.jpa.JpaTransactionManager        : Exposing JPA transaction as JDBC [org.springframework.orm.jpa.vendor.HibernateJpaDialect$HibernateConnectionHandle@3f5167ff]
?[0m?[0;34mHibernate: 
?[0m?[0;34m    insert 
?[0m?[0;34m    into
?[0m?[0;34m        recipe
?[0m?[0;34m        (id, category, date, description, name, user_id) 
?[0m?[0;34m    values
?[0m?[0;34m        (null, ?, ?, ?, ?, ?)
?[0m?[0;34m2023-04-07 15:35:23.831 DEBUG 12456 --- [nio-8881-exec-7] o.s.orm.jpa.JpaTransactionManager        : Initiating transaction commit
?[0m?[0;34m2023-04-07 15:35:23.831 DEBUG 12456 --- [nio-8881-exec-7] o.s.orm.jpa.JpaTransactionManager        : Committing JPA transaction on EntityManager [SessionImpl(403281699<open>)]
?[0m?[0;34mHibernate: 
?[0m?[0;34m    insert 
?[0m?[0;34m    into
?[0m?[0;34m        direction
?[0m?[0;34m        (id, directions) 
?[0m?[0;34m    values
?[0m?[0;34m        (?, ?)
?[0m?[0;34mHibernate: 
?[0m?[0;34m    insert 
?[0m?[0;34m    into
?[0m?[0;34m        direction
?[0m?[0;34m        (id, directions) 
?[0m?[0;34m    values
?[0m?[0;34m        (?, ?)
?[0m?[0;34mHibernate: 
?[0m?[0;34m    insert 
?[0m?[0;34m    into
?[0m?[0;34m        ingredient
?[0m?[0;34m        (id, ingredients) 
?[0m?[0;34m    values
?[0m?[0;34m        (?, ?)
?[0m?[0;34mHibernate: 
?[0m?[0;34m    insert 
?[0m?[0;34m    into
?[0m?[0;34m        ingredient
?[0m?[0;34m        (id, ingredients) 
?[0m?[0;34m    values
?[0m?[0;34m        (?, ?)
?[0m?[0;34mHibernate: 
?[0m?[0;34m    insert 
?[0m?[0;34m    into
?[0m?[0;34m        ingredient
?[0m?[0;34m        (id, ingredients) 
?[0m?[0;34m    values
?[0m?[0;34m        (?, ?)
?[0m?[0;34m2023-04-07 15:35:23.832 DEBUG 12456 --- [nio-8881-exec-7] o.s.orm.jpa.JpaTransactionManager        : Not closing pre-bound JPA EntityManager after transaction
?[0m?[0;34m2023-04-07 15:35:23.833 DEBUG 12456 --- [nio-8881-exec-7] o.s.w.s.m.m.a.HttpEntityMethodProcessor  : Using 'application/json', given [*/*] and supported [application/json, application/*+json, application/json, application/*+json]
?[0m?[0;34m2023-04-07 15:35:23.833 DEBUG 12456 --- [nio-8881-exec-7] o.s.w.s.m.m.a.HttpEntityMethodProcessor  : Writing [{id=12}]
?[0m?[0;34m2023-04-07 15:35:23.833 DEBUG 12456 --- [nio-8881-exec-7] w.c.HttpSessionSecurityContextRepository : Stored SecurityContextImpl [Authentication=UsernamePasswordAuthenticationToken [Principal=recipes.security.SecurityUserDetails@cddb97e, Credentials=[PROTECTED], Authenticated=true, Details=WebAuthenticationDetails [RemoteIpAddress=127.0.0.1, SessionId=null], Granted Authorities=[]]] to HttpSession [org.apache.catalina.session.StandardSessionFacade@35360804]
?[0m?[0;34m2023-04-07 15:35:23.834 DEBUG 12456 --- [nio-8881-exec-7] o.j.s.OpenEntityManagerInViewInterceptor : Closing JPA EntityManager in OpenEntityManagerInViewInterceptor
?[0m?[0;34m2023-04-07 15:35:23.834 DEBUG 12456 --- [nio-8881-exec-7] o.s.web.servlet.DispatcherServlet        : Completed 200 OK
?[0m?[0;34m2023-04-07 15:35:23.834 DEBUG 12456 --- [nio-8881-exec-7] w.c.HttpSessionSecurityContextRepository : Stored SecurityContextImpl [Authentication=UsernamePasswordAuthenticationToken [Principal=recipes.security.SecurityUserDetails@cddb97e, Credentials=[PROTECTED], Authenticated=true, Details=WebAuthenticationDetails [RemoteIpAddress=127.0.0.1, SessionId=null], Granted Authorities=[]]] to HttpSession [org.apache.catalina.session.StandardSessionFacade@35360804]
?[0m?[0;34m2023-04-07 15:35:23.834 DEBUG 12456 --- [nio-8881-exec-7] s.s.w.c.SecurityContextPersistenceFilter : Cleared SecurityContextHolder to complete request
?[1;31m
Start test 32?[0m
?[0m?[0;34m2023-04-07 15:35:23.849 DEBUG 12456 --- [nio-8881-exec-8] o.s.security.web.FilterChainProxy        : Securing POST /api/recipe/new
?[0m?[0;34m2023-04-07 15:35:23.849 DEBUG 12456 --- [nio-8881-exec-8] s.s.w.c.SecurityContextPersistenceFilter : Set SecurityContextHolder to empty SecurityContext
?[0m?[0;34m2023-04-07 15:35:23.849 DEBUG 12456 --- [nio-8881-exec-8] tor$SharedEntityManagerInvocationHandler : Creating new EntityManager for shared EntityManager invocation
?[0m?[0;34mHibernate: 
?[0m?[0;34m    select
?[0m?[0;34m        user0_.id as id1_3_,
?[0m?[0;34m        user0_.email as email2_3_,
?[0m?[0;34m        user0_.password as password3_3_ 
?[0m?[0;34m    from
?[0m?[0;34m        users user0_ 
?[0m?[0;34m    where
?[0m?[0;34m        user0_.email=?
?[0m?[0;34mHibernate: 
?[0m?[0;34m    select
?[0m?[0;34m        recipes0_.user_id as user_id6_2_0_,
?[0m?[0;34m        recipes0_.id as id1_2_0_,
?[0m?[0;34m        recipes0_.id as id1_2_1_,
?[0m?[0;34m        recipes0_.category as category2_2_1_,
?[0m?[0;34m        recipes0_.date as date3_2_1_,
?[0m?[0;34m        recipes0_.description as descript4_2_1_,
?[0m?[0;34m        recipes0_.name as name5_2_1_,
?[0m?[0;34m        recipes0_.user_id as user_id6_2_1_ 
?[0m?[0;34m    from
?[0m?[0;34m        recipe recipes0_ 
?[0m?[0;34m    where
?[0m?[0;34m        recipes0_.user_id=?
?[0m?[0;34m2023-04-07 15:35:23.912 DEBUG 12456 --- [nio-8881-exec-8] o.s.s.a.dao.DaoAuthenticationProvider    : Authenticated user
?[0m?[0;34m2023-04-07 15:35:23.912 DEBUG 12456 --- [nio-8881-exec-8] o.s.s.w.a.www.BasicAuthenticationFilter  : Set SecurityContextHolder to UsernamePasswordAuthenticationToken [Principal=recipes.security.SecurityUserDetails@2ca680b7, Credentials=[PROTECTED], Authenticated=true, Details=WebAuthenticationDetails [RemoteIpAddress=127.0.0.1, SessionId=null], Granted Authorities=[]]
?[0m?[0;34m2023-04-07 15:35:23.912 DEBUG 12456 --- [nio-8881-exec-8] w.c.HttpSessionSecurityContextRepository : Created HttpSession as SecurityContext is non-default
?[0m?[0;34m2023-04-07 15:35:23.912 DEBUG 12456 --- [nio-8881-exec-8] w.c.HttpSessionSecurityContextRepository : Stored SecurityContextImpl [Authentication=UsernamePasswordAuthenticationToken [Principal=recipes.security.SecurityUserDetails@2ca680b7, Credentials=[PROTECTED], Authenticated=true, Details=WebAuthenticationDetails [RemoteIpAddress=127.0.0.1, SessionId=null], Granted Authorities=[]]] to HttpSession [org.apache.catalina.session.StandardSessionFacade@2fbfbd24]
?[0m?[0;34m2023-04-07 15:35:23.912 DEBUG 12456 --- [nio-8881-exec-8] o.s.security.web.FilterChainProxy        : Secured POST /api/recipe/new
?[0m?[0;34m2023-04-07 15:35:23.912 DEBUG 12456 --- [nio-8881-exec-8] o.s.web.servlet.DispatcherServlet        : POST "/api/recipe/new", parameters={}
?[0m?[0;34m2023-04-07 15:35:23.912 DEBUG 12456 --- [nio-8881-exec-8] s.w.s.m.m.a.RequestMappingHandlerMapping : Mapped to recipes.controller.RecipeController#sava(SecurityUserDetails, RecipeDTO)
?[0m?[0;34m2023-04-07 15:35:23.913 DEBUG 12456 --- [nio-8881-exec-8] o.j.s.OpenEntityManagerInViewInterceptor : Opening JPA EntityManager in OpenEntityManagerInViewInterceptor
?[0m?[0;34m2023-04-07 15:35:23.913 DEBUG 12456 --- [nio-8881-exec-8] m.m.a.RequestResponseBodyMethodProcessor : Read "application/json;charset=UTF-8" to [RecipeDTO(name=ice-cre, category=---Dessert, date=null, description=-, ingredients=[---, -], directi (truncated)...]
?[0m?[0;34m2023-04-07 15:35:23.914 DEBUG 12456 --- [nio-8881-exec-8] o.s.orm.jpa.JpaTransactionManager        : Found thread-bound EntityManager [SessionImpl(1594211384<open>)] for JPA transaction
?[0m?[0;34m2023-04-07 15:35:23.914 DEBUG 12456 --- [nio-8881-exec-8] o.s.orm.jpa.JpaTransactionManager        : Creating new transaction with name [org.springframework.data.jpa.repository.support.SimpleJpaRepository.save]: PROPAGATION_REQUIRED,ISOLATION_DEFAULT
?[0m?[0;34m2023-04-07 15:35:23.914 DEBUG 12456 --- [nio-8881-exec-8] o.s.orm.jpa.JpaTransactionManager        : Exposing JPA transaction as JDBC [org.springframework.orm.jpa.vendor.HibernateJpaDialect$HibernateConnectionHandle@22d70267]
?[0m?[0;34mHibernate: 
?[0m?[0;34m    insert 
?[0m?[0;34m    into
?[0m?[0;34m        recipe
?[0m?[0;34m        (id, category, date, description, name, user_id) 
?[0m?[0;34m    values
?[0m?[0;34m        (null, ?, ?, ?, ?, ?)
?[0m?[0;34m2023-04-07 15:35:23.916 DEBUG 12456 --- [nio-8881-exec-8] o.s.orm.jpa.JpaTransactionManager        : Initiating transaction commit
?[0m?[0;34m2023-04-07 15:35:23.916 DEBUG 12456 --- [nio-8881-exec-8] o.s.orm.jpa.JpaTransactionManager        : Committing JPA transaction on EntityManager [SessionImpl(1594211384<open>)]
?[0m?[0;34mHibernate: 
?[0m?[0;34m    insert 
?[0m?[0;34m    into
?[0m?[0;34m        direction
?[0m?[0;34m        (id, directions) 
?[0m?[0;34m    values
?[0m?[0;34m        (?, ?)
?[0m?[0;34mHibernate: 
?[0m?[0;34m    insert 
?[0m?[0;34m    into
?[0m?[0;34m        direction
?[0m?[0;34m        (id, directions) 
?[0m?[0;34m    values
?[0m?[0;34m        (?, ?)
?[0m?[0;34mHibernate: 
?[0m?[0;34m    insert 
?[0m?[0;34m    into
?[0m?[0;34m        direction
?[0m?[0;34m        (id, directions) 
?[0m?[0;34m    values
?[0m?[0;34m        (?, ?)
?[0m?[0;34mHibernate: 
?[0m?[0;34m    insert 
?[0m?[0;34m    into
?[0m?[0;34m        ingredient
?[0m?[0;34m        (id, ingredients) 
?[0m?[0;34m    values
?[0m?[0;34m        (?, ?)
?[0m?[0;34mHibernate: 
?[0m?[0;34m    insert 
?[0m?[0;34m    into
?[0m?[0;34m        ingredient
?[0m?[0;34m        (id, ingredients) 
?[0m?[0;34m    values
?[0m?[0;34m        (?, ?)
?[0m?[0;34m2023-04-07 15:35:23.917 DEBUG 12456 --- [nio-8881-exec-8] o.s.orm.jpa.JpaTransactionManager        : Not closing pre-bound JPA EntityManager after transaction
?[0m?[0;34m2023-04-07 15:35:23.917 DEBUG 12456 --- [nio-8881-exec-8] o.s.w.s.m.m.a.HttpEntityMethodProcessor  : Using 'application/json', given [*/*] and supported [application/json, application/*+json, application/json, application/*+json]
?[0m?[0;34m2023-04-07 15:35:23.917 DEBUG 12456 --- [nio-8881-exec-8] o.s.w.s.m.m.a.HttpEntityMethodProcessor  : Writing [{id=13}]
?[0m?[0;34m2023-04-07 15:35:23.918 DEBUG 12456 --- [nio-8881-exec-8] w.c.HttpSessionSecurityContextRepository : Stored SecurityContextImpl [Authentication=UsernamePasswordAuthenticationToken [Principal=recipes.security.SecurityUserDetails@2ca680b7, Credentials=[PROTECTED], Authenticated=true, Details=WebAuthenticationDetails [RemoteIpAddress=127.0.0.1, SessionId=null], Granted Authorities=[]]] to HttpSession [org.apache.catalina.session.StandardSessionFacade@2fbfbd24]
?[0m?[0;34m2023-04-07 15:35:23.918 DEBUG 12456 --- [nio-8881-exec-8] o.j.s.OpenEntityManagerInViewInterceptor : Closing JPA EntityManager in OpenEntityManagerInViewInterceptor
?[0m?[0;34m2023-04-07 15:35:23.918 DEBUG 12456 --- [nio-8881-exec-8] o.s.web.servlet.DispatcherServlet        : Completed 200 OK
?[0m?[0;34m2023-04-07 15:35:23.918 DEBUG 12456 --- [nio-8881-exec-8] w.c.HttpSessionSecurityContextRepository : Stored SecurityContextImpl [Authentication=UsernamePasswordAuthenticationToken [Principal=recipes.security.SecurityUserDetails@2ca680b7, Credentials=[PROTECTED], Authenticated=true, Details=WebAuthenticationDetails [RemoteIpAddress=127.0.0.1, SessionId=null], Granted Authorities=[]]] to HttpSession [org.apache.catalina.session.StandardSessionFacade@2fbfbd24]
?[0m?[0;34m2023-04-07 15:35:23.918 DEBUG 12456 --- [nio-8881-exec-8] s.s.w.c.SecurityContextPersistenceFilter : Cleared SecurityContextHolder to complete request
?[1;31m
Start test 33?[0m
?[0m?[0;34m2023-04-07 15:35:23.934 DEBUG 12456 --- [nio-8881-exec-9] o.s.security.web.FilterChainProxy        : Securing POST /api/recipe/new
?[0m?[0;34m2023-04-07 15:35:23.934 DEBUG 12456 --- [nio-8881-exec-9] s.s.w.c.SecurityContextPersistenceFilter : Set SecurityContextHolder to empty SecurityContext
?[0m?[0;34m2023-04-07 15:35:23.935 DEBUG 12456 --- [nio-8881-exec-9] tor$SharedEntityManagerInvocationHandler : Creating new EntityManager for shared EntityManager invocation
?[0m?[0;34mHibernate: 
?[0m?[0;34m    select
?[0m?[0;34m        user0_.id as id1_3_,
?[0m?[0;34m        user0_.email as email2_3_,
?[0m?[0;34m        user0_.password as password3_3_ 
?[0m?[0;34m    from
?[0m?[0;34m        users user0_ 
?[0m?[0;34m    where
?[0m?[0;34m        user0_.email=?
?[0m?[0;34mHibernate: 
?[0m?[0;34m    select
?[0m?[0;34m        recipes0_.user_id as user_id6_2_0_,
?[0m?[0;34m        recipes0_.id as id1_2_0_,
?[0m?[0;34m        recipes0_.id as id1_2_1_,
?[0m?[0;34m        recipes0_.category as category2_2_1_,
?[0m?[0;34m        recipes0_.date as date3_2_1_,
?[0m?[0;34m        recipes0_.description as descript4_2_1_,
?[0m?[0;34m        recipes0_.name as name5_2_1_,
?[0m?[0;34m        recipes0_.user_id as user_id6_2_1_ 
?[0m?[0;34m    from
?[0m?[0;34m        recipe recipes0_ 
?[0m?[0;34m    where
?[0m?[0;34m        recipes0_.user_id=?
?[0m?[0;34m2023-04-07 15:35:23.998 DEBUG 12456 --- [nio-8881-exec-9] o.s.s.a.dao.DaoAuthenticationProvider    : Authenticated user
?[0m?[0;34m2023-04-07 15:35:23.998 DEBUG 12456 --- [nio-8881-exec-9] o.s.s.w.a.www.BasicAuthenticationFilter  : Set SecurityContextHolder to UsernamePasswordAuthenticationToken [Principal=recipes.security.SecurityUserDetails@2e584f2f, Credentials=[PROTECTED], Authenticated=true, Details=WebAuthenticationDetails [RemoteIpAddress=127.0.0.1, SessionId=null], Granted Authorities=[]]
?[0m?[0;34m2023-04-07 15:35:23.998 DEBUG 12456 --- [nio-8881-exec-9] w.c.HttpSessionSecurityContextRepository : Created HttpSession as SecurityContext is non-default
?[0m?[0;34m2023-04-07 15:35:23.999 DEBUG 12456 --- [nio-8881-exec-9] w.c.HttpSessionSecurityContextRepository : Stored SecurityContextImpl [Authentication=UsernamePasswordAuthenticationToken [Principal=recipes.security.SecurityUserDetails@2e584f2f, Credentials=[PROTECTED], Authenticated=true, Details=WebAuthenticationDetails [RemoteIpAddress=127.0.0.1, SessionId=null], Granted Authorities=[]]] to HttpSession [org.apache.catalina.session.StandardSessionFacade@387f044f]
?[0m?[0;34m2023-04-07 15:35:23.999 DEBUG 12456 --- [nio-8881-exec-9] o.s.security.web.FilterChainProxy        : Secured POST /api/recipe/new
?[0m?[0;34m2023-04-07 15:35:23.999 DEBUG 12456 --- [nio-8881-exec-9] o.s.web.servlet.DispatcherServlet        : POST "/api/recipe/new", parameters={}
?[0m?[0;34m2023-04-07 15:35:23.999 DEBUG 12456 --- [nio-8881-exec-9] s.w.s.m.m.a.RequestMappingHandlerMapping : Mapped to recipes.controller.RecipeController#sava(SecurityUserDetails, RecipeDTO)
?[0m?[0;34m2023-04-07 15:35:23.999 DEBUG 12456 --- [nio-8881-exec-9] o.j.s.OpenEntityManagerInViewInterceptor : Opening JPA EntityManager in OpenEntityManagerInViewInterceptor
?[0m?[0;34m2023-04-07 15:35:24.000 DEBUG 12456 --- [nio-8881-exec-9] m.m.a.RequestResponseBodyMethodProcessor : Read "application/json;charset=UTF-8" to [RecipeDTO(name=ice-cream, category=DESSERT, date=null, description=-, ingredients=[----, --], direct (truncated)...]
?[0m?[0;34m2023-04-07 15:35:24.001 DEBUG 12456 --- [nio-8881-exec-9] o.s.orm.jpa.JpaTransactionManager        : Found thread-bound EntityManager [SessionImpl(993798189<open>)] for JPA transaction
?[0m?[0;34m2023-04-07 15:35:24.001 DEBUG 12456 --- [nio-8881-exec-9] o.s.orm.jpa.JpaTransactionManager        : Creating new transaction with name [org.springframework.data.jpa.repository.support.SimpleJpaRepository.save]: PROPAGATION_REQUIRED,ISOLATION_DEFAULT
?[0m?[0;34m2023-04-07 15:35:24.001 DEBUG 12456 --- [nio-8881-exec-9] o.s.orm.jpa.JpaTransactionManager        : Exposing JPA transaction as JDBC [org.springframework.orm.jpa.vendor.HibernateJpaDialect$HibernateConnectionHandle@6bdd1b21]
?[0m?[0;34mHibernate: 
?[0m?[0;34m    insert 
?[0m?[0;34m    into
?[0m?[0;34m        recipe
?[0m?[0;34m        (id, category, date, description, name, user_id) 
?[0m?[0;34m    values
?[0m?[0;34m        (null, ?, ?, ?, ?, ?)
?[0m?[0;34m2023-04-07 15:35:24.002 DEBUG 12456 --- [nio-8881-exec-9] o.s.orm.jpa.JpaTransactionManager        : Initiating transaction commit
?[0m?[0;34m2023-04-07 15:35:24.002 DEBUG 12456 --- [nio-8881-exec-9] o.s.orm.jpa.JpaTransactionManager        : Committing JPA transaction on EntityManager [SessionImpl(993798189<open>)]
?[0m?[0;34mHibernate: 
?[0m?[0;34m    insert 
?[0m?[0;34m    into
?[0m?[0;34m        direction
?[0m?[0;34m        (id, directions) 
?[0m?[0;34m    values
?[0m?[0;34m        (?, ?)
?[0m?[0;34mHibernate: 
?[0m?[0;34m    insert 
?[0m?[0;34m    into
?[0m?[0;34m        direction
?[0m?[0;34m        (id, directions) 
?[0m?[0;34m    values
?[0m?[0;34m        (?, ?)
?[0m?[0;34mHibernate: 
?[0m?[0;34m    insert 
?[0m?[0;34m    into
?[0m?[0;34m        direction
?[0m?[0;34m        (id, directions) 
?[0m?[0;34m    values
?[0m?[0;34m        (?, ?)
?[0m?[0;34mHibernate: 
?[0m?[0;34m    insert 
?[0m?[0;34m    into
?[0m?[0;34m        ingredient
?[0m?[0;34m        (id, ingredients) 
?[0m?[0;34m    values
?[0m?[0;34m        (?, ?)
?[0m?[0;34mHibernate: 
?[0m?[0;34m    insert 
?[0m?[0;34m    into
?[0m?[0;34m        ingredient
?[0m?[0;34m        (id, ingredients) 
?[0m?[0;34m    values
?[0m?[0;34m        (?, ?)
?[0m?[0;34m2023-04-07 15:35:24.003 DEBUG 12456 --- [nio-8881-exec-9] o.s.orm.jpa.JpaTransactionManager        : Not closing pre-bound JPA EntityManager after transaction
?[0m?[0;34m2023-04-07 15:35:24.003 DEBUG 12456 --- [nio-8881-exec-9] o.s.w.s.m.m.a.HttpEntityMethodProcessor  : Using 'application/json', given [*/*] and supported [application/json, application/*+json, application/json, application/*+json]
?[0m?[0;34m2023-04-07 15:35:24.004 DEBUG 12456 --- [nio-8881-exec-9] o.s.w.s.m.m.a.HttpEntityMethodProcessor  : Writing [{id=14}]
?[0m?[0;34m2023-04-07 15:35:24.004 DEBUG 12456 --- [nio-8881-exec-9] w.c.HttpSessionSecurityContextRepository : Stored SecurityContextImpl [Authentication=UsernamePasswordAuthenticationToken [Principal=recipes.security.SecurityUserDetails@2e584f2f, Credentials=[PROTECTED], Authenticated=true, Details=WebAuthenticationDetails [RemoteIpAddress=127.0.0.1, SessionId=null], Granted Authorities=[]]] to HttpSession [org.apache.catalina.session.StandardSessionFacade@387f044f]
?[0m?[0;34m2023-04-07 15:35:24.004 DEBUG 12456 --- [nio-8881-exec-9] o.j.s.OpenEntityManagerInViewInterceptor : Closing JPA EntityManager in OpenEntityManagerInViewInterceptor
?[0m?[0;34m2023-04-07 15:35:24.004 DEBUG 12456 --- [nio-8881-exec-9] o.s.web.servlet.DispatcherServlet        : Completed 200 OK
?[0m?[0;34m2023-04-07 15:35:24.005 DEBUG 12456 --- [nio-8881-exec-9] w.c.HttpSessionSecurityContextRepository : Stored SecurityContextImpl [Authentication=UsernamePasswordAuthenticationToken [Principal=recipes.security.SecurityUserDetails@2e584f2f, Credentials=[PROTECTED], Authenticated=true, Details=WebAuthenticationDetails [RemoteIpAddress=127.0.0.1, SessionId=null], Granted Authorities=[]]] to HttpSession [org.apache.catalina.session.StandardSessionFacade@387f044f]
?[0m?[0;34m2023-04-07 15:35:24.005 DEBUG 12456 --- [nio-8881-exec-9] s.s.w.c.SecurityContextPersistenceFilter : Cleared SecurityContextHolder to complete request
?[1;31m
Start test 34?[0m
?[0m?[0;34m2023-04-07 15:35:24.022 DEBUG 12456 --- [io-8881-exec-10] o.s.security.web.FilterChainProxy        : Securing POST /api/recipe/new
?[0m?[0;34m2023-04-07 15:35:24.022 DEBUG 12456 --- [io-8881-exec-10] s.s.w.c.SecurityContextPersistenceFilter : Set SecurityContextHolder to empty SecurityContext
?[0m?[0;34m2023-04-07 15:35:24.022 DEBUG 12456 --- [io-8881-exec-10] tor$SharedEntityManagerInvocationHandler : Creating new EntityManager for shared EntityManager invocation
?[0m?[0;34mHibernate: 
?[0m?[0;34m    select
?[0m?[0;34m        user0_.id as id1_3_,
?[0m?[0;34m        user0_.email as email2_3_,
?[0m?[0;34m        user0_.password as password3_3_ 
?[0m?[0;34m    from
?[0m?[0;34m        users user0_ 
?[0m?[0;34m    where
?[0m?[0;34m        user0_.email=?
?[0m?[0;34mHibernate: 
?[0m?[0;34m    select
?[0m?[0;34m        recipes0_.user_id as user_id6_2_0_,
?[0m?[0;34m        recipes0_.id as id1_2_0_,
?[0m?[0;34m        recipes0_.id as id1_2_1_,
?[0m?[0;34m        recipes0_.category as category2_2_1_,
?[0m?[0;34m        recipes0_.date as date3_2_1_,
?[0m?[0;34m        recipes0_.description as descript4_2_1_,
?[0m?[0;34m        recipes0_.name as name5_2_1_,
?[0m?[0;34m        recipes0_.user_id as user_id6_2_1_ 
?[0m?[0;34m    from
?[0m?[0;34m        recipe recipes0_ 
?[0m?[0;34m    where
?[0m?[0;34m        recipes0_.user_id=?
?[0m?[0;34m2023-04-07 15:35:24.086 DEBUG 12456 --- [io-8881-exec-10] o.s.s.a.dao.DaoAuthenticationProvider    : Authenticated user
?[0m?[0;34m2023-04-07 15:35:24.086 DEBUG 12456 --- [io-8881-exec-10] o.s.s.w.a.www.BasicAuthenticationFilter  : Set SecurityContextHolder to UsernamePasswordAuthenticationToken [Principal=recipes.security.SecurityUserDetails@6689aee1, Credentials=[PROTECTED], Authenticated=true, Details=WebAuthenticationDetails [RemoteIpAddress=127.0.0.1, SessionId=null], Granted Authorities=[]]
?[0m?[0;34m2023-04-07 15:35:24.086 DEBUG 12456 --- [io-8881-exec-10] w.c.HttpSessionSecurityContextRepository : Created HttpSession as SecurityContext is non-default
?[0m?[0;34m2023-04-07 15:35:24.086 DEBUG 12456 --- [io-8881-exec-10] w.c.HttpSessionSecurityContextRepository : Stored SecurityContextImpl [Authentication=UsernamePasswordAuthenticationToken [Principal=recipes.security.SecurityUserDetails@6689aee1, Credentials=[PROTECTED], Authenticated=true, Details=WebAuthenticationDetails [RemoteIpAddress=127.0.0.1, SessionId=null], Granted Authorities=[]]] to HttpSession [org.apache.catalina.session.StandardSessionFacade@6b1971ea]
?[0m?[0;34m2023-04-07 15:35:24.086 DEBUG 12456 --- [io-8881-exec-10] o.s.security.web.FilterChainProxy        : Secured POST /api/recipe/new
?[0m?[0;34m2023-04-07 15:35:24.086 DEBUG 12456 --- [io-8881-exec-10] o.s.web.servlet.DispatcherServlet        : POST "/api/recipe/new", parameters={}
?[0m?[0;34m2023-04-07 15:35:24.087 DEBUG 12456 --- [io-8881-exec-10] s.w.s.m.m.a.RequestMappingHandlerMapping : Mapped to recipes.controller.RecipeController#sava(SecurityUserDetails, RecipeDTO)
?[0m?[0;34m2023-04-07 15:35:24.087 DEBUG 12456 --- [io-8881-exec-10] o.j.s.OpenEntityManagerInViewInterceptor : Opening JPA EntityManager in OpenEntityManagerInViewInterceptor
?[0m?[0;34m2023-04-07 15:35:24.087 DEBUG 12456 --- [io-8881-exec-10] m.m.a.RequestResponseBodyMethodProcessor : Read "application/json;charset=UTF-8" to [RecipeDTO(name=15 recipe test ice-CREAM, category=Dessert, date=null, description=-, ingredients=[-, (truncated)...]
?[0m?[0;34m2023-04-07 15:35:24.089 DEBUG 12456 --- [io-8881-exec-10] o.s.orm.jpa.JpaTransactionManager        : Found thread-bound EntityManager [SessionImpl(1957462832<open>)] for JPA transaction
?[0m?[0;34m2023-04-07 15:35:24.089 DEBUG 12456 --- [io-8881-exec-10] o.s.orm.jpa.JpaTransactionManager        : Creating new transaction with name [org.springframework.data.jpa.repository.support.SimpleJpaRepository.save]: PROPAGATION_REQUIRED,ISOLATION_DEFAULT
?[0m?[0;34m2023-04-07 15:35:24.089 DEBUG 12456 --- [io-8881-exec-10] o.s.orm.jpa.JpaTransactionManager        : Exposing JPA transaction as JDBC [org.springframework.orm.jpa.vendor.HibernateJpaDialect$HibernateConnectionHandle@428d1d5d]
?[0m?[0;34mHibernate: 
?[0m?[0;34m    insert 
?[0m?[0;34m    into
?[0m?[0;34m        recipe
?[0m?[0;34m        (id, category, date, description, name, user_id) 
?[0m?[0;34m    values
?[0m?[0;34m        (null, ?, ?, ?, ?, ?)
?[0m?[0;34m2023-04-07 15:35:24.090 DEBUG 12456 --- [io-8881-exec-10] o.s.orm.jpa.JpaTransactionManager        : Initiating transaction commit
?[0m?[0;34m2023-04-07 15:35:24.091 DEBUG 12456 --- [io-8881-exec-10] o.s.orm.jpa.JpaTransactionManager        : Committing JPA transaction on EntityManager [SessionImpl(1957462832<open>)]
?[0m?[0;34mHibernate: 
?[0m?[0;34m    insert 
?[0m?[0;34m    into
?[0m?[0;34m        direction
?[0m?[0;34m        (id, directions) 
?[0m?[0;34m    values
?[0m?[0;34m        (?, ?)
?[0m?[0;34mHibernate: 
?[0m?[0;34m    insert 
?[0m?[0;34m    into
?[0m?[0;34m        direction
?[0m?[0;34m        (id, directions) 
?[0m?[0;34m    values
?[0m?[0;34m        (?, ?)
?[0m?[0;34mHibernate: 
?[0m?[0;34m    insert 
?[0m?[0;34m    into
?[0m?[0;34m        ingredient
?[0m?[0;34m        (id, ingredients) 
?[0m?[0;34m    values
?[0m?[0;34m        (?, ?)
?[0m?[0;34mHibernate: 
?[0m?[0;34m    insert 
?[0m?[0;34m    into
?[0m?[0;34m        ingredient
?[0m?[0;34m        (id, ingredients) 
?[0m?[0;34m    values
?[0m?[0;34m        (?, ?)
?[0m?[0;34mHibernate: 
?[0m?[0;34m    insert 
?[0m?[0;34m    into
?[0m?[0;34m        ingredient
?[0m?[0;34m        (id, ingredients) 
?[0m?[0;34m    values
?[0m?[0;34m        (?, ?)
?[0m?[0;34m2023-04-07 15:35:24.092 DEBUG 12456 --- [io-8881-exec-10] o.s.orm.jpa.JpaTransactionManager        : Not closing pre-bound JPA EntityManager after transaction
?[0m?[0;34m2023-04-07 15:35:24.092 DEBUG 12456 --- [io-8881-exec-10] o.s.w.s.m.m.a.HttpEntityMethodProcessor  : Using 'application/json', given [*/*] and supported [application/json, application/*+json, application/json, application/*+json]
?[0m?[0;34m2023-04-07 15:35:24.092 DEBUG 12456 --- [io-8881-exec-10] o.s.w.s.m.m.a.HttpEntityMethodProcessor  : Writing [{id=15}]
?[0m?[0;34m2023-04-07 15:35:24.092 DEBUG 12456 --- [io-8881-exec-10] w.c.HttpSessionSecurityContextRepository : Stored SecurityContextImpl [Authentication=UsernamePasswordAuthenticationToken [Principal=recipes.security.SecurityUserDetails@6689aee1, Credentials=[PROTECTED], Authenticated=true, Details=WebAuthenticationDetails [RemoteIpAddress=127.0.0.1, SessionId=null], Granted Authorities=[]]] to HttpSession [org.apache.catalina.session.StandardSessionFacade@6b1971ea]
?[0m?[0;34m2023-04-07 15:35:24.093 DEBUG 12456 --- [io-8881-exec-10] o.j.s.OpenEntityManagerInViewInterceptor : Closing JPA EntityManager in OpenEntityManagerInViewInterceptor
?[0m?[0;34m2023-04-07 15:35:24.093 DEBUG 12456 --- [io-8881-exec-10] o.s.web.servlet.DispatcherServlet        : Completed 200 OK
?[0m?[0;34m2023-04-07 15:35:24.093 DEBUG 12456 --- [io-8881-exec-10] w.c.HttpSessionSecurityContextRepository : Stored SecurityContextImpl [Authentication=UsernamePasswordAuthenticationToken [Principal=recipes.security.SecurityUserDetails@6689aee1, Credentials=[PROTECTED], Authenticated=true, Details=WebAuthenticationDetails [RemoteIpAddress=127.0.0.1, SessionId=null], Granted Authorities=[]]] to HttpSession [org.apache.catalina.session.StandardSessionFacade@6b1971ea]
?[0m?[0;34m2023-04-07 15:35:24.093 DEBUG 12456 --- [io-8881-exec-10] s.s.w.c.SecurityContextPersistenceFilter : Cleared SecurityContextHolder to complete request
?[1;31m
Start test 35?[0m
?[0m?[0;34m2023-04-07 15:35:24.099 DEBUG 12456 --- [nio-8881-exec-5] o.s.security.web.FilterChainProxy        : Securing GET /api/recipe/search/?category=dessert
?[0m?[0;34m2023-04-07 15:35:24.099 DEBUG 12456 --- [nio-8881-exec-5] s.s.w.c.SecurityContextPersistenceFilter : Set SecurityContextHolder to empty SecurityContext
?[0m?[0;34m2023-04-07 15:35:24.099 DEBUG 12456 --- [nio-8881-exec-5] tor$SharedEntityManagerInvocationHandler : Creating new EntityManager for shared EntityManager invocation
?[0m?[0;34mHibernate: 
?[0m?[0;34m    select
?[0m?[0;34m        user0_.id as id1_3_,
?[0m?[0;34m        user0_.email as email2_3_,
?[0m?[0;34m        user0_.password as password3_3_ 
?[0m?[0;34m    from
?[0m?[0;34m        users user0_ 
?[0m?[0;34m    where
?[0m?[0;34m        user0_.email=?
?[0m?[0;34mHibernate: 
?[0m?[0;34m    select
?[0m?[0;34m        recipes0_.user_id as user_id6_2_0_,
?[0m?[0;34m        recipes0_.id as id1_2_0_,
?[0m?[0;34m        recipes0_.id as id1_2_1_,
?[0m?[0;34m        recipes0_.category as category2_2_1_,
?[0m?[0;34m        recipes0_.date as date3_2_1_,
?[0m?[0;34m        recipes0_.description as descript4_2_1_,
?[0m?[0;34m        recipes0_.name as name5_2_1_,
?[0m?[0;34m        recipes0_.user_id as user_id6_2_1_ 
?[0m?[0;34m    from
?[0m?[0;34m        recipe recipes0_ 
?[0m?[0;34m    where
?[0m?[0;34m        recipes0_.user_id=?
?[0m?[0;34m2023-04-07 15:35:24.162 DEBUG 12456 --- [nio-8881-exec-5] o.s.s.a.dao.DaoAuthenticationProvider    : Authenticated user
?[0m?[0;34m2023-04-07 15:35:24.162 DEBUG 12456 --- [nio-8881-exec-5] o.s.s.w.a.www.BasicAuthenticationFilter  : Set SecurityContextHolder to UsernamePasswordAuthenticationToken [Principal=recipes.security.SecurityUserDetails@49613194, Credentials=[PROTECTED], Authenticated=true, Details=WebAuthenticationDetails [RemoteIpAddress=127.0.0.1, SessionId=null], Granted Authorities=[]]
?[0m?[0;34m2023-04-07 15:35:24.163 DEBUG 12456 --- [nio-8881-exec-5] w.c.HttpSessionSecurityContextRepository : Created HttpSession as SecurityContext is non-default
?[0m?[0;34m2023-04-07 15:35:24.163 DEBUG 12456 --- [nio-8881-exec-5] w.c.HttpSessionSecurityContextRepository : Stored SecurityContextImpl [Authentication=UsernamePasswordAuthenticationToken [Principal=recipes.security.SecurityUserDetails@49613194, Credentials=[PROTECTED], Authenticated=true, Details=WebAuthenticationDetails [RemoteIpAddress=127.0.0.1, SessionId=null], Granted Authorities=[]]] to HttpSession [org.apache.catalina.session.StandardSessionFacade@557c8851]
?[0m?[0;34m2023-04-07 15:35:24.163 DEBUG 12456 --- [nio-8881-exec-5] o.s.security.web.FilterChainProxy        : Secured GET /api/recipe/search/?category=dessert
?[0m?[0;34m2023-04-07 15:35:24.163 DEBUG 12456 --- [nio-8881-exec-5] o.s.web.servlet.DispatcherServlet        : GET "/api/recipe/search/?category=dessert", parameters={masked}
?[0m?[0;34m2023-04-07 15:35:24.163 DEBUG 12456 --- [nio-8881-exec-5] s.w.s.m.m.a.RequestMappingHandlerMapping : Mapped to recipes.controller.RecipeController#search(String, String)
?[0m?[0;34m2023-04-07 15:35:24.164 DEBUG 12456 --- [nio-8881-exec-5] o.j.s.OpenEntityManagerInViewInterceptor : Opening JPA EntityManager in OpenEntityManagerInViewInterceptor
?[0m?[0;34mHibernate: 
?[0m?[0;34m    select
?[0m?[0;34m        recipe0_.id as id1_2_,
?[0m?[0;34m        recipe0_.category as category2_2_,
?[0m?[0;34m        recipe0_.date as date3_2_,
?[0m?[0;34m        recipe0_.description as descript4_2_,
?[0m?[0;34m        recipe0_.name as name5_2_,
?[0m?[0;34m        recipe0_.user_id as user_id6_2_ 
?[0m?[0;34m    from
?[0m?[0;34m        recipe recipe0_ 
?[0m?[0;34m    where
?[0m?[0;34m        upper(recipe0_.category)=upper(?) 
?[0m?[0;34m    order by
?[0m?[0;34m        recipe0_.date desc
?[0m?[0;34mHibernate: 
?[0m?[0;34m    select
?[0m?[0;34m        user0_.id as id1_3_0_,
?[0m?[0;34m        user0_.email as email2_3_0_,
?[0m?[0;34m        user0_.password as password3_3_0_,
?[0m?[0;34m        recipes1_.user_id as user_id6_2_1_,
?[0m?[0;34m        recipes1_.id as id1_2_1_,
?[0m?[0;34m        recipes1_.id as id1_2_2_,
?[0m?[0;34m        recipes1_.category as category2_2_2_,
?[0m?[0;34m        recipes1_.date as date3_2_2_,
?[0m?[0;34m        recipes1_.description as descript4_2_2_,
?[0m?[0;34m        recipes1_.name as name5_2_2_,
?[0m?[0;34m        recipes1_.user_id as user_id6_2_2_ 
?[0m?[0;34m    from
?[0m?[0;34m        users user0_ 
?[0m?[0;34m    left outer join
?[0m?[0;34m        recipe recipes1_ 
?[0m?[0;34m            on user0_.id=recipes1_.user_id 
?[0m?[0;34m    where
?[0m?[0;34m        user0_.id=?
?[0m?[0;34mHibernate: 
?[0m?[0;34m    select
?[0m?[0;34m        directions0_.id as id1_0_0_,
?[0m?[0;34m        directions0_.directions as directio2_0_0_ 
?[0m?[0;34m    from
?[0m?[0;34m        direction directions0_ 
?[0m?[0;34m    where
?[0m?[0;34m        directions0_.id=?
?[0m?[0;34mHibernate: 
?[0m?[0;34m    select
?[0m?[0;34m        ingredient0_.id as id1_1_0_,
?[0m?[0;34m        ingredient0_.ingredients as ingredie2_1_0_ 
?[0m?[0;34m    from
?[0m?[0;34m        ingredient ingredient0_ 
?[0m?[0;34m    where
?[0m?[0;34m        ingredient0_.id=?
?[0m?[0;34mHibernate: 
?[0m?[0;34m    select
?[0m?[0;34m        directions0_.id as id1_0_0_,
?[0m?[0;34m        directions0_.directions as directio2_0_0_ 
?[0m?[0;34m    from
?[0m?[0;34m        direction directions0_ 
?[0m?[0;34m    where
?[0m?[0;34m        directions0_.id=?
?[0m?[0;34mHibernate: 
?[0m?[0;34m    select
?[0m?[0;34m        ingredient0_.id as id1_1_0_,
?[0m?[0;34m        ingredient0_.ingredients as ingredie2_1_0_ 
?[0m?[0;34m    from
?[0m?[0;34m        ingredient ingredient0_ 
?[0m?[0;34m    where
?[0m?[0;34m        ingredient0_.id=?
?[0m?[0;34mHibernate: 
?[0m?[0;34m    select
?[0m?[0;34m        directions0_.id as id1_0_0_,
?[0m?[0;34m        directions0_.directions as directio2_0_0_ 
?[0m?[0;34m    from
?[0m?[0;34m        direction directions0_ 
?[0m?[0;34m    where
?[0m?[0;34m        directions0_.id=?
?[0m?[0;34mHibernate: 
?[0m?[0;34m    select
?[0m?[0;34m        ingredient0_.id as id1_1_0_,
?[0m?[0;34m        ingredient0_.ingredients as ingredie2_1_0_ 
?[0m?[0;34m    from
?[0m?[0;34m        ingredient ingredient0_ 
?[0m?[0;34m    where
?[0m?[0;34m        ingredient0_.id=?
?[0m?[0;34mHibernate: 
?[0m?[0;34m    select
?[0m?[0;34m        directions0_.id as id1_0_0_,
?[0m?[0;34m        directions0_.directions as directio2_0_0_ 
?[0m?[0;34m    from
?[0m?[0;34m        direction directions0_ 
?[0m?[0;34m    where
?[0m?[0;34m        directions0_.id=?
?[0m?[0;34mHibernate: 
?[0m?[0;34m    select
?[0m?[0;34m        ingredient0_.id as id1_1_0_,
?[0m?[0;34m        ingredient0_.ingredients as ingredie2_1_0_ 
?[0m?[0;34m    from
?[0m?[0;34m        ingredient ingredient0_ 
?[0m?[0;34m    where
?[0m?[0;34m        ingredient0_.id=?
?[0m?[0;34mHibernate: 
?[0m?[0;34m    select
?[0m?[0;34m        directions0_.id as id1_0_0_,
?[0m?[0;34m        directions0_.directions as directio2_0_0_ 
?[0m?[0;34m    from
?[0m?[0;34m        direction directions0_ 
?[0m?[0;34m    where
?[0m?[0;34m        directions0_.id=?
?[0m?[0;34mHibernate: 
?[0m?[0;34m    select
?[0m?[0;34m        ingredient0_.id as id1_1_0_,
?[0m?[0;34m        ingredient0_.ingredients as ingredie2_1_0_ 
?[0m?[0;34m    from
?[0m?[0;34m        ingredient ingredient0_ 
?[0m?[0;34m    where
?[0m?[0;34m        ingredient0_.id=?
?[0m?[0;34mHibernate: 
?[0m?[0;34m    select
?[0m?[0;34m        directions0_.id as id1_0_0_,
?[0m?[0;34m        directions0_.directions as directio2_0_0_ 
?[0m?[0;34m    from
?[0m?[0;34m        direction directions0_ 
?[0m?[0;34m    where
?[0m?[0;34m        directions0_.id=?
?[0m?[0;34mHibernate: 
?[0m?[0;34m    select
?[0m?[0;34m        ingredient0_.id as id1_1_0_,
?[0m?[0;34m        ingredient0_.ingredients as ingredie2_1_0_ 
?[0m?[0;34m    from
?[0m?[0;34m        ingredient ingredient0_ 
?[0m?[0;34m    where
?[0m?[0;34m        ingredient0_.id=?
?[0m?[0;34mHibernate: 
?[0m?[0;34m    select
?[0m?[0;34m        directions0_.id as id1_0_0_,
?[0m?[0;34m        directions0_.directions as directio2_0_0_ 
?[0m?[0;34m    from
?[0m?[0;34m        direction directions0_ 
?[0m?[0;34m    where
?[0m?[0;34m        directions0_.id=?
?[0m?[0;34mHibernate: 
?[0m?[0;34m    select
?[0m?[0;34m        ingredient0_.id as id1_1_0_,
?[0m?[0;34m        ingredient0_.ingredients as ingredie2_1_0_ 
?[0m?[0;34m    from
?[0m?[0;34m        ingredient ingredient0_ 
?[0m?[0;34m    where
?[0m?[0;34m        ingredient0_.id=?
?[0m?[0;34m2023-04-07 15:35:24.188 DEBUG 12456 --- [nio-8881-exec-5] o.s.w.s.m.m.a.HttpEntityMethodProcessor  : Using 'application/json', given [*/*] and supported [application/json, application/*+json, application/json, application/*+json]
?[0m?[0;34m2023-04-07 15:35:24.188 DEBUG 12456 --- [nio-8881-exec-5] o.s.w.s.m.m.a.HttpEntityMethodProcessor  : Writing [[RecipeDTO(name=15 recipe test ice-CREAM, category=Dessert, date=2023-04-07T15:35:24.090307, descrip (truncated)...]
?[0m?[0;34m2023-04-07 15:35:24.189 DEBUG 12456 --- [nio-8881-exec-5] w.c.HttpSessionSecurityContextRepository : Stored SecurityContextImpl [Authentication=UsernamePasswordAuthenticationToken [Principal=recipes.security.SecurityUserDetails@49613194, Credentials=[PROTECTED], Authenticated=true, Details=WebAuthenticationDetails [RemoteIpAddress=127.0.0.1, SessionId=null], Granted Authorities=[]]] to HttpSession [org.apache.catalina.session.StandardSessionFacade@557c8851]
?[0m?[0;34m2023-04-07 15:35:24.190 DEBUG 12456 --- [nio-8881-exec-5] o.j.s.OpenEntityManagerInViewInterceptor : Closing JPA EntityManager in OpenEntityManagerInViewInterceptor
?[0m?[0;34m2023-04-07 15:35:24.190 DEBUG 12456 --- [nio-8881-exec-5] o.s.web.servlet.DispatcherServlet        : Completed 200 OK
?[0m?[0;34m2023-04-07 15:35:24.190 DEBUG 12456 --- [nio-8881-exec-5] w.c.HttpSessionSecurityContextRepository : Stored SecurityContextImpl [Authentication=UsernamePasswordAuthenticationToken [Principal=recipes.security.SecurityUserDetails@49613194, Credentials=[PROTECTED], Authenticated=true, Details=WebAuthenticationDetails [RemoteIpAddress=127.0.0.1, SessionId=null], Granted Authorities=[]]] to HttpSession [org.apache.catalina.session.StandardSessionFacade@557c8851]
?[0m?[0;34m2023-04-07 15:35:24.190 DEBUG 12456 --- [nio-8881-exec-5] s.s.w.c.SecurityContextPersistenceFilter : Cleared SecurityContextHolder to complete request
?[1;31m
Start test 36?[0m
?[0m?[0;34m2023-04-07 15:35:24.197 DEBUG 12456 --- [nio-8881-exec-6] o.s.security.web.FilterChainProxy        : Securing GET /api/recipe/search/?name=ice-cream
?[0m?[0;34m2023-04-07 15:35:24.197 DEBUG 12456 --- [nio-8881-exec-6] s.s.w.c.SecurityContextPersistenceFilter : Set SecurityContextHolder to empty SecurityContext
?[0m?[0;34m2023-04-07 15:35:24.198 DEBUG 12456 --- [nio-8881-exec-6] tor$SharedEntityManagerInvocationHandler : Creating new EntityManager for shared EntityManager invocation
?[0m?[0;34mHibernate: 
?[0m?[0;34m    select
?[0m?[0;34m        user0_.id as id1_3_,
?[0m?[0;34m        user0_.email as email2_3_,
?[0m?[0;34m        user0_.password as password3_3_ 
?[0m?[0;34m    from
?[0m?[0;34m        users user0_ 
?[0m?[0;34m    where
?[0m?[0;34m        user0_.email=?
?[0m?[0;34mHibernate: 
?[0m?[0;34m    select
?[0m?[0;34m        recipes0_.user_id as user_id6_2_0_,
?[0m?[0;34m        recipes0_.id as id1_2_0_,
?[0m?[0;34m        recipes0_.id as id1_2_1_,
?[0m?[0;34m        recipes0_.category as category2_2_1_,
?[0m?[0;34m        recipes0_.date as date3_2_1_,
?[0m?[0;34m        recipes0_.description as descript4_2_1_,
?[0m?[0;34m        recipes0_.name as name5_2_1_,
?[0m?[0;34m        recipes0_.user_id as user_id6_2_1_ 
?[0m?[0;34m    from
?[0m?[0;34m        recipe recipes0_ 
?[0m?[0;34m    where
?[0m?[0;34m        recipes0_.user_id=?
?[0m?[0;34m2023-04-07 15:35:24.260 DEBUG 12456 --- [nio-8881-exec-6] o.s.s.a.dao.DaoAuthenticationProvider    : Authenticated user
?[0m?[0;34m2023-04-07 15:35:24.260 DEBUG 12456 --- [nio-8881-exec-6] o.s.s.w.a.www.BasicAuthenticationFilter  : Set SecurityContextHolder to UsernamePasswordAuthenticationToken [Principal=recipes.security.SecurityUserDetails@3b4519fd, Credentials=[PROTECTED], Authenticated=true, Details=WebAuthenticationDetails [RemoteIpAddress=127.0.0.1, SessionId=null], Granted Authorities=[]]
?[0m?[0;34m2023-04-07 15:35:24.260 DEBUG 12456 --- [nio-8881-exec-6] w.c.HttpSessionSecurityContextRepository : Created HttpSession as SecurityContext is non-default
?[0m?[0;34m2023-04-07 15:35:24.260 DEBUG 12456 --- [nio-8881-exec-6] w.c.HttpSessionSecurityContextRepository : Stored SecurityContextImpl [Authentication=UsernamePasswordAuthenticationToken [Principal=recipes.security.SecurityUserDetails@3b4519fd, Credentials=[PROTECTED], Authenticated=true, Details=WebAuthenticationDetails [RemoteIpAddress=127.0.0.1, SessionId=null], Granted Authorities=[]]] to HttpSession [org.apache.catalina.session.StandardSessionFacade@64f0bb33]
?[0m?[0;34m2023-04-07 15:35:24.260 DEBUG 12456 --- [nio-8881-exec-6] o.s.security.web.FilterChainProxy        : Secured GET /api/recipe/search/?name=ice-cream
?[0m?[0;34m2023-04-07 15:35:24.260 DEBUG 12456 --- [nio-8881-exec-6] o.s.web.servlet.DispatcherServlet        : GET "/api/recipe/search/?name=ice-cream", parameters={masked}
?[0m?[0;34m2023-04-07 15:35:24.261 DEBUG 12456 --- [nio-8881-exec-6] s.w.s.m.m.a.RequestMappingHandlerMapping : Mapped to recipes.controller.RecipeController#search(String, String)
?[0m?[0;34m2023-04-07 15:35:24.261 DEBUG 12456 --- [nio-8881-exec-6] o.j.s.OpenEntityManagerInViewInterceptor : Opening JPA EntityManager in OpenEntityManagerInViewInterceptor
?[0m?[0;34mHibernate: 
?[0m?[0;34m    select
?[0m?[0;34m        recipe0_.id as id1_2_,
?[0m?[0;34m        recipe0_.category as category2_2_,
?[0m?[0;34m        recipe0_.date as date3_2_,
?[0m?[0;34m        recipe0_.description as descript4_2_,
?[0m?[0;34m        recipe0_.name as name5_2_,
?[0m?[0;34m        recipe0_.user_id as user_id6_2_ 
?[0m?[0;34m    from
?[0m?[0;34m        recipe recipe0_ 
?[0m?[0;34m    where
?[0m?[0;34m        upper(recipe0_.name) like upper(?) escape ? 
?[0m?[0;34m    order by
?[0m?[0;34m        recipe0_.date desc
?[0m?[0;34mHibernate: 
?[0m?[0;34m    select
?[0m?[0;34m        user0_.id as id1_3_0_,
?[0m?[0;34m        user0_.email as email2_3_0_,
?[0m?[0;34m        user0_.password as password3_3_0_,
?[0m?[0;34m        recipes1_.user_id as user_id6_2_1_,
?[0m?[0;34m        recipes1_.id as id1_2_1_,
?[0m?[0;34m        recipes1_.id as id1_2_2_,
?[0m?[0;34m        recipes1_.category as category2_2_2_,
?[0m?[0;34m        recipes1_.date as date3_2_2_,
?[0m?[0;34m        recipes1_.description as descript4_2_2_,
?[0m?[0;34m        recipes1_.name as name5_2_2_,
?[0m?[0;34m        recipes1_.user_id as user_id6_2_2_ 
?[0m?[0;34m    from
?[0m?[0;34m        users user0_ 
?[0m?[0;34m    left outer join
?[0m?[0;34m        recipe recipes1_ 
?[0m?[0;34m            on user0_.id=recipes1_.user_id 
?[0m?[0;34m    where
?[0m?[0;34m        user0_.id=?
?[0m?[0;34mHibernate: 
?[0m?[0;34m    select
?[0m?[0;34m        directions0_.id as id1_0_0_,
?[0m?[0;34m        directions0_.directions as directio2_0_0_ 
?[0m?[0;34m    from
?[0m?[0;34m        direction directions0_ 
?[0m?[0;34m    where
?[0m?[0;34m        directions0_.id=?
?[0m?[0;34mHibernate: 
?[0m?[0;34m    select
?[0m?[0;34m        ingredient0_.id as id1_1_0_,
?[0m?[0;34m        ingredient0_.ingredients as ingredie2_1_0_ 
?[0m?[0;34m    from
?[0m?[0;34m        ingredient ingredient0_ 
?[0m?[0;34m    where
?[0m?[0;34m        ingredient0_.id=?
?[0m?[0;34mHibernate: 
?[0m?[0;34m    select
?[0m?[0;34m        directions0_.id as id1_0_0_,
?[0m?[0;34m        directions0_.directions as directio2_0_0_ 
?[0m?[0;34m    from
?[0m?[0;34m        direction directions0_ 
?[0m?[0;34m    where
?[0m?[0;34m        directions0_.id=?
?[0m?[0;34mHibernate: 
?[0m?[0;34m    select
?[0m?[0;34m        ingredient0_.id as id1_1_0_,
?[0m?[0;34m        ingredient0_.ingredients as ingredie2_1_0_ 
?[0m?[0;34m    from
?[0m?[0;34m        ingredient ingredient0_ 
?[0m?[0;34m    where
?[0m?[0;34m        ingredient0_.id=?
?[0m?[0;34mHibernate: 
?[0m?[0;34m    select
?[0m?[0;34m        directions0_.id as id1_0_0_,
?[0m?[0;34m        directions0_.directions as directio2_0_0_ 
?[0m?[0;34m    from
?[0m?[0;34m        direction directions0_ 
?[0m?[0;34m    where
?[0m?[0;34m        directions0_.id=?
?[0m?[0;34mHibernate: 
?[0m?[0;34m    select
?[0m?[0;34m        ingredient0_.id as id1_1_0_,
?[0m?[0;34m        ingredient0_.ingredients as ingredie2_1_0_ 
?[0m?[0;34m    from
?[0m?[0;34m        ingredient ingredient0_ 
?[0m?[0;34m    where
?[0m?[0;34m        ingredient0_.id=?
?[0m?[0;34mHibernate: 
?[0m?[0;34m    select
?[0m?[0;34m        directions0_.id as id1_0_0_,
?[0m?[0;34m        directions0_.directions as directio2_0_0_ 
?[0m?[0;34m    from
?[0m?[0;34m        direction directions0_ 
?[0m?[0;34m    where
?[0m?[0;34m        directions0_.id=?
?[0m?[0;34mHibernate: 
?[0m?[0;34m    select
?[0m?[0;34m        ingredient0_.id as id1_1_0_,
?[0m?[0;34m        ingredient0_.ingredients as ingredie2_1_0_ 
?[0m?[0;34m    from
?[0m?[0;34m        ingredient ingredient0_ 
?[0m?[0;34m    where
?[0m?[0;34m        ingredient0_.id=?
?[0m?[0;34mHibernate: 
?[0m?[0;34m    select
?[0m?[0;34m        directions0_.id as id1_0_0_,
?[0m?[0;34m        directions0_.directions as directio2_0_0_ 
?[0m?[0;34m    from
?[0m?[0;34m        direction directions0_ 
?[0m?[0;34m    where
?[0m?[0;34m        directions0_.id=?
?[0m?[0;34mHibernate: 
?[0m?[0;34m    select
?[0m?[0;34m        ingredient0_.id as id1_1_0_,
?[0m?[0;34m        ingredient0_.ingredients as ingredie2_1_0_ 
?[0m?[0;34m    from
?[0m?[0;34m        ingredient ingredient0_ 
?[0m?[0;34m    where
?[0m?[0;34m        ingredient0_.id=?
?[0m?[0;34mHibernate: 
?[0m?[0;34m    select
?[0m?[0;34m        directions0_.id as id1_0_0_,
?[0m?[0;34m        directions0_.directions as directio2_0_0_ 
?[0m?[0;34m    from
?[0m?[0;34m        direction directions0_ 
?[0m?[0;34m    where
?[0m?[0;34m        directions0_.id=?
?[0m?[0;34mHibernate: 
?[0m?[0;34m    select
?[0m?[0;34m        ingredient0_.id as id1_1_0_,
?[0m?[0;34m        ingredient0_.ingredients as ingredie2_1_0_ 
?[0m?[0;34m    from
?[0m?[0;34m        ingredient ingredient0_ 
?[0m?[0;34m    where
?[0m?[0;34m        ingredient0_.id=?
?[0m?[0;34m2023-04-07 15:35:24.275 DEBUG 12456 --- [nio-8881-exec-6] o.s.w.s.m.m.a.HttpEntityMethodProcessor  : Using 'application/json', given [*/*] and supported [application/json, application/*+json, application/json, application/*+json]
?[0m?[0;34m2023-04-07 15:35:24.276 DEBUG 12456 --- [nio-8881-exec-6] o.s.w.s.m.m.a.HttpEntityMethodProcessor  : Writing [[RecipeDTO(name=15 recipe test ice-CREAM, category=Dessert, date=2023-04-07T15:35:24.090307, descrip (truncated)...]
?[0m?[0;34m2023-04-07 15:35:24.276 DEBUG 12456 --- [nio-8881-exec-6] w.c.HttpSessionSecurityContextRepository : Stored SecurityContextImpl [Authentication=UsernamePasswordAuthenticationToken [Principal=recipes.security.SecurityUserDetails@3b4519fd, Credentials=[PROTECTED], Authenticated=true, Details=WebAuthenticationDetails [RemoteIpAddress=127.0.0.1, SessionId=null], Granted Authorities=[]]] to HttpSession [org.apache.catalina.session.StandardSessionFacade@64f0bb33]
?[0m?[0;34m2023-04-07 15:35:24.277 DEBUG 12456 --- [nio-8881-exec-6] o.j.s.OpenEntityManagerInViewInterceptor : Closing JPA EntityManager in OpenEntityManagerInViewInterceptor
?[0m?[0;34m2023-04-07 15:35:24.277 DEBUG 12456 --- [nio-8881-exec-6] o.s.web.servlet.DispatcherServlet        : Completed 200 OK
?[0m?[0;34m2023-04-07 15:35:24.277 DEBUG 12456 --- [nio-8881-exec-6] w.c.HttpSessionSecurityContextRepository : Stored SecurityContextImpl [Authentication=UsernamePasswordAuthenticationToken [Principal=recipes.security.SecurityUserDetails@3b4519fd, Credentials=[PROTECTED], Authenticated=true, Details=WebAuthenticationDetails [RemoteIpAddress=127.0.0.1, SessionId=null], Granted Authorities=[]]] to HttpSession [org.apache.catalina.session.StandardSessionFacade@64f0bb33]
?[0m?[0;34m2023-04-07 15:35:24.277 DEBUG 12456 --- [nio-8881-exec-6] s.s.w.c.SecurityContextPersistenceFilter : Cleared SecurityContextHolder to complete request
?[1;31m
Start test 37?[0m
?[0m?[0;34m2023-04-07 15:35:24.283 DEBUG 12456 --- [nio-8881-exec-4] o.s.security.web.FilterChainProxy        : Securing GET /api/recipe/search/?category=should_return_empty_array_1
?[0m?[0;34m2023-04-07 15:35:24.283 DEBUG 12456 --- [nio-8881-exec-4] s.s.w.c.SecurityContextPersistenceFilter : Set SecurityContextHolder to empty SecurityContext
?[0m?[0;34m2023-04-07 15:35:24.283 DEBUG 12456 --- [nio-8881-exec-4] tor$SharedEntityManagerInvocationHandler : Creating new EntityManager for shared EntityManager invocation
?[0m?[0;34mHibernate: 
?[0m?[0;34m    select
?[0m?[0;34m        user0_.id as id1_3_,
?[0m?[0;34m        user0_.email as email2_3_,
?[0m?[0;34m        user0_.password as password3_3_ 
?[0m?[0;34m    from
?[0m?[0;34m        users user0_ 
?[0m?[0;34m    where
?[0m?[0;34m        user0_.email=?
?[0m?[0;34mHibernate: 
?[0m?[0;34m    select
?[0m?[0;34m        recipes0_.user_id as user_id6_2_0_,
?[0m?[0;34m        recipes0_.id as id1_2_0_,
?[0m?[0;34m        recipes0_.id as id1_2_1_,
?[0m?[0;34m        recipes0_.category as category2_2_1_,
?[0m?[0;34m        recipes0_.date as date3_2_1_,
?[0m?[0;34m        recipes0_.description as descript4_2_1_,
?[0m?[0;34m        recipes0_.name as name5_2_1_,
?[0m?[0;34m        recipes0_.user_id as user_id6_2_1_ 
?[0m?[0;34m    from
?[0m?[0;34m        recipe recipes0_ 
?[0m?[0;34m    where
?[0m?[0;34m        recipes0_.user_id=?
?[0m?[0;34m2023-04-07 15:35:24.345 DEBUG 12456 --- [nio-8881-exec-4] o.s.s.a.dao.DaoAuthenticationProvider    : Authenticated user
?[0m?[0;34m2023-04-07 15:35:24.345 DEBUG 12456 --- [nio-8881-exec-4] o.s.s.w.a.www.BasicAuthenticationFilter  : Set SecurityContextHolder to UsernamePasswordAuthenticationToken [Principal=recipes.security.SecurityUserDetails@39b0337d, Credentials=[PROTECTED], Authenticated=true, Details=WebAuthenticationDetails [RemoteIpAddress=127.0.0.1, SessionId=null], Granted Authorities=[]]
?[0m?[0;34m2023-04-07 15:35:24.345 DEBUG 12456 --- [nio-8881-exec-4] w.c.HttpSessionSecurityContextRepository : Created HttpSession as SecurityContext is non-default
?[0m?[0;34m2023-04-07 15:35:24.345 DEBUG 12456 --- [nio-8881-exec-4] w.c.HttpSessionSecurityContextRepository : Stored SecurityContextImpl [Authentication=UsernamePasswordAuthenticationToken [Principal=recipes.security.SecurityUserDetails@39b0337d, Credentials=[PROTECTED], Authenticated=true, Details=WebAuthenticationDetails [RemoteIpAddress=127.0.0.1, SessionId=null], Granted Authorities=[]]] to HttpSession [org.apache.catalina.session.StandardSessionFacade@72fee92e]
?[0m?[0;34m2023-04-07 15:35:24.345 DEBUG 12456 --- [nio-8881-exec-4] o.s.security.web.FilterChainProxy        : Secured GET /api/recipe/search/?category=should_return_empty_array_1
?[0m?[0;34m2023-04-07 15:35:24.345 DEBUG 12456 --- [nio-8881-exec-4] o.s.web.servlet.DispatcherServlet        : GET "/api/recipe/search/?category=should_return_empty_array_1", parameters={masked}
?[0m?[0;34m2023-04-07 15:35:24.346 DEBUG 12456 --- [nio-8881-exec-4] s.w.s.m.m.a.RequestMappingHandlerMapping : Mapped to recipes.controller.RecipeController#search(String, String)
?[0m?[0;34m2023-04-07 15:35:24.346 DEBUG 12456 --- [nio-8881-exec-4] o.j.s.OpenEntityManagerInViewInterceptor : Opening JPA EntityManager in OpenEntityManagerInViewInterceptor
?[0m?[0;34mHibernate: 
?[0m?[0;34m    select
?[0m?[0;34m        recipe0_.id as id1_2_,
?[0m?[0;34m        recipe0_.category as category2_2_,
?[0m?[0;34m        recipe0_.date as date3_2_,
?[0m?[0;34m        recipe0_.description as descript4_2_,
?[0m?[0;34m        recipe0_.name as name5_2_,
?[0m?[0;34m        recipe0_.user_id as user_id6_2_ 
?[0m?[0;34m    from
?[0m?[0;34m        recipe recipe0_ 
?[0m?[0;34m    where
?[0m?[0;34m        upper(recipe0_.category)=upper(?) 
?[0m?[0;34m    order by
?[0m?[0;34m        recipe0_.date desc
?[0m?[0;34m2023-04-07 15:35:24.347 DEBUG 12456 --- [nio-8881-exec-4] o.s.w.s.m.m.a.HttpEntityMethodProcessor  : Using 'application/json', given [*/*] and supported [application/json, application/*+json, application/json, application/*+json]
?[0m?[0;34m2023-04-07 15:35:24.347 DEBUG 12456 --- [nio-8881-exec-4] o.s.w.s.m.m.a.HttpEntityMethodProcessor  : Writing [[]]
?[0m?[0;34m2023-04-07 15:35:24.348 DEBUG 12456 --- [nio-8881-exec-4] w.c.HttpSessionSecurityContextRepository : Stored SecurityContextImpl [Authentication=UsernamePasswordAuthenticationToken [Principal=recipes.security.SecurityUserDetails@39b0337d, Credentials=[PROTECTED], Authenticated=true, Details=WebAuthenticationDetails [RemoteIpAddress=127.0.0.1, SessionId=null], Granted Authorities=[]]] to HttpSession [org.apache.catalina.session.StandardSessionFacade@72fee92e]
?[0m?[0;34m2023-04-07 15:35:24.348 DEBUG 12456 --- [nio-8881-exec-4] o.j.s.OpenEntityManagerInViewInterceptor : Closing JPA EntityManager in OpenEntityManagerInViewInterceptor
?[0m?[0;34m2023-04-07 15:35:24.348 DEBUG 12456 --- [nio-8881-exec-4] o.s.web.servlet.DispatcherServlet        : Completed 200 OK
?[0m?[0;34m2023-04-07 15:35:24.348 DEBUG 12456 --- [nio-8881-exec-4] w.c.HttpSessionSecurityContextRepository : Stored SecurityContextImpl [Authentication=UsernamePasswordAuthenticationToken [Principal=recipes.security.SecurityUserDetails@39b0337d, Credentials=[PROTECTED], Authenticated=true, Details=WebAuthenticationDetails [RemoteIpAddress=127.0.0.1, SessionId=null], Granted Authorities=[]]] to HttpSession [org.apache.catalina.session.StandardSessionFacade@72fee92e]
?[0m?[0;34m2023-04-07 15:35:24.349 DEBUG 12456 --- [nio-8881-exec-4] s.s.w.c.SecurityContextPersistenceFilter : Cleared SecurityContextHolder to complete request
?[1;31m
Start test 38?[0m
?[0m?[0;34m2023-04-07 15:35:24.354 DEBUG 12456 --- [nio-8881-exec-2] o.s.security.web.FilterChainProxy        : Securing GET /api/recipe/search/?name=should_return_empty_array_2
?[0m?[0;34m2023-04-07 15:35:24.354 DEBUG 12456 --- [nio-8881-exec-2] s.s.w.c.SecurityContextPersistenceFilter : Set SecurityContextHolder to empty SecurityContext
?[0m?[0;34m2023-04-07 15:35:24.354 DEBUG 12456 --- [nio-8881-exec-2] tor$SharedEntityManagerInvocationHandler : Creating new EntityManager for shared EntityManager invocation
?[0m?[0;34mHibernate: 
?[0m?[0;34m    select
?[0m?[0;34m        user0_.id as id1_3_,
?[0m?[0;34m        user0_.email as email2_3_,
?[0m?[0;34m        user0_.password as password3_3_ 
?[0m?[0;34m    from
?[0m?[0;34m        users user0_ 
?[0m?[0;34m    where
?[0m?[0;34m        user0_.email=?
?[0m?[0;34mHibernate: 
?[0m?[0;34m    select
?[0m?[0;34m        recipes0_.user_id as user_id6_2_0_,
?[0m?[0;34m        recipes0_.id as id1_2_0_,
?[0m?[0;34m        recipes0_.id as id1_2_1_,
?[0m?[0;34m        recipes0_.category as category2_2_1_,
?[0m?[0;34m        recipes0_.date as date3_2_1_,
?[0m?[0;34m        recipes0_.description as descript4_2_1_,
?[0m?[0;34m        recipes0_.name as name5_2_1_,
?[0m?[0;34m        recipes0_.user_id as user_id6_2_1_ 
?[0m?[0;34m    from
?[0m?[0;34m        recipe recipes0_ 
?[0m?[0;34m    where
?[0m?[0;34m        recipes0_.user_id=?
?[0m?[0;34m2023-04-07 15:35:24.422 DEBUG 12456 --- [nio-8881-exec-2] o.s.s.a.dao.DaoAuthenticationProvider    : Authenticated user
?[0m?[0;34m2023-04-07 15:35:24.422 DEBUG 12456 --- [nio-8881-exec-2] o.s.s.w.a.www.BasicAuthenticationFilter  : Set SecurityContextHolder to UsernamePasswordAuthenticationToken [Principal=recipes.security.SecurityUserDetails@4a5313af, Credentials=[PROTECTED], Authenticated=true, Details=WebAuthenticationDetails [RemoteIpAddress=127.0.0.1, SessionId=null], Granted Authorities=[]]
?[0m?[0;34m2023-04-07 15:35:24.423 DEBUG 12456 --- [nio-8881-exec-2] w.c.HttpSessionSecurityContextRepository : Created HttpSession as SecurityContext is non-default
?[0m?[0;34m2023-04-07 15:35:24.423 DEBUG 12456 --- [nio-8881-exec-2] w.c.HttpSessionSecurityContextRepository : Stored SecurityContextImpl [Authentication=UsernamePasswordAuthenticationToken [Principal=recipes.security.SecurityUserDetails@4a5313af, Credentials=[PROTECTED], Authenticated=true, Details=WebAuthenticationDetails [RemoteIpAddress=127.0.0.1, SessionId=null], Granted Authorities=[]]] to HttpSession [org.apache.catalina.session.StandardSessionFacade@42143a39]
?[0m?[0;34m2023-04-07 15:35:24.423 DEBUG 12456 --- [nio-8881-exec-2] o.s.security.web.FilterChainProxy        : Secured GET /api/recipe/search/?name=should_return_empty_array_2
?[0m?[0;34m2023-04-07 15:35:24.423 DEBUG 12456 --- [nio-8881-exec-2] o.s.web.servlet.DispatcherServlet        : GET "/api/recipe/search/?name=should_return_empty_array_2", parameters={masked}
?[0m?[0;34m2023-04-07 15:35:24.423 DEBUG 12456 --- [nio-8881-exec-2] s.w.s.m.m.a.RequestMappingHandlerMapping : Mapped to recipes.controller.RecipeController#search(String, String)
?[0m?[0;34m2023-04-07 15:35:24.423 DEBUG 12456 --- [nio-8881-exec-2] o.j.s.OpenEntityManagerInViewInterceptor : Opening JPA EntityManager in OpenEntityManagerInViewInterceptor
?[0m?[0;34mHibernate: 
?[0m?[0;34m    select
?[0m?[0;34m        recipe0_.id as id1_2_,
?[0m?[0;34m        recipe0_.category as category2_2_,
?[0m?[0;34m        recipe0_.date as date3_2_,
?[0m?[0;34m        recipe0_.description as descript4_2_,
?[0m?[0;34m        recipe0_.name as name5_2_,
?[0m?[0;34m        recipe0_.user_id as user_id6_2_ 
?[0m?[0;34m    from
?[0m?[0;34m        recipe recipe0_ 
?[0m?[0;34m    where
?[0m?[0;34m        upper(recipe0_.name) like upper(?) escape ? 
?[0m?[0;34m    order by
?[0m?[0;34m        recipe0_.date desc
?[0m?[0;34m2023-04-07 15:35:24.425 DEBUG 12456 --- [nio-8881-exec-2] o.s.w.s.m.m.a.HttpEntityMethodProcessor  : Using 'application/json', given [*/*] and supported [application/json, application/*+json, application/json, application/*+json]
?[0m?[0;34m2023-04-07 15:35:24.425 DEBUG 12456 --- [nio-8881-exec-2] o.s.w.s.m.m.a.HttpEntityMethodProcessor  : Writing [[]]
?[0m?[0;34m2023-04-07 15:35:24.426 DEBUG 12456 --- [nio-8881-exec-2] w.c.HttpSessionSecurityContextRepository : Stored SecurityContextImpl [Authentication=UsernamePasswordAuthenticationToken [Principal=recipes.security.SecurityUserDetails@4a5313af, Credentials=[PROTECTED], Authenticated=true, Details=WebAuthenticationDetails [RemoteIpAddress=127.0.0.1, SessionId=null], Granted Authorities=[]]] to HttpSession [org.apache.catalina.session.StandardSessionFacade@42143a39]
?[0m?[0;34m2023-04-07 15:35:24.426 DEBUG 12456 --- [nio-8881-exec-2] o.j.s.OpenEntityManagerInViewInterceptor : Closing JPA EntityManager in OpenEntityManagerInViewInterceptor
?[0m?[0;34m2023-04-07 15:35:24.426 DEBUG 12456 --- [nio-8881-exec-2] o.s.web.servlet.DispatcherServlet        : Completed 200 OK
?[0m?[0;34m2023-04-07 15:35:24.426 DEBUG 12456 --- [nio-8881-exec-2] w.c.HttpSessionSecurityContextRepository : Stored SecurityContextImpl [Authentication=UsernamePasswordAuthenticationToken [Principal=recipes.security.SecurityUserDetails@4a5313af, Credentials=[PROTECTED], Authenticated=true, Details=WebAuthenticationDetails [RemoteIpAddress=127.0.0.1, SessionId=null], Granted Authorities=[]]] to HttpSession [org.apache.catalina.session.StandardSessionFacade@42143a39]
?[0m?[0;34m2023-04-07 15:35:24.427 DEBUG 12456 --- [nio-8881-exec-2] s.s.w.c.SecurityContextPersistenceFilter : Cleared SecurityContextHolder to complete request
?[1;31m
Start test 39?[0m
?[0m?[0;34m2023-04-07 15:35:24.432 DEBUG 12456 --- [nio-8881-exec-1] o.s.security.web.FilterChainProxy        : Securing GET /api/recipe/search/
?[0m?[0;34m2023-04-07 15:35:24.432 DEBUG 12456 --- [nio-8881-exec-1] s.s.w.c.SecurityContextPersistenceFilter : Set SecurityContextHolder to empty SecurityContext
?[0m?[0;34m2023-04-07 15:35:24.433 DEBUG 12456 --- [nio-8881-exec-1] tor$SharedEntityManagerInvocationHandler : Creating new EntityManager for shared EntityManager invocation
?[0m?[0;34mHibernate: 
?[0m?[0;34m    select
?[0m?[0;34m        user0_.id as id1_3_,
?[0m?[0;34m        user0_.email as email2_3_,
?[0m?[0;34m        user0_.password as password3_3_ 
?[0m?[0;34m    from
?[0m?[0;34m        users user0_ 
?[0m?[0;34m    where
?[0m?[0;34m        user0_.email=?
?[0m?[0;34mHibernate: 
?[0m?[0;34m    select
?[0m?[0;34m        recipes0_.user_id as user_id6_2_0_,
?[0m?[0;34m        recipes0_.id as id1_2_0_,
?[0m?[0;34m        recipes0_.id as id1_2_1_,
?[0m?[0;34m        recipes0_.category as category2_2_1_,
?[0m?[0;34m        recipes0_.date as date3_2_1_,
?[0m?[0;34m        recipes0_.description as descript4_2_1_,
?[0m?[0;34m        recipes0_.name as name5_2_1_,
?[0m?[0;34m        recipes0_.user_id as user_id6_2_1_ 
?[0m?[0;34m    from
?[0m?[0;34m        recipe recipes0_ 
?[0m?[0;34m    where
?[0m?[0;34m        recipes0_.user_id=?
?[0m?[0;34m2023-04-07 15:35:24.496 DEBUG 12456 --- [nio-8881-exec-1] o.s.s.a.dao.DaoAuthenticationProvider    : Authenticated user
?[0m?[0;34m2023-04-07 15:35:24.497 DEBUG 12456 --- [nio-8881-exec-1] o.s.s.w.a.www.BasicAuthenticationFilter  : Set SecurityContextHolder to UsernamePasswordAuthenticationToken [Principal=recipes.security.SecurityUserDetails@273f48d3, Credentials=[PROTECTED], Authenticated=true, Details=WebAuthenticationDetails [RemoteIpAddress=127.0.0.1, SessionId=null], Granted Authorities=[]]
?[0m?[0;34m2023-04-07 15:35:24.497 DEBUG 12456 --- [nio-8881-exec-1] w.c.HttpSessionSecurityContextRepository : Created HttpSession as SecurityContext is non-default
?[0m?[0;34m2023-04-07 15:35:24.497 DEBUG 12456 --- [nio-8881-exec-1] w.c.HttpSessionSecurityContextRepository : Stored SecurityContextImpl [Authentication=UsernamePasswordAuthenticationToken [Principal=recipes.security.SecurityUserDetails@273f48d3, Credentials=[PROTECTED], Authenticated=true, Details=WebAuthenticationDetails [RemoteIpAddress=127.0.0.1, SessionId=null], Granted Authorities=[]]] to HttpSession [org.apache.catalina.session.StandardSessionFacade@ed978c8]
?[0m?[0;34m2023-04-07 15:35:24.497 DEBUG 12456 --- [nio-8881-exec-1] o.s.security.web.FilterChainProxy        : Secured GET /api/recipe/search/
?[0m?[0;34m2023-04-07 15:35:24.497 DEBUG 12456 --- [nio-8881-exec-1] o.s.web.servlet.DispatcherServlet        : GET "/api/recipe/search/", parameters={}
?[0m?[0;34m2023-04-07 15:35:24.498 DEBUG 12456 --- [nio-8881-exec-1] s.w.s.m.m.a.RequestMappingHandlerMapping : Mapped to recipes.controller.RecipeController#search(String, String)
?[0m?[0;34m2023-04-07 15:35:24.498 DEBUG 12456 --- [nio-8881-exec-1] o.j.s.OpenEntityManagerInViewInterceptor : Opening JPA EntityManager in OpenEntityManagerInViewInterceptor
?[0m?[0;34m2023-04-07 15:35:24.499 DEBUG 12456 --- [nio-8881-exec-1] o.s.w.s.m.m.a.HttpEntityMethodProcessor  : Using 'application/json', given [*/*] and supported [application/json, application/*+json, application/json, application/*+json]
?[0m?[0;34m2023-04-07 15:35:24.499 DEBUG 12456 --- [nio-8881-exec-1] o.s.w.s.m.m.a.HttpEntityMethodProcessor  : Nothing to write: null body
?[0m?[0;34m2023-04-07 15:35:24.499 DEBUG 12456 --- [nio-8881-exec-1] o.j.s.OpenEntityManagerInViewInterceptor : Closing JPA EntityManager in OpenEntityManagerInViewInterceptor
?[0m?[0;34m2023-04-07 15:35:24.499 DEBUG 12456 --- [nio-8881-exec-1] o.s.web.servlet.DispatcherServlet        : Completed 400 BAD_REQUEST
?[0m?[0;34m2023-04-07 15:35:24.499 DEBUG 12456 --- [nio-8881-exec-1] w.c.HttpSessionSecurityContextRepository : Stored SecurityContextImpl [Authentication=UsernamePasswordAuthenticationToken [Principal=recipes.security.SecurityUserDetails@273f48d3, Credentials=[PROTECTED], Authenticated=true, Details=WebAuthenticationDetails [RemoteIpAddress=127.0.0.1, SessionId=null], Granted Authorities=[]]] to HttpSession [org.apache.catalina.session.StandardSessionFacade@ed978c8]
?[0m?[0;34m2023-04-07 15:35:24.499 DEBUG 12456 --- [nio-8881-exec-1] s.s.w.c.SecurityContextPersistenceFilter : Cleared SecurityContextHolder to complete request
?[1;31m
Start test 40?[0m
?[0m?[0;34m2023-04-07 15:35:24.504 DEBUG 12456 --- [nio-8881-exec-3] o.s.security.web.FilterChainProxy        : Securing GET /api/recipe/search/?key0=value0
?[0m?[0;34m2023-04-07 15:35:24.504 DEBUG 12456 --- [nio-8881-exec-3] s.s.w.c.SecurityContextPersistenceFilter : Set SecurityContextHolder to empty SecurityContext
?[0m?[0;34m2023-04-07 15:35:24.505 DEBUG 12456 --- [nio-8881-exec-3] tor$SharedEntityManagerInvocationHandler : Creating new EntityManager for shared EntityManager invocation
?[0m?[0;34mHibernate: 
?[0m?[0;34m    select
?[0m?[0;34m        user0_.id as id1_3_,
?[0m?[0;34m        user0_.email as email2_3_,
?[0m?[0;34m        user0_.password as password3_3_ 
?[0m?[0;34m    from
?[0m?[0;34m        users user0_ 
?[0m?[0;34m    where
?[0m?[0;34m        user0_.email=?
?[0m?[0;34mHibernate: 
?[0m?[0;34m    select
?[0m?[0;34m        recipes0_.user_id as user_id6_2_0_,
?[0m?[0;34m        recipes0_.id as id1_2_0_,
?[0m?[0;34m        recipes0_.id as id1_2_1_,
?[0m?[0;34m        recipes0_.category as category2_2_1_,
?[0m?[0;34m        recipes0_.date as date3_2_1_,
?[0m?[0;34m        recipes0_.description as descript4_2_1_,
?[0m?[0;34m        recipes0_.name as name5_2_1_,
?[0m?[0;34m        recipes0_.user_id as user_id6_2_1_ 
?[0m?[0;34m    from
?[0m?[0;34m        recipe recipes0_ 
?[0m?[0;34m    where
?[0m?[0;34m        recipes0_.user_id=?
?[0m?[0;34m2023-04-07 15:35:24.569 DEBUG 12456 --- [nio-8881-exec-3] o.s.s.a.dao.DaoAuthenticationProvider    : Authenticated user
?[0m?[0;34m2023-04-07 15:35:24.569 DEBUG 12456 --- [nio-8881-exec-3] o.s.s.w.a.www.BasicAuthenticationFilter  : Set SecurityContextHolder to UsernamePasswordAuthenticationToken [Principal=recipes.security.SecurityUserDetails@43179cc7, Credentials=[PROTECTED], Authenticated=true, Details=WebAuthenticationDetails [RemoteIpAddress=127.0.0.1, SessionId=null], Granted Authorities=[]]
?[0m?[0;34m2023-04-07 15:35:24.569 DEBUG 12456 --- [nio-8881-exec-3] w.c.HttpSessionSecurityContextRepository : Created HttpSession as SecurityContext is non-default
?[0m?[0;34m2023-04-07 15:35:24.569 DEBUG 12456 --- [nio-8881-exec-3] w.c.HttpSessionSecurityContextRepository : Stored SecurityContextImpl [Authentication=UsernamePasswordAuthenticationToken [Principal=recipes.security.SecurityUserDetails@43179cc7, Credentials=[PROTECTED], Authenticated=true, Details=WebAuthenticationDetails [RemoteIpAddress=127.0.0.1, SessionId=null], Granted Authorities=[]]] to HttpSession [org.apache.catalina.session.StandardSessionFacade@17aa60a8]
?[0m?[0;34m2023-04-07 15:35:24.569 DEBUG 12456 --- [nio-8881-exec-3] o.s.security.web.FilterChainProxy        : Secured GET /api/recipe/search/?key0=value0
?[0m?[0;34m2023-04-07 15:35:24.570 DEBUG 12456 --- [nio-8881-exec-3] o.s.web.servlet.DispatcherServlet        : GET "/api/recipe/search/?key0=value0", parameters={masked}
?[0m?[0;34m2023-04-07 15:35:24.570 DEBUG 12456 --- [nio-8881-exec-3] s.w.s.m.m.a.RequestMappingHandlerMapping : Mapped to recipes.controller.RecipeController#search(String, String)
?[0m?[0;34m2023-04-07 15:35:24.570 DEBUG 12456 --- [nio-8881-exec-3] o.j.s.OpenEntityManagerInViewInterceptor : Opening JPA EntityManager in OpenEntityManagerInViewInterceptor
?[0m?[0;34m2023-04-07 15:35:24.570 DEBUG 12456 --- [nio-8881-exec-3] o.s.w.s.m.m.a.HttpEntityMethodProcessor  : Using 'application/json', given [*/*] and supported [application/json, application/*+json, application/json, application/*+json]
?[0m?[0;34m2023-04-07 15:35:24.571 DEBUG 12456 --- [nio-8881-exec-3] o.s.w.s.m.m.a.HttpEntityMethodProcessor  : Nothing to write: null body
?[0m?[0;34m2023-04-07 15:35:24.571 DEBUG 12456 --- [nio-8881-exec-3] o.j.s.OpenEntityManagerInViewInterceptor : Closing JPA EntityManager in OpenEntityManagerInViewInterceptor
?[0m?[0;34m2023-04-07 15:35:24.571 DEBUG 12456 --- [nio-8881-exec-3] o.s.web.servlet.DispatcherServlet        : Completed 400 BAD_REQUEST
?[0m?[0;34m2023-04-07 15:35:24.571 DEBUG 12456 --- [nio-8881-exec-3] w.c.HttpSessionSecurityContextRepository : Stored SecurityContextImpl [Authentication=UsernamePasswordAuthenticationToken [Principal=recipes.security.SecurityUserDetails@43179cc7, Credentials=[PROTECTED], Authenticated=true, Details=WebAuthenticationDetails [RemoteIpAddress=127.0.0.1, SessionId=null], Granted Authorities=[]]] to HttpSession [org.apache.catalina.session.StandardSessionFacade@17aa60a8]
?[0m?[0;34m2023-04-07 15:35:24.571 DEBUG 12456 --- [nio-8881-exec-3] s.s.w.c.SecurityContextPersistenceFilter : Cleared SecurityContextHolder to complete request
?[1;31m
Start test 41?[0m
?[0m?[0;34m2023-04-07 15:35:24.576 DEBUG 12456 --- [nio-8881-exec-7] o.s.security.web.FilterChainProxy        : Securing GET /api/recipe/search/?key0=value0&key1=value1
?[0m?[0;34m2023-04-07 15:35:24.577 DEBUG 12456 --- [nio-8881-exec-7] s.s.w.c.SecurityContextPersistenceFilter : Set SecurityContextHolder to empty SecurityContext
?[0m?[0;34m2023-04-07 15:35:24.577 DEBUG 12456 --- [nio-8881-exec-7] tor$SharedEntityManagerInvocationHandler : Creating new EntityManager for shared EntityManager invocation
?[0m?[0;34mHibernate: 
?[0m?[0;34m    select
?[0m?[0;34m        user0_.id as id1_3_,
?[0m?[0;34m        user0_.email as email2_3_,
?[0m?[0;34m        user0_.password as password3_3_ 
?[0m?[0;34m    from
?[0m?[0;34m        users user0_ 
?[0m?[0;34m    where
?[0m?[0;34m        user0_.email=?
?[0m?[0;34mHibernate: 
?[0m?[0;34m    select
?[0m?[0;34m        recipes0_.user_id as user_id6_2_0_,
?[0m?[0;34m        recipes0_.id as id1_2_0_,
?[0m?[0;34m        recipes0_.id as id1_2_1_,
?[0m?[0;34m        recipes0_.category as category2_2_1_,
?[0m?[0;34m        recipes0_.date as date3_2_1_,
?[0m?[0;34m        recipes0_.description as descript4_2_1_,
?[0m?[0;34m        recipes0_.name as name5_2_1_,
?[0m?[0;34m        recipes0_.user_id as user_id6_2_1_ 
?[0m?[0;34m    from
?[0m?[0;34m        recipe recipes0_ 
?[0m?[0;34m    where
?[0m?[0;34m        recipes0_.user_id=?
?[0m?[0;34m2023-04-07 15:35:24.640 DEBUG 12456 --- [nio-8881-exec-7] o.s.s.a.dao.DaoAuthenticationProvider    : Authenticated user
?[0m?[0;34m2023-04-07 15:35:24.640 DEBUG 12456 --- [nio-8881-exec-7] o.s.s.w.a.www.BasicAuthenticationFilter  : Set SecurityContextHolder to UsernamePasswordAuthenticationToken [Principal=recipes.security.SecurityUserDetails@2c38d076, Credentials=[PROTECTED], Authenticated=true, Details=WebAuthenticationDetails [RemoteIpAddress=127.0.0.1, SessionId=null], Granted Authorities=[]]
?[0m?[0;34m2023-04-07 15:35:24.640 DEBUG 12456 --- [nio-8881-exec-7] w.c.HttpSessionSecurityContextRepository : Created HttpSession as SecurityContext is non-default
?[0m?[0;34m2023-04-07 15:35:24.640 DEBUG 12456 --- [nio-8881-exec-7] w.c.HttpSessionSecurityContextRepository : Stored SecurityContextImpl [Authentication=UsernamePasswordAuthenticationToken [Principal=recipes.security.SecurityUserDetails@2c38d076, Credentials=[PROTECTED], Authenticated=true, Details=WebAuthenticationDetails [RemoteIpAddress=127.0.0.1, SessionId=null], Granted Authorities=[]]] to HttpSession [org.apache.catalina.session.StandardSessionFacade@4902e5b2]
?[0m?[0;34m2023-04-07 15:35:24.640 DEBUG 12456 --- [nio-8881-exec-7] o.s.security.web.FilterChainProxy        : Secured GET /api/recipe/search/?key0=value0&key1=value1
?[0m?[0;34m2023-04-07 15:35:24.640 DEBUG 12456 --- [nio-8881-exec-7] o.s.web.servlet.DispatcherServlet        : GET "/api/recipe/search/?key0=value0&key1=value1", parameters={masked}
?[0m?[0;34m2023-04-07 15:35:24.641 DEBUG 12456 --- [nio-8881-exec-7] s.w.s.m.m.a.RequestMappingHandlerMapping : Mapped to recipes.controller.RecipeController#search(String, String)
?[0m?[0;34m2023-04-07 15:35:24.641 DEBUG 12456 --- [nio-8881-exec-7] o.j.s.OpenEntityManagerInViewInterceptor : Opening JPA EntityManager in OpenEntityManagerInViewInterceptor
?[0m?[0;34m2023-04-07 15:35:24.641 DEBUG 12456 --- [nio-8881-exec-7] o.s.w.s.m.m.a.HttpEntityMethodProcessor  : Using 'application/json', given [*/*] and supported [application/json, application/*+json, application/json, application/*+json]
?[0m?[0;34m2023-04-07 15:35:24.641 DEBUG 12456 --- [nio-8881-exec-7] o.s.w.s.m.m.a.HttpEntityMethodProcessor  : Nothing to write: null body
?[0m?[0;34m2023-04-07 15:35:24.641 DEBUG 12456 --- [nio-8881-exec-7] o.j.s.OpenEntityManagerInViewInterceptor : Closing JPA EntityManager in OpenEntityManagerInViewInterceptor
?[0m?[0;34m2023-04-07 15:35:24.642 DEBUG 12456 --- [nio-8881-exec-7] o.s.web.servlet.DispatcherServlet        : Completed 400 BAD_REQUEST
?[0m?[0;34m2023-04-07 15:35:24.642 DEBUG 12456 --- [nio-8881-exec-7] w.c.HttpSessionSecurityContextRepository : Stored SecurityContextImpl [Authentication=UsernamePasswordAuthenticationToken [Principal=recipes.security.SecurityUserDetails@2c38d076, Credentials=[PROTECTED], Authenticated=true, Details=WebAuthenticationDetails [RemoteIpAddress=127.0.0.1, SessionId=null], Granted Authorities=[]]] to HttpSession [org.apache.catalina.session.StandardSessionFacade@4902e5b2]
?[0m?[0;34m2023-04-07 15:35:24.642 DEBUG 12456 --- [nio-8881-exec-7] s.s.w.c.SecurityContextPersistenceFilter : Cleared SecurityContextHolder to complete request
?[1;31m
Start test 42?[0m
?[0m?[0;34m2023-04-07 15:35:24.647 DEBUG 12456 --- [nio-8881-exec-8] o.s.security.web.FilterChainProxy        : Securing GET /api/recipe/search/?key0=value0&key1=value1&key2=value2&key3=value3&key4=value4
?[0m?[0;34m2023-04-07 15:35:24.648 DEBUG 12456 --- [nio-8881-exec-8] s.s.w.c.SecurityContextPersistenceFilter : Set SecurityContextHolder to empty SecurityContext
?[0m?[0;34m2023-04-07 15:35:24.648 DEBUG 12456 --- [nio-8881-exec-8] tor$SharedEntityManagerInvocationHandler : Creating new EntityManager for shared EntityManager invocation
?[0m?[0;34mHibernate: 
?[0m?[0;34m    select
?[0m?[0;34m        user0_.id as id1_3_,
?[0m?[0;34m        user0_.email as email2_3_,
?[0m?[0;34m        user0_.password as password3_3_ 
?[0m?[0;34m    from
?[0m?[0;34m        users user0_ 
?[0m?[0;34m    where
?[0m?[0;34m        user0_.email=?
?[0m?[0;34mHibernate: 
?[0m?[0;34m    select
?[0m?[0;34m        recipes0_.user_id as user_id6_2_0_,
?[0m?[0;34m        recipes0_.id as id1_2_0_,
?[0m?[0;34m        recipes0_.id as id1_2_1_,
?[0m?[0;34m        recipes0_.category as category2_2_1_,
?[0m?[0;34m        recipes0_.date as date3_2_1_,
?[0m?[0;34m        recipes0_.description as descript4_2_1_,
?[0m?[0;34m        recipes0_.name as name5_2_1_,
?[0m?[0;34m        recipes0_.user_id as user_id6_2_1_ 
?[0m?[0;34m    from
?[0m?[0;34m        recipe recipes0_ 
?[0m?[0;34m    where
?[0m?[0;34m        recipes0_.user_id=?
?[0m?[0;34m2023-04-07 15:35:24.711 DEBUG 12456 --- [nio-8881-exec-8] o.s.s.a.dao.DaoAuthenticationProvider    : Authenticated user
?[0m?[0;34m2023-04-07 15:35:24.711 DEBUG 12456 --- [nio-8881-exec-8] o.s.s.w.a.www.BasicAuthenticationFilter  : Set SecurityContextHolder to UsernamePasswordAuthenticationToken [Principal=recipes.security.SecurityUserDetails@184d37bb, Credentials=[PROTECTED], Authenticated=true, Details=WebAuthenticationDetails [RemoteIpAddress=127.0.0.1, SessionId=null], Granted Authorities=[]]
?[0m?[0;34m2023-04-07 15:35:24.711 DEBUG 12456 --- [nio-8881-exec-8] w.c.HttpSessionSecurityContextRepository : Created HttpSession as SecurityContext is non-default
?[0m?[0;34m2023-04-07 15:35:24.711 DEBUG 12456 --- [nio-8881-exec-8] w.c.HttpSessionSecurityContextRepository : Stored SecurityContextImpl [Authentication=UsernamePasswordAuthenticationToken [Principal=recipes.security.SecurityUserDetails@184d37bb, Credentials=[PROTECTED], Authenticated=true, Details=WebAuthenticationDetails [RemoteIpAddress=127.0.0.1, SessionId=null], Granted Authorities=[]]] to HttpSession [org.apache.catalina.session.StandardSessionFacade@73c8d49b]
?[0m?[0;34m2023-04-07 15:35:24.711 DEBUG 12456 --- [nio-8881-exec-8] o.s.security.web.FilterChainProxy        : Secured GET /api/recipe/search/?key0=value0&key1=value1&key2=value2&key3=value3&key4=value4
?[0m?[0;34m2023-04-07 15:35:24.711 DEBUG 12456 --- [nio-8881-exec-8] o.s.web.servlet.DispatcherServlet        : GET "/api/recipe/search/?key0=value0&key1=value1&key2=value2&key3=value3&key4=value4", parameters={masked}
?[0m?[0;34m2023-04-07 15:35:24.712 DEBUG 12456 --- [nio-8881-exec-8] s.w.s.m.m.a.RequestMappingHandlerMapping : Mapped to recipes.controller.RecipeController#search(String, String)
?[0m?[0;34m2023-04-07 15:35:24.712 DEBUG 12456 --- [nio-8881-exec-8] o.j.s.OpenEntityManagerInViewInterceptor : Opening JPA EntityManager in OpenEntityManagerInViewInterceptor
?[0m?[0;34m2023-04-07 15:35:24.712 DEBUG 12456 --- [nio-8881-exec-8] o.s.w.s.m.m.a.HttpEntityMethodProcessor  : Using 'application/json', given [*/*] and supported [application/json, application/*+json, application/json, application/*+json]
?[0m?[0;34m2023-04-07 15:35:24.712 DEBUG 12456 --- [nio-8881-exec-8] o.s.w.s.m.m.a.HttpEntityMethodProcessor  : Nothing to write: null body
?[0m?[0;34m2023-04-07 15:35:24.712 DEBUG 12456 --- [nio-8881-exec-8] o.j.s.OpenEntityManagerInViewInterceptor : Closing JPA EntityManager in OpenEntityManagerInViewInterceptor
?[0m?[0;34m2023-04-07 15:35:24.712 DEBUG 12456 --- [nio-8881-exec-8] o.s.web.servlet.DispatcherServlet        : Completed 400 BAD_REQUEST
?[0m?[0;34m2023-04-07 15:35:24.713 DEBUG 12456 --- [nio-8881-exec-8] w.c.HttpSessionSecurityContextRepository : Stored SecurityContextImpl [Authentication=UsernamePasswordAuthenticationToken [Principal=recipes.security.SecurityUserDetails@184d37bb, Credentials=[PROTECTED], Authenticated=true, Details=WebAuthenticationDetails [RemoteIpAddress=127.0.0.1, SessionId=null], Granted Authorities=[]]] to HttpSession [org.apache.catalina.session.StandardSessionFacade@73c8d49b]
?[0m?[0;34m2023-04-07 15:35:24.713 DEBUG 12456 --- [nio-8881-exec-8] s.s.w.c.SecurityContextPersistenceFilter : Cleared SecurityContextHolder to complete request
?[1;31m
Start test 43?[0m
?[0m?[0;34m2023-04-07 15:35:24.717 DEBUG 12456 --- [nio-8881-exec-9] o.s.security.web.FilterChainProxy        : Securing POST /api/recipe/new
?[0m?[0;34m2023-04-07 15:35:24.717 DEBUG 12456 --- [nio-8881-exec-9] s.s.w.c.SecurityContextPersistenceFilter : Set SecurityContextHolder to empty SecurityContext
?[0m?[0;34m2023-04-07 15:35:24.717 DEBUG 12456 --- [nio-8881-exec-9] tor$SharedEntityManagerInvocationHandler : Creating new EntityManager for shared EntityManager invocation
?[0m?[0;34mHibernate: 
?[0m?[0;34m    select
?[0m?[0;34m        user0_.id as id1_3_,
?[0m?[0;34m        user0_.email as email2_3_,
?[0m?[0;34m        user0_.password as password3_3_ 
?[0m?[0;34m    from
?[0m?[0;34m        users user0_ 
?[0m?[0;34m    where
?[0m?[0;34m        user0_.email=?
?[0m?[0;34mHibernate: 
?[0m?[0;34m    select
?[0m?[0;34m        recipes0_.user_id as user_id6_2_0_,
?[0m?[0;34m        recipes0_.id as id1_2_0_,
?[0m?[0;34m        recipes0_.id as id1_2_1_,
?[0m?[0;34m        recipes0_.category as category2_2_1_,
?[0m?[0;34m        recipes0_.date as date3_2_1_,
?[0m?[0;34m        recipes0_.description as descript4_2_1_,
?[0m?[0;34m        recipes0_.name as name5_2_1_,
?[0m?[0;34m        recipes0_.user_id as user_id6_2_1_ 
?[0m?[0;34m    from
?[0m?[0;34m        recipe recipes0_ 
?[0m?[0;34m    where
?[0m?[0;34m        recipes0_.user_id=?
?[0m?[0;34m2023-04-07 15:35:24.778 DEBUG 12456 --- [nio-8881-exec-9] o.s.s.a.dao.DaoAuthenticationProvider    : Authenticated user
?[0m?[0;34m2023-04-07 15:35:24.778 DEBUG 12456 --- [nio-8881-exec-9] o.s.s.w.a.www.BasicAuthenticationFilter  : Set SecurityContextHolder to UsernamePasswordAuthenticationToken [Principal=recipes.security.SecurityUserDetails@1ac1dfa2, Credentials=[PROTECTED], Authenticated=true, Details=WebAuthenticationDetails [RemoteIpAddress=127.0.0.1, SessionId=null], Granted Authorities=[]]
?[0m?[0;34m2023-04-07 15:35:24.779 DEBUG 12456 --- [nio-8881-exec-9] w.c.HttpSessionSecurityContextRepository : Created HttpSession as SecurityContext is non-default
?[0m?[0;34m2023-04-07 15:35:24.779 DEBUG 12456 --- [nio-8881-exec-9] w.c.HttpSessionSecurityContextRepository : Stored SecurityContextImpl [Authentication=UsernamePasswordAuthenticationToken [Principal=recipes.security.SecurityUserDetails@1ac1dfa2, Credentials=[PROTECTED], Authenticated=true, Details=WebAuthenticationDetails [RemoteIpAddress=127.0.0.1, SessionId=null], Granted Authorities=[]]] to HttpSession [org.apache.catalina.session.StandardSessionFacade@1d50caf]
?[0m?[0;34m2023-04-07 15:35:24.779 DEBUG 12456 --- [nio-8881-exec-9] o.s.security.web.FilterChainProxy        : Secured POST /api/recipe/new
?[0m?[0;34m2023-04-07 15:35:24.779 DEBUG 12456 --- [nio-8881-exec-9] o.s.web.servlet.DispatcherServlet        : POST "/api/recipe/new", parameters={}
?[0m?[0;34m2023-04-07 15:35:24.779 DEBUG 12456 --- [nio-8881-exec-9] s.w.s.m.m.a.RequestMappingHandlerMapping : Mapped to recipes.controller.RecipeController#sava(SecurityUserDetails, RecipeDTO)
?[0m?[0;34m2023-04-07 15:35:24.779 DEBUG 12456 --- [nio-8881-exec-9] o.j.s.OpenEntityManagerInViewInterceptor : Opening JPA EntityManager in OpenEntityManagerInViewInterceptor
?[0m?[0;34m2023-04-07 15:35:24.780 DEBUG 12456 --- [nio-8881-exec-9] m.m.a.RequestResponseBodyMethodProcessor : Read "application/json;charset=UTF-8" to [RecipeDTO(name=null, category=beverage, date=null, description=Light, aromatic and refreshing bevera (truncated)...]
?[0m?[0;34m2023-04-07 15:35:24.787 DEBUG 12456 --- [nio-8881-exec-9] w.c.HttpSessionSecurityContextRepository : Stored SecurityContextImpl [Authentication=UsernamePasswordAuthenticationToken [Principal=recipes.security.SecurityUserDetails@1ac1dfa2, Credentials=[PROTECTED], Authenticated=true, Details=WebAuthenticationDetails [RemoteIpAddress=127.0.0.1, SessionId=null], Granted Authorities=[]]] to HttpSession [org.apache.catalina.session.StandardSessionFacade@1d50caf]
?[0m?[0;34m2023-04-07 15:35:24.787  WARN 12456 --- [nio-8881-exec-9] .w.s.m.s.DefaultHandlerExceptionResolver : Resolved [org.springframework.web.bind.MethodArgumentNotValidException: Validation failed for argument [1] in public org.springframework.http.ResponseEntity<java.util.Map<java.lang.String, java.lang.Long>> recipes.controller.RecipeController.sava(recipes.security.SecurityUserDetails,recipes.dto.RecipeDTO): [Field error in object 'recipeDTO' on field 'name': rejected value [null]; codes [NotBlank.recipeDTO.name,NotBlank.name,NotBlank.java.lang.String,NotBlank]; arguments [org.springframework.context.support.DefaultMessageSourceResolvable: codes [recipeDTO.name,name]; arguments []; default message [name]]; default message [must not be blank]] ]
?[0m?[0;34m2023-04-07 15:35:24.787 DEBUG 12456 --- [nio-8881-exec-9] o.j.s.OpenEntityManagerInViewInterceptor : Closing JPA EntityManager in OpenEntityManagerInViewInterceptor
?[0m?[0;34m2023-04-07 15:35:24.787 DEBUG 12456 --- [nio-8881-exec-9] o.s.web.servlet.DispatcherServlet        : Completed 400 BAD_REQUEST
?[0m?[0;34m2023-04-07 15:35:24.787 DEBUG 12456 --- [nio-8881-exec-9] w.c.HttpSessionSecurityContextRepository : Stored SecurityContextImpl [Authentication=UsernamePasswordAuthenticationToken [Principal=recipes.security.SecurityUserDetails@1ac1dfa2, Credentials=[PROTECTED], Authenticated=true, Details=WebAuthenticationDetails [RemoteIpAddress=127.0.0.1, SessionId=null], Granted Authorities=[]]] to HttpSession [org.apache.catalina.session.StandardSessionFacade@1d50caf]
?[0m?[0;34m2023-04-07 15:35:24.787 DEBUG 12456 --- [nio-8881-exec-9] s.s.w.c.SecurityContextPersistenceFilter : Cleared SecurityContextHolder to complete request
?[0m?[0;34m2023-04-07 15:35:24.788 DEBUG 12456 --- [nio-8881-exec-9] o.s.security.web.FilterChainProxy        : Securing POST /error
?[0m?[0;34m2023-04-07 15:35:24.788 DEBUG 12456 --- [nio-8881-exec-9] w.c.HttpSessionSecurityContextRepository : Retrieved SecurityContextImpl [Authentication=UsernamePasswordAuthenticationToken [Principal=recipes.security.SecurityUserDetails@1ac1dfa2, Credentials=[PROTECTED], Authenticated=true, Details=WebAuthenticationDetails [RemoteIpAddress=127.0.0.1, SessionId=null], Granted Authorities=[]]]
?[0m?[0;34m2023-04-07 15:35:24.788 DEBUG 12456 --- [nio-8881-exec-9] s.s.w.c.SecurityContextPersistenceFilter : Set SecurityContextHolder to SecurityContextImpl [Authentication=UsernamePasswordAuthenticationToken [Principal=recipes.security.SecurityUserDetails@1ac1dfa2, Credentials=[PROTECTED], Authenticated=true, Details=WebAuthenticationDetails [RemoteIpAddress=127.0.0.1, SessionId=null], Granted Authorities=[]]]
?[0m?[0;34m2023-04-07 15:35:24.788 DEBUG 12456 --- [nio-8881-exec-9] o.s.security.web.FilterChainProxy        : Secured POST /error
?[0m?[0;34m2023-04-07 15:35:24.788 DEBUG 12456 --- [nio-8881-exec-9] o.s.web.servlet.DispatcherServlet        : "ERROR" dispatch for POST "/error", parameters={}
?[0m?[0;34m2023-04-07 15:35:24.788 DEBUG 12456 --- [nio-8881-exec-9] s.w.s.m.m.a.RequestMappingHandlerMapping : Mapped to org.springframework.boot.autoconfigure.web.servlet.error.BasicErrorController#error(HttpServletRequest)
?[0m?[0;34m2023-04-07 15:35:24.788 DEBUG 12456 --- [nio-8881-exec-9] o.j.s.OpenEntityManagerInViewInterceptor : Opening JPA EntityManager in OpenEntityManagerInViewInterceptor
?[0m?[0;34m2023-04-07 15:35:24.789 DEBUG 12456 --- [nio-8881-exec-9] o.s.w.s.m.m.a.HttpEntityMethodProcessor  : Using 'application/json', given [*/*] and supported [application/json, application/*+json, application/json, application/*+json]
?[0m?[0;34m2023-04-07 15:35:24.789 DEBUG 12456 --- [nio-8881-exec-9] o.s.w.s.m.m.a.HttpEntityMethodProcessor  : Writing [{timestamp=Fri Apr 07 15:35:24 EET 2023, status=400, error=Bad Request, path=/api/recipe/new}]
?[0m?[0;34m2023-04-07 15:35:24.790 DEBUG 12456 --- [nio-8881-exec-9] o.j.s.OpenEntityManagerInViewInterceptor : Closing JPA EntityManager in OpenEntityManagerInViewInterceptor
?[0m?[0;34m2023-04-07 15:35:24.791 DEBUG 12456 --- [nio-8881-exec-9] o.s.web.servlet.DispatcherServlet        : Exiting from "ERROR" dispatch, status 400
?[0m?[0;34m2023-04-07 15:35:24.791 DEBUG 12456 --- [nio-8881-exec-9] s.s.w.c.SecurityContextPersistenceFilter : Cleared SecurityContextHolder to complete request
?[1;31m
Start test 44?[0m
?[0m?[0;34m2023-04-07 15:35:24.796 DEBUG 12456 --- [io-8881-exec-10] o.s.security.web.FilterChainProxy        : Securing POST /api/recipe/new
?[0m?[0;34m2023-04-07 15:35:24.796 DEBUG 12456 --- [io-8881-exec-10] s.s.w.c.SecurityContextPersistenceFilter : Set SecurityContextHolder to empty SecurityContext
?[0m?[0;34m2023-04-07 15:35:24.797 DEBUG 12456 --- [io-8881-exec-10] tor$SharedEntityManagerInvocationHandler : Creating new EntityManager for shared EntityManager invocation
?[0m?[0;34mHibernate: 
?[0m?[0;34m    select
?[0m?[0;34m        user0_.id as id1_3_,
?[0m?[0;34m        user0_.email as email2_3_,
?[0m?[0;34m        user0_.password as password3_3_ 
?[0m?[0;34m    from
?[0m?[0;34m        users user0_ 
?[0m?[0;34m    where
?[0m?[0;34m        user0_.email=?
?[0m?[0;34mHibernate: 
?[0m?[0;34m    select
?[0m?[0;34m        recipes0_.user_id as user_id6_2_0_,
?[0m?[0;34m        recipes0_.id as id1_2_0_,
?[0m?[0;34m        recipes0_.id as id1_2_1_,
?[0m?[0;34m        recipes0_.category as category2_2_1_,
?[0m?[0;34m        recipes0_.date as date3_2_1_,
?[0m?[0;34m        recipes0_.description as descript4_2_1_,
?[0m?[0;34m        recipes0_.name as name5_2_1_,
?[0m?[0;34m        recipes0_.user_id as user_id6_2_1_ 
?[0m?[0;34m    from
?[0m?[0;34m        recipe recipes0_ 
?[0m?[0;34m    where
?[0m?[0;34m        recipes0_.user_id=?
?[0m?[0;34m2023-04-07 15:35:24.858 DEBUG 12456 --- [io-8881-exec-10] o.s.s.a.dao.DaoAuthenticationProvider    : Authenticated user
?[0m?[0;34m2023-04-07 15:35:24.858 DEBUG 12456 --- [io-8881-exec-10] o.s.s.w.a.www.BasicAuthenticationFilter  : Set SecurityContextHolder to UsernamePasswordAuthenticationToken [Principal=recipes.security.SecurityUserDetails@41a62c46, Credentials=[PROTECTED], Authenticated=true, Details=WebAuthenticationDetails [RemoteIpAddress=127.0.0.1, SessionId=null], Granted Authorities=[]]
?[0m?[0;34m2023-04-07 15:35:24.858 DEBUG 12456 --- [io-8881-exec-10] w.c.HttpSessionSecurityContextRepository : Created HttpSession as SecurityContext is non-default
?[0m?[0;34m2023-04-07 15:35:24.858 DEBUG 12456 --- [io-8881-exec-10] w.c.HttpSessionSecurityContextRepository : Stored SecurityContextImpl [Authentication=UsernamePasswordAuthenticationToken [Principal=recipes.security.SecurityUserDetails@41a62c46, Credentials=[PROTECTED], Authenticated=true, Details=WebAuthenticationDetails [RemoteIpAddress=127.0.0.1, SessionId=null], Granted Authorities=[]]] to HttpSession [org.apache.catalina.session.StandardSessionFacade@3d399708]
?[0m?[0;34m2023-04-07 15:35:24.858 DEBUG 12456 --- [io-8881-exec-10] o.s.security.web.FilterChainProxy        : Secured POST /api/recipe/new
?[0m?[0;34m2023-04-07 15:35:24.858 DEBUG 12456 --- [io-8881-exec-10] o.s.web.servlet.DispatcherServlet        : POST "/api/recipe/new", parameters={}
?[0m?[0;34m2023-04-07 15:35:24.859 DEBUG 12456 --- [io-8881-exec-10] s.w.s.m.m.a.RequestMappingHandlerMapping : Mapped to recipes.controller.RecipeController#sava(SecurityUserDetails, RecipeDTO)
?[0m?[0;34m2023-04-07 15:35:24.859 DEBUG 12456 --- [io-8881-exec-10] o.j.s.OpenEntityManagerInViewInterceptor : Opening JPA EntityManager in OpenEntityManagerInViewInterceptor
?[0m?[0;34m2023-04-07 15:35:24.859 DEBUG 12456 --- [io-8881-exec-10] m.m.a.RequestResponseBodyMethodProcessor : Read "application/json;charset=UTF-8" to [RecipeDTO(name=Fresh Mint Tea, category=null, date=null, description=Light, aromatic and refreshing  (truncated)...]
?[0m?[0;34m2023-04-07 15:35:24.860 DEBUG 12456 --- [io-8881-exec-10] w.c.HttpSessionSecurityContextRepository : Stored SecurityContextImpl [Authentication=UsernamePasswordAuthenticationToken [Principal=recipes.security.SecurityUserDetails@41a62c46, Credentials=[PROTECTED], Authenticated=true, Details=WebAuthenticationDetails [RemoteIpAddress=127.0.0.1, SessionId=null], Granted Authorities=[]]] to HttpSession [org.apache.catalina.session.StandardSessionFacade@3d399708]
?[0m?[0;34m2023-04-07 15:35:24.860  WARN 12456 --- [io-8881-exec-10] .w.s.m.s.DefaultHandlerExceptionResolver : Resolved [org.springframework.web.bind.MethodArgumentNotValidException: Validation failed for argument [1] in public org.springframework.http.ResponseEntity<java.util.Map<java.lang.String, java.lang.Long>> recipes.controller.RecipeController.sava(recipes.security.SecurityUserDetails,recipes.dto.RecipeDTO): [Field error in object 'recipeDTO' on field 'category': rejected value [null]; codes [NotBlank.recipeDTO.category,NotBlank.category,NotBlank.java.lang.String,NotBlank]; arguments [org.springframework.context.support.DefaultMessageSourceResolvable: codes [recipeDTO.category,category]; arguments []; default message [category]]; default message [must not be blank]] ]
?[0m?[0;34m2023-04-07 15:35:24.860 DEBUG 12456 --- [io-8881-exec-10] o.j.s.OpenEntityManagerInViewInterceptor : Closing JPA EntityManager in OpenEntityManagerInViewInterceptor
?[0m?[0;34m2023-04-07 15:35:24.860 DEBUG 12456 --- [io-8881-exec-10] o.s.web.servlet.DispatcherServlet        : Completed 400 BAD_REQUEST
?[0m?[0;34m2023-04-07 15:35:24.860 DEBUG 12456 --- [io-8881-exec-10] w.c.HttpSessionSecurityContextRepository : Stored SecurityContextImpl [Authentication=UsernamePasswordAuthenticationToken [Principal=recipes.security.SecurityUserDetails@41a62c46, Credentials=[PROTECTED], Authenticated=true, Details=WebAuthenticationDetails [RemoteIpAddress=127.0.0.1, SessionId=null], Granted Authorities=[]]] to HttpSession [org.apache.catalina.session.StandardSessionFacade@3d399708]
?[0m?[0;34m2023-04-07 15:35:24.860 DEBUG 12456 --- [io-8881-exec-10] s.s.w.c.SecurityContextPersistenceFilter : Cleared SecurityContextHolder to complete request
?[0m?[0;34m2023-04-07 15:35:24.861 DEBUG 12456 --- [io-8881-exec-10] o.s.security.web.FilterChainProxy        : Securing POST /error
?[0m?[0;34m2023-04-07 15:35:24.861 DEBUG 12456 --- [io-8881-exec-10] w.c.HttpSessionSecurityContextRepository : Retrieved SecurityContextImpl [Authentication=UsernamePasswordAuthenticationToken [Principal=recipes.security.SecurityUserDetails@41a62c46, Credentials=[PROTECTED], Authenticated=true, Details=WebAuthenticationDetails [RemoteIpAddress=127.0.0.1, SessionId=null], Granted Authorities=[]]]
?[0m?[0;34m2023-04-07 15:35:24.861 DEBUG 12456 --- [io-8881-exec-10] s.s.w.c.SecurityContextPersistenceFilter : Set SecurityContextHolder to SecurityContextImpl [Authentication=UsernamePasswordAuthenticationToken [Principal=recipes.security.SecurityUserDetails@41a62c46, Credentials=[PROTECTED], Authenticated=true, Details=WebAuthenticationDetails [RemoteIpAddress=127.0.0.1, SessionId=null], Granted Authorities=[]]]
?[0m?[0;34m2023-04-07 15:35:24.861 DEBUG 12456 --- [io-8881-exec-10] o.s.security.web.FilterChainProxy        : Secured POST /error
?[0m?[0;34m2023-04-07 15:35:24.861 DEBUG 12456 --- [io-8881-exec-10] o.s.web.servlet.DispatcherServlet        : "ERROR" dispatch for POST "/error", parameters={}
?[0m?[0;34m2023-04-07 15:35:24.861 DEBUG 12456 --- [io-8881-exec-10] s.w.s.m.m.a.RequestMappingHandlerMapping : Mapped to org.springframework.boot.autoconfigure.web.servlet.error.BasicErrorController#error(HttpServletRequest)
?[0m?[0;34m2023-04-07 15:35:24.862 DEBUG 12456 --- [io-8881-exec-10] o.j.s.OpenEntityManagerInViewInterceptor : Opening JPA EntityManager in OpenEntityManagerInViewInterceptor
?[0m?[0;34m2023-04-07 15:35:24.862 DEBUG 12456 --- [io-8881-exec-10] o.s.w.s.m.m.a.HttpEntityMethodProcessor  : Using 'application/json', given [*/*] and supported [application/json, application/*+json, application/json, application/*+json]
?[0m?[0;34m2023-04-07 15:35:24.862 DEBUG 12456 --- [io-8881-exec-10] o.s.w.s.m.m.a.HttpEntityMethodProcessor  : Writing [{timestamp=Fri Apr 07 15:35:24 EET 2023, status=400, error=Bad Request, path=/api/recipe/new}]
?[0m?[0;34m2023-04-07 15:35:24.863 DEBUG 12456 --- [io-8881-exec-10] o.j.s.OpenEntityManagerInViewInterceptor : Closing JPA EntityManager in OpenEntityManagerInViewInterceptor
?[0m?[0;34m2023-04-07 15:35:24.863 DEBUG 12456 --- [io-8881-exec-10] o.s.web.servlet.DispatcherServlet        : Exiting from "ERROR" dispatch, status 400
?[0m?[0;34m2023-04-07 15:35:24.863 DEBUG 12456 --- [io-8881-exec-10] s.s.w.c.SecurityContextPersistenceFilter : Cleared SecurityContextHolder to complete request
?[1;31m
Start test 45?[0m
?[0m?[0;34m2023-04-07 15:35:24.869 DEBUG 12456 --- [nio-8881-exec-5] o.s.security.web.FilterChainProxy        : Securing POST /api/recipe/new
?[0m?[0;34m2023-04-07 15:35:24.869 DEBUG 12456 --- [nio-8881-exec-5] s.s.w.c.SecurityContextPersistenceFilter : Set SecurityContextHolder to empty SecurityContext
?[0m?[0;34m2023-04-07 15:35:24.869 DEBUG 12456 --- [nio-8881-exec-5] tor$SharedEntityManagerInvocationHandler : Creating new EntityManager for shared EntityManager invocation
?[0m?[0;34mHibernate: 
?[0m?[0;34m    select
?[0m?[0;34m        user0_.id as id1_3_,
?[0m?[0;34m        user0_.email as email2_3_,
?[0m?[0;34m        user0_.password as password3_3_ 
?[0m?[0;34m    from
?[0m?[0;34m        users user0_ 
?[0m?[0;34m    where
?[0m?[0;34m        user0_.email=?
?[0m?[0;34mHibernate: 
?[0m?[0;34m    select
?[0m?[0;34m        recipes0_.user_id as user_id6_2_0_,
?[0m?[0;34m        recipes0_.id as id1_2_0_,
?[0m?[0;34m        recipes0_.id as id1_2_1_,
?[0m?[0;34m        recipes0_.category as category2_2_1_,
?[0m?[0;34m        recipes0_.date as date3_2_1_,
?[0m?[0;34m        recipes0_.description as descript4_2_1_,
?[0m?[0;34m        recipes0_.name as name5_2_1_,
?[0m?[0;34m        recipes0_.user_id as user_id6_2_1_ 
?[0m?[0;34m    from
?[0m?[0;34m        recipe recipes0_ 
?[0m?[0;34m    where
?[0m?[0;34m        recipes0_.user_id=?
?[0m?[0;34m2023-04-07 15:35:24.930 DEBUG 12456 --- [nio-8881-exec-5] o.s.s.a.dao.DaoAuthenticationProvider    : Authenticated user
?[0m?[0;34m2023-04-07 15:35:24.931 DEBUG 12456 --- [nio-8881-exec-5] o.s.s.w.a.www.BasicAuthenticationFilter  : Set SecurityContextHolder to UsernamePasswordAuthenticationToken [Principal=recipes.security.SecurityUserDetails@4d02a84b, Credentials=[PROTECTED], Authenticated=true, Details=WebAuthenticationDetails [RemoteIpAddress=127.0.0.1, SessionId=null], Granted Authorities=[]]
?[0m?[0;34m2023-04-07 15:35:24.931 DEBUG 12456 --- [nio-8881-exec-5] w.c.HttpSessionSecurityContextRepository : Created HttpSession as SecurityContext is non-default
?[0m?[0;34m2023-04-07 15:35:24.931 DEBUG 12456 --- [nio-8881-exec-5] w.c.HttpSessionSecurityContextRepository : Stored SecurityContextImpl [Authentication=UsernamePasswordAuthenticationToken [Principal=recipes.security.SecurityUserDetails@4d02a84b, Credentials=[PROTECTED], Authenticated=true, Details=WebAuthenticationDetails [RemoteIpAddress=127.0.0.1, SessionId=null], Granted Authorities=[]]] to HttpSession [org.apache.catalina.session.StandardSessionFacade@67b41ccb]
?[0m?[0;34m2023-04-07 15:35:24.931 DEBUG 12456 --- [nio-8881-exec-5] o.s.security.web.FilterChainProxy        : Secured POST /api/recipe/new
?[0m?[0;34m2023-04-07 15:35:24.931 DEBUG 12456 --- [nio-8881-exec-5] o.s.web.servlet.DispatcherServlet        : POST "/api/recipe/new", parameters={}
?[0m?[0;34m2023-04-07 15:35:24.932 DEBUG 12456 --- [nio-8881-exec-5] s.w.s.m.m.a.RequestMappingHandlerMapping : Mapped to recipes.controller.RecipeController#sava(SecurityUserDetails, RecipeDTO)
?[0m?[0;34m2023-04-07 15:35:24.932 DEBUG 12456 --- [nio-8881-exec-5] o.j.s.OpenEntityManagerInViewInterceptor : Opening JPA EntityManager in OpenEntityManagerInViewInterceptor
?[0m?[0;34m2023-04-07 15:35:24.932 DEBUG 12456 --- [nio-8881-exec-5] m.m.a.RequestResponseBodyMethodProcessor : Read "application/json;charset=UTF-8" to [RecipeDTO(name=Warming Ginger Tea, category=beverage, date=null, description=null, ingredients=[1 in (truncated)...]
?[0m?[0;34m2023-04-07 15:35:24.933 DEBUG 12456 --- [nio-8881-exec-5] w.c.HttpSessionSecurityContextRepository : Stored SecurityContextImpl [Authentication=UsernamePasswordAuthenticationToken [Principal=recipes.security.SecurityUserDetails@4d02a84b, Credentials=[PROTECTED], Authenticated=true, Details=WebAuthenticationDetails [RemoteIpAddress=127.0.0.1, SessionId=null], Granted Authorities=[]]] to HttpSession [org.apache.catalina.session.StandardSessionFacade@67b41ccb]
?[0m?[0;34m2023-04-07 15:35:24.933  WARN 12456 --- [nio-8881-exec-5] .w.s.m.s.DefaultHandlerExceptionResolver : Resolved [org.springframework.web.bind.MethodArgumentNotValidException: Validation failed for argument [1] in public org.springframework.http.ResponseEntity<java.util.Map<java.lang.String, java.lang.Long>> recipes.controller.RecipeController.sava(recipes.security.SecurityUserDetails,recipes.dto.RecipeDTO): [Field error in object 'recipeDTO' on field 'description': rejected value [null]; codes [NotBlank.recipeDTO.description,NotBlank.description,NotBlank.java.lang.String,NotBlank]; arguments [org.springframework.context.support.DefaultMessageSourceResolvable: codes [recipeDTO.description,description]; arguments []; default message [description]]; default message [must not be blank]] ]
?[0m?[0;34m2023-04-07 15:35:24.933 DEBUG 12456 --- [nio-8881-exec-5] o.j.s.OpenEntityManagerInViewInterceptor : Closing JPA EntityManager in OpenEntityManagerInViewInterceptor
?[0m?[0;34m2023-04-07 15:35:24.933 DEBUG 12456 --- [nio-8881-exec-5] o.s.web.servlet.DispatcherServlet        : Completed 400 BAD_REQUEST
?[0m?[0;34m2023-04-07 15:35:24.933 DEBUG 12456 --- [nio-8881-exec-5] w.c.HttpSessionSecurityContextRepository : Stored SecurityContextImpl [Authentication=UsernamePasswordAuthenticationToken [Principal=recipes.security.SecurityUserDetails@4d02a84b, Credentials=[PROTECTED], Authenticated=true, Details=WebAuthenticationDetails [RemoteIpAddress=127.0.0.1, SessionId=null], Granted Authorities=[]]] to HttpSession [org.apache.catalina.session.StandardSessionFacade@67b41ccb]
?[0m?[0;34m2023-04-07 15:35:24.933 DEBUG 12456 --- [nio-8881-exec-5] s.s.w.c.SecurityContextPersistenceFilter : Cleared SecurityContextHolder to complete request
?[0m?[0;34m2023-04-07 15:35:24.934 DEBUG 12456 --- [nio-8881-exec-5] o.s.security.web.FilterChainProxy        : Securing POST /error
?[0m?[0;34m2023-04-07 15:35:24.934 DEBUG 12456 --- [nio-8881-exec-5] w.c.HttpSessionSecurityContextRepository : Retrieved SecurityContextImpl [Authentication=UsernamePasswordAuthenticationToken [Principal=recipes.security.SecurityUserDetails@4d02a84b, Credentials=[PROTECTED], Authenticated=true, Details=WebAuthenticationDetails [RemoteIpAddress=127.0.0.1, SessionId=null], Granted Authorities=[]]]
?[0m?[0;34m2023-04-07 15:35:24.934 DEBUG 12456 --- [nio-8881-exec-5] s.s.w.c.SecurityContextPersistenceFilter : Set SecurityContextHolder to SecurityContextImpl [Authentication=UsernamePasswordAuthenticationToken [Principal=recipes.security.SecurityUserDetails@4d02a84b, Credentials=[PROTECTED], Authenticated=true, Details=WebAuthenticationDetails [RemoteIpAddress=127.0.0.1, SessionId=null], Granted Authorities=[]]]
?[0m?[0;34m2023-04-07 15:35:24.934 DEBUG 12456 --- [nio-8881-exec-5] o.s.security.web.FilterChainProxy        : Secured POST /error
?[0m?[0;34m2023-04-07 15:35:24.934 DEBUG 12456 --- [nio-8881-exec-5] o.s.web.servlet.DispatcherServlet        : "ERROR" dispatch for POST "/error", parameters={}
?[0m?[0;34m2023-04-07 15:35:24.934 DEBUG 12456 --- [nio-8881-exec-5] s.w.s.m.m.a.RequestMappingHandlerMapping : Mapped to org.springframework.boot.autoconfigure.web.servlet.error.BasicErrorController#error(HttpServletRequest)
?[0m?[0;34m2023-04-07 15:35:24.934 DEBUG 12456 --- [nio-8881-exec-5] o.j.s.OpenEntityManagerInViewInterceptor : Opening JPA EntityManager in OpenEntityManagerInViewInterceptor
?[0m?[0;34m2023-04-07 15:35:24.935 DEBUG 12456 --- [nio-8881-exec-5] o.s.w.s.m.m.a.HttpEntityMethodProcessor  : Using 'application/json', given [*/*] and supported [application/json, application/*+json, application/json, application/*+json]
?[0m?[0;34m2023-04-07 15:35:24.935 DEBUG 12456 --- [nio-8881-exec-5] o.s.w.s.m.m.a.HttpEntityMethodProcessor  : Writing [{timestamp=Fri Apr 07 15:35:24 EET 2023, status=400, error=Bad Request, path=/api/recipe/new}]
?[0m?[0;34m2023-04-07 15:35:24.935 DEBUG 12456 --- [nio-8881-exec-5] o.j.s.OpenEntityManagerInViewInterceptor : Closing JPA EntityManager in OpenEntityManagerInViewInterceptor
?[0m?[0;34m2023-04-07 15:35:24.935 DEBUG 12456 --- [nio-8881-exec-5] o.s.web.servlet.DispatcherServlet        : Exiting from "ERROR" dispatch, status 400
?[0m?[0;34m2023-04-07 15:35:24.935 DEBUG 12456 --- [nio-8881-exec-5] s.s.w.c.SecurityContextPersistenceFilter : Cleared SecurityContextHolder to complete request
?[1;31m
Start test 46?[0m
?[0m?[0;34m2023-04-07 15:35:24.939 DEBUG 12456 --- [nio-8881-exec-6] o.s.security.web.FilterChainProxy        : Securing POST /api/recipe/new
?[0m?[0;34m2023-04-07 15:35:24.939 DEBUG 12456 --- [nio-8881-exec-6] s.s.w.c.SecurityContextPersistenceFilter : Set SecurityContextHolder to empty SecurityContext
?[0m?[0;34m2023-04-07 15:35:24.939 DEBUG 12456 --- [nio-8881-exec-6] tor$SharedEntityManagerInvocationHandler : Creating new EntityManager for shared EntityManager invocation
?[0m?[0;34mHibernate: 
?[0m?[0;34m    select
?[0m?[0;34m        user0_.id as id1_3_,
?[0m?[0;34m        user0_.email as email2_3_,
?[0m?[0;34m        user0_.password as password3_3_ 
?[0m?[0;34m    from
?[0m?[0;34m        users user0_ 
?[0m?[0;34m    where
?[0m?[0;34m        user0_.email=?
?[0m?[0;34mHibernate: 
?[0m?[0;34m    select
?[0m?[0;34m        recipes0_.user_id as user_id6_2_0_,
?[0m?[0;34m        recipes0_.id as id1_2_0_,
?[0m?[0;34m        recipes0_.id as id1_2_1_,
?[0m?[0;34m        recipes0_.category as category2_2_1_,
?[0m?[0;34m        recipes0_.date as date3_2_1_,
?[0m?[0;34m        recipes0_.description as descript4_2_1_,
?[0m?[0;34m        recipes0_.name as name5_2_1_,
?[0m?[0;34m        recipes0_.user_id as user_id6_2_1_ 
?[0m?[0;34m    from
?[0m?[0;34m        recipe recipes0_ 
?[0m?[0;34m    where
?[0m?[0;34m        recipes0_.user_id=?
?[0m?[0;34m2023-04-07 15:35:25.002 DEBUG 12456 --- [nio-8881-exec-6] o.s.s.a.dao.DaoAuthenticationProvider    : Authenticated user
?[0m?[0;34m2023-04-07 15:35:25.002 DEBUG 12456 --- [nio-8881-exec-6] o.s.s.w.a.www.BasicAuthenticationFilter  : Set SecurityContextHolder to UsernamePasswordAuthenticationToken [Principal=recipes.security.SecurityUserDetails@794a7e8c, Credentials=[PROTECTED], Authenticated=true, Details=WebAuthenticationDetails [RemoteIpAddress=127.0.0.1, SessionId=null], Granted Authorities=[]]
?[0m?[0;34m2023-04-07 15:35:25.002 DEBUG 12456 --- [nio-8881-exec-6] w.c.HttpSessionSecurityContextRepository : Created HttpSession as SecurityContext is non-default
?[0m?[0;34m2023-04-07 15:35:25.002 DEBUG 12456 --- [nio-8881-exec-6] w.c.HttpSessionSecurityContextRepository : Stored SecurityContextImpl [Authentication=UsernamePasswordAuthenticationToken [Principal=recipes.security.SecurityUserDetails@794a7e8c, Credentials=[PROTECTED], Authenticated=true, Details=WebAuthenticationDetails [RemoteIpAddress=127.0.0.1, SessionId=null], Granted Authorities=[]]] to HttpSession [org.apache.catalina.session.StandardSessionFacade@212b99eb]
?[0m?[0;34m2023-04-07 15:35:25.002 DEBUG 12456 --- [nio-8881-exec-6] o.s.security.web.FilterChainProxy        : Secured POST /api/recipe/new
?[0m?[0;34m2023-04-07 15:35:25.003 DEBUG 12456 --- [nio-8881-exec-6] o.s.web.servlet.DispatcherServlet        : POST "/api/recipe/new", parameters={}
?[0m?[0;34m2023-04-07 15:35:25.003 DEBUG 12456 --- [nio-8881-exec-6] s.w.s.m.m.a.RequestMappingHandlerMapping : Mapped to recipes.controller.RecipeController#sava(SecurityUserDetails, RecipeDTO)
?[0m?[0;34m2023-04-07 15:35:25.003 DEBUG 12456 --- [nio-8881-exec-6] o.j.s.OpenEntityManagerInViewInterceptor : Opening JPA EntityManager in OpenEntityManagerInViewInterceptor
?[0m?[0;34m2023-04-07 15:35:25.004 DEBUG 12456 --- [nio-8881-exec-6] m.m.a.RequestResponseBodyMethodProcessor : Read "application/json;charset=UTF-8" to [RecipeDTO(name=Fresh Mint Tea, category=beverage, date=null, description=Light, aromatic and refresh (truncated)...]
?[0m?[0;34m2023-04-07 15:35:25.005 DEBUG 12456 --- [nio-8881-exec-6] w.c.HttpSessionSecurityContextRepository : Stored SecurityContextImpl [Authentication=UsernamePasswordAuthenticationToken [Principal=recipes.security.SecurityUserDetails@794a7e8c, Credentials=[PROTECTED], Authenticated=true, Details=WebAuthenticationDetails [RemoteIpAddress=127.0.0.1, SessionId=null], Granted Authorities=[]]] to HttpSession [org.apache.catalina.session.StandardSessionFacade@212b99eb]
?[0m?[0;34m2023-04-07 15:35:25.005  WARN 12456 --- [nio-8881-exec-6] .w.s.m.s.DefaultHandlerExceptionResolver : Resolved [org.springframework.web.bind.MethodArgumentNotValidException: Validation failed for argument [1] in public org.springframework.http.ResponseEntity<java.util.Map<java.lang.String, java.lang.Long>> recipes.controller.RecipeController.sava(recipes.security.SecurityUserDetails,recipes.dto.RecipeDTO): [Field error in object 'recipeDTO' on field 'ingredients': rejected value [null]; codes [NotEmpty.recipeDTO.ingredients,NotEmpty.ingredients,NotEmpty.java.util.List,NotEmpty]; arguments [org.springframework.context.support.DefaultMessageSourceResolvable: codes [recipeDTO.ingredients,ingredients]; arguments []; default message [ingredients]]; default message [must not be empty]] ]
?[0m?[0;34m2023-04-07 15:35:25.005 DEBUG 12456 --- [nio-8881-exec-6] o.j.s.OpenEntityManagerInViewInterceptor : Closing JPA EntityManager in OpenEntityManagerInViewInterceptor
?[0m?[0;34m2023-04-07 15:35:25.005 DEBUG 12456 --- [nio-8881-exec-6] o.s.web.servlet.DispatcherServlet        : Completed 400 BAD_REQUEST
?[0m?[0;34m2023-04-07 15:35:25.005 DEBUG 12456 --- [nio-8881-exec-6] w.c.HttpSessionSecurityContextRepository : Stored SecurityContextImpl [Authentication=UsernamePasswordAuthenticationToken [Principal=recipes.security.SecurityUserDetails@794a7e8c, Credentials=[PROTECTED], Authenticated=true, Details=WebAuthenticationDetails [RemoteIpAddress=127.0.0.1, SessionId=null], Granted Authorities=[]]] to HttpSession [org.apache.catalina.session.StandardSessionFacade@212b99eb]
?[0m?[0;34m2023-04-07 15:35:25.005 DEBUG 12456 --- [nio-8881-exec-6] s.s.w.c.SecurityContextPersistenceFilter : Cleared SecurityContextHolder to complete request
?[0m?[0;34m2023-04-07 15:35:25.006 DEBUG 12456 --- [nio-8881-exec-6] o.s.security.web.FilterChainProxy        : Securing POST /error
?[0m?[0;34m2023-04-07 15:35:25.006 DEBUG 12456 --- [nio-8881-exec-6] w.c.HttpSessionSecurityContextRepository : Retrieved SecurityContextImpl [Authentication=UsernamePasswordAuthenticationToken [Principal=recipes.security.SecurityUserDetails@794a7e8c, Credentials=[PROTECTED], Authenticated=true, Details=WebAuthenticationDetails [RemoteIpAddress=127.0.0.1, SessionId=null], Granted Authorities=[]]]
?[0m?[0;34m2023-04-07 15:35:25.006 DEBUG 12456 --- [nio-8881-exec-6] s.s.w.c.SecurityContextPersistenceFilter : Set SecurityContextHolder to SecurityContextImpl [Authentication=UsernamePasswordAuthenticationToken [Principal=recipes.security.SecurityUserDetails@794a7e8c, Credentials=[PROTECTED], Authenticated=true, Details=WebAuthenticationDetails [RemoteIpAddress=127.0.0.1, SessionId=null], Granted Authorities=[]]]
?[0m?[0;34m2023-04-07 15:35:25.006 DEBUG 12456 --- [nio-8881-exec-6] o.s.security.web.FilterChainProxy        : Secured POST /error
?[0m?[0;34m2023-04-07 15:35:25.006 DEBUG 12456 --- [nio-8881-exec-6] o.s.web.servlet.DispatcherServlet        : "ERROR" dispatch for POST "/error", parameters={}
?[0m?[0;34m2023-04-07 15:35:25.006 DEBUG 12456 --- [nio-8881-exec-6] s.w.s.m.m.a.RequestMappingHandlerMapping : Mapped to org.springframework.boot.autoconfigure.web.servlet.error.BasicErrorController#error(HttpServletRequest)
?[0m?[0;34m2023-04-07 15:35:25.006 DEBUG 12456 --- [nio-8881-exec-6] o.j.s.OpenEntityManagerInViewInterceptor : Opening JPA EntityManager in OpenEntityManagerInViewInterceptor
?[0m?[0;34m2023-04-07 15:35:25.006 DEBUG 12456 --- [nio-8881-exec-6] o.s.w.s.m.m.a.HttpEntityMethodProcessor  : Using 'application/json', given [*/*] and supported [application/json, application/*+json, application/json, application/*+json]
?[0m?[0;34m2023-04-07 15:35:25.007 DEBUG 12456 --- [nio-8881-exec-6] o.s.w.s.m.m.a.HttpEntityMethodProcessor  : Writing [{timestamp=Fri Apr 07 15:35:25 EET 2023, status=400, error=Bad Request, path=/api/recipe/new}]
?[0m?[0;34m2023-04-07 15:35:25.007 DEBUG 12456 --- [nio-8881-exec-6] o.j.s.OpenEntityManagerInViewInterceptor : Closing JPA EntityManager in OpenEntityManagerInViewInterceptor
?[0m?[0;34m2023-04-07 15:35:25.007 DEBUG 12456 --- [nio-8881-exec-6] o.s.web.servlet.DispatcherServlet        : Exiting from "ERROR" dispatch, status 400
?[0m?[0;34m2023-04-07 15:35:25.007 DEBUG 12456 --- [nio-8881-exec-6] s.s.w.c.SecurityContextPersistenceFilter : Cleared SecurityContextHolder to complete request
?[1;31m
Start test 47?[0m
?[0m?[0;34m2023-04-07 15:35:25.013 DEBUG 12456 --- [nio-8881-exec-4] o.s.security.web.FilterChainProxy        : Securing POST /api/recipe/new
?[0m?[0;34m2023-04-07 15:35:25.013 DEBUG 12456 --- [nio-8881-exec-4] s.s.w.c.SecurityContextPersistenceFilter : Set SecurityContextHolder to empty SecurityContext
?[0m?[0;34m2023-04-07 15:35:25.013 DEBUG 12456 --- [nio-8881-exec-4] tor$SharedEntityManagerInvocationHandler : Creating new EntityManager for shared EntityManager invocation
?[0m?[0;34mHibernate: 
?[0m?[0;34m    select
?[0m?[0;34m        user0_.id as id1_3_,
?[0m?[0;34m        user0_.email as email2_3_,
?[0m?[0;34m        user0_.password as password3_3_ 
?[0m?[0;34m    from
?[0m?[0;34m        users user0_ 
?[0m?[0;34m    where
?[0m?[0;34m        user0_.email=?
?[0m?[0;34mHibernate: 
?[0m?[0;34m    select
?[0m?[0;34m        recipes0_.user_id as user_id6_2_0_,
?[0m?[0;34m        recipes0_.id as id1_2_0_,
?[0m?[0;34m        recipes0_.id as id1_2_1_,
?[0m?[0;34m        recipes0_.category as category2_2_1_,
?[0m?[0;34m        recipes0_.date as date3_2_1_,
?[0m?[0;34m        recipes0_.description as descript4_2_1_,
?[0m?[0;34m        recipes0_.name as name5_2_1_,
?[0m?[0;34m        recipes0_.user_id as user_id6_2_1_ 
?[0m?[0;34m    from
?[0m?[0;34m        recipe recipes0_ 
?[0m?[0;34m    where
?[0m?[0;34m        recipes0_.user_id=?
?[0m?[0;34m2023-04-07 15:35:25.075 DEBUG 12456 --- [nio-8881-exec-4] o.s.s.a.dao.DaoAuthenticationProvider    : Authenticated user
?[0m?[0;34m2023-04-07 15:35:25.075 DEBUG 12456 --- [nio-8881-exec-4] o.s.s.w.a.www.BasicAuthenticationFilter  : Set SecurityContextHolder to UsernamePasswordAuthenticationToken [Principal=recipes.security.SecurityUserDetails@4d075517, Credentials=[PROTECTED], Authenticated=true, Details=WebAuthenticationDetails [RemoteIpAddress=127.0.0.1, SessionId=null], Granted Authorities=[]]
?[0m?[0;34m2023-04-07 15:35:25.075 DEBUG 12456 --- [nio-8881-exec-4] w.c.HttpSessionSecurityContextRepository : Created HttpSession as SecurityContext is non-default
?[0m?[0;34m2023-04-07 15:35:25.075 DEBUG 12456 --- [nio-8881-exec-4] w.c.HttpSessionSecurityContextRepository : Stored SecurityContextImpl [Authentication=UsernamePasswordAuthenticationToken [Principal=recipes.security.SecurityUserDetails@4d075517, Credentials=[PROTECTED], Authenticated=true, Details=WebAuthenticationDetails [RemoteIpAddress=127.0.0.1, SessionId=null], Granted Authorities=[]]] to HttpSession [org.apache.catalina.session.StandardSessionFacade@7a467aa5]
?[0m?[0;34m2023-04-07 15:35:25.076 DEBUG 12456 --- [nio-8881-exec-4] o.s.security.web.FilterChainProxy        : Secured POST /api/recipe/new
?[0m?[0;34m2023-04-07 15:35:25.076 DEBUG 12456 --- [nio-8881-exec-4] o.s.web.servlet.DispatcherServlet        : POST "/api/recipe/new", parameters={}
?[0m?[0;34m2023-04-07 15:35:25.076 DEBUG 12456 --- [nio-8881-exec-4] s.w.s.m.m.a.RequestMappingHandlerMapping : Mapped to recipes.controller.RecipeController#sava(SecurityUserDetails, RecipeDTO)
?[0m?[0;34m2023-04-07 15:35:25.076 DEBUG 12456 --- [nio-8881-exec-4] o.j.s.OpenEntityManagerInViewInterceptor : Opening JPA EntityManager in OpenEntityManagerInViewInterceptor
?[0m?[0;34m2023-04-07 15:35:25.077 DEBUG 12456 --- [nio-8881-exec-4] m.m.a.RequestResponseBodyMethodProcessor : Read "application/json;charset=UTF-8" to [RecipeDTO(name=Warming Ginger Tea, category=beverage, date=null, description=Ginger tea is a warming (truncated)...]
?[0m?[0;34m2023-04-07 15:35:25.078 DEBUG 12456 --- [nio-8881-exec-4] w.c.HttpSessionSecurityContextRepository : Stored SecurityContextImpl [Authentication=UsernamePasswordAuthenticationToken [Principal=recipes.security.SecurityUserDetails@4d075517, Credentials=[PROTECTED], Authenticated=true, Details=WebAuthenticationDetails [RemoteIpAddress=127.0.0.1, SessionId=null], Granted Authorities=[]]] to HttpSession [org.apache.catalina.session.StandardSessionFacade@7a467aa5]
?[0m?[0;34m2023-04-07 15:35:25.078  WARN 12456 --- [nio-8881-exec-4] .w.s.m.s.DefaultHandlerExceptionResolver : Resolved [org.springframework.web.bind.MethodArgumentNotValidException: Validation failed for argument [1] in public org.springframework.http.ResponseEntity<java.util.Map<java.lang.String, java.lang.Long>> recipes.controller.RecipeController.sava(recipes.security.SecurityUserDetails,recipes.dto.RecipeDTO): [Field error in object 'recipeDTO' on field 'directions': rejected value [null]; codes [NotEmpty.recipeDTO.directions,NotEmpty.directions,NotEmpty.java.util.List,NotEmpty]; arguments [org.springframework.context.support.DefaultMessageSourceResolvable: codes [recipeDTO.directions,directions]; arguments []; default message [directions]]; default message [must not be empty]] ]
?[0m?[0;34m2023-04-07 15:35:25.078 DEBUG 12456 --- [nio-8881-exec-4] o.j.s.OpenEntityManagerInViewInterceptor : Closing JPA EntityManager in OpenEntityManagerInViewInterceptor
?[0m?[0;34m2023-04-07 15:35:25.078 DEBUG 12456 --- [nio-8881-exec-4] o.s.web.servlet.DispatcherServlet        : Completed 400 BAD_REQUEST
?[0m?[0;34m2023-04-07 15:35:25.078 DEBUG 12456 --- [nio-8881-exec-4] w.c.HttpSessionSecurityContextRepository : Stored SecurityContextImpl [Authentication=UsernamePasswordAuthenticationToken [Principal=recipes.security.SecurityUserDetails@4d075517, Credentials=[PROTECTED], Authenticated=true, Details=WebAuthenticationDetails [RemoteIpAddress=127.0.0.1, SessionId=null], Granted Authorities=[]]] to HttpSession [org.apache.catalina.session.StandardSessionFacade@7a467aa5]
?[0m?[0;34m2023-04-07 15:35:25.078 DEBUG 12456 --- [nio-8881-exec-4] s.s.w.c.SecurityContextPersistenceFilter : Cleared SecurityContextHolder to complete request
?[0m?[0;34m2023-04-07 15:35:25.078 DEBUG 12456 --- [nio-8881-exec-4] o.s.security.web.FilterChainProxy        : Securing POST /error
?[0m?[0;34m2023-04-07 15:35:25.078 DEBUG 12456 --- [nio-8881-exec-4] w.c.HttpSessionSecurityContextRepository : Retrieved SecurityContextImpl [Authentication=UsernamePasswordAuthenticationToken [Principal=recipes.security.SecurityUserDetails@4d075517, Credentials=[PROTECTED], Authenticated=true, Details=WebAuthenticationDetails [RemoteIpAddress=127.0.0.1, SessionId=null], Granted Authorities=[]]]
?[0m?[0;34m2023-04-07 15:35:25.078 DEBUG 12456 --- [nio-8881-exec-4] s.s.w.c.SecurityContextPersistenceFilter : Set SecurityContextHolder to SecurityContextImpl [Authentication=UsernamePasswordAuthenticationToken [Principal=recipes.security.SecurityUserDetails@4d075517, Credentials=[PROTECTED], Authenticated=true, Details=WebAuthenticationDetails [RemoteIpAddress=127.0.0.1, SessionId=null], Granted Authorities=[]]]
?[0m?[0;34m2023-04-07 15:35:25.079 DEBUG 12456 --- [nio-8881-exec-4] o.s.security.web.FilterChainProxy        : Secured POST /error
?[0m?[0;34m2023-04-07 15:35:25.079 DEBUG 12456 --- [nio-8881-exec-4] o.s.web.servlet.DispatcherServlet        : "ERROR" dispatch for POST "/error", parameters={}
?[0m?[0;34m2023-04-07 15:35:25.079 DEBUG 12456 --- [nio-8881-exec-4] s.w.s.m.m.a.RequestMappingHandlerMapping : Mapped to org.springframework.boot.autoconfigure.web.servlet.error.BasicErrorController#error(HttpServletRequest)
?[0m?[0;34m2023-04-07 15:35:25.079 DEBUG 12456 --- [nio-8881-exec-4] o.j.s.OpenEntityManagerInViewInterceptor : Opening JPA EntityManager in OpenEntityManagerInViewInterceptor
?[0m?[0;34m2023-04-07 15:35:25.079 DEBUG 12456 --- [nio-8881-exec-4] o.s.w.s.m.m.a.HttpEntityMethodProcessor  : Using 'application/json', given [*/*] and supported [application/json, application/*+json, application/json, application/*+json]
?[0m?[0;34m2023-04-07 15:35:25.080 DEBUG 12456 --- [nio-8881-exec-4] o.s.w.s.m.m.a.HttpEntityMethodProcessor  : Writing [{timestamp=Fri Apr 07 15:35:25 EET 2023, status=400, error=Bad Request, path=/api/recipe/new}]
?[0m?[0;34m2023-04-07 15:35:25.080 DEBUG 12456 --- [nio-8881-exec-4] o.j.s.OpenEntityManagerInViewInterceptor : Closing JPA EntityManager in OpenEntityManagerInViewInterceptor
?[0m?[0;34m2023-04-07 15:35:25.080 DEBUG 12456 --- [nio-8881-exec-4] o.s.web.servlet.DispatcherServlet        : Exiting from "ERROR" dispatch, status 400
?[0m?[0;34m2023-04-07 15:35:25.080 DEBUG 12456 --- [nio-8881-exec-4] s.s.w.c.SecurityContextPersistenceFilter : Cleared SecurityContextHolder to complete request
?[1;31m
Start test 48?[0m
?[0m?[0;34m2023-04-07 15:35:25.085 DEBUG 12456 --- [nio-8881-exec-2] o.s.security.web.FilterChainProxy        : Securing POST /api/recipe/new
?[0m?[0;34m2023-04-07 15:35:25.085 DEBUG 12456 --- [nio-8881-exec-2] s.s.w.c.SecurityContextPersistenceFilter : Set SecurityContextHolder to empty SecurityContext
?[0m?[0;34m2023-04-07 15:35:25.085 DEBUG 12456 --- [nio-8881-exec-2] tor$SharedEntityManagerInvocationHandler : Creating new EntityManager for shared EntityManager invocation
?[0m?[0;34mHibernate: 
?[0m?[0;34m    select
?[0m?[0;34m        user0_.id as id1_3_,
?[0m?[0;34m        user0_.email as email2_3_,
?[0m?[0;34m        user0_.password as password3_3_ 
?[0m?[0;34m    from
?[0m?[0;34m        users user0_ 
?[0m?[0;34m    where
?[0m?[0;34m        user0_.email=?
?[0m?[0;34mHibernate: 
?[0m?[0;34m    select
?[0m?[0;34m        recipes0_.user_id as user_id6_2_0_,
?[0m?[0;34m        recipes0_.id as id1_2_0_,
?[0m?[0;34m        recipes0_.id as id1_2_1_,
?[0m?[0;34m        recipes0_.category as category2_2_1_,
?[0m?[0;34m        recipes0_.date as date3_2_1_,
?[0m?[0;34m        recipes0_.description as descript4_2_1_,
?[0m?[0;34m        recipes0_.name as name5_2_1_,
?[0m?[0;34m        recipes0_.user_id as user_id6_2_1_ 
?[0m?[0;34m    from
?[0m?[0;34m        recipe recipes0_ 
?[0m?[0;34m    where
?[0m?[0;34m        recipes0_.user_id=?
?[0m?[0;34m2023-04-07 15:35:25.148 DEBUG 12456 --- [nio-8881-exec-2] o.s.s.a.dao.DaoAuthenticationProvider    : Authenticated user
?[0m?[0;34m2023-04-07 15:35:25.148 DEBUG 12456 --- [nio-8881-exec-2] o.s.s.w.a.www.BasicAuthenticationFilter  : Set SecurityContextHolder to UsernamePasswordAuthenticationToken [Principal=recipes.security.SecurityUserDetails@1a6232bc, Credentials=[PROTECTED], Authenticated=true, Details=WebAuthenticationDetails [RemoteIpAddress=127.0.0.1, SessionId=null], Granted Authorities=[]]
?[0m?[0;34m2023-04-07 15:35:25.148 DEBUG 12456 --- [nio-8881-exec-2] w.c.HttpSessionSecurityContextRepository : Created HttpSession as SecurityContext is non-default
?[0m?[0;34m2023-04-07 15:35:25.148 DEBUG 12456 --- [nio-8881-exec-2] w.c.HttpSessionSecurityContextRepository : Stored SecurityContextImpl [Authentication=UsernamePasswordAuthenticationToken [Principal=recipes.security.SecurityUserDetails@1a6232bc, Credentials=[PROTECTED], Authenticated=true, Details=WebAuthenticationDetails [RemoteIpAddress=127.0.0.1, SessionId=null], Granted Authorities=[]]] to HttpSession [org.apache.catalina.session.StandardSessionFacade@4336235]
?[0m?[0;34m2023-04-07 15:35:25.148 DEBUG 12456 --- [nio-8881-exec-2] o.s.security.web.FilterChainProxy        : Secured POST /api/recipe/new
?[0m?[0;34m2023-04-07 15:35:25.148 DEBUG 12456 --- [nio-8881-exec-2] o.s.web.servlet.DispatcherServlet        : POST "/api/recipe/new", parameters={}
?[0m?[0;34m2023-04-07 15:35:25.148 DEBUG 12456 --- [nio-8881-exec-2] s.w.s.m.m.a.RequestMappingHandlerMapping : Mapped to recipes.controller.RecipeController#sava(SecurityUserDetails, RecipeDTO)
?[0m?[0;34m2023-04-07 15:35:25.148 DEBUG 12456 --- [nio-8881-exec-2] o.j.s.OpenEntityManagerInViewInterceptor : Opening JPA EntityManager in OpenEntityManagerInViewInterceptor
?[0m?[0;34m2023-04-07 15:35:25.149 DEBUG 12456 --- [nio-8881-exec-2] m.m.a.RequestResponseBodyMethodProcessor : Read "application/json;charset=UTF-8" to [RecipeDTO(name=  , category=beverage, date=null, description=Light, aromatic and refreshing beverage (truncated)...]
?[0m?[0;34m2023-04-07 15:35:25.150 DEBUG 12456 --- [nio-8881-exec-2] w.c.HttpSessionSecurityContextRepository : Stored SecurityContextImpl [Authentication=UsernamePasswordAuthenticationToken [Principal=recipes.security.SecurityUserDetails@1a6232bc, Credentials=[PROTECTED], Authenticated=true, Details=WebAuthenticationDetails [RemoteIpAddress=127.0.0.1, SessionId=null], Granted Authorities=[]]] to HttpSession [org.apache.catalina.session.StandardSessionFacade@4336235]
?[0m?[0;34m2023-04-07 15:35:25.150  WARN 12456 --- [nio-8881-exec-2] .w.s.m.s.DefaultHandlerExceptionResolver : Resolved [org.springframework.web.bind.MethodArgumentNotValidException: Validation failed for argument [1] in public org.springframework.http.ResponseEntity<java.util.Map<java.lang.String, java.lang.Long>> recipes.controller.RecipeController.sava(recipes.security.SecurityUserDetails,recipes.dto.RecipeDTO): [Field error in object 'recipeDTO' on field 'name': rejected value [  ]; codes [NotBlank.recipeDTO.name,NotBlank.name,NotBlank.java.lang.String,NotBlank]; arguments [org.springframework.context.support.DefaultMessageSourceResolvable: codes [recipeDTO.name,name]; arguments []; default message [name]]; default message [must not be blank]] ]
?[0m?[0;34m2023-04-07 15:35:25.150 DEBUG 12456 --- [nio-8881-exec-2] o.j.s.OpenEntityManagerInViewInterceptor : Closing JPA EntityManager in OpenEntityManagerInViewInterceptor
?[0m?[0;34m2023-04-07 15:35:25.150 DEBUG 12456 --- [nio-8881-exec-2] o.s.web.servlet.DispatcherServlet        : Completed 400 BAD_REQUEST
?[0m?[0;34m2023-04-07 15:35:25.150 DEBUG 12456 --- [nio-8881-exec-2] w.c.HttpSessionSecurityContextRepository : Stored SecurityContextImpl [Authentication=UsernamePasswordAuthenticationToken [Principal=recipes.security.SecurityUserDetails@1a6232bc, Credentials=[PROTECTED], Authenticated=true, Details=WebAuthenticationDetails [RemoteIpAddress=127.0.0.1, SessionId=null], Granted Authorities=[]]] to HttpSession [org.apache.catalina.session.StandardSessionFacade@4336235]
?[0m?[0;34m2023-04-07 15:35:25.150 DEBUG 12456 --- [nio-8881-exec-2] s.s.w.c.SecurityContextPersistenceFilter : Cleared SecurityContextHolder to complete request
?[0m?[0;34m2023-04-07 15:35:25.150 DEBUG 12456 --- [nio-8881-exec-2] o.s.security.web.FilterChainProxy        : Securing POST /error
?[0m?[0;34m2023-04-07 15:35:25.150 DEBUG 12456 --- [nio-8881-exec-2] w.c.HttpSessionSecurityContextRepository : Retrieved SecurityContextImpl [Authentication=UsernamePasswordAuthenticationToken [Principal=recipes.security.SecurityUserDetails@1a6232bc, Credentials=[PROTECTED], Authenticated=true, Details=WebAuthenticationDetails [RemoteIpAddress=127.0.0.1, SessionId=null], Granted Authorities=[]]]
?[0m?[0;34m2023-04-07 15:35:25.150 DEBUG 12456 --- [nio-8881-exec-2] s.s.w.c.SecurityContextPersistenceFilter : Set SecurityContextHolder to SecurityContextImpl [Authentication=UsernamePasswordAuthenticationToken [Principal=recipes.security.SecurityUserDetails@1a6232bc, Credentials=[PROTECTED], Authenticated=true, Details=WebAuthenticationDetails [RemoteIpAddress=127.0.0.1, SessionId=null], Granted Authorities=[]]]
?[0m?[0;34m2023-04-07 15:35:25.151 DEBUG 12456 --- [nio-8881-exec-2] o.s.security.web.FilterChainProxy        : Secured POST /error
?[0m?[0;34m2023-04-07 15:35:25.151 DEBUG 12456 --- [nio-8881-exec-2] o.s.web.servlet.DispatcherServlet        : "ERROR" dispatch for POST "/error", parameters={}
?[0m?[0;34m2023-04-07 15:35:25.151 DEBUG 12456 --- [nio-8881-exec-2] s.w.s.m.m.a.RequestMappingHandlerMapping : Mapped to org.springframework.boot.autoconfigure.web.servlet.error.BasicErrorController#error(HttpServletRequest)
?[0m?[0;34m2023-04-07 15:35:25.151 DEBUG 12456 --- [nio-8881-exec-2] o.j.s.OpenEntityManagerInViewInterceptor : Opening JPA EntityManager in OpenEntityManagerInViewInterceptor
?[0m?[0;34m2023-04-07 15:35:25.151 DEBUG 12456 --- [nio-8881-exec-2] o.s.w.s.m.m.a.HttpEntityMethodProcessor  : Using 'application/json', given [*/*] and supported [application/json, application/*+json, application/json, application/*+json]
?[0m?[0;34m2023-04-07 15:35:25.151 DEBUG 12456 --- [nio-8881-exec-2] o.s.w.s.m.m.a.HttpEntityMethodProcessor  : Writing [{timestamp=Fri Apr 07 15:35:25 EET 2023, status=400, error=Bad Request, path=/api/recipe/new}]
?[0m?[0;34m2023-04-07 15:35:25.152 DEBUG 12456 --- [nio-8881-exec-2] o.j.s.OpenEntityManagerInViewInterceptor : Closing JPA EntityManager in OpenEntityManagerInViewInterceptor
?[0m?[0;34m2023-04-07 15:35:25.152 DEBUG 12456 --- [nio-8881-exec-2] o.s.web.servlet.DispatcherServlet        : Exiting from "ERROR" dispatch, status 400
?[0m?[0;34m2023-04-07 15:35:25.152 DEBUG 12456 --- [nio-8881-exec-2] s.s.w.c.SecurityContextPersistenceFilter : Cleared SecurityContextHolder to complete request
?[1;31m
Start test 49?[0m
?[0m?[0;34m2023-04-07 15:35:25.156 DEBUG 12456 --- [nio-8881-exec-1] o.s.security.web.FilterChainProxy        : Securing POST /api/recipe/new
?[0m?[0;34m2023-04-07 15:35:25.156 DEBUG 12456 --- [nio-8881-exec-1] s.s.w.c.SecurityContextPersistenceFilter : Set SecurityContextHolder to empty SecurityContext
?[0m?[0;34m2023-04-07 15:35:25.156 DEBUG 12456 --- [nio-8881-exec-1] tor$SharedEntityManagerInvocationHandler : Creating new EntityManager for shared EntityManager invocation
?[0m?[0;34mHibernate: 
?[0m?[0;34m    select
?[0m?[0;34m        user0_.id as id1_3_,
?[0m?[0;34m        user0_.email as email2_3_,
?[0m?[0;34m        user0_.password as password3_3_ 
?[0m?[0;34m    from
?[0m?[0;34m        users user0_ 
?[0m?[0;34m    where
?[0m?[0;34m        user0_.email=?
?[0m?[0;34mHibernate: 
?[0m?[0;34m    select
?[0m?[0;34m        recipes0_.user_id as user_id6_2_0_,
?[0m?[0;34m        recipes0_.id as id1_2_0_,
?[0m?[0;34m        recipes0_.id as id1_2_1_,
?[0m?[0;34m        recipes0_.category as category2_2_1_,
?[0m?[0;34m        recipes0_.date as date3_2_1_,
?[0m?[0;34m        recipes0_.description as descript4_2_1_,
?[0m?[0;34m        recipes0_.name as name5_2_1_,
?[0m?[0;34m        recipes0_.user_id as user_id6_2_1_ 
?[0m?[0;34m    from
?[0m?[0;34m        recipe recipes0_ 
?[0m?[0;34m    where
?[0m?[0;34m        recipes0_.user_id=?
?[0m?[0;34m2023-04-07 15:35:25.217 DEBUG 12456 --- [nio-8881-exec-1] o.s.s.a.dao.DaoAuthenticationProvider    : Authenticated user
?[0m?[0;34m2023-04-07 15:35:25.217 DEBUG 12456 --- [nio-8881-exec-1] o.s.s.w.a.www.BasicAuthenticationFilter  : Set SecurityContextHolder to UsernamePasswordAuthenticationToken [Principal=recipes.security.SecurityUserDetails@13423ad2, Credentials=[PROTECTED], Authenticated=true, Details=WebAuthenticationDetails [RemoteIpAddress=127.0.0.1, SessionId=null], Granted Authorities=[]]
?[0m?[0;34m2023-04-07 15:35:25.218 DEBUG 12456 --- [nio-8881-exec-1] w.c.HttpSessionSecurityContextRepository : Created HttpSession as SecurityContext is non-default
?[0m?[0;34m2023-04-07 15:35:25.218 DEBUG 12456 --- [nio-8881-exec-1] w.c.HttpSessionSecurityContextRepository : Stored SecurityContextImpl [Authentication=UsernamePasswordAuthenticationToken [Principal=recipes.security.SecurityUserDetails@13423ad2, Credentials=[PROTECTED], Authenticated=true, Details=WebAuthenticationDetails [RemoteIpAddress=127.0.0.1, SessionId=null], Granted Authorities=[]]] to HttpSession [org.apache.catalina.session.StandardSessionFacade@298c7deb]
?[0m?[0;34m2023-04-07 15:35:25.218 DEBUG 12456 --- [nio-8881-exec-1] o.s.security.web.FilterChainProxy        : Secured POST /api/recipe/new
?[0m?[0;34m2023-04-07 15:35:25.218 DEBUG 12456 --- [nio-8881-exec-1] o.s.web.servlet.DispatcherServlet        : POST "/api/recipe/new", parameters={}
?[0m?[0;34m2023-04-07 15:35:25.218 DEBUG 12456 --- [nio-8881-exec-1] s.w.s.m.m.a.RequestMappingHandlerMapping : Mapped to recipes.controller.RecipeController#sava(SecurityUserDetails, RecipeDTO)
?[0m?[0;34m2023-04-07 15:35:25.218 DEBUG 12456 --- [nio-8881-exec-1] o.j.s.OpenEntityManagerInViewInterceptor : Opening JPA EntityManager in OpenEntityManagerInViewInterceptor
?[0m?[0;34m2023-04-07 15:35:25.219 DEBUG 12456 --- [nio-8881-exec-1] m.m.a.RequestResponseBodyMethodProcessor : Read "application/json;charset=UTF-8" to [RecipeDTO(name=Fresh Mint Tea, category=  , date=null, description=Light, aromatic and refreshing be (truncated)...]
?[0m?[0;34m2023-04-07 15:35:25.219 DEBUG 12456 --- [nio-8881-exec-1] w.c.HttpSessionSecurityContextRepository : Stored SecurityContextImpl [Authentication=UsernamePasswordAuthenticationToken [Principal=recipes.security.SecurityUserDetails@13423ad2, Credentials=[PROTECTED], Authenticated=true, Details=WebAuthenticationDetails [RemoteIpAddress=127.0.0.1, SessionId=null], Granted Authorities=[]]] to HttpSession [org.apache.catalina.session.StandardSessionFacade@298c7deb]
?[0m?[0;34m2023-04-07 15:35:25.220  WARN 12456 --- [nio-8881-exec-1] .w.s.m.s.DefaultHandlerExceptionResolver : Resolved [org.springframework.web.bind.MethodArgumentNotValidException: Validation failed for argument [1] in public org.springframework.http.ResponseEntity<java.util.Map<java.lang.String, java.lang.Long>> recipes.controller.RecipeController.sava(recipes.security.SecurityUserDetails,recipes.dto.RecipeDTO): [Field error in object 'recipeDTO' on field 'category': rejected value [  ]; codes [NotBlank.recipeDTO.category,NotBlank.category,NotBlank.java.lang.String,NotBlank]; arguments [org.springframework.context.support.DefaultMessageSourceResolvable: codes [recipeDTO.category,category]; arguments []; default message [category]]; default message [must not be blank]] ]
?[0m?[0;34m2023-04-07 15:35:25.220 DEBUG 12456 --- [nio-8881-exec-1] o.j.s.OpenEntityManagerInViewInterceptor : Closing JPA EntityManager in OpenEntityManagerInViewInterceptor
?[0m?[0;34m2023-04-07 15:35:25.220 DEBUG 12456 --- [nio-8881-exec-1] o.s.web.servlet.DispatcherServlet        : Completed 400 BAD_REQUEST
?[0m?[0;34m2023-04-07 15:35:25.220 DEBUG 12456 --- [nio-8881-exec-1] w.c.HttpSessionSecurityContextRepository : Stored SecurityContextImpl [Authentication=UsernamePasswordAuthenticationToken [Principal=recipes.security.SecurityUserDetails@13423ad2, Credentials=[PROTECTED], Authenticated=true, Details=WebAuthenticationDetails [RemoteIpAddress=127.0.0.1, SessionId=null], Granted Authorities=[]]] to HttpSession [org.apache.catalina.session.StandardSessionFacade@298c7deb]
?[0m?[0;34m2023-04-07 15:35:25.220 DEBUG 12456 --- [nio-8881-exec-1] s.s.w.c.SecurityContextPersistenceFilter : Cleared SecurityContextHolder to complete request
?[0m?[0;34m2023-04-07 15:35:25.220 DEBUG 12456 --- [nio-8881-exec-1] o.s.security.web.FilterChainProxy        : Securing POST /error
?[0m?[0;34m2023-04-07 15:35:25.220 DEBUG 12456 --- [nio-8881-exec-1] w.c.HttpSessionSecurityContextRepository : Retrieved SecurityContextImpl [Authentication=UsernamePasswordAuthenticationToken [Principal=recipes.security.SecurityUserDetails@13423ad2, Credentials=[PROTECTED], Authenticated=true, Details=WebAuthenticationDetails [RemoteIpAddress=127.0.0.1, SessionId=null], Granted Authorities=[]]]
?[0m?[0;34m2023-04-07 15:35:25.220 DEBUG 12456 --- [nio-8881-exec-1] s.s.w.c.SecurityContextPersistenceFilter : Set SecurityContextHolder to SecurityContextImpl [Authentication=UsernamePasswordAuthenticationToken [Principal=recipes.security.SecurityUserDetails@13423ad2, Credentials=[PROTECTED], Authenticated=true, Details=WebAuthenticationDetails [RemoteIpAddress=127.0.0.1, SessionId=null], Granted Authorities=[]]]
?[0m?[0;34m2023-04-07 15:35:25.220 DEBUG 12456 --- [nio-8881-exec-1] o.s.security.web.FilterChainProxy        : Secured POST /error
?[0m?[0;34m2023-04-07 15:35:25.220 DEBUG 12456 --- [nio-8881-exec-1] o.s.web.servlet.DispatcherServlet        : "ERROR" dispatch for POST "/error", parameters={}
?[0m?[0;34m2023-04-07 15:35:25.221 DEBUG 12456 --- [nio-8881-exec-1] s.w.s.m.m.a.RequestMappingHandlerMapping : Mapped to org.springframework.boot.autoconfigure.web.servlet.error.BasicErrorController#error(HttpServletRequest)
?[0m?[0;34m2023-04-07 15:35:25.221 DEBUG 12456 --- [nio-8881-exec-1] o.j.s.OpenEntityManagerInViewInterceptor : Opening JPA EntityManager in OpenEntityManagerInViewInterceptor
?[0m?[0;34m2023-04-07 15:35:25.221 DEBUG 12456 --- [nio-8881-exec-1] o.s.w.s.m.m.a.HttpEntityMethodProcessor  : Using 'application/json', given [*/*] and supported [application/json, application/*+json, application/json, application/*+json]
?[0m?[0;34m2023-04-07 15:35:25.221 DEBUG 12456 --- [nio-8881-exec-1] o.s.w.s.m.m.a.HttpEntityMethodProcessor  : Writing [{timestamp=Fri Apr 07 15:35:25 EET 2023, status=400, error=Bad Request, path=/api/recipe/new}]
?[0m?[0;34m2023-04-07 15:35:25.222 DEBUG 12456 --- [nio-8881-exec-1] o.j.s.OpenEntityManagerInViewInterceptor : Closing JPA EntityManager in OpenEntityManagerInViewInterceptor
?[0m?[0;34m2023-04-07 15:35:25.222 DEBUG 12456 --- [nio-8881-exec-1] o.s.web.servlet.DispatcherServlet        : Exiting from "ERROR" dispatch, status 400
?[0m?[0;34m2023-04-07 15:35:25.222 DEBUG 12456 --- [nio-8881-exec-1] s.s.w.c.SecurityContextPersistenceFilter : Cleared SecurityContextHolder to complete request
?[1;31m
Start test 50?[0m
?[0m?[0;34m2023-04-07 15:35:25.226 DEBUG 12456 --- [nio-8881-exec-3] o.s.security.web.FilterChainProxy        : Securing POST /api/recipe/new
?[0m?[0;34m2023-04-07 15:35:25.226 DEBUG 12456 --- [nio-8881-exec-3] s.s.w.c.SecurityContextPersistenceFilter : Set SecurityContextHolder to empty SecurityContext
?[0m?[0;34m2023-04-07 15:35:25.226 DEBUG 12456 --- [nio-8881-exec-3] tor$SharedEntityManagerInvocationHandler : Creating new EntityManager for shared EntityManager invocation
?[0m?[0;34mHibernate: 
?[0m?[0;34m    select
?[0m?[0;34m        user0_.id as id1_3_,
?[0m?[0;34m        user0_.email as email2_3_,
?[0m?[0;34m        user0_.password as password3_3_ 
?[0m?[0;34m    from
?[0m?[0;34m        users user0_ 
?[0m?[0;34m    where
?[0m?[0;34m        user0_.email=?
?[0m?[0;34mHibernate: 
?[0m?[0;34m    select
?[0m?[0;34m        recipes0_.user_id as user_id6_2_0_,
?[0m?[0;34m        recipes0_.id as id1_2_0_,
?[0m?[0;34m        recipes0_.id as id1_2_1_,
?[0m?[0;34m        recipes0_.category as category2_2_1_,
?[0m?[0;34m        recipes0_.date as date3_2_1_,
?[0m?[0;34m        recipes0_.description as descript4_2_1_,
?[0m?[0;34m        recipes0_.name as name5_2_1_,
?[0m?[0;34m        recipes0_.user_id as user_id6_2_1_ 
?[0m?[0;34m    from
?[0m?[0;34m        recipe recipes0_ 
?[0m?[0;34m    where
?[0m?[0;34m        recipes0_.user_id=?
?[0m?[0;34m2023-04-07 15:35:25.288 DEBUG 12456 --- [nio-8881-exec-3] o.s.s.a.dao.DaoAuthenticationProvider    : Authenticated user
?[0m?[0;34m2023-04-07 15:35:25.288 DEBUG 12456 --- [nio-8881-exec-3] o.s.s.w.a.www.BasicAuthenticationFilter  : Set SecurityContextHolder to UsernamePasswordAuthenticationToken [Principal=recipes.security.SecurityUserDetails@2c6065c4, Credentials=[PROTECTED], Authenticated=true, Details=WebAuthenticationDetails [RemoteIpAddress=127.0.0.1, SessionId=null], Granted Authorities=[]]
?[0m?[0;34m2023-04-07 15:35:25.288 DEBUG 12456 --- [nio-8881-exec-3] w.c.HttpSessionSecurityContextRepository : Created HttpSession as SecurityContext is non-default
?[0m?[0;34m2023-04-07 15:35:25.288 DEBUG 12456 --- [nio-8881-exec-3] w.c.HttpSessionSecurityContextRepository : Stored SecurityContextImpl [Authentication=UsernamePasswordAuthenticationToken [Principal=recipes.security.SecurityUserDetails@2c6065c4, Credentials=[PROTECTED], Authenticated=true, Details=WebAuthenticationDetails [RemoteIpAddress=127.0.0.1, SessionId=null], Granted Authorities=[]]] to HttpSession [org.apache.catalina.session.StandardSessionFacade@180913f1]
?[0m?[0;34m2023-04-07 15:35:25.288 DEBUG 12456 --- [nio-8881-exec-3] o.s.security.web.FilterChainProxy        : Secured POST /api/recipe/new
?[0m?[0;34m2023-04-07 15:35:25.288 DEBUG 12456 --- [nio-8881-exec-3] o.s.web.servlet.DispatcherServlet        : POST "/api/recipe/new", parameters={}
?[0m?[0;34m2023-04-07 15:35:25.288 DEBUG 12456 --- [nio-8881-exec-3] s.w.s.m.m.a.RequestMappingHandlerMapping : Mapped to recipes.controller.RecipeController#sava(SecurityUserDetails, RecipeDTO)
?[0m?[0;34m2023-04-07 15:35:25.289 DEBUG 12456 --- [nio-8881-exec-3] o.j.s.OpenEntityManagerInViewInterceptor : Opening JPA EntityManager in OpenEntityManagerInViewInterceptor
?[0m?[0;34m2023-04-07 15:35:25.289 DEBUG 12456 --- [nio-8881-exec-3] m.m.a.RequestResponseBodyMethodProcessor : Read "application/json;charset=UTF-8" to [RecipeDTO(name=Warming Ginger Tea, category=beverage, date=null, description=  , ingredients=[1 inch (truncated)...]
?[0m?[0;34m2023-04-07 15:35:25.290 DEBUG 12456 --- [nio-8881-exec-3] w.c.HttpSessionSecurityContextRepository : Stored SecurityContextImpl [Authentication=UsernamePasswordAuthenticationToken [Principal=recipes.security.SecurityUserDetails@2c6065c4, Credentials=[PROTECTED], Authenticated=true, Details=WebAuthenticationDetails [RemoteIpAddress=127.0.0.1, SessionId=null], Granted Authorities=[]]] to HttpSession [org.apache.catalina.session.StandardSessionFacade@180913f1]
?[0m?[0;34m2023-04-07 15:35:25.290  WARN 12456 --- [nio-8881-exec-3] .w.s.m.s.DefaultHandlerExceptionResolver : Resolved [org.springframework.web.bind.MethodArgumentNotValidException: Validation failed for argument [1] in public org.springframework.http.ResponseEntity<java.util.Map<java.lang.String, java.lang.Long>> recipes.controller.RecipeController.sava(recipes.security.SecurityUserDetails,recipes.dto.RecipeDTO): [Field error in object 'recipeDTO' on field 'description': rejected value [  ]; codes [NotBlank.recipeDTO.description,NotBlank.description,NotBlank.java.lang.String,NotBlank]; arguments [org.springframework.context.support.DefaultMessageSourceResolvable: codes [recipeDTO.description,description]; arguments []; default message [description]]; default message [must not be blank]] ]
?[0m?[0;34m2023-04-07 15:35:25.290 DEBUG 12456 --- [nio-8881-exec-3] o.j.s.OpenEntityManagerInViewInterceptor : Closing JPA EntityManager in OpenEntityManagerInViewInterceptor
?[0m?[0;34m2023-04-07 15:35:25.290 DEBUG 12456 --- [nio-8881-exec-3] o.s.web.servlet.DispatcherServlet        : Completed 400 BAD_REQUEST
?[0m?[0;34m2023-04-07 15:35:25.290 DEBUG 12456 --- [nio-8881-exec-3] w.c.HttpSessionSecurityContextRepository : Stored SecurityContextImpl [Authentication=UsernamePasswordAuthenticationToken [Principal=recipes.security.SecurityUserDetails@2c6065c4, Credentials=[PROTECTED], Authenticated=true, Details=WebAuthenticationDetails [RemoteIpAddress=127.0.0.1, SessionId=null], Granted Authorities=[]]] to HttpSession [org.apache.catalina.session.StandardSessionFacade@180913f1]
?[0m?[0;34m2023-04-07 15:35:25.290 DEBUG 12456 --- [nio-8881-exec-3] s.s.w.c.SecurityContextPersistenceFilter : Cleared SecurityContextHolder to complete request
?[0m?[0;34m2023-04-07 15:35:25.290 DEBUG 12456 --- [nio-8881-exec-3] o.s.security.web.FilterChainProxy        : Securing POST /error
?[0m?[0;34m2023-04-07 15:35:25.290 DEBUG 12456 --- [nio-8881-exec-3] w.c.HttpSessionSecurityContextRepository : Retrieved SecurityContextImpl [Authentication=UsernamePasswordAuthenticationToken [Principal=recipes.security.SecurityUserDetails@2c6065c4, Credentials=[PROTECTED], Authenticated=true, Details=WebAuthenticationDetails [RemoteIpAddress=127.0.0.1, SessionId=null], Granted Authorities=[]]]
?[0m?[0;34m2023-04-07 15:35:25.291 DEBUG 12456 --- [nio-8881-exec-3] s.s.w.c.SecurityContextPersistenceFilter : Set SecurityContextHolder to SecurityContextImpl [Authentication=UsernamePasswordAuthenticationToken [Principal=recipes.security.SecurityUserDetails@2c6065c4, Credentials=[PROTECTED], Authenticated=true, Details=WebAuthenticationDetails [RemoteIpAddress=127.0.0.1, SessionId=null], Granted Authorities=[]]]
?[0m?[0;34m2023-04-07 15:35:25.291 DEBUG 12456 --- [nio-8881-exec-3] o.s.security.web.FilterChainProxy        : Secured POST /error
?[0m?[0;34m2023-04-07 15:35:25.291 DEBUG 12456 --- [nio-8881-exec-3] o.s.web.servlet.DispatcherServlet        : "ERROR" dispatch for POST "/error", parameters={}
?[0m?[0;34m2023-04-07 15:35:25.291 DEBUG 12456 --- [nio-8881-exec-3] s.w.s.m.m.a.RequestMappingHandlerMapping : Mapped to org.springframework.boot.autoconfigure.web.servlet.error.BasicErrorController#error(HttpServletRequest)
?[0m?[0;34m2023-04-07 15:35:25.291 DEBUG 12456 --- [nio-8881-exec-3] o.j.s.OpenEntityManagerInViewInterceptor : Opening JPA EntityManager in OpenEntityManagerInViewInterceptor
?[0m?[0;34m2023-04-07 15:35:25.291 DEBUG 12456 --- [nio-8881-exec-3] o.s.w.s.m.m.a.HttpEntityMethodProcessor  : Using 'application/json', given [*/*] and supported [application/json, application/*+json, application/json, application/*+json]
?[0m?[0;34m2023-04-07 15:35:25.291 DEBUG 12456 --- [nio-8881-exec-3] o.s.w.s.m.m.a.HttpEntityMethodProcessor  : Writing [{timestamp=Fri Apr 07 15:35:25 EET 2023, status=400, error=Bad Request, path=/api/recipe/new}]
?[0m?[0;34m2023-04-07 15:35:25.292 DEBUG 12456 --- [nio-8881-exec-3] o.j.s.OpenEntityManagerInViewInterceptor : Closing JPA EntityManager in OpenEntityManagerInViewInterceptor
?[0m?[0;34m2023-04-07 15:35:25.292 DEBUG 12456 --- [nio-8881-exec-3] o.s.web.servlet.DispatcherServlet        : Exiting from "ERROR" dispatch, status 400
?[0m?[0;34m2023-04-07 15:35:25.292 DEBUG 12456 --- [nio-8881-exec-3] s.s.w.c.SecurityContextPersistenceFilter : Cleared SecurityContextHolder to complete request
?[1;31m
Start test 51?[0m
?[0m?[0;34m2023-04-07 15:35:25.298 DEBUG 12456 --- [nio-8881-exec-7] o.s.security.web.FilterChainProxy        : Securing POST /api/recipe/new
?[0m?[0;34m2023-04-07 15:35:25.298 DEBUG 12456 --- [nio-8881-exec-7] s.s.w.c.SecurityContextPersistenceFilter : Set SecurityContextHolder to empty SecurityContext
?[0m?[0;34m2023-04-07 15:35:25.298 DEBUG 12456 --- [nio-8881-exec-7] tor$SharedEntityManagerInvocationHandler : Creating new EntityManager for shared EntityManager invocation
?[0m?[0;34mHibernate: 
?[0m?[0;34m    select
?[0m?[0;34m        user0_.id as id1_3_,
?[0m?[0;34m        user0_.email as email2_3_,
?[0m?[0;34m        user0_.password as password3_3_ 
?[0m?[0;34m    from
?[0m?[0;34m        users user0_ 
?[0m?[0;34m    where
?[0m?[0;34m        user0_.email=?
?[0m?[0;34mHibernate: 
?[0m?[0;34m    select
?[0m?[0;34m        recipes0_.user_id as user_id6_2_0_,
?[0m?[0;34m        recipes0_.id as id1_2_0_,
?[0m?[0;34m        recipes0_.id as id1_2_1_,
?[0m?[0;34m        recipes0_.category as category2_2_1_,
?[0m?[0;34m        recipes0_.date as date3_2_1_,
?[0m?[0;34m        recipes0_.description as descript4_2_1_,
?[0m?[0;34m        recipes0_.name as name5_2_1_,
?[0m?[0;34m        recipes0_.user_id as user_id6_2_1_ 
?[0m?[0;34m    from
?[0m?[0;34m        recipe recipes0_ 
?[0m?[0;34m    where
?[0m?[0;34m        recipes0_.user_id=?
?[0m?[0;34m2023-04-07 15:35:25.360 DEBUG 12456 --- [nio-8881-exec-7] o.s.s.a.dao.DaoAuthenticationProvider    : Authenticated user
?[0m?[0;34m2023-04-07 15:35:25.361 DEBUG 12456 --- [nio-8881-exec-7] o.s.s.w.a.www.BasicAuthenticationFilter  : Set SecurityContextHolder to UsernamePasswordAuthenticationToken [Principal=recipes.security.SecurityUserDetails@12fb43e4, Credentials=[PROTECTED], Authenticated=true, Details=WebAuthenticationDetails [RemoteIpAddress=127.0.0.1, SessionId=null], Granted Authorities=[]]
?[0m?[0;34m2023-04-07 15:35:25.361 DEBUG 12456 --- [nio-8881-exec-7] w.c.HttpSessionSecurityContextRepository : Created HttpSession as SecurityContext is non-default
?[0m?[0;34m2023-04-07 15:35:25.361 DEBUG 12456 --- [nio-8881-exec-7] w.c.HttpSessionSecurityContextRepository : Stored SecurityContextImpl [Authentication=UsernamePasswordAuthenticationToken [Principal=recipes.security.SecurityUserDetails@12fb43e4, Credentials=[PROTECTED], Authenticated=true, Details=WebAuthenticationDetails [RemoteIpAddress=127.0.0.1, SessionId=null], Granted Authorities=[]]] to HttpSession [org.apache.catalina.session.StandardSessionFacade@11963e03]
?[0m?[0;34m2023-04-07 15:35:25.361 DEBUG 12456 --- [nio-8881-exec-7] o.s.security.web.FilterChainProxy        : Secured POST /api/recipe/new
?[0m?[0;34m2023-04-07 15:35:25.361 DEBUG 12456 --- [nio-8881-exec-7] o.s.web.servlet.DispatcherServlet        : POST "/api/recipe/new", parameters={}
?[0m?[0;34m2023-04-07 15:35:25.361 DEBUG 12456 --- [nio-8881-exec-7] s.w.s.m.m.a.RequestMappingHandlerMapping : Mapped to recipes.controller.RecipeController#sava(SecurityUserDetails, RecipeDTO)
?[0m?[0;34m2023-04-07 15:35:25.362 DEBUG 12456 --- [nio-8881-exec-7] o.j.s.OpenEntityManagerInViewInterceptor : Opening JPA EntityManager in OpenEntityManagerInViewInterceptor
?[0m?[0;34m2023-04-07 15:35:25.362 DEBUG 12456 --- [nio-8881-exec-7] m.m.a.RequestResponseBodyMethodProcessor : Read "application/json;charset=UTF-8" to [RecipeDTO(name=Fresh Mint Tea, category=beverage, date=null, description=Light, aromatic and refresh (truncated)...]
?[0m?[0;34m2023-04-07 15:35:25.363 DEBUG 12456 --- [nio-8881-exec-7] w.c.HttpSessionSecurityContextRepository : Stored SecurityContextImpl [Authentication=UsernamePasswordAuthenticationToken [Principal=recipes.security.SecurityUserDetails@12fb43e4, Credentials=[PROTECTED], Authenticated=true, Details=WebAuthenticationDetails [RemoteIpAddress=127.0.0.1, SessionId=null], Granted Authorities=[]]] to HttpSession [org.apache.catalina.session.StandardSessionFacade@11963e03]
?[0m?[0;34m2023-04-07 15:35:25.365  WARN 12456 --- [nio-8881-exec-7] .w.s.m.s.DefaultHandlerExceptionResolver : Resolved [org.springframework.web.bind.MethodArgumentNotValidException: Validation failed for argument [1] in public org.springframework.http.ResponseEntity<java.util.Map<java.lang.String, java.lang.Long>> recipes.controller.RecipeController.sava(recipes.security.SecurityUserDetails,recipes.dto.RecipeDTO) with 2 errors: [Field error in object 'recipeDTO' on field 'ingredients': rejected value [[]]; codes [Size.recipeDTO.ingredients,Size.ingredients,Size.java.util.List,Size]; arguments [org.springframework.context.support.DefaultMessageSourceResolvable: codes [recipeDTO.ingredients,ingredients]; arguments []; default message [ingredients],2147483647,1]; default message [size must be between 1 and 2147483647]] [Field error in object 'recipeDTO' on field 'ingredients': rejected value [[]]; codes [NotEmpty.recipeDTO.ingredients,NotEmpty.ingredients,NotEmpty.java.util.List,NotEmpty]; arguments [org.springframework.context.support.DefaultMessageSourceResolvable: codes [recipeDTO.ingredients,ingredients]; arguments []; default message [ingredients]]; default message [must not be empty]] ]
?[0m?[0;34m2023-04-07 15:35:25.365 DEBUG 12456 --- [nio-8881-exec-7] o.j.s.OpenEntityManagerInViewInterceptor : Closing JPA EntityManager in OpenEntityManagerInViewInterceptor
?[0m?[0;34m2023-04-07 15:35:25.365 DEBUG 12456 --- [nio-8881-exec-7] o.s.web.servlet.DispatcherServlet        : Completed 400 BAD_REQUEST
?[0m?[0;34m2023-04-07 15:35:25.365 DEBUG 12456 --- [nio-8881-exec-7] w.c.HttpSessionSecurityContextRepository : Stored SecurityContextImpl [Authentication=UsernamePasswordAuthenticationToken [Principal=recipes.security.SecurityUserDetails@12fb43e4, Credentials=[PROTECTED], Authenticated=true, Details=WebAuthenticationDetails [RemoteIpAddress=127.0.0.1, SessionId=null], Granted Authorities=[]]] to HttpSession [org.apache.catalina.session.StandardSessionFacade@11963e03]
?[0m?[0;34m2023-04-07 15:35:25.365 DEBUG 12456 --- [nio-8881-exec-7] s.s.w.c.SecurityContextPersistenceFilter : Cleared SecurityContextHolder to complete request
?[0m?[0;34m2023-04-07 15:35:25.366 DEBUG 12456 --- [nio-8881-exec-7] o.s.security.web.FilterChainProxy        : Securing POST /error
?[0m?[0;34m2023-04-07 15:35:25.366 DEBUG 12456 --- [nio-8881-exec-7] w.c.HttpSessionSecurityContextRepository : Retrieved SecurityContextImpl [Authentication=UsernamePasswordAuthenticationToken [Principal=recipes.security.SecurityUserDetails@12fb43e4, Credentials=[PROTECTED], Authenticated=true, Details=WebAuthenticationDetails [RemoteIpAddress=127.0.0.1, SessionId=null], Granted Authorities=[]]]
?[0m?[0;34m2023-04-07 15:35:25.366 DEBUG 12456 --- [nio-8881-exec-7] s.s.w.c.SecurityContextPersistenceFilter : Set SecurityContextHolder to SecurityContextImpl [Authentication=UsernamePasswordAuthenticationToken [Principal=recipes.security.SecurityUserDetails@12fb43e4, Credentials=[PROTECTED], Authenticated=true, Details=WebAuthenticationDetails [RemoteIpAddress=127.0.0.1, SessionId=null], Granted Authorities=[]]]
?[0m?[0;34m2023-04-07 15:35:25.366 DEBUG 12456 --- [nio-8881-exec-7] o.s.security.web.FilterChainProxy        : Secured POST /error
?[0m?[0;34m2023-04-07 15:35:25.366 DEBUG 12456 --- [nio-8881-exec-7] o.s.web.servlet.DispatcherServlet        : "ERROR" dispatch for POST "/error", parameters={}
?[0m?[0;34m2023-04-07 15:35:25.366 DEBUG 12456 --- [nio-8881-exec-7] s.w.s.m.m.a.RequestMappingHandlerMapping : Mapped to org.springframework.boot.autoconfigure.web.servlet.error.BasicErrorController#error(HttpServletRequest)
?[0m?[0;34m2023-04-07 15:35:25.366 DEBUG 12456 --- [nio-8881-exec-7] o.j.s.OpenEntityManagerInViewInterceptor : Opening JPA EntityManager in OpenEntityManagerInViewInterceptor
?[0m?[0;34m2023-04-07 15:35:25.367 DEBUG 12456 --- [nio-8881-exec-7] o.s.w.s.m.m.a.HttpEntityMethodProcessor  : Using 'application/json', given [*/*] and supported [application/json, application/*+json, application/json, application/*+json]
?[0m?[0;34m2023-04-07 15:35:25.368 DEBUG 12456 --- [nio-8881-exec-7] o.s.w.s.m.m.a.HttpEntityMethodProcessor  : Writing [{timestamp=Fri Apr 07 15:35:25 EET 2023, status=400, error=Bad Request, path=/api/recipe/new}]
?[0m?[0;34m2023-04-07 15:35:25.368 DEBUG 12456 --- [nio-8881-exec-7] o.j.s.OpenEntityManagerInViewInterceptor : Closing JPA EntityManager in OpenEntityManagerInViewInterceptor
?[0m?[0;34m2023-04-07 15:35:25.368 DEBUG 12456 --- [nio-8881-exec-7] o.s.web.servlet.DispatcherServlet        : Exiting from "ERROR" dispatch, status 400
?[0m?[0;34m2023-04-07 15:35:25.368 DEBUG 12456 --- [nio-8881-exec-7] s.s.w.c.SecurityContextPersistenceFilter : Cleared SecurityContextHolder to complete request
?[1;31m
Start test 52?[0m
?[0m?[0;34m2023-04-07 15:35:25.373 DEBUG 12456 --- [nio-8881-exec-2] o.s.security.web.FilterChainProxy        : Securing POST /api/recipe/new
?[0m?[0;34m2023-04-07 15:35:25.374 DEBUG 12456 --- [nio-8881-exec-2] s.s.w.c.SecurityContextPersistenceFilter : Set SecurityContextHolder to empty SecurityContext
?[0m?[0;34m2023-04-07 15:35:25.374 DEBUG 12456 --- [nio-8881-exec-2] tor$SharedEntityManagerInvocationHandler : Creating new EntityManager for shared EntityManager invocation
?[0m?[0;34mHibernate: 
?[0m?[0;34m    select
?[0m?[0;34m        user0_.id as id1_3_,
?[0m?[0;34m        user0_.email as email2_3_,
?[0m?[0;34m        user0_.password as password3_3_ 
?[0m?[0;34m    from
?[0m?[0;34m        users user0_ 
?[0m?[0;34m    where
?[0m?[0;34m        user0_.email=?
?[0m?[0;34mHibernate: 
?[0m?[0;34m    select
?[0m?[0;34m        recipes0_.user_id as user_id6_2_0_,
?[0m?[0;34m        recipes0_.id as id1_2_0_,
?[0m?[0;34m        recipes0_.id as id1_2_1_,
?[0m?[0;34m        recipes0_.category as category2_2_1_,
?[0m?[0;34m        recipes0_.date as date3_2_1_,
?[0m?[0;34m        recipes0_.description as descript4_2_1_,
?[0m?[0;34m        recipes0_.name as name5_2_1_,
?[0m?[0;34m        recipes0_.user_id as user_id6_2_1_ 
?[0m?[0;34m    from
?[0m?[0;34m        recipe recipes0_ 
?[0m?[0;34m    where
?[0m?[0;34m        recipes0_.user_id=?
?[0m?[0;34m2023-04-07 15:35:25.434 DEBUG 12456 --- [nio-8881-exec-2] o.s.s.a.dao.DaoAuthenticationProvider    : Authenticated user
?[0m?[0;34m2023-04-07 15:35:25.434 DEBUG 12456 --- [nio-8881-exec-2] o.s.s.w.a.www.BasicAuthenticationFilter  : Set SecurityContextHolder to UsernamePasswordAuthenticationToken [Principal=recipes.security.SecurityUserDetails@2a718a64, Credentials=[PROTECTED], Authenticated=true, Details=WebAuthenticationDetails [RemoteIpAddress=127.0.0.1, SessionId=null], Granted Authorities=[]]
?[0m?[0;34m2023-04-07 15:35:25.434 DEBUG 12456 --- [nio-8881-exec-2] w.c.HttpSessionSecurityContextRepository : Created HttpSession as SecurityContext is non-default
?[0m?[0;34m2023-04-07 15:35:25.434 DEBUG 12456 --- [nio-8881-exec-2] w.c.HttpSessionSecurityContextRepository : Stored SecurityContextImpl [Authentication=UsernamePasswordAuthenticationToken [Principal=recipes.security.SecurityUserDetails@2a718a64, Credentials=[PROTECTED], Authenticated=true, Details=WebAuthenticationDetails [RemoteIpAddress=127.0.0.1, SessionId=null], Granted Authorities=[]]] to HttpSession [org.apache.catalina.session.StandardSessionFacade@3228bfbd]
?[0m?[0;34m2023-04-07 15:35:25.434 DEBUG 12456 --- [nio-8881-exec-2] o.s.security.web.FilterChainProxy        : Secured POST /api/recipe/new
?[0m?[0;34m2023-04-07 15:35:25.435 DEBUG 12456 --- [nio-8881-exec-2] o.s.web.servlet.DispatcherServlet        : POST "/api/recipe/new", parameters={}
?[0m?[0;34m2023-04-07 15:35:25.435 DEBUG 12456 --- [nio-8881-exec-2] s.w.s.m.m.a.RequestMappingHandlerMapping : Mapped to recipes.controller.RecipeController#sava(SecurityUserDetails, RecipeDTO)
?[0m?[0;34m2023-04-07 15:35:25.435 DEBUG 12456 --- [nio-8881-exec-2] o.j.s.OpenEntityManagerInViewInterceptor : Opening JPA EntityManager in OpenEntityManagerInViewInterceptor
?[0m?[0;34m2023-04-07 15:35:25.436 DEBUG 12456 --- [nio-8881-exec-2] m.m.a.RequestResponseBodyMethodProcessor : Read "application/json;charset=UTF-8" to [RecipeDTO(name=Warming Ginger Tea, category=beverage, date=null, description=Ginger tea is a warming (truncated)...]
?[0m?[0;34m2023-04-07 15:35:25.436 DEBUG 12456 --- [nio-8881-exec-2] w.c.HttpSessionSecurityContextRepository : Stored SecurityContextImpl [Authentication=UsernamePasswordAuthenticationToken [Principal=recipes.security.SecurityUserDetails@2a718a64, Credentials=[PROTECTED], Authenticated=true, Details=WebAuthenticationDetails [RemoteIpAddress=127.0.0.1, SessionId=null], Granted Authorities=[]]] to HttpSession [org.apache.catalina.session.StandardSessionFacade@3228bfbd]
?[0m?[0;34m2023-04-07 15:35:25.436  WARN 12456 --- [nio-8881-exec-2] .w.s.m.s.DefaultHandlerExceptionResolver : Resolved [org.springframework.web.bind.MethodArgumentNotValidException: Validation failed for argument [1] in public org.springframework.http.ResponseEntity<java.util.Map<java.lang.String, java.lang.Long>> recipes.controller.RecipeController.sava(recipes.security.SecurityUserDetails,recipes.dto.RecipeDTO) with 2 errors: [Field error in object 'recipeDTO' on field 'directions': rejected value [[]]; codes [NotEmpty.recipeDTO.directions,NotEmpty.directions,NotEmpty.java.util.List,NotEmpty]; arguments [org.springframework.context.support.DefaultMessageSourceResolvable: codes [recipeDTO.directions,directions]; arguments []; default message [directions]]; default message [must not be empty]] [Field error in object 'recipeDTO' on field 'directions': rejected value [[]]; codes [Size.recipeDTO.directions,Size.directions,Size.java.util.List,Size]; arguments [org.springframework.context.support.DefaultMessageSourceResolvable: codes [recipeDTO.directions,directions]; arguments []; default message [directions],2147483647,1]; default message [size must be between 1 and 2147483647]] ]
?[0m?[0;34m2023-04-07 15:35:25.436 DEBUG 12456 --- [nio-8881-exec-2] o.j.s.OpenEntityManagerInViewInterceptor : Closing JPA EntityManager in OpenEntityManagerInViewInterceptor
?[0m?[0;34m2023-04-07 15:35:25.436 DEBUG 12456 --- [nio-8881-exec-2] o.s.web.servlet.DispatcherServlet        : Completed 400 BAD_REQUEST
?[0m?[0;34m2023-04-07 15:35:25.437 DEBUG 12456 --- [nio-8881-exec-2] w.c.HttpSessionSecurityContextRepository : Stored SecurityContextImpl [Authentication=UsernamePasswordAuthenticationToken [Principal=recipes.security.SecurityUserDetails@2a718a64, Credentials=[PROTECTED], Authenticated=true, Details=WebAuthenticationDetails [RemoteIpAddress=127.0.0.1, SessionId=null], Granted Authorities=[]]] to HttpSession [org.apache.catalina.session.StandardSessionFacade@3228bfbd]
?[0m?[0;34m2023-04-07 15:35:25.437 DEBUG 12456 --- [nio-8881-exec-2] s.s.w.c.SecurityContextPersistenceFilter : Cleared SecurityContextHolder to complete request
?[0m?[0;34m2023-04-07 15:35:25.437 DEBUG 12456 --- [nio-8881-exec-2] o.s.security.web.FilterChainProxy        : Securing POST /error
?[0m?[0;34m2023-04-07 15:35:25.437 DEBUG 12456 --- [nio-8881-exec-2] w.c.HttpSessionSecurityContextRepository : Retrieved SecurityContextImpl [Authentication=UsernamePasswordAuthenticationToken [Principal=recipes.security.SecurityUserDetails@2a718a64, Credentials=[PROTECTED], Authenticated=true, Details=WebAuthenticationDetails [RemoteIpAddress=127.0.0.1, SessionId=null], Granted Authorities=[]]]
?[0m?[0;34m2023-04-07 15:35:25.437 DEBUG 12456 --- [nio-8881-exec-2] s.s.w.c.SecurityContextPersistenceFilter : Set SecurityContextHolder to SecurityContextImpl [Authentication=UsernamePasswordAuthenticationToken [Principal=recipes.security.SecurityUserDetails@2a718a64, Credentials=[PROTECTED], Authenticated=true, Details=WebAuthenticationDetails [RemoteIpAddress=127.0.0.1, SessionId=null], Granted Authorities=[]]]
?[0m?[0;34m2023-04-07 15:35:25.437 DEBUG 12456 --- [nio-8881-exec-2] o.s.security.web.FilterChainProxy        : Secured POST /error
?[0m?[0;34m2023-04-07 15:35:25.437 DEBUG 12456 --- [nio-8881-exec-2] o.s.web.servlet.DispatcherServlet        : "ERROR" dispatch for POST "/error", parameters={}
?[0m?[0;34m2023-04-07 15:35:25.438 DEBUG 12456 --- [nio-8881-exec-2] s.w.s.m.m.a.RequestMappingHandlerMapping : Mapped to org.springframework.boot.autoconfigure.web.servlet.error.BasicErrorController#error(HttpServletRequest)
?[0m?[0;34m2023-04-07 15:35:25.438 DEBUG 12456 --- [nio-8881-exec-2] o.j.s.OpenEntityManagerInViewInterceptor : Opening JPA EntityManager in OpenEntityManagerInViewInterceptor
?[0m?[0;34m2023-04-07 15:35:25.438 DEBUG 12456 --- [nio-8881-exec-2] o.s.w.s.m.m.a.HttpEntityMethodProcessor  : Using 'application/json', given [*/*] and supported [application/json, application/*+json, application/json, application/*+json]
?[0m?[0;34m2023-04-07 15:35:25.438 DEBUG 12456 --- [nio-8881-exec-2] o.s.w.s.m.m.a.HttpEntityMethodProcessor  : Writing [{timestamp=Fri Apr 07 15:35:25 EET 2023, status=400, error=Bad Request, path=/api/recipe/new}]
?[0m?[0;34m2023-04-07 15:35:25.438 DEBUG 12456 --- [nio-8881-exec-2] o.j.s.OpenEntityManagerInViewInterceptor : Closing JPA EntityManager in OpenEntityManagerInViewInterceptor
?[0m?[0;34m2023-04-07 15:35:25.438 DEBUG 12456 --- [nio-8881-exec-2] o.s.web.servlet.DispatcherServlet        : Exiting from "ERROR" dispatch, status 400
?[0m?[0;34m2023-04-07 15:35:25.439 DEBUG 12456 --- [nio-8881-exec-2] s.s.w.c.SecurityContextPersistenceFilter : Cleared SecurityContextHolder to complete request
?[1;31m
Start test 53?[0m
?[0m?[0;34m2023-04-07 15:35:25.443 DEBUG 12456 --- [nio-8881-exec-1] o.s.security.web.FilterChainProxy        : Securing PUT /api/recipe/2
?[0m?[0;34m2023-04-07 15:35:25.443 DEBUG 12456 --- [nio-8881-exec-1] s.s.w.c.SecurityContextPersistenceFilter : Set SecurityContextHolder to empty SecurityContext
?[0m?[0;34m2023-04-07 15:35:25.443 DEBUG 12456 --- [nio-8881-exec-1] tor$SharedEntityManagerInvocationHandler : Creating new EntityManager for shared EntityManager invocation
?[0m?[0;34mHibernate: 
?[0m?[0;34m    select
?[0m?[0;34m        user0_.id as id1_3_,
?[0m?[0;34m        user0_.email as email2_3_,
?[0m?[0;34m        user0_.password as password3_3_ 
?[0m?[0;34m    from
?[0m?[0;34m        users user0_ 
?[0m?[0;34m    where
?[0m?[0;34m        user0_.email=?
?[0m?[0;34mHibernate: 
?[0m?[0;34m    select
?[0m?[0;34m        recipes0_.user_id as user_id6_2_0_,
?[0m?[0;34m        recipes0_.id as id1_2_0_,
?[0m?[0;34m        recipes0_.id as id1_2_1_,
?[0m?[0;34m        recipes0_.category as category2_2_1_,
?[0m?[0;34m        recipes0_.date as date3_2_1_,
?[0m?[0;34m        recipes0_.description as descript4_2_1_,
?[0m?[0;34m        recipes0_.name as name5_2_1_,
?[0m?[0;34m        recipes0_.user_id as user_id6_2_1_ 
?[0m?[0;34m    from
?[0m?[0;34m        recipe recipes0_ 
?[0m?[0;34m    where
?[0m?[0;34m        recipes0_.user_id=?
?[0m?[0;34m2023-04-07 15:35:25.504 DEBUG 12456 --- [nio-8881-exec-1] o.s.s.a.dao.DaoAuthenticationProvider    : Authenticated user
?[0m?[0;34m2023-04-07 15:35:25.504 DEBUG 12456 --- [nio-8881-exec-1] o.s.s.w.a.www.BasicAuthenticationFilter  : Set SecurityContextHolder to UsernamePasswordAuthenticationToken [Principal=recipes.security.SecurityUserDetails@6776de11, Credentials=[PROTECTED], Authenticated=true, Details=WebAuthenticationDetails [RemoteIpAddress=127.0.0.1, SessionId=null], Granted Authorities=[]]
?[0m?[0;34m2023-04-07 15:35:25.504 DEBUG 12456 --- [nio-8881-exec-1] w.c.HttpSessionSecurityContextRepository : Created HttpSession as SecurityContext is non-default
?[0m?[0;34m2023-04-07 15:35:25.504 DEBUG 12456 --- [nio-8881-exec-1] w.c.HttpSessionSecurityContextRepository : Stored SecurityContextImpl [Authentication=UsernamePasswordAuthenticationToken [Principal=recipes.security.SecurityUserDetails@6776de11, Credentials=[PROTECTED], Authenticated=true, Details=WebAuthenticationDetails [RemoteIpAddress=127.0.0.1, SessionId=null], Granted Authorities=[]]] to HttpSession [org.apache.catalina.session.StandardSessionFacade@56f4ac09]
?[0m?[0;34m2023-04-07 15:35:25.504 DEBUG 12456 --- [nio-8881-exec-1] o.s.security.web.FilterChainProxy        : Secured PUT /api/recipe/2
?[0m?[0;34m2023-04-07 15:35:25.504 DEBUG 12456 --- [nio-8881-exec-1] o.s.web.servlet.DispatcherServlet        : PUT "/api/recipe/2", parameters={}
?[0m?[0;34m2023-04-07 15:35:25.505 DEBUG 12456 --- [nio-8881-exec-1] s.w.s.m.m.a.RequestMappingHandlerMapping : Mapped to recipes.controller.RecipeController#update(SecurityUserDetails, long, RecipeDTO)
?[0m?[0;34m2023-04-07 15:35:25.505 DEBUG 12456 --- [nio-8881-exec-1] o.j.s.OpenEntityManagerInViewInterceptor : Opening JPA EntityManager in OpenEntityManagerInViewInterceptor
?[0m?[0;34m2023-04-07 15:35:25.505 DEBUG 12456 --- [nio-8881-exec-1] m.m.a.RequestResponseBodyMethodProcessor : Read "application/json;charset=UTF-8" to [RecipeDTO(name=null, category=beverage, date=null, description=Light, aromatic and refreshing bevera (truncated)...]
?[0m?[0;34m2023-04-07 15:35:25.506 DEBUG 12456 --- [nio-8881-exec-1] w.c.HttpSessionSecurityContextRepository : Stored SecurityContextImpl [Authentication=UsernamePasswordAuthenticationToken [Principal=recipes.security.SecurityUserDetails@6776de11, Credentials=[PROTECTED], Authenticated=true, Details=WebAuthenticationDetails [RemoteIpAddress=127.0.0.1, SessionId=null], Granted Authorities=[]]] to HttpSession [org.apache.catalina.session.StandardSessionFacade@56f4ac09]
?[0m?[0;34m2023-04-07 15:35:25.506  WARN 12456 --- [nio-8881-exec-1] .w.s.m.s.DefaultHandlerExceptionResolver : Resolved [org.springframework.web.bind.MethodArgumentNotValidException: Validation failed for argument [2] in public org.springframework.http.ResponseEntity<java.lang.Object> recipes.controller.RecipeController.update(recipes.security.SecurityUserDetails,long,recipes.dto.RecipeDTO): [Field error in object 'recipeDTO' on field 'name': rejected value [null]; codes [NotBlank.recipeDTO.name,NotBlank.name,NotBlank.java.lang.String,NotBlank]; arguments [org.springframework.context.support.DefaultMessageSourceResolvable: codes [recipeDTO.name,name]; arguments []; default message [name]]; default message [must not be blank]] ]
?[0m?[0;34m2023-04-07 15:35:25.506 DEBUG 12456 --- [nio-8881-exec-1] o.j.s.OpenEntityManagerInViewInterceptor : Closing JPA EntityManager in OpenEntityManagerInViewInterceptor
?[0m?[0;34m2023-04-07 15:35:25.506 DEBUG 12456 --- [nio-8881-exec-1] o.s.web.servlet.DispatcherServlet        : Completed 400 BAD_REQUEST
?[0m?[0;34m2023-04-07 15:35:25.506 DEBUG 12456 --- [nio-8881-exec-1] w.c.HttpSessionSecurityContextRepository : Stored SecurityContextImpl [Authentication=UsernamePasswordAuthenticationToken [Principal=recipes.security.SecurityUserDetails@6776de11, Credentials=[PROTECTED], Authenticated=true, Details=WebAuthenticationDetails [RemoteIpAddress=127.0.0.1, SessionId=null], Granted Authorities=[]]] to HttpSession [org.apache.catalina.session.StandardSessionFacade@56f4ac09]
?[0m?[0;34m2023-04-07 15:35:25.506 DEBUG 12456 --- [nio-8881-exec-1] s.s.w.c.SecurityContextPersistenceFilter : Cleared SecurityContextHolder to complete request
?[0m?[0;34m2023-04-07 15:35:25.506 DEBUG 12456 --- [nio-8881-exec-1] o.s.security.web.FilterChainProxy        : Securing PUT /error
?[0m?[0;34m2023-04-07 15:35:25.506 DEBUG 12456 --- [nio-8881-exec-1] w.c.HttpSessionSecurityContextRepository : Retrieved SecurityContextImpl [Authentication=UsernamePasswordAuthenticationToken [Principal=recipes.security.SecurityUserDetails@6776de11, Credentials=[PROTECTED], Authenticated=true, Details=WebAuthenticationDetails [RemoteIpAddress=127.0.0.1, SessionId=null], Granted Authorities=[]]]
?[0m?[0;34m2023-04-07 15:35:25.506 DEBUG 12456 --- [nio-8881-exec-1] s.s.w.c.SecurityContextPersistenceFilter : Set SecurityContextHolder to SecurityContextImpl [Authentication=UsernamePasswordAuthenticationToken [Principal=recipes.security.SecurityUserDetails@6776de11, Credentials=[PROTECTED], Authenticated=true, Details=WebAuthenticationDetails [RemoteIpAddress=127.0.0.1, SessionId=null], Granted Authorities=[]]]
?[0m?[0;34m2023-04-07 15:35:25.506 DEBUG 12456 --- [nio-8881-exec-1] o.s.security.web.FilterChainProxy        : Secured PUT /error
?[0m?[0;34m2023-04-07 15:35:25.507 DEBUG 12456 --- [nio-8881-exec-1] o.s.web.servlet.DispatcherServlet        : "ERROR" dispatch for PUT "/error", parameters={}
?[0m?[0;34m2023-04-07 15:35:25.507 DEBUG 12456 --- [nio-8881-exec-1] s.w.s.m.m.a.RequestMappingHandlerMapping : Mapped to org.springframework.boot.autoconfigure.web.servlet.error.BasicErrorController#error(HttpServletRequest)
?[0m?[0;34m2023-04-07 15:35:25.507 DEBUG 12456 --- [nio-8881-exec-1] o.j.s.OpenEntityManagerInViewInterceptor : Opening JPA EntityManager in OpenEntityManagerInViewInterceptor
?[0m?[0;34m2023-04-07 15:35:25.507 DEBUG 12456 --- [nio-8881-exec-1] o.s.w.s.m.m.a.HttpEntityMethodProcessor  : Using 'application/json', given [*/*] and supported [application/json, application/*+json, application/json, application/*+json]
?[0m?[0;34m2023-04-07 15:35:25.507 DEBUG 12456 --- [nio-8881-exec-1] o.s.w.s.m.m.a.HttpEntityMethodProcessor  : Writing [{timestamp=Fri Apr 07 15:35:25 EET 2023, status=400, error=Bad Request, path=/api/recipe/2}]
?[0m?[0;34m2023-04-07 15:35:25.508 DEBUG 12456 --- [nio-8881-exec-1] o.j.s.OpenEntityManagerInViewInterceptor : Closing JPA EntityManager in OpenEntityManagerInViewInterceptor
?[0m?[0;34m2023-04-07 15:35:25.508 DEBUG 12456 --- [nio-8881-exec-1] o.s.web.servlet.DispatcherServlet        : Exiting from "ERROR" dispatch, status 400
?[0m?[0;34m2023-04-07 15:35:25.508 DEBUG 12456 --- [nio-8881-exec-1] s.s.w.c.SecurityContextPersistenceFilter : Cleared SecurityContextHolder to complete request
?[1;31m
Start test 54?[0m
?[0m?[0;34m2023-04-07 15:35:25.512 DEBUG 12456 --- [nio-8881-exec-3] o.s.security.web.FilterChainProxy        : Securing PUT /api/recipe/2
?[0m?[0;34m2023-04-07 15:35:25.512 DEBUG 12456 --- [nio-8881-exec-3] s.s.w.c.SecurityContextPersistenceFilter : Set SecurityContextHolder to empty SecurityContext
?[0m?[0;34m2023-04-07 15:35:25.513 DEBUG 12456 --- [nio-8881-exec-3] tor$SharedEntityManagerInvocationHandler : Creating new EntityManager for shared EntityManager invocation
?[0m?[0;34mHibernate: 
?[0m?[0;34m    select
?[0m?[0;34m        user0_.id as id1_3_,
?[0m?[0;34m        user0_.email as email2_3_,
?[0m?[0;34m        user0_.password as password3_3_ 
?[0m?[0;34m    from
?[0m?[0;34m        users user0_ 
?[0m?[0;34m    where
?[0m?[0;34m        user0_.email=?
?[0m?[0;34mHibernate: 
?[0m?[0;34m    select
?[0m?[0;34m        recipes0_.user_id as user_id6_2_0_,
?[0m?[0;34m        recipes0_.id as id1_2_0_,
?[0m?[0;34m        recipes0_.id as id1_2_1_,
?[0m?[0;34m        recipes0_.category as category2_2_1_,
?[0m?[0;34m        recipes0_.date as date3_2_1_,
?[0m?[0;34m        recipes0_.description as descript4_2_1_,
?[0m?[0;34m        recipes0_.name as name5_2_1_,
?[0m?[0;34m        recipes0_.user_id as user_id6_2_1_ 
?[0m?[0;34m    from
?[0m?[0;34m        recipe recipes0_ 
?[0m?[0;34m    where
?[0m?[0;34m        recipes0_.user_id=?
?[0m?[0;34m2023-04-07 15:35:25.572 DEBUG 12456 --- [nio-8881-exec-3] o.s.s.a.dao.DaoAuthenticationProvider    : Authenticated user
?[0m?[0;34m2023-04-07 15:35:25.572 DEBUG 12456 --- [nio-8881-exec-3] o.s.s.w.a.www.BasicAuthenticationFilter  : Set SecurityContextHolder to UsernamePasswordAuthenticationToken [Principal=recipes.security.SecurityUserDetails@28f0b5a2, Credentials=[PROTECTED], Authenticated=true, Details=WebAuthenticationDetails [RemoteIpAddress=127.0.0.1, SessionId=null], Granted Authorities=[]]
?[0m?[0;34m2023-04-07 15:35:25.573 DEBUG 12456 --- [nio-8881-exec-3] w.c.HttpSessionSecurityContextRepository : Created HttpSession as SecurityContext is non-default
?[0m?[0;34m2023-04-07 15:35:25.573 DEBUG 12456 --- [nio-8881-exec-3] w.c.HttpSessionSecurityContextRepository : Stored SecurityContextImpl [Authentication=UsernamePasswordAuthenticationToken [Principal=recipes.security.SecurityUserDetails@28f0b5a2, Credentials=[PROTECTED], Authenticated=true, Details=WebAuthenticationDetails [RemoteIpAddress=127.0.0.1, SessionId=null], Granted Authorities=[]]] to HttpSession [org.apache.catalina.session.StandardSessionFacade@3e857b8f]
?[0m?[0;34m2023-04-07 15:35:25.573 DEBUG 12456 --- [nio-8881-exec-3] o.s.security.web.FilterChainProxy        : Secured PUT /api/recipe/2
?[0m?[0;34m2023-04-07 15:35:25.573 DEBUG 12456 --- [nio-8881-exec-3] o.s.web.servlet.DispatcherServlet        : PUT "/api/recipe/2", parameters={}
?[0m?[0;34m2023-04-07 15:35:25.573 DEBUG 12456 --- [nio-8881-exec-3] s.w.s.m.m.a.RequestMappingHandlerMapping : Mapped to recipes.controller.RecipeController#update(SecurityUserDetails, long, RecipeDTO)
?[0m?[0;34m2023-04-07 15:35:25.573 DEBUG 12456 --- [nio-8881-exec-3] o.j.s.OpenEntityManagerInViewInterceptor : Opening JPA EntityManager in OpenEntityManagerInViewInterceptor
?[0m?[0;34m2023-04-07 15:35:25.574 DEBUG 12456 --- [nio-8881-exec-3] m.m.a.RequestResponseBodyMethodProcessor : Read "application/json;charset=UTF-8" to [RecipeDTO(name=Fresh Mint Tea, category=null, date=null, description=Light, aromatic and refreshing  (truncated)...]
?[0m?[0;34m2023-04-07 15:35:25.574 DEBUG 12456 --- [nio-8881-exec-3] w.c.HttpSessionSecurityContextRepository : Stored SecurityContextImpl [Authentication=UsernamePasswordAuthenticationToken [Principal=recipes.security.SecurityUserDetails@28f0b5a2, Credentials=[PROTECTED], Authenticated=true, Details=WebAuthenticationDetails [RemoteIpAddress=127.0.0.1, SessionId=null], Granted Authorities=[]]] to HttpSession [org.apache.catalina.session.StandardSessionFacade@3e857b8f]
?[0m?[0;34m2023-04-07 15:35:25.574  WARN 12456 --- [nio-8881-exec-3] .w.s.m.s.DefaultHandlerExceptionResolver : Resolved [org.springframework.web.bind.MethodArgumentNotValidException: Validation failed for argument [2] in public org.springframework.http.ResponseEntity<java.lang.Object> recipes.controller.RecipeController.update(recipes.security.SecurityUserDetails,long,recipes.dto.RecipeDTO): [Field error in object 'recipeDTO' on field 'category': rejected value [null]; codes [NotBlank.recipeDTO.category,NotBlank.category,NotBlank.java.lang.String,NotBlank]; arguments [org.springframework.context.support.DefaultMessageSourceResolvable: codes [recipeDTO.category,category]; arguments []; default message [category]]; default message [must not be blank]] ]
?[0m?[0;34m2023-04-07 15:35:25.574 DEBUG 12456 --- [nio-8881-exec-3] o.j.s.OpenEntityManagerInViewInterceptor : Closing JPA EntityManager in OpenEntityManagerInViewInterceptor
?[0m?[0;34m2023-04-07 15:35:25.574 DEBUG 12456 --- [nio-8881-exec-3] o.s.web.servlet.DispatcherServlet        : Completed 400 BAD_REQUEST
?[0m?[0;34m2023-04-07 15:35:25.574 DEBUG 12456 --- [nio-8881-exec-3] w.c.HttpSessionSecurityContextRepository : Stored SecurityContextImpl [Authentication=UsernamePasswordAuthenticationToken [Principal=recipes.security.SecurityUserDetails@28f0b5a2, Credentials=[PROTECTED], Authenticated=true, Details=WebAuthenticationDetails [RemoteIpAddress=127.0.0.1, SessionId=null], Granted Authorities=[]]] to HttpSession [org.apache.catalina.session.StandardSessionFacade@3e857b8f]
?[0m?[0;34m2023-04-07 15:35:25.574 DEBUG 12456 --- [nio-8881-exec-3] s.s.w.c.SecurityContextPersistenceFilter : Cleared SecurityContextHolder to complete request
?[0m?[0;34m2023-04-07 15:35:25.575 DEBUG 12456 --- [nio-8881-exec-3] o.s.security.web.FilterChainProxy        : Securing PUT /error
?[0m?[0;34m2023-04-07 15:35:25.575 DEBUG 12456 --- [nio-8881-exec-3] w.c.HttpSessionSecurityContextRepository : Retrieved SecurityContextImpl [Authentication=UsernamePasswordAuthenticationToken [Principal=recipes.security.SecurityUserDetails@28f0b5a2, Credentials=[PROTECTED], Authenticated=true, Details=WebAuthenticationDetails [RemoteIpAddress=127.0.0.1, SessionId=null], Granted Authorities=[]]]
?[0m?[0;34m2023-04-07 15:35:25.575 DEBUG 12456 --- [nio-8881-exec-3] s.s.w.c.SecurityContextPersistenceFilter : Set SecurityContextHolder to SecurityContextImpl [Authentication=UsernamePasswordAuthenticationToken [Principal=recipes.security.SecurityUserDetails@28f0b5a2, Credentials=[PROTECTED], Authenticated=true, Details=WebAuthenticationDetails [RemoteIpAddress=127.0.0.1, SessionId=null], Granted Authorities=[]]]
?[0m?[0;34m2023-04-07 15:35:25.575 DEBUG 12456 --- [nio-8881-exec-3] o.s.security.web.FilterChainProxy        : Secured PUT /error
?[0m?[0;34m2023-04-07 15:35:25.575 DEBUG 12456 --- [nio-8881-exec-3] o.s.web.servlet.DispatcherServlet        : "ERROR" dispatch for PUT "/error", parameters={}
?[0m?[0;34m2023-04-07 15:35:25.575 DEBUG 12456 --- [nio-8881-exec-3] s.w.s.m.m.a.RequestMappingHandlerMapping : Mapped to org.springframework.boot.autoconfigure.web.servlet.error.BasicErrorController#error(HttpServletRequest)
?[0m?[0;34m2023-04-07 15:35:25.575 DEBUG 12456 --- [nio-8881-exec-3] o.j.s.OpenEntityManagerInViewInterceptor : Opening JPA EntityManager in OpenEntityManagerInViewInterceptor
?[0m?[0;34m2023-04-07 15:35:25.576 DEBUG 12456 --- [nio-8881-exec-3] o.s.w.s.m.m.a.HttpEntityMethodProcessor  : Using 'application/json', given [*/*] and supported [application/json, application/*+json, application/json, application/*+json]
?[0m?[0;34m2023-04-07 15:35:25.576 DEBUG 12456 --- [nio-8881-exec-3] o.s.w.s.m.m.a.HttpEntityMethodProcessor  : Writing [{timestamp=Fri Apr 07 15:35:25 EET 2023, status=400, error=Bad Request, path=/api/recipe/2}]
?[0m?[0;34m2023-04-07 15:35:25.576 DEBUG 12456 --- [nio-8881-exec-3] o.j.s.OpenEntityManagerInViewInterceptor : Closing JPA EntityManager in OpenEntityManagerInViewInterceptor
?[0m?[0;34m2023-04-07 15:35:25.577 DEBUG 12456 --- [nio-8881-exec-3] o.s.web.servlet.DispatcherServlet        : Exiting from "ERROR" dispatch, status 400
?[0m?[0;34m2023-04-07 15:35:25.577 DEBUG 12456 --- [nio-8881-exec-3] s.s.w.c.SecurityContextPersistenceFilter : Cleared SecurityContextHolder to complete request
?[1;31m
Start test 55?[0m
?[0m?[0;34m2023-04-07 15:35:25.582 DEBUG 12456 --- [nio-8881-exec-8] o.s.security.web.FilterChainProxy        : Securing PUT /api/recipe/2
?[0m?[0;34m2023-04-07 15:35:25.582 DEBUG 12456 --- [nio-8881-exec-8] s.s.w.c.SecurityContextPersistenceFilter : Set SecurityContextHolder to empty SecurityContext
?[0m?[0;34m2023-04-07 15:35:25.582 DEBUG 12456 --- [nio-8881-exec-8] tor$SharedEntityManagerInvocationHandler : Creating new EntityManager for shared EntityManager invocation
?[0m?[0;34mHibernate: 
?[0m?[0;34m    select
?[0m?[0;34m        user0_.id as id1_3_,
?[0m?[0;34m        user0_.email as email2_3_,
?[0m?[0;34m        user0_.password as password3_3_ 
?[0m?[0;34m    from
?[0m?[0;34m        users user0_ 
?[0m?[0;34m    where
?[0m?[0;34m        user0_.email=?
?[0m?[0;34mHibernate: 
?[0m?[0;34m    select
?[0m?[0;34m        recipes0_.user_id as user_id6_2_0_,
?[0m?[0;34m        recipes0_.id as id1_2_0_,
?[0m?[0;34m        recipes0_.id as id1_2_1_,
?[0m?[0;34m        recipes0_.category as category2_2_1_,
?[0m?[0;34m        recipes0_.date as date3_2_1_,
?[0m?[0;34m        recipes0_.description as descript4_2_1_,
?[0m?[0;34m        recipes0_.name as name5_2_1_,
?[0m?[0;34m        recipes0_.user_id as user_id6_2_1_ 
?[0m?[0;34m    from
?[0m?[0;34m        recipe recipes0_ 
?[0m?[0;34m    where
?[0m?[0;34m        recipes0_.user_id=?
?[0m?[0;34m2023-04-07 15:35:25.643 DEBUG 12456 --- [nio-8881-exec-8] o.s.s.a.dao.DaoAuthenticationProvider    : Authenticated user
?[0m?[0;34m2023-04-07 15:35:25.643 DEBUG 12456 --- [nio-8881-exec-8] o.s.s.w.a.www.BasicAuthenticationFilter  : Set SecurityContextHolder to UsernamePasswordAuthenticationToken [Principal=recipes.security.SecurityUserDetails@408c2e3, Credentials=[PROTECTED], Authenticated=true, Details=WebAuthenticationDetails [RemoteIpAddress=127.0.0.1, SessionId=null], Granted Authorities=[]]
?[0m?[0;34m2023-04-07 15:35:25.643 DEBUG 12456 --- [nio-8881-exec-8] w.c.HttpSessionSecurityContextRepository : Created HttpSession as SecurityContext is non-default
?[0m?[0;34m2023-04-07 15:35:25.644 DEBUG 12456 --- [nio-8881-exec-8] w.c.HttpSessionSecurityContextRepository : Stored SecurityContextImpl [Authentication=UsernamePasswordAuthenticationToken [Principal=recipes.security.SecurityUserDetails@408c2e3, Credentials=[PROTECTED], Authenticated=true, Details=WebAuthenticationDetails [RemoteIpAddress=127.0.0.1, SessionId=null], Granted Authorities=[]]] to HttpSession [org.apache.catalina.session.StandardSessionFacade@1cced3cb]
?[0m?[0;34m2023-04-07 15:35:25.644 DEBUG 12456 --- [nio-8881-exec-8] o.s.security.web.FilterChainProxy        : Secured PUT /api/recipe/2
?[0m?[0;34m2023-04-07 15:35:25.644 DEBUG 12456 --- [nio-8881-exec-8] o.s.web.servlet.DispatcherServlet        : PUT "/api/recipe/2", parameters={}
?[0m?[0;34m2023-04-07 15:35:25.644 DEBUG 12456 --- [nio-8881-exec-8] s.w.s.m.m.a.RequestMappingHandlerMapping : Mapped to recipes.controller.RecipeController#update(SecurityUserDetails, long, RecipeDTO)
?[0m?[0;34m2023-04-07 15:35:25.644 DEBUG 12456 --- [nio-8881-exec-8] o.j.s.OpenEntityManagerInViewInterceptor : Opening JPA EntityManager in OpenEntityManagerInViewInterceptor
?[0m?[0;34m2023-04-07 15:35:25.645 DEBUG 12456 --- [nio-8881-exec-8] m.m.a.RequestResponseBodyMethodProcessor : Read "application/json;charset=UTF-8" to [RecipeDTO(name=Warming Ginger Tea, category=beverage, date=null, description=null, ingredients=[1 in (truncated)...]
?[0m?[0;34m2023-04-07 15:35:25.646 DEBUG 12456 --- [nio-8881-exec-8] w.c.HttpSessionSecurityContextRepository : Stored SecurityContextImpl [Authentication=UsernamePasswordAuthenticationToken [Principal=recipes.security.SecurityUserDetails@408c2e3, Credentials=[PROTECTED], Authenticated=true, Details=WebAuthenticationDetails [RemoteIpAddress=127.0.0.1, SessionId=null], Granted Authorities=[]]] to HttpSession [org.apache.catalina.session.StandardSessionFacade@1cced3cb]
?[0m?[0;34m2023-04-07 15:35:25.646  WARN 12456 --- [nio-8881-exec-8] .w.s.m.s.DefaultHandlerExceptionResolver : Resolved [org.springframework.web.bind.MethodArgumentNotValidException: Validation failed for argument [2] in public org.springframework.http.ResponseEntity<java.lang.Object> recipes.controller.RecipeController.update(recipes.security.SecurityUserDetails,long,recipes.dto.RecipeDTO): [Field error in object 'recipeDTO' on field 'description': rejected value [null]; codes [NotBlank.recipeDTO.description,NotBlank.description,NotBlank.java.lang.String,NotBlank]; arguments [org.springframework.context.support.DefaultMessageSourceResolvable: codes [recipeDTO.description,description]; arguments []; default message [description]]; default message [must not be blank]] ]
?[0m?[0;34m2023-04-07 15:35:25.646 DEBUG 12456 --- [nio-8881-exec-8] o.j.s.OpenEntityManagerInViewInterceptor : Closing JPA EntityManager in OpenEntityManagerInViewInterceptor
?[0m?[0;34m2023-04-07 15:35:25.646 DEBUG 12456 --- [nio-8881-exec-8] o.s.web.servlet.DispatcherServlet        : Completed 400 BAD_REQUEST
?[0m?[0;34m2023-04-07 15:35:25.646 DEBUG 12456 --- [nio-8881-exec-8] w.c.HttpSessionSecurityContextRepository : Stored SecurityContextImpl [Authentication=UsernamePasswordAuthenticationToken [Principal=recipes.security.SecurityUserDetails@408c2e3, Credentials=[PROTECTED], Authenticated=true, Details=WebAuthenticationDetails [RemoteIpAddress=127.0.0.1, SessionId=null], Granted Authorities=[]]] to HttpSession [org.apache.catalina.session.StandardSessionFacade@1cced3cb]
?[0m?[0;34m2023-04-07 15:35:25.646 DEBUG 12456 --- [nio-8881-exec-8] s.s.w.c.SecurityContextPersistenceFilter : Cleared SecurityContextHolder to complete request
?[0m?[0;34m2023-04-07 15:35:25.647 DEBUG 12456 --- [nio-8881-exec-8] o.s.security.web.FilterChainProxy        : Securing PUT /error
?[0m?[0;34m2023-04-07 15:35:25.647 DEBUG 12456 --- [nio-8881-exec-8] w.c.HttpSessionSecurityContextRepository : Retrieved SecurityContextImpl [Authentication=UsernamePasswordAuthenticationToken [Principal=recipes.security.SecurityUserDetails@408c2e3, Credentials=[PROTECTED], Authenticated=true, Details=WebAuthenticationDetails [RemoteIpAddress=127.0.0.1, SessionId=null], Granted Authorities=[]]]
?[0m?[0;34m2023-04-07 15:35:25.647 DEBUG 12456 --- [nio-8881-exec-8] s.s.w.c.SecurityContextPersistenceFilter : Set SecurityContextHolder to SecurityContextImpl [Authentication=UsernamePasswordAuthenticationToken [Principal=recipes.security.SecurityUserDetails@408c2e3, Credentials=[PROTECTED], Authenticated=true, Details=WebAuthenticationDetails [RemoteIpAddress=127.0.0.1, SessionId=null], Granted Authorities=[]]]
?[0m?[0;34m2023-04-07 15:35:25.647 DEBUG 12456 --- [nio-8881-exec-8] o.s.security.web.FilterChainProxy        : Secured PUT /error
?[0m?[0;34m2023-04-07 15:35:25.647 DEBUG 12456 --- [nio-8881-exec-8] o.s.web.servlet.DispatcherServlet        : "ERROR" dispatch for PUT "/error", parameters={}
?[0m?[0;34m2023-04-07 15:35:25.647 DEBUG 12456 --- [nio-8881-exec-8] s.w.s.m.m.a.RequestMappingHandlerMapping : Mapped to org.springframework.boot.autoconfigure.web.servlet.error.BasicErrorController#error(HttpServletRequest)
?[0m?[0;34m2023-04-07 15:35:25.647 DEBUG 12456 --- [nio-8881-exec-8] o.j.s.OpenEntityManagerInViewInterceptor : Opening JPA EntityManager in OpenEntityManagerInViewInterceptor
?[0m?[0;34m2023-04-07 15:35:25.648 DEBUG 12456 --- [nio-8881-exec-8] o.s.w.s.m.m.a.HttpEntityMethodProcessor  : Using 'application/json', given [*/*] and supported [application/json, application/*+json, application/json, application/*+json]
?[0m?[0;34m2023-04-07 15:35:25.648 DEBUG 12456 --- [nio-8881-exec-8] o.s.w.s.m.m.a.HttpEntityMethodProcessor  : Writing [{timestamp=Fri Apr 07 15:35:25 EET 2023, status=400, error=Bad Request, path=/api/recipe/2}]
?[0m?[0;34m2023-04-07 15:35:25.648 DEBUG 12456 --- [nio-8881-exec-8] o.j.s.OpenEntityManagerInViewInterceptor : Closing JPA EntityManager in OpenEntityManagerInViewInterceptor
?[0m?[0;34m2023-04-07 15:35:25.649 DEBUG 12456 --- [nio-8881-exec-8] o.s.web.servlet.DispatcherServlet        : Exiting from "ERROR" dispatch, status 400
?[0m?[0;34m2023-04-07 15:35:25.649 DEBUG 12456 --- [nio-8881-exec-8] s.s.w.c.SecurityContextPersistenceFilter : Cleared SecurityContextHolder to complete request
?[1;31m
Start test 56?[0m
?[0m?[0;34m2023-04-07 15:35:25.653 DEBUG 12456 --- [nio-8881-exec-9] o.s.security.web.FilterChainProxy        : Securing PUT /api/recipe/2
?[0m?[0;34m2023-04-07 15:35:25.653 DEBUG 12456 --- [nio-8881-exec-9] s.s.w.c.SecurityContextPersistenceFilter : Set SecurityContextHolder to empty SecurityContext
?[0m?[0;34m2023-04-07 15:35:25.653 DEBUG 12456 --- [nio-8881-exec-9] tor$SharedEntityManagerInvocationHandler : Creating new EntityManager for shared EntityManager invocation
?[0m?[0;34mHibernate: 
?[0m?[0;34m    select
?[0m?[0;34m        user0_.id as id1_3_,
?[0m?[0;34m        user0_.email as email2_3_,
?[0m?[0;34m        user0_.password as password3_3_ 
?[0m?[0;34m    from
?[0m?[0;34m        users user0_ 
?[0m?[0;34m    where
?[0m?[0;34m        user0_.email=?
?[0m?[0;34mHibernate: 
?[0m?[0;34m    select
?[0m?[0;34m        recipes0_.user_id as user_id6_2_0_,
?[0m?[0;34m        recipes0_.id as id1_2_0_,
?[0m?[0;34m        recipes0_.id as id1_2_1_,
?[0m?[0;34m        recipes0_.category as category2_2_1_,
?[0m?[0;34m        recipes0_.date as date3_2_1_,
?[0m?[0;34m        recipes0_.description as descript4_2_1_,
?[0m?[0;34m        recipes0_.name as name5_2_1_,
?[0m?[0;34m        recipes0_.user_id as user_id6_2_1_ 
?[0m?[0;34m    from
?[0m?[0;34m        recipe recipes0_ 
?[0m?[0;34m    where
?[0m?[0;34m        recipes0_.user_id=?
?[0m?[0;34m2023-04-07 15:35:25.716 DEBUG 12456 --- [nio-8881-exec-9] o.s.s.a.dao.DaoAuthenticationProvider    : Authenticated user
?[0m?[0;34m2023-04-07 15:35:25.716 DEBUG 12456 --- [nio-8881-exec-9] o.s.s.w.a.www.BasicAuthenticationFilter  : Set SecurityContextHolder to UsernamePasswordAuthenticationToken [Principal=recipes.security.SecurityUserDetails@63f7d1e5, Credentials=[PROTECTED], Authenticated=true, Details=WebAuthenticationDetails [RemoteIpAddress=127.0.0.1, SessionId=null], Granted Authorities=[]]
?[0m?[0;34m2023-04-07 15:35:25.716 DEBUG 12456 --- [nio-8881-exec-9] w.c.HttpSessionSecurityContextRepository : Created HttpSession as SecurityContext is non-default
?[0m?[0;34m2023-04-07 15:35:25.716 DEBUG 12456 --- [nio-8881-exec-9] w.c.HttpSessionSecurityContextRepository : Stored SecurityContextImpl [Authentication=UsernamePasswordAuthenticationToken [Principal=recipes.security.SecurityUserDetails@63f7d1e5, Credentials=[PROTECTED], Authenticated=true, Details=WebAuthenticationDetails [RemoteIpAddress=127.0.0.1, SessionId=null], Granted Authorities=[]]] to HttpSession [org.apache.catalina.session.StandardSessionFacade@3085b321]
?[0m?[0;34m2023-04-07 15:35:25.716 DEBUG 12456 --- [nio-8881-exec-9] o.s.security.web.FilterChainProxy        : Secured PUT /api/recipe/2
?[0m?[0;34m2023-04-07 15:35:25.716 DEBUG 12456 --- [nio-8881-exec-9] o.s.web.servlet.DispatcherServlet        : PUT "/api/recipe/2", parameters={}
?[0m?[0;34m2023-04-07 15:35:25.717 DEBUG 12456 --- [nio-8881-exec-9] s.w.s.m.m.a.RequestMappingHandlerMapping : Mapped to recipes.controller.RecipeController#update(SecurityUserDetails, long, RecipeDTO)
?[0m?[0;34m2023-04-07 15:35:25.717 DEBUG 12456 --- [nio-8881-exec-9] o.j.s.OpenEntityManagerInViewInterceptor : Opening JPA EntityManager in OpenEntityManagerInViewInterceptor
?[0m?[0;34m2023-04-07 15:35:25.717 DEBUG 12456 --- [nio-8881-exec-9] m.m.a.RequestResponseBodyMethodProcessor : Read "application/json;charset=UTF-8" to [RecipeDTO(name=Fresh Mint Tea, category=beverage, date=null, description=Light, aromatic and refresh (truncated)...]
?[0m?[0;34m2023-04-07 15:35:25.718 DEBUG 12456 --- [nio-8881-exec-9] w.c.HttpSessionSecurityContextRepository : Stored SecurityContextImpl [Authentication=UsernamePasswordAuthenticationToken [Principal=recipes.security.SecurityUserDetails@63f7d1e5, Credentials=[PROTECTED], Authenticated=true, Details=WebAuthenticationDetails [RemoteIpAddress=127.0.0.1, SessionId=null], Granted Authorities=[]]] to HttpSession [org.apache.catalina.session.StandardSessionFacade@3085b321]
?[0m?[0;34m2023-04-07 15:35:25.718  WARN 12456 --- [nio-8881-exec-9] .w.s.m.s.DefaultHandlerExceptionResolver : Resolved [org.springframework.web.bind.MethodArgumentNotValidException: Validation failed for argument [2] in public org.springframework.http.ResponseEntity<java.lang.Object> recipes.controller.RecipeController.update(recipes.security.SecurityUserDetails,long,recipes.dto.RecipeDTO): [Field error in object 'recipeDTO' on field 'ingredients': rejected value [null]; codes [NotEmpty.recipeDTO.ingredients,NotEmpty.ingredients,NotEmpty.java.util.List,NotEmpty]; arguments [org.springframework.context.support.DefaultMessageSourceResolvable: codes [recipeDTO.ingredients,ingredients]; arguments []; default message [ingredients]]; default message [must not be empty]] ]
?[0m?[0;34m2023-04-07 15:35:25.718 DEBUG 12456 --- [nio-8881-exec-9] o.j.s.OpenEntityManagerInViewInterceptor : Closing JPA EntityManager in OpenEntityManagerInViewInterceptor
?[0m?[0;34m2023-04-07 15:35:25.718 DEBUG 12456 --- [nio-8881-exec-9] o.s.web.servlet.DispatcherServlet        : Completed 400 BAD_REQUEST
?[0m?[0;34m2023-04-07 15:35:25.718 DEBUG 12456 --- [nio-8881-exec-9] w.c.HttpSessionSecurityContextRepository : Stored SecurityContextImpl [Authentication=UsernamePasswordAuthenticationToken [Principal=recipes.security.SecurityUserDetails@63f7d1e5, Credentials=[PROTECTED], Authenticated=true, Details=WebAuthenticationDetails [RemoteIpAddress=127.0.0.1, SessionId=null], Granted Authorities=[]]] to HttpSession [org.apache.catalina.session.StandardSessionFacade@3085b321]
?[0m?[0;34m2023-04-07 15:35:25.718 DEBUG 12456 --- [nio-8881-exec-9] s.s.w.c.SecurityContextPersistenceFilter : Cleared SecurityContextHolder to complete request
?[0m?[0;34m2023-04-07 15:35:25.718 DEBUG 12456 --- [nio-8881-exec-9] o.s.security.web.FilterChainProxy        : Securing PUT /error
?[0m?[0;34m2023-04-07 15:35:25.719 DEBUG 12456 --- [nio-8881-exec-9] w.c.HttpSessionSecurityContextRepository : Retrieved SecurityContextImpl [Authentication=UsernamePasswordAuthenticationToken [Principal=recipes.security.SecurityUserDetails@63f7d1e5, Credentials=[PROTECTED], Authenticated=true, Details=WebAuthenticationDetails [RemoteIpAddress=127.0.0.1, SessionId=null], Granted Authorities=[]]]
?[0m?[0;34m2023-04-07 15:35:25.719 DEBUG 12456 --- [nio-8881-exec-9] s.s.w.c.SecurityContextPersistenceFilter : Set SecurityContextHolder to SecurityContextImpl [Authentication=UsernamePasswordAuthenticationToken [Principal=recipes.security.SecurityUserDetails@63f7d1e5, Credentials=[PROTECTED], Authenticated=true, Details=WebAuthenticationDetails [RemoteIpAddress=127.0.0.1, SessionId=null], Granted Authorities=[]]]
?[0m?[0;34m2023-04-07 15:35:25.719 DEBUG 12456 --- [nio-8881-exec-9] o.s.security.web.FilterChainProxy        : Secured PUT /error
?[0m?[0;34m2023-04-07 15:35:25.719 DEBUG 12456 --- [nio-8881-exec-9] o.s.web.servlet.DispatcherServlet        : "ERROR" dispatch for PUT "/error", parameters={}
?[0m?[0;34m2023-04-07 15:35:25.719 DEBUG 12456 --- [nio-8881-exec-9] s.w.s.m.m.a.RequestMappingHandlerMapping : Mapped to org.springframework.boot.autoconfigure.web.servlet.error.BasicErrorController#error(HttpServletRequest)
?[0m?[0;34m2023-04-07 15:35:25.719 DEBUG 12456 --- [nio-8881-exec-9] o.j.s.OpenEntityManagerInViewInterceptor : Opening JPA EntityManager in OpenEntityManagerInViewInterceptor
?[0m?[0;34m2023-04-07 15:35:25.719 DEBUG 12456 --- [nio-8881-exec-9] o.s.w.s.m.m.a.HttpEntityMethodProcessor  : Using 'application/json', given [*/*] and supported [application/json, application/*+json, application/json, application/*+json]
?[0m?[0;34m2023-04-07 15:35:25.719 DEBUG 12456 --- [nio-8881-exec-9] o.s.w.s.m.m.a.HttpEntityMethodProcessor  : Writing [{timestamp=Fri Apr 07 15:35:25 EET 2023, status=400, error=Bad Request, path=/api/recipe/2}]
?[0m?[0;34m2023-04-07 15:35:25.720 DEBUG 12456 --- [nio-8881-exec-9] o.j.s.OpenEntityManagerInViewInterceptor : Closing JPA EntityManager in OpenEntityManagerInViewInterceptor
?[0m?[0;34m2023-04-07 15:35:25.720 DEBUG 12456 --- [nio-8881-exec-9] o.s.web.servlet.DispatcherServlet        : Exiting from "ERROR" dispatch, status 400
?[0m?[0;34m2023-04-07 15:35:25.720 DEBUG 12456 --- [nio-8881-exec-9] s.s.w.c.SecurityContextPersistenceFilter : Cleared SecurityContextHolder to complete request
?[1;31m
Start test 57?[0m
?[0m?[0;34m2023-04-07 15:35:25.724 DEBUG 12456 --- [io-8881-exec-10] o.s.security.web.FilterChainProxy        : Securing PUT /api/recipe/2
?[0m?[0;34m2023-04-07 15:35:25.724 DEBUG 12456 --- [io-8881-exec-10] s.s.w.c.SecurityContextPersistenceFilter : Set SecurityContextHolder to empty SecurityContext
?[0m?[0;34m2023-04-07 15:35:25.724 DEBUG 12456 --- [io-8881-exec-10] tor$SharedEntityManagerInvocationHandler : Creating new EntityManager for shared EntityManager invocation
?[0m?[0;34mHibernate: 
?[0m?[0;34m    select
?[0m?[0;34m        user0_.id as id1_3_,
?[0m?[0;34m        user0_.email as email2_3_,
?[0m?[0;34m        user0_.password as password3_3_ 
?[0m?[0;34m    from
?[0m?[0;34m        users user0_ 
?[0m?[0;34m    where
?[0m?[0;34m        user0_.email=?
?[0m?[0;34mHibernate: 
?[0m?[0;34m    select
?[0m?[0;34m        recipes0_.user_id as user_id6_2_0_,
?[0m?[0;34m        recipes0_.id as id1_2_0_,
?[0m?[0;34m        recipes0_.id as id1_2_1_,
?[0m?[0;34m        recipes0_.category as category2_2_1_,
?[0m?[0;34m        recipes0_.date as date3_2_1_,
?[0m?[0;34m        recipes0_.description as descript4_2_1_,
?[0m?[0;34m        recipes0_.name as name5_2_1_,
?[0m?[0;34m        recipes0_.user_id as user_id6_2_1_ 
?[0m?[0;34m    from
?[0m?[0;34m        recipe recipes0_ 
?[0m?[0;34m    where
?[0m?[0;34m        recipes0_.user_id=?
?[0m?[0;34m2023-04-07 15:35:25.787 DEBUG 12456 --- [io-8881-exec-10] o.s.s.a.dao.DaoAuthenticationProvider    : Authenticated user
?[0m?[0;34m2023-04-07 15:35:25.787 DEBUG 12456 --- [io-8881-exec-10] o.s.s.w.a.www.BasicAuthenticationFilter  : Set SecurityContextHolder to UsernamePasswordAuthenticationToken [Principal=recipes.security.SecurityUserDetails@60fdb87c, Credentials=[PROTECTED], Authenticated=true, Details=WebAuthenticationDetails [RemoteIpAddress=127.0.0.1, SessionId=null], Granted Authorities=[]]
?[0m?[0;34m2023-04-07 15:35:25.787 DEBUG 12456 --- [io-8881-exec-10] w.c.HttpSessionSecurityContextRepository : Created HttpSession as SecurityContext is non-default
?[0m?[0;34m2023-04-07 15:35:25.787 DEBUG 12456 --- [io-8881-exec-10] w.c.HttpSessionSecurityContextRepository : Stored SecurityContextImpl [Authentication=UsernamePasswordAuthenticationToken [Principal=recipes.security.SecurityUserDetails@60fdb87c, Credentials=[PROTECTED], Authenticated=true, Details=WebAuthenticationDetails [RemoteIpAddress=127.0.0.1, SessionId=null], Granted Authorities=[]]] to HttpSession [org.apache.catalina.session.StandardSessionFacade@7924a588]
?[0m?[0;34m2023-04-07 15:35:25.787 DEBUG 12456 --- [io-8881-exec-10] o.s.security.web.FilterChainProxy        : Secured PUT /api/recipe/2
?[0m?[0;34m2023-04-07 15:35:25.787 DEBUG 12456 --- [io-8881-exec-10] o.s.web.servlet.DispatcherServlet        : PUT "/api/recipe/2", parameters={}
?[0m?[0;34m2023-04-07 15:35:25.787 DEBUG 12456 --- [io-8881-exec-10] s.w.s.m.m.a.RequestMappingHandlerMapping : Mapped to recipes.controller.RecipeController#update(SecurityUserDetails, long, RecipeDTO)
?[0m?[0;34m2023-04-07 15:35:25.787 DEBUG 12456 --- [io-8881-exec-10] o.j.s.OpenEntityManagerInViewInterceptor : Opening JPA EntityManager in OpenEntityManagerInViewInterceptor
?[0m?[0;34m2023-04-07 15:35:25.788 DEBUG 12456 --- [io-8881-exec-10] m.m.a.RequestResponseBodyMethodProcessor : Read "application/json;charset=UTF-8" to [RecipeDTO(name=Warming Ginger Tea, category=beverage, date=null, description=Ginger tea is a warming (truncated)...]
?[0m?[0;34m2023-04-07 15:35:25.789 DEBUG 12456 --- [io-8881-exec-10] w.c.HttpSessionSecurityContextRepository : Stored SecurityContextImpl [Authentication=UsernamePasswordAuthenticationToken [Principal=recipes.security.SecurityUserDetails@60fdb87c, Credentials=[PROTECTED], Authenticated=true, Details=WebAuthenticationDetails [RemoteIpAddress=127.0.0.1, SessionId=null], Granted Authorities=[]]] to HttpSession [org.apache.catalina.session.StandardSessionFacade@7924a588]
?[0m?[0;34m2023-04-07 15:35:25.789  WARN 12456 --- [io-8881-exec-10] .w.s.m.s.DefaultHandlerExceptionResolver : Resolved [org.springframework.web.bind.MethodArgumentNotValidException: Validation failed for argument [2] in public org.springframework.http.ResponseEntity<java.lang.Object> recipes.controller.RecipeController.update(recipes.security.SecurityUserDetails,long,recipes.dto.RecipeDTO): [Field error in object 'recipeDTO' on field 'directions': rejected value [null]; codes [NotEmpty.recipeDTO.directions,NotEmpty.directions,NotEmpty.java.util.List,NotEmpty]; arguments [org.springframework.context.support.DefaultMessageSourceResolvable: codes [recipeDTO.directions,directions]; arguments []; default message [directions]]; default message [must not be empty]] ]
?[0m?[0;34m2023-04-07 15:35:25.789 DEBUG 12456 --- [io-8881-exec-10] o.j.s.OpenEntityManagerInViewInterceptor : Closing JPA EntityManager in OpenEntityManagerInViewInterceptor
?[0m?[0;34m2023-04-07 15:35:25.789 DEBUG 12456 --- [io-8881-exec-10] o.s.web.servlet.DispatcherServlet        : Completed 400 BAD_REQUEST
?[0m?[0;34m2023-04-07 15:35:25.789 DEBUG 12456 --- [io-8881-exec-10] w.c.HttpSessionSecurityContextRepository : Stored SecurityContextImpl [Authentication=UsernamePasswordAuthenticationToken [Principal=recipes.security.SecurityUserDetails@60fdb87c, Credentials=[PROTECTED], Authenticated=true, Details=WebAuthenticationDetails [RemoteIpAddress=127.0.0.1, SessionId=null], Granted Authorities=[]]] to HttpSession [org.apache.catalina.session.StandardSessionFacade@7924a588]
?[0m?[0;34m2023-04-07 15:35:25.789 DEBUG 12456 --- [io-8881-exec-10] s.s.w.c.SecurityContextPersistenceFilter : Cleared SecurityContextHolder to complete request
?[0m?[0;34m2023-04-07 15:35:25.789 DEBUG 12456 --- [io-8881-exec-10] o.s.security.web.FilterChainProxy        : Securing PUT /error
?[0m?[0;34m2023-04-07 15:35:25.789 DEBUG 12456 --- [io-8881-exec-10] w.c.HttpSessionSecurityContextRepository : Retrieved SecurityContextImpl [Authentication=UsernamePasswordAuthenticationToken [Principal=recipes.security.SecurityUserDetails@60fdb87c, Credentials=[PROTECTED], Authenticated=true, Details=WebAuthenticationDetails [RemoteIpAddress=127.0.0.1, SessionId=null], Granted Authorities=[]]]
?[0m?[0;34m2023-04-07 15:35:25.789 DEBUG 12456 --- [io-8881-exec-10] s.s.w.c.SecurityContextPersistenceFilter : Set SecurityContextHolder to SecurityContextImpl [Authentication=UsernamePasswordAuthenticationToken [Principal=recipes.security.SecurityUserDetails@60fdb87c, Credentials=[PROTECTED], Authenticated=true, Details=WebAuthenticationDetails [RemoteIpAddress=127.0.0.1, SessionId=null], Granted Authorities=[]]]
?[0m?[0;34m2023-04-07 15:35:25.789 DEBUG 12456 --- [io-8881-exec-10] o.s.security.web.FilterChainProxy        : Secured PUT /error
?[0m?[0;34m2023-04-07 15:35:25.790 DEBUG 12456 --- [io-8881-exec-10] o.s.web.servlet.DispatcherServlet        : "ERROR" dispatch for PUT "/error", parameters={}
?[0m?[0;34m2023-04-07 15:35:25.790 DEBUG 12456 --- [io-8881-exec-10] s.w.s.m.m.a.RequestMappingHandlerMapping : Mapped to org.springframework.boot.autoconfigure.web.servlet.error.BasicErrorController#error(HttpServletRequest)
?[0m?[0;34m2023-04-07 15:35:25.790 DEBUG 12456 --- [io-8881-exec-10] o.j.s.OpenEntityManagerInViewInterceptor : Opening JPA EntityManager in OpenEntityManagerInViewInterceptor
?[0m?[0;34m2023-04-07 15:35:25.790 DEBUG 12456 --- [io-8881-exec-10] o.s.w.s.m.m.a.HttpEntityMethodProcessor  : Using 'application/json', given [*/*] and supported [application/json, application/*+json, application/json, application/*+json]
?[0m?[0;34m2023-04-07 15:35:25.790 DEBUG 12456 --- [io-8881-exec-10] o.s.w.s.m.m.a.HttpEntityMethodProcessor  : Writing [{timestamp=Fri Apr 07 15:35:25 EET 2023, status=400, error=Bad Request, path=/api/recipe/2}]
?[0m?[0;34m2023-04-07 15:35:25.791 DEBUG 12456 --- [io-8881-exec-10] o.j.s.OpenEntityManagerInViewInterceptor : Closing JPA EntityManager in OpenEntityManagerInViewInterceptor
?[0m?[0;34m2023-04-07 15:35:25.791 DEBUG 12456 --- [io-8881-exec-10] o.s.web.servlet.DispatcherServlet        : Exiting from "ERROR" dispatch, status 400
?[0m?[0;34m2023-04-07 15:35:25.791 DEBUG 12456 --- [io-8881-exec-10] s.s.w.c.SecurityContextPersistenceFilter : Cleared SecurityContextHolder to complete request
?[1;31m
Start test 58?[0m
?[0m?[0;34m2023-04-07 15:35:25.795 DEBUG 12456 --- [nio-8881-exec-5] o.s.security.web.FilterChainProxy        : Securing PUT /api/recipe/2
?[0m?[0;34m2023-04-07 15:35:25.795 DEBUG 12456 --- [nio-8881-exec-5] s.s.w.c.SecurityContextPersistenceFilter : Set SecurityContextHolder to empty SecurityContext
?[0m?[0;34m2023-04-07 15:35:25.795 DEBUG 12456 --- [nio-8881-exec-5] tor$SharedEntityManagerInvocationHandler : Creating new EntityManager for shared EntityManager invocation
?[0m?[0;34mHibernate: 
?[0m?[0;34m    select
?[0m?[0;34m        user0_.id as id1_3_,
?[0m?[0;34m        user0_.email as email2_3_,
?[0m?[0;34m        user0_.password as password3_3_ 
?[0m?[0;34m    from
?[0m?[0;34m        users user0_ 
?[0m?[0;34m    where
?[0m?[0;34m        user0_.email=?
?[0m?[0;34mHibernate: 
?[0m?[0;34m    select
?[0m?[0;34m        recipes0_.user_id as user_id6_2_0_,
?[0m?[0;34m        recipes0_.id as id1_2_0_,
?[0m?[0;34m        recipes0_.id as id1_2_1_,
?[0m?[0;34m        recipes0_.category as category2_2_1_,
?[0m?[0;34m        recipes0_.date as date3_2_1_,
?[0m?[0;34m        recipes0_.description as descript4_2_1_,
?[0m?[0;34m        recipes0_.name as name5_2_1_,
?[0m?[0;34m        recipes0_.user_id as user_id6_2_1_ 
?[0m?[0;34m    from
?[0m?[0;34m        recipe recipes0_ 
?[0m?[0;34m    where
?[0m?[0;34m        recipes0_.user_id=?
?[0m?[0;34m2023-04-07 15:35:25.856 DEBUG 12456 --- [nio-8881-exec-5] o.s.s.a.dao.DaoAuthenticationProvider    : Authenticated user
?[0m?[0;34m2023-04-07 15:35:25.856 DEBUG 12456 --- [nio-8881-exec-5] o.s.s.w.a.www.BasicAuthenticationFilter  : Set SecurityContextHolder to UsernamePasswordAuthenticationToken [Principal=recipes.security.SecurityUserDetails@c17babc, Credentials=[PROTECTED], Authenticated=true, Details=WebAuthenticationDetails [RemoteIpAddress=127.0.0.1, SessionId=null], Granted Authorities=[]]
?[0m?[0;34m2023-04-07 15:35:25.856 DEBUG 12456 --- [nio-8881-exec-5] w.c.HttpSessionSecurityContextRepository : Created HttpSession as SecurityContext is non-default
?[0m?[0;34m2023-04-07 15:35:25.857 DEBUG 12456 --- [nio-8881-exec-5] w.c.HttpSessionSecurityContextRepository : Stored SecurityContextImpl [Authentication=UsernamePasswordAuthenticationToken [Principal=recipes.security.SecurityUserDetails@c17babc, Credentials=[PROTECTED], Authenticated=true, Details=WebAuthenticationDetails [RemoteIpAddress=127.0.0.1, SessionId=null], Granted Authorities=[]]] to HttpSession [org.apache.catalina.session.StandardSessionFacade@62c169f8]
?[0m?[0;34m2023-04-07 15:35:25.857 DEBUG 12456 --- [nio-8881-exec-5] o.s.security.web.FilterChainProxy        : Secured PUT /api/recipe/2
?[0m?[0;34m2023-04-07 15:35:25.857 DEBUG 12456 --- [nio-8881-exec-5] o.s.web.servlet.DispatcherServlet        : PUT "/api/recipe/2", parameters={}
?[0m?[0;34m2023-04-07 15:35:25.857 DEBUG 12456 --- [nio-8881-exec-5] s.w.s.m.m.a.RequestMappingHandlerMapping : Mapped to recipes.controller.RecipeController#update(SecurityUserDetails, long, RecipeDTO)
?[0m?[0;34m2023-04-07 15:35:25.857 DEBUG 12456 --- [nio-8881-exec-5] o.j.s.OpenEntityManagerInViewInterceptor : Opening JPA EntityManager in OpenEntityManagerInViewInterceptor
?[0m?[0;34m2023-04-07 15:35:25.858 DEBUG 12456 --- [nio-8881-exec-5] m.m.a.RequestResponseBodyMethodProcessor : Read "application/json;charset=UTF-8" to [RecipeDTO(name=  , category=beverage, date=null, description=Light, aromatic and refreshing beverage (truncated)...]
?[0m?[0;34m2023-04-07 15:35:25.858 DEBUG 12456 --- [nio-8881-exec-5] w.c.HttpSessionSecurityContextRepository : Stored SecurityContextImpl [Authentication=UsernamePasswordAuthenticationToken [Principal=recipes.security.SecurityUserDetails@c17babc, Credentials=[PROTECTED], Authenticated=true, Details=WebAuthenticationDetails [RemoteIpAddress=127.0.0.1, SessionId=null], Granted Authorities=[]]] to HttpSession [org.apache.catalina.session.StandardSessionFacade@62c169f8]
?[0m?[0;34m2023-04-07 15:35:25.858  WARN 12456 --- [nio-8881-exec-5] .w.s.m.s.DefaultHandlerExceptionResolver : Resolved [org.springframework.web.bind.MethodArgumentNotValidException: Validation failed for argument [2] in public org.springframework.http.ResponseEntity<java.lang.Object> recipes.controller.RecipeController.update(recipes.security.SecurityUserDetails,long,recipes.dto.RecipeDTO): [Field error in object 'recipeDTO' on field 'name': rejected value [  ]; codes [NotBlank.recipeDTO.name,NotBlank.name,NotBlank.java.lang.String,NotBlank]; arguments [org.springframework.context.support.DefaultMessageSourceResolvable: codes [recipeDTO.name,name]; arguments []; default message [name]]; default message [must not be blank]] ]
?[0m?[0;34m2023-04-07 15:35:25.858 DEBUG 12456 --- [nio-8881-exec-5] o.j.s.OpenEntityManagerInViewInterceptor : Closing JPA EntityManager in OpenEntityManagerInViewInterceptor
?[0m?[0;34m2023-04-07 15:35:25.858 DEBUG 12456 --- [nio-8881-exec-5] o.s.web.servlet.DispatcherServlet        : Completed 400 BAD_REQUEST
?[0m?[0;34m2023-04-07 15:35:25.859 DEBUG 12456 --- [nio-8881-exec-5] w.c.HttpSessionSecurityContextRepository : Stored SecurityContextImpl [Authentication=UsernamePasswordAuthenticationToken [Principal=recipes.security.SecurityUserDetails@c17babc, Credentials=[PROTECTED], Authenticated=true, Details=WebAuthenticationDetails [RemoteIpAddress=127.0.0.1, SessionId=null], Granted Authorities=[]]] to HttpSession [org.apache.catalina.session.StandardSessionFacade@62c169f8]
?[0m?[0;34m2023-04-07 15:35:25.859 DEBUG 12456 --- [nio-8881-exec-5] s.s.w.c.SecurityContextPersistenceFilter : Cleared SecurityContextHolder to complete request
?[0m?[0;34m2023-04-07 15:35:25.859 DEBUG 12456 --- [nio-8881-exec-5] o.s.security.web.FilterChainProxy        : Securing PUT /error
?[0m?[0;34m2023-04-07 15:35:25.859 DEBUG 12456 --- [nio-8881-exec-5] w.c.HttpSessionSecurityContextRepository : Retrieved SecurityContextImpl [Authentication=UsernamePasswordAuthenticationToken [Principal=recipes.security.SecurityUserDetails@c17babc, Credentials=[PROTECTED], Authenticated=true, Details=WebAuthenticationDetails [RemoteIpAddress=127.0.0.1, SessionId=null], Granted Authorities=[]]]
?[0m?[0;34m2023-04-07 15:35:25.859 DEBUG 12456 --- [nio-8881-exec-5] s.s.w.c.SecurityContextPersistenceFilter : Set SecurityContextHolder to SecurityContextImpl [Authentication=UsernamePasswordAuthenticationToken [Principal=recipes.security.SecurityUserDetails@c17babc, Credentials=[PROTECTED], Authenticated=true, Details=WebAuthenticationDetails [RemoteIpAddress=127.0.0.1, SessionId=null], Granted Authorities=[]]]
?[0m?[0;34m2023-04-07 15:35:25.860 DEBUG 12456 --- [nio-8881-exec-5] o.s.security.web.FilterChainProxy        : Secured PUT /error
?[0m?[0;34m2023-04-07 15:35:25.860 DEBUG 12456 --- [nio-8881-exec-5] o.s.web.servlet.DispatcherServlet        : "ERROR" dispatch for PUT "/error", parameters={}
?[0m?[0;34m2023-04-07 15:35:25.861 DEBUG 12456 --- [nio-8881-exec-5] s.w.s.m.m.a.RequestMappingHandlerMapping : Mapped to org.springframework.boot.autoconfigure.web.servlet.error.BasicErrorController#error(HttpServletRequest)
?[0m?[0;34m2023-04-07 15:35:25.861 DEBUG 12456 --- [nio-8881-exec-5] o.j.s.OpenEntityManagerInViewInterceptor : Opening JPA EntityManager in OpenEntityManagerInViewInterceptor
?[0m?[0;34m2023-04-07 15:35:25.861 DEBUG 12456 --- [nio-8881-exec-5] o.s.w.s.m.m.a.HttpEntityMethodProcessor  : Using 'application/json', given [*/*] and supported [application/json, application/*+json, application/json, application/*+json]
?[0m?[0;34m2023-04-07 15:35:25.861 DEBUG 12456 --- [nio-8881-exec-5] o.s.w.s.m.m.a.HttpEntityMethodProcessor  : Writing [{timestamp=Fri Apr 07 15:35:25 EET 2023, status=400, error=Bad Request, path=/api/recipe/2}]
?[0m?[0;34m2023-04-07 15:35:25.862 DEBUG 12456 --- [nio-8881-exec-5] o.j.s.OpenEntityManagerInViewInterceptor : Closing JPA EntityManager in OpenEntityManagerInViewInterceptor
?[0m?[0;34m2023-04-07 15:35:25.862 DEBUG 12456 --- [nio-8881-exec-5] o.s.web.servlet.DispatcherServlet        : Exiting from "ERROR" dispatch, status 400
?[0m?[0;34m2023-04-07 15:35:25.862 DEBUG 12456 --- [nio-8881-exec-5] s.s.w.c.SecurityContextPersistenceFilter : Cleared SecurityContextHolder to complete request
?[1;31m
Start test 59?[0m
?[0m?[0;34m2023-04-07 15:35:25.866 DEBUG 12456 --- [nio-8881-exec-6] o.s.security.web.FilterChainProxy        : Securing PUT /api/recipe/2
?[0m?[0;34m2023-04-07 15:35:25.866 DEBUG 12456 --- [nio-8881-exec-6] s.s.w.c.SecurityContextPersistenceFilter : Set SecurityContextHolder to empty SecurityContext
?[0m?[0;34m2023-04-07 15:35:25.867 DEBUG 12456 --- [nio-8881-exec-6] tor$SharedEntityManagerInvocationHandler : Creating new EntityManager for shared EntityManager invocation
?[0m?[0;34mHibernate: 
?[0m?[0;34m    select
?[0m?[0;34m        user0_.id as id1_3_,
?[0m?[0;34m        user0_.email as email2_3_,
?[0m?[0;34m        user0_.password as password3_3_ 
?[0m?[0;34m    from
?[0m?[0;34m        users user0_ 
?[0m?[0;34m    where
?[0m?[0;34m        user0_.email=?
?[0m?[0;34mHibernate: 
?[0m?[0;34m    select
?[0m?[0;34m        recipes0_.user_id as user_id6_2_0_,
?[0m?[0;34m        recipes0_.id as id1_2_0_,
?[0m?[0;34m        recipes0_.id as id1_2_1_,
?[0m?[0;34m        recipes0_.category as category2_2_1_,
?[0m?[0;34m        recipes0_.date as date3_2_1_,
?[0m?[0;34m        recipes0_.description as descript4_2_1_,
?[0m?[0;34m        recipes0_.name as name5_2_1_,
?[0m?[0;34m        recipes0_.user_id as user_id6_2_1_ 
?[0m?[0;34m    from
?[0m?[0;34m        recipe recipes0_ 
?[0m?[0;34m    where
?[0m?[0;34m        recipes0_.user_id=?
?[0m?[0;34m2023-04-07 15:35:25.931 DEBUG 12456 --- [nio-8881-exec-6] o.s.s.a.dao.DaoAuthenticationProvider    : Authenticated user
?[0m?[0;34m2023-04-07 15:35:25.931 DEBUG 12456 --- [nio-8881-exec-6] o.s.s.w.a.www.BasicAuthenticationFilter  : Set SecurityContextHolder to UsernamePasswordAuthenticationToken [Principal=recipes.security.SecurityUserDetails@5c20eeca, Credentials=[PROTECTED], Authenticated=true, Details=WebAuthenticationDetails [RemoteIpAddress=127.0.0.1, SessionId=null], Granted Authorities=[]]
?[0m?[0;34m2023-04-07 15:35:25.931 DEBUG 12456 --- [nio-8881-exec-6] w.c.HttpSessionSecurityContextRepository : Created HttpSession as SecurityContext is non-default
?[0m?[0;34m2023-04-07 15:35:25.931 DEBUG 12456 --- [nio-8881-exec-6] w.c.HttpSessionSecurityContextRepository : Stored SecurityContextImpl [Authentication=UsernamePasswordAuthenticationToken [Principal=recipes.security.SecurityUserDetails@5c20eeca, Credentials=[PROTECTED], Authenticated=true, Details=WebAuthenticationDetails [RemoteIpAddress=127.0.0.1, SessionId=null], Granted Authorities=[]]] to HttpSession [org.apache.catalina.session.StandardSessionFacade@117d4186]
?[0m?[0;34m2023-04-07 15:35:25.931 DEBUG 12456 --- [nio-8881-exec-6] o.s.security.web.FilterChainProxy        : Secured PUT /api/recipe/2
?[0m?[0;34m2023-04-07 15:35:25.931 DEBUG 12456 --- [nio-8881-exec-6] o.s.web.servlet.DispatcherServlet        : PUT "/api/recipe/2", parameters={}
?[0m?[0;34m2023-04-07 15:35:25.932 DEBUG 12456 --- [nio-8881-exec-6] s.w.s.m.m.a.RequestMappingHandlerMapping : Mapped to recipes.controller.RecipeController#update(SecurityUserDetails, long, RecipeDTO)
?[0m?[0;34m2023-04-07 15:35:25.932 DEBUG 12456 --- [nio-8881-exec-6] o.j.s.OpenEntityManagerInViewInterceptor : Opening JPA EntityManager in OpenEntityManagerInViewInterceptor
?[0m?[0;34m2023-04-07 15:35:25.932 DEBUG 12456 --- [nio-8881-exec-6] m.m.a.RequestResponseBodyMethodProcessor : Read "application/json;charset=UTF-8" to [RecipeDTO(name=Fresh Mint Tea, category=  , date=null, description=Light, aromatic and refreshing be (truncated)...]
?[0m?[0;34m2023-04-07 15:35:25.933 DEBUG 12456 --- [nio-8881-exec-6] w.c.HttpSessionSecurityContextRepository : Stored SecurityContextImpl [Authentication=UsernamePasswordAuthenticationToken [Principal=recipes.security.SecurityUserDetails@5c20eeca, Credentials=[PROTECTED], Authenticated=true, Details=WebAuthenticationDetails [RemoteIpAddress=127.0.0.1, SessionId=null], Granted Authorities=[]]] to HttpSession [org.apache.catalina.session.StandardSessionFacade@117d4186]
?[0m?[0;34m2023-04-07 15:35:25.933  WARN 12456 --- [nio-8881-exec-6] .w.s.m.s.DefaultHandlerExceptionResolver : Resolved [org.springframework.web.bind.MethodArgumentNotValidException: Validation failed for argument [2] in public org.springframework.http.ResponseEntity<java.lang.Object> recipes.controller.RecipeController.update(recipes.security.SecurityUserDetails,long,recipes.dto.RecipeDTO): [Field error in object 'recipeDTO' on field 'category': rejected value [  ]; codes [NotBlank.recipeDTO.category,NotBlank.category,NotBlank.java.lang.String,NotBlank]; arguments [org.springframework.context.support.DefaultMessageSourceResolvable: codes [recipeDTO.category,category]; arguments []; default message [category]]; default message [must not be blank]] ]
?[0m?[0;34m2023-04-07 15:35:25.933 DEBUG 12456 --- [nio-8881-exec-6] o.j.s.OpenEntityManagerInViewInterceptor : Closing JPA EntityManager in OpenEntityManagerInViewInterceptor
?[0m?[0;34m2023-04-07 15:35:25.933 DEBUG 12456 --- [nio-8881-exec-6] o.s.web.servlet.DispatcherServlet        : Completed 400 BAD_REQUEST
?[0m?[0;34m2023-04-07 15:35:25.933 DEBUG 12456 --- [nio-8881-exec-6] w.c.HttpSessionSecurityContextRepository : Stored SecurityContextImpl [Authentication=UsernamePasswordAuthenticationToken [Principal=recipes.security.SecurityUserDetails@5c20eeca, Credentials=[PROTECTED], Authenticated=true, Details=WebAuthenticationDetails [RemoteIpAddress=127.0.0.1, SessionId=null], Granted Authorities=[]]] to HttpSession [org.apache.catalina.session.StandardSessionFacade@117d4186]
?[0m?[0;34m2023-04-07 15:35:25.933 DEBUG 12456 --- [nio-8881-exec-6] s.s.w.c.SecurityContextPersistenceFilter : Cleared SecurityContextHolder to complete request
?[0m?[0;34m2023-04-07 15:35:25.933 DEBUG 12456 --- [nio-8881-exec-6] o.s.security.web.FilterChainProxy        : Securing PUT /error
?[0m?[0;34m2023-04-07 15:35:25.933 DEBUG 12456 --- [nio-8881-exec-6] w.c.HttpSessionSecurityContextRepository : Retrieved SecurityContextImpl [Authentication=UsernamePasswordAuthenticationToken [Principal=recipes.security.SecurityUserDetails@5c20eeca, Credentials=[PROTECTED], Authenticated=true, Details=WebAuthenticationDetails [RemoteIpAddress=127.0.0.1, SessionId=null], Granted Authorities=[]]]
?[0m?[0;34m2023-04-07 15:35:25.934 DEBUG 12456 --- [nio-8881-exec-6] s.s.w.c.SecurityContextPersistenceFilter : Set SecurityContextHolder to SecurityContextImpl [Authentication=UsernamePasswordAuthenticationToken [Principal=recipes.security.SecurityUserDetails@5c20eeca, Credentials=[PROTECTED], Authenticated=true, Details=WebAuthenticationDetails [RemoteIpAddress=127.0.0.1, SessionId=null], Granted Authorities=[]]]
?[0m?[0;34m2023-04-07 15:35:25.934 DEBUG 12456 --- [nio-8881-exec-6] o.s.security.web.FilterChainProxy        : Secured PUT /error
?[0m?[0;34m2023-04-07 15:35:25.934 DEBUG 12456 --- [nio-8881-exec-6] o.s.web.servlet.DispatcherServlet        : "ERROR" dispatch for PUT "/error", parameters={}
?[0m?[0;34m2023-04-07 15:35:25.934 DEBUG 12456 --- [nio-8881-exec-6] s.w.s.m.m.a.RequestMappingHandlerMapping : Mapped to org.springframework.boot.autoconfigure.web.servlet.error.BasicErrorController#error(HttpServletRequest)
?[0m?[0;34m2023-04-07 15:35:25.934 DEBUG 12456 --- [nio-8881-exec-6] o.j.s.OpenEntityManagerInViewInterceptor : Opening JPA EntityManager in OpenEntityManagerInViewInterceptor
?[0m?[0;34m2023-04-07 15:35:25.934 DEBUG 12456 --- [nio-8881-exec-6] o.s.w.s.m.m.a.HttpEntityMethodProcessor  : Using 'application/json', given [*/*] and supported [application/json, application/*+json, application/json, application/*+json]
?[0m?[0;34m2023-04-07 15:35:25.934 DEBUG 12456 --- [nio-8881-exec-6] o.s.w.s.m.m.a.HttpEntityMethodProcessor  : Writing [{timestamp=Fri Apr 07 15:35:25 EET 2023, status=400, error=Bad Request, path=/api/recipe/2}]
?[0m?[0;34m2023-04-07 15:35:25.935 DEBUG 12456 --- [nio-8881-exec-6] o.j.s.OpenEntityManagerInViewInterceptor : Closing JPA EntityManager in OpenEntityManagerInViewInterceptor
?[0m?[0;34m2023-04-07 15:35:25.935 DEBUG 12456 --- [nio-8881-exec-6] o.s.web.servlet.DispatcherServlet        : Exiting from "ERROR" dispatch, status 400
?[0m?[0;34m2023-04-07 15:35:25.935 DEBUG 12456 --- [nio-8881-exec-6] s.s.w.c.SecurityContextPersistenceFilter : Cleared SecurityContextHolder to complete request
?[1;31m
Start test 60?[0m
?[0m?[0;34m2023-04-07 15:35:25.940 DEBUG 12456 --- [nio-8881-exec-4] o.s.security.web.FilterChainProxy        : Securing PUT /api/recipe/2
?[0m?[0;34m2023-04-07 15:35:25.940 DEBUG 12456 --- [nio-8881-exec-4] s.s.w.c.SecurityContextPersistenceFilter : Set SecurityContextHolder to empty SecurityContext
?[0m?[0;34m2023-04-07 15:35:25.940 DEBUG 12456 --- [nio-8881-exec-4] tor$SharedEntityManagerInvocationHandler : Creating new EntityManager for shared EntityManager invocation
?[0m?[0;34mHibernate: 
?[0m?[0;34m    select
?[0m?[0;34m        user0_.id as id1_3_,
?[0m?[0;34m        user0_.email as email2_3_,
?[0m?[0;34m        user0_.password as password3_3_ 
?[0m?[0;34m    from
?[0m?[0;34m        users user0_ 
?[0m?[0;34m    where
?[0m?[0;34m        user0_.email=?
?[0m?[0;34mHibernate: 
?[0m?[0;34m    select
?[0m?[0;34m        recipes0_.user_id as user_id6_2_0_,
?[0m?[0;34m        recipes0_.id as id1_2_0_,
?[0m?[0;34m        recipes0_.id as id1_2_1_,
?[0m?[0;34m        recipes0_.category as category2_2_1_,
?[0m?[0;34m        recipes0_.date as date3_2_1_,
?[0m?[0;34m        recipes0_.description as descript4_2_1_,
?[0m?[0;34m        recipes0_.name as name5_2_1_,
?[0m?[0;34m        recipes0_.user_id as user_id6_2_1_ 
?[0m?[0;34m    from
?[0m?[0;34m        recipe recipes0_ 
?[0m?[0;34m    where
?[0m?[0;34m        recipes0_.user_id=?
?[0m?[0;34m2023-04-07 15:35:26.020 DEBUG 12456 --- [nio-8881-exec-4] o.s.s.a.dao.DaoAuthenticationProvider    : Authenticated user
?[0m?[0;34m2023-04-07 15:35:26.020 DEBUG 12456 --- [nio-8881-exec-4] o.s.s.w.a.www.BasicAuthenticationFilter  : Set SecurityContextHolder to UsernamePasswordAuthenticationToken [Principal=recipes.security.SecurityUserDetails@2ae37e3a, Credentials=[PROTECTED], Authenticated=true, Details=WebAuthenticationDetails [RemoteIpAddress=127.0.0.1, SessionId=null], Granted Authorities=[]]
?[0m?[0;34m2023-04-07 15:35:26.021 DEBUG 12456 --- [nio-8881-exec-4] w.c.HttpSessionSecurityContextRepository : Created HttpSession as SecurityContext is non-default
?[0m?[0;34m2023-04-07 15:35:26.021 DEBUG 12456 --- [nio-8881-exec-4] w.c.HttpSessionSecurityContextRepository : Stored SecurityContextImpl [Authentication=UsernamePasswordAuthenticationToken [Principal=recipes.security.SecurityUserDetails@2ae37e3a, Credentials=[PROTECTED], Authenticated=true, Details=WebAuthenticationDetails [RemoteIpAddress=127.0.0.1, SessionId=null], Granted Authorities=[]]] to HttpSession [org.apache.catalina.session.StandardSessionFacade@44a0f7eb]
?[0m?[0;34m2023-04-07 15:35:26.021 DEBUG 12456 --- [nio-8881-exec-4] o.s.security.web.FilterChainProxy        : Secured PUT /api/recipe/2
?[0m?[0;34m2023-04-07 15:35:26.021 DEBUG 12456 --- [nio-8881-exec-4] o.s.web.servlet.DispatcherServlet        : PUT "/api/recipe/2", parameters={}
?[0m?[0;34m2023-04-07 15:35:26.021 DEBUG 12456 --- [nio-8881-exec-4] s.w.s.m.m.a.RequestMappingHandlerMapping : Mapped to recipes.controller.RecipeController#update(SecurityUserDetails, long, RecipeDTO)
?[0m?[0;34m2023-04-07 15:35:26.022 DEBUG 12456 --- [nio-8881-exec-4] o.j.s.OpenEntityManagerInViewInterceptor : Opening JPA EntityManager in OpenEntityManagerInViewInterceptor
?[0m?[0;34m2023-04-07 15:35:26.022 DEBUG 12456 --- [nio-8881-exec-4] m.m.a.RequestResponseBodyMethodProcessor : Read "application/json;charset=UTF-8" to [RecipeDTO(name=Warming Ginger Tea, category=beverage, date=null, description=  , ingredients=[1 inch (truncated)...]
?[0m?[0;34m2023-04-07 15:35:26.023 DEBUG 12456 --- [nio-8881-exec-4] w.c.HttpSessionSecurityContextRepository : Stored SecurityContextImpl [Authentication=UsernamePasswordAuthenticationToken [Principal=recipes.security.SecurityUserDetails@2ae37e3a, Credentials=[PROTECTED], Authenticated=true, Details=WebAuthenticationDetails [RemoteIpAddress=127.0.0.1, SessionId=null], Granted Authorities=[]]] to HttpSession [org.apache.catalina.session.StandardSessionFacade@44a0f7eb]
?[0m?[0;34m2023-04-07 15:35:26.023  WARN 12456 --- [nio-8881-exec-4] .w.s.m.s.DefaultHandlerExceptionResolver : Resolved [org.springframework.web.bind.MethodArgumentNotValidException: Validation failed for argument [2] in public org.springframework.http.ResponseEntity<java.lang.Object> recipes.controller.RecipeController.update(recipes.security.SecurityUserDetails,long,recipes.dto.RecipeDTO): [Field error in object 'recipeDTO' on field 'description': rejected value [  ]; codes [NotBlank.recipeDTO.description,NotBlank.description,NotBlank.java.lang.String,NotBlank]; arguments [org.springframework.context.support.DefaultMessageSourceResolvable: codes [recipeDTO.description,description]; arguments []; default message [description]]; default message [must not be blank]] ]
?[0m?[0;34m2023-04-07 15:35:26.023 DEBUG 12456 --- [nio-8881-exec-4] o.j.s.OpenEntityManagerInViewInterceptor : Closing JPA EntityManager in OpenEntityManagerInViewInterceptor
?[0m?[0;34m2023-04-07 15:35:26.023 DEBUG 12456 --- [nio-8881-exec-4] o.s.web.servlet.DispatcherServlet        : Completed 400 BAD_REQUEST
?[0m?[0;34m2023-04-07 15:35:26.023 DEBUG 12456 --- [nio-8881-exec-4] w.c.HttpSessionSecurityContextRepository : Stored SecurityContextImpl [Authentication=UsernamePasswordAuthenticationToken [Principal=recipes.security.SecurityUserDetails@2ae37e3a, Credentials=[PROTECTED], Authenticated=true, Details=WebAuthenticationDetails [RemoteIpAddress=127.0.0.1, SessionId=null], Granted Authorities=[]]] to HttpSession [org.apache.catalina.session.StandardSessionFacade@44a0f7eb]
?[0m?[0;34m2023-04-07 15:35:26.024 DEBUG 12456 --- [nio-8881-exec-4] s.s.w.c.SecurityContextPersistenceFilter : Cleared SecurityContextHolder to complete request
?[0m?[0;34m2023-04-07 15:35:26.024 DEBUG 12456 --- [nio-8881-exec-4] o.s.security.web.FilterChainProxy        : Securing PUT /error
?[0m?[0;34m2023-04-07 15:35:26.024 DEBUG 12456 --- [nio-8881-exec-4] w.c.HttpSessionSecurityContextRepository : Retrieved SecurityContextImpl [Authentication=UsernamePasswordAuthenticationToken [Principal=recipes.security.SecurityUserDetails@2ae37e3a, Credentials=[PROTECTED], Authenticated=true, Details=WebAuthenticationDetails [RemoteIpAddress=127.0.0.1, SessionId=null], Granted Authorities=[]]]
?[0m?[0;34m2023-04-07 15:35:26.024 DEBUG 12456 --- [nio-8881-exec-4] s.s.w.c.SecurityContextPersistenceFilter : Set SecurityContextHolder to SecurityContextImpl [Authentication=UsernamePasswordAuthenticationToken [Principal=recipes.security.SecurityUserDetails@2ae37e3a, Credentials=[PROTECTED], Authenticated=true, Details=WebAuthenticationDetails [RemoteIpAddress=127.0.0.1, SessionId=null], Granted Authorities=[]]]
?[0m?[0;34m2023-04-07 15:35:26.024 DEBUG 12456 --- [nio-8881-exec-4] o.s.security.web.FilterChainProxy        : Secured PUT /error
?[0m?[0;34m2023-04-07 15:35:26.024 DEBUG 12456 --- [nio-8881-exec-4] o.s.web.servlet.DispatcherServlet        : "ERROR" dispatch for PUT "/error", parameters={}
?[0m?[0;34m2023-04-07 15:35:26.025 DEBUG 12456 --- [nio-8881-exec-4] s.w.s.m.m.a.RequestMappingHandlerMapping : Mapped to org.springframework.boot.autoconfigure.web.servlet.error.BasicErrorController#error(HttpServletRequest)
?[0m?[0;34m2023-04-07 15:35:26.025 DEBUG 12456 --- [nio-8881-exec-4] o.j.s.OpenEntityManagerInViewInterceptor : Opening JPA EntityManager in OpenEntityManagerInViewInterceptor
?[0m?[0;34m2023-04-07 15:35:26.025 DEBUG 12456 --- [nio-8881-exec-4] o.s.w.s.m.m.a.HttpEntityMethodProcessor  : Using 'application/json', given [*/*] and supported [application/json, application/*+json, application/json, application/*+json]
?[0m?[0;34m2023-04-07 15:35:26.025 DEBUG 12456 --- [nio-8881-exec-4] o.s.w.s.m.m.a.HttpEntityMethodProcessor  : Writing [{timestamp=Fri Apr 07 15:35:26 EET 2023, status=400, error=Bad Request, path=/api/recipe/2}]
?[0m?[0;34m2023-04-07 15:35:26.026 DEBUG 12456 --- [nio-8881-exec-4] o.j.s.OpenEntityManagerInViewInterceptor : Closing JPA EntityManager in OpenEntityManagerInViewInterceptor
?[0m?[0;34m2023-04-07 15:35:26.026 DEBUG 12456 --- [nio-8881-exec-4] o.s.web.servlet.DispatcherServlet        : Exiting from "ERROR" dispatch, status 400
?[0m?[0;34m2023-04-07 15:35:26.026 DEBUG 12456 --- [nio-8881-exec-4] s.s.w.c.SecurityContextPersistenceFilter : Cleared SecurityContextHolder to complete request
?[1;31m
Start test 61?[0m
?[0m?[0;34m2023-04-07 15:35:26.031 DEBUG 12456 --- [nio-8881-exec-7] o.s.security.web.FilterChainProxy        : Securing PUT /api/recipe/2
?[0m?[0;34m2023-04-07 15:35:26.031 DEBUG 12456 --- [nio-8881-exec-7] s.s.w.c.SecurityContextPersistenceFilter : Set SecurityContextHolder to empty SecurityContext
?[0m?[0;34m2023-04-07 15:35:26.031 DEBUG 12456 --- [nio-8881-exec-7] tor$SharedEntityManagerInvocationHandler : Creating new EntityManager for shared EntityManager invocation
?[0m?[0;34mHibernate: 
?[0m?[0;34m    select
?[0m?[0;34m        user0_.id as id1_3_,
?[0m?[0;34m        user0_.email as email2_3_,
?[0m?[0;34m        user0_.password as password3_3_ 
?[0m?[0;34m    from
?[0m?[0;34m        users user0_ 
?[0m?[0;34m    where
?[0m?[0;34m        user0_.email=?
?[0m?[0;34mHibernate: 
?[0m?[0;34m    select
?[0m?[0;34m        recipes0_.user_id as user_id6_2_0_,
?[0m?[0;34m        recipes0_.id as id1_2_0_,
?[0m?[0;34m        recipes0_.id as id1_2_1_,
?[0m?[0;34m        recipes0_.category as category2_2_1_,
?[0m?[0;34m        recipes0_.date as date3_2_1_,
?[0m?[0;34m        recipes0_.description as descript4_2_1_,
?[0m?[0;34m        recipes0_.name as name5_2_1_,
?[0m?[0;34m        recipes0_.user_id as user_id6_2_1_ 
?[0m?[0;34m    from
?[0m?[0;34m        recipe recipes0_ 
?[0m?[0;34m    where
?[0m?[0;34m        recipes0_.user_id=?
?[0m?[0;34m2023-04-07 15:35:26.096 DEBUG 12456 --- [nio-8881-exec-7] o.s.s.a.dao.DaoAuthenticationProvider    : Authenticated user
?[0m?[0;34m2023-04-07 15:35:26.096 DEBUG 12456 --- [nio-8881-exec-7] o.s.s.w.a.www.BasicAuthenticationFilter  : Set SecurityContextHolder to UsernamePasswordAuthenticationToken [Principal=recipes.security.SecurityUserDetails@5567a6a2, Credentials=[PROTECTED], Authenticated=true, Details=WebAuthenticationDetails [RemoteIpAddress=127.0.0.1, SessionId=null], Granted Authorities=[]]
?[0m?[0;34m2023-04-07 15:35:26.096 DEBUG 12456 --- [nio-8881-exec-7] w.c.HttpSessionSecurityContextRepository : Created HttpSession as SecurityContext is non-default
?[0m?[0;34m2023-04-07 15:35:26.096 DEBUG 12456 --- [nio-8881-exec-7] w.c.HttpSessionSecurityContextRepository : Stored SecurityContextImpl [Authentication=UsernamePasswordAuthenticationToken [Principal=recipes.security.SecurityUserDetails@5567a6a2, Credentials=[PROTECTED], Authenticated=true, Details=WebAuthenticationDetails [RemoteIpAddress=127.0.0.1, SessionId=null], Granted Authorities=[]]] to HttpSession [org.apache.catalina.session.StandardSessionFacade@60938c7c]
?[0m?[0;34m2023-04-07 15:35:26.096 DEBUG 12456 --- [nio-8881-exec-7] o.s.security.web.FilterChainProxy        : Secured PUT /api/recipe/2
?[0m?[0;34m2023-04-07 15:35:26.096 DEBUG 12456 --- [nio-8881-exec-7] o.s.web.servlet.DispatcherServlet        : PUT "/api/recipe/2", parameters={}
?[0m?[0;34m2023-04-07 15:35:26.097 DEBUG 12456 --- [nio-8881-exec-7] s.w.s.m.m.a.RequestMappingHandlerMapping : Mapped to recipes.controller.RecipeController#update(SecurityUserDetails, long, RecipeDTO)
?[0m?[0;34m2023-04-07 15:35:26.097 DEBUG 12456 --- [nio-8881-exec-7] o.j.s.OpenEntityManagerInViewInterceptor : Opening JPA EntityManager in OpenEntityManagerInViewInterceptor
?[0m?[0;34m2023-04-07 15:35:26.097 DEBUG 12456 --- [nio-8881-exec-7] m.m.a.RequestResponseBodyMethodProcessor : Read "application/json;charset=UTF-8" to [RecipeDTO(name=Fresh Mint Tea, category=beverage, date=null, description=Light, aromatic and refresh (truncated)...]
?[0m?[0;34m2023-04-07 15:35:26.098 DEBUG 12456 --- [nio-8881-exec-7] w.c.HttpSessionSecurityContextRepository : Stored SecurityContextImpl [Authentication=UsernamePasswordAuthenticationToken [Principal=recipes.security.SecurityUserDetails@5567a6a2, Credentials=[PROTECTED], Authenticated=true, Details=WebAuthenticationDetails [RemoteIpAddress=127.0.0.1, SessionId=null], Granted Authorities=[]]] to HttpSession [org.apache.catalina.session.StandardSessionFacade@60938c7c]
?[0m?[0;34m2023-04-07 15:35:26.098  WARN 12456 --- [nio-8881-exec-7] .w.s.m.s.DefaultHandlerExceptionResolver : Resolved [org.springframework.web.bind.MethodArgumentNotValidException: Validation failed for argument [2] in public org.springframework.http.ResponseEntity<java.lang.Object> recipes.controller.RecipeController.update(recipes.security.SecurityUserDetails,long,recipes.dto.RecipeDTO) with 2 errors: [Field error in object 'recipeDTO' on field 'ingredients': rejected value [[]]; codes [Size.recipeDTO.ingredients,Size.ingredients,Size.java.util.List,Size]; arguments [org.springframework.context.support.DefaultMessageSourceResolvable: codes [recipeDTO.ingredients,ingredients]; arguments []; default message [ingredients],2147483647,1]; default message [size must be between 1 and 2147483647]] [Field error in object 'recipeDTO' on field 'ingredients': rejected value [[]]; codes [NotEmpty.recipeDTO.ingredients,NotEmpty.ingredients,NotEmpty.java.util.List,NotEmpty]; arguments [org.springframework.context.support.DefaultMessageSourceResolvable: codes [recipeDTO.ingredients,ingredients]; arguments []; default message [ingredients]]; default message [must not be empty]] ]
?[0m?[0;34m2023-04-07 15:35:26.098 DEBUG 12456 --- [nio-8881-exec-7] o.j.s.OpenEntityManagerInViewInterceptor : Closing JPA EntityManager in OpenEntityManagerInViewInterceptor
?[0m?[0;34m2023-04-07 15:35:26.098 DEBUG 12456 --- [nio-8881-exec-7] o.s.web.servlet.DispatcherServlet        : Completed 400 BAD_REQUEST
?[0m?[0;34m2023-04-07 15:35:26.098 DEBUG 12456 --- [nio-8881-exec-7] w.c.HttpSessionSecurityContextRepository : Stored SecurityContextImpl [Authentication=UsernamePasswordAuthenticationToken [Principal=recipes.security.SecurityUserDetails@5567a6a2, Credentials=[PROTECTED], Authenticated=true, Details=WebAuthenticationDetails [RemoteIpAddress=127.0.0.1, SessionId=null], Granted Authorities=[]]] to HttpSession [org.apache.catalina.session.StandardSessionFacade@60938c7c]
?[0m?[0;34m2023-04-07 15:35:26.099 DEBUG 12456 --- [nio-8881-exec-7] s.s.w.c.SecurityContextPersistenceFilter : Cleared SecurityContextHolder to complete request
?[0m?[0;34m2023-04-07 15:35:26.099 DEBUG 12456 --- [nio-8881-exec-7] o.s.security.web.FilterChainProxy        : Securing PUT /error
?[0m?[0;34m2023-04-07 15:35:26.099 DEBUG 12456 --- [nio-8881-exec-7] w.c.HttpSessionSecurityContextRepository : Retrieved SecurityContextImpl [Authentication=UsernamePasswordAuthenticationToken [Principal=recipes.security.SecurityUserDetails@5567a6a2, Credentials=[PROTECTED], Authenticated=true, Details=WebAuthenticationDetails [RemoteIpAddress=127.0.0.1, SessionId=null], Granted Authorities=[]]]
?[0m?[0;34m2023-04-07 15:35:26.099 DEBUG 12456 --- [nio-8881-exec-7] s.s.w.c.SecurityContextPersistenceFilter : Set SecurityContextHolder to SecurityContextImpl [Authentication=UsernamePasswordAuthenticationToken [Principal=recipes.security.SecurityUserDetails@5567a6a2, Credentials=[PROTECTED], Authenticated=true, Details=WebAuthenticationDetails [RemoteIpAddress=127.0.0.1, SessionId=null], Granted Authorities=[]]]
?[0m?[0;34m2023-04-07 15:35:26.099 DEBUG 12456 --- [nio-8881-exec-7] o.s.security.web.FilterChainProxy        : Secured PUT /error
?[0m?[0;34m2023-04-07 15:35:26.099 DEBUG 12456 --- [nio-8881-exec-7] o.s.web.servlet.DispatcherServlet        : "ERROR" dispatch for PUT "/error", parameters={}
?[0m?[0;34m2023-04-07 15:35:26.099 DEBUG 12456 --- [nio-8881-exec-7] s.w.s.m.m.a.RequestMappingHandlerMapping : Mapped to org.springframework.boot.autoconfigure.web.servlet.error.BasicErrorController#error(HttpServletRequest)
?[0m?[0;34m2023-04-07 15:35:26.099 DEBUG 12456 --- [nio-8881-exec-7] o.j.s.OpenEntityManagerInViewInterceptor : Opening JPA EntityManager in OpenEntityManagerInViewInterceptor
?[0m?[0;34m2023-04-07 15:35:26.100 DEBUG 12456 --- [nio-8881-exec-7] o.s.w.s.m.m.a.HttpEntityMethodProcessor  : Using 'application/json', given [*/*] and supported [application/json, application/*+json, application/json, application/*+json]
?[0m?[0;34m2023-04-07 15:35:26.100 DEBUG 12456 --- [nio-8881-exec-7] o.s.w.s.m.m.a.HttpEntityMethodProcessor  : Writing [{timestamp=Fri Apr 07 15:35:26 EET 2023, status=400, error=Bad Request, path=/api/recipe/2}]
?[0m?[0;34m2023-04-07 15:35:26.101 DEBUG 12456 --- [nio-8881-exec-7] o.j.s.OpenEntityManagerInViewInterceptor : Closing JPA EntityManager in OpenEntityManagerInViewInterceptor
?[0m?[0;34m2023-04-07 15:35:26.101 DEBUG 12456 --- [nio-8881-exec-7] o.s.web.servlet.DispatcherServlet        : Exiting from "ERROR" dispatch, status 400
?[0m?[0;34m2023-04-07 15:35:26.101 DEBUG 12456 --- [nio-8881-exec-7] s.s.w.c.SecurityContextPersistenceFilter : Cleared SecurityContextHolder to complete request
?[1;31m
Start test 62?[0m
?[0m?[0;34m2023-04-07 15:35:26.105 DEBUG 12456 --- [nio-8881-exec-2] o.s.security.web.FilterChainProxy        : Securing PUT /api/recipe/2
?[0m?[0;34m2023-04-07 15:35:26.105 DEBUG 12456 --- [nio-8881-exec-2] s.s.w.c.SecurityContextPersistenceFilter : Set SecurityContextHolder to empty SecurityContext
?[0m?[0;34m2023-04-07 15:35:26.105 DEBUG 12456 --- [nio-8881-exec-2] tor$SharedEntityManagerInvocationHandler : Creating new EntityManager for shared EntityManager invocation
?[0m?[0;34mHibernate: 
?[0m?[0;34m    select
?[0m?[0;34m        user0_.id as id1_3_,
?[0m?[0;34m        user0_.email as email2_3_,
?[0m?[0;34m        user0_.password as password3_3_ 
?[0m?[0;34m    from
?[0m?[0;34m        users user0_ 
?[0m?[0;34m    where
?[0m?[0;34m        user0_.email=?
?[0m?[0;34mHibernate: 
?[0m?[0;34m    select
?[0m?[0;34m        recipes0_.user_id as user_id6_2_0_,
?[0m?[0;34m        recipes0_.id as id1_2_0_,
?[0m?[0;34m        recipes0_.id as id1_2_1_,
?[0m?[0;34m        recipes0_.category as category2_2_1_,
?[0m?[0;34m        recipes0_.date as date3_2_1_,
?[0m?[0;34m        recipes0_.description as descript4_2_1_,
?[0m?[0;34m        recipes0_.name as name5_2_1_,
?[0m?[0;34m        recipes0_.user_id as user_id6_2_1_ 
?[0m?[0;34m    from
?[0m?[0;34m        recipe recipes0_ 
?[0m?[0;34m    where
?[0m?[0;34m        recipes0_.user_id=?
?[0m?[0;34m2023-04-07 15:35:26.169 DEBUG 12456 --- [nio-8881-exec-2] o.s.s.a.dao.DaoAuthenticationProvider    : Authenticated user
?[0m?[0;34m2023-04-07 15:35:26.169 DEBUG 12456 --- [nio-8881-exec-2] o.s.s.w.a.www.BasicAuthenticationFilter  : Set SecurityContextHolder to UsernamePasswordAuthenticationToken [Principal=recipes.security.SecurityUserDetails@1c91bd0a, Credentials=[PROTECTED], Authenticated=true, Details=WebAuthenticationDetails [RemoteIpAddress=127.0.0.1, SessionId=null], Granted Authorities=[]]
?[0m?[0;34m2023-04-07 15:35:26.169 DEBUG 12456 --- [nio-8881-exec-2] w.c.HttpSessionSecurityContextRepository : Created HttpSession as SecurityContext is non-default
?[0m?[0;34m2023-04-07 15:35:26.169 DEBUG 12456 --- [nio-8881-exec-2] w.c.HttpSessionSecurityContextRepository : Stored SecurityContextImpl [Authentication=UsernamePasswordAuthenticationToken [Principal=recipes.security.SecurityUserDetails@1c91bd0a, Credentials=[PROTECTED], Authenticated=true, Details=WebAuthenticationDetails [RemoteIpAddress=127.0.0.1, SessionId=null], Granted Authorities=[]]] to HttpSession [org.apache.catalina.session.StandardSessionFacade@36458c37]
?[0m?[0;34m2023-04-07 15:35:26.169 DEBUG 12456 --- [nio-8881-exec-2] o.s.security.web.FilterChainProxy        : Secured PUT /api/recipe/2
?[0m?[0;34m2023-04-07 15:35:26.169 DEBUG 12456 --- [nio-8881-exec-2] o.s.web.servlet.DispatcherServlet        : PUT "/api/recipe/2", parameters={}
?[0m?[0;34m2023-04-07 15:35:26.169 DEBUG 12456 --- [nio-8881-exec-2] s.w.s.m.m.a.RequestMappingHandlerMapping : Mapped to recipes.controller.RecipeController#update(SecurityUserDetails, long, RecipeDTO)
?[0m?[0;34m2023-04-07 15:35:26.169 DEBUG 12456 --- [nio-8881-exec-2] o.j.s.OpenEntityManagerInViewInterceptor : Opening JPA EntityManager in OpenEntityManagerInViewInterceptor
?[0m?[0;34m2023-04-07 15:35:26.170 DEBUG 12456 --- [nio-8881-exec-2] m.m.a.RequestResponseBodyMethodProcessor : Read "application/json;charset=UTF-8" to [RecipeDTO(name=Warming Ginger Tea, category=beverage, date=null, description=Ginger tea is a warming (truncated)...]
?[0m?[0;34m2023-04-07 15:35:26.170 DEBUG 12456 --- [nio-8881-exec-2] w.c.HttpSessionSecurityContextRepository : Stored SecurityContextImpl [Authentication=UsernamePasswordAuthenticationToken [Principal=recipes.security.SecurityUserDetails@1c91bd0a, Credentials=[PROTECTED], Authenticated=true, Details=WebAuthenticationDetails [RemoteIpAddress=127.0.0.1, SessionId=null], Granted Authorities=[]]] to HttpSession [org.apache.catalina.session.StandardSessionFacade@36458c37]
?[0m?[0;34m2023-04-07 15:35:26.171  WARN 12456 --- [nio-8881-exec-2] .w.s.m.s.DefaultHandlerExceptionResolver : Resolved [org.springframework.web.bind.MethodArgumentNotValidException: Validation failed for argument [2] in public org.springframework.http.ResponseEntity<java.lang.Object> recipes.controller.RecipeController.update(recipes.security.SecurityUserDetails,long,recipes.dto.RecipeDTO) with 2 errors: [Field error in object 'recipeDTO' on field 'directions': rejected value [[]]; codes [NotEmpty.recipeDTO.directions,NotEmpty.directions,NotEmpty.java.util.List,NotEmpty]; arguments [org.springframework.context.support.DefaultMessageSourceResolvable: codes [recipeDTO.directions,directions]; arguments []; default message [directions]]; default message [must not be empty]] [Field error in object 'recipeDTO' on field 'directions': rejected value [[]]; codes [Size.recipeDTO.directions,Size.directions,Size.java.util.List,Size]; arguments [org.springframework.context.support.DefaultMessageSourceResolvable: codes [recipeDTO.directions,directions]; arguments []; default message [directions],2147483647,1]; default message [size must be between 1 and 2147483647]] ]
?[0m?[0;34m2023-04-07 15:35:26.171 DEBUG 12456 --- [nio-8881-exec-2] o.j.s.OpenEntityManagerInViewInterceptor : Closing JPA EntityManager in OpenEntityManagerInViewInterceptor
?[0m?[0;34m2023-04-07 15:35:26.171 DEBUG 12456 --- [nio-8881-exec-2] o.s.web.servlet.DispatcherServlet        : Completed 400 BAD_REQUEST
?[0m?[0;34m2023-04-07 15:35:26.171 DEBUG 12456 --- [nio-8881-exec-2] w.c.HttpSessionSecurityContextRepository : Stored SecurityContextImpl [Authentication=UsernamePasswordAuthenticationToken [Principal=recipes.security.SecurityUserDetails@1c91bd0a, Credentials=[PROTECTED], Authenticated=true, Details=WebAuthenticationDetails [RemoteIpAddress=127.0.0.1, SessionId=null], Granted Authorities=[]]] to HttpSession [org.apache.catalina.session.StandardSessionFacade@36458c37]
?[0m?[0;34m2023-04-07 15:35:26.171 DEBUG 12456 --- [nio-8881-exec-2] s.s.w.c.SecurityContextPersistenceFilter : Cleared SecurityContextHolder to complete request
?[0m?[0;34m2023-04-07 15:35:26.171 DEBUG 12456 --- [nio-8881-exec-2] o.s.security.web.FilterChainProxy        : Securing PUT /error
?[0m?[0;34m2023-04-07 15:35:26.171 DEBUG 12456 --- [nio-8881-exec-2] w.c.HttpSessionSecurityContextRepository : Retrieved SecurityContextImpl [Authentication=UsernamePasswordAuthenticationToken [Principal=recipes.security.SecurityUserDetails@1c91bd0a, Credentials=[PROTECTED], Authenticated=true, Details=WebAuthenticationDetails [RemoteIpAddress=127.0.0.1, SessionId=null], Granted Authorities=[]]]
?[0m?[0;34m2023-04-07 15:35:26.171 DEBUG 12456 --- [nio-8881-exec-2] s.s.w.c.SecurityContextPersistenceFilter : Set SecurityContextHolder to SecurityContextImpl [Authentication=UsernamePasswordAuthenticationToken [Principal=recipes.security.SecurityUserDetails@1c91bd0a, Credentials=[PROTECTED], Authenticated=true, Details=WebAuthenticationDetails [RemoteIpAddress=127.0.0.1, SessionId=null], Granted Authorities=[]]]
?[0m?[0;34m2023-04-07 15:35:26.171 DEBUG 12456 --- [nio-8881-exec-2] o.s.security.web.FilterChainProxy        : Secured PUT /error
?[0m?[0;34m2023-04-07 15:35:26.171 DEBUG 12456 --- [nio-8881-exec-2] o.s.web.servlet.DispatcherServlet        : "ERROR" dispatch for PUT "/error", parameters={}
?[0m?[0;34m2023-04-07 15:35:26.172 DEBUG 12456 --- [nio-8881-exec-2] s.w.s.m.m.a.RequestMappingHandlerMapping : Mapped to org.springframework.boot.autoconfigure.web.servlet.error.BasicErrorController#error(HttpServletRequest)
?[0m?[0;34m2023-04-07 15:35:26.172 DEBUG 12456 --- [nio-8881-exec-2] o.j.s.OpenEntityManagerInViewInterceptor : Opening JPA EntityManager in OpenEntityManagerInViewInterceptor
?[0m?[0;34m2023-04-07 15:35:26.172 DEBUG 12456 --- [nio-8881-exec-2] o.s.w.s.m.m.a.HttpEntityMethodProcessor  : Using 'application/json', given [*/*] and supported [application/json, application/*+json, application/json, application/*+json]
?[0m?[0;34m2023-04-07 15:35:26.172 DEBUG 12456 --- [nio-8881-exec-2] o.s.w.s.m.m.a.HttpEntityMethodProcessor  : Writing [{timestamp=Fri Apr 07 15:35:26 EET 2023, status=400, error=Bad Request, path=/api/recipe/2}]
?[0m?[0;34m2023-04-07 15:35:26.172 DEBUG 12456 --- [nio-8881-exec-2] o.j.s.OpenEntityManagerInViewInterceptor : Closing JPA EntityManager in OpenEntityManagerInViewInterceptor
?[0m?[0;34m2023-04-07 15:35:26.172 DEBUG 12456 --- [nio-8881-exec-2] o.s.web.servlet.DispatcherServlet        : Exiting from "ERROR" dispatch, status 400
?[0m?[0;34m2023-04-07 15:35:26.173 DEBUG 12456 --- [nio-8881-exec-2] s.s.w.c.SecurityContextPersistenceFilter : Cleared SecurityContextHolder to complete request
?[1;31m
Start test 63?[0m
?[0m?[0;34m2023-04-07 15:35:26.179 DEBUG 12456 --- [nio-8881-exec-1] o.s.security.web.FilterChainProxy        : Securing POST /actuator/shutdown
?[0m?[0;34m2023-04-07 15:35:26.179 DEBUG 12456 --- [nio-8881-exec-1] s.s.w.c.SecurityContextPersistenceFilter : Set SecurityContextHolder to empty SecurityContext
?[0m?[0;34m2023-04-07 15:35:26.179 DEBUG 12456 --- [nio-8881-exec-1] o.s.s.w.a.AnonymousAuthenticationFilter  : Set SecurityContextHolder to anonymous SecurityContext
?[0m?[0;34m2023-04-07 15:35:26.179 DEBUG 12456 --- [nio-8881-exec-1] o.s.security.web.FilterChainProxy        : Secured POST /actuator/shutdown
?[0m?[0;34m2023-04-07 15:35:26.179 DEBUG 12456 --- [nio-8881-exec-1] o.s.web.servlet.DispatcherServlet        : POST "/actuator/shutdown", parameters={}
?[0m?[0;34m2023-04-07 15:35:26.179 DEBUG 12456 --- [nio-8881-exec-1] s.b.a.e.w.s.WebMvcEndpointHandlerMapping : Mapped to Actuator web endpoint 'shutdown'
?[0m?[0;34m2023-04-07 15:35:26.180 DEBUG 12456 --- [nio-8881-exec-1] m.m.a.RequestResponseBodyMethodProcessor : Read "application/json;charset=UTF-8" to []
?[0m?[0;34m2023-04-07 15:35:26.180 DEBUG 12456 --- [nio-8881-exec-1] m.m.a.RequestResponseBodyMethodProcessor : Using 'application/vnd.spring-boot.actuator.v3+json', given [*/*] and supported [application/vnd.spring-boot.actuator.v3+json, application/vnd.spring-boot.actuator.v2+json, application/json]
?[0m?[0;34m2023-04-07 15:35:26.181 DEBUG 12456 --- [nio-8881-exec-1] m.m.a.RequestResponseBodyMethodProcessor : Writing [{message=Shutting down, bye...}]
?[0m?[0;34m2023-04-07 15:35:26.181 DEBUG 12456 --- [nio-8881-exec-1] w.c.HttpSessionSecurityContextRepository : Did not store anonymous SecurityContext
?[0m?[0;34m2023-04-07 15:35:26.181 DEBUG 12456 --- [nio-8881-exec-1] o.s.web.servlet.DispatcherServlet        : Completed 200 OK
?[0m?[0;34m2023-04-07 15:35:26.181 DEBUG 12456 --- [nio-8881-exec-1] w.c.HttpSessionSecurityContextRepository : Did not store anonymous SecurityContext
?[0m?[0;34m2023-04-07 15:35:26.181 DEBUG 12456 --- [nio-8881-exec-1] s.s.w.c.SecurityContextPersistenceFilter : Cleared SecurityContextHolder to complete request
?[0;34m2023-04-07 15:35:26.683 DEBUG 12456 --- [       Thread-7] o.s.b.a.ApplicationAvailabilityBean      : Application availability state ReadinessState changed from ACCEPTING_TRAFFIC to REFUSING_TRAFFIC
?[0m?[0;34m2023-04-07 15:35:26.683 DEBUG 12456 --- [       Thread-7] ConfigServletWebServerApplicationContext : Closing org.springframework.boot.web.servlet.context.AnnotationConfigServletWebServerApplicationContext@37596b44, started on Fri Apr 07 15:35:21 EET 2023
?[0m?[0;34m2023-04-07 15:35:26.684 DEBUG 12456 --- [       Thread-7] o.s.c.support.DefaultLifecycleProcessor  : Stopping beans in phase 2147483647
?[0m?[0;34m2023-04-07 15:35:26.684 DEBUG 12456 --- [       Thread-7] o.s.c.support.DefaultLifecycleProcessor  : Bean 'webServerGracefulShutdown' completed its stop procedure
?[0m?[0;34m2023-04-07 15:35:26.684 DEBUG 12456 --- [       Thread-7] o.s.c.support.DefaultLifecycleProcessor  : Stopping beans in phase 2147483646
?[0m?[0;34m2023-04-07 15:35:26.719 DEBUG 12456 --- [       Thread-7] o.s.c.support.DefaultLifecycleProcessor  : Bean 'webServerStartStop' completed its stop procedure
?[0m?[0;34m2023-04-07 15:35:26.720 DEBUG 12456 --- [       Thread-7] o.s.s.concurrent.ThreadPoolTaskExecutor  : Shutting down ExecutorService 'applicationTaskExecutor'
?[0m?[0;34m2023-04-07 15:35:26.721  INFO 12456 --- [       Thread-7] j.LocalContainerEntityManagerFactoryBean : Closing JPA EntityManagerFactory for persistence unit 'default'
?[0m?[0;34m2023-04-07 15:35:26.721  INFO 12456 --- [       Thread-7] com.zaxxer.hikari.HikariDataSource       : HikariPool-2 - Shutdown initiated...
?[0m?[0;34m2023-04-07 15:35:26.741  INFO 12456 --- [       Thread-7] com.zaxxer.hikari.HikariDataSource       : HikariPool-2 - Shutdown completed.
?[0;34m
?[0m?[0;34m  .   ____          _            __ _ _
?[0m?[0;34m /\\ / ___'_ __ _ _(_)_ __  __ _ \ \ \ \
?[0m?[0;34m( ( )\___ | '_ | '_| | '_ \/ _` | \ \ \ \
?[0m?[0;34m \\/  ___)| |_)| | | | | || (_| |  ) ) ) )
?[0m?[0;34m  '  |____| .__|_| |_|_| |_\__, | / / / /
?[0m?[0;34m =========|_|==============|___/=/_/_/_/
?[0m?[0;34m :: Spring Boot ::                (v2.5.6)
?[0m?[0;34m
?[0m?[0;34m2023-04-07 15:35:36.263  INFO 12456 --- [    Test worker] recipes.RecipesApplication               : Starting RecipesApplication using Java 17.0.6 on DESKTOP-C8PU74I with PID 12456 (started by AHMEDHOSNY in D:\7-Learn\HyperSkill\Java\Recipes\Recipes\task)
?[0m?[0;34m2023-04-07 15:35:36.264  INFO 12456 --- [    Test worker] recipes.RecipesApplication               : No active profile set, falling back to default profiles: default
?[0m?[0;34m2023-04-07 15:35:36.264 DEBUG 12456 --- [    Test worker] o.s.boot.SpringApplication               : Loading source class recipes.RecipesApplication
?[0m?[0;34m2023-04-07 15:35:36.266 DEBUG 12456 --- [    Test worker] ConfigServletWebServerApplicationContext : Refreshing org.springframework.boot.web.servlet.context.AnnotationConfigServletWebServerApplicationContext@6ed78a5e
?[0m?[0;34m2023-04-07 15:35:36.266 DEBUG 12456 --- [    Test worker] o.s.b.f.s.DefaultListableBeanFactory     : Creating shared instance of singleton bean 'org.springframework.context.annotation.internalConfigurationAnnotationProcessor'
?[0m?[0;34m2023-04-07 15:35:36.267 DEBUG 12456 --- [    Test worker] o.s.b.f.s.DefaultListableBeanFactory     : Creating shared instance of singleton bean 'org.springframework.boot.autoconfigure.internalCachingMetadataReaderFactory'
?[0m?[0;34m2023-04-07 15:35:36.277 DEBUG 12456 --- [    Test worker] o.s.c.a.ClassPathBeanDefinitionScanner   : Identified candidate component class: file [D:\7-Learn\HyperSkill\Java\Recipes\Recipes\task\build\classes\java\main\recipes\controller\ControllerExceptionHandler.class]
?[0m?[0;34m2023-04-07 15:35:36.278 DEBUG 12456 --- [    Test worker] o.s.c.a.ClassPathBeanDefinitionScanner   : Identified candidate component class: file [D:\7-Learn\HyperSkill\Java\Recipes\Recipes\task\build\classes\java\main\recipes\controller\RecipeController.class]
?[0m?[0;34m2023-04-07 15:35:36.278 DEBUG 12456 --- [    Test worker] o.s.c.a.ClassPathBeanDefinitionScanner   : Identified candidate component class: file [D:\7-Learn\HyperSkill\Java\Recipes\Recipes\task\build\classes\java\main\recipes\controller\UserController.class]
?[0m?[0;34m2023-04-07 15:35:36.279 DEBUG 12456 --- [    Test worker] o.s.c.a.ClassPathBeanDefinitionScanner   : Ignored because not a concrete top-level class: file [D:\7-Learn\HyperSkill\Java\Recipes\Recipes\task\build\classes\java\main\recipes\repository\RecipeRepository.class]
?[0m?[0;34m2023-04-07 15:35:36.280 DEBUG 12456 --- [    Test worker] o.s.c.a.ClassPathBeanDefinitionScanner   : Ignored because not a concrete top-level class: file [D:\7-Learn\HyperSkill\Java\Recipes\Recipes\task\build\classes\java\main\recipes\repository\UserRepository.class]
?[0m?[0;34m2023-04-07 15:35:36.280 DEBUG 12456 --- [    Test worker] o.s.c.a.ClassPathBeanDefinitionScanner   : Identified candidate component class: file [D:\7-Learn\HyperSkill\Java\Recipes\Recipes\task\build\classes\java\main\recipes\security\SecurityConfig.class]
?[0m?[0;34m2023-04-07 15:35:36.281 DEBUG 12456 --- [    Test worker] o.s.c.a.ClassPathBeanDefinitionScanner   : Identified candidate component class: file [D:\7-Learn\HyperSkill\Java\Recipes\Recipes\task\build\classes\java\main\recipes\security\SecurityUserDetailsService.class]
?[0m?[0;34m2023-04-07 15:35:36.281 DEBUG 12456 --- [    Test worker] o.s.c.a.ClassPathBeanDefinitionScanner   : Identified candidate component class: file [D:\7-Learn\HyperSkill\Java\Recipes\Recipes\task\build\classes\java\main\recipes\service\RecipeService.class]
?[0m?[0;34m2023-04-07 15:35:36.497  INFO 12456 --- [    Test worker] .s.d.r.c.RepositoryConfigurationDelegate : Bootstrapping Spring Data JPA repositories in DEFAULT mode.
?[0m?[0;34m2023-04-07 15:35:36.497 DEBUG 12456 --- [    Test worker] o.s.b.f.s.DefaultListableBeanFactory     : Creating shared instance of singleton bean 'org.springframework.boot.autoconfigure.AutoConfigurationPackages'
?[0m?[0;34m2023-04-07 15:35:36.497 DEBUG 12456 --- [    Test worker] o.s.b.a.AutoConfigurationPackages        : @EnableAutoConfiguration was declared on a class in the package 'recipes'. Automatic @Repository and @Entity scanning is enabled.
?[0m?[0;34m2023-04-07 15:35:36.497 DEBUG 12456 --- [    Test worker] .s.d.r.c.RepositoryConfigurationDelegate : Scanning for JPA repositories in packages recipes.
?[0m?[0;34m2023-04-07 15:35:36.501 DEBUG 12456 --- [    Test worker] o.s.d.r.c.RepositoryComponentProvider    : Identified candidate component class: file [D:\7-Learn\HyperSkill\Java\Recipes\Recipes\task\build\classes\java\main\recipes\repository\RecipeRepository.class]
?[0m?[0;34m2023-04-07 15:35:36.501 DEBUG 12456 --- [    Test worker] o.s.d.r.c.RepositoryComponentProvider    : Identified candidate component class: file [D:\7-Learn\HyperSkill\Java\Recipes\Recipes\task\build\classes\java\main\recipes\repository\UserRepository.class]
?[0m?[0;34m2023-04-07 15:35:36.507  INFO 12456 --- [    Test worker] .s.d.r.c.RepositoryConfigurationDelegate : Finished Spring Data repository scanning in 9 ms. Found 2 JPA repository interfaces.
?[0m?[0;34m2023-04-07 15:35:36.545 DEBUG 12456 --- [    Test worker] o.s.b.f.s.DefaultListableBeanFactory     : Creating shared instance of singleton bean 'propertySourcesPlaceholderConfigurer'
?[0m?[0;34m2023-04-07 15:35:36.546 DEBUG 12456 --- [    Test worker] o.s.b.f.s.DefaultListableBeanFactory     : Creating shared instance of singleton bean 'emBeanDefinitionRegistrarPostProcessor'
?[0m?[0;34m2023-04-07 15:35:36.546 DEBUG 12456 --- [    Test worker] o.s.b.f.s.DefaultListableBeanFactory     : Creating shared instance of singleton bean 'org.springframework.boot.sql.init.dependency.DatabaseInitializationDependencyConfigurer$DependsOnDatabaseInitializationPostProcessor'
?[0m?[0;34m2023-04-07 15:35:36.553 DEBUG 12456 --- [    Test worker] o.s.b.f.s.DefaultListableBeanFactory     : Creating shared instance of singleton bean 'org.springframework.context.event.internalEventListenerProcessor'
?[0m?[0;34m2023-04-07 15:35:36.554 DEBUG 12456 --- [    Test worker] o.s.b.f.s.DefaultListableBeanFactory     : Creating shared instance of singleton bean 'preserveErrorControllerTargetClassPostProcessor'
?[0m?[0;34m2023-04-07 15:35:36.554 DEBUG 12456 --- [    Test worker] o.s.b.f.s.DefaultListableBeanFactory     : Creating shared instance of singleton bean 'conversionServicePostProcessor'
?[0m?[0;34m2023-04-07 15:35:36.555 DEBUG 12456 --- [    Test worker] o.s.b.f.s.DefaultListableBeanFactory     : Creating shared instance of singleton bean 'org.springframework.context.event.internalEventListenerFactory'
?[0m?[0;34m2023-04-07 15:35:36.555 DEBUG 12456 --- [    Test worker] o.s.b.f.s.DefaultListableBeanFactory     : Creating shared instance of singleton bean 'org.springframework.transaction.config.internalTransactionalEventListenerFactory'
?[0m?[0;34m2023-04-07 15:35:36.557 DEBUG 12456 --- [    Test worker] o.s.b.f.s.DefaultListableBeanFactory     : Creating shared instance of singleton bean 'org.springframework.context.annotation.internalAutowiredAnnotationProcessor'
?[0m?[0;34m2023-04-07 15:35:36.558 DEBUG 12456 --- [    Test worker] o.s.b.f.s.DefaultListableBeanFactory     : Creating shared instance of singleton bean 'org.springframework.context.annotation.internalCommonAnnotationProcessor'
?[0m?[0;34m2023-04-07 15:35:36.558 DEBUG 12456 --- [    Test worker] o.s.b.f.s.DefaultListableBeanFactory     : Creating shared instance of singleton bean 'org.springframework.context.annotation.internalPersistenceAnnotationProcessor'
?[0m?[0;34m2023-04-07 15:35:36.560 DEBUG 12456 --- [    Test worker] o.s.b.f.s.DefaultListableBeanFactory     : Creating shared instance of singleton bean 'org.springframework.boot.context.properties.ConfigurationPropertiesBindingPostProcessor'
?[0m?[0;34m2023-04-07 15:35:36.560 DEBUG 12456 --- [    Test worker] o.s.b.f.s.DefaultListableBeanFactory     : Creating shared instance of singleton bean 'org.springframework.boot.context.internalConfigurationPropertiesBinder'
?[0m?[0;34m2023-04-07 15:35:36.560 DEBUG 12456 --- [    Test worker] o.s.b.f.s.DefaultListableBeanFactory     : Creating shared instance of singleton bean 'org.springframework.boot.context.internalConfigurationPropertiesBinderFactory'
?[0m?[0;34m2023-04-07 15:35:36.560 DEBUG 12456 --- [    Test worker] o.s.b.f.s.DefaultListableBeanFactory     : Creating shared instance of singleton bean 'methodValidationPostProcessor'
?[0m?[0;34m2023-04-07 15:35:36.561 DEBUG 12456 --- [    Test worker] o.s.b.f.s.DefaultListableBeanFactory     : Autowiring by type from bean name 'methodValidationPostProcessor' via factory method to bean named 'environment'
?[0m?[0;34m2023-04-07 15:35:36.562 DEBUG 12456 --- [    Test worker] o.s.b.f.s.DefaultListableBeanFactory     : Creating shared instance of singleton bean 'org.springframework.boot.context.properties.EnableConfigurationPropertiesRegistrar.methodValidationExcludeFilter'
?[0m?[0;34m2023-04-07 15:35:36.563 DEBUG 12456 --- [    Test worker] o.s.b.f.s.DefaultListableBeanFactory     : Creating shared instance of singleton bean 'org.springframework.aop.config.internalAutoProxyCreator'
?[0m?[0;34m2023-04-07 15:35:36.573 DEBUG 12456 --- [    Test worker] o.s.b.f.s.DefaultListableBeanFactory     : Creating shared instance of singleton bean 'persistenceExceptionTranslationPostProcessor'
?[0m?[0;34m2023-04-07 15:35:36.574 DEBUG 12456 --- [    Test worker] o.s.b.f.s.DefaultListableBeanFactory     : Autowiring by type from bean name 'persistenceExceptionTranslationPostProcessor' via factory method to bean named 'environment'
?[0m?[0;34m2023-04-07 15:35:36.575 DEBUG 12456 --- [    Test worker] o.s.b.f.s.DefaultListableBeanFactory     : Creating shared instance of singleton bean 'webServerFactoryCustomizerBeanPostProcessor'
?[0m?[0;34m2023-04-07 15:35:36.575 DEBUG 12456 --- [    Test worker] o.s.b.f.s.DefaultListableBeanFactory     : Creating shared instance of singleton bean 'errorPageRegistrarBeanPostProcessor'
?[0m?[0;34m2023-04-07 15:35:36.575 DEBUG 12456 --- [    Test worker] o.s.b.f.s.DefaultListableBeanFactory     : Creating shared instance of singleton bean 'healthEndpointGroupsBeanPostProcessor'
?[0m?[0;34m2023-04-07 15:35:36.576 DEBUG 12456 --- [    Test worker] o.s.b.f.s.DefaultListableBeanFactory     : Creating shared instance of singleton bean 'org.springframework.transaction.config.internalTransactionAdvisor'
?[0m?[0;34m2023-04-07 15:35:36.576 DEBUG 12456 --- [    Test worker] o.s.b.f.s.DefaultListableBeanFactory     : Creating shared instance of singleton bean 'org.springframework.transaction.annotation.ProxyTransactionManagementConfiguration'
?[0m?[0;34m2023-04-07 15:35:36.583 DEBUG 12456 --- [    Test worker] o.s.b.f.s.DefaultListableBeanFactory     : Creating shared instance of singleton bean 'transactionAttributeSource'
?[0m?[0;34m2023-04-07 15:35:36.584 DEBUG 12456 --- [    Test worker] o.s.b.f.s.DefaultListableBeanFactory     : Creating shared instance of singleton bean 'transactionInterceptor'
?[0m?[0;34m2023-04-07 15:35:36.584 DEBUG 12456 --- [    Test worker] o.s.b.f.s.DefaultListableBeanFactory     : Autowiring by type from bean name 'transactionInterceptor' via factory method to bean named 'transactionAttributeSource'
?[0m?[0;34m2023-04-07 15:35:36.585 DEBUG 12456 --- [    Test worker] o.s.b.f.s.DefaultListableBeanFactory     : Autowiring by type from bean name 'org.springframework.transaction.config.internalTransactionAdvisor' via factory method to bean named 'transactionAttributeSource'
?[0m?[0;34m2023-04-07 15:35:36.585 DEBUG 12456 --- [    Test worker] o.s.b.f.s.DefaultListableBeanFactory     : Autowiring by type from bean name 'org.springframework.transaction.config.internalTransactionAdvisor' via factory method to bean named 'transactionInterceptor'
?[0m?[0;34m2023-04-07 15:35:36.586 DEBUG 12456 --- [    Test worker] o.s.b.f.s.DefaultListableBeanFactory     : Creating shared instance of singleton bean 'meterRegistryPostProcessor'
?[0m?[0;34m2023-04-07 15:35:36.586 DEBUG 12456 --- [    Test worker] o.s.b.f.s.DefaultListableBeanFactory     : Autowiring by type from bean name 'meterRegistryPostProcessor' via factory method to bean named 'org.springframework.boot.web.servlet.context.AnnotationConfigServletWebServerApplicationContext@6ed78a5e'
?[0m?[0;34m2023-04-07 15:35:36.587 DEBUG 12456 --- [    Test worker] o.s.b.f.s.DefaultListableBeanFactory     : Creating shared instance of singleton bean 'metricsRepositoryMethodInvocationListenerBeanPostProcessor'
?[0m?[0;34m2023-04-07 15:35:36.587 DEBUG 12456 --- [    Test worker] o.s.b.f.s.DefaultListableBeanFactory     : Creating shared instance of singleton bean 'projectingArgumentResolverBeanPostProcessor'
?[0m?[0;34m2023-04-07 15:35:36.588 DEBUG 12456 --- [    Test worker] o.s.u.c.s.UiApplicationContextUtils      : Unable to locate ThemeSource with name 'themeSource': using default [org.springframework.ui.context.support.ResourceBundleThemeSource@7536ef0f]
?[0m?[0;34m2023-04-07 15:35:36.588 DEBUG 12456 --- [    Test worker] o.s.b.f.s.DefaultListableBeanFactory     : Creating shared instance of singleton bean 'tomcatServletWebServerFactory'
?[0m?[0;34m2023-04-07 15:35:36.588 DEBUG 12456 --- [    Test worker] o.s.b.f.s.DefaultListableBeanFactory     : Creating shared instance of singleton bean 'org.springframework.boot.autoconfigure.web.servlet.ServletWebServerFactoryConfiguration$EmbeddedTomcat'
?[0m?[0;34m2023-04-07 15:35:36.591 DEBUG 12456 --- [    Test worker] o.s.b.f.s.DefaultListableBeanFactory     : Creating shared instance of singleton bean 'websocketServletWebServerCustomizer'
?[0m?[0;34m2023-04-07 15:35:36.591 DEBUG 12456 --- [    Test worker] o.s.b.f.s.DefaultListableBeanFactory     : Creating shared instance of singleton bean 'org.springframework.boot.autoconfigure.websocket.servlet.WebSocketServletAutoConfiguration$TomcatWebSocketConfiguration'
?[0m?[0;34m2023-04-07 15:35:36.592 DEBUG 12456 --- [    Test worker] o.s.b.f.s.DefaultListableBeanFactory     : Creating shared instance of singleton bean 'servletWebServerFactoryCustomizer'
?[0m?[0;34m2023-04-07 15:35:36.592 DEBUG 12456 --- [    Test worker] o.s.b.f.s.DefaultListableBeanFactory     : Creating shared instance of singleton bean 'org.springframework.boot.autoconfigure.web.servlet.ServletWebServerFactoryAutoConfiguration'
?[0m?[0;34m2023-04-07 15:35:36.594 DEBUG 12456 --- [    Test worker] o.s.b.f.s.DefaultListableBeanFactory     : Creating shared instance of singleton bean 'server-org.springframework.boot.autoconfigure.web.ServerProperties'
?[0m?[0;34m2023-04-07 15:35:36.594 DEBUG 12456 --- [    Test worker] o.s.b.f.s.DefaultListableBeanFactory     : Creating shared instance of singleton bean 'org.springframework.boot.context.properties.BoundConfigurationProperties'
?[0m?[0;34m2023-04-07 15:35:36.599 DEBUG 12456 --- [    Test worker] o.s.b.f.s.DefaultListableBeanFactory     : Autowiring by type from bean name 'servletWebServerFactoryCustomizer' via factory method to bean named 'server-org.springframework.boot.autoconfigure.web.ServerProperties'
?[0m?[0;34m2023-04-07 15:35:36.600 DEBUG 12456 --- [    Test worker] o.s.b.f.s.DefaultListableBeanFactory     : Creating shared instance of singleton bean 'tomcatServletWebServerFactoryCustomizer'
?[0m?[0;34m2023-04-07 15:35:36.601 DEBUG 12456 --- [    Test worker] o.s.b.f.s.DefaultListableBeanFactory     : Autowiring by type from bean name 'tomcatServletWebServerFactoryCustomizer' via factory method to bean named 'server-org.springframework.boot.autoconfigure.web.ServerProperties'
?[0m?[0;34m2023-04-07 15:35:36.601 DEBUG 12456 --- [    Test worker] o.s.b.f.s.DefaultListableBeanFactory     : Creating shared instance of singleton bean 'tomcatWebServerFactoryCustomizer'
?[0m?[0;34m2023-04-07 15:35:36.601 DEBUG 12456 --- [    Test worker] o.s.b.f.s.DefaultListableBeanFactory     : Creating shared instance of singleton bean 'org.springframework.boot.autoconfigure.web.embedded.EmbeddedWebServerFactoryCustomizerAutoConfiguration$TomcatWebServerFactoryCustomizerConfiguration'
?[0m?[0;34m2023-04-07 15:35:36.602 DEBUG 12456 --- [    Test worker] o.s.b.f.s.DefaultListableBeanFactory     : Autowiring by type from bean name 'tomcatWebServerFactoryCustomizer' via factory method to bean named 'environment'
?[0m?[0;34m2023-04-07 15:35:36.602 DEBUG 12456 --- [    Test worker] o.s.b.f.s.DefaultListableBeanFactory     : Autowiring by type from bean name 'tomcatWebServerFactoryCustomizer' via factory method to bean named 'server-org.springframework.boot.autoconfigure.web.ServerProperties'
?[0m?[0;34m2023-04-07 15:35:36.603 DEBUG 12456 --- [    Test worker] o.s.b.f.s.DefaultListableBeanFactory     : Creating shared instance of singleton bean 'localeCharsetMappingsCustomizer'
?[0m?[0;34m2023-04-07 15:35:36.603 DEBUG 12456 --- [    Test worker] o.s.b.f.s.DefaultListableBeanFactory     : Creating shared instance of singleton bean 'org.springframework.boot.autoconfigure.web.servlet.HttpEncodingAutoConfiguration'
?[0m?[0;34m2023-04-07 15:35:36.603 DEBUG 12456 --- [    Test worker] o.s.b.f.s.DefaultListableBeanFactory     : Autowiring by type from bean name 'org.springframework.boot.autoconfigure.web.servlet.HttpEncodingAutoConfiguration' via constructor to bean named 'server-org.springframework.boot.autoconfigure.web.ServerProperties'
?[0m?[0;34m2023-04-07 15:35:36.605 DEBUG 12456 --- [    Test worker] o.s.b.f.s.DefaultListableBeanFactory     : Creating shared instance of singleton bean 'errorPageCustomizer'
?[0m?[0;34m2023-04-07 15:35:36.605 DEBUG 12456 --- [    Test worker] o.s.b.f.s.DefaultListableBeanFactory     : Creating shared instance of singleton bean 'org.springframework.boot.autoconfigure.web.servlet.error.ErrorMvcAutoConfiguration'
?[0m?[0;34m2023-04-07 15:35:36.605 DEBUG 12456 --- [    Test worker] o.s.b.f.s.DefaultListableBeanFactory     : Autowiring by type from bean name 'org.springframework.boot.autoconfigure.web.servlet.error.ErrorMvcAutoConfiguration' via constructor to bean named 'server-org.springframework.boot.autoconfigure.web.ServerProperties'
?[0m?[0;34m2023-04-07 15:35:36.606 DEBUG 12456 --- [    Test worker] o.s.b.f.s.DefaultListableBeanFactory     : Creating shared instance of singleton bean 'dispatcherServletRegistration'
?[0m?[0;34m2023-04-07 15:35:36.606 DEBUG 12456 --- [    Test worker] o.s.b.f.s.DefaultListableBeanFactory     : Creating shared instance of singleton bean 'org.springframework.boot.autoconfigure.web.servlet.DispatcherServletAutoConfiguration$DispatcherServletRegistrationConfiguration'
?[0m?[0;34m2023-04-07 15:35:36.607 DEBUG 12456 --- [    Test worker] o.s.b.f.s.DefaultListableBeanFactory     : Creating shared instance of singleton bean 'dispatcherServlet'
?[0m?[0;34m2023-04-07 15:35:36.607 DEBUG 12456 --- [    Test worker] o.s.b.f.s.DefaultListableBeanFactory     : Creating shared instance of singleton bean 'org.springframework.boot.autoconfigure.web.servlet.DispatcherServletAutoConfiguration$DispatcherServletConfiguration'
?[0m?[0;34m2023-04-07 15:35:36.608 DEBUG 12456 --- [    Test worker] o.s.b.f.s.DefaultListableBeanFactory     : Creating shared instance of singleton bean 'spring.mvc-org.springframework.boot.autoconfigure.web.servlet.WebMvcProperties'
?[0m?[0;34m2023-04-07 15:35:36.610 DEBUG 12456 --- [    Test worker] o.s.b.f.s.DefaultListableBeanFactory     : Autowiring by type from bean name 'dispatcherServlet' via factory method to bean named 'spring.mvc-org.springframework.boot.autoconfigure.web.servlet.WebMvcProperties'
?[0m?[0;34m2023-04-07 15:35:36.612 DEBUG 12456 --- [    Test worker] o.s.b.f.s.DefaultListableBeanFactory     : Autowiring by type from bean name 'dispatcherServletRegistration' via factory method to bean named 'dispatcherServlet'
?[0m?[0;34m2023-04-07 15:35:36.612 DEBUG 12456 --- [    Test worker] o.s.b.f.s.DefaultListableBeanFactory     : Autowiring by type from bean name 'dispatcherServletRegistration' via factory method to bean named 'spring.mvc-org.springframework.boot.autoconfigure.web.servlet.WebMvcProperties'
?[0m?[0;34m2023-04-07 15:35:36.613 DEBUG 12456 --- [    Test worker] o.s.b.f.s.DefaultListableBeanFactory     : Creating shared instance of singleton bean 'multipartConfigElement'
?[0m?[0;34m2023-04-07 15:35:36.613 DEBUG 12456 --- [    Test worker] o.s.b.f.s.DefaultListableBeanFactory     : Creating shared instance of singleton bean 'org.springframework.boot.autoconfigure.web.servlet.MultipartAutoConfiguration'
?[0m?[0;34m2023-04-07 15:35:36.613 DEBUG 12456 --- [    Test worker] o.s.b.f.s.DefaultListableBeanFactory     : Creating shared instance of singleton bean 'spring.servlet.multipart-org.springframework.boot.autoconfigure.web.servlet.MultipartProperties'
?[0m?[0;34m2023-04-07 15:35:36.615 DEBUG 12456 --- [    Test worker] o.s.b.f.s.DefaultListableBeanFactory     : Autowiring by type from bean name 'org.springframework.boot.autoconfigure.web.servlet.MultipartAutoConfiguration' via constructor to bean named 'spring.servlet.multipart-org.springframework.boot.autoconfigure.web.servlet.MultipartProperties'
?[0m?[0;34m2023-04-07 15:35:36.616 DEBUG 12456 --- [    Test worker] o.s.b.f.s.DefaultListableBeanFactory     : Autowiring by type from bean name 'errorPageCustomizer' via factory method to bean named 'dispatcherServletRegistration'
?[0m?[0;34m2023-04-07 15:35:36.618 DEBUG 12456 --- [    Test worker] .s.b.w.e.t.TomcatServletWebServerFactory : Code archive: C:\Users\AHMEDHOSNY\.gradle\caches\modules-2\files-2.1\org.springframework.boot\spring-boot\2.5.6\d8c6b97fd3182fb6d7d06ebf710cd9ccabc83b89\spring-boot-2.5.6.jar
?[0m?[0;34m2023-04-07 15:35:36.618 DEBUG 12456 --- [    Test worker] .s.b.w.e.t.TomcatServletWebServerFactory : Code archive: C:\Users\AHMEDHOSNY\.gradle\caches\modules-2\files-2.1\org.springframework.boot\spring-boot\2.5.6\d8c6b97fd3182fb6d7d06ebf710cd9ccabc83b89\spring-boot-2.5.6.jar
?[0m?[0;34m2023-04-07 15:35:36.618 DEBUG 12456 --- [    Test worker] .s.b.w.e.t.TomcatServletWebServerFactory : None of the document roots [src/main/webapp, public, static] point to a directory and will be ignored.
?[0m?[0;34m2023-04-07 15:35:36.620  INFO 12456 --- [    Test worker] o.s.b.w.embedded.tomcat.TomcatWebServer  : Tomcat initialized with port(s): 8881 (http)
?[0m?[0;34m2023-04-07 15:35:36.620  INFO 12456 --- [    Test worker] o.apache.catalina.core.StandardService   : Starting service [Tomcat]
?[0m?[0;34m2023-04-07 15:35:36.620  INFO 12456 --- [    Test worker] org.apache.catalina.core.StandardEngine  : Starting Servlet engine: [Apache Tomcat/9.0.54]
?[0m?[0;34m2023-04-07 15:35:36.649  INFO 12456 --- [    Test worker] o.a.c.c.C.[Tomcat].[localhost].[/]       : Initializing Spring embedded WebApplicationContext
?[0m?[0;34m2023-04-07 15:35:36.649 DEBUG 12456 --- [    Test worker] w.s.c.ServletWebServerApplicationContext : Published root WebApplicationContext as ServletContext attribute with name [org.springframework.web.context.WebApplicationContext.ROOT]
?[0m?[0;34m2023-04-07 15:35:36.649  INFO 12456 --- [    Test worker] w.s.c.ServletWebServerApplicationContext : Root WebApplicationContext: initialization completed in 383 ms
?[0m?[0;34m2023-04-07 15:35:36.649 DEBUG 12456 --- [    Test worker] o.s.b.f.s.DefaultListableBeanFactory     : Creating shared instance of singleton bean 'webMvcMetricsFilter'
?[0m?[0;34m2023-04-07 15:35:36.650 DEBUG 12456 --- [    Test worker] o.s.b.f.s.DefaultListableBeanFactory     : Creating shared instance of singleton bean 'org.springframework.boot.actuate.autoconfigure.metrics.web.servlet.WebMvcMetricsAutoConfiguration'
?[0m?[0;34m2023-04-07 15:35:36.650 DEBUG 12456 --- [    Test worker] o.s.b.f.s.DefaultListableBeanFactory     : Creating shared instance of singleton bean 'management.metrics-org.springframework.boot.actuate.autoconfigure.metrics.MetricsProperties'
?[0m?[0;34m2023-04-07 15:35:36.652 DEBUG 12456 --- [    Test worker] o.s.b.f.s.DefaultListableBeanFactory     : Autowiring by type from bean name 'org.springframework.boot.actuate.autoconfigure.metrics.web.servlet.WebMvcMetricsAutoConfiguration' via constructor to bean named 'management.metrics-org.springframework.boot.actuate.autoconfigure.metrics.MetricsProperties'
?[0m?[0;34m2023-04-07 15:35:36.652 DEBUG 12456 --- [    Test worker] o.s.b.f.s.DefaultListableBeanFactory     : Creating shared instance of singleton bean 'simpleMeterRegistry'
?[0m?[0;34m2023-04-07 15:35:36.652 DEBUG 12456 --- [    Test worker] o.s.b.f.s.DefaultListableBeanFactory     : Creating shared instance of singleton bean 'org.springframework.boot.actuate.autoconfigure.metrics.export.simple.SimpleMetricsExportAutoConfiguration'
?[0m?[0;34m2023-04-07 15:35:36.653 DEBUG 12456 --- [    Test worker] o.s.b.f.s.DefaultListableBeanFactory     : Creating shared instance of singleton bean 'simpleConfig'
?[0m?[0;34m2023-04-07 15:35:36.653 DEBUG 12456 --- [    Test worker] o.s.b.f.s.DefaultListableBeanFactory     : Creating shared instance of singleton bean 'management.metrics.export.simple-org.springframework.boot.actuate.autoconfigure.metrics.export.simple.SimpleProperties'
?[0m?[0;34m2023-04-07 15:35:36.654 DEBUG 12456 --- [    Test worker] o.s.b.f.s.DefaultListableBeanFactory     : Autowiring by type from bean name 'simpleConfig' via factory method to bean named 'management.metrics.export.simple-org.springframework.boot.actuate.autoconfigure.metrics.export.simple.SimpleProperties'
?[0m?[0;34m2023-04-07 15:35:36.655 DEBUG 12456 --- [    Test worker] o.s.b.f.s.DefaultListableBeanFactory     : Creating shared instance of singleton bean 'micrometerClock'
?[0m?[0;34m2023-04-07 15:35:36.655 DEBUG 12456 --- [    Test worker] o.s.b.f.s.DefaultListableBeanFactory     : Creating shared instance of singleton bean 'org.springframework.boot.actuate.autoconfigure.metrics.MetricsAutoConfiguration'
?[0m?[0;34m2023-04-07 15:35:36.656 DEBUG 12456 --- [    Test worker] o.s.b.f.s.DefaultListableBeanFactory     : Autowiring by type from bean name 'simpleMeterRegistry' via factory method to bean named 'simpleConfig'
?[0m?[0;34m2023-04-07 15:35:36.656 DEBUG 12456 --- [    Test worker] o.s.b.f.s.DefaultListableBeanFactory     : Autowiring by type from bean name 'simpleMeterRegistry' via factory method to bean named 'micrometerClock'
?[0m?[0;34m2023-04-07 15:35:36.658 DEBUG 12456 --- [    Test worker] o.s.b.f.s.DefaultListableBeanFactory     : Creating shared instance of singleton bean 'propertiesMeterFilter'
?[0m?[0;34m2023-04-07 15:35:36.658 DEBUG 12456 --- [    Test worker] o.s.b.f.s.DefaultListableBeanFactory     : Autowiring by type from bean name 'propertiesMeterFilter' via factory method to bean named 'management.metrics-org.springframework.boot.actuate.autoconfigure.metrics.MetricsProperties'
?[0m?[0;34m2023-04-07 15:35:36.659 DEBUG 12456 --- [    Test worker] o.s.b.f.s.DefaultListableBeanFactory     : Creating shared instance of singleton bean 'metricsHttpClientUriTagFilter'
?[0m?[0;34m2023-04-07 15:35:36.659 DEBUG 12456 --- [    Test worker] o.s.b.f.s.DefaultListableBeanFactory     : Creating shared instance of singleton bean 'org.springframework.boot.actuate.autoconfigure.metrics.web.client.HttpClientMetricsAutoConfiguration'
?[0m?[0;34m2023-04-07 15:35:36.660 DEBUG 12456 --- [    Test worker] o.s.b.f.s.DefaultListableBeanFactory     : Autowiring by type from bean name 'metricsHttpClientUriTagFilter' via factory method to bean named 'management.metrics-org.springframework.boot.actuate.autoconfigure.metrics.MetricsProperties'
?[0m?[0;34m2023-04-07 15:35:36.662 DEBUG 12456 --- [    Test worker] o.s.b.f.s.DefaultListableBeanFactory     : Creating shared instance of singleton bean 'metricsHttpServerUriTagFilter'
?[0m?[0;34m2023-04-07 15:35:36.663 DEBUG 12456 --- [    Test worker] o.s.b.f.s.DefaultListableBeanFactory     : Creating shared instance of singleton bean 'jvmGcMetrics'
?[0m?[0;34m2023-04-07 15:35:36.664 DEBUG 12456 --- [    Test worker] o.s.b.f.s.DefaultListableBeanFactory     : Creating shared instance of singleton bean 'org.springframework.boot.actuate.autoconfigure.metrics.JvmMetricsAutoConfiguration'
?[0m?[0;34m2023-04-07 15:35:36.664 DEBUG 12456 --- [    Test worker] o.s.b.f.s.DefaultListableBeanFactory     : Creating shared instance of singleton bean 'jvmMemoryMetrics'
?[0m?[0;34m2023-04-07 15:35:36.665 DEBUG 12456 --- [    Test worker] o.s.b.f.s.DefaultListableBeanFactory     : Creating shared instance of singleton bean 'jvmThreadMetrics'
?[0m?[0;34m2023-04-07 15:35:36.665 DEBUG 12456 --- [    Test worker] o.s.b.f.s.DefaultListableBeanFactory     : Creating shared instance of singleton bean 'classLoaderMetrics'
?[0m?[0;34m2023-04-07 15:35:36.666 DEBUG 12456 --- [    Test worker] o.s.b.f.s.DefaultListableBeanFactory     : Creating shared instance of singleton bean 'logbackMetrics'
?[0m?[0;34m2023-04-07 15:35:36.666 DEBUG 12456 --- [    Test worker] o.s.b.f.s.DefaultListableBeanFactory     : Creating shared instance of singleton bean 'org.springframework.boot.actuate.autoconfigure.metrics.LogbackMetricsAutoConfiguration'
?[0m?[0;34m2023-04-07 15:35:36.666 DEBUG 12456 --- [    Test worker] o.s.b.f.s.DefaultListableBeanFactory     : Creating shared instance of singleton bean 'uptimeMetrics'
?[0m?[0;34m2023-04-07 15:35:36.666 DEBUG 12456 --- [    Test worker] o.s.b.f.s.DefaultListableBeanFactory     : Creating shared instance of singleton bean 'org.springframework.boot.actuate.autoconfigure.metrics.SystemMetricsAutoConfiguration'
?[0m?[0;34m2023-04-07 15:35:36.667 DEBUG 12456 --- [    Test worker] o.s.b.f.s.DefaultListableBeanFactory     : Creating shared instance of singleton bean 'processorMetrics'
?[0m?[0;34m2023-04-07 15:35:36.668 DEBUG 12456 --- [    Test worker] o.s.b.f.s.DefaultListableBeanFactory     : Creating shared instance of singleton bean 'fileDescriptorMetrics'
?[0m?[0;34m2023-04-07 15:35:36.670 DEBUG 12456 --- [    Test worker] o.s.b.f.s.DefaultListableBeanFactory     : Creating shared instance of singleton bean 'webMvcTagsProvider'
?[0m?[0;34m2023-04-07 15:35:36.671 DEBUG 12456 --- [    Test worker] o.s.b.f.s.DefaultListableBeanFactory     : Autowiring by type from bean name 'webMvcMetricsFilter' via factory method to bean named 'simpleMeterRegistry'
?[0m?[0;34m2023-04-07 15:35:36.671 DEBUG 12456 --- [    Test worker] o.s.b.f.s.DefaultListableBeanFactory     : Autowiring by type from bean name 'webMvcMetricsFilter' via factory method to bean named 'webMvcTagsProvider'
?[0m?[0;34m2023-04-07 15:35:36.672 DEBUG 12456 --- [    Test worker] o.s.b.f.s.DefaultListableBeanFactory     : Creating shared instance of singleton bean 'h2Console'
?[0m?[0;34m2023-04-07 15:35:36.672 DEBUG 12456 --- [    Test worker] o.s.b.f.s.DefaultListableBeanFactory     : Creating shared instance of singleton bean 'org.springframework.boot.autoconfigure.h2.H2ConsoleAutoConfiguration'
?[0m?[0;34m2023-04-07 15:35:36.673 DEBUG 12456 --- [    Test worker] o.s.b.f.s.DefaultListableBeanFactory     : Creating shared instance of singleton bean 'spring.h2.console-org.springframework.boot.autoconfigure.h2.H2ConsoleProperties'
?[0m?[0;34m2023-04-07 15:35:36.674 DEBUG 12456 --- [    Test worker] o.s.b.f.s.DefaultListableBeanFactory     : Autowiring by type from bean name 'h2Console' via factory method to bean named 'spring.h2.console-org.springframework.boot.autoconfigure.h2.H2ConsoleProperties'
?[0m?[0;34m2023-04-07 15:35:36.675 DEBUG 12456 --- [    Test worker] o.s.b.f.s.DefaultListableBeanFactory     : Creating shared instance of singleton bean 'dataSource'
?[0m?[0;34m2023-04-07 15:35:36.675 DEBUG 12456 --- [    Test worker] o.s.b.f.s.DefaultListableBeanFactory     : Creating shared instance of singleton bean 'org.springframework.boot.autoconfigure.jdbc.DataSourceConfiguration$Hikari'
?[0m?[0;34m2023-04-07 15:35:36.676 DEBUG 12456 --- [    Test worker] o.s.b.f.s.DefaultListableBeanFactory     : Creating shared instance of singleton bean 'spring.datasource-org.springframework.boot.autoconfigure.jdbc.DataSourceProperties'
?[0m?[0;34m2023-04-07 15:35:36.679 DEBUG 12456 --- [    Test worker] o.s.b.f.s.DefaultListableBeanFactory     : Autowiring by type from bean name 'dataSource' via factory method to bean named 'spring.datasource-org.springframework.boot.autoconfigure.jdbc.DataSourceProperties'
?[0m?[0;34m2023-04-07 15:35:36.684  INFO 12456 --- [    Test worker] com.zaxxer.hikari.HikariDataSource       : HikariPool-3 - Starting...
?[0m?[0;34m2023-04-07 15:35:36.695  INFO 12456 --- [    Test worker] com.zaxxer.hikari.HikariDataSource       : HikariPool-3 - Start completed.
?[0m?[0;34m2023-04-07 15:35:36.695  INFO 12456 --- [    Test worker] o.s.b.a.h2.H2ConsoleAutoConfiguration    : H2 console available at '/h2-console'. Database available at 'jdbc:h2:file:../recipes_db'
?[0m?[0;34m2023-04-07 15:35:36.696 DEBUG 12456 --- [    Test worker] o.s.b.f.s.DefaultListableBeanFactory     : Creating shared instance of singleton bean 'securityFilterChainRegistration'
?[0m?[0;34m2023-04-07 15:35:36.697 DEBUG 12456 --- [    Test worker] o.s.b.f.s.DefaultListableBeanFactory     : Creating shared instance of singleton bean 'org.springframework.boot.autoconfigure.security.servlet.SecurityFilterAutoConfiguration'
?[0m?[0;34m2023-04-07 15:35:36.698 DEBUG 12456 --- [    Test worker] o.s.b.f.s.DefaultListableBeanFactory     : Creating shared instance of singleton bean 'spring.security-org.springframework.boot.autoconfigure.security.SecurityProperties'
?[0m?[0;34m2023-04-07 15:35:36.699 DEBUG 12456 --- [    Test worker] o.s.b.f.s.DefaultListableBeanFactory     : Autowiring by type from bean name 'securityFilterChainRegistration' via factory method to bean named 'spring.security-org.springframework.boot.autoconfigure.security.SecurityProperties'
?[0m?[0;34m2023-04-07 15:35:36.700 DEBUG 12456 --- [    Test worker] o.s.b.f.s.DefaultListableBeanFactory     : Creating shared instance of singleton bean 'servletEndpointRegistrar'
?[0m?[0;34m2023-04-07 15:35:36.700 DEBUG 12456 --- [    Test worker] o.s.b.f.s.DefaultListableBeanFactory     : Creating shared instance of singleton bean 'org.springframework.boot.actuate.autoconfigure.endpoint.web.ServletEndpointManagementContextConfiguration$WebMvcServletEndpointManagementContextConfiguration'
?[0m?[0;34m2023-04-07 15:35:36.701 DEBUG 12456 --- [    Test worker] o.s.b.f.s.DefaultListableBeanFactory     : Creating shared instance of singleton bean 'management.endpoints.web-org.springframework.boot.actuate.autoconfigure.endpoint.web.WebEndpointProperties'
?[0m?[0;34m2023-04-07 15:35:36.706 DEBUG 12456 --- [    Test worker] o.s.b.f.s.DefaultListableBeanFactory     : Creating shared instance of singleton bean 'servletEndpointDiscoverer'
?[0m?[0;34m2023-04-07 15:35:36.706 DEBUG 12456 --- [    Test worker] o.s.b.f.s.DefaultListableBeanFactory     : Creating shared instance of singleton bean 'org.springframework.boot.actuate.autoconfigure.endpoint.web.WebEndpointAutoConfiguration$WebEndpointServletConfiguration'
?[0m?[0;34m2023-04-07 15:35:36.707 DEBUG 12456 --- [    Test worker] o.s.b.f.s.DefaultListableBeanFactory     : Autowiring by type from bean name 'servletEndpointDiscoverer' via factory method to bean named 'org.springframework.boot.web.servlet.context.AnnotationConfigServletWebServerApplicationContext@6ed78a5e'
?[0m?[0;34m2023-04-07 15:35:36.708 DEBUG 12456 --- [    Test worker] o.s.b.f.s.DefaultListableBeanFactory     : Creating shared instance of singleton bean 'webEndpointPathMapper'
?[0m?[0;34m2023-04-07 15:35:36.708 DEBUG 12456 --- [    Test worker] o.s.b.f.s.DefaultListableBeanFactory     : Creating shared instance of singleton bean 'org.springframework.boot.actuate.autoconfigure.endpoint.web.WebEndpointAutoConfiguration'
?[0m?[0;34m2023-04-07 15:35:36.709 DEBUG 12456 --- [    Test worker] o.s.b.f.s.DefaultListableBeanFactory     : Autowiring by type from bean name 'org.springframework.boot.actuate.autoconfigure.endpoint.web.WebEndpointAutoConfiguration' via constructor to bean named 'org.springframework.boot.web.servlet.context.AnnotationConfigServletWebServerApplicationContext@6ed78a5e'
?[0m?[0;34m2023-04-07 15:35:36.709 DEBUG 12456 --- [    Test worker] o.s.b.f.s.DefaultListableBeanFactory     : Autowiring by type from bean name 'org.springframework.boot.actuate.autoconfigure.endpoint.web.WebEndpointAutoConfiguration' via constructor to bean named 'management.endpoints.web-org.springframework.boot.actuate.autoconfigure.endpoint.web.WebEndpointProperties'
?[0m?[0;34m2023-04-07 15:35:36.711 DEBUG 12456 --- [    Test worker] o.s.b.f.s.DefaultListableBeanFactory     : Creating shared instance of singleton bean 'servletExposeExcludePropertyEndpointFilter'
?[0m?[0;34m2023-04-07 15:35:36.711 DEBUG 12456 --- [    Test worker] o.s.b.f.s.DefaultListableBeanFactory     : Creating shared instance of singleton bean 'org.springframework.boot.actuate.autoconfigure.endpoint.web.ServletEndpointManagementContextConfiguration'
?[0m?[0;34m2023-04-07 15:35:36.711 DEBUG 12456 --- [    Test worker] o.s.b.f.s.DefaultListableBeanFactory     : Autowiring by type from bean name 'servletExposeExcludePropertyEndpointFilter' via factory method to bean named 'management.endpoints.web-org.springframework.boot.actuate.autoconfigure.endpoint.web.WebEndpointProperties'
?[0m?[0;34m2023-04-07 15:35:36.713 DEBUG 12456 --- [    Test worker] o.s.b.f.s.DefaultListableBeanFactory     : Autowiring by type from bean name 'servletEndpointRegistrar' via factory method to bean named 'management.endpoints.web-org.springframework.boot.actuate.autoconfigure.endpoint.web.WebEndpointProperties'
?[0m?[0;34m2023-04-07 15:35:36.713 DEBUG 12456 --- [    Test worker] o.s.b.f.s.DefaultListableBeanFactory     : Autowiring by type from bean name 'servletEndpointRegistrar' via factory method to bean named 'servletEndpointDiscoverer'
?[0m?[0;34m2023-04-07 15:35:36.713 DEBUG 12456 --- [    Test worker] o.s.b.f.s.DefaultListableBeanFactory     : Autowiring by type from bean name 'servletEndpointRegistrar' via factory method to bean named 'dispatcherServletRegistration'
?[0m?[0;34m2023-04-07 15:35:36.719 DEBUG 12456 --- [    Test worker] o.s.b.f.s.DefaultListableBeanFactory     : Creating shared instance of singleton bean 'requestContextFilter'
?[0m?[0;34m2023-04-07 15:35:36.728 DEBUG 12456 --- [    Test worker] o.s.b.f.s.DefaultListableBeanFactory     : Creating shared instance of singleton bean 'formContentFilter'
?[0m?[0;34m2023-04-07 15:35:36.728 DEBUG 12456 --- [    Test worker] o.s.b.f.s.DefaultListableBeanFactory     : Creating shared instance of singleton bean 'org.springframework.boot.autoconfigure.web.servlet.WebMvcAutoConfiguration'
?[0m?[0;34m2023-04-07 15:35:36.731 DEBUG 12456 --- [    Test worker] o.s.b.f.s.DefaultListableBeanFactory     : Creating shared instance of singleton bean 'characterEncodingFilter'
?[0m?[0;34m2023-04-07 15:35:36.734 DEBUG 12456 --- [    Test worker] o.s.b.w.s.ServletContextInitializerBeans : Mapping filters: filterRegistrationBean urls=[/*] order=-2147483647, springSecurityFilterChain urls=[/*] order=-100, characterEncodingFilter urls=[/*] order=-2147483648, formContentFilter urls=[/*] order=-9900, requestContextFilter urls=[/*] order=-105
?[0m?[0;34m2023-04-07 15:35:36.734 DEBUG 12456 --- [    Test worker] o.s.b.w.s.ServletContextInitializerBeans : Mapping servlets: dispatcherServlet urls=[/], webServlet urls=[/h2-console/*]
?[0m?[0;34m2023-04-07 15:35:36.735 DEBUG 12456 --- [    Test worker] o.s.b.a.m.w.servlet.WebMvcMetricsFilter  : Filter 'webMvcMetricsFilter' configured for use
?[0m?[0;34m2023-04-07 15:35:36.735 DEBUG 12456 --- [    Test worker] o.s.b.w.s.f.OrderedRequestContextFilter  : Filter 'requestContextFilter' configured for use
?[0m?[0;34m2023-04-07 15:35:36.735 DEBUG 12456 --- [    Test worker] s.b.w.s.f.OrderedCharacterEncodingFilter : Filter 'characterEncodingFilter' configured for use
?[0m?[0;34m2023-04-07 15:35:36.735 DEBUG 12456 --- [    Test worker] .DelegatingFilterProxyRegistrationBean$1 : Filter 'springSecurityFilterChain' configured for use
?[0m?[0;34m2023-04-07 15:35:36.735 DEBUG 12456 --- [    Test worker] o.s.b.w.s.f.OrderedFormContentFilter     : Filter 'formContentFilter' configured for use
?[0m?[0;34m2023-04-07 15:35:36.737 DEBUG 12456 --- [    Test worker] o.s.b.f.s.DefaultListableBeanFactory     : Creating shared instance of singleton bean 'dataSourceScriptDatabaseInitializer'
?[0m?[0;34m2023-04-07 15:35:36.737 DEBUG 12456 --- [    Test worker] o.s.b.f.s.DefaultListableBeanFactory     : Creating shared instance of singleton bean 'org.springframework.boot.autoconfigure.sql.init.DataSourceInitializationConfiguration'
?[0m?[0;34m2023-04-07 15:35:36.738 DEBUG 12456 --- [    Test worker] o.s.b.f.s.DefaultListableBeanFactory     : Creating shared instance of singleton bean 'spring.sql.init-org.springframework.boot.autoconfigure.sql.init.SqlInitializationProperties'
?[0m?[0;34m2023-04-07 15:35:36.740 DEBUG 12456 --- [    Test worker] o.s.b.f.s.DefaultListableBeanFactory     : Autowiring by type from bean name 'dataSourceScriptDatabaseInitializer' via factory method to bean named 'dataSource'
?[0m?[0;34m2023-04-07 15:35:36.740 DEBUG 12456 --- [    Test worker] o.s.b.f.s.DefaultListableBeanFactory     : Autowiring by type from bean name 'dataSourceScriptDatabaseInitializer' via factory method to bean named 'spring.sql.init-org.springframework.boot.autoconfigure.sql.init.SqlInitializationProperties'
?[0m?[0;34m2023-04-07 15:35:36.742 DEBUG 12456 --- [    Test worker] o.s.b.f.s.DefaultListableBeanFactory     : Creating shared instance of singleton bean 'entityManagerFactory'
?[0m?[0;34m2023-04-07 15:35:36.742 DEBUG 12456 --- [    Test worker] o.s.b.f.s.DefaultListableBeanFactory     : Creating shared instance of singleton bean 'org.springframework.boot.autoconfigure.orm.jpa.HibernateJpaConfiguration'
?[0m?[0;34m2023-04-07 15:35:36.743 DEBUG 12456 --- [    Test worker] o.s.b.f.s.DefaultListableBeanFactory     : Creating shared instance of singleton bean 'spring.jpa-org.springframework.boot.autoconfigure.orm.jpa.JpaProperties'
?[0m?[0;34m2023-04-07 15:35:36.746 DEBUG 12456 --- [    Test worker] o.s.b.f.s.DefaultListableBeanFactory     : Creating shared instance of singleton bean 'spring.jpa.hibernate-org.springframework.boot.autoconfigure.orm.jpa.HibernateProperties'
?[0m?[0;34m2023-04-07 15:35:36.748 DEBUG 12456 --- [    Test worker] o.s.b.f.s.DefaultListableBeanFactory     : Autowiring by type from bean name 'org.springframework.boot.autoconfigure.orm.jpa.HibernateJpaConfiguration' via constructor to bean named 'dataSource'
?[0m?[0;34m2023-04-07 15:35:36.748 DEBUG 12456 --- [    Test worker] o.s.b.f.s.DefaultListableBeanFactory     : Autowiring by type from bean name 'org.springframework.boot.autoconfigure.orm.jpa.HibernateJpaConfiguration' via constructor to bean named 'spring.jpa-org.springframework.boot.autoconfigure.orm.jpa.JpaProperties'
?[0m?[0;34m2023-04-07 15:35:36.748 DEBUG 12456 --- [    Test worker] o.s.b.f.s.DefaultListableBeanFactory     : Autowiring by type from bean name 'org.springframework.boot.autoconfigure.orm.jpa.HibernateJpaConfiguration' via constructor to bean named 'org.springframework.beans.factory.support.DefaultListableBeanFactory@57bc7f67'
?[0m?[0;34m2023-04-07 15:35:36.748 DEBUG 12456 --- [    Test worker] o.s.b.f.s.DefaultListableBeanFactory     : Autowiring by type from bean name 'org.springframework.boot.autoconfigure.orm.jpa.HibernateJpaConfiguration' via constructor to bean named 'spring.jpa.hibernate-org.springframework.boot.autoconfigure.orm.jpa.HibernateProperties'
?[0m?[0;34m2023-04-07 15:35:36.748 DEBUG 12456 --- [    Test worker] o.s.b.f.s.DefaultListableBeanFactory     : Creating shared instance of singleton bean 'hikariPoolDataSourceMetadataProvider'
?[0m?[0;34m2023-04-07 15:35:36.749 DEBUG 12456 --- [    Test worker] o.s.b.f.s.DefaultListableBeanFactory     : Creating shared instance of singleton bean 'org.springframework.boot.autoconfigure.jdbc.metadata.DataSourcePoolMetadataProvidersConfiguration$HikariPoolDataSourceMetadataProviderConfiguration'
?[0m?[0;34m2023-04-07 15:35:36.750 DEBUG 12456 --- [    Test worker] o.s.b.f.s.DefaultListableBeanFactory     : Creating shared instance of singleton bean 'entityManagerFactoryBuilder'
?[0m?[0;34m2023-04-07 15:35:36.750 DEBUG 12456 --- [    Test worker] o.s.b.f.s.DefaultListableBeanFactory     : Creating shared instance of singleton bean 'jpaVendorAdapter'
?[0m?[0;34m2023-04-07 15:35:36.751 DEBUG 12456 --- [    Test worker] o.s.b.f.s.DefaultListableBeanFactory     : Autowiring by type from bean name 'entityManagerFactoryBuilder' via factory method to bean named 'jpaVendorAdapter'
?[0m?[0;34m2023-04-07 15:35:36.751 DEBUG 12456 --- [    Test worker] o.s.b.f.s.DefaultListableBeanFactory     : Autowiring by type from bean name 'entityManagerFactory' via factory method to bean named 'entityManagerFactoryBuilder'
?[0m?[0;34m2023-04-07 15:35:36.754 DEBUG 12456 --- [    Test worker] j.LocalContainerEntityManagerFactoryBean : Building JPA container EntityManagerFactory for persistence unit 'default'
?[0m?[0;34m2023-04-07 15:35:36.754  INFO 12456 --- [    Test worker] o.hibernate.jpa.internal.util.LogHelper  : HHH000204: Processing PersistenceUnitInfo [name: default]
?[0m?[0;34m2023-04-07 15:35:36.758  INFO 12456 --- [    Test worker] org.hibernate.dialect.Dialect            : HHH000400: Using dialect: org.hibernate.dialect.H2Dialect
?[0m?[0;34m2023-04-07 15:35:36.818  INFO 12456 --- [    Test worker] o.h.e.t.j.p.i.JtaPlatformInitiator       : HHH000490: Using JtaPlatform implementation: [org.hibernate.engine.transaction.jta.platform.internal.NoJtaPlatform]
?[0m?[0;34m2023-04-07 15:35:36.818  INFO 12456 --- [    Test worker] j.LocalContainerEntityManagerFactoryBean : Initialized JPA EntityManagerFactory for persistence unit 'default'
?[0m?[0;34m2023-04-07 15:35:36.818 DEBUG 12456 --- [    Test worker] o.s.b.f.s.DefaultListableBeanFactory     : Creating shared instance of singleton bean 'recipesApplication'
?[0m?[0;34m2023-04-07 15:35:36.819 DEBUG 12456 --- [    Test worker] o.s.b.f.s.DefaultListableBeanFactory     : Creating shared instance of singleton bean 'controllerExceptionHandler'
?[0m?[0;34m2023-04-07 15:35:36.819 DEBUG 12456 --- [    Test worker] o.s.b.f.s.DefaultListableBeanFactory     : Creating shared instance of singleton bean 'recipeController'
?[0m?[0;34m2023-04-07 15:35:36.820 DEBUG 12456 --- [    Test worker] o.s.b.f.s.DefaultListableBeanFactory     : Creating shared instance of singleton bean 'recipeService'
?[0m?[0;34m2023-04-07 15:35:36.821 DEBUG 12456 --- [    Test worker] o.s.b.f.s.DefaultListableBeanFactory     : Creating shared instance of singleton bean 'recipeRepository'
?[0m?[0;34m2023-04-07 15:35:36.836 DEBUG 12456 --- [    Test worker] o.s.b.f.s.DefaultListableBeanFactory     : Creating shared instance of singleton bean 'jpaMappingContext'
?[0m?[0;34m2023-04-07 15:35:36.837 DEBUG 12456 --- [    Test worker] .c.JpaMetamodelMappingContextFactoryBean : Initializing JpaMetamodelMappingContext…
?[0m?[0;34m2023-04-07 15:35:36.837 DEBUG 12456 --- [    Test worker] .c.JpaMetamodelMappingContextFactoryBean : Finished initializing JpaMetamodelMappingContext!
?[0m?[0;34m2023-04-07 15:35:36.838 DEBUG 12456 --- [    Test worker] tor$SharedEntityManagerInvocationHandler : Creating new EntityManager for shared EntityManager invocation
?[0m?[0;34m2023-04-07 15:35:36.839 DEBUG 12456 --- [    Test worker] o.s.b.f.s.DefaultListableBeanFactory     : Creating shared instance of singleton bean 'metricsRepositoryMethodInvocationListener'
?[0m?[0;34m2023-04-07 15:35:36.839 DEBUG 12456 --- [    Test worker] o.s.b.f.s.DefaultListableBeanFactory     : Creating shared instance of singleton bean 'org.springframework.boot.actuate.autoconfigure.metrics.data.RepositoryMetricsAutoConfiguration'
?[0m?[0;34m2023-04-07 15:35:36.840 DEBUG 12456 --- [    Test worker] o.s.b.f.s.DefaultListableBeanFactory     : Autowiring by type from bean name 'org.springframework.boot.actuate.autoconfigure.metrics.data.RepositoryMetricsAutoConfiguration' via constructor to bean named 'management.metrics-org.springframework.boot.actuate.autoconfigure.metrics.MetricsProperties'
?[0m?[0;34m2023-04-07 15:35:36.841 DEBUG 12456 --- [    Test worker] o.s.b.f.s.DefaultListableBeanFactory     : Creating shared instance of singleton bean 'repositoryTagsProvider'
?[0m?[0;34m2023-04-07 15:35:36.841 DEBUG 12456 --- [    Test worker] o.s.b.f.s.DefaultListableBeanFactory     : Autowiring by type from bean name 'metricsRepositoryMethodInvocationListener' via factory method to bean named 'repositoryTagsProvider'
?[0m?[0;34m2023-04-07 15:35:36.848 DEBUG 12456 --- [    Test worker] o.s.d.r.c.s.RepositoryFactorySupport     : Initializing repository instance for recipes.repository.RecipeRepository…
?[0m?[0;34m2023-04-07 15:35:36.849 DEBUG 12456 --- [    Test worker] tor$SharedEntityManagerInvocationHandler : Creating new EntityManager for shared EntityManager invocation
?[0m?[0;34m2023-04-07 15:35:36.865 DEBUG 12456 --- [    Test worker] o.s.d.jpa.repository.query.NamedQuery    : Looking up named query Recipe.findByCategoryIgnoreCaseOrderByDateDesc
?[0m?[0;34m2023-04-07 15:35:36.866 DEBUG 12456 --- [    Test worker] o.s.d.jpa.repository.query.NamedQuery    : Did not find named query Recipe.findByCategoryIgnoreCaseOrderByDateDesc
?[0m?[0;34m2023-04-07 15:35:36.866 DEBUG 12456 --- [    Test worker] tor$SharedEntityManagerInvocationHandler : Creating new EntityManager for shared EntityManager invocation
?[0m?[0;34m2023-04-07 15:35:36.868 DEBUG 12456 --- [    Test worker] o.s.d.jpa.repository.query.NamedQuery    : Looking up named query Recipe.findByNameContainingIgnoreCaseOrderByDateDesc
?[0m?[0;34m2023-04-07 15:35:36.868 DEBUG 12456 --- [    Test worker] o.s.d.jpa.repository.query.NamedQuery    : Did not find named query Recipe.findByNameContainingIgnoreCaseOrderByDateDesc
?[0m?[0;34m2023-04-07 15:35:36.868 DEBUG 12456 --- [    Test worker] tor$SharedEntityManagerInvocationHandler : Creating new EntityManager for shared EntityManager invocation
?[0m?[0;34m2023-04-07 15:35:36.869 DEBUG 12456 --- [    Test worker] o.s.d.r.c.s.RepositoryFactorySupport     : Finished creation of repository instance for {}.
?[0m?[0;34m2023-04-07 15:35:36.870 DEBUG 12456 --- [    Test worker] o.s.b.f.s.DefaultListableBeanFactory     : Autowiring by type from bean name 'recipeService' via constructor to bean named 'recipeRepository'
?[0m?[0;34m2023-04-07 15:35:36.870 DEBUG 12456 --- [    Test worker] o.s.b.f.s.DefaultListableBeanFactory     : Autowiring by type from bean name 'recipeController' via constructor to bean named 'recipeService'
?[0m?[0;34m2023-04-07 15:35:36.871 DEBUG 12456 --- [    Test worker] o.s.b.f.s.DefaultListableBeanFactory     : Creating shared instance of singleton bean 'userController'
?[0m?[0;34m2023-04-07 15:35:36.872 DEBUG 12456 --- [    Test worker] o.s.b.f.s.DefaultListableBeanFactory     : Creating shared instance of singleton bean 'securityUserDetailsService'
?[0m?[0;34m2023-04-07 15:35:36.873 DEBUG 12456 --- [    Test worker] o.s.b.f.s.DefaultListableBeanFactory     : Creating shared instance of singleton bean 'userRepository'
?[0m?[0;34m2023-04-07 15:35:36.876 DEBUG 12456 --- [    Test worker] tor$SharedEntityManagerInvocationHandler : Creating new EntityManager for shared EntityManager invocation
?[0m?[0;34m2023-04-07 15:35:36.876 DEBUG 12456 --- [    Test worker] o.s.d.r.c.s.RepositoryFactorySupport     : Initializing repository instance for recipes.repository.UserRepository…
?[0m?[0;34m2023-04-07 15:35:36.877 DEBUG 12456 --- [    Test worker] tor$SharedEntityManagerInvocationHandler : Creating new EntityManager for shared EntityManager invocation
?[0m?[0;34m2023-04-07 15:35:36.886 DEBUG 12456 --- [    Test worker] o.s.d.jpa.repository.query.NamedQuery    : Looking up named query User.existsByEmail
?[0m?[0;34m2023-04-07 15:35:36.887 DEBUG 12456 --- [    Test worker] o.s.d.jpa.repository.query.NamedQuery    : Did not find named query User.existsByEmail
?[0m?[0;34m2023-04-07 15:35:36.887 DEBUG 12456 --- [    Test worker] tor$SharedEntityManagerInvocationHandler : Creating new EntityManager for shared EntityManager invocation
?[0m?[0;34m2023-04-07 15:35:36.888 DEBUG 12456 --- [    Test worker] o.s.d.jpa.repository.query.NamedQuery    : Looking up named query User.findByEmail
?[0m?[0;34m2023-04-07 15:35:36.888 DEBUG 12456 --- [    Test worker] o.s.d.jpa.repository.query.NamedQuery    : Did not find named query User.findByEmail
?[0m?[0;34m2023-04-07 15:35:36.888 DEBUG 12456 --- [    Test worker] tor$SharedEntityManagerInvocationHandler : Creating new EntityManager for shared EntityManager invocation
?[0m?[0;34m2023-04-07 15:35:36.889 DEBUG 12456 --- [    Test worker] o.s.d.r.c.s.RepositoryFactorySupport     : Finished creation of repository instance for {}.
?[0m?[0;34m2023-04-07 15:35:36.889 DEBUG 12456 --- [    Test worker] o.s.b.f.s.DefaultListableBeanFactory     : Autowiring by type from bean name 'userController' via constructor to bean named 'securityUserDetailsService'
?[0m?[0;34m2023-04-07 15:35:36.890 DEBUG 12456 --- [    Test worker] o.s.b.f.s.DefaultListableBeanFactory     : Creating shared instance of singleton bean 'securityConfig'
?[0m?[0;34m2023-04-07 15:35:36.890 DEBUG 12456 --- [    Test worker] o.s.b.f.s.DefaultListableBeanFactory     : Creating shared instance of singleton bean 'userDetailsService'
?[0m?[0;34m2023-04-07 15:35:36.891 DEBUG 12456 --- [    Test worker] o.s.b.f.s.DefaultListableBeanFactory     : Creating shared instance of singleton bean 'passwordEncoder'
?[0m?[0;34m2023-04-07 15:35:36.891 DEBUG 12456 --- [    Test worker] o.s.b.f.s.DefaultListableBeanFactory     : Creating shared instance of singleton bean 'authenticationProvider'
?[0m?[0;34m2023-04-07 15:35:36.892 DEBUG 12456 --- [    Test worker] o.s.b.f.s.DefaultListableBeanFactory     : Creating shared instance of singleton bean 'securityFilterChain'
?[0m?[0;34m2023-04-07 15:35:36.892 DEBUG 12456 --- [    Test worker] o.s.b.f.s.DefaultListableBeanFactory     : Creating shared instance of singleton bean 'org.springframework.security.config.annotation.web.configuration.HttpSecurityConfiguration'
?[0m?[0;34m2023-04-07 15:35:36.895 DEBUG 12456 --- [    Test worker] o.s.b.f.s.DefaultListableBeanFactory     : Creating shared instance of singleton bean 'org.springframework.security.config.annotation.authentication.configuration.AuthenticationConfiguration'
?[0m?[0;34m2023-04-07 15:35:36.896 DEBUG 12456 --- [    Test worker] o.s.b.f.s.DefaultListableBeanFactory     : Creating shared instance of singleton bean 'enableGlobalAuthenticationAutowiredConfigurer'
?[0m?[0;34m2023-04-07 15:35:36.897 DEBUG 12456 --- [    Test worker] o.s.b.f.s.DefaultListableBeanFactory     : Autowiring by type from bean name 'enableGlobalAuthenticationAutowiredConfigurer' via factory method to bean named 'org.springframework.boot.web.servlet.context.AnnotationConfigServletWebServerApplicationContext@6ed78a5e'
?[0m?[0;34m2023-04-07 15:35:36.897 DEBUG 12456 --- [    Test worker] o.s.b.f.s.DefaultListableBeanFactory     : Creating shared instance of singleton bean 'initializeUserDetailsBeanManagerConfigurer'
?[0m?[0;34m2023-04-07 15:35:36.898 DEBUG 12456 --- [    Test worker] o.s.b.f.s.DefaultListableBeanFactory     : Autowiring by type from bean name 'initializeUserDetailsBeanManagerConfigurer' via factory method to bean named 'org.springframework.boot.web.servlet.context.AnnotationConfigServletWebServerApplicationContext@6ed78a5e'
?[0m?[0;34m2023-04-07 15:35:36.898 DEBUG 12456 --- [    Test worker] o.s.b.f.s.DefaultListableBeanFactory     : Creating shared instance of singleton bean 'initializeAuthenticationProviderBeanManagerConfigurer'
?[0m?[0;34m2023-04-07 15:35:36.898 DEBUG 12456 --- [    Test worker] o.s.b.f.s.DefaultListableBeanFactory     : Autowiring by type from bean name 'initializeAuthenticationProviderBeanManagerConfigurer' via factory method to bean named 'org.springframework.boot.web.servlet.context.AnnotationConfigServletWebServerApplicationContext@6ed78a5e'
?[0m?[0;34m2023-04-07 15:35:36.899 DEBUG 12456 --- [    Test worker] o.s.b.f.s.DefaultListableBeanFactory     : Creating shared instance of singleton bean 'objectPostProcessor'
?[0m?[0;34m2023-04-07 15:35:36.899 DEBUG 12456 --- [    Test worker] o.s.b.f.s.DefaultListableBeanFactory     : Creating shared instance of singleton bean 'org.springframework.security.config.annotation.configuration.ObjectPostProcessorConfiguration'
?[0m?[0;34m2023-04-07 15:35:36.900 DEBUG 12456 --- [    Test worker] o.s.b.f.s.DefaultListableBeanFactory     : Autowiring by type from bean name 'objectPostProcessor' via factory method to bean named 'org.springframework.beans.factory.support.DefaultListableBeanFactory@57bc7f67'
?[0m?[0;34m2023-04-07 15:35:36.901 DEBUG 12456 --- [    Test worker] o.s.b.f.s.DefaultListableBeanFactory     : Creating shared instance of singleton bean 'authenticationManagerBuilder'
?[0m?[0;34m2023-04-07 15:35:36.902 DEBUG 12456 --- [    Test worker] o.s.b.f.s.DefaultListableBeanFactory     : Autowiring by type from bean name 'authenticationManagerBuilder' via factory method to bean named 'objectPostProcessor'
?[0m?[0;34m2023-04-07 15:35:36.902 DEBUG 12456 --- [    Test worker] o.s.b.f.s.DefaultListableBeanFactory     : Autowiring by type from bean name 'authenticationManagerBuilder' via factory method to bean named 'org.springframework.boot.web.servlet.context.AnnotationConfigServletWebServerApplicationContext@6ed78a5e'
?[0m?[0;34m2023-04-07 15:35:36.902 DEBUG 12456 --- [    Test worker] o.s.b.f.s.DefaultListableBeanFactory     : Creating shared instance of singleton bean 'authenticationEventPublisher'
?[0m?[0;34m2023-04-07 15:35:36.902 DEBUG 12456 --- [    Test worker] o.s.b.f.s.DefaultListableBeanFactory     : Creating shared instance of singleton bean 'org.springframework.boot.autoconfigure.security.servlet.SecurityAutoConfiguration'
?[0m?[0;34m2023-04-07 15:35:36.903 DEBUG 12456 --- [    Test worker] o.s.b.f.s.DefaultListableBeanFactory     : Autowiring by type from bean name 'authenticationEventPublisher' via factory method to bean named 'org.springframework.boot.web.servlet.context.AnnotationConfigServletWebServerApplicationContext@6ed78a5e'
?[0m?[0;34m2023-04-07 15:35:36.905 DEBUG 12456 --- [    Test worker] o.s.b.f.s.DefaultListableBeanFactory     : Creating shared instance of singleton bean 'org.springframework.boot.autoconfigure.security.servlet.WebSecurityEnablerConfiguration'
?[0m?[0;34m2023-04-07 15:35:36.906 DEBUG 12456 --- [    Test worker] o.s.b.f.s.DefaultListableBeanFactory     : Autowiring by type from bean name 'securityFilterChain' via factory method to bean named 'org.springframework.security.config.annotation.web.configuration.HttpSecurityConfiguration.httpSecurity'
?[0m?[0;34m2023-04-07 15:35:36.912  INFO 12456 --- [    Test worker] o.s.s.web.DefaultSecurityFilterChain     : Will secure any request with [org.springframework.security.web.context.request.async.WebAsyncManagerIntegrationFilter@56957f08, org.springframework.security.web.context.SecurityContextPersistenceFilter@11f6a083, org.springframework.security.web.header.HeaderWriterFilter@2c64e2d0, org.springframework.security.web.authentication.logout.LogoutFilter@3a7abd4, org.springframework.security.web.authentication.www.BasicAuthenticationFilter@685280dd, org.springframework.security.web.savedrequest.RequestCacheAwareFilter@3bc00359, org.springframework.security.web.servletapi.SecurityContextHolderAwareRequestFilter@30b91493, org.springframework.security.web.authentication.AnonymousAuthenticationFilter@5b0fc8c2, org.springframework.security.web.session.SessionManagementFilter@45da40ad, org.springframework.security.web.access.ExceptionTranslationFilter@39b265c9, org.springframework.security.web.access.intercept.AuthorizationFilter@40a32c25]
?[0m?[0;34m2023-04-07 15:35:36.912 DEBUG 12456 --- [    Test worker] o.s.b.f.s.DefaultListableBeanFactory     : Creating shared instance of singleton bean 'org.springframework.boot.autoconfigure.context.PropertyPlaceholderAutoConfiguration'
?[0m?[0;34m2023-04-07 15:35:36.912 DEBUG 12456 --- [    Test worker] o.s.b.f.s.DefaultListableBeanFactory     : Creating shared instance of singleton bean 'org.springframework.boot.autoconfigure.websocket.servlet.WebSocketServletAutoConfiguration'
?[0m?[0;34m2023-04-07 15:35:36.913 DEBUG 12456 --- [    Test worker] o.s.b.f.s.DefaultListableBeanFactory     : Creating shared instance of singleton bean 'org.springframework.boot.autoconfigure.web.servlet.DispatcherServletAutoConfiguration'
?[0m?[0;34m2023-04-07 15:35:36.913 DEBUG 12456 --- [    Test worker] o.s.b.f.s.DefaultListableBeanFactory     : Creating shared instance of singleton bean 'org.springframework.boot.autoconfigure.task.TaskExecutionAutoConfiguration'
?[0m?[0;34m2023-04-07 15:35:36.913 DEBUG 12456 --- [    Test worker] o.s.b.f.s.DefaultListableBeanFactory     : Creating shared instance of singleton bean 'taskExecutorBuilder'
?[0m?[0;34m2023-04-07 15:35:36.914 DEBUG 12456 --- [    Test worker] o.s.b.f.s.DefaultListableBeanFactory     : Creating shared instance of singleton bean 'spring.task.execution-org.springframework.boot.autoconfigure.task.TaskExecutionProperties'
?[0m?[0;34m2023-04-07 15:35:36.916 DEBUG 12456 --- [    Test worker] o.s.b.f.s.DefaultListableBeanFactory     : Autowiring by type from bean name 'taskExecutorBuilder' via factory method to bean named 'spring.task.execution-org.springframework.boot.autoconfigure.task.TaskExecutionProperties'
?[0m?[0;34m2023-04-07 15:35:36.917 DEBUG 12456 --- [    Test worker] o.s.b.f.s.DefaultListableBeanFactory     : Creating shared instance of singleton bean 'org.springframework.boot.autoconfigure.validation.ValidationAutoConfiguration'
?[0m?[0;34m2023-04-07 15:35:36.917 DEBUG 12456 --- [    Test worker] o.s.b.f.s.DefaultListableBeanFactory     : Creating shared instance of singleton bean 'defaultValidator'
?[0m?[0;34m2023-04-07 15:35:36.919 DEBUG 12456 --- [    Test worker] o.s.b.f.s.DefaultListableBeanFactory     : Creating shared instance of singleton bean 'org.springframework.boot.autoconfigure.web.servlet.error.ErrorMvcAutoConfiguration$WhitelabelErrorViewConfiguration'
?[0m?[0;34m2023-04-07 15:35:36.920 DEBUG 12456 --- [    Test worker] o.s.b.f.s.DefaultListableBeanFactory     : Creating shared instance of singleton bean 'error'
?[0m?[0;34m2023-04-07 15:35:36.920 DEBUG 12456 --- [    Test worker] o.s.b.f.s.DefaultListableBeanFactory     : Creating shared instance of singleton bean 'beanNameViewResolver'
?[0m?[0;34m2023-04-07 15:35:36.920 DEBUG 12456 --- [    Test worker] o.s.b.f.s.DefaultListableBeanFactory     : Creating shared instance of singleton bean 'org.springframework.boot.autoconfigure.web.servlet.error.ErrorMvcAutoConfiguration$DefaultErrorViewResolverConfiguration'
?[0m?[0;34m2023-04-07 15:35:36.920 DEBUG 12456 --- [    Test worker] o.s.b.f.s.DefaultListableBeanFactory     : Creating shared instance of singleton bean 'spring.resources-org.springframework.boot.autoconfigure.web.ResourceProperties'
?[0m?[0;34m2023-04-07 15:35:36.921 DEBUG 12456 --- [    Test worker] o.s.b.f.s.DefaultListableBeanFactory     : Creating shared instance of singleton bean 'spring.web-org.springframework.boot.autoconfigure.web.WebProperties'
?[0m?[0;34m2023-04-07 15:35:36.922 DEBUG 12456 --- [    Test worker] o.s.b.f.s.DefaultListableBeanFactory     : Autowiring by type from bean name 'org.springframework.boot.autoconfigure.web.servlet.error.ErrorMvcAutoConfiguration$DefaultErrorViewResolverConfiguration' via constructor to bean named 'org.springframework.boot.web.servlet.context.AnnotationConfigServletWebServerApplicationContext@6ed78a5e'
?[0m?[0;34m2023-04-07 15:35:36.922 DEBUG 12456 --- [    Test worker] o.s.b.f.s.DefaultListableBeanFactory     : Autowiring by type from bean name 'org.springframework.boot.autoconfigure.web.servlet.error.ErrorMvcAutoConfiguration$DefaultErrorViewResolverConfiguration' via constructor to bean named 'spring.resources-org.springframework.boot.autoconfigure.web.ResourceProperties'
?[0m?[0;34m2023-04-07 15:35:36.922 DEBUG 12456 --- [    Test worker] o.s.b.f.s.DefaultListableBeanFactory     : Autowiring by type from bean name 'org.springframework.boot.autoconfigure.web.servlet.error.ErrorMvcAutoConfiguration$DefaultErrorViewResolverConfiguration' via constructor to bean named 'spring.web-org.springframework.boot.autoconfigure.web.WebProperties'
?[0m?[0;34m2023-04-07 15:35:36.922 DEBUG 12456 --- [    Test worker] o.s.b.f.s.DefaultListableBeanFactory     : Creating shared instance of singleton bean 'conventionErrorViewResolver'
?[0m?[0;34m2023-04-07 15:35:36.922 DEBUG 12456 --- [    Test worker] o.s.b.f.s.DefaultListableBeanFactory     : Creating shared instance of singleton bean 'errorAttributes'
?[0m?[0;34m2023-04-07 15:35:36.923 DEBUG 12456 --- [    Test worker] o.s.b.f.s.DefaultListableBeanFactory     : Creating shared instance of singleton bean 'basicErrorController'
?[0m?[0;34m2023-04-07 15:35:36.924 DEBUG 12456 --- [    Test worker] o.s.b.f.s.DefaultListableBeanFactory     : Autowiring by type from bean name 'basicErrorController' via factory method to bean named 'errorAttributes'
?[0m?[0;34m2023-04-07 15:35:36.924 DEBUG 12456 --- [    Test worker] o.s.b.f.s.DefaultListableBeanFactory     : Creating shared instance of singleton bean 'org.springframework.boot.autoconfigure.web.servlet.WebMvcAutoConfiguration$EnableWebMvcConfiguration'
?[0m?[0;34m2023-04-07 15:35:36.925 DEBUG 12456 --- [    Test worker] o.s.b.f.s.DefaultListableBeanFactory     : Autowiring by type from bean name 'org.springframework.boot.autoconfigure.web.servlet.WebMvcAutoConfiguration$EnableWebMvcConfiguration' via constructor to bean named 'spring.resources-org.springframework.boot.autoconfigure.web.ResourceProperties'
?[0m?[0;34m2023-04-07 15:35:36.925 DEBUG 12456 --- [    Test worker] o.s.b.f.s.DefaultListableBeanFactory     : Autowiring by type from bean name 'org.springframework.boot.autoconfigure.web.servlet.WebMvcAutoConfiguration$EnableWebMvcConfiguration' via constructor to bean named 'spring.mvc-org.springframework.boot.autoconfigure.web.servlet.WebMvcProperties'
?[0m?[0;34m2023-04-07 15:35:36.925 DEBUG 12456 --- [    Test worker] o.s.b.f.s.DefaultListableBeanFactory     : Autowiring by type from bean name 'org.springframework.boot.autoconfigure.web.servlet.WebMvcAutoConfiguration$EnableWebMvcConfiguration' via constructor to bean named 'spring.web-org.springframework.boot.autoconfigure.web.WebProperties'
?[0m?[0;34m2023-04-07 15:35:36.925 DEBUG 12456 --- [    Test worker] o.s.b.f.s.DefaultListableBeanFactory     : Autowiring by type from bean name 'org.springframework.boot.autoconfigure.web.servlet.WebMvcAutoConfiguration$EnableWebMvcConfiguration' via constructor to bean named 'org.springframework.beans.factory.support.DefaultListableBeanFactory@57bc7f67'
?[0m?[0;34m2023-04-07 15:35:36.930 DEBUG 12456 --- [    Test worker] o.s.b.f.s.DefaultListableBeanFactory     : Creating shared instance of singleton bean 'org.springframework.boot.autoconfigure.web.servlet.WebMvcAutoConfiguration$WebMvcAutoConfigurationAdapter'
?[0m?[0;34m2023-04-07 15:35:36.931 DEBUG 12456 --- [    Test worker] o.s.b.f.s.DefaultListableBeanFactory     : Autowiring by type from bean name 'org.springframework.boot.autoconfigure.web.servlet.WebMvcAutoConfiguration$WebMvcAutoConfigurationAdapter' via constructor to bean named 'spring.resources-org.springframework.boot.autoconfigure.web.ResourceProperties'
?[0m?[0;34m2023-04-07 15:35:36.931 DEBUG 12456 --- [    Test worker] o.s.b.f.s.DefaultListableBeanFactory     : Autowiring by type from bean name 'org.springframework.boot.autoconfigure.web.servlet.WebMvcAutoConfiguration$WebMvcAutoConfigurationAdapter' via constructor to bean named 'spring.web-org.springframework.boot.autoconfigure.web.WebProperties'
?[0m?[0;34m2023-04-07 15:35:36.931 DEBUG 12456 --- [    Test worker] o.s.b.f.s.DefaultListableBeanFactory     : Autowiring by type from bean name 'org.springframework.boot.autoconfigure.web.servlet.WebMvcAutoConfiguration$WebMvcAutoConfigurationAdapter' via constructor to bean named 'spring.mvc-org.springframework.boot.autoconfigure.web.servlet.WebMvcProperties'
?[0m?[0;34m2023-04-07 15:35:36.931 DEBUG 12456 --- [    Test worker] o.s.b.f.s.DefaultListableBeanFactory     : Autowiring by type from bean name 'org.springframework.boot.autoconfigure.web.servlet.WebMvcAutoConfiguration$WebMvcAutoConfigurationAdapter' via constructor to bean named 'org.springframework.beans.factory.support.DefaultListableBeanFactory@57bc7f67'
?[0m?[0;34m2023-04-07 15:35:36.932 DEBUG 12456 --- [    Test worker] o.s.b.f.s.DefaultListableBeanFactory     : Creating shared instance of singleton bean 'openEntityManagerInViewInterceptorConfigurer'
?[0m?[0;34m2023-04-07 15:35:36.932 DEBUG 12456 --- [    Test worker] o.s.b.f.s.DefaultListableBeanFactory     : Creating shared instance of singleton bean 'org.springframework.boot.autoconfigure.orm.jpa.JpaBaseConfiguration$JpaWebConfiguration'
?[0m?[0;34m2023-04-07 15:35:36.932 DEBUG 12456 --- [    Test worker] o.s.b.f.s.DefaultListableBeanFactory     : Autowiring by type from bean name 'org.springframework.boot.autoconfigure.orm.jpa.JpaBaseConfiguration$JpaWebConfiguration' via constructor to bean named 'spring.jpa-org.springframework.boot.autoconfigure.orm.jpa.JpaProperties'
?[0m?[0;34m2023-04-07 15:35:36.933 DEBUG 12456 --- [    Test worker] o.s.b.f.s.DefaultListableBeanFactory     : Creating shared instance of singleton bean 'openEntityManagerInViewInterceptor'
?[0m?[0;34m2023-04-07 15:35:36.933  WARN 12456 --- [    Test worker] JpaBaseConfiguration$JpaWebConfiguration : spring.jpa.open-in-view is enabled by default. Therefore, database queries may be performed during view rendering. Explicitly configure spring.jpa.open-in-view to disable this warning
?[0m?[0;34m2023-04-07 15:35:36.933 DEBUG 12456 --- [    Test worker] o.s.b.f.s.DefaultListableBeanFactory     : Autowiring by type from bean name 'openEntityManagerInViewInterceptorConfigurer' via factory method to bean named 'openEntityManagerInViewInterceptor'
?[0m?[0;34m2023-04-07 15:35:36.934 DEBUG 12456 --- [    Test worker] o.s.b.f.s.DefaultListableBeanFactory     : Creating shared instance of singleton bean 'metricsWebMvcConfigurer'
?[0m?[0;34m2023-04-07 15:35:36.935 DEBUG 12456 --- [    Test worker] o.s.b.f.s.DefaultListableBeanFactory     : Autowiring by type from bean name 'metricsWebMvcConfigurer' via factory method to bean named 'simpleMeterRegistry'
?[0m?[0;34m2023-04-07 15:35:36.935 DEBUG 12456 --- [    Test worker] o.s.b.f.s.DefaultListableBeanFactory     : Autowiring by type from bean name 'metricsWebMvcConfigurer' via factory method to bean named 'webMvcTagsProvider'
?[0m?[0;34m2023-04-07 15:35:36.935 DEBUG 12456 --- [    Test worker] o.s.b.f.s.DefaultListableBeanFactory     : Creating shared instance of singleton bean 'org.springframework.data.web.config.SpringDataWebConfiguration'
?[0m?[0;34m2023-04-07 15:35:36.936 DEBUG 12456 --- [    Test worker] o.s.b.f.s.DefaultListableBeanFactory     : Autowiring by type from bean name 'org.springframework.data.web.config.SpringDataWebConfiguration' via constructor to bean named 'org.springframework.boot.web.servlet.context.AnnotationConfigServletWebServerApplicationContext@6ed78a5e'
?[0m?[0;34m2023-04-07 15:35:36.936 DEBUG 12456 --- [    Test worker] o.s.b.f.s.DefaultListableBeanFactory     : Creating shared instance of singleton bean 'org.springframework.security.config.annotation.web.configuration.WebMvcSecurityConfiguration'
?[0m?[0;34m2023-04-07 15:35:36.937 DEBUG 12456 --- [    Test worker] o.s.b.f.s.DefaultListableBeanFactory     : Creating shared instance of singleton bean 'requestMappingHandlerAdapter'
?[0m?[0;34m2023-04-07 15:35:36.937 DEBUG 12456 --- [    Test worker] o.s.b.f.s.DefaultListableBeanFactory     : Creating shared instance of singleton bean 'mvcContentNegotiationManager'
?[0m?[0;34m2023-04-07 15:35:36.938 DEBUG 12456 --- [    Test worker] o.s.b.f.s.DefaultListableBeanFactory     : Creating shared instance of singleton bean 'mvcConversionService'
?[0m?[0;34m2023-04-07 15:35:36.940 DEBUG 12456 --- [    Test worker] o.s.b.f.s.DefaultListableBeanFactory     : Creating shared instance of singleton bean 'mvcValidator'
?[0m?[0;34m2023-04-07 15:35:36.941 DEBUG 12456 --- [    Test worker] o.s.b.f.s.DefaultListableBeanFactory     : Autowiring by type from bean name 'requestMappingHandlerAdapter' via factory method to bean named 'mvcContentNegotiationManager'
?[0m?[0;34m2023-04-07 15:35:36.941 DEBUG 12456 --- [    Test worker] o.s.b.f.s.DefaultListableBeanFactory     : Autowiring by type from bean name 'requestMappingHandlerAdapter' via factory method to bean named 'mvcConversionService'
?[0m?[0;34m2023-04-07 15:35:36.941 DEBUG 12456 --- [    Test worker] o.s.b.f.s.DefaultListableBeanFactory     : Autowiring by type from bean name 'requestMappingHandlerAdapter' via factory method to bean named 'mvcValidator'
?[0m?[0;34m2023-04-07 15:35:36.942 DEBUG 12456 --- [    Test worker] o.s.b.f.s.DefaultListableBeanFactory     : Autowiring by type from bean name 'requestMappingHandlerAdapter' via factory method to bean named 'mvcContentNegotiationManager'
?[0m?[0;34m2023-04-07 15:35:36.942 DEBUG 12456 --- [    Test worker] o.s.b.f.s.DefaultListableBeanFactory     : Autowiring by type from bean name 'requestMappingHandlerAdapter' via factory method to bean named 'mvcConversionService'
?[0m?[0;34m2023-04-07 15:35:36.942 DEBUG 12456 --- [    Test worker] o.s.b.f.s.DefaultListableBeanFactory     : Autowiring by type from bean name 'requestMappingHandlerAdapter' via factory method to bean named 'mvcValidator'
?[0m?[0;34m2023-04-07 15:35:36.945 DEBUG 12456 --- [    Test worker] o.s.b.f.s.DefaultListableBeanFactory     : Creating shared instance of singleton bean 'messageConverters'
?[0m?[0;34m2023-04-07 15:35:36.945 DEBUG 12456 --- [    Test worker] o.s.b.f.s.DefaultListableBeanFactory     : Creating shared instance of singleton bean 'org.springframework.boot.autoconfigure.http.HttpMessageConvertersAutoConfiguration'
?[0m?[0;34m2023-04-07 15:35:36.946 DEBUG 12456 --- [    Test worker] o.s.b.f.s.DefaultListableBeanFactory     : Creating shared instance of singleton bean 'stringHttpMessageConverter'
?[0m?[0;34m2023-04-07 15:35:36.946 DEBUG 12456 --- [    Test worker] o.s.b.f.s.DefaultListableBeanFactory     : Creating shared instance of singleton bean 'org.springframework.boot.autoconfigure.http.HttpMessageConvertersAutoConfiguration$StringHttpMessageConverterConfiguration'
?[0m?[0;34m2023-04-07 15:35:36.947 DEBUG 12456 --- [    Test worker] o.s.b.f.s.DefaultListableBeanFactory     : Autowiring by type from bean name 'stringHttpMessageConverter' via factory method to bean named 'environment'
?[0m?[0;34m2023-04-07 15:35:36.948 DEBUG 12456 --- [    Test worker] o.s.b.f.s.DefaultListableBeanFactory     : Creating shared instance of singleton bean 'mappingJackson2HttpMessageConverter'
?[0m?[0;34m2023-04-07 15:35:36.948 DEBUG 12456 --- [    Test worker] o.s.b.f.s.DefaultListableBeanFactory     : Creating shared instance of singleton bean 'org.springframework.boot.autoconfigure.http.JacksonHttpMessageConvertersConfiguration$MappingJackson2HttpMessageConverterConfiguration'
?[0m?[0;34m2023-04-07 15:35:36.948 DEBUG 12456 --- [    Test worker] o.s.b.f.s.DefaultListableBeanFactory     : Creating shared instance of singleton bean 'jacksonObjectMapper'
?[0m?[0;34m2023-04-07 15:35:36.949 DEBUG 12456 --- [    Test worker] o.s.b.f.s.DefaultListableBeanFactory     : Creating shared instance of singleton bean 'org.springframework.boot.autoconfigure.jackson.JacksonAutoConfiguration$JacksonObjectMapperConfiguration'
?[0m?[0;34m2023-04-07 15:35:36.949 DEBUG 12456 --- [    Test worker] o.s.b.f.s.DefaultListableBeanFactory     : Creating shared instance of singleton bean 'org.springframework.boot.autoconfigure.jackson.JacksonAutoConfiguration$JacksonObjectMapperBuilderConfiguration'
?[0m?[0;34m2023-04-07 15:35:36.950 DEBUG 12456 --- [    Test worker] o.s.b.f.s.DefaultListableBeanFactory     : Creating shared instance of singleton bean 'standardJacksonObjectMapperBuilderCustomizer'
?[0m?[0;34m2023-04-07 15:35:36.950 DEBUG 12456 --- [    Test worker] o.s.b.f.s.DefaultListableBeanFactory     : Creating shared instance of singleton bean 'org.springframework.boot.autoconfigure.jackson.JacksonAutoConfiguration$Jackson2ObjectMapperBuilderCustomizerConfiguration'
?[0m?[0;34m2023-04-07 15:35:36.951 DEBUG 12456 --- [    Test worker] o.s.b.f.s.DefaultListableBeanFactory     : Creating shared instance of singleton bean 'spring.jackson-org.springframework.boot.autoconfigure.jackson.JacksonProperties'
?[0m?[0;34m2023-04-07 15:35:36.952 DEBUG 12456 --- [    Test worker] o.s.b.f.s.DefaultListableBeanFactory     : Autowiring by type from bean name 'standardJacksonObjectMapperBuilderCustomizer' via factory method to bean named 'org.springframework.boot.web.servlet.context.AnnotationConfigServletWebServerApplicationContext@6ed78a5e'
?[0m?[0;34m2023-04-07 15:35:36.952 DEBUG 12456 --- [    Test worker] o.s.b.f.s.DefaultListableBeanFactory     : Autowiring by type from bean name 'standardJacksonObjectMapperBuilderCustomizer' via factory method to bean named 'spring.jackson-org.springframework.boot.autoconfigure.jackson.JacksonProperties'
?[0m?[0;34m2023-04-07 15:35:36.952 DEBUG 12456 --- [    Test worker] o.s.b.f.s.DefaultListableBeanFactory     : Autowiring by type from bean name 'jacksonObjectMapperBuilder' via factory method to bean named 'org.springframework.boot.web.servlet.context.AnnotationConfigServletWebServerApplicationContext@6ed78a5e'
?[0m?[0;34m2023-04-07 15:35:36.952 DEBUG 12456 --- [    Test worker] o.s.b.f.s.DefaultListableBeanFactory     : Autowiring by type from bean name 'jacksonObjectMapperBuilder' via factory method to bean named 'standardJacksonObjectMapperBuilderCustomizer'
?[0m?[0;34m2023-04-07 15:35:36.953 DEBUG 12456 --- [    Test worker] o.s.b.f.s.DefaultListableBeanFactory     : Creating shared instance of singleton bean 'parameterNamesModule'
?[0m?[0;34m2023-04-07 15:35:36.953 DEBUG 12456 --- [    Test worker] o.s.b.f.s.DefaultListableBeanFactory     : Creating shared instance of singleton bean 'org.springframework.boot.autoconfigure.jackson.JacksonAutoConfiguration$ParameterNamesModuleConfiguration'
?[0m?[0;34m2023-04-07 15:35:36.953 DEBUG 12456 --- [    Test worker] o.s.b.f.s.DefaultListableBeanFactory     : Creating shared instance of singleton bean 'jsonComponentModule'
?[0m?[0;34m2023-04-07 15:35:36.953 DEBUG 12456 --- [    Test worker] o.s.b.f.s.DefaultListableBeanFactory     : Creating shared instance of singleton bean 'org.springframework.boot.autoconfigure.jackson.JacksonAutoConfiguration'
?[0m?[0;34m2023-04-07 15:35:36.955 DEBUG 12456 --- [    Test worker] o.s.b.f.s.DefaultListableBeanFactory     : Creating shared instance of singleton bean 'jacksonGeoModule'
?[0m?[0;34m2023-04-07 15:35:36.955 DEBUG 12456 --- [    Test worker] o.s.b.f.s.DefaultListableBeanFactory     : Creating shared instance of singleton bean 'org.springframework.data.web.config.SpringDataJacksonConfiguration'
?[0m?[0;34m2023-04-07 15:35:36.955 DEBUG 12456 --- [    Test worker] o.s.b.f.s.DefaultListableBeanFactory     : Autowiring by type from bean name 'jacksonObjectMapper' via factory method to bean named 'jacksonObjectMapperBuilder'
?[0m?[0;34m2023-04-07 15:35:36.958 DEBUG 12456 --- [    Test worker] o.s.b.f.s.DefaultListableBeanFactory     : Autowiring by type from bean name 'mappingJackson2HttpMessageConverter' via factory method to bean named 'jacksonObjectMapper'
?[0m?[0;34m2023-04-07 15:35:36.962 DEBUG 12456 --- [    Test worker] o.s.b.f.s.DefaultListableBeanFactory     : Creating shared instance of singleton bean 'sortResolver'
?[0m?[0;34m2023-04-07 15:35:36.963 DEBUG 12456 --- [    Test worker] o.s.b.f.s.DefaultListableBeanFactory     : Creating shared instance of singleton bean 'sortCustomizer'
?[0m?[0;34m2023-04-07 15:35:36.963 DEBUG 12456 --- [    Test worker] o.s.b.f.s.DefaultListableBeanFactory     : Creating shared instance of singleton bean 'org.springframework.boot.autoconfigure.data.web.SpringDataWebAutoConfiguration'
?[0m?[0;34m2023-04-07 15:35:36.964 DEBUG 12456 --- [    Test worker] o.s.b.f.s.DefaultListableBeanFactory     : Creating shared instance of singleton bean 'spring.data.web-org.springframework.boot.autoconfigure.data.web.SpringDataWebProperties'
?[0m?[0;34m2023-04-07 15:35:36.964 DEBUG 12456 --- [    Test worker] o.s.b.f.s.DefaultListableBeanFactory     : Autowiring by type from bean name 'org.springframework.boot.autoconfigure.data.web.SpringDataWebAutoConfiguration' via constructor to bean named 'spring.data.web-org.springframework.boot.autoconfigure.data.web.SpringDataWebProperties'
?[0m?[0;34m2023-04-07 15:35:36.965 DEBUG 12456 --- [    Test worker] o.s.b.f.s.DefaultListableBeanFactory     : Creating shared instance of singleton bean 'pageableResolver'
?[0m?[0;34m2023-04-07 15:35:36.965 DEBUG 12456 --- [    Test worker] o.s.b.f.s.DefaultListableBeanFactory     : Creating shared instance of singleton bean 'pageableCustomizer'
?[0m?[0;34m2023-04-07 15:35:36.966 DEBUG 12456 --- [    Test worker] o.s.b.f.s.DefaultListableBeanFactory     : Creating shared instance of singleton bean 'applicationTaskExecutor'
?[0m?[0;34m2023-04-07 15:35:36.966 DEBUG 12456 --- [    Test worker] o.s.b.f.s.DefaultListableBeanFactory     : Autowiring by type from bean name 'applicationTaskExecutor' via factory method to bean named 'taskExecutorBuilder'
?[0m?[0;34m2023-04-07 15:35:36.966 DEBUG 12456 --- [    Test worker] o.s.s.concurrent.ThreadPoolTaskExecutor  : Initializing ExecutorService 'applicationTaskExecutor'
?[0m?[0;34m2023-04-07 15:35:36.968 DEBUG 12456 --- [    Test worker] s.w.s.m.m.a.RequestMappingHandlerAdapter : ControllerAdvice beans: 0 @ModelAttribute, 0 @InitBinder, 1 RequestBodyAdvice, 1 ResponseBodyAdvice
?[0m?[0;34m2023-04-07 15:35:36.968 DEBUG 12456 --- [    Test worker] o.s.b.f.s.DefaultListableBeanFactory     : Creating shared instance of singleton bean 'requestMappingHandlerMapping'
?[0m?[0;34m2023-04-07 15:35:36.969 DEBUG 12456 --- [    Test worker] o.s.b.f.s.DefaultListableBeanFactory     : Creating shared instance of singleton bean 'mvcResourceUrlProvider'
?[0m?[0;34m2023-04-07 15:35:36.970 DEBUG 12456 --- [    Test worker] o.s.b.f.s.DefaultListableBeanFactory     : Autowiring by type from bean name 'requestMappingHandlerMapping' via factory method to bean named 'mvcContentNegotiationManager'
?[0m?[0;34m2023-04-07 15:35:36.970 DEBUG 12456 --- [    Test worker] o.s.b.f.s.DefaultListableBeanFactory     : Autowiring by type from bean name 'requestMappingHandlerMapping' via factory method to bean named 'mvcConversionService'
?[0m?[0;34m2023-04-07 15:35:36.970 DEBUG 12456 --- [    Test worker] o.s.b.f.s.DefaultListableBeanFactory     : Autowiring by type from bean name 'requestMappingHandlerMapping' via factory method to bean named 'mvcResourceUrlProvider'
?[0m?[0;34m2023-04-07 15:35:36.971 DEBUG 12456 --- [    Test worker] o.s.b.f.s.DefaultListableBeanFactory     : Autowiring by type from bean name 'requestMappingHandlerMapping' via factory method to bean named 'mvcContentNegotiationManager'
?[0m?[0;34m2023-04-07 15:35:36.971 DEBUG 12456 --- [    Test worker] o.s.b.f.s.DefaultListableBeanFactory     : Autowiring by type from bean name 'requestMappingHandlerMapping' via factory method to bean named 'mvcConversionService'
?[0m?[0;34m2023-04-07 15:35:36.971 DEBUG 12456 --- [    Test worker] o.s.b.f.s.DefaultListableBeanFactory     : Autowiring by type from bean name 'requestMappingHandlerMapping' via factory method to bean named 'mvcResourceUrlProvider'
?[0m?[0;34m2023-04-07 15:35:36.974 DEBUG 12456 --- [    Test worker] s.w.s.m.m.a.RequestMappingHandlerMapping : 8 mappings in 'requestMappingHandlerMapping'
?[0m?[0;34m2023-04-07 15:35:36.975 DEBUG 12456 --- [    Test worker] o.s.b.f.s.DefaultListableBeanFactory     : Creating shared instance of singleton bean 'welcomePageHandlerMapping'
?[0m?[0;34m2023-04-07 15:35:36.975 DEBUG 12456 --- [    Test worker] o.s.b.f.s.DefaultListableBeanFactory     : Autowiring by type from bean name 'welcomePageHandlerMapping' via factory method to bean named 'org.springframework.boot.web.servlet.context.AnnotationConfigServletWebServerApplicationContext@6ed78a5e'
?[0m?[0;34m2023-04-07 15:35:36.975 DEBUG 12456 --- [    Test worker] o.s.b.f.s.DefaultListableBeanFactory     : Autowiring by type from bean name 'welcomePageHandlerMapping' via factory method to bean named 'mvcConversionService'
?[0m?[0;34m2023-04-07 15:35:36.975 DEBUG 12456 --- [    Test worker] o.s.b.f.s.DefaultListableBeanFactory     : Autowiring by type from bean name 'welcomePageHandlerMapping' via factory method to bean named 'mvcResourceUrlProvider'
?[0m?[0;34m2023-04-07 15:35:36.979 DEBUG 12456 --- [    Test worker] o.s.b.f.s.DefaultListableBeanFactory     : Creating shared instance of singleton bean 'localeResolver'
?[0m?[0;34m2023-04-07 15:35:36.979 DEBUG 12456 --- [    Test worker] o.s.b.f.s.DefaultListableBeanFactory     : Creating shared instance of singleton bean 'themeResolver'
?[0m?[0;34m2023-04-07 15:35:36.979 DEBUG 12456 --- [    Test worker] o.s.b.f.s.DefaultListableBeanFactory     : Creating shared instance of singleton bean 'flashMapManager'
?[0m?[0;34m2023-04-07 15:35:36.980 DEBUG 12456 --- [    Test worker] o.s.b.f.s.DefaultListableBeanFactory     : Creating shared instance of singleton bean 'mvcPatternParser'
?[0m?[0;34m2023-04-07 15:35:36.980 DEBUG 12456 --- [    Test worker] o.s.b.f.s.DefaultListableBeanFactory     : Creating shared instance of singleton bean 'mvcUrlPathHelper'
?[0m?[0;34m2023-04-07 15:35:36.980 DEBUG 12456 --- [    Test worker] o.s.b.f.s.DefaultListableBeanFactory     : Creating shared instance of singleton bean 'mvcPathMatcher'
?[0m?[0;34m2023-04-07 15:35:36.981 DEBUG 12456 --- [    Test worker] o.s.b.f.s.DefaultListableBeanFactory     : Creating shared instance of singleton bean 'viewControllerHandlerMapping'
?[0m?[0;34m2023-04-07 15:35:36.981 DEBUG 12456 --- [    Test worker] o.s.b.f.s.DefaultListableBeanFactory     : Autowiring by type from bean name 'viewControllerHandlerMapping' via factory method to bean named 'mvcConversionService'
?[0m?[0;34m2023-04-07 15:35:36.981 DEBUG 12456 --- [    Test worker] o.s.b.f.s.DefaultListableBeanFactory     : Autowiring by type from bean name 'viewControllerHandlerMapping' via factory method to bean named 'mvcResourceUrlProvider'
?[0m?[0;34m2023-04-07 15:35:36.981 DEBUG 12456 --- [    Test worker] o.s.b.f.s.DefaultListableBeanFactory     : Creating shared instance of singleton bean 'beanNameHandlerMapping'
?[0m?[0;34m2023-04-07 15:35:36.982 DEBUG 12456 --- [    Test worker] o.s.b.f.s.DefaultListableBeanFactory     : Autowiring by type from bean name 'beanNameHandlerMapping' via factory method to bean named 'mvcConversionService'
?[0m?[0;34m2023-04-07 15:35:36.982 DEBUG 12456 --- [    Test worker] o.s.b.f.s.DefaultListableBeanFactory     : Autowiring by type from bean name 'beanNameHandlerMapping' via factory method to bean named 'mvcResourceUrlProvider'
?[0m?[0;34m2023-04-07 15:35:36.983 DEBUG 12456 --- [    Test worker] o.s.b.f.s.DefaultListableBeanFactory     : Creating shared instance of singleton bean 'routerFunctionMapping'
?[0m?[0;34m2023-04-07 15:35:36.983 DEBUG 12456 --- [    Test worker] o.s.b.f.s.DefaultListableBeanFactory     : Autowiring by type from bean name 'routerFunctionMapping' via factory method to bean named 'mvcConversionService'
?[0m?[0;34m2023-04-07 15:35:36.983 DEBUG 12456 --- [    Test worker] o.s.b.f.s.DefaultListableBeanFactory     : Autowiring by type from bean name 'routerFunctionMapping' via factory method to bean named 'mvcResourceUrlProvider'
?[0m?[0;34m2023-04-07 15:35:36.985 DEBUG 12456 --- [    Test worker] o.s.b.f.s.DefaultListableBeanFactory     : Creating shared instance of singleton bean 'resourceHandlerMapping'
?[0m?[0;34m2023-04-07 15:35:36.986 DEBUG 12456 --- [    Test worker] o.s.b.f.s.DefaultListableBeanFactory     : Autowiring by type from bean name 'resourceHandlerMapping' via factory method to bean named 'mvcContentNegotiationManager'
?[0m?[0;34m2023-04-07 15:35:36.986 DEBUG 12456 --- [    Test worker] o.s.b.f.s.DefaultListableBeanFactory     : Autowiring by type from bean name 'resourceHandlerMapping' via factory method to bean named 'mvcConversionService'
?[0m?[0;34m2023-04-07 15:35:36.986 DEBUG 12456 --- [    Test worker] o.s.b.f.s.DefaultListableBeanFactory     : Autowiring by type from bean name 'resourceHandlerMapping' via factory method to bean named 'mvcResourceUrlProvider'
?[0m?[0;34m2023-04-07 15:35:36.988 DEBUG 12456 --- [    Test worker] o.s.w.s.handler.SimpleUrlHandlerMapping  : Patterns [/webjars/**, /**] in 'resourceHandlerMapping'
?[0m?[0;34m2023-04-07 15:35:36.988 DEBUG 12456 --- [    Test worker] o.s.b.f.s.DefaultListableBeanFactory     : Creating shared instance of singleton bean 'defaultServletHandlerMapping'
?[0m?[0;34m2023-04-07 15:35:36.988 DEBUG 12456 --- [    Test worker] o.s.b.f.s.DefaultListableBeanFactory     : Creating shared instance of singleton bean 'handlerFunctionAdapter'
?[0m?[0;34m2023-04-07 15:35:36.989 DEBUG 12456 --- [    Test worker] o.s.b.f.s.DefaultListableBeanFactory     : Creating shared instance of singleton bean 'mvcUriComponentsContributor'
?[0m?[0;34m2023-04-07 15:35:36.990 DEBUG 12456 --- [    Test worker] o.s.b.f.s.DefaultListableBeanFactory     : Autowiring by type from bean name 'mvcUriComponentsContributor' via factory method to bean named 'mvcConversionService'
?[0m?[0;34m2023-04-07 15:35:36.990 DEBUG 12456 --- [    Test worker] o.s.b.f.s.DefaultListableBeanFactory     : Autowiring by type from bean name 'mvcUriComponentsContributor' via factory method to bean named 'requestMappingHandlerAdapter'
?[0m?[0;34m2023-04-07 15:35:36.990 DEBUG 12456 --- [    Test worker] o.s.b.f.s.DefaultListableBeanFactory     : Creating shared instance of singleton bean 'httpRequestHandlerAdapter'
?[0m?[0;34m2023-04-07 15:35:36.990 DEBUG 12456 --- [    Test worker] o.s.b.f.s.DefaultListableBeanFactory     : Creating shared instance of singleton bean 'simpleControllerHandlerAdapter'
?[0m?[0;34m2023-04-07 15:35:36.991 DEBUG 12456 --- [    Test worker] o.s.b.f.s.DefaultListableBeanFactory     : Creating shared instance of singleton bean 'handlerExceptionResolver'
?[0m?[0;34m2023-04-07 15:35:36.991 DEBUG 12456 --- [    Test worker] o.s.b.f.s.DefaultListableBeanFactory     : Autowiring by type from bean name 'handlerExceptionResolver' via factory method to bean named 'mvcContentNegotiationManager'
?[0m?[0;34m2023-04-07 15:35:36.995 DEBUG 12456 --- [    Test worker] .m.m.a.ExceptionHandlerExceptionResolver : ControllerAdvice beans: 1 @ExceptionHandler, 1 ResponseBodyAdvice
?[0m?[0;34m2023-04-07 15:35:36.995 DEBUG 12456 --- [    Test worker] o.s.b.f.s.DefaultListableBeanFactory     : Creating shared instance of singleton bean 'mvcViewResolver'
?[0m?[0;34m2023-04-07 15:35:36.996 DEBUG 12456 --- [    Test worker] o.s.b.f.s.DefaultListableBeanFactory     : Autowiring by type from bean name 'mvcViewResolver' via factory method to bean named 'mvcContentNegotiationManager'
?[0m?[0;34m2023-04-07 15:35:36.996 DEBUG 12456 --- [    Test worker] o.s.b.f.s.DefaultListableBeanFactory     : Creating shared instance of singleton bean 'viewNameTranslator'
?[0m?[0;34m2023-04-07 15:35:36.997 DEBUG 12456 --- [    Test worker] o.s.b.f.s.DefaultListableBeanFactory     : Creating shared instance of singleton bean 'defaultViewResolver'
?[0m?[0;34m2023-04-07 15:35:36.997 DEBUG 12456 --- [    Test worker] o.s.b.f.s.DefaultListableBeanFactory     : Creating shared instance of singleton bean 'viewResolver'
?[0m?[0;34m2023-04-07 15:35:36.998 DEBUG 12456 --- [    Test worker] o.s.b.f.s.DefaultListableBeanFactory     : Autowiring by type from bean name 'viewResolver' via factory method to bean named 'org.springframework.beans.factory.support.DefaultListableBeanFactory@57bc7f67'
?[0m?[0;34m2023-04-07 15:35:36.999 DEBUG 12456 --- [    Test worker] o.s.b.f.s.DefaultListableBeanFactory     : Creating shared instance of singleton bean 'org.springframework.boot.actuate.autoconfigure.audit.AuditEventsEndpointAutoConfiguration'
?[0m?[0;34m2023-04-07 15:35:36.999 DEBUG 12456 --- [    Test worker] o.s.b.f.s.DefaultListableBeanFactory     : Creating shared instance of singleton bean 'org.springframework.boot.autoconfigure.availability.ApplicationAvailabilityAutoConfiguration'
?[0m?[0;34m2023-04-07 15:35:36.999 DEBUG 12456 --- [    Test worker] o.s.b.f.s.DefaultListableBeanFactory     : Creating shared instance of singleton bean 'applicationAvailability'
?[0m?[0;34m2023-04-07 15:35:36.999 DEBUG 12456 --- [    Test worker] o.s.b.f.s.DefaultListableBeanFactory     : Creating shared instance of singleton bean 'org.springframework.boot.actuate.autoconfigure.availability.AvailabilityHealthContributorAutoConfiguration'
?[0m?[0;34m2023-04-07 15:35:37.000 DEBUG 12456 --- [    Test worker] o.s.b.f.s.DefaultListableBeanFactory     : Creating shared instance of singleton bean 'org.springframework.boot.actuate.autoconfigure.beans.BeansEndpointAutoConfiguration'
?[0m?[0;34m2023-04-07 15:35:37.000 DEBUG 12456 --- [    Test worker] o.s.b.f.s.DefaultListableBeanFactory     : Creating shared instance of singleton bean 'beansEndpoint'
?[0m?[0;34m2023-04-07 15:35:37.000 DEBUG 12456 --- [    Test worker] o.s.b.f.s.DefaultListableBeanFactory     : Autowiring by type from bean name 'beansEndpoint' via factory method to bean named 'org.springframework.boot.web.servlet.context.AnnotationConfigServletWebServerApplicationContext@6ed78a5e'
?[0m?[0;34m2023-04-07 15:35:37.001 DEBUG 12456 --- [    Test worker] o.s.b.f.s.DefaultListableBeanFactory     : Creating shared instance of singleton bean 'org.springframework.boot.autoconfigure.transaction.jta.JtaAutoConfiguration'
?[0m?[0;34m2023-04-07 15:35:37.001 DEBUG 12456 --- [    Test worker] o.s.b.f.s.DefaultListableBeanFactory     : Creating shared instance of singleton bean 'org.springframework.boot.autoconfigure.jdbc.DataSourceJmxConfiguration$Hikari'
?[0m?[0;34m2023-04-07 15:35:37.001 DEBUG 12456 --- [    Test worker] o.s.b.f.s.DefaultListableBeanFactory     : Autowiring by type from bean name 'org.springframework.boot.autoconfigure.jdbc.DataSourceJmxConfiguration$Hikari' via constructor to bean named 'dataSource'
?[0m?[0;34m2023-04-07 15:35:37.002 DEBUG 12456 --- [    Test worker] o.s.b.f.s.DefaultListableBeanFactory     : Creating shared instance of singleton bean 'org.springframework.boot.autoconfigure.jdbc.DataSourceJmxConfiguration'
?[0m?[0;34m2023-04-07 15:35:37.002 DEBUG 12456 --- [    Test worker] o.s.b.f.s.DefaultListableBeanFactory     : Creating shared instance of singleton bean 'org.springframework.boot.autoconfigure.jdbc.DataSourceAutoConfiguration$PooledDataSourceConfiguration'
?[0m?[0;34m2023-04-07 15:35:37.002 DEBUG 12456 --- [    Test worker] o.s.b.f.s.DefaultListableBeanFactory     : Creating shared instance of singleton bean 'org.springframework.boot.autoconfigure.jdbc.metadata.DataSourcePoolMetadataProvidersConfiguration'
?[0m?[0;34m2023-04-07 15:35:37.002 DEBUG 12456 --- [    Test worker] o.s.b.f.s.DefaultListableBeanFactory     : Creating shared instance of singleton bean 'org.springframework.boot.autoconfigure.jdbc.DataSourceAutoConfiguration'
?[0m?[0;34m2023-04-07 15:35:37.003 DEBUG 12456 --- [    Test worker] o.s.b.f.s.DefaultListableBeanFactory     : Creating shared instance of singleton bean 'transactionManager'
?[0m?[0;34m2023-04-07 15:35:37.003 DEBUG 12456 --- [    Test worker] o.s.b.f.s.DefaultListableBeanFactory     : Creating shared instance of singleton bean 'platformTransactionManagerCustomizers'
?[0m?[0;34m2023-04-07 15:35:37.003 DEBUG 12456 --- [    Test worker] o.s.b.f.s.DefaultListableBeanFactory     : Creating shared instance of singleton bean 'org.springframework.boot.autoconfigure.transaction.TransactionAutoConfiguration'
?[0m?[0;34m2023-04-07 15:35:37.004 DEBUG 12456 --- [    Test worker] o.s.b.f.s.DefaultListableBeanFactory     : Creating shared instance of singleton bean 'spring.transaction-org.springframework.boot.autoconfigure.transaction.TransactionProperties'
?[0m?[0;34m2023-04-07 15:35:37.006 DEBUG 12456 --- [    Test worker] o.s.b.f.s.DefaultListableBeanFactory     : Creating shared instance of singleton bean 'org.springframework.boot.autoconfigure.orm.jpa.HibernateJpaAutoConfiguration'
?[0m?[0;34m2023-04-07 15:35:37.006 DEBUG 12456 --- [    Test worker] o.s.b.f.s.DefaultListableBeanFactory     : Creating shared instance of singleton bean 'org.springframework.boot.actuate.autoconfigure.cache.CachesEndpointAutoConfiguration'
?[0m?[0;34m2023-04-07 15:35:37.006 DEBUG 12456 --- [    Test worker] o.s.b.f.s.DefaultListableBeanFactory     : Creating shared instance of singleton bean 'cachesEndpoint'
?[0m?[0;34m2023-04-07 15:35:37.008 DEBUG 12456 --- [    Test worker] o.s.b.f.s.DefaultListableBeanFactory     : Creating shared instance of singleton bean 'cachesEndpointWebExtension'
?[0m?[0;34m2023-04-07 15:35:37.008 DEBUG 12456 --- [    Test worker] o.s.b.f.s.DefaultListableBeanFactory     : Autowiring by type from bean name 'cachesEndpointWebExtension' via factory method to bean named 'cachesEndpoint'
?[0m?[0;34m2023-04-07 15:35:37.009 DEBUG 12456 --- [    Test worker] o.s.b.f.s.DefaultListableBeanFactory     : Creating shared instance of singleton bean 'org.springframework.boot.actuate.autoconfigure.web.servlet.ServletManagementContextAutoConfiguration'
?[0m?[0;34m2023-04-07 15:35:37.009 DEBUG 12456 --- [    Test worker] o.s.b.f.s.DefaultListableBeanFactory     : Creating shared instance of singleton bean 'servletWebChildContextFactory'
?[0m?[0;34m2023-04-07 15:35:37.009 DEBUG 12456 --- [    Test worker] o.s.b.f.s.DefaultListableBeanFactory     : Creating shared instance of singleton bean 'managementServletContext'
?[0m?[0;34m2023-04-07 15:35:37.010 DEBUG 12456 --- [    Test worker] o.s.b.f.s.DefaultListableBeanFactory     : Autowiring by type from bean name 'managementServletContext' via factory method to bean named 'management.endpoints.web-org.springframework.boot.actuate.autoconfigure.endpoint.web.WebEndpointProperties'
?[0m?[0;34m2023-04-07 15:35:37.011 DEBUG 12456 --- [    Test worker] o.s.b.f.s.DefaultListableBeanFactory     : Creating shared instance of singleton bean 'org.springframework.boot.actuate.autoconfigure.health.HealthEndpointConfiguration'
?[0m?[0;34m2023-04-07 15:35:37.012 DEBUG 12456 --- [    Test worker] o.s.b.f.s.DefaultListableBeanFactory     : Creating shared instance of singleton bean 'healthStatusAggregator'
?[0m?[0;34m2023-04-07 15:35:37.012 DEBUG 12456 --- [    Test worker] o.s.b.f.s.DefaultListableBeanFactory     : Creating shared instance of singleton bean 'management.endpoint.health-org.springframework.boot.actuate.autoconfigure.health.HealthEndpointProperties'
?[0m?[0;34m2023-04-07 15:35:37.013 DEBUG 12456 --- [    Test worker] o.s.b.f.s.DefaultListableBeanFactory     : Autowiring by type from bean name 'healthStatusAggregator' via factory method to bean named 'management.endpoint.health-org.springframework.boot.actuate.autoconfigure.health.HealthEndpointProperties'
?[0m?[0;34m2023-04-07 15:35:37.014 DEBUG 12456 --- [    Test worker] o.s.b.f.s.DefaultListableBeanFactory     : Creating shared instance of singleton bean 'healthHttpCodeStatusMapper'
?[0m?[0;34m2023-04-07 15:35:37.014 DEBUG 12456 --- [    Test worker] o.s.b.f.s.DefaultListableBeanFactory     : Autowiring by type from bean name 'healthHttpCodeStatusMapper' via factory method to bean named 'management.endpoint.health-org.springframework.boot.actuate.autoconfigure.health.HealthEndpointProperties'
?[0m?[0;34m2023-04-07 15:35:37.014 DEBUG 12456 --- [    Test worker] o.s.b.f.s.DefaultListableBeanFactory     : Creating shared instance of singleton bean 'healthEndpointGroups'
?[0m?[0;34m2023-04-07 15:35:37.014 DEBUG 12456 --- [    Test worker] o.s.b.f.s.DefaultListableBeanFactory     : Autowiring by type from bean name 'healthEndpointGroups' via factory method to bean named 'org.springframework.boot.web.servlet.context.AnnotationConfigServletWebServerApplicationContext@6ed78a5e'
?[0m?[0;34m2023-04-07 15:35:37.014 DEBUG 12456 --- [    Test worker] o.s.b.f.s.DefaultListableBeanFactory     : Autowiring by type from bean name 'healthEndpointGroups' via factory method to bean named 'management.endpoint.health-org.springframework.boot.actuate.autoconfigure.health.HealthEndpointProperties'
?[0m?[0;34m2023-04-07 15:35:37.016 DEBUG 12456 --- [    Test worker] o.s.b.f.s.DefaultListableBeanFactory     : Creating shared instance of singleton bean 'healthContributorRegistry'
?[0m?[0;34m2023-04-07 15:35:37.016 DEBUG 12456 --- [    Test worker] o.s.b.f.s.DefaultListableBeanFactory     : Autowiring by type from bean name 'healthContributorRegistry' via factory method to bean named 'org.springframework.boot.web.servlet.context.AnnotationConfigServletWebServerApplicationContext@6ed78a5e'
?[0m?[0;34m2023-04-07 15:35:37.016 DEBUG 12456 --- [    Test worker] o.s.b.f.s.DefaultListableBeanFactory     : Autowiring by type from bean name 'healthContributorRegistry' via factory method to bean named 'healthEndpointGroups'
?[0m?[0;34m2023-04-07 15:35:37.017 DEBUG 12456 --- [    Test worker] o.s.b.f.s.DefaultListableBeanFactory     : Creating shared instance of singleton bean 'diskSpaceHealthIndicator'
?[0m?[0;34m2023-04-07 15:35:37.017 DEBUG 12456 --- [    Test worker] o.s.b.f.s.DefaultListableBeanFactory     : Creating shared instance of singleton bean 'org.springframework.boot.actuate.autoconfigure.system.DiskSpaceHealthContributorAutoConfiguration'
?[0m?[0;34m2023-04-07 15:35:37.017 DEBUG 12456 --- [    Test worker] o.s.b.f.s.DefaultListableBeanFactory     : Creating shared instance of singleton bean 'management.health.diskspace-org.springframework.boot.actuate.autoconfigure.system.DiskSpaceHealthIndicatorProperties'
?[0m?[0;34m2023-04-07 15:35:37.018 DEBUG 12456 --- [    Test worker] o.s.b.f.s.DefaultListableBeanFactory     : Autowiring by type from bean name 'diskSpaceHealthIndicator' via factory method to bean named 'management.health.diskspace-org.springframework.boot.actuate.autoconfigure.system.DiskSpaceHealthIndicatorProperties'
?[0m?[0;34m2023-04-07 15:35:37.018 DEBUG 12456 --- [    Test worker] o.s.b.f.s.DefaultListableBeanFactory     : Creating shared instance of singleton bean 'pingHealthContributor'
?[0m?[0;34m2023-04-07 15:35:37.018 DEBUG 12456 --- [    Test worker] o.s.b.f.s.DefaultListableBeanFactory     : Creating shared instance of singleton bean 'org.springframework.boot.actuate.autoconfigure.health.HealthContributorAutoConfiguration'
?[0m?[0;34m2023-04-07 15:35:37.019 DEBUG 12456 --- [    Test worker] o.s.b.f.s.DefaultListableBeanFactory     : Creating shared instance of singleton bean 'dbHealthContributor'
?[0m?[0;34m2023-04-07 15:35:37.019 DEBUG 12456 --- [    Test worker] o.s.b.f.s.DefaultListableBeanFactory     : Creating shared instance of singleton bean 'org.springframework.boot.actuate.autoconfigure.jdbc.DataSourceHealthContributorAutoConfiguration'
?[0m?[0;34m2023-04-07 15:35:37.021 DEBUG 12456 --- [    Test worker] o.s.b.f.s.DefaultListableBeanFactory     : Creating shared instance of singleton bean 'management.health.db-org.springframework.boot.actuate.autoconfigure.jdbc.DataSourceHealthIndicatorProperties'
?[0m?[0;34m2023-04-07 15:35:37.021 DEBUG 12456 --- [    Test worker] o.s.b.f.s.DefaultListableBeanFactory     : Autowiring by type from bean name 'dbHealthContributor' via factory method to bean named 'dataSource'
?[0m?[0;34m2023-04-07 15:35:37.021 DEBUG 12456 --- [    Test worker] o.s.b.f.s.DefaultListableBeanFactory     : Autowiring by type from bean name 'dbHealthContributor' via factory method to bean named 'management.health.db-org.springframework.boot.actuate.autoconfigure.jdbc.DataSourceHealthIndicatorProperties'
?[0m?[0;34m2023-04-07 15:35:37.022 DEBUG 12456 --- [    Test worker] o.s.b.f.s.DefaultListableBeanFactory     : Creating shared instance of singleton bean 'healthEndpoint'
?[0m?[0;34m2023-04-07 15:35:37.023 DEBUG 12456 --- [    Test worker] o.s.b.f.s.DefaultListableBeanFactory     : Autowiring by type from bean name 'healthEndpoint' via factory method to bean named 'healthContributorRegistry'
?[0m?[0;34m2023-04-07 15:35:37.023 DEBUG 12456 --- [    Test worker] o.s.b.f.s.DefaultListableBeanFactory     : Autowiring by type from bean name 'healthEndpoint' via factory method to bean named 'healthEndpointGroups'
?[0m?[0;34m2023-04-07 15:35:37.023 DEBUG 12456 --- [    Test worker] o.s.b.f.s.DefaultListableBeanFactory     : Creating shared instance of singleton bean 'org.springframework.boot.actuate.autoconfigure.health.HealthEndpointWebExtensionConfiguration'
?[0m?[0;34m2023-04-07 15:35:37.023 DEBUG 12456 --- [    Test worker] o.s.b.f.s.DefaultListableBeanFactory     : Creating shared instance of singleton bean 'healthEndpointWebExtension'
?[0m?[0;34m2023-04-07 15:35:37.023 DEBUG 12456 --- [    Test worker] o.s.b.f.s.DefaultListableBeanFactory     : Autowiring by type from bean name 'healthEndpointWebExtension' via factory method to bean named 'healthContributorRegistry'
?[0m?[0;34m2023-04-07 15:35:37.024 DEBUG 12456 --- [    Test worker] o.s.b.f.s.DefaultListableBeanFactory     : Autowiring by type from bean name 'healthEndpointWebExtension' via factory method to bean named 'healthEndpointGroups'
?[0m?[0;34m2023-04-07 15:35:37.024 DEBUG 12456 --- [    Test worker] o.s.b.f.s.DefaultListableBeanFactory     : Creating shared instance of singleton bean 'org.springframework.boot.actuate.autoconfigure.health.HealthEndpointAutoConfiguration'
?[0m?[0;34m2023-04-07 15:35:37.024 DEBUG 12456 --- [    Test worker] o.s.b.f.s.DefaultListableBeanFactory     : Creating shared instance of singleton bean 'org.springframework.boot.autoconfigure.info.ProjectInfoAutoConfiguration'
?[0m?[0;34m2023-04-07 15:35:37.025 DEBUG 12456 --- [    Test worker] o.s.b.f.s.DefaultListableBeanFactory     : Creating shared instance of singleton bean 'spring.info-org.springframework.boot.autoconfigure.info.ProjectInfoProperties'
?[0m?[0;34m2023-04-07 15:35:37.025 DEBUG 12456 --- [    Test worker] o.s.b.f.s.DefaultListableBeanFactory     : Autowiring by type from bean name 'org.springframework.boot.autoconfigure.info.ProjectInfoAutoConfiguration' via constructor to bean named 'spring.info-org.springframework.boot.autoconfigure.info.ProjectInfoProperties'
?[0m?[0;34m2023-04-07 15:35:37.026 DEBUG 12456 --- [    Test worker] o.s.b.f.s.DefaultListableBeanFactory     : Creating shared instance of singleton bean 'org.springframework.boot.actuate.autoconfigure.info.InfoContributorAutoConfiguration'
?[0m?[0;34m2023-04-07 15:35:37.026 DEBUG 12456 --- [    Test worker] o.s.b.f.s.DefaultListableBeanFactory     : Creating shared instance of singleton bean 'envInfoContributor'
?[0m?[0;34m2023-04-07 15:35:37.027 DEBUG 12456 --- [    Test worker] o.s.b.f.s.DefaultListableBeanFactory     : Autowiring by type from bean name 'envInfoContributor' via factory method to bean named 'environment'
?[0m?[0;34m2023-04-07 15:35:37.027 DEBUG 12456 --- [    Test worker] o.s.b.f.s.DefaultListableBeanFactory     : Creating shared instance of singleton bean 'management.info-org.springframework.boot.actuate.autoconfigure.info.InfoContributorProperties'
?[0m?[0;34m2023-04-07 15:35:37.028 DEBUG 12456 --- [    Test worker] o.s.b.f.s.DefaultListableBeanFactory     : Creating shared instance of singleton bean 'org.springframework.boot.actuate.autoconfigure.info.InfoEndpointAutoConfiguration'
?[0m?[0;34m2023-04-07 15:35:37.028 DEBUG 12456 --- [    Test worker] o.s.b.f.s.DefaultListableBeanFactory     : Creating shared instance of singleton bean 'infoEndpoint'
?[0m?[0;34m2023-04-07 15:35:37.029 DEBUG 12456 --- [    Test worker] o.s.b.f.s.DefaultListableBeanFactory     : Creating shared instance of singleton bean 'org.springframework.boot.actuate.autoconfigure.condition.ConditionsReportEndpointAutoConfiguration'
?[0m?[0;34m2023-04-07 15:35:37.030 DEBUG 12456 --- [    Test worker] o.s.b.f.s.DefaultListableBeanFactory     : Creating shared instance of singleton bean 'conditionsReportEndpoint'
?[0m?[0;34m2023-04-07 15:35:37.030 DEBUG 12456 --- [    Test worker] o.s.b.f.s.DefaultListableBeanFactory     : Autowiring by type from bean name 'conditionsReportEndpoint' via factory method to bean named 'org.springframework.boot.web.servlet.context.AnnotationConfigServletWebServerApplicationContext@6ed78a5e'
?[0m?[0;34m2023-04-07 15:35:37.030 DEBUG 12456 --- [    Test worker] o.s.b.f.s.DefaultListableBeanFactory     : Creating shared instance of singleton bean 'org.springframework.boot.actuate.autoconfigure.context.ShutdownEndpointAutoConfiguration'
?[0m?[0;34m2023-04-07 15:35:37.031 DEBUG 12456 --- [    Test worker] o.s.b.f.s.DefaultListableBeanFactory     : Creating shared instance of singleton bean 'shutdownEndpoint'
?[0m?[0;34m2023-04-07 15:35:37.031 DEBUG 12456 --- [    Test worker] o.s.b.f.s.DefaultListableBeanFactory     : Creating shared instance of singleton bean 'org.springframework.boot.actuate.autoconfigure.context.properties.ConfigurationPropertiesReportEndpointAutoConfiguration'
?[0m?[0;34m2023-04-07 15:35:37.031 DEBUG 12456 --- [    Test worker] o.s.b.f.s.DefaultListableBeanFactory     : Creating shared instance of singleton bean 'configurationPropertiesReportEndpoint'
?[0m?[0;34m2023-04-07 15:35:37.032 DEBUG 12456 --- [    Test worker] o.s.b.f.s.DefaultListableBeanFactory     : Creating shared instance of singleton bean 'management.endpoint.configprops-org.springframework.boot.actuate.autoconfigure.context.properties.ConfigurationPropertiesReportEndpointProperties'
?[0m?[0;34m2023-04-07 15:35:37.032 DEBUG 12456 --- [    Test worker] o.s.b.f.s.DefaultListableBeanFactory     : Autowiring by type from bean name 'configurationPropertiesReportEndpoint' via factory method to bean named 'management.endpoint.configprops-org.springframework.boot.actuate.autoconfigure.context.properties.ConfigurationPropertiesReportEndpointProperties'
?[0m?[0;34m2023-04-07 15:35:37.033 DEBUG 12456 --- [    Test worker] o.s.b.f.s.DefaultListableBeanFactory     : Creating shared instance of singleton bean 'configurationPropertiesReportEndpointWebExtension'
?[0m?[0;34m2023-04-07 15:35:37.033 DEBUG 12456 --- [    Test worker] o.s.b.f.s.DefaultListableBeanFactory     : Autowiring by type from bean name 'configurationPropertiesReportEndpointWebExtension' via factory method to bean named 'configurationPropertiesReportEndpoint'
?[0m?[0;34m2023-04-07 15:35:37.034 DEBUG 12456 --- [    Test worker] o.s.b.f.s.DefaultListableBeanFactory     : Creating shared instance of singleton bean 'org.springframework.boot.actuate.autoconfigure.endpoint.EndpointAutoConfiguration'
?[0m?[0;34m2023-04-07 15:35:37.034 DEBUG 12456 --- [    Test worker] o.s.b.f.s.DefaultListableBeanFactory     : Creating shared instance of singleton bean 'endpointOperationParameterMapper'
?[0m?[0;34m2023-04-07 15:35:37.034 DEBUG 12456 --- [    Test worker] o.s.b.f.s.DefaultListableBeanFactory     : Creating shared instance of singleton bean 'endpointCachingOperationInvokerAdvisor'
?[0m?[0;34m2023-04-07 15:35:37.034 DEBUG 12456 --- [    Test worker] o.s.b.f.s.DefaultListableBeanFactory     : Autowiring by type from bean name 'endpointCachingOperationInvokerAdvisor' via factory method to bean named 'environment'
?[0m?[0;34m2023-04-07 15:35:37.035 DEBUG 12456 --- [    Test worker] o.s.b.f.s.DefaultListableBeanFactory     : Creating shared instance of singleton bean 'endpointMediaTypes'
?[0m?[0;34m2023-04-07 15:35:37.035 DEBUG 12456 --- [    Test worker] o.s.b.f.s.DefaultListableBeanFactory     : Creating shared instance of singleton bean 'webEndpointDiscoverer'
?[0m?[0;34m2023-04-07 15:35:37.036 DEBUG 12456 --- [    Test worker] o.s.b.f.s.DefaultListableBeanFactory     : Autowiring by type from bean name 'webEndpointDiscoverer' via factory method to bean named 'endpointOperationParameterMapper'
?[0m?[0;34m2023-04-07 15:35:37.036 DEBUG 12456 --- [    Test worker] o.s.b.f.s.DefaultListableBeanFactory     : Autowiring by type from bean name 'webEndpointDiscoverer' via factory method to bean named 'endpointMediaTypes'
?[0m?[0;34m2023-04-07 15:35:37.037 DEBUG 12456 --- [    Test worker] o.s.b.f.s.DefaultListableBeanFactory     : Creating shared instance of singleton bean 'webExposeExcludePropertyEndpointFilter'
?[0m?[0;34m2023-04-07 15:35:37.038 DEBUG 12456 --- [    Test worker] o.s.b.f.s.DefaultListableBeanFactory     : Creating shared instance of singleton bean 'controllerEndpointDiscoverer'
?[0m?[0;34m2023-04-07 15:35:37.039 DEBUG 12456 --- [    Test worker] o.s.b.f.s.DefaultListableBeanFactory     : Creating shared instance of singleton bean 'controllerExposeExcludePropertyEndpointFilter'
?[0m?[0;34m2023-04-07 15:35:37.040 DEBUG 12456 --- [    Test worker] o.s.b.f.s.DefaultListableBeanFactory     : Creating shared instance of singleton bean 'pathMappedEndpoints'
?[0m?[0;34m2023-04-07 15:35:37.040 DEBUG 12456 --- [    Test worker] o.s.b.f.s.DefaultListableBeanFactory     : Autowiring by type from bean name 'pathMappedEndpoints' via factory method to bean named 'servletEndpointDiscoverer'
?[0m?[0;34m2023-04-07 15:35:37.041 DEBUG 12456 --- [    Test worker] o.s.b.f.s.DefaultListableBeanFactory     : Autowiring by type from bean name 'pathMappedEndpoints' via factory method to bean named 'webEndpointDiscoverer'
?[0m?[0;34m2023-04-07 15:35:37.041 DEBUG 12456 --- [    Test worker] o.s.b.f.s.DefaultListableBeanFactory     : Autowiring by type from bean name 'pathMappedEndpoints' via factory method to bean named 'controllerEndpointDiscoverer'
?[0m?[0;34m2023-04-07 15:35:37.045 DEBUG 12456 --- [    Test worker] o.s.b.f.s.DefaultListableBeanFactory     : Creating shared instance of singleton bean 'environmentEndpoint'
?[0m?[0;34m2023-04-07 15:35:37.045 DEBUG 12456 --- [    Test worker] o.s.b.f.s.DefaultListableBeanFactory     : Creating shared instance of singleton bean 'org.springframework.boot.actuate.autoconfigure.env.EnvironmentEndpointAutoConfiguration'
?[0m?[0;34m2023-04-07 15:35:37.046 DEBUG 12456 --- [    Test worker] o.s.b.f.s.DefaultListableBeanFactory     : Creating shared instance of singleton bean 'management.endpoint.env-org.springframework.boot.actuate.autoconfigure.env.EnvironmentEndpointProperties'
?[0m?[0;34m2023-04-07 15:35:37.047 DEBUG 12456 --- [    Test worker] o.s.b.f.s.DefaultListableBeanFactory     : Autowiring by type from bean name 'environmentEndpoint' via factory method to bean named 'environment'
?[0m?[0;34m2023-04-07 15:35:37.047 DEBUG 12456 --- [    Test worker] o.s.b.f.s.DefaultListableBeanFactory     : Autowiring by type from bean name 'environmentEndpoint' via factory method to bean named 'management.endpoint.env-org.springframework.boot.actuate.autoconfigure.env.EnvironmentEndpointProperties'
?[0m?[0;34m2023-04-07 15:35:37.051 DEBUG 12456 --- [    Test worker] o.s.b.f.s.DefaultListableBeanFactory     : Creating shared instance of singleton bean 'environmentEndpointWebExtension'
?[0m?[0;34m2023-04-07 15:35:37.051 DEBUG 12456 --- [    Test worker] o.s.b.f.s.DefaultListableBeanFactory     : Autowiring by type from bean name 'environmentEndpointWebExtension' via factory method to bean named 'environmentEndpoint'
?[0m?[0;34m2023-04-07 15:35:37.052 DEBUG 12456 --- [    Test worker] o.s.b.f.s.DefaultListableBeanFactory     : Creating shared instance of singleton bean 'logFileWebEndpoint'
?[0m?[0;34m2023-04-07 15:35:37.052 DEBUG 12456 --- [    Test worker] o.s.b.f.s.DefaultListableBeanFactory     : Creating shared instance of singleton bean 'org.springframework.boot.actuate.autoconfigure.logging.LogFileWebEndpointAutoConfiguration'
?[0m?[0;34m2023-04-07 15:35:37.053 DEBUG 12456 --- [    Test worker] o.s.b.f.s.DefaultListableBeanFactory     : Creating shared instance of singleton bean 'management.endpoint.logfile-org.springframework.boot.actuate.autoconfigure.logging.LogFileWebEndpointProperties'
?[0m?[0;34m2023-04-07 15:35:37.053 DEBUG 12456 --- [    Test worker] o.s.b.f.s.DefaultListableBeanFactory     : Autowiring by type from bean name 'logFileWebEndpoint' via factory method to bean named 'management.endpoint.logfile-org.springframework.boot.actuate.autoconfigure.logging.LogFileWebEndpointProperties'
?[0m?[0;34m2023-04-07 15:35:37.054 DEBUG 12456 --- [    Test worker] o.s.b.f.s.DefaultListableBeanFactory     : Creating shared instance of singleton bean 'loggersEndpoint'
?[0m?[0;34m2023-04-07 15:35:37.055 DEBUG 12456 --- [    Test worker] o.s.b.f.s.DefaultListableBeanFactory     : Creating shared instance of singleton bean 'org.springframework.boot.actuate.autoconfigure.logging.LoggersEndpointAutoConfiguration'
?[0m?[0;34m2023-04-07 15:35:37.055 DEBUG 12456 --- [    Test worker] o.s.b.f.s.DefaultListableBeanFactory     : Autowiring by type from bean name 'loggersEndpoint' via factory method to bean named 'springBootLoggingSystem'
?[0m?[0;34m2023-04-07 15:35:37.056 DEBUG 12456 --- [    Test worker] o.s.b.f.s.DefaultListableBeanFactory     : Creating shared instance of singleton bean 'heapDumpWebEndpoint'
?[0m?[0;34m2023-04-07 15:35:37.057 DEBUG 12456 --- [    Test worker] o.s.b.f.s.DefaultListableBeanFactory     : Creating shared instance of singleton bean 'org.springframework.boot.actuate.autoconfigure.management.HeapDumpWebEndpointAutoConfiguration'
?[0m?[0;34m2023-04-07 15:35:37.057 DEBUG 12456 --- [    Test worker] o.s.b.f.s.DefaultListableBeanFactory     : Creating shared instance of singleton bean 'dumpEndpoint'
?[0m?[0;34m2023-04-07 15:35:37.057 DEBUG 12456 --- [    Test worker] o.s.b.f.s.DefaultListableBeanFactory     : Creating shared instance of singleton bean 'org.springframework.boot.actuate.autoconfigure.management.ThreadDumpEndpointAutoConfiguration'
?[0m?[0;34m2023-04-07 15:35:37.058 DEBUG 12456 --- [    Test worker] o.s.b.f.s.DefaultListableBeanFactory     : Creating shared instance of singleton bean 'metricsEndpoint'
?[0m?[0;34m2023-04-07 15:35:37.059 DEBUG 12456 --- [    Test worker] o.s.b.f.s.DefaultListableBeanFactory     : Creating shared instance of singleton bean 'org.springframework.boot.actuate.autoconfigure.metrics.MetricsEndpointAutoConfiguration'
?[0m?[0;34m2023-04-07 15:35:37.059 DEBUG 12456 --- [    Test worker] o.s.b.f.s.DefaultListableBeanFactory     : Autowiring by type from bean name 'metricsEndpoint' via factory method to bean named 'simpleMeterRegistry'
?[0m?[0;34m2023-04-07 15:35:37.060 DEBUG 12456 --- [    Test worker] o.s.b.f.s.DefaultListableBeanFactory     : Creating shared instance of singleton bean 'scheduledTasksEndpoint'
?[0m?[0;34m2023-04-07 15:35:37.061 DEBUG 12456 --- [    Test worker] o.s.b.f.s.DefaultListableBeanFactory     : Creating shared instance of singleton bean 'org.springframework.boot.actuate.autoconfigure.scheduling.ScheduledTasksEndpointAutoConfiguration'
?[0m?[0;34m2023-04-07 15:35:37.063 DEBUG 12456 --- [    Test worker] o.s.b.f.s.DefaultListableBeanFactory     : Creating shared instance of singleton bean 'mappingsEndpoint'
?[0m?[0;34m2023-04-07 15:35:37.063 DEBUG 12456 --- [    Test worker] o.s.b.f.s.DefaultListableBeanFactory     : Creating shared instance of singleton bean 'org.springframework.boot.actuate.autoconfigure.web.mappings.MappingsEndpointAutoConfiguration'
?[0m?[0;34m2023-04-07 15:35:37.063 DEBUG 12456 --- [    Test worker] o.s.b.f.s.DefaultListableBeanFactory     : Autowiring by type from bean name 'mappingsEndpoint' via factory method to bean named 'org.springframework.boot.web.servlet.context.AnnotationConfigServletWebServerApplicationContext@6ed78a5e'
?[0m?[0;34m2023-04-07 15:35:37.064 DEBUG 12456 --- [    Test worker] o.s.b.f.s.DefaultListableBeanFactory     : Creating shared instance of singleton bean 'dispatcherServletMappingDescriptionProvider'
?[0m?[0;34m2023-04-07 15:35:37.064 DEBUG 12456 --- [    Test worker] o.s.b.f.s.DefaultListableBeanFactory     : Creating shared instance of singleton bean 'org.springframework.boot.actuate.autoconfigure.web.mappings.MappingsEndpointAutoConfiguration$ServletWebConfiguration$SpringMvcConfiguration'
?[0m?[0;34m2023-04-07 15:35:37.064 DEBUG 12456 --- [    Test worker] o.s.b.f.s.DefaultListableBeanFactory     : Creating shared instance of singleton bean 'servletMappingDescriptionProvider'
?[0m?[0;34m2023-04-07 15:35:37.064 DEBUG 12456 --- [    Test worker] o.s.b.f.s.DefaultListableBeanFactory     : Creating shared instance of singleton bean 'org.springframework.boot.actuate.autoconfigure.web.mappings.MappingsEndpointAutoConfiguration$ServletWebConfiguration'
?[0m?[0;34m2023-04-07 15:35:37.065 DEBUG 12456 --- [    Test worker] o.s.b.f.s.DefaultListableBeanFactory     : Creating shared instance of singleton bean 'filterMappingDescriptionProvider'
?[0m?[0;34m2023-04-07 15:35:37.069 DEBUG 12456 --- [    Test worker] o.s.b.f.s.DefaultListableBeanFactory     : Creating shared instance of singleton bean 'org.springframework.boot.actuate.autoconfigure.metrics.CompositeMeterRegistryAutoConfiguration'
?[0m?[0;34m2023-04-07 15:35:37.069 DEBUG 12456 --- [    Test worker] o.s.b.f.s.DefaultListableBeanFactory     : Creating shared instance of singleton bean 'org.springframework.boot.actuate.autoconfigure.metrics.integration.IntegrationMetricsAutoConfiguration'
?[0m?[0;34m2023-04-07 15:35:37.069 DEBUG 12456 --- [    Test worker] o.s.b.f.s.DefaultListableBeanFactory     : Creating shared instance of singleton bean 'org.springframework.boot.actuate.autoconfigure.metrics.jdbc.DataSourcePoolMetricsAutoConfiguration$HikariDataSourceMetricsConfiguration'
?[0m?[0;34m2023-04-07 15:35:37.070 DEBUG 12456 --- [    Test worker] o.s.b.f.s.DefaultListableBeanFactory     : Autowiring by type from bean name 'org.springframework.boot.actuate.autoconfigure.metrics.jdbc.DataSourcePoolMetricsAutoConfiguration$HikariDataSourceMetricsConfiguration' via constructor to bean named 'simpleMeterRegistry'
?[0m?[0;34m2023-04-07 15:35:37.071 DEBUG 12456 --- [    Test worker] o.s.b.f.s.DefaultListableBeanFactory     : Creating shared instance of singleton bean 'org.springframework.boot.actuate.autoconfigure.metrics.jdbc.DataSourcePoolMetricsAutoConfiguration$DataSourcePoolMetadataMetricsConfiguration'
?[0m?[0;34m2023-04-07 15:35:37.072 DEBUG 12456 --- [    Test worker] o.s.b.f.s.DefaultListableBeanFactory     : Creating shared instance of singleton bean 'org.springframework.boot.actuate.autoconfigure.metrics.jdbc.DataSourcePoolMetricsAutoConfiguration'
?[0m?[0;34m2023-04-07 15:35:37.073 DEBUG 12456 --- [    Test worker] o.s.b.f.s.DefaultListableBeanFactory     : Creating shared instance of singleton bean 'org.springframework.boot.autoconfigure.gson.GsonAutoConfiguration'
?[0m?[0;34m2023-04-07 15:35:37.073 DEBUG 12456 --- [    Test worker] o.s.b.f.s.DefaultListableBeanFactory     : Creating shared instance of singleton bean 'gsonBuilder'
?[0m?[0;34m2023-04-07 15:35:37.074 DEBUG 12456 --- [    Test worker] o.s.b.f.s.DefaultListableBeanFactory     : Creating shared instance of singleton bean 'standardGsonBuilderCustomizer'
?[0m?[0;34m2023-04-07 15:35:37.074 DEBUG 12456 --- [    Test worker] o.s.b.f.s.DefaultListableBeanFactory     : Creating shared instance of singleton bean 'spring.gson-org.springframework.boot.autoconfigure.gson.GsonProperties'
?[0m?[0;34m2023-04-07 15:35:37.075 DEBUG 12456 --- [    Test worker] o.s.b.f.s.DefaultListableBeanFactory     : Autowiring by type from bean name 'standardGsonBuilderCustomizer' via factory method to bean named 'spring.gson-org.springframework.boot.autoconfigure.gson.GsonProperties'
?[0m?[0;34m2023-04-07 15:35:37.076 DEBUG 12456 --- [    Test worker] o.s.b.f.s.DefaultListableBeanFactory     : Autowiring by type from bean name 'gsonBuilder' via factory method to bean named 'standardGsonBuilderCustomizer'
?[0m?[0;34m2023-04-07 15:35:37.076 DEBUG 12456 --- [    Test worker] o.s.b.f.s.DefaultListableBeanFactory     : Creating shared instance of singleton bean 'gson'
?[0m?[0;34m2023-04-07 15:35:37.077 DEBUG 12456 --- [    Test worker] o.s.b.f.s.DefaultListableBeanFactory     : Autowiring by type from bean name 'gson' via factory method to bean named 'gsonBuilder'
?[0m?[0;34m2023-04-07 15:35:37.077 DEBUG 12456 --- [    Test worker] o.s.b.f.s.DefaultListableBeanFactory     : Creating shared instance of singleton bean 'org.springframework.boot.autoconfigure.http.JacksonHttpMessageConvertersConfiguration'
?[0m?[0;34m2023-04-07 15:35:37.078 DEBUG 12456 --- [    Test worker] o.s.b.f.s.DefaultListableBeanFactory     : Creating shared instance of singleton bean 'org.springframework.boot.autoconfigure.http.GsonHttpMessageConvertersConfiguration'
?[0m?[0;34m2023-04-07 15:35:37.078 DEBUG 12456 --- [    Test worker] o.s.b.f.s.DefaultListableBeanFactory     : Creating shared instance of singleton bean 'org.springframework.boot.autoconfigure.web.client.RestTemplateAutoConfiguration'
?[0m?[0;34m2023-04-07 15:35:37.078 DEBUG 12456 --- [    Test worker] o.s.b.f.s.DefaultListableBeanFactory     : Creating shared instance of singleton bean 'org.springframework.boot.actuate.autoconfigure.metrics.web.client.RestTemplateMetricsConfiguration'
?[0m?[0;34m2023-04-07 15:35:37.078 DEBUG 12456 --- [    Test worker] o.s.b.f.s.DefaultListableBeanFactory     : Creating shared instance of singleton bean 'restTemplateExchangeTagsProvider'
?[0m?[0;34m2023-04-07 15:35:37.079 DEBUG 12456 --- [    Test worker] o.s.b.f.s.DefaultListableBeanFactory     : Creating shared instance of singleton bean 'metricsRestTemplateCustomizer'
?[0m?[0;34m2023-04-07 15:35:37.080 DEBUG 12456 --- [    Test worker] o.s.b.f.s.DefaultListableBeanFactory     : Autowiring by type from bean name 'metricsRestTemplateCustomizer' via factory method to bean named 'simpleMeterRegistry'
?[0m?[0;34m2023-04-07 15:35:37.080 DEBUG 12456 --- [    Test worker] o.s.b.f.s.DefaultListableBeanFactory     : Autowiring by type from bean name 'metricsRestTemplateCustomizer' via factory method to bean named 'restTemplateExchangeTagsProvider'
?[0m?[0;34m2023-04-07 15:35:37.080 DEBUG 12456 --- [    Test worker] o.s.b.f.s.DefaultListableBeanFactory     : Autowiring by type from bean name 'metricsRestTemplateCustomizer' via factory method to bean named 'management.metrics-org.springframework.boot.actuate.autoconfigure.metrics.MetricsProperties'
?[0m?[0;34m2023-04-07 15:35:37.080 DEBUG 12456 --- [    Test worker] o.s.b.f.s.DefaultListableBeanFactory     : Creating shared instance of singleton bean 'org.springframework.boot.actuate.autoconfigure.metrics.web.tomcat.TomcatMetricsAutoConfiguration'
?[0m?[0;34m2023-04-07 15:35:37.080 DEBUG 12456 --- [    Test worker] o.s.b.f.s.DefaultListableBeanFactory     : Creating shared instance of singleton bean 'tomcatMetricsBinder'
?[0m?[0;34m2023-04-07 15:35:37.081 DEBUG 12456 --- [    Test worker] o.s.b.f.s.DefaultListableBeanFactory     : Autowiring by type from bean name 'tomcatMetricsBinder' via factory method to bean named 'simpleMeterRegistry'
?[0m?[0;34m2023-04-07 15:35:37.081 DEBUG 12456 --- [    Test worker] o.s.b.f.s.DefaultListableBeanFactory     : Creating shared instance of singleton bean 'org.springframework.boot.actuate.autoconfigure.trace.http.HttpTraceEndpointAutoConfiguration'
?[0m?[0;34m2023-04-07 15:35:37.081 DEBUG 12456 --- [    Test worker] o.s.b.f.s.DefaultListableBeanFactory     : Creating shared instance of singleton bean 'org.springframework.boot.autoconfigure.aop.AopAutoConfiguration$AspectJAutoProxyingConfiguration$CglibAutoProxyConfiguration'
?[0m?[0;34m2023-04-07 15:35:37.082 DEBUG 12456 --- [    Test worker] o.s.b.f.s.DefaultListableBeanFactory     : Creating shared instance of singleton bean 'org.springframework.boot.autoconfigure.aop.AopAutoConfiguration$AspectJAutoProxyingConfiguration'
?[0m?[0;34m2023-04-07 15:35:37.082 DEBUG 12456 --- [    Test worker] o.s.b.f.s.DefaultListableBeanFactory     : Creating shared instance of singleton bean 'org.springframework.boot.autoconfigure.aop.AopAutoConfiguration'
?[0m?[0;34m2023-04-07 15:35:37.082 DEBUG 12456 --- [    Test worker] o.s.b.f.s.DefaultListableBeanFactory     : Creating shared instance of singleton bean 'org.springframework.boot.autoconfigure.context.ConfigurationPropertiesAutoConfiguration'
?[0m?[0;34m2023-04-07 15:35:37.082 DEBUG 12456 --- [    Test worker] o.s.b.f.s.DefaultListableBeanFactory     : Creating shared instance of singleton bean 'org.springframework.boot.autoconfigure.context.LifecycleAutoConfiguration'
?[0m?[0;34m2023-04-07 15:35:37.082 DEBUG 12456 --- [    Test worker] o.s.b.f.s.DefaultListableBeanFactory     : Creating shared instance of singleton bean 'lifecycleProcessor'
?[0m?[0;34m2023-04-07 15:35:37.083 DEBUG 12456 --- [    Test worker] o.s.b.f.s.DefaultListableBeanFactory     : Creating shared instance of singleton bean 'spring.lifecycle-org.springframework.boot.autoconfigure.context.LifecycleProperties'
?[0m?[0;34m2023-04-07 15:35:37.083 DEBUG 12456 --- [    Test worker] o.s.b.f.s.DefaultListableBeanFactory     : Autowiring by type from bean name 'lifecycleProcessor' via factory method to bean named 'spring.lifecycle-org.springframework.boot.autoconfigure.context.LifecycleProperties'
?[0m?[0;34m2023-04-07 15:35:37.084 DEBUG 12456 --- [    Test worker] o.s.b.f.s.DefaultListableBeanFactory     : Creating shared instance of singleton bean 'org.springframework.boot.autoconfigure.dao.PersistenceExceptionTranslationAutoConfiguration'
?[0m?[0;34m2023-04-07 15:35:37.084 DEBUG 12456 --- [    Test worker] o.s.b.f.s.DefaultListableBeanFactory     : Creating shared instance of singleton bean 'org.springframework.boot.autoconfigure.data.jpa.JpaRepositoriesAutoConfiguration'
?[0m?[0;34m2023-04-07 15:35:37.085 DEBUG 12456 --- [    Test worker] o.s.b.f.s.DefaultListableBeanFactory     : Creating shared instance of singleton bean 'org.springframework.data.jpa.util.JpaMetamodelCacheCleanup'
?[0m?[0;34m2023-04-07 15:35:37.085 DEBUG 12456 --- [    Test worker] o.s.b.f.s.DefaultListableBeanFactory     : Creating shared instance of singleton bean 'org.springframework.data.jpa.repository.support.JpaEvaluationContextExtension'
?[0m?[0;34m2023-04-07 15:35:37.085 DEBUG 12456 --- [    Test worker] o.s.b.f.s.DefaultListableBeanFactory     : Creating shared instance of singleton bean 'org.springframework.data.web.config.ProjectingArgumentResolverRegistrar'
?[0m?[0;34m2023-04-07 15:35:37.085 DEBUG 12456 --- [    Test worker] o.s.b.f.s.DefaultListableBeanFactory     : Creating shared instance of singleton bean 'org.springframework.boot.autoconfigure.jdbc.JdbcTemplateConfiguration'
?[0m?[0;34m2023-04-07 15:35:37.086 DEBUG 12456 --- [    Test worker] o.s.b.f.s.DefaultListableBeanFactory     : Creating shared instance of singleton bean 'jdbcTemplate'
?[0m?[0;34m2023-04-07 15:35:37.086 DEBUG 12456 --- [    Test worker] o.s.b.f.s.DefaultListableBeanFactory     : Creating shared instance of singleton bean 'spring.jdbc-org.springframework.boot.autoconfigure.jdbc.JdbcProperties'
?[0m?[0;34m2023-04-07 15:35:37.087 DEBUG 12456 --- [    Test worker] o.s.b.f.s.DefaultListableBeanFactory     : Autowiring by type from bean name 'jdbcTemplate' via factory method to bean named 'dataSource'
?[0m?[0;34m2023-04-07 15:35:37.087 DEBUG 12456 --- [    Test worker] o.s.b.f.s.DefaultListableBeanFactory     : Autowiring by type from bean name 'jdbcTemplate' via factory method to bean named 'spring.jdbc-org.springframework.boot.autoconfigure.jdbc.JdbcProperties'
?[0m?[0;34m2023-04-07 15:35:37.089 DEBUG 12456 --- [    Test worker] o.s.b.f.s.DefaultListableBeanFactory     : Creating shared instance of singleton bean 'org.springframework.boot.autoconfigure.jdbc.NamedParameterJdbcTemplateConfiguration'
?[0m?[0;34m2023-04-07 15:35:37.089 DEBUG 12456 --- [    Test worker] o.s.b.f.s.DefaultListableBeanFactory     : Creating shared instance of singleton bean 'namedParameterJdbcTemplate'
?[0m?[0;34m2023-04-07 15:35:37.089 DEBUG 12456 --- [    Test worker] o.s.b.f.s.DefaultListableBeanFactory     : Autowiring by type from bean name 'namedParameterJdbcTemplate' via factory method to bean named 'jdbcTemplate'
?[0m?[0;34m2023-04-07 15:35:37.092 DEBUG 12456 --- [    Test worker] o.s.b.f.s.DefaultListableBeanFactory     : Creating shared instance of singleton bean 'org.springframework.boot.autoconfigure.jdbc.JdbcTemplateAutoConfiguration'
?[0m?[0;34m2023-04-07 15:35:37.092 DEBUG 12456 --- [    Test worker] o.s.b.f.s.DefaultListableBeanFactory     : Creating shared instance of singleton bean 'org.springframework.security.config.annotation.web.configuration.WebSecurityConfiguration'
?[0m?[0;34m2023-04-07 15:35:37.096 DEBUG 12456 --- [    Test worker] o.s.b.f.s.DefaultListableBeanFactory     : Creating shared instance of singleton bean 'autowiredWebSecurityConfigurersIgnoreParents'
?[0m?[0;34m2023-04-07 15:35:37.098 DEBUG 12456 --- [    Test worker] o.s.b.f.s.DefaultListableBeanFactory     : Autowiring by type from bean name 'autowiredWebSecurityConfigurersIgnoreParents' via factory method to bean named 'org.springframework.beans.factory.support.DefaultListableBeanFactory@57bc7f67'
?[0m?[0;34m2023-04-07 15:35:37.101 DEBUG 12456 --- [    Test worker] o.s.b.f.s.DefaultListableBeanFactory     : Creating shared instance of singleton bean 'delegatingApplicationListener'
?[0m?[0;34m2023-04-07 15:35:37.101 DEBUG 12456 --- [    Test worker] o.s.b.f.s.DefaultListableBeanFactory     : Creating shared instance of singleton bean 'springSecurityFilterChain'
?[0m?[0;34m2023-04-07 15:35:37.102 DEBUG 12456 --- [    Test worker] o.s.b.f.s.DefaultListableBeanFactory     : Creating shared instance of singleton bean 'webSecurityExpressionHandler'
?[0m?[0;34m2023-04-07 15:35:37.102 DEBUG 12456 --- [    Test worker] o.s.b.f.s.DefaultListableBeanFactory     : Creating shared instance of singleton bean 'privilegeEvaluator'
?[0m?[0;34m2023-04-07 15:35:37.102 DEBUG 12456 --- [    Test worker] o.s.b.f.s.DefaultListableBeanFactory     : Creating shared instance of singleton bean 'requestDataValueProcessor'
?[0m?[0;34m2023-04-07 15:35:37.103 DEBUG 12456 --- [    Test worker] o.s.b.f.s.DefaultListableBeanFactory     : Creating shared instance of singleton bean 'org.springframework.boot.autoconfigure.sql.init.SqlInitializationAutoConfiguration'
?[0m?[0;34m2023-04-07 15:35:37.103 DEBUG 12456 --- [    Test worker] o.s.b.f.s.DefaultListableBeanFactory     : Creating shared instance of singleton bean 'org.springframework.boot.autoconfigure.task.TaskSchedulingAutoConfiguration'
?[0m?[0;34m2023-04-07 15:35:37.103 DEBUG 12456 --- [    Test worker] o.s.b.f.s.DefaultListableBeanFactory     : Creating shared instance of singleton bean 'scheduledBeanLazyInitializationExcludeFilter'
?[0m?[0;34m2023-04-07 15:35:37.104 DEBUG 12456 --- [    Test worker] o.s.b.f.s.DefaultListableBeanFactory     : Creating shared instance of singleton bean 'taskSchedulerBuilder'
?[0m?[0;34m2023-04-07 15:35:37.104 DEBUG 12456 --- [    Test worker] o.s.b.f.s.DefaultListableBeanFactory     : Creating shared instance of singleton bean 'spring.task.scheduling-org.springframework.boot.autoconfigure.task.TaskSchedulingProperties'
?[0m?[0;34m2023-04-07 15:35:37.105 DEBUG 12456 --- [    Test worker] o.s.b.f.s.DefaultListableBeanFactory     : Autowiring by type from bean name 'taskSchedulerBuilder' via factory method to bean named 'spring.task.scheduling-org.springframework.boot.autoconfigure.task.TaskSchedulingProperties'
?[0m?[0;34m2023-04-07 15:35:37.106 DEBUG 12456 --- [    Test worker] o.s.b.f.s.DefaultListableBeanFactory     : Creating shared instance of singleton bean 'org.springframework.boot.autoconfigure.jdbc.DataSourceTransactionManagerAutoConfiguration$JdbcTransactionManagerConfiguration'
?[0m?[0;34m2023-04-07 15:35:37.106 DEBUG 12456 --- [    Test worker] o.s.b.f.s.DefaultListableBeanFactory     : Creating shared instance of singleton bean 'org.springframework.boot.autoconfigure.jdbc.DataSourceTransactionManagerAutoConfiguration'
?[0m?[0;34m2023-04-07 15:35:37.106 DEBUG 12456 --- [    Test worker] o.s.b.f.s.DefaultListableBeanFactory     : Creating shared instance of singleton bean 'org.springframework.boot.autoconfigure.transaction.TransactionAutoConfiguration$EnableTransactionManagementConfiguration$CglibAutoProxyConfiguration'
?[0m?[0;34m2023-04-07 15:35:37.106 DEBUG 12456 --- [    Test worker] o.s.b.f.s.DefaultListableBeanFactory     : Creating shared instance of singleton bean 'org.springframework.boot.autoconfigure.transaction.TransactionAutoConfiguration$EnableTransactionManagementConfiguration'
?[0m?[0;34m2023-04-07 15:35:37.107 DEBUG 12456 --- [    Test worker] o.s.b.f.s.DefaultListableBeanFactory     : Creating shared instance of singleton bean 'org.springframework.boot.autoconfigure.transaction.TransactionAutoConfiguration$TransactionTemplateConfiguration'
?[0m?[0;34m2023-04-07 15:35:37.107 DEBUG 12456 --- [    Test worker] o.s.b.f.s.DefaultListableBeanFactory     : Creating shared instance of singleton bean 'transactionTemplate'
?[0m?[0;34m2023-04-07 15:35:37.108 DEBUG 12456 --- [    Test worker] o.s.b.f.s.DefaultListableBeanFactory     : Autowiring by type from bean name 'transactionTemplate' via factory method to bean named 'transactionManager'
?[0m?[0;34m2023-04-07 15:35:37.108 DEBUG 12456 --- [    Test worker] o.s.b.f.s.DefaultListableBeanFactory     : Creating shared instance of singleton bean 'org.springframework.boot.autoconfigure.web.embedded.EmbeddedWebServerFactoryCustomizerAutoConfiguration'
?[0m?[0;34m2023-04-07 15:35:37.108 DEBUG 12456 --- [    Test worker] o.s.b.f.s.DefaultListableBeanFactory     : Creating shared instance of singleton bean 'multipartResolver'
?[0m?[0;34m2023-04-07 15:35:37.109 DEBUG 12456 --- [    Test worker] o.s.b.f.s.DefaultListableBeanFactory     : Creating shared instance of singleton bean 'org.springframework.boot.actuate.autoconfigure.endpoint.web.servlet.WebMvcEndpointManagementContextConfiguration'
?[0m?[0;34m2023-04-07 15:35:37.109 DEBUG 12456 --- [    Test worker] o.s.b.f.s.DefaultListableBeanFactory     : Creating shared instance of singleton bean 'webEndpointServletHandlerMapping'
?[0m?[0;34m2023-04-07 15:35:37.111 DEBUG 12456 --- [    Test worker] o.s.b.f.s.DefaultListableBeanFactory     : Creating shared instance of singleton bean 'management.endpoints.web.cors-org.springframework.boot.actuate.autoconfigure.endpoint.web.CorsEndpointProperties'
?[0m?[0;34m2023-04-07 15:35:37.113 DEBUG 12456 --- [    Test worker] o.s.b.f.s.DefaultListableBeanFactory     : Autowiring by type from bean name 'webEndpointServletHandlerMapping' via factory method to bean named 'webEndpointDiscoverer'
?[0m?[0;34m2023-04-07 15:35:37.113 DEBUG 12456 --- [    Test worker] o.s.b.f.s.DefaultListableBeanFactory     : Autowiring by type from bean name 'webEndpointServletHandlerMapping' via factory method to bean named 'servletEndpointDiscoverer'
?[0m?[0;34m2023-04-07 15:35:37.113 DEBUG 12456 --- [    Test worker] o.s.b.f.s.DefaultListableBeanFactory     : Autowiring by type from bean name 'webEndpointServletHandlerMapping' via factory method to bean named 'controllerEndpointDiscoverer'
?[0m?[0;34m2023-04-07 15:35:37.113 DEBUG 12456 --- [    Test worker] o.s.b.f.s.DefaultListableBeanFactory     : Autowiring by type from bean name 'webEndpointServletHandlerMapping' via factory method to bean named 'endpointMediaTypes'
?[0m?[0;34m2023-04-07 15:35:37.113 DEBUG 12456 --- [    Test worker] o.s.b.f.s.DefaultListableBeanFactory     : Autowiring by type from bean name 'webEndpointServletHandlerMapping' via factory method to bean named 'management.endpoints.web.cors-org.springframework.boot.actuate.autoconfigure.endpoint.web.CorsEndpointProperties'
?[0m?[0;34m2023-04-07 15:35:37.113 DEBUG 12456 --- [    Test worker] o.s.b.f.s.DefaultListableBeanFactory     : Autowiring by type from bean name 'webEndpointServletHandlerMapping' via factory method to bean named 'management.endpoints.web-org.springframework.boot.actuate.autoconfigure.endpoint.web.WebEndpointProperties'
?[0m?[0;34m2023-04-07 15:35:37.113 DEBUG 12456 --- [    Test worker] o.s.b.f.s.DefaultListableBeanFactory     : Autowiring by type from bean name 'webEndpointServletHandlerMapping' via factory method to bean named 'environment'
?[0m?[0;34m2023-04-07 15:35:37.113  INFO 12456 --- [    Test worker] o.s.b.a.e.web.EndpointLinksResolver      : Exposing 15 endpoint(s) beneath base path '/actuator'
?[0m?[0;34m2023-04-07 15:35:37.115 DEBUG 12456 --- [    Test worker] o.s.b.f.s.DefaultListableBeanFactory     : Creating shared instance of singleton bean 'controllerEndpointHandlerMapping'
?[0m?[0;34m2023-04-07 15:35:37.116 DEBUG 12456 --- [    Test worker] o.s.b.f.s.DefaultListableBeanFactory     : Autowiring by type from bean name 'controllerEndpointHandlerMapping' via factory method to bean named 'controllerEndpointDiscoverer'
?[0m?[0;34m2023-04-07 15:35:37.116 DEBUG 12456 --- [    Test worker] o.s.b.f.s.DefaultListableBeanFactory     : Autowiring by type from bean name 'controllerEndpointHandlerMapping' via factory method to bean named 'management.endpoints.web.cors-org.springframework.boot.actuate.autoconfigure.endpoint.web.CorsEndpointProperties'
?[0m?[0;34m2023-04-07 15:35:37.116 DEBUG 12456 --- [    Test worker] o.s.b.f.s.DefaultListableBeanFactory     : Autowiring by type from bean name 'controllerEndpointHandlerMapping' via factory method to bean named 'management.endpoints.web-org.springframework.boot.actuate.autoconfigure.endpoint.web.WebEndpointProperties'
?[0m?[0;34m2023-04-07 15:35:37.117 DEBUG 12456 --- [    Test worker] o.s.b.f.s.DefaultListableBeanFactory     : Creating shared instance of singleton bean 'org.springframework.boot.actuate.autoconfigure.security.servlet.SecurityRequestMatchersManagementContextConfiguration$MvcRequestMatcherConfiguration'
?[0m?[0;34m2023-04-07 15:35:37.117 DEBUG 12456 --- [    Test worker] o.s.b.f.s.DefaultListableBeanFactory     : Creating shared instance of singleton bean 'requestMatcherProvider'
?[0m?[0;34m2023-04-07 15:35:37.117 DEBUG 12456 --- [    Test worker] o.s.b.f.s.DefaultListableBeanFactory     : Autowiring by type from bean name 'requestMatcherProvider' via factory method to bean named 'dispatcherServletRegistration'
?[0m?[0;34m2023-04-07 15:35:37.117 DEBUG 12456 --- [    Test worker] o.s.b.f.s.DefaultListableBeanFactory     : Creating shared instance of singleton bean 'org.springframework.boot.actuate.autoconfigure.security.servlet.SecurityRequestMatchersManagementContextConfiguration'
?[0m?[0;34m2023-04-07 15:35:37.118 DEBUG 12456 --- [    Test worker] o.s.b.f.s.DefaultListableBeanFactory     : Creating shared instance of singleton bean 'org.springframework.boot.actuate.autoconfigure.web.server.ManagementContextAutoConfiguration$SameManagementContextConfiguration$EnableSameManagementContextConfiguration'
?[0m?[0;34m2023-04-07 15:35:37.118 DEBUG 12456 --- [    Test worker] o.s.b.f.s.DefaultListableBeanFactory     : Creating shared instance of singleton bean 'org.springframework.boot.actuate.autoconfigure.web.server.ManagementContextAutoConfiguration$SameManagementContextConfiguration'
?[0m?[0;34m2023-04-07 15:35:37.118 DEBUG 12456 --- [    Test worker] o.s.b.f.s.DefaultListableBeanFactory     : Autowiring by type from bean name 'org.springframework.boot.actuate.autoconfigure.web.server.ManagementContextAutoConfiguration$SameManagementContextConfiguration' via constructor to bean named 'environment'
?[0m?[0;34m2023-04-07 15:35:37.119 DEBUG 12456 --- [    Test worker] o.s.b.f.s.DefaultListableBeanFactory     : Creating shared instance of singleton bean 'org.springframework.boot.actuate.autoconfigure.web.server.ManagementContextAutoConfiguration'
?[0m?[0;34m2023-04-07 15:35:37.119 DEBUG 12456 --- [    Test worker] o.s.b.f.s.DefaultListableBeanFactory     : Creating shared instance of singleton bean 'management.server-org.springframework.boot.actuate.autoconfigure.web.server.ManagementServerProperties'
?[0m?[0;34m2023-04-07 15:35:37.124 DEBUG 12456 --- [    Test worker] o.s.c.support.DefaultLifecycleProcessor  : Starting beans in phase 2147483646
?[0m?[0;34m2023-04-07 15:35:37.128  INFO 12456 --- [    Test worker] o.s.b.w.embedded.tomcat.TomcatWebServer  : Tomcat started on port(s): 8881 (http) with context path ''
?[0m?[0;34m2023-04-07 15:35:37.129 DEBUG 12456 --- [    Test worker] o.s.c.support.DefaultLifecycleProcessor  : Successfully started bean 'webServerStartStop'
?[0m?[0;34m2023-04-07 15:35:37.129 DEBUG 12456 --- [    Test worker] o.s.c.support.DefaultLifecycleProcessor  : Starting beans in phase 2147483647
?[0m?[0;34m2023-04-07 15:35:37.129 DEBUG 12456 --- [    Test worker] o.s.c.support.DefaultLifecycleProcessor  : Successfully started bean 'webServerGracefulShutdown'
?[0m?[0;34m2023-04-07 15:35:37.137 DEBUG 12456 --- [    Test worker] ConditionEvaluationReportLoggingListener : 
?[0m?[0;34m
?[0m?[0;34m
?[0m?[0;34m============================
?[0m?[0;34mCONDITIONS EVALUATION REPORT
?[0m?[0;34m============================
?[0m?[0;34m
?[0m?[0;34m
?[0m?[0;34mPositive matches:
?[0m?[0;34m-----------------
?[0m?[0;34m
?[0m?[0;34m   AopAutoConfiguration matched:
?[0m?[0;34m      - @ConditionalOnProperty (spring.aop.auto=true) matched (OnPropertyCondition)
?[0m?[0;34m
?[0m?[0;34m   AopAutoConfiguration.AspectJAutoProxyingConfiguration matched:
?[0m?[0;34m      - @ConditionalOnClass found required class 'org.aspectj.weaver.Advice' (OnClassCondition)
?[0m?[0;34m
?[0m?[0;34m   AopAutoConfiguration.AspectJAutoProxyingConfiguration.CglibAutoProxyConfiguration matched:
?[0m?[0;34m      - @ConditionalOnProperty (spring.aop.proxy-target-class=true) matched (OnPropertyCondition)
?[0m?[0;34m
?[0m?[0;34m   AuditEventsEndpointAutoConfiguration matched:
?[0m?[0;34m      - @ConditionalOnAvailableEndpoint no property management.endpoint.auditevents.enabled found so using endpoint default; @ConditionalOnAvailableEndpoint marked as exposed by a 'management.endpoints.web.exposure' property (OnAvailableEndpointCondition)
?[0m?[0;34m
?[0m?[0;34m   BeansEndpointAutoConfiguration matched:
?[0m?[0;34m      - @ConditionalOnAvailableEndpoint no property management.endpoint.beans.enabled found so using endpoint default; @ConditionalOnAvailableEndpoint marked as exposed by a 'management.endpoints.web.exposure' property (OnAvailableEndpointCondition)
?[0m?[0;34m
?[0m?[0;34m   BeansEndpointAutoConfiguration#beansEndpoint matched:
?[0m?[0;34m      - @ConditionalOnMissingBean (types: org.springframework.boot.actuate.beans.BeansEndpoint; SearchStrategy: all) did not find any beans (OnBeanCondition)
?[0m?[0;34m
?[0m?[0;34m   CacheMeterBinderProvidersConfiguration matched:
?[0m?[0;34m      - @ConditionalOnClass found required class 'io.micrometer.core.instrument.binder.MeterBinder' (OnClassCondition)
?[0m?[0;34m
?[0m?[0;34m   CachesEndpointAutoConfiguration matched:
?[0m?[0;34m      - @ConditionalOnClass found required class 'org.springframework.cache.CacheManager' (OnClassCondition)
?[0m?[0;34m      - @ConditionalOnAvailableEndpoint no property management.endpoint.caches.enabled found so using endpoint default; @ConditionalOnAvailableEndpoint marked as exposed by a 'management.endpoints.web.exposure' property (OnAvailableEndpointCondition)
?[0m?[0;34m
?[0m?[0;34m   CachesEndpointAutoConfiguration#cachesEndpoint matched:
?[0m?[0;34m      - @ConditionalOnMissingBean (types: org.springframework.boot.actuate.cache.CachesEndpoint; SearchStrategy: all) did not find any beans (OnBeanCondition)
?[0m?[0;34m
?[0m?[0;34m   CachesEndpointAutoConfiguration#cachesEndpointWebExtension matched:
?[0m?[0;34m      - @ConditionalOnBean (types: org.springframework.boot.actuate.cache.CachesEndpoint; SearchStrategy: all) found bean 'cachesEndpoint'; @ConditionalOnMissingBean (types: org.springframework.boot.actuate.cache.CachesEndpointWebExtension; SearchStrategy: all) did not find any beans (OnBeanCondition)
?[0m?[0;34m
?[0m?[0;34m   CompositeMeterRegistryAutoConfiguration matched:
?[0m?[0;34m      - @ConditionalOnClass found required class 'io.micrometer.core.instrument.composite.CompositeMeterRegistry' (OnClassCondition)
?[0m?[0;34m
?[0m?[0;34m   ConditionsReportEndpointAutoConfiguration matched:
?[0m?[0;34m      - @ConditionalOnAvailableEndpoint no property management.endpoint.conditions.enabled found so using endpoint default; @ConditionalOnAvailableEndpoint marked as exposed by a 'management.endpoints.web.exposure' property (OnAvailableEndpointCondition)
?[0m?[0;34m
?[0m?[0;34m   ConditionsReportEndpointAutoConfiguration#conditionsReportEndpoint matched:
?[0m?[0;34m      - @ConditionalOnMissingBean (types: org.springframework.boot.actuate.autoconfigure.condition.ConditionsReportEndpoint; SearchStrategy: current) did not find any beans (OnBeanCondition)
?[0m?[0;34m
?[0m?[0;34m   ConfigurationPropertiesReportEndpointAutoConfiguration matched:
?[0m?[0;34m      - @ConditionalOnAvailableEndpoint no property management.endpoint.configprops.enabled found so using endpoint default; @ConditionalOnAvailableEndpoint marked as exposed by a 'management.endpoints.web.exposure' property (OnAvailableEndpointCondition)
?[0m?[0;34m
?[0m?[0;34m   ConfigurationPropertiesReportEndpointAutoConfiguration#configurationPropertiesReportEndpoint matched:
?[0m?[0;34m      - @ConditionalOnMissingBean (types: org.springframework.boot.actuate.context.properties.ConfigurationPropertiesReportEndpoint; SearchStrategy: all) did not find any beans (OnBeanCondition)
?[0m?[0;34m
?[0m?[0;34m   ConfigurationPropertiesReportEndpointAutoConfiguration#configurationPropertiesReportEndpointWebExtension matched:
?[0m?[0;34m      - @ConditionalOnBean (types: org.springframework.boot.actuate.context.properties.ConfigurationPropertiesReportEndpoint; SearchStrategy: all) found bean 'configurationPropertiesReportEndpoint'; @ConditionalOnMissingBean (types: org.springframework.boot.actuate.context.properties.ConfigurationPropertiesReportEndpointWebExtension; SearchStrategy: all) did not find any beans (OnBeanCondition)
?[0m?[0;34m
?[0m?[0;34m   DataSourceAutoConfiguration matched:
?[0m?[0;34m      - @ConditionalOnClass found required classes 'javax.sql.DataSource', 'org.springframework.jdbc.datasource.embedded.EmbeddedDatabaseType' (OnClassCondition)
?[0m?[0;34m      - @ConditionalOnMissingBean (types: io.r2dbc.spi.ConnectionFactory; SearchStrategy: all) did not find any beans (OnBeanCondition)
?[0m?[0;34m
?[0m?[0;34m   DataSourceAutoConfiguration.PooledDataSourceConfiguration matched:
?[0m?[0;34m      - AnyNestedCondition 1 matched 1 did not; NestedCondition on DataSourceAutoConfiguration.PooledDataSourceCondition.PooledDataSourceAvailable PooledDataSource found supported DataSource; NestedCondition on DataSourceAutoConfiguration.PooledDataSourceCondition.ExplicitType @ConditionalOnProperty (spring.datasource.type) did not find property 'type' (DataSourceAutoConfiguration.PooledDataSourceCondition)
?[0m?[0;34m      - @ConditionalOnMissingBean (types: javax.sql.DataSource,javax.sql.XADataSource; SearchStrategy: all) did not find any beans (OnBeanCondition)
?[0m?[0;34m
?[0m?[0;34m   DataSourceConfiguration.Hikari matched:
?[0m?[0;34m      - @ConditionalOnClass found required class 'com.zaxxer.hikari.HikariDataSource' (OnClassCondition)
?[0m?[0;34m      - @ConditionalOnProperty (spring.datasource.type=com.zaxxer.hikari.HikariDataSource) matched (OnPropertyCondition)
?[0m?[0;34m      - @ConditionalOnMissingBean (types: javax.sql.DataSource; SearchStrategy: all) did not find any beans (OnBeanCondition)
?[0m?[0;34m
?[0m?[0;34m   DataSourceHealthContributorAutoConfiguration matched:
?[0m?[0;34m      - @ConditionalOnClass found required classes 'org.springframework.jdbc.core.JdbcTemplate', 'org.springframework.jdbc.datasource.lookup.AbstractRoutingDataSource' (OnClassCondition)
?[0m?[0;34m      - @ConditionalOnEnabledHealthIndicator management.health.defaults.enabled is considered true (OnEnabledHealthIndicatorCondition)
?[0m?[0;34m      - @ConditionalOnBean (types: javax.sql.DataSource; SearchStrategy: all) found bean 'dataSource' (OnBeanCondition)
?[0m?[0;34m
?[0m?[0;34m   DataSourceHealthContributorAutoConfiguration#dbHealthContributor matched:
?[0m?[0;34m      - @ConditionalOnMissingBean (names: dbHealthIndicator,dbHealthContributor; SearchStrategy: all) did not find any beans (OnBeanCondition)
?[0m?[0;34m
?[0m?[0;34m   DataSourceInitializationConfiguration matched:
?[0m?[0;34m      - @ConditionalOnClass found required class 'org.springframework.jdbc.datasource.init.DatabasePopulator' (OnClassCondition)
?[0m?[0;34m      - @ConditionalOnSingleCandidate (types: javax.sql.DataSource; SearchStrategy: all) found a primary bean from beans 'dataSource'; @ConditionalOnMissingBean (types: org.springframework.boot.sql.init.AbstractScriptDatabaseInitializer; SearchStrategy: all) did not find any beans (OnBeanCondition)
?[0m?[0;34m
?[0m?[0;34m   DataSourceJmxConfiguration matched:
?[0m?[0;34m      - @ConditionalOnProperty (spring.jmx.enabled=true) matched (OnPropertyCondition)
?[0m?[0;34m
?[0m?[0;34m   DataSourceJmxConfiguration.Hikari matched:
?[0m?[0;34m      - @ConditionalOnClass found required class 'com.zaxxer.hikari.HikariDataSource' (OnClassCondition)
?[0m?[0;34m      - @ConditionalOnSingleCandidate (types: javax.sql.DataSource; SearchStrategy: all) found a primary bean from beans 'dataSource' (OnBeanCondition)
?[0m?[0;34m
?[0m?[0;34m   DataSourcePoolMetadataProvidersConfiguration.HikariPoolDataSourceMetadataProviderConfiguration matched:
?[0m?[0;34m      - @ConditionalOnClass found required class 'com.zaxxer.hikari.HikariDataSource' (OnClassCondition)
?[0m?[0;34m
?[0m?[0;34m   DataSourcePoolMetricsAutoConfiguration matched:
?[0m?[0;34m      - @ConditionalOnClass found required classes 'javax.sql.DataSource', 'io.micrometer.core.instrument.MeterRegistry' (OnClassCondition)
?[0m?[0;34m      - @ConditionalOnBean (types: javax.sql.DataSource,io.micrometer.core.instrument.MeterRegistry; SearchStrategy: all) found beans 'simpleMeterRegistry', 'dataSource' (OnBeanCondition)
?[0m?[0;34m
?[0m?[0;34m   DataSourcePoolMetricsAutoConfiguration.DataSourcePoolMetadataMetricsConfiguration matched:
?[0m?[0;34m      - @ConditionalOnBean (types: org.springframework.boot.jdbc.metadata.DataSourcePoolMetadataProvider; SearchStrategy: all) found bean 'hikariPoolDataSourceMetadataProvider' (OnBeanCondition)
?[0m?[0;34m
?[0m?[0;34m   DataSourcePoolMetricsAutoConfiguration.HikariDataSourceMetricsConfiguration matched:
?[0m?[0;34m      - @ConditionalOnClass found required class 'com.zaxxer.hikari.HikariDataSource' (OnClassCondition)
?[0m?[0;34m
?[0m?[0;34m   DataSourceTransactionManagerAutoConfiguration matched:
?[0m?[0;34m      - @ConditionalOnClass found required classes 'org.springframework.jdbc.core.JdbcTemplate', 'org.springframework.transaction.TransactionManager' (OnClassCondition)
?[0m?[0;34m
?[0m?[0;34m   DataSourceTransactionManagerAutoConfiguration.JdbcTransactionManagerConfiguration matched:
?[0m?[0;34m      - @ConditionalOnSingleCandidate (types: javax.sql.DataSource; SearchStrategy: all) found a primary bean from beans 'dataSource' (OnBeanCondition)
?[0m?[0;34m
?[0m?[0;34m   DiskSpaceHealthContributorAutoConfiguration matched:
?[0m?[0;34m      - @ConditionalOnEnabledHealthIndicator management.health.defaults.enabled is considered true (OnEnabledHealthIndicatorCondition)
?[0m?[0;34m
?[0m?[0;34m   DiskSpaceHealthContributorAutoConfiguration#diskSpaceHealthIndicator matched:
?[0m?[0;34m      - @ConditionalOnMissingBean (names: diskSpaceHealthIndicator; SearchStrategy: all) did not find any beans (OnBeanCondition)
?[0m?[0;34m
?[0m?[0;34m   DispatcherServletAutoConfiguration matched:
?[0m?[0;34m      - @ConditionalOnClass found required class 'org.springframework.web.servlet.DispatcherServlet' (OnClassCondition)
?[0m?[0;34m      - found 'session' scope (OnWebApplicationCondition)
?[0m?[0;34m
?[0m?[0;34m   DispatcherServletAutoConfiguration.DispatcherServletConfiguration matched:
?[0m?[0;34m      - @ConditionalOnClass found required class 'javax.servlet.ServletRegistration' (OnClassCondition)
?[0m?[0;34m      - Default DispatcherServlet did not find dispatcher servlet beans (DispatcherServletAutoConfiguration.DefaultDispatcherServletCondition)
?[0m?[0;34m
?[0m?[0;34m   DispatcherServletAutoConfiguration.DispatcherServletRegistrationConfiguration matched:
?[0m?[0;34m      - @ConditionalOnClass found required class 'javax.servlet.ServletRegistration' (OnClassCondition)
?[0m?[0;34m      - DispatcherServlet Registration did not find servlet registration bean (DispatcherServletAutoConfiguration.DispatcherServletRegistrationCondition)
?[0m?[0;34m
?[0m?[0;34m   DispatcherServletAutoConfiguration.DispatcherServletRegistrationConfiguration#dispatcherServletRegistration matched:
?[0m?[0;34m      - @ConditionalOnBean (names: dispatcherServlet types: org.springframework.web.servlet.DispatcherServlet; SearchStrategy: all) found bean 'dispatcherServlet' (OnBeanCondition)
?[0m?[0;34m
?[0m?[0;34m   EmbeddedWebServerFactoryCustomizerAutoConfiguration matched:
?[0m?[0;34m      - @ConditionalOnWebApplication (required) found 'session' scope (OnWebApplicationCondition)
?[0m?[0;34m
?[0m?[0;34m   EmbeddedWebServerFactoryCustomizerAutoConfiguration.TomcatWebServerFactoryCustomizerConfiguration matched:
?[0m?[0;34m      - @ConditionalOnClass found required classes 'org.apache.catalina.startup.Tomcat', 'org.apache.coyote.UpgradeProtocol' (OnClassCondition)
?[0m?[0;34m
?[0m?[0;34m   EndpointAutoConfiguration#endpointCachingOperationInvokerAdvisor matched:
?[0m?[0;34m      - @ConditionalOnMissingBean (types: org.springframework.boot.actuate.endpoint.invoker.cache.CachingOperationInvokerAdvisor; SearchStrategy: all) did not find any beans (OnBeanCondition)
?[0m?[0;34m
?[0m?[0;34m   EndpointAutoConfiguration#endpointOperationParameterMapper matched:
?[0m?[0;34m      - @ConditionalOnMissingBean (types: org.springframework.boot.actuate.endpoint.invoke.ParameterValueMapper; SearchStrategy: all) did not find any beans (OnBeanCondition)
?[0m?[0;34m
?[0m?[0;34m   EnvironmentEndpointAutoConfiguration matched:
?[0m?[0;34m      - @ConditionalOnAvailableEndpoint no property management.endpoint.env.enabled found so using endpoint default; @ConditionalOnAvailableEndpoint marked as exposed by a 'management.endpoints.web.exposure' property (OnAvailableEndpointCondition)
?[0m?[0;34m
?[0m?[0;34m   EnvironmentEndpointAutoConfiguration#environmentEndpoint matched:
?[0m?[0;34m      - @ConditionalOnMissingBean (types: org.springframework.boot.actuate.env.EnvironmentEndpoint; SearchStrategy: all) did not find any beans (OnBeanCondition)
?[0m?[0;34m
?[0m?[0;34m   EnvironmentEndpointAutoConfiguration#environmentEndpointWebExtension matched:
?[0m?[0;34m      - @ConditionalOnBean (types: org.springframework.boot.actuate.env.EnvironmentEndpoint; SearchStrategy: all) found bean 'environmentEndpoint'; @ConditionalOnMissingBean (types: org.springframework.boot.actuate.env.EnvironmentEndpointWebExtension; SearchStrategy: all) did not find any beans (OnBeanCondition)
?[0m?[0;34m
?[0m?[0;34m   ErrorMvcAutoConfiguration matched:
?[0m?[0;34m      - @ConditionalOnClass found required classes 'javax.servlet.Servlet', 'org.springframework.web.servlet.DispatcherServlet' (OnClassCondition)
?[0m?[0;34m      - found 'session' scope (OnWebApplicationCondition)
?[0m?[0;34m
?[0m?[0;34m   ErrorMvcAutoConfiguration#basicErrorController matched:
?[0m?[0;34m      - @ConditionalOnMissingBean (types: org.springframework.boot.web.servlet.error.ErrorController; SearchStrategy: current) did not find any beans (OnBeanCondition)
?[0m?[0;34m
?[0m?[0;34m   ErrorMvcAutoConfiguration#errorAttributes matched:
?[0m?[0;34m      - @ConditionalOnMissingBean (types: org.springframework.boot.web.servlet.error.ErrorAttributes; SearchStrategy: current) did not find any beans (OnBeanCondition)
?[0m?[0;34m
?[0m?[0;34m   ErrorMvcAutoConfiguration.DefaultErrorViewResolverConfiguration#conventionErrorViewResolver matched:
?[0m?[0;34m      - @ConditionalOnBean (types: org.springframework.web.servlet.DispatcherServlet; SearchStrategy: all) found bean 'dispatcherServlet'; @ConditionalOnMissingBean (types: org.springframework.boot.autoconfigure.web.servlet.error.ErrorViewResolver; SearchStrategy: all) did not find any beans (OnBeanCondition)
?[0m?[0;34m
?[0m?[0;34m   ErrorMvcAutoConfiguration.WhitelabelErrorViewConfiguration matched:
?[0m?[0;34m      - @ConditionalOnProperty (server.error.whitelabel.enabled) matched (OnPropertyCondition)
?[0m?[0;34m      - ErrorTemplate Missing did not find error template view (ErrorMvcAutoConfiguration.ErrorTemplateMissingCondition)
?[0m?[0;34m
?[0m?[0;34m   ErrorMvcAutoConfiguration.WhitelabelErrorViewConfiguration#beanNameViewResolver matched:
?[0m?[0;34m      - @ConditionalOnMissingBean (types: org.springframework.web.servlet.view.BeanNameViewResolver; SearchStrategy: all) did not find any beans (OnBeanCondition)
?[0m?[0;34m
?[0m?[0;34m   ErrorMvcAutoConfiguration.WhitelabelErrorViewConfiguration#defaultErrorView matched:
?[0m?[0;34m      - @ConditionalOnMissingBean (names: error; SearchStrategy: all) did not find any beans (OnBeanCondition)
?[0m?[0;34m
?[0m?[0;34m   GenericCacheConfiguration matched:
?[0m?[0;34m      - Cache org.springframework.boot.autoconfigure.cache.GenericCacheConfiguration automatic cache type (CacheCondition)
?[0m?[0;34m
?[0m?[0;34m   GsonAutoConfiguration matched:
?[0m?[0;34m      - @ConditionalOnClass found required class 'com.google.gson.Gson' (OnClassCondition)
?[0m?[0;34m
?[0m?[0;34m   GsonAutoConfiguration#gson matched:
?[0m?[0;34m      - @ConditionalOnMissingBean (types: com.google.gson.Gson; SearchStrategy: all) did not find any beans (OnBeanCondition)
?[0m?[0;34m
?[0m?[0;34m   GsonAutoConfiguration#gsonBuilder matched:
?[0m?[0;34m      - @ConditionalOnMissingBean (types: com.google.gson.GsonBuilder; SearchStrategy: all) did not find any beans (OnBeanCondition)
?[0m?[0;34m
?[0m?[0;34m   GsonHttpMessageConvertersConfiguration matched:
?[0m?[0;34m      - @ConditionalOnClass found required class 'com.google.gson.Gson' (OnClassCondition)
?[0m?[0;34m
?[0m?[0;34m   H2ConsoleAutoConfiguration matched:
?[0m?[0;34m      - @ConditionalOnClass found required class 'org.h2.server.web.WebServlet' (OnClassCondition)
?[0m?[0;34m      - found 'session' scope (OnWebApplicationCondition)
?[0m?[0;34m      - @ConditionalOnProperty (spring.h2.console.enabled=true) matched (OnPropertyCondition)
?[0m?[0;34m
?[0m?[0;34m   HealthContributorAutoConfiguration#pingHealthContributor matched:
?[0m?[0;34m      - @ConditionalOnEnabledHealthIndicator management.health.defaults.enabled is considered true (OnEnabledHealthIndicatorCondition)
?[0m?[0;34m
?[0m?[0;34m   HealthEndpointAutoConfiguration matched:
?[0m?[0;34m      - @ConditionalOnAvailableEndpoint no property management.endpoint.health.enabled found so using endpoint default; @ConditionalOnAvailableEndpoint marked as exposed by a 'management.endpoints.web.exposure' property (OnAvailableEndpointCondition)
?[0m?[0;34m
?[0m?[0;34m   HealthEndpointConfiguration#healthContributorRegistry matched:
?[0m?[0;34m      - @ConditionalOnMissingBean (types: org.springframework.boot.actuate.health.HealthContributorRegistry; SearchStrategy: all) did not find any beans (OnBeanCondition)
?[0m?[0;34m
?[0m?[0;34m   HealthEndpointConfiguration#healthEndpoint matched:
?[0m?[0;34m      - @ConditionalOnMissingBean (types: org.springframework.boot.actuate.health.HealthEndpoint; SearchStrategy: all) did not find any beans (OnBeanCondition)
?[0m?[0;34m
?[0m?[0;34m   HealthEndpointConfiguration#healthEndpointGroups matched:
?[0m?[0;34m      - @ConditionalOnMissingBean (types: org.springframework.boot.actuate.health.HealthEndpointGroups; SearchStrategy: all) did not find any beans (OnBeanCondition)
?[0m?[0;34m
?[0m?[0;34m   HealthEndpointConfiguration#healthHttpCodeStatusMapper matched:
?[0m?[0;34m      - @ConditionalOnMissingBean (types: org.springframework.boot.actuate.health.HttpCodeStatusMapper; SearchStrategy: all) did not find any beans (OnBeanCondition)
?[0m?[0;34m
?[0m?[0;34m   HealthEndpointConfiguration#healthStatusAggregator matched:
?[0m?[0;34m      - @ConditionalOnMissingBean (types: org.springframework.boot.actuate.health.StatusAggregator; SearchStrategy: all) did not find any beans (OnBeanCondition)
?[0m?[0;34m
?[0m?[0;34m   HealthEndpointWebExtensionConfiguration matched:
?[0m?[0;34m      - found 'session' scope (OnWebApplicationCondition)
?[0m?[0;34m      - @ConditionalOnBean (types: org.springframework.boot.actuate.health.HealthEndpoint; SearchStrategy: all) found bean 'healthEndpoint' (OnBeanCondition)
?[0m?[0;34m
?[0m?[0;34m   HealthEndpointWebExtensionConfiguration#healthEndpointWebExtension matched:
?[0m?[0;34m      - @ConditionalOnBean (types: org.springframework.boot.actuate.health.HealthEndpoint; SearchStrategy: all) found bean 'healthEndpoint'; @ConditionalOnMissingBean (types: org.springframework.boot.actuate.health.HealthEndpointWebExtension; SearchStrategy: all) did not find any beans (OnBeanCondition)
?[0m?[0;34m
?[0m?[0;34m   HeapDumpWebEndpointAutoConfiguration matched:
?[0m?[0;34m      - @ConditionalOnAvailableEndpoint no property management.endpoint.heapdump.enabled found so using endpoint default; @ConditionalOnAvailableEndpoint marked as exposed by a 'management.endpoints.web.exposure' property (OnAvailableEndpointCondition)
?[0m?[0;34m
?[0m?[0;34m   HeapDumpWebEndpointAutoConfiguration#heapDumpWebEndpoint matched:
?[0m?[0;34m      - @ConditionalOnMissingBean (types: org.springframework.boot.actuate.management.HeapDumpWebEndpoint; SearchStrategy: all) did not find any beans (OnBeanCondition)
?[0m?[0;34m
?[0m?[0;34m   HibernateJpaAutoConfiguration matched:
?[0m?[0;34m      - @ConditionalOnClass found required classes 'org.springframework.orm.jpa.LocalContainerEntityManagerFactoryBean', 'javax.persistence.EntityManager', 'org.hibernate.engine.spi.SessionImplementor' (OnClassCondition)
?[0m?[0;34m
?[0m?[0;34m   HibernateJpaConfiguration matched:
?[0m?[0;34m      - @ConditionalOnSingleCandidate (types: javax.sql.DataSource; SearchStrategy: all) found a primary bean from beans 'dataSource' (OnBeanCondition)
?[0m?[0;34m
?[0m?[0;34m   HttpClientMetricsAutoConfiguration matched:
?[0m?[0;34m      - @ConditionalOnClass found required class 'io.micrometer.core.instrument.MeterRegistry' (OnClassCondition)
?[0m?[0;34m      - @ConditionalOnBean (types: io.micrometer.core.instrument.MeterRegistry; SearchStrategy: all) found bean 'simpleMeterRegistry' (OnBeanCondition)
?[0m?[0;34m
?[0m?[0;34m   HttpEncodingAutoConfiguration matched:
?[0m?[0;34m      - @ConditionalOnClass found required class 'org.springframework.web.filter.CharacterEncodingFilter' (OnClassCondition)
?[0m?[0;34m      - found 'session' scope (OnWebApplicationCondition)
?[0m?[0;34m      - @ConditionalOnProperty (server.servlet.encoding.enabled) matched (OnPropertyCondition)
?[0m?[0;34m
?[0m?[0;34m   HttpEncodingAutoConfiguration#characterEncodingFilter matched:
?[0m?[0;34m      - @ConditionalOnMissingBean (types: org.springframework.web.filter.CharacterEncodingFilter; SearchStrategy: all) did not find any beans (OnBeanCondition)
?[0m?[0;34m
?[0m?[0;34m   HttpMessageConvertersAutoConfiguration matched:
?[0m?[0;34m      - @ConditionalOnClass found required class 'org.springframework.http.converter.HttpMessageConverter' (OnClassCondition)
?[0m?[0;34m      - NoneNestedConditions 0 matched 1 did not; NestedCondition on HttpMessageConvertersAutoConfiguration.NotReactiveWebApplicationCondition.ReactiveWebApplication did not find reactive web application classes (HttpMessageConvertersAutoConfiguration.NotReactiveWebApplicationCondition)
?[0m?[0;34m
?[0m?[0;34m   HttpMessageConvertersAutoConfiguration#messageConverters matched:
?[0m?[0;34m      - @ConditionalOnMissingBean (types: org.springframework.boot.autoconfigure.http.HttpMessageConverters; SearchStrategy: all) did not find any beans (OnBeanCondition)
?[0m?[0;34m
?[0m?[0;34m   HttpMessageConvertersAutoConfiguration.StringHttpMessageConverterConfiguration matched:
?[0m?[0;34m      - @ConditionalOnClass found required class 'org.springframework.http.converter.StringHttpMessageConverter' (OnClassCondition)
?[0m?[0;34m
?[0m?[0;34m   HttpMessageConvertersAutoConfiguration.StringHttpMessageConverterConfiguration#stringHttpMessageConverter matched:
?[0m?[0;34m      - @ConditionalOnMissingBean (types: org.springframework.http.converter.StringHttpMessageConverter; SearchStrategy: all) did not find any beans (OnBeanCondition)
?[0m?[0;34m
?[0m?[0;34m   HttpTraceEndpointAutoConfiguration matched:
?[0m?[0;34m      - @ConditionalOnAvailableEndpoint no property management.endpoint.httptrace.enabled found so using endpoint default; @ConditionalOnAvailableEndpoint marked as exposed by a 'management.endpoints.web.exposure' property (OnAvailableEndpointCondition)
?[0m?[0;34m
?[0m?[0;34m   InfoContributorAutoConfiguration#envInfoContributor matched:
?[0m?[0;34m      - @ConditionalOnEnabledInfoContributor management.info.defaults.enabled is considered true (OnEnabledInfoContributorCondition)
?[0m?[0;34m
?[0m?[0;34m   InfoEndpointAutoConfiguration matched:
?[0m?[0;34m      - @ConditionalOnAvailableEndpoint no property management.endpoint.info.enabled found so using endpoint default; @ConditionalOnAvailableEndpoint marked as exposed by a 'management.endpoints.web.exposure' property (OnAvailableEndpointCondition)
?[0m?[0;34m
?[0m?[0;34m   InfoEndpointAutoConfiguration#infoEndpoint matched:
?[0m?[0;34m      - @ConditionalOnMissingBean (types: org.springframework.boot.actuate.info.InfoEndpoint; SearchStrategy: all) did not find any beans (OnBeanCondition)
?[0m?[0;34m
?[0m?[0;34m   JacksonAutoConfiguration matched:
?[0m?[0;34m      - @ConditionalOnClass found required class 'com.fasterxml.jackson.databind.ObjectMapper' (OnClassCondition)
?[0m?[0;34m
?[0m?[0;34m   JacksonAutoConfiguration.Jackson2ObjectMapperBuilderCustomizerConfiguration matched:
?[0m?[0;34m      - @ConditionalOnClass found required class 'org.springframework.http.converter.json.Jackson2ObjectMapperBuilder' (OnClassCondition)
?[0m?[0;34m
?[0m?[0;34m   JacksonAutoConfiguration.JacksonObjectMapperBuilderConfiguration matched:
?[0m?[0;34m      - @ConditionalOnClass found required class 'org.springframework.http.converter.json.Jackson2ObjectMapperBuilder' (OnClassCondition)
?[0m?[0;34m
?[0m?[0;34m   JacksonAutoConfiguration.JacksonObjectMapperBuilderConfiguration#jacksonObjectMapperBuilder matched:
?[0m?[0;34m      - @ConditionalOnMissingBean (types: org.springframework.http.converter.json.Jackson2ObjectMapperBuilder; SearchStrategy: all) did not find any beans (OnBeanCondition)
?[0m?[0;34m
?[0m?[0;34m   JacksonAutoConfiguration.JacksonObjectMapperConfiguration matched:
?[0m?[0;34m      - @ConditionalOnClass found required class 'org.springframework.http.converter.json.Jackson2ObjectMapperBuilder' (OnClassCondition)
?[0m?[0;34m
?[0m?[0;34m   JacksonAutoConfiguration.JacksonObjectMapperConfiguration#jacksonObjectMapper matched:
?[0m?[0;34m      - @ConditionalOnMissingBean (types: com.fasterxml.jackson.databind.ObjectMapper; SearchStrategy: all) did not find any beans (OnBeanCondition)
?[0m?[0;34m
?[0m?[0;34m   JacksonAutoConfiguration.ParameterNamesModuleConfiguration matched:
?[0m?[0;34m      - @ConditionalOnClass found required class 'com.fasterxml.jackson.module.paramnames.ParameterNamesModule' (OnClassCondition)
?[0m?[0;34m
?[0m?[0;34m   JacksonAutoConfiguration.ParameterNamesModuleConfiguration#parameterNamesModule matched:
?[0m?[0;34m      - @ConditionalOnMissingBean (types: com.fasterxml.jackson.module.paramnames.ParameterNamesModule; SearchStrategy: all) did not find any beans (OnBeanCondition)
?[0m?[0;34m
?[0m?[0;34m   JacksonHttpMessageConvertersConfiguration.MappingJackson2HttpMessageConverterConfiguration matched:
?[0m?[0;34m      - @ConditionalOnClass found required class 'com.fasterxml.jackson.databind.ObjectMapper' (OnClassCondition)
?[0m?[0;34m      - @ConditionalOnProperty (spring.mvc.converters.preferred-json-mapper=jackson) matched (OnPropertyCondition)
?[0m?[0;34m      - @ConditionalOnBean (types: com.fasterxml.jackson.databind.ObjectMapper; SearchStrategy: all) found bean 'jacksonObjectMapper' (OnBeanCondition)
?[0m?[0;34m
?[0m?[0;34m   JacksonHttpMessageConvertersConfiguration.MappingJackson2HttpMessageConverterConfiguration#mappingJackson2HttpMessageConverter matched:
?[0m?[0;34m      - @ConditionalOnMissingBean (types: org.springframework.http.converter.json.MappingJackson2HttpMessageConverter ignored: org.springframework.hateoas.server.mvc.TypeConstrainedMappingJackson2HttpMessageConverter,org.springframework.data.rest.webmvc.alps.AlpsJsonHttpMessageConverter; SearchStrategy: all) did not find any beans (OnBeanCondition)
?[0m?[0;34m
?[0m?[0;34m   JdbcTemplateAutoConfiguration matched:
?[0m?[0;34m      - @ConditionalOnClass found required classes 'javax.sql.DataSource', 'org.springframework.jdbc.core.JdbcTemplate' (OnClassCondition)
?[0m?[0;34m      - @ConditionalOnSingleCandidate (types: javax.sql.DataSource; SearchStrategy: all) found a primary bean from beans 'dataSource' (OnBeanCondition)
?[0m?[0;34m
?[0m?[0;34m   JdbcTemplateConfiguration matched:
?[0m?[0;34m      - @ConditionalOnMissingBean (types: org.springframework.jdbc.core.JdbcOperations; SearchStrategy: all) did not find any beans (OnBeanCondition)
?[0m?[0;34m
?[0m?[0;34m   JpaBaseConfiguration#entityManagerFactory matched:
?[0m?[0;34m      - @ConditionalOnMissingBean (types: org.springframework.orm.jpa.LocalContainerEntityManagerFactoryBean,javax.persistence.EntityManagerFactory; SearchStrategy: all) did not find any beans (OnBeanCondition)
?[0m?[0;34m
?[0m?[0;34m   JpaBaseConfiguration#entityManagerFactoryBuilder matched:
?[0m?[0;34m      - @ConditionalOnMissingBean (types: org.springframework.boot.orm.jpa.EntityManagerFactoryBuilder; SearchStrategy: all) did not find any beans (OnBeanCondition)
?[0m?[0;34m
?[0m?[0;34m   JpaBaseConfiguration#jpaVendorAdapter matched:
?[0m?[0;34m      - @ConditionalOnMissingBean (types: org.springframework.orm.jpa.JpaVendorAdapter; SearchStrategy: all) did not find any beans (OnBeanCondition)
?[0m?[0;34m
?[0m?[0;34m   JpaBaseConfiguration#transactionManager matched:
?[0m?[0;34m      - @ConditionalOnMissingBean (types: org.springframework.transaction.TransactionManager; SearchStrategy: all) did not find any beans (OnBeanCondition)
?[0m?[0;34m
?[0m?[0;34m   JpaBaseConfiguration.JpaWebConfiguration matched:
?[0m?[0;34m      - @ConditionalOnClass found required class 'org.springframework.web.servlet.config.annotation.WebMvcConfigurer' (OnClassCondition)
?[0m?[0;34m      - found 'session' scope (OnWebApplicationCondition)
?[0m?[0;34m      - @ConditionalOnProperty (spring.jpa.open-in-view=true) matched (OnPropertyCondition)
?[0m?[0;34m      - @ConditionalOnMissingBean (types: org.springframework.orm.jpa.support.OpenEntityManagerInViewInterceptor,org.springframework.orm.jpa.support.OpenEntityManagerInViewFilter; SearchStrategy: all) did not find any beans (OnBeanCondition)
?[0m?[0;34m
?[0m?[0;34m   JpaRepositoriesAutoConfiguration matched:
?[0m?[0;34m      - @ConditionalOnClass found required class 'org.springframework.data.jpa.repository.JpaRepository' (OnClassCondition)
?[0m?[0;34m      - @ConditionalOnProperty (spring.data.jpa.repositories.enabled=true) matched (OnPropertyCondition)
?[0m?[0;34m      - @ConditionalOnBean (types: javax.sql.DataSource; SearchStrategy: all) found bean 'dataSource'; @ConditionalOnMissingBean (types: org.springframework.data.jpa.repository.support.JpaRepositoryFactoryBean,org.springframework.data.jpa.repository.config.JpaRepositoryConfigExtension; SearchStrategy: all) did not find any beans (OnBeanCondition)
?[0m?[0;34m
?[0m?[0;34m   JtaAutoConfiguration matched:
?[0m?[0;34m      - @ConditionalOnClass found required class 'javax.transaction.Transaction' (OnClassCondition)
?[0m?[0;34m      - @ConditionalOnProperty (spring.jta.enabled) matched (OnPropertyCondition)
?[0m?[0;34m
?[0m?[0;34m   JvmMetricsAutoConfiguration matched:
?[0m?[0;34m      - @ConditionalOnClass found required class 'io.micrometer.core.instrument.MeterRegistry' (OnClassCondition)
?[0m?[0;34m      - @ConditionalOnBean (types: io.micrometer.core.instrument.MeterRegistry; SearchStrategy: all) found bean 'simpleMeterRegistry' (OnBeanCondition)
?[0m?[0;34m
?[0m?[0;34m   JvmMetricsAutoConfiguration#classLoaderMetrics matched:
?[0m?[0;34m      - @ConditionalOnMissingBean (types: io.micrometer.core.instrument.binder.jvm.ClassLoaderMetrics; SearchStrategy: all) did not find any beans (OnBeanCondition)
?[0m?[0;34m
?[0m?[0;34m   JvmMetricsAutoConfiguration#jvmGcMetrics matched:
?[0m?[0;34m      - @ConditionalOnMissingBean (types: io.micrometer.core.instrument.binder.jvm.JvmGcMetrics; SearchStrategy: all) did not find any beans (OnBeanCondition)
?[0m?[0;34m
?[0m?[0;34m   JvmMetricsAutoConfiguration#jvmMemoryMetrics matched:
?[0m?[0;34m      - @ConditionalOnMissingBean (types: io.micrometer.core.instrument.binder.jvm.JvmMemoryMetrics; SearchStrategy: all) did not find any beans (OnBeanCondition)
?[0m?[0;34m
?[0m?[0;34m   JvmMetricsAutoConfiguration#jvmThreadMetrics matched:
?[0m?[0;34m      - @ConditionalOnMissingBean (types: io.micrometer.core.instrument.binder.jvm.JvmThreadMetrics; SearchStrategy: all) did not find any beans (OnBeanCondition)
?[0m?[0;34m
?[0m?[0;34m   LifecycleAutoConfiguration#defaultLifecycleProcessor matched:
?[0m?[0;34m      - @ConditionalOnMissingBean (names: lifecycleProcessor; SearchStrategy: current) did not find any beans (OnBeanCondition)
?[0m?[0;34m
?[0m?[0;34m   LogFileWebEndpointAutoConfiguration matched:
?[0m?[0;34m      - @ConditionalOnAvailableEndpoint no property management.endpoint.logfile.enabled found so using endpoint default; @ConditionalOnAvailableEndpoint marked as exposed by a 'management.endpoints.web.exposure' property (OnAvailableEndpointCondition)
?[0m?[0;34m
?[0m?[0;34m   LogFileWebEndpointAutoConfiguration#logFileWebEndpoint matched:
?[0m?[0;34m      - Log File found logging.file.path ../logs (LogFileWebEndpointAutoConfiguration.LogFileCondition)
?[0m?[0;34m      - @ConditionalOnMissingBean (types: org.springframework.boot.actuate.logging.LogFileWebEndpoint; SearchStrategy: all) did not find any beans (OnBeanCondition)
?[0m?[0;34m
?[0m?[0;34m   LogbackMetricsAutoConfiguration matched:
?[0m?[0;34m      - @ConditionalOnClass found required classes 'io.micrometer.core.instrument.MeterRegistry', 'ch.qos.logback.classic.LoggerContext', 'org.slf4j.LoggerFactory' (OnClassCondition)
?[0m?[0;34m      - LogbackLoggingCondition ILoggerFactory is a Logback LoggerContext (LogbackMetricsAutoConfiguration.LogbackLoggingCondition)
?[0m?[0;34m      - @ConditionalOnBean (types: io.micrometer.core.instrument.MeterRegistry; SearchStrategy: all) found bean 'simpleMeterRegistry' (OnBeanCondition)
?[0m?[0;34m
?[0m?[0;34m   LogbackMetricsAutoConfiguration#logbackMetrics matched:
?[0m?[0;34m      - @ConditionalOnMissingBean (types: io.micrometer.core.instrument.binder.logging.LogbackMetrics; SearchStrategy: all) did not find any beans (OnBeanCondition)
?[0m?[0;34m
?[0m?[0;34m   LoggersEndpointAutoConfiguration matched:
?[0m?[0;34m      - @ConditionalOnAvailableEndpoint no property management.endpoint.loggers.enabled found so using endpoint default; @ConditionalOnAvailableEndpoint marked as exposed by a 'management.endpoints.web.exposure' property (OnAvailableEndpointCondition)
?[0m?[0;34m
?[0m?[0;34m   LoggersEndpointAutoConfiguration#loggersEndpoint matched:
?[0m?[0;34m      - Logging System enabled (LoggersEndpointAutoConfiguration.OnEnabledLoggingSystemCondition)
?[0m?[0;34m      - @ConditionalOnBean (types: org.springframework.boot.logging.LoggingSystem; SearchStrategy: all) found bean 'springBootLoggingSystem'; @ConditionalOnMissingBean (types: org.springframework.boot.actuate.logging.LoggersEndpoint; SearchStrategy: all) did not find any beans (OnBeanCondition)
?[0m?[0;34m
?[0m?[0;34m   ManagementContextAutoConfiguration.SameManagementContextConfiguration matched:
?[0m?[0;34m      - Management Port actual port type (SAME) matched required type (OnManagementPortCondition)
?[0m?[0;34m
?[0m?[0;34m   MappingsEndpointAutoConfiguration matched:
?[0m?[0;34m      - @ConditionalOnAvailableEndpoint no property management.endpoint.mappings.enabled found so using endpoint default; @ConditionalOnAvailableEndpoint marked as exposed by a 'management.endpoints.web.exposure' property (OnAvailableEndpointCondition)
?[0m?[0;34m
?[0m?[0;34m   MappingsEndpointAutoConfiguration.ServletWebConfiguration matched:
?[0m?[0;34m      - found 'session' scope (OnWebApplicationCondition)
?[0m?[0;34m
?[0m?[0;34m   MappingsEndpointAutoConfiguration.ServletWebConfiguration.SpringMvcConfiguration matched:
?[0m?[0;34m      - @ConditionalOnClass found required class 'org.springframework.web.servlet.DispatcherServlet' (OnClassCondition)
?[0m?[0;34m      - @ConditionalOnBean (types: org.springframework.web.servlet.DispatcherServlet; SearchStrategy: all) found bean 'dispatcherServlet' (OnBeanCondition)
?[0m?[0;34m
?[0m?[0;34m   MetricsAutoConfiguration matched:
?[0m?[0;34m      - @ConditionalOnClass found required class 'io.micrometer.core.annotation.Timed' (OnClassCondition)
?[0m?[0;34m
?[0m?[0;34m   MetricsAutoConfiguration#micrometerClock matched:
?[0m?[0;34m      - @ConditionalOnMissingBean (types: io.micrometer.core.instrument.Clock; SearchStrategy: all) did not find any beans (OnBeanCondition)
?[0m?[0;34m
?[0m?[0;34m   MetricsEndpointAutoConfiguration matched:
?[0m?[0;34m      - @ConditionalOnClass found required class 'io.micrometer.core.annotation.Timed' (OnClassCondition)
?[0m?[0;34m      - @ConditionalOnAvailableEndpoint no property management.endpoint.metrics.enabled found so using endpoint default; @ConditionalOnAvailableEndpoint marked as exposed by a 'management.endpoints.web.exposure' property (OnAvailableEndpointCondition)
?[0m?[0;34m
?[0m?[0;34m   MetricsEndpointAutoConfiguration#metricsEndpoint matched:
?[0m?[0;34m      - @ConditionalOnBean (types: io.micrometer.core.instrument.MeterRegistry; SearchStrategy: all) found bean 'simpleMeterRegistry'; @ConditionalOnMissingBean (types: org.springframework.boot.actuate.metrics.MetricsEndpoint; SearchStrategy: all) did not find any beans (OnBeanCondition)
?[0m?[0;34m
?[0m?[0;34m   MultipartAutoConfiguration matched:
?[0m?[0;34m      - @ConditionalOnClass found required classes 'javax.servlet.Servlet', 'org.springframework.web.multipart.support.StandardServletMultipartResolver', 'javax.servlet.MultipartConfigElement' (OnClassCondition)
?[0m?[0;34m      - found 'session' scope (OnWebApplicationCondition)
?[0m?[0;34m      - @ConditionalOnProperty (spring.servlet.multipart.enabled) matched (OnPropertyCondition)
?[0m?[0;34m
?[0m?[0;34m   MultipartAutoConfiguration#multipartConfigElement matched:
?[0m?[0;34m      - @ConditionalOnMissingBean (types: javax.servlet.MultipartConfigElement,org.springframework.web.multipart.commons.CommonsMultipartResolver; SearchStrategy: all) did not find any beans (OnBeanCondition)
?[0m?[0;34m
?[0m?[0;34m   MultipartAutoConfiguration#multipartResolver matched:
?[0m?[0;34m      - @ConditionalOnMissingBean (types: org.springframework.web.multipart.MultipartResolver; SearchStrategy: all) did not find any beans (OnBeanCondition)
?[0m?[0;34m
?[0m?[0;34m   NamedParameterJdbcTemplateConfiguration matched:
?[0m?[0;34m      - @ConditionalOnSingleCandidate (types: org.springframework.jdbc.core.JdbcTemplate; SearchStrategy: all) found a primary bean from beans 'jdbcTemplate'; @ConditionalOnMissingBean (types: org.springframework.jdbc.core.namedparam.NamedParameterJdbcOperations; SearchStrategy: all) did not find any beans (OnBeanCondition)
?[0m?[0;34m
?[0m?[0;34m   NoOpCacheConfiguration matched:
?[0m?[0;34m      - Cache org.springframework.boot.autoconfigure.cache.NoOpCacheConfiguration automatic cache type (CacheCondition)
?[0m?[0;34m
?[0m?[0;34m   PersistenceExceptionTranslationAutoConfiguration matched:
?[0m?[0;34m      - @ConditionalOnClass found required class 'org.springframework.dao.annotation.PersistenceExceptionTranslationPostProcessor' (OnClassCondition)
?[0m?[0;34m
?[0m?[0;34m   PersistenceExceptionTranslationAutoConfiguration#persistenceExceptionTranslationPostProcessor matched:
?[0m?[0;34m      - @ConditionalOnProperty (spring.dao.exceptiontranslation.enabled) matched (OnPropertyCondition)
?[0m?[0;34m      - @ConditionalOnMissingBean (types: org.springframework.dao.annotation.PersistenceExceptionTranslationPostProcessor; SearchStrategy: all) did not find any beans (OnBeanCondition)
?[0m?[0;34m
?[0m?[0;34m   PropertyPlaceholderAutoConfiguration#propertySourcesPlaceholderConfigurer matched:
?[0m?[0;34m      - @ConditionalOnMissingBean (types: org.springframework.context.support.PropertySourcesPlaceholderConfigurer; SearchStrategy: current) did not find any beans (OnBeanCondition)
?[0m?[0;34m
?[0m?[0;34m   RepositoryMetricsAutoConfiguration matched:
?[0m?[0;34m      - @ConditionalOnClass found required class 'org.springframework.data.repository.Repository' (OnClassCondition)
?[0m?[0;34m      - @ConditionalOnBean (types: io.micrometer.core.instrument.MeterRegistry; SearchStrategy: all) found bean 'simpleMeterRegistry' (OnBeanCondition)
?[0m?[0;34m
?[0m?[0;34m   RepositoryMetricsAutoConfiguration#metricsRepositoryMethodInvocationListener matched:
?[0m?[0;34m      - @ConditionalOnMissingBean (types: org.springframework.boot.actuate.metrics.data.MetricsRepositoryMethodInvocationListener; SearchStrategy: all) did not find any beans (OnBeanCondition)
?[0m?[0;34m
?[0m?[0;34m   RepositoryMetricsAutoConfiguration#repositoryTagsProvider matched:
?[0m?[0;34m      - @ConditionalOnMissingBean (types: org.springframework.boot.actuate.metrics.data.RepositoryTagsProvider; SearchStrategy: all) did not find any beans (OnBeanCondition)
?[0m?[0;34m
?[0m?[0;34m   RestTemplateAutoConfiguration matched:
?[0m?[0;34m      - @ConditionalOnClass found required class 'org.springframework.web.client.RestTemplate' (OnClassCondition)
?[0m?[0;34m      - NoneNestedConditions 0 matched 1 did not; NestedCondition on RestTemplateAutoConfiguration.NotReactiveWebApplicationCondition.ReactiveWebApplication did not find reactive web application classes (RestTemplateAutoConfiguration.NotReactiveWebApplicationCondition)
?[0m?[0;34m
?[0m?[0;34m   RestTemplateAutoConfiguration#restTemplateBuilder matched:
?[0m?[0;34m      - @ConditionalOnMissingBean (types: org.springframework.boot.web.client.RestTemplateBuilder; SearchStrategy: all) did not find any beans (OnBeanCondition)
?[0m?[0;34m
?[0m?[0;34m   RestTemplateAutoConfiguration#restTemplateBuilderConfigurer matched:
?[0m?[0;34m      - @ConditionalOnMissingBean (types: org.springframework.boot.autoconfigure.web.client.RestTemplateBuilderConfigurer; SearchStrategy: all) did not find any beans (OnBeanCondition)
?[0m?[0;34m
?[0m?[0;34m   RestTemplateMetricsConfiguration matched:
?[0m?[0;34m      - @ConditionalOnClass found required class 'org.springframework.web.client.RestTemplate' (OnClassCondition)
?[0m?[0;34m      - @ConditionalOnBean (types: org.springframework.boot.web.client.RestTemplateBuilder; SearchStrategy: all) found bean 'restTemplateBuilder' (OnBeanCondition)
?[0m?[0;34m
?[0m?[0;34m   RestTemplateMetricsConfiguration#restTemplateExchangeTagsProvider matched:
?[0m?[0;34m      - @ConditionalOnMissingBean (types: org.springframework.boot.actuate.metrics.web.client.RestTemplateExchangeTagsProvider; SearchStrategy: all) did not find any beans (OnBeanCondition)
?[0m?[0;34m
?[0m?[0;34m   ScheduledTasksEndpointAutoConfiguration matched:
?[0m?[0;34m      - @ConditionalOnAvailableEndpoint no property management.endpoint.scheduledtasks.enabled found so using endpoint default; @ConditionalOnAvailableEndpoint marked as exposed by a 'management.endpoints.web.exposure' property (OnAvailableEndpointCondition)
?[0m?[0;34m
?[0m?[0;34m   ScheduledTasksEndpointAutoConfiguration#scheduledTasksEndpoint matched:
?[0m?[0;34m      - @ConditionalOnMissingBean (types: org.springframework.boot.actuate.scheduling.ScheduledTasksEndpoint; SearchStrategy: all) did not find any beans (OnBeanCondition)
?[0m?[0;34m
?[0m?[0;34m   SecurityAutoConfiguration matched:
?[0m?[0;34m      - @ConditionalOnClass found required class 'org.springframework.security.authentication.DefaultAuthenticationEventPublisher' (OnClassCondition)
?[0m?[0;34m
?[0m?[0;34m   SecurityAutoConfiguration#authenticationEventPublisher matched:
?[0m?[0;34m      - @ConditionalOnMissingBean (types: org.springframework.security.authentication.AuthenticationEventPublisher; SearchStrategy: all) did not find any beans (OnBeanCondition)
?[0m?[0;34m
?[0m?[0;34m   SecurityFilterAutoConfiguration matched:
?[0m?[0;34m      - @ConditionalOnClass found required classes 'org.springframework.security.web.context.AbstractSecurityWebApplicationInitializer', 'org.springframework.security.config.http.SessionCreationPolicy' (OnClassCondition)
?[0m?[0;34m      - found 'session' scope (OnWebApplicationCondition)
?[0m?[0;34m
?[0m?[0;34m   SecurityFilterAutoConfiguration#securityFilterChainRegistration matched:
?[0m?[0;34m      - @ConditionalOnBean (names: springSecurityFilterChain; SearchStrategy: all) found bean 'springSecurityFilterChain' (OnBeanCondition)
?[0m?[0;34m
?[0m?[0;34m   SecurityRequestMatchersManagementContextConfiguration matched:
?[0m?[0;34m      - @ConditionalOnClass found required class 'org.springframework.security.web.util.matcher.RequestMatcher' (OnClassCondition)
?[0m?[0;34m      - found 'session' scope (OnWebApplicationCondition)
?[0m?[0;34m
?[0m?[0;34m   SecurityRequestMatchersManagementContextConfiguration.MvcRequestMatcherConfiguration matched:
?[0m?[0;34m      - @ConditionalOnClass found required class 'org.springframework.web.servlet.DispatcherServlet' (OnClassCondition)
?[0m?[0;34m      - @ConditionalOnBean (types: org.springframework.boot.autoconfigure.web.servlet.DispatcherServletPath; SearchStrategy: all) found bean 'dispatcherServletRegistration' (OnBeanCondition)
?[0m?[0;34m
?[0m?[0;34m   SecurityRequestMatchersManagementContextConfiguration.MvcRequestMatcherConfiguration#requestMatcherProvider matched:
?[0m?[0;34m      - @ConditionalOnClass found required class 'org.springframework.web.servlet.DispatcherServlet' (OnClassCondition)
?[0m?[0;34m      - @ConditionalOnMissingBean (types: org.springframework.boot.autoconfigure.security.servlet.RequestMatcherProvider; SearchStrategy: all) did not find any beans (OnBeanCondition)
?[0m?[0;34m
?[0m?[0;34m   ServletEndpointManagementContextConfiguration matched:
?[0m?[0;34m      - found 'session' scope (OnWebApplicationCondition)
?[0m?[0;34m
?[0m?[0;34m   ServletEndpointManagementContextConfiguration.WebMvcServletEndpointManagementContextConfiguration matched:
?[0m?[0;34m      - @ConditionalOnClass found required class 'org.springframework.web.servlet.DispatcherServlet' (OnClassCondition)
?[0m?[0;34m
?[0m?[0;34m   ServletManagementContextAutoConfiguration matched:
?[0m?[0;34m      - @ConditionalOnClass found required class 'javax.servlet.Servlet' (OnClassCondition)
?[0m?[0;34m      - found 'session' scope (OnWebApplicationCondition)
?[0m?[0;34m
?[0m?[0;34m   ServletWebServerFactoryAutoConfiguration matched:
?[0m?[0;34m      - @ConditionalOnClass found required class 'javax.servlet.ServletRequest' (OnClassCondition)
?[0m?[0;34m      - found 'session' scope (OnWebApplicationCondition)
?[0m?[0;34m
?[0m?[0;34m   ServletWebServerFactoryAutoConfiguration#tomcatServletWebServerFactoryCustomizer matched:
?[0m?[0;34m      - @ConditionalOnClass found required class 'org.apache.catalina.startup.Tomcat' (OnClassCondition)
?[0m?[0;34m
?[0m?[0;34m   ServletWebServerFactoryConfiguration.EmbeddedTomcat matched:
?[0m?[0;34m      - @ConditionalOnClass found required classes 'javax.servlet.Servlet', 'org.apache.catalina.startup.Tomcat', 'org.apache.coyote.UpgradeProtocol' (OnClassCondition)
?[0m?[0;34m      - @ConditionalOnMissingBean (types: org.springframework.boot.web.servlet.server.ServletWebServerFactory; SearchStrategy: current) did not find any beans (OnBeanCondition)
?[0m?[0;34m
?[0m?[0;34m   ShutdownEndpointAutoConfiguration matched:
?[0m?[0;34m      - @ConditionalOnAvailableEndpoint found property management.endpoint.shutdown.enabled with value true; @ConditionalOnAvailableEndpoint marked as exposed by a 'management.endpoints.web.exposure' property (OnAvailableEndpointCondition)
?[0m?[0;34m
?[0m?[0;34m   ShutdownEndpointAutoConfiguration#shutdownEndpoint matched:
?[0m?[0;34m      - @ConditionalOnMissingBean (types: org.springframework.boot.actuate.context.ShutdownEndpoint; SearchStrategy: all) did not find any beans (OnBeanCondition)
?[0m?[0;34m
?[0m?[0;34m   SimpleCacheConfiguration matched:
?[0m?[0;34m      - Cache org.springframework.boot.autoconfigure.cache.SimpleCacheConfiguration automatic cache type (CacheCondition)
?[0m?[0;34m
?[0m?[0;34m   SimpleMetricsExportAutoConfiguration matched:
?[0m?[0;34m      - @ConditionalOnEnabledMetricsExport management.metrics.export.defaults.enabled is considered true (OnMetricsExportEnabledCondition)
?[0m?[0;34m      - @ConditionalOnBean (types: io.micrometer.core.instrument.Clock; SearchStrategy: all) found bean 'micrometerClock'; @ConditionalOnMissingBean (types: io.micrometer.core.instrument.MeterRegistry; SearchStrategy: all) did not find any beans (OnBeanCondition)
?[0m?[0;34m
?[0m?[0;34m   SimpleMetricsExportAutoConfiguration#simpleConfig matched:
?[0m?[0;34m      - @ConditionalOnMissingBean (types: io.micrometer.core.instrument.simple.SimpleConfig; SearchStrategy: all) did not find any beans (OnBeanCondition)
?[0m?[0;34m
?[0m?[0;34m   SpringDataWebAutoConfiguration matched:
?[0m?[0;34m      - @ConditionalOnClass found required classes 'org.springframework.data.web.PageableHandlerMethodArgumentResolver', 'org.springframework.web.servlet.config.annotation.WebMvcConfigurer' (OnClassCondition)
?[0m?[0;34m      - found 'session' scope (OnWebApplicationCondition)
?[0m?[0;34m      - @ConditionalOnMissingBean (types: org.springframework.data.web.PageableHandlerMethodArgumentResolver; SearchStrategy: all) did not find any beans (OnBeanCondition)
?[0m?[0;34m
?[0m?[0;34m   SpringDataWebAutoConfiguration#pageableCustomizer matched:
?[0m?[0;34m      - @ConditionalOnMissingBean (types: org.springframework.data.web.config.PageableHandlerMethodArgumentResolverCustomizer; SearchStrategy: all) did not find any beans (OnBeanCondition)
?[0m?[0;34m
?[0m?[0;34m   SpringDataWebAutoConfiguration#sortCustomizer matched:
?[0m?[0;34m      - @ConditionalOnMissingBean (types: org.springframework.data.web.config.SortHandlerMethodArgumentResolverCustomizer; SearchStrategy: all) did not find any beans (OnBeanCondition)
?[0m?[0;34m
?[0m?[0;34m   SqlInitializationAutoConfiguration matched:
?[0m?[0;34m      - @ConditionalOnProperty (spring.sql.init.enabled) matched (OnPropertyCondition)
?[0m?[0;34m      - NoneNestedConditions 0 matched 1 did not; NestedCondition on SqlInitializationAutoConfiguration.SqlInitializationModeCondition.ModeIsNever @ConditionalOnProperty (spring.sql.init.mode=never) did not find property 'mode' (SqlInitializationAutoConfiguration.SqlInitializationModeCondition)
?[0m?[0;34m      - @ConditionalOnMissingBean (types: org.springframework.boot.sql.init.AbstractScriptDatabaseInitializer; SearchStrategy: all) did not find any beans (OnBeanCondition)
?[0m?[0;34m
?[0m?[0;34m   SystemMetricsAutoConfiguration matched:
?[0m?[0;34m      - @ConditionalOnClass found required class 'io.micrometer.core.instrument.MeterRegistry' (OnClassCondition)
?[0m?[0;34m      - @ConditionalOnBean (types: io.micrometer.core.instrument.MeterRegistry; SearchStrategy: all) found bean 'simpleMeterRegistry' (OnBeanCondition)
?[0m?[0;34m
?[0m?[0;34m   SystemMetricsAutoConfiguration#fileDescriptorMetrics matched:
?[0m?[0;34m      - @ConditionalOnMissingBean (types: io.micrometer.core.instrument.binder.system.FileDescriptorMetrics; SearchStrategy: all) did not find any beans (OnBeanCondition)
?[0m?[0;34m
?[0m?[0;34m   SystemMetricsAutoConfiguration#processorMetrics matched:
?[0m?[0;34m      - @ConditionalOnMissingBean (types: io.micrometer.core.instrument.binder.system.ProcessorMetrics; SearchStrategy: all) did not find any beans (OnBeanCondition)
?[0m?[0;34m
?[0m?[0;34m   SystemMetricsAutoConfiguration#uptimeMetrics matched:
?[0m?[0;34m      - @ConditionalOnMissingBean (types: io.micrometer.core.instrument.binder.system.UptimeMetrics; SearchStrategy: all) did not find any beans (OnBeanCondition)
?[0m?[0;34m
?[0m?[0;34m   TaskExecutionAutoConfiguration matched:
?[0m?[0;34m      - @ConditionalOnClass found required class 'org.springframework.scheduling.concurrent.ThreadPoolTaskExecutor' (OnClassCondition)
?[0m?[0;34m
?[0m?[0;34m   TaskExecutionAutoConfiguration#applicationTaskExecutor matched:
?[0m?[0;34m      - @ConditionalOnMissingBean (types: java.util.concurrent.Executor; SearchStrategy: all) did not find any beans (OnBeanCondition)
?[0m?[0;34m
?[0m?[0;34m   TaskExecutionAutoConfiguration#taskExecutorBuilder matched:
?[0m?[0;34m      - @ConditionalOnMissingBean (types: org.springframework.boot.task.TaskExecutorBuilder; SearchStrategy: all) did not find any beans (OnBeanCondition)
?[0m?[0;34m
?[0m?[0;34m   TaskSchedulingAutoConfiguration matched:
?[0m?[0;34m      - @ConditionalOnClass found required class 'org.springframework.scheduling.concurrent.ThreadPoolTaskScheduler' (OnClassCondition)
?[0m?[0;34m
?[0m?[0;34m   TaskSchedulingAutoConfiguration#taskSchedulerBuilder matched:
?[0m?[0;34m      - @ConditionalOnMissingBean (types: org.springframework.boot.task.TaskSchedulerBuilder; SearchStrategy: all) did not find any beans (OnBeanCondition)
?[0m?[0;34m
?[0m?[0;34m   ThreadDumpEndpointAutoConfiguration matched:
?[0m?[0;34m      - @ConditionalOnAvailableEndpoint no property management.endpoint.threaddump.enabled found so using endpoint default; @ConditionalOnAvailableEndpoint marked as exposed by a 'management.endpoints.web.exposure' property (OnAvailableEndpointCondition)
?[0m?[0;34m
?[0m?[0;34m   ThreadDumpEndpointAutoConfiguration#dumpEndpoint matched:
?[0m?[0;34m      - @ConditionalOnMissingBean (types: org.springframework.boot.actuate.management.ThreadDumpEndpoint; SearchStrategy: all) did not find any beans (OnBeanCondition)
?[0m?[0;34m
?[0m?[0;34m   TomcatMetricsAutoConfiguration matched:
?[0m?[0;34m      - @ConditionalOnClass found required classes 'io.micrometer.core.instrument.binder.tomcat.TomcatMetrics', 'org.apache.catalina.Manager' (OnClassCondition)
?[0m?[0;34m      - @ConditionalOnWebApplication (required) found 'session' scope (OnWebApplicationCondition)
?[0m?[0;34m
?[0m?[0;34m   TomcatMetricsAutoConfiguration#tomcatMetricsBinder matched:
?[0m?[0;34m      - @ConditionalOnBean (types: io.micrometer.core.instrument.MeterRegistry; SearchStrategy: all) found bean 'simpleMeterRegistry'; @ConditionalOnMissingBean (types: io.micrometer.core.instrument.binder.tomcat.TomcatMetrics,org.springframework.boot.actuate.metrics.web.tomcat.TomcatMetricsBinder; SearchStrategy: all) did not find any beans (OnBeanCondition)
?[0m?[0;34m
?[0m?[0;34m   TransactionAutoConfiguration matched:
?[0m?[0;34m      - @ConditionalOnClass found required class 'org.springframework.transaction.PlatformTransactionManager' (OnClassCondition)
?[0m?[0;34m
?[0m?[0;34m   TransactionAutoConfiguration#platformTransactionManagerCustomizers matched:
?[0m?[0;34m      - @ConditionalOnMissingBean (types: org.springframework.boot.autoconfigure.transaction.TransactionManagerCustomizers; SearchStrategy: all) did not find any beans (OnBeanCondition)
?[0m?[0;34m
?[0m?[0;34m   TransactionAutoConfiguration.EnableTransactionManagementConfiguration matched:
?[0m?[0;34m      - @ConditionalOnBean (types: org.springframework.transaction.TransactionManager; SearchStrategy: all) found bean 'transactionManager'; @ConditionalOnMissingBean (types: org.springframework.transaction.annotation.AbstractTransactionManagementConfiguration; SearchStrategy: all) did not find any beans (OnBeanCondition)
?[0m?[0;34m
?[0m?[0;34m   TransactionAutoConfiguration.EnableTransactionManagementConfiguration.CglibAutoProxyConfiguration matched:
?[0m?[0;34m      - @ConditionalOnProperty (spring.aop.proxy-target-class=true) matched (OnPropertyCondition)
?[0m?[0;34m
?[0m?[0;34m   TransactionAutoConfiguration.TransactionTemplateConfiguration matched:
?[0m?[0;34m      - @ConditionalOnSingleCandidate (types: org.springframework.transaction.PlatformTransactionManager; SearchStrategy: all) found a primary bean from beans 'transactionManager' (OnBeanCondition)
?[0m?[0;34m
?[0m?[0;34m   TransactionAutoConfiguration.TransactionTemplateConfiguration#transactionTemplate matched:
?[0m?[0;34m      - @ConditionalOnMissingBean (types: org.springframework.transaction.support.TransactionOperations; SearchStrategy: all) did not find any beans (OnBeanCondition)
?[0m?[0;34m
?[0m?[0;34m   ValidationAutoConfiguration matched:
?[0m?[0;34m      - @ConditionalOnClass found required class 'javax.validation.executable.ExecutableValidator' (OnClassCondition)
?[0m?[0;34m      - @ConditionalOnResource found location classpath:META-INF/services/javax.validation.spi.ValidationProvider (OnResourceCondition)
?[0m?[0;34m
?[0m?[0;34m   ValidationAutoConfiguration#defaultValidator matched:
?[0m?[0;34m      - @ConditionalOnMissingBean (types: javax.validation.Validator; SearchStrategy: all) did not find any beans (OnBeanCondition)
?[0m?[0;34m
?[0m?[0;34m   ValidationAutoConfiguration#methodValidationPostProcessor matched:
?[0m?[0;34m      - @ConditionalOnMissingBean (types: org.springframework.validation.beanvalidation.MethodValidationPostProcessor; SearchStrategy: all) did not find any beans (OnBeanCondition)
?[0m?[0;34m
?[0m?[0;34m   WebEndpointAutoConfiguration matched:
?[0m?[0;34m      - @ConditionalOnWebApplication (required) found 'session' scope (OnWebApplicationCondition)
?[0m?[0;34m
?[0m?[0;34m   WebEndpointAutoConfiguration#controllerEndpointDiscoverer matched:
?[0m?[0;34m      - @ConditionalOnMissingBean (types: org.springframework.boot.actuate.endpoint.web.annotation.ControllerEndpointsSupplier; SearchStrategy: all) did not find any beans (OnBeanCondition)
?[0m?[0;34m
?[0m?[0;34m   WebEndpointAutoConfiguration#endpointMediaTypes matched:
?[0m?[0;34m      - @ConditionalOnMissingBean (types: org.springframework.boot.actuate.endpoint.web.EndpointMediaTypes; SearchStrategy: all) did not find any beans (OnBeanCondition)
?[0m?[0;34m
?[0m?[0;34m   WebEndpointAutoConfiguration#pathMappedEndpoints matched:
?[0m?[0;34m      - @ConditionalOnMissingBean (types: org.springframework.boot.actuate.endpoint.web.PathMappedEndpoints; SearchStrategy: all) did not find any beans (OnBeanCondition)
?[0m?[0;34m
?[0m?[0;34m   WebEndpointAutoConfiguration#webEndpointDiscoverer matched:
?[0m?[0;34m      - @ConditionalOnMissingBean (types: org.springframework.boot.actuate.endpoint.web.WebEndpointsSupplier; SearchStrategy: all) did not find any beans (OnBeanCondition)
?[0m?[0;34m
?[0m?[0;34m   WebEndpointAutoConfiguration.WebEndpointServletConfiguration matched:
?[0m?[0;34m      - found 'session' scope (OnWebApplicationCondition)
?[0m?[0;34m
?[0m?[0;34m   WebEndpointAutoConfiguration.WebEndpointServletConfiguration#servletEndpointDiscoverer matched:
?[0m?[0;34m      - @ConditionalOnMissingBean (types: org.springframework.boot.actuate.endpoint.web.annotation.ServletEndpointsSupplier; SearchStrategy: all) did not find any beans (OnBeanCondition)
?[0m?[0;34m
?[0m?[0;34m   WebMvcAutoConfiguration matched:
?[0m?[0;34m      - @ConditionalOnClass found required classes 'javax.servlet.Servlet', 'org.springframework.web.servlet.DispatcherServlet', 'org.springframework.web.servlet.config.annotation.WebMvcConfigurer' (OnClassCondition)
?[0m?[0;34m      - found 'session' scope (OnWebApplicationCondition)
?[0m?[0;34m      - @ConditionalOnMissingBean (types: org.springframework.web.servlet.config.annotation.WebMvcConfigurationSupport; SearchStrategy: all) did not find any beans (OnBeanCondition)
?[0m?[0;34m
?[0m?[0;34m   WebMvcAutoConfiguration#formContentFilter matched:
?[0m?[0;34m      - @ConditionalOnProperty (spring.mvc.formcontent.filter.enabled) matched (OnPropertyCondition)
?[0m?[0;34m      - @ConditionalOnMissingBean (types: org.springframework.web.filter.FormContentFilter; SearchStrategy: all) did not find any beans (OnBeanCondition)
?[0m?[0;34m
?[0m?[0;34m   WebMvcAutoConfiguration.EnableWebMvcConfiguration#flashMapManager matched:
?[0m?[0;34m      - @ConditionalOnMissingBean (names: flashMapManager; SearchStrategy: all) did not find any beans (OnBeanCondition)
?[0m?[0;34m
?[0m?[0;34m   WebMvcAutoConfiguration.EnableWebMvcConfiguration#localeResolver matched:
?[0m?[0;34m      - @ConditionalOnMissingBean (names: localeResolver; SearchStrategy: all) did not find any beans (OnBeanCondition)
?[0m?[0;34m
?[0m?[0;34m   WebMvcAutoConfiguration.EnableWebMvcConfiguration#themeResolver matched:
?[0m?[0;34m      - @ConditionalOnMissingBean (names: themeResolver; SearchStrategy: all) did not find any beans (OnBeanCondition)
?[0m?[0;34m
?[0m?[0;34m   WebMvcAutoConfiguration.WebMvcAutoConfigurationAdapter#defaultViewResolver matched:
?[0m?[0;34m      - @ConditionalOnMissingBean (types: org.springframework.web.servlet.view.InternalResourceViewResolver; SearchStrategy: all) did not find any beans (OnBeanCondition)
?[0m?[0;34m
?[0m?[0;34m   WebMvcAutoConfiguration.WebMvcAutoConfigurationAdapter#requestContextFilter matched:
?[0m?[0;34m      - @ConditionalOnMissingBean (types: org.springframework.web.context.request.RequestContextListener,org.springframework.web.filter.RequestContextFilter; SearchStrategy: all) did not find any beans (OnBeanCondition)
?[0m?[0;34m
?[0m?[0;34m   WebMvcAutoConfiguration.WebMvcAutoConfigurationAdapter#viewResolver matched:
?[0m?[0;34m      - @ConditionalOnBean (types: org.springframework.web.servlet.ViewResolver; SearchStrategy: all) found beans 'defaultViewResolver', 'beanNameViewResolver', 'mvcViewResolver'; @ConditionalOnMissingBean (names: viewResolver types: org.springframework.web.servlet.view.ContentNegotiatingViewResolver; SearchStrategy: all) did not find any beans (OnBeanCondition)
?[0m?[0;34m
?[0m?[0;34m   WebMvcEndpointManagementContextConfiguration matched:
?[0m?[0;34m      - @ConditionalOnClass found required class 'org.springframework.web.servlet.DispatcherServlet' (OnClassCondition)
?[0m?[0;34m      - found 'session' scope (OnWebApplicationCondition)
?[0m?[0;34m      - @ConditionalOnBean (types: org.springframework.web.servlet.DispatcherServlet,org.springframework.boot.actuate.endpoint.web.WebEndpointsSupplier; SearchStrategy: all) found beans 'webEndpointDiscoverer', 'dispatcherServlet' (OnBeanCondition)
?[0m?[0;34m
?[0m?[0;34m   WebMvcEndpointManagementContextConfiguration#controllerEndpointHandlerMapping matched:
?[0m?[0;34m      - @ConditionalOnMissingBean (types: org.springframework.boot.actuate.endpoint.web.servlet.ControllerEndpointHandlerMapping; SearchStrategy: all) did not find any beans (OnBeanCondition)
?[0m?[0;34m
?[0m?[0;34m   WebMvcEndpointManagementContextConfiguration#webEndpointServletHandlerMapping matched:
?[0m?[0;34m      - @ConditionalOnMissingBean (types: org.springframework.boot.actuate.endpoint.web.servlet.WebMvcEndpointHandlerMapping; SearchStrategy: all) did not find any beans (OnBeanCondition)
?[0m?[0;34m
?[0m?[0;34m   WebMvcMetricsAutoConfiguration matched:
?[0m?[0;34m      - @ConditionalOnClass found required class 'org.springframework.web.servlet.DispatcherServlet' (OnClassCondition)
?[0m?[0;34m      - found 'session' scope (OnWebApplicationCondition)
?[0m?[0;34m      - @ConditionalOnBean (types: io.micrometer.core.instrument.MeterRegistry; SearchStrategy: all) found bean 'simpleMeterRegistry' (OnBeanCondition)
?[0m?[0;34m
?[0m?[0;34m   WebMvcMetricsAutoConfiguration#webMvcTagsProvider matched:
?[0m?[0;34m      - @ConditionalOnMissingBean (types: org.springframework.boot.actuate.metrics.web.servlet.WebMvcTagsProvider; SearchStrategy: all) did not find any beans (OnBeanCondition)
?[0m?[0;34m
?[0m?[0;34m   WebSecurityEnablerConfiguration matched:
?[0m?[0;34m      - @ConditionalOnClass found required class 'org.springframework.security.config.annotation.web.configuration.EnableWebSecurity' (OnClassCondition)
?[0m?[0;34m      - found 'session' scope (OnWebApplicationCondition)
?[0m?[0;34m      - @ConditionalOnMissingBean (names: springSecurityFilterChain; SearchStrategy: all) did not find any beans (OnBeanCondition)
?[0m?[0;34m
?[0m?[0;34m   WebSocketServletAutoConfiguration matched:
?[0m?[0;34m      - @ConditionalOnClass found required classes 'javax.servlet.Servlet', 'javax.websocket.server.ServerContainer' (OnClassCondition)
?[0m?[0;34m      - found 'session' scope (OnWebApplicationCondition)
?[0m?[0;34m
?[0m?[0;34m   WebSocketServletAutoConfiguration.TomcatWebSocketConfiguration matched:
?[0m?[0;34m      - @ConditionalOnClass found required classes 'org.apache.catalina.startup.Tomcat', 'org.apache.tomcat.websocket.server.WsSci' (OnClassCondition)
?[0m?[0;34m
?[0m?[0;34m   WebSocketServletAutoConfiguration.TomcatWebSocketConfiguration#websocketServletWebServerCustomizer matched:
?[0m?[0;34m      - @ConditionalOnMissingBean (names: websocketServletWebServerCustomizer; SearchStrategy: all) did not find any beans (OnBeanCondition)
?[0m?[0;34m
?[0m?[0;34m
?[0m?[0;34mNegative matches:
?[0m?[0;34m-----------------
?[0m?[0;34m
?[0m?[0;34m   ActiveMQAutoConfiguration:
?[0m?[0;34m      Did not match:
?[0m?[0;34m         - @ConditionalOnClass did not find required class 'javax.jms.ConnectionFactory' (OnClassCondition)
?[0m?[0;34m
?[0m?[0;34m   AopAutoConfiguration.AspectJAutoProxyingConfiguration.JdkDynamicAutoProxyConfiguration:
?[0m?[0;34m      Did not match:
?[0m?[0;34m         - @ConditionalOnProperty (spring.aop.proxy-target-class=false) did not find property 'proxy-target-class' (OnPropertyCondition)
?[0m?[0;34m
?[0m?[0;34m   AopAutoConfiguration.ClassProxyingConfiguration:
?[0m?[0;34m      Did not match:
?[0m?[0;34m         - @ConditionalOnMissingClass found unwanted class 'org.aspectj.weaver.Advice' (OnClassCondition)
?[0m?[0;34m
?[0m?[0;34m   AppOpticsMetricsExportAutoConfiguration:
?[0m?[0;34m      Did not match:
?[0m?[0;34m         - @ConditionalOnClass did not find required class 'io.micrometer.appoptics.AppOpticsMeterRegistry' (OnClassCondition)
?[0m?[0;34m
?[0m?[0;34m   ArtemisAutoConfiguration:
?[0m?[0;34m      Did not match:
?[0m?[0;34m         - @ConditionalOnClass did not find required class 'javax.jms.ConnectionFactory' (OnClassCondition)
?[0m?[0;34m
?[0m?[0;34m   AtlasMetricsExportAutoConfiguration:
?[0m?[0;34m      Did not match:
?[0m?[0;34m         - @ConditionalOnClass did not find required class 'io.micrometer.atlas.AtlasMeterRegistry' (OnClassCondition)
?[0m?[0;34m
?[0m?[0;34m   AtomikosJtaConfiguration:
?[0m?[0;34m      Did not match:
?[0m?[0;34m         - @ConditionalOnClass did not find required class 'com.atomikos.icatch.jta.UserTransactionManager' (OnClassCondition)
?[0m?[0;34m
?[0m?[0;34m   AuditAutoConfiguration:
?[0m?[0;34m      Did not match:
?[0m?[0;34m         - @ConditionalOnBean (types: org.springframework.boot.actuate.audit.AuditEventRepository; SearchStrategy: all) did not find any beans of type org.springframework.boot.actuate.audit.AuditEventRepository (OnBeanCondition)
?[0m?[0;34m      Matched:
?[0m?[0;34m         - @ConditionalOnProperty (management.auditevents.enabled) matched (OnPropertyCondition)
?[0m?[0;34m
?[0m?[0;34m   AuditEventsEndpointAutoConfiguration#auditEventsEndpoint:
?[0m?[0;34m      Did not match:
?[0m?[0;34m         - @ConditionalOnBean (types: org.springframework.boot.actuate.audit.AuditEventRepository; SearchStrategy: all) did not find any beans of type org.springframework.boot.actuate.audit.AuditEventRepository (OnBeanCondition)
?[0m?[0;34m
?[0m?[0;34m   AvailabilityHealthContributorAutoConfiguration#livenessStateHealthIndicator:
?[0m?[0;34m      Did not match:
?[0m?[0;34m         - @ConditionalOnProperty (management.health.livenessstate.enabled=true) did not find property 'enabled' (OnPropertyCondition)
?[0m?[0;34m
?[0m?[0;34m   AvailabilityHealthContributorAutoConfiguration#readinessStateHealthIndicator:
?[0m?[0;34m      Did not match:
?[0m?[0;34m         - @ConditionalOnProperty (management.health.readinessstate.enabled=true) did not find property 'enabled' (OnPropertyCondition)
?[0m?[0;34m
?[0m?[0;34m   AvailabilityProbesAutoConfiguration:
?[0m?[0;34m      Did not match:
?[0m?[0;34m         - Probes availability not running on a supported cloud platform (AvailabilityProbesAutoConfiguration.ProbesCondition)
?[0m?[0;34m
?[0m?[0;34m   BatchAutoConfiguration:
?[0m?[0;34m      Did not match:
?[0m?[0;34m         - @ConditionalOnClass did not find required class 'org.springframework.batch.core.launch.JobLauncher' (OnClassCondition)
?[0m?[0;34m
?[0m?[0;34m   CacheAutoConfiguration:
?[0m?[0;34m      Did not match:
?[0m?[0;34m         - @ConditionalOnBean (types: org.springframework.cache.interceptor.CacheAspectSupport; SearchStrategy: all) did not find any beans of type org.springframework.cache.interceptor.CacheAspectSupport (OnBeanCondition)
?[0m?[0;34m      Matched:
?[0m?[0;34m         - @ConditionalOnClass found required class 'org.springframework.cache.CacheManager' (OnClassCondition)
?[0m?[0;34m
?[0m?[0;34m   CacheAutoConfiguration.CacheManagerEntityManagerFactoryDependsOnPostProcessor:
?[0m?[0;34m      Did not match:
?[0m?[0;34m         - Ancestor org.springframework.boot.autoconfigure.cache.CacheAutoConfiguration did not match (ConditionEvaluationReport.AncestorsMatchedCondition)
?[0m?[0;34m      Matched:
?[0m?[0;34m         - @ConditionalOnClass found required class 'org.springframework.orm.jpa.LocalContainerEntityManagerFactoryBean' (OnClassCondition)
?[0m?[0;34m
?[0m?[0;34m   CacheMeterBinderProvidersConfiguration.CaffeineCacheMeterBinderProviderConfiguration:
?[0m?[0;34m      Did not match:
?[0m?[0;34m         - @ConditionalOnClass did not find required classes 'org.springframework.cache.caffeine.CaffeineCache', 'com.github.benmanes.caffeine.cache.Cache' (OnClassCondition)
?[0m?[0;34m
?[0m?[0;34m   CacheMeterBinderProvidersConfiguration.EhCache2CacheMeterBinderProviderConfiguration:
?[0m?[0;34m      Did not match:
?[0m?[0;34m         - @ConditionalOnClass did not find required classes 'org.springframework.cache.ehcache.EhCacheCache', 'net.sf.ehcache.Ehcache' (OnClassCondition)
?[0m?[0;34m
?[0m?[0;34m   CacheMeterBinderProvidersConfiguration.HazelcastCacheMeterBinderProviderConfiguration:
?[0m?[0;34m      Did not match:
?[0m?[0;34m         - @ConditionalOnClass did not find required classes 'com.hazelcast.spring.cache.HazelcastCache', 'com.hazelcast.core.Hazelcast' (OnClassCondition)
?[0m?[0;34m
?[0m?[0;34m   CacheMeterBinderProvidersConfiguration.JCacheCacheMeterBinderProviderConfiguration:
?[0m?[0;34m      Did not match:
?[0m?[0;34m         - @ConditionalOnClass did not find required classes 'org.springframework.cache.jcache.JCacheCache', 'javax.cache.CacheManager' (OnClassCondition)
?[0m?[0;34m
?[0m?[0;34m   CacheMeterBinderProvidersConfiguration.RedisCacheMeterBinderProviderConfiguration:
?[0m?[0;34m      Did not match:
?[0m?[0;34m         - @ConditionalOnClass did not find required class 'org.springframework.data.redis.cache.RedisCache' (OnClassCondition)
?[0m?[0;34m
?[0m?[0;34m   CacheMetricsAutoConfiguration:
?[0m?[0;34m      Did not match:
?[0m?[0;34m         - @ConditionalOnBean (types: org.springframework.cache.CacheManager; SearchStrategy: all) did not find any beans of type org.springframework.cache.CacheManager (OnBeanCondition)
?[0m?[0;34m
?[0m?[0;34m   CaffeineCacheConfiguration:
?[0m?[0;34m      Did not match:
?[0m?[0;34m         - @ConditionalOnClass did not find required class 'com.github.benmanes.caffeine.cache.Caffeine' (OnClassCondition)
?[0m?[0;34m
?[0m?[0;34m   CassandraAutoConfiguration:
?[0m?[0;34m      Did not match:
?[0m?[0;34m         - @ConditionalOnClass did not find required class 'com.datastax.oss.driver.api.core.CqlSession' (OnClassCondition)
?[0m?[0;34m
?[0m?[0;34m   CassandraDataAutoConfiguration:
?[0m?[0;34m      Did not match:
?[0m?[0;34m         - @ConditionalOnClass did not find required class 'com.datastax.oss.driver.api.core.CqlSession' (OnClassCondition)
?[0m?[0;34m
?[0m?[0;34m   CassandraHealthContributorAutoConfiguration:
?[0m?[0;34m      Did not match:
?[0m?[0;34m         - @ConditionalOnClass did not find required class 'com.datastax.oss.driver.api.core.CqlSession' (OnClassCondition)
?[0m?[0;34m
?[0m?[0;34m   CassandraReactiveDataAutoConfiguration:
?[0m?[0;34m      Did not match:
?[0m?[0;34m         - @ConditionalOnClass did not find required class 'com.datastax.oss.driver.api.core.CqlSession' (OnClassCondition)
?[0m?[0;34m
?[0m?[0;34m   CassandraReactiveHealthContributorAutoConfiguration:
?[0m?[0;34m      Did not match:
?[0m?[0;34m         - @ConditionalOnClass did not find required class 'com.datastax.oss.driver.api.core.CqlSession' (OnClassCondition)
?[0m?[0;34m
?[0m?[0;34m   CassandraReactiveRepositoriesAutoConfiguration:
?[0m?[0;34m      Did not match:
?[0m?[0;34m         - @ConditionalOnClass did not find required class 'org.springframework.data.cassandra.ReactiveSession' (OnClassCondition)
?[0m?[0;34m
?[0m?[0;34m   CassandraRepositoriesAutoConfiguration:
?[0m?[0;34m      Did not match:
?[0m?[0;34m         - @ConditionalOnClass did not find required class 'com.datastax.oss.driver.api.core.CqlSession' (OnClassCondition)
?[0m?[0;34m
?[0m?[0;34m   ClientHttpConnectorAutoConfiguration:
?[0m?[0;34m      Did not match:
?[0m?[0;34m         - @ConditionalOnClass did not find required class 'org.springframework.web.reactive.function.client.WebClient' (OnClassCondition)
?[0m?[0;34m
?[0m?[0;34m   CloudFoundryActuatorAutoConfiguration:
?[0m?[0;34m      Did not match:
?[0m?[0;34m         - @ConditionalOnCloudPlatform did not find CLOUD_FOUNDRY (OnCloudPlatformCondition)
?[0m?[0;34m      Matched:
?[0m?[0;34m         - @ConditionalOnClass found required class 'org.springframework.web.servlet.DispatcherServlet' (OnClassCondition)
?[0m?[0;34m         - found 'session' scope (OnWebApplicationCondition)
?[0m?[0;34m         - @ConditionalOnProperty (management.cloudfoundry.enabled) matched (OnPropertyCondition)
?[0m?[0;34m
?[0m?[0;34m   CodecsAutoConfiguration:
?[0m?[0;34m      Did not match:
?[0m?[0;34m         - @ConditionalOnClass did not find required class 'org.springframework.web.reactive.function.client.WebClient' (OnClassCondition)
?[0m?[0;34m
?[0m?[0;34m   CompositeMeterRegistryConfiguration:
?[0m?[0;34m      Did not match:
?[0m?[0;34m         - NoneNestedConditions 1 matched 1 did not; NestedCondition on CompositeMeterRegistryConfiguration.MultipleNonPrimaryMeterRegistriesCondition.SingleInjectableMeterRegistry @ConditionalOnSingleCandidate (types: io.micrometer.core.instrument.MeterRegistry; SearchStrategy: all) found a primary bean from beans 'simpleMeterRegistry'; NestedCondition on CompositeMeterRegistryConfiguration.MultipleNonPrimaryMeterRegistriesCondition.NoMeterRegistryCondition @ConditionalOnMissingBean (types: io.micrometer.core.instrument.MeterRegistry; SearchStrategy: all) found beans of type 'io.micrometer.core.instrument.MeterRegistry' simpleMeterRegistry (CompositeMeterRegistryConfiguration.MultipleNonPrimaryMeterRegistriesCondition)
?[0m?[0;34m
?[0m?[0;34m   ConnectionFactoryHealthContributorAutoConfiguration:
?[0m?[0;34m      Did not match:
?[0m?[0;34m         - @ConditionalOnClass did not find required class 'io.r2dbc.spi.ConnectionFactory' (OnClassCondition)
?[0m?[0;34m
?[0m?[0;34m   ConnectionPoolMetricsAutoConfiguration:
?[0m?[0;34m      Did not match:
?[0m?[0;34m         - @ConditionalOnClass did not find required class 'io.r2dbc.pool.ConnectionPool' (OnClassCondition)
?[0m?[0;34m
?[0m?[0;34m   CouchbaseAutoConfiguration:
?[0m?[0;34m      Did not match:
?[0m?[0;34m         - @ConditionalOnClass did not find required class 'com.couchbase.client.java.Cluster' (OnClassCondition)
?[0m?[0;34m
?[0m?[0;34m   CouchbaseCacheConfiguration:
?[0m?[0;34m      Did not match:
?[0m?[0;34m         - @ConditionalOnClass did not find required class 'com.couchbase.client.java.Cluster' (OnClassCondition)
?[0m?[0;34m
?[0m?[0;34m   CouchbaseDataAutoConfiguration:
?[0m?[0;34m      Did not match:
?[0m?[0;34m         - @ConditionalOnClass did not find required class 'com.couchbase.client.java.Bucket' (OnClassCondition)
?[0m?[0;34m
?[0m?[0;34m   CouchbaseHealthContributorAutoConfiguration:
?[0m?[0;34m      Did not match:
?[0m?[0;34m         - @ConditionalOnClass did not find required class 'com.couchbase.client.java.Cluster' (OnClassCondition)
?[0m?[0;34m
?[0m?[0;34m   CouchbaseReactiveDataAutoConfiguration:
?[0m?[0;34m      Did not match:
?[0m?[0;34m         - @ConditionalOnClass did not find required class 'com.couchbase.client.java.Cluster' (OnClassCondition)
?[0m?[0;34m
?[0m?[0;34m   CouchbaseReactiveHealthContributorAutoConfiguration:
?[0m?[0;34m      Did not match:
?[0m?[0;34m         - @ConditionalOnClass did not find required class 'com.couchbase.client.java.Cluster' (OnClassCondition)
?[0m?[0;34m
?[0m?[0;34m   CouchbaseReactiveRepositoriesAutoConfiguration:
?[0m?[0;34m      Did not match:
?[0m?[0;34m         - @ConditionalOnClass did not find required class 'com.couchbase.client.java.Cluster' (OnClassCondition)
?[0m?[0;34m
?[0m?[0;34m   CouchbaseRepositoriesAutoConfiguration:
?[0m?[0;34m      Did not match:
?[0m?[0;34m         - @ConditionalOnClass did not find required class 'com.couchbase.client.java.Bucket' (OnClassCondition)
?[0m?[0;34m
?[0m?[0;34m   DataSourceAutoConfiguration.EmbeddedDatabaseConfiguration:
?[0m?[0;34m      Did not match:
?[0m?[0;34m         - EmbeddedDataSource spring.datasource.url is set (DataSourceAutoConfiguration.EmbeddedDatabaseCondition)
?[0m?[0;34m
?[0m?[0;34m   DataSourceConfiguration.Dbcp2:
?[0m?[0;34m      Did not match:
?[0m?[0;34m         - @ConditionalOnClass did not find required class 'org.apache.commons.dbcp2.BasicDataSource' (OnClassCondition)
?[0m?[0;34m
?[0m?[0;34m   DataSourceConfiguration.Generic:
?[0m?[0;34m      Did not match:
?[0m?[0;34m         - @ConditionalOnProperty (spring.datasource.type) did not find property 'spring.datasource.type' (OnPropertyCondition)
?[0m?[0;34m
?[0m?[0;34m   DataSourceConfiguration.OracleUcp:
?[0m?[0;34m      Did not match:
?[0m?[0;34m         - @ConditionalOnClass did not find required classes 'oracle.ucp.jdbc.PoolDataSourceImpl', 'oracle.jdbc.OracleConnection' (OnClassCondition)
?[0m?[0;34m
?[0m?[0;34m   DataSourceConfiguration.Tomcat:
?[0m?[0;34m      Did not match:
?[0m?[0;34m         - @ConditionalOnClass did not find required class 'org.apache.tomcat.jdbc.pool.DataSource' (OnClassCondition)
?[0m?[0;34m
?[0m?[0;34m   DataSourceInitializationConfiguration.InitializationSpecificCredentialsDataSourceInitializationConfiguration:
?[0m?[0;34m      Did not match:
?[0m?[0;34m         - AnyNestedCondition 0 matched 2 did not; NestedCondition on DataSourceInitializationConfiguration.InitializationSpecificCredentialsDataSourceInitializationConfiguration.DifferentCredentialsCondition.DataCredentials @ConditionalOnProperty (spring.datasource.data-username) did not find property 'data-username'; NestedCondition on DataSourceInitializationConfiguration.InitializationSpecificCredentialsDataSourceInitializationConfiguration.DifferentCredentialsCondition.SchemaCredentials @ConditionalOnProperty (spring.datasource.schema-username) did not find property 'schema-username' (DataSourceInitializationConfiguration.InitializationSpecificCredentialsDataSourceInitializationConfiguration.DifferentCredentialsCondition)
?[0m?[0;34m
?[0m?[0;34m   DataSourceInitializationConfiguration.SharedCredentialsDataSourceInitializationConfiguration:
?[0m?[0;34m      Did not match:
?[0m?[0;34m         - DataSource Initialization did not find configured properties spring.datasource.data-username, spring.datasource.schema-password, spring.datasource.schema[0], spring.datasource.data[0], spring.datasource.data, spring.datasource.schema-username, spring.datasource.data-password, spring.datasource.initialization-mode, spring.datasource.schema, spring.datasource.sql-script-encoding, spring.datasource.separator, spring.datasource.platform, spring.datasource.continue-on-error (DataSourceInitializationConfiguration.SharedCredentialsDataSourceInitializationConfiguration.DataSourceInitializationCondition)
?[0m?[0;34m
?[0m?[0;34m   DataSourceJmxConfiguration.TomcatDataSourceJmxConfiguration:
?[0m?[0;34m      Did not match:
?[0m?[0;34m         - @ConditionalOnClass did not find required class 'org.apache.tomcat.jdbc.pool.DataSourceProxy' (OnClassCondition)
?[0m?[0;34m
?[0m?[0;34m   DataSourcePoolMetadataProvidersConfiguration.CommonsDbcp2PoolDataSourceMetadataProviderConfiguration:
?[0m?[0;34m      Did not match:
?[0m?[0;34m         - @ConditionalOnClass did not find required class 'org.apache.commons.dbcp2.BasicDataSource' (OnClassCondition)
?[0m?[0;34m
?[0m?[0;34m   DataSourcePoolMetadataProvidersConfiguration.OracleUcpPoolDataSourceMetadataProviderConfiguration:
?[0m?[0;34m      Did not match:
?[0m?[0;34m         - @ConditionalOnClass did not find required classes 'oracle.ucp.jdbc.PoolDataSource', 'oracle.jdbc.OracleConnection' (OnClassCondition)
?[0m?[0;34m
?[0m?[0;34m   DataSourcePoolMetadataProvidersConfiguration.TomcatDataSourcePoolMetadataProviderConfiguration:
?[0m?[0;34m      Did not match:
?[0m?[0;34m         - @ConditionalOnClass did not find required class 'org.apache.tomcat.jdbc.pool.DataSource' (OnClassCondition)
?[0m?[0;34m
?[0m?[0;34m   DataSourceTransactionManagerAutoConfiguration.JdbcTransactionManagerConfiguration#transactionManager:
?[0m?[0;34m      Did not match:
?[0m?[0;34m         - @ConditionalOnMissingBean (types: org.springframework.transaction.TransactionManager; SearchStrategy: all) found beans of type 'org.springframework.transaction.TransactionManager' transactionManager (OnBeanCondition)
?[0m?[0;34m
?[0m?[0;34m   DatadogMetricsExportAutoConfiguration:
?[0m?[0;34m      Did not match:
?[0m?[0;34m         - @ConditionalOnClass did not find required class 'io.micrometer.datadog.DatadogMeterRegistry' (OnClassCondition)
?[0m?[0;34m
?[0m?[0;34m   DispatcherServletAutoConfiguration.DispatcherServletConfiguration#multipartResolver:
?[0m?[0;34m      Did not match:
?[0m?[0;34m         - @ConditionalOnBean (types: org.springframework.web.multipart.MultipartResolver; SearchStrategy: all) did not find any beans of type org.springframework.web.multipart.MultipartResolver (OnBeanCondition)
?[0m?[0;34m
?[0m?[0;34m   DynatraceMetricsExportAutoConfiguration:
?[0m?[0;34m      Did not match:
?[0m?[0;34m         - @ConditionalOnClass did not find required class 'io.micrometer.dynatrace.DynatraceMeterRegistry' (OnClassCondition)
?[0m?[0;34m
?[0m?[0;34m   EhCacheCacheConfiguration:
?[0m?[0;34m      Did not match:
?[0m?[0;34m         - @ConditionalOnClass did not find required class 'net.sf.ehcache.Cache' (OnClassCondition)
?[0m?[0;34m
?[0m?[0;34m   ElasticMetricsExportAutoConfiguration:
?[0m?[0;34m      Did not match:
?[0m?[0;34m         - @ConditionalOnClass did not find required class 'io.micrometer.elastic.ElasticMeterRegistry' (OnClassCondition)
?[0m?[0;34m
?[0m?[0;34m   ElasticSearchReactiveHealthContributorAutoConfiguration:
?[0m?[0;34m      Did not match:
?[0m?[0;34m         - @ConditionalOnClass did not find required class 'reactor.core.publisher.Flux' (OnClassCondition)
?[0m?[0;34m
?[0m?[0;34m   ElasticSearchRestHealthContributorAutoConfiguration:
?[0m?[0;34m      Did not match:
?[0m?[0;34m         - @ConditionalOnClass did not find required class 'org.elasticsearch.client.RestHighLevelClient' (OnClassCondition)
?[0m?[0;34m
?[0m?[0;34m   ElasticsearchDataAutoConfiguration:
?[0m?[0;34m      Did not match:
?[0m?[0;34m         - @ConditionalOnClass did not find required class 'org.springframework.data.elasticsearch.core.ElasticsearchRestTemplate' (OnClassCondition)
?[0m?[0;34m
?[0m?[0;34m   ElasticsearchRepositoriesAutoConfiguration:
?[0m?[0;34m      Did not match:
?[0m?[0;34m         - @ConditionalOnClass did not find required class 'org.elasticsearch.client.Client' (OnClassCondition)
?[0m?[0;34m
?[0m?[0;34m   ElasticsearchRestClientAutoConfiguration:
?[0m?[0;34m      Did not match:
?[0m?[0;34m         - @ConditionalOnClass did not find required class 'org.elasticsearch.client.RestHighLevelClient' (OnClassCondition)
?[0m?[0;34m
?[0m?[0;34m   EmbeddedLdapAutoConfiguration:
?[0m?[0;34m      Did not match:
?[0m?[0;34m         - @ConditionalOnClass did not find required class 'com.unboundid.ldap.listener.InMemoryDirectoryServer' (OnClassCondition)
?[0m?[0;34m
?[0m?[0;34m   EmbeddedMongoAutoConfiguration:
?[0m?[0;34m      Did not match:
?[0m?[0;34m         - @ConditionalOnClass did not find required class 'com.mongodb.MongoClientSettings' (OnClassCondition)
?[0m?[0;34m
?[0m?[0;34m   EmbeddedWebServerFactoryCustomizerAutoConfiguration.JettyWebServerFactoryCustomizerConfiguration:
?[0m?[0;34m      Did not match:
?[0m?[0;34m         - @ConditionalOnClass did not find required classes 'org.eclipse.jetty.server.Server', 'org.eclipse.jetty.util.Loader', 'org.eclipse.jetty.webapp.WebAppContext' (OnClassCondition)
?[0m?[0;34m
?[0m?[0;34m   EmbeddedWebServerFactoryCustomizerAutoConfiguration.NettyWebServerFactoryCustomizerConfiguration:
?[0m?[0;34m      Did not match:
?[0m?[0;34m         - @ConditionalOnClass did not find required class 'reactor.netty.http.server.HttpServer' (OnClassCondition)
?[0m?[0;34m
?[0m?[0;34m   EmbeddedWebServerFactoryCustomizerAutoConfiguration.UndertowWebServerFactoryCustomizerConfiguration:
?[0m?[0;34m      Did not match:
?[0m?[0;34m         - @ConditionalOnClass did not find required classes 'io.undertow.Undertow', 'org.xnio.SslClientAuthMode' (OnClassCondition)
?[0m?[0;34m
?[0m?[0;34m   ErrorWebFluxAutoConfiguration:
?[0m?[0;34m      Did not match:
?[0m?[0;34m         - @ConditionalOnClass did not find required class 'org.springframework.web.reactive.config.WebFluxConfigurer' (OnClassCondition)
?[0m?[0;34m
?[0m?[0;34m   FlywayAutoConfiguration:
?[0m?[0;34m      Did not match:
?[0m?[0;34m         - @ConditionalOnClass did not find required class 'org.flywaydb.core.Flyway' (OnClassCondition)
?[0m?[0;34m
?[0m?[0;34m   FlywayEndpointAutoConfiguration:
?[0m?[0;34m      Did not match:
?[0m?[0;34m         - @ConditionalOnClass did not find required class 'org.flywaydb.core.Flyway' (OnClassCondition)
?[0m?[0;34m
?[0m?[0;34m   FreeMarkerAutoConfiguration:
?[0m?[0;34m      Did not match:
?[0m?[0;34m         - @ConditionalOnClass did not find required class 'freemarker.template.Configuration' (OnClassCondition)
?[0m?[0;34m
?[0m?[0;34m   GangliaMetricsExportAutoConfiguration:
?[0m?[0;34m      Did not match:
?[0m?[0;34m         - @ConditionalOnClass did not find required class 'io.micrometer.ganglia.GangliaMeterRegistry' (OnClassCondition)
?[0m?[0;34m
?[0m?[0;34m   GraphiteMetricsExportAutoConfiguration:
?[0m?[0;34m      Did not match:
?[0m?[0;34m         - @ConditionalOnClass did not find required class 'io.micrometer.graphite.GraphiteMeterRegistry' (OnClassCondition)
?[0m?[0;34m
?[0m?[0;34m   GroovyTemplateAutoConfiguration:
?[0m?[0;34m      Did not match:
?[0m?[0;34m         - @ConditionalOnClass did not find required class 'groovy.text.markup.MarkupTemplateEngine' (OnClassCondition)
?[0m?[0;34m
?[0m?[0;34m   GsonHttpMessageConvertersConfiguration.GsonHttpMessageConverterConfiguration:
?[0m?[0;34m      Did not match:
?[0m?[0;34m         - AnyNestedCondition 0 matched 2 did not; NestedCondition on GsonHttpMessageConvertersConfiguration.PreferGsonOrJacksonAndJsonbUnavailableCondition.JacksonJsonbUnavailable NoneNestedConditions 1 matched 1 did not; NestedCondition on GsonHttpMessageConvertersConfiguration.JacksonAndJsonbUnavailableCondition.JsonbPreferred @ConditionalOnProperty (spring.mvc.converters.preferred-json-mapper=jsonb) did not find property 'spring.mvc.converters.preferred-json-mapper'; NestedCondition on GsonHttpMessageConvertersConfiguration.JacksonAndJsonbUnavailableCondition.JacksonAvailable @ConditionalOnBean (types: org.springframework.http.converter.json.MappingJackson2HttpMessageConverter; SearchStrategy: all) found bean 'mappingJackson2HttpMessageConverter'; NestedCondition on GsonHttpMessageConvertersConfiguration.PreferGsonOrJacksonAndJsonbUnavailableCondition.GsonPreferred @ConditionalOnProperty (spring.mvc.converters.preferred-json-mapper=gson) did not find property 'spring.mvc.converters.preferred-json-mapper' (GsonHttpMessageConvertersConfiguration.PreferGsonOrJacksonAndJsonbUnavailableCondition)
?[0m?[0;34m
?[0m?[0;34m   HazelcastAutoConfiguration:
?[0m?[0;34m      Did not match:
?[0m?[0;34m         - @ConditionalOnClass did not find required class 'com.hazelcast.core.HazelcastInstance' (OnClassCondition)
?[0m?[0;34m
?[0m?[0;34m   HazelcastCacheConfiguration:
?[0m?[0;34m      Did not match:
?[0m?[0;34m         - @ConditionalOnClass did not find required class 'com.hazelcast.core.HazelcastInstance' (OnClassCondition)
?[0m?[0;34m
?[0m?[0;34m   HazelcastHealthContributorAutoConfiguration:
?[0m?[0;34m      Did not match:
?[0m?[0;34m         - @ConditionalOnClass did not find required class 'com.hazelcast.core.HazelcastInstance' (OnClassCondition)
?[0m?[0;34m
?[0m?[0;34m   HazelcastJpaDependencyAutoConfiguration:
?[0m?[0;34m      Did not match:
?[0m?[0;34m         - @ConditionalOnClass did not find required class 'com.hazelcast.core.HazelcastInstance' (OnClassCondition)
?[0m?[0;34m
?[0m?[0;34m   HealthEndpointReactiveWebExtensionConfiguration:
?[0m?[0;34m      Did not match:
?[0m?[0;34m         - did not find reactive web application classes (OnWebApplicationCondition)
?[0m?[0;34m
?[0m?[0;34m   HibernateMetricsAutoConfiguration:
?[0m?[0;34m      Did not match:
?[0m?[0;34m         - @ConditionalOnClass did not find required class 'org.hibernate.stat.HibernateMetrics' (OnClassCondition)
?[0m?[0;34m
?[0m?[0;34m   HttpHandlerAutoConfiguration:
?[0m?[0;34m      Did not match:
?[0m?[0;34m         - @ConditionalOnClass did not find required class 'org.springframework.web.reactive.DispatcherHandler' (OnClassCondition)
?[0m?[0;34m
?[0m?[0;34m   HttpTraceAutoConfiguration:
?[0m?[0;34m      Did not match:
?[0m?[0;34m         - @ConditionalOnBean (types: org.springframework.boot.actuate.trace.http.HttpTraceRepository; SearchStrategy: all) did not find any beans of type org.springframework.boot.actuate.trace.http.HttpTraceRepository (OnBeanCondition)
?[0m?[0;34m      Matched:
?[0m?[0;34m         - @ConditionalOnWebApplication (required) found 'session' scope (OnWebApplicationCondition)
?[0m?[0;34m         - @ConditionalOnProperty (management.trace.http.enabled) matched (OnPropertyCondition)
?[0m?[0;34m
?[0m?[0;34m   HttpTraceAutoConfiguration.ReactiveTraceFilterConfiguration:
?[0m?[0;34m      Did not match:
?[0m?[0;34m         - did not find reactive web application classes (OnWebApplicationCondition)
?[0m?[0;34m         - Ancestor org.springframework.boot.actuate.autoconfigure.trace.http.HttpTraceAutoConfiguration did not match (ConditionEvaluationReport.AncestorsMatchedCondition)
?[0m?[0;34m
?[0m?[0;34m   HttpTraceAutoConfiguration.ServletTraceFilterConfiguration:
?[0m?[0;34m      Did not match:
?[0m?[0;34m         - Ancestor org.springframework.boot.actuate.autoconfigure.trace.http.HttpTraceAutoConfiguration did not match (ConditionEvaluationReport.AncestorsMatchedCondition)
?[0m?[0;34m      Matched:
?[0m?[0;34m         - found 'session' scope (OnWebApplicationCondition)
?[0m?[0;34m
?[0m?[0;34m   HttpTraceEndpointAutoConfiguration#httpTraceEndpoint:
?[0m?[0;34m      Did not match:
?[0m?[0;34m         - @ConditionalOnBean (types: org.springframework.boot.actuate.trace.http.HttpTraceRepository; SearchStrategy: all) did not find any beans of type org.springframework.boot.actuate.trace.http.HttpTraceRepository (OnBeanCondition)
?[0m?[0;34m
?[0m?[0;34m   HumioMetricsExportAutoConfiguration:
?[0m?[0;34m      Did not match:
?[0m?[0;34m         - @ConditionalOnClass did not find required class 'io.micrometer.humio.HumioMeterRegistry' (OnClassCondition)
?[0m?[0;34m
?[0m?[0;34m   HypermediaAutoConfiguration:
?[0m?[0;34m      Did not match:
?[0m?[0;34m         - @ConditionalOnClass did not find required class 'org.springframework.hateoas.EntityModel' (OnClassCondition)
?[0m?[0;34m
?[0m?[0;34m   InfinispanCacheConfiguration:
?[0m?[0;34m      Did not match:
?[0m?[0;34m         - @ConditionalOnClass did not find required class 'org.infinispan.spring.embedded.provider.SpringEmbeddedCacheManager' (OnClassCondition)
?[0m?[0;34m
?[0m?[0;34m   InfluxDbAutoConfiguration:
?[0m?[0;34m      Did not match:
?[0m?[0;34m         - @ConditionalOnClass did not find required class 'org.influxdb.InfluxDB' (OnClassCondition)
?[0m?[0;34m
?[0m?[0;34m   InfluxDbHealthContributorAutoConfiguration:
?[0m?[0;34m      Did not match:
?[0m?[0;34m         - @ConditionalOnClass did not find required class 'org.influxdb.InfluxDB' (OnClassCondition)
?[0m?[0;34m
?[0m?[0;34m   InfluxMetricsExportAutoConfiguration:
?[0m?[0;34m      Did not match:
?[0m?[0;34m         - @ConditionalOnClass did not find required class 'io.micrometer.influx.InfluxMeterRegistry' (OnClassCondition)
?[0m?[0;34m
?[0m?[0;34m   InfoContributorAutoConfiguration#buildInfoContributor:
?[0m?[0;34m      Did not match:
?[0m?[0;34m         - @ConditionalOnSingleCandidate (types: org.springframework.boot.info.BuildProperties; SearchStrategy: all) did not find any beans (OnBeanCondition)
?[0m?[0;34m      Matched:
?[0m?[0;34m         - @ConditionalOnEnabledInfoContributor management.info.defaults.enabled is considered true (OnEnabledInfoContributorCondition)
?[0m?[0;34m
?[0m?[0;34m   InfoContributorAutoConfiguration#gitInfoContributor:
?[0m?[0;34m      Did not match:
?[0m?[0;34m         - @ConditionalOnSingleCandidate (types: org.springframework.boot.info.GitProperties; SearchStrategy: all) did not find any beans (OnBeanCondition)
?[0m?[0;34m      Matched:
?[0m?[0;34m         - @ConditionalOnEnabledInfoContributor management.info.defaults.enabled is considered true (OnEnabledInfoContributorCondition)
?[0m?[0;34m
?[0m?[0;34m   IntegrationAutoConfiguration:
?[0m?[0;34m      Did not match:
?[0m?[0;34m         - @ConditionalOnClass did not find required class 'org.springframework.integration.config.EnableIntegration' (OnClassCondition)
?[0m?[0;34m
?[0m?[0;34m   IntegrationGraphEndpointAutoConfiguration:
?[0m?[0;34m      Did not match:
?[0m?[0;34m         - @ConditionalOnClass did not find required class 'org.springframework.integration.graph.IntegrationGraphServer' (OnClassCondition)
?[0m?[0;34m
?[0m?[0;34m   JCacheCacheConfiguration:
?[0m?[0;34m      Did not match:
?[0m?[0;34m         - @ConditionalOnClass did not find required class 'javax.cache.Caching' (OnClassCondition)
?[0m?[0;34m
?[0m?[0;34m   JacksonHttpMessageConvertersConfiguration.MappingJackson2XmlHttpMessageConverterConfiguration:
?[0m?[0;34m      Did not match:
?[0m?[0;34m         - @ConditionalOnClass did not find required class 'com.fasterxml.jackson.dataformat.xml.XmlMapper' (OnClassCondition)
?[0m?[0;34m
?[0m?[0;34m   JdbcRepositoriesAutoConfiguration:
?[0m?[0;34m      Did not match:
?[0m?[0;34m         - @ConditionalOnClass did not find required class 'org.springframework.data.jdbc.repository.config.AbstractJdbcConfiguration' (OnClassCondition)
?[0m?[0;34m
?[0m?[0;34m   JerseyAutoConfiguration:
?[0m?[0;34m      Did not match:
?[0m?[0;34m         - @ConditionalOnClass did not find required class 'org.glassfish.jersey.server.spring.SpringComponentProvider' (OnClassCondition)
?[0m?[0;34m
?[0m?[0;34m   JerseySameManagementContextConfiguration:
?[0m?[0;34m      Did not match:
?[0m?[0;34m         - @ConditionalOnClass did not find required class 'org.glassfish.jersey.server.ResourceConfig' (OnClassCondition)
?[0m?[0;34m
?[0m?[0;34m   JerseyServerMetricsAutoConfiguration:
?[0m?[0;34m      Did not match:
?[0m?[0;34m         - @ConditionalOnClass did not find required class 'io.micrometer.jersey2.server.MetricsApplicationEventListener' (OnClassCondition)
?[0m?[0;34m
?[0m?[0;34m   JerseyWebEndpointManagementContextConfiguration:
?[0m?[0;34m      Did not match:
?[0m?[0;34m         - @ConditionalOnClass did not find required class 'org.glassfish.jersey.server.ResourceConfig' (OnClassCondition)
?[0m?[0;34m
?[0m?[0;34m   JettyMetricsAutoConfiguration:
?[0m?[0;34m      Did not match:
?[0m?[0;34m         - @ConditionalOnClass did not find required class 'org.eclipse.jetty.server.Server' (OnClassCondition)
?[0m?[0;34m
?[0m?[0;34m   JmsAutoConfiguration:
?[0m?[0;34m      Did not match:
?[0m?[0;34m         - @ConditionalOnClass did not find required class 'javax.jms.Message' (OnClassCondition)
?[0m?[0;34m
?[0m?[0;34m   JmsHealthContributorAutoConfiguration:
?[0m?[0;34m      Did not match:
?[0m?[0;34m         - @ConditionalOnClass did not find required class 'javax.jms.ConnectionFactory' (OnClassCondition)
?[0m?[0;34m
?[0m?[0;34m   JmxAutoConfiguration:
?[0m?[0;34m      Did not match:
?[0m?[0;34m         - @ConditionalOnProperty (spring.jmx.enabled=true) did not find property 'enabled' (OnPropertyCondition)
?[0m?[0;34m      Matched:
?[0m?[0;34m         - @ConditionalOnClass found required class 'org.springframework.jmx.export.MBeanExporter' (OnClassCondition)
?[0m?[0;34m
?[0m?[0;34m   JmxEndpointAutoConfiguration:
?[0m?[0;34m      Did not match:
?[0m?[0;34m         - @ConditionalOnProperty (spring.jmx.enabled=true) did not find property 'enabled' (OnPropertyCondition)
?[0m?[0;34m
?[0m?[0;34m   JmxMetricsExportAutoConfiguration:
?[0m?[0;34m      Did not match:
?[0m?[0;34m         - @ConditionalOnClass did not find required class 'io.micrometer.jmx.JmxMeterRegistry' (OnClassCondition)
?[0m?[0;34m
?[0m?[0;34m   JndiConnectionFactoryAutoConfiguration:
?[0m?[0;34m      Did not match:
?[0m?[0;34m         - @ConditionalOnClass did not find required class 'org.springframework.jms.core.JmsTemplate' (OnClassCondition)
?[0m?[0;34m
?[0m?[0;34m   JndiDataSourceAutoConfiguration:
?[0m?[0;34m      Did not match:
?[0m?[0;34m         - @ConditionalOnProperty (spring.datasource.jndi-name) did not find property 'jndi-name' (OnPropertyCondition)
?[0m?[0;34m      Matched:
?[0m?[0;34m         - @ConditionalOnClass found required classes 'javax.sql.DataSource', 'org.springframework.jdbc.datasource.embedded.EmbeddedDatabaseType' (OnClassCondition)
?[0m?[0;34m
?[0m?[0;34m   JndiJtaConfiguration:
?[0m?[0;34m      Did not match:
?[0m?[0;34m         - @ConditionalOnJndi JNDI environment is not available (OnJndiCondition)
?[0m?[0;34m      Matched:
?[0m?[0;34m         - @ConditionalOnClass found required class 'org.springframework.transaction.jta.JtaTransactionManager' (OnClassCondition)
?[0m?[0;34m
?[0m?[0;34m   JolokiaEndpointAutoConfiguration:
?[0m?[0;34m      Did not match:
?[0m?[0;34m         - @ConditionalOnClass did not find required class 'org.jolokia.http.AgentServlet' (OnClassCondition)
?[0m?[0;34m
?[0m?[0;34m   JooqAutoConfiguration:
?[0m?[0;34m      Did not match:
?[0m?[0;34m         - @ConditionalOnClass did not find required class 'org.jooq.DSLContext' (OnClassCondition)
?[0m?[0;34m
?[0m?[0;34m   JpaRepositoriesAutoConfiguration#entityManagerFactoryBootstrapExecutorCustomizer:
?[0m?[0;34m      Did not match:
?[0m?[0;34m         - AnyNestedCondition 0 matched 2 did not; NestedCondition on JpaRepositoriesAutoConfiguration.BootstrapExecutorCondition.LazyBootstrapMode @ConditionalOnProperty (spring.data.jpa.repositories.bootstrap-mode=lazy) did not find property 'bootstrap-mode'; NestedCondition on JpaRepositoriesAutoConfiguration.BootstrapExecutorCondition.DeferredBootstrapMode @ConditionalOnProperty (spring.data.jpa.repositories.bootstrap-mode=deferred) did not find property 'bootstrap-mode' (JpaRepositoriesAutoConfiguration.BootstrapExecutorCondition)
?[0m?[0;34m
?[0m?[0;34m   JsonbAutoConfiguration:
?[0m?[0;34m      Did not match:
?[0m?[0;34m         - @ConditionalOnClass did not find required class 'javax.json.bind.Jsonb' (OnClassCondition)
?[0m?[0;34m
?[0m?[0;34m   JsonbHttpMessageConvertersConfiguration:
?[0m?[0;34m      Did not match:
?[0m?[0;34m         - @ConditionalOnClass did not find required class 'javax.json.bind.Jsonb' (OnClassCondition)
?[0m?[0;34m
?[0m?[0;34m   KafkaAutoConfiguration:
?[0m?[0;34m      Did not match:
?[0m?[0;34m         - @ConditionalOnClass did not find required class 'org.springframework.kafka.core.KafkaTemplate' (OnClassCondition)
?[0m?[0;34m
?[0m?[0;34m   KafkaMetricsAutoConfiguration:
?[0m?[0;34m      Did not match:
?[0m?[0;34m         - @ConditionalOnClass did not find required class 'org.springframework.kafka.core.ProducerFactory' (OnClassCondition)
?[0m?[0;34m
?[0m?[0;34m   KairosMetricsExportAutoConfiguration:
?[0m?[0;34m      Did not match:
?[0m?[0;34m         - @ConditionalOnClass did not find required class 'io.micrometer.kairos.KairosMeterRegistry' (OnClassCondition)
?[0m?[0;34m
?[0m?[0;34m   LdapAutoConfiguration:
?[0m?[0;34m      Did not match:
?[0m?[0;34m         - @ConditionalOnClass did not find required class 'org.springframework.ldap.core.ContextSource' (OnClassCondition)
?[0m?[0;34m
?[0m?[0;34m   LdapHealthContributorAutoConfiguration:
?[0m?[0;34m      Did not match:
?[0m?[0;34m         - @ConditionalOnClass did not find required class 'org.springframework.ldap.core.LdapOperations' (OnClassCondition)
?[0m?[0;34m
?[0m?[0;34m   LdapRepositoriesAutoConfiguration:
?[0m?[0;34m      Did not match:
?[0m?[0;34m         - @ConditionalOnClass did not find required class 'org.springframework.data.ldap.repository.LdapRepository' (OnClassCondition)
?[0m?[0;34m
?[0m?[0;34m   LiquibaseAutoConfiguration:
?[0m?[0;34m      Did not match:
?[0m?[0;34m         - @ConditionalOnClass did not find required class 'liquibase.change.DatabaseChange' (OnClassCondition)
?[0m?[0;34m
?[0m?[0;34m   LiquibaseEndpointAutoConfiguration:
?[0m?[0;34m      Did not match:
?[0m?[0;34m         - @ConditionalOnClass did not find required class 'liquibase.integration.spring.SpringLiquibase' (OnClassCondition)
?[0m?[0;34m
?[0m?[0;34m   Log4J2MetricsAutoConfiguration:
?[0m?[0;34m      Did not match:
?[0m?[0;34m         - @ConditionalOnClass did not find required class 'org.apache.logging.log4j.core.LoggerContext' (OnClassCondition)
?[0m?[0;34m
?[0m?[0;34m   MailHealthContributorAutoConfiguration:
?[0m?[0;34m      Did not match:
?[0m?[0;34m         - @ConditionalOnClass did not find required class 'org.springframework.mail.javamail.JavaMailSenderImpl' (OnClassCondition)
?[0m?[0;34m
?[0m?[0;34m   MailSenderAutoConfiguration:
?[0m?[0;34m      Did not match:
?[0m?[0;34m         - @ConditionalOnClass did not find required class 'javax.mail.internet.MimeMessage' (OnClassCondition)
?[0m?[0;34m
?[0m?[0;34m   MailSenderValidatorAutoConfiguration:
?[0m?[0;34m      Did not match:
?[0m?[0;34m         - @ConditionalOnSingleCandidate did not find required type 'org.springframework.mail.javamail.JavaMailSenderImpl' (OnBeanCondition)
?[0m?[0;34m
?[0m?[0;34m   ManagementContextAutoConfiguration.DifferentManagementContextConfiguration:
?[0m?[0;34m      Did not match:
?[0m?[0;34m         - Management Port actual port type (SAME) did not match required type (DIFFERENT) (OnManagementPortCondition)
?[0m?[0;34m
?[0m?[0;34m   ManagementWebSecurityAutoConfiguration:
?[0m?[0;34m      Did not match:
?[0m?[0;34m         - AllNestedConditions 1 matched 1 did not; NestedCondition on DefaultWebSecurityCondition.Beans @ConditionalOnMissingBean (types: org.springframework.security.config.annotation.web.configuration.WebSecurityConfigurerAdapter,org.springframework.security.web.SecurityFilterChain; SearchStrategy: all) found beans of type 'org.springframework.security.web.SecurityFilterChain' securityFilterChain; NestedCondition on DefaultWebSecurityCondition.Classes @ConditionalOnClass found required classes 'org.springframework.security.web.SecurityFilterChain', 'org.springframework.security.config.annotation.web.builders.HttpSecurity' (DefaultWebSecurityCondition)
?[0m?[0;34m      Matched:
?[0m?[0;34m         - found 'session' scope (OnWebApplicationCondition)
?[0m?[0;34m
?[0m?[0;34m   MappingsEndpointAutoConfiguration.ReactiveWebConfiguration:
?[0m?[0;34m      Did not match:
?[0m?[0;34m         - @ConditionalOnClass did not find required class 'org.springframework.web.reactive.DispatcherHandler' (OnClassCondition)
?[0m?[0;34m
?[0m?[0;34m   MessageSourceAutoConfiguration:
?[0m?[0;34m      Did not match:
?[0m?[0;34m         - ResourceBundle did not find bundle with basename messages (MessageSourceAutoConfiguration.ResourceBundleCondition)
?[0m?[0;34m
?[0m?[0;34m   MongoAutoConfiguration:
?[0m?[0;34m      Did not match:
?[0m?[0;34m         - @ConditionalOnClass did not find required class 'com.mongodb.client.MongoClient' (OnClassCondition)
?[0m?[0;34m
?[0m?[0;34m   MongoDataAutoConfiguration:
?[0m?[0;34m      Did not match:
?[0m?[0;34m         - @ConditionalOnClass did not find required class 'com.mongodb.client.MongoClient' (OnClassCondition)
?[0m?[0;34m
?[0m?[0;34m   MongoHealthContributorAutoConfiguration:
?[0m?[0;34m      Did not match:
?[0m?[0;34m         - @ConditionalOnClass did not find required class 'org.springframework.data.mongodb.core.MongoTemplate' (OnClassCondition)
?[0m?[0;34m
?[0m?[0;34m   MongoMetricsAutoConfiguration:
?[0m?[0;34m      Did not match:
?[0m?[0;34m         - @ConditionalOnClass did not find required class 'com.mongodb.MongoClientSettings' (OnClassCondition)
?[0m?[0;34m
?[0m?[0;34m   MongoReactiveAutoConfiguration:
?[0m?[0;34m      Did not match:
?[0m?[0;34m         - @ConditionalOnClass did not find required class 'com.mongodb.reactivestreams.client.MongoClient' (OnClassCondition)
?[0m?[0;34m
?[0m?[0;34m   MongoReactiveDataAutoConfiguration:
?[0m?[0;34m      Did not match:
?[0m?[0;34m         - @ConditionalOnClass did not find required class 'com.mongodb.reactivestreams.client.MongoClient' (OnClassCondition)
?[0m?[0;34m
?[0m?[0;34m   MongoReactiveHealthContributorAutoConfiguration:
?[0m?[0;34m      Did not match:
?[0m?[0;34m         - @ConditionalOnClass did not find required class 'reactor.core.publisher.Flux' (OnClassCondition)
?[0m?[0;34m
?[0m?[0;34m   MongoReactiveRepositoriesAutoConfiguration:
?[0m?[0;34m      Did not match:
?[0m?[0;34m         - @ConditionalOnClass did not find required class 'com.mongodb.reactivestreams.client.MongoClient' (OnClassCondition)
?[0m?[0;34m
?[0m?[0;34m   MongoRepositoriesAutoConfiguration:
?[0m?[0;34m      Did not match:
?[0m?[0;34m         - @ConditionalOnClass did not find required class 'com.mongodb.client.MongoClient' (OnClassCondition)
?[0m?[0;34m
?[0m?[0;34m   MustacheAutoConfiguration:
?[0m?[0;34m      Did not match:
?[0m?[0;34m         - @ConditionalOnClass did not find required class 'com.samskivert.mustache.Mustache' (OnClassCondition)
?[0m?[0;34m
?[0m?[0;34m   Neo4jAutoConfiguration:
?[0m?[0;34m      Did not match:
?[0m?[0;34m         - @ConditionalOnClass did not find required class 'org.neo4j.driver.Driver' (OnClassCondition)
?[0m?[0;34m
?[0m?[0;34m   Neo4jDataAutoConfiguration:
?[0m?[0;34m      Did not match:
?[0m?[0;34m         - @ConditionalOnClass did not find required class 'org.neo4j.driver.Driver' (OnClassCondition)
?[0m?[0;34m
?[0m?[0;34m   Neo4jHealthContributorAutoConfiguration:
?[0m?[0;34m      Did not match:
?[0m?[0;34m         - @ConditionalOnClass did not find required class 'org.neo4j.driver.Driver' (OnClassCondition)
?[0m?[0;34m
?[0m?[0;34m   Neo4jReactiveDataAutoConfiguration:
?[0m?[0;34m      Did not match:
?[0m?[0;34m         - @ConditionalOnClass did not find required class 'org.neo4j.driver.Driver' (OnClassCondition)
?[0m?[0;34m
?[0m?[0;34m   Neo4jReactiveRepositoriesAutoConfiguration:
?[0m?[0;34m      Did not match:
?[0m?[0;34m         - @ConditionalOnClass did not find required class 'org.neo4j.driver.Driver' (OnClassCondition)
?[0m?[0;34m
?[0m?[0;34m   Neo4jRepositoriesAutoConfiguration:
?[0m?[0;34m      Did not match:
?[0m?[0;34m         - @ConditionalOnClass did not find required class 'org.neo4j.driver.Driver' (OnClassCondition)
?[0m?[0;34m
?[0m?[0;34m   NettyAutoConfiguration:
?[0m?[0;34m      Did not match:
?[0m?[0;34m         - @ConditionalOnClass did not find required class 'io.netty.util.NettyRuntime' (OnClassCondition)
?[0m?[0;34m
?[0m?[0;34m   NewRelicMetricsExportAutoConfiguration:
?[0m?[0;34m      Did not match:
?[0m?[0;34m         - @ConditionalOnClass did not find required class 'io.micrometer.newrelic.NewRelicMeterRegistry' (OnClassCondition)
?[0m?[0;34m
?[0m?[0;34m   NoOpMeterRegistryConfiguration:
?[0m?[0;34m      Did not match:
?[0m?[0;34m         - @ConditionalOnMissingBean (types: io.micrometer.core.instrument.MeterRegistry; SearchStrategy: all) found beans of type 'io.micrometer.core.instrument.MeterRegistry' simpleMeterRegistry (OnBeanCondition)
?[0m?[0;34m
?[0m?[0;34m   OAuth2ClientAutoConfiguration:
?[0m?[0;34m      Did not match:
?[0m?[0;34m         - @ConditionalOnClass did not find required class 'org.springframework.security.oauth2.client.registration.ClientRegistration' (OnClassCondition)
?[0m?[0;34m
?[0m?[0;34m   OAuth2ResourceServerAutoConfiguration:
?[0m?[0;34m      Did not match:
?[0m?[0;34m         - @ConditionalOnClass did not find required class 'org.springframework.security.oauth2.server.resource.BearerTokenAuthenticationToken' (OnClassCondition)
?[0m?[0;34m
?[0m?[0;34m   ProjectInfoAutoConfiguration#buildProperties:
?[0m?[0;34m      Did not match:
?[0m?[0;34m         - @ConditionalOnResource did not find resource '${spring.info.build.location:classpath:META-INF/build-info.properties}' (OnResourceCondition)
?[0m?[0;34m
?[0m?[0;34m   ProjectInfoAutoConfiguration#gitProperties:
?[0m?[0;34m      Did not match:
?[0m?[0;34m         - GitResource did not find git info at classpath:git.properties (ProjectInfoAutoConfiguration.GitResourceAvailableCondition)
?[0m?[0;34m
?[0m?[0;34m   PrometheusMetricsExportAutoConfiguration:
?[0m?[0;34m      Did not match:
?[0m?[0;34m         - @ConditionalOnClass did not find required class 'io.micrometer.prometheus.PrometheusMeterRegistry' (OnClassCondition)
?[0m?[0;34m
?[0m?[0;34m   QuartzAutoConfiguration:
?[0m?[0;34m      Did not match:
?[0m?[0;34m         - @ConditionalOnClass did not find required class 'org.quartz.Scheduler' (OnClassCondition)
?[0m?[0;34m
?[0m?[0;34m   QuartzEndpointAutoConfiguration:
?[0m?[0;34m      Did not match:
?[0m?[0;34m         - @ConditionalOnClass did not find required class 'org.quartz.Scheduler' (OnClassCondition)
?[0m?[0;34m
?[0m?[0;34m   R2dbcAutoConfiguration:
?[0m?[0;34m      Did not match:
?[0m?[0;34m         - @ConditionalOnClass did not find required class 'io.r2dbc.spi.ConnectionFactory' (OnClassCondition)
?[0m?[0;34m
?[0m?[0;34m   R2dbcDataAutoConfiguration:
?[0m?[0;34m      Did not match:
?[0m?[0;34m         - @ConditionalOnClass did not find required class 'org.springframework.data.r2dbc.core.R2dbcEntityTemplate' (OnClassCondition)
?[0m?[0;34m
?[0m?[0;34m   R2dbcInitializationConfiguration:
?[0m?[0;34m      Did not match:
?[0m?[0;34m         - @ConditionalOnClass did not find required classes 'io.r2dbc.spi.ConnectionFactory', 'org.springframework.r2dbc.connection.init.DatabasePopulator' (OnClassCondition)
?[0m?[0;34m
?[0m?[0;34m   R2dbcRepositoriesAutoConfiguration:
?[0m?[0;34m      Did not match:
?[0m?[0;34m         - @ConditionalOnClass did not find required class 'io.r2dbc.spi.ConnectionFactory' (OnClassCondition)
?[0m?[0;34m
?[0m?[0;34m   R2dbcTransactionManagerAutoConfiguration:
?[0m?[0;34m      Did not match:
?[0m?[0;34m         - @ConditionalOnClass did not find required class 'org.springframework.r2dbc.connection.R2dbcTransactionManager' (OnClassCondition)
?[0m?[0;34m
?[0m?[0;34m   RSocketMessagingAutoConfiguration:
?[0m?[0;34m      Did not match:
?[0m?[0;34m         - @ConditionalOnClass did not find required class 'io.rsocket.RSocket' (OnClassCondition)
?[0m?[0;34m
?[0m?[0;34m   RSocketRequesterAutoConfiguration:
?[0m?[0;34m      Did not match:
?[0m?[0;34m         - @ConditionalOnClass did not find required class 'io.rsocket.RSocket' (OnClassCondition)
?[0m?[0;34m
?[0m?[0;34m   RSocketSecurityAutoConfiguration:
?[0m?[0;34m      Did not match:
?[0m?[0;34m         - @ConditionalOnClass did not find required class 'org.springframework.security.rsocket.core.SecuritySocketAcceptorInterceptor' (OnClassCondition)
?[0m?[0;34m
?[0m?[0;34m   RSocketServerAutoConfiguration:
?[0m?[0;34m      Did not match:
?[0m?[0;34m         - @ConditionalOnClass did not find required class 'io.rsocket.core.RSocketServer' (OnClassCondition)
?[0m?[0;34m
?[0m?[0;34m   RSocketStrategiesAutoConfiguration:
?[0m?[0;34m      Did not match:
?[0m?[0;34m         - @ConditionalOnClass did not find required class 'io.netty.buffer.PooledByteBufAllocator' (OnClassCondition)
?[0m?[0;34m
?[0m?[0;34m   RabbitAutoConfiguration:
?[0m?[0;34m      Did not match:
?[0m?[0;34m         - @ConditionalOnClass did not find required class 'com.rabbitmq.client.Channel' (OnClassCondition)
?[0m?[0;34m
?[0m?[0;34m   RabbitHealthContributorAutoConfiguration:
?[0m?[0;34m      Did not match:
?[0m?[0;34m         - @ConditionalOnClass did not find required class 'org.springframework.amqp.rabbit.core.RabbitTemplate' (OnClassCondition)
?[0m?[0;34m
?[0m?[0;34m   RabbitMetricsAutoConfiguration:
?[0m?[0;34m      Did not match:
?[0m?[0;34m         - @ConditionalOnClass did not find required class 'com.rabbitmq.client.ConnectionFactory' (OnClassCondition)
?[0m?[0;34m
?[0m?[0;34m   ReactiveCloudFoundryActuatorAutoConfiguration:
?[0m?[0;34m      Did not match:
?[0m?[0;34m         - @ConditionalOnWebApplication did not find reactive web application classes (OnWebApplicationCondition)
?[0m?[0;34m
?[0m?[0;34m   ReactiveElasticsearchRepositoriesAutoConfiguration:
?[0m?[0;34m      Did not match:
?[0m?[0;34m         - @ConditionalOnClass did not find required class 'org.springframework.data.elasticsearch.client.reactive.ReactiveElasticsearchClient' (OnClassCondition)
?[0m?[0;34m
?[0m?[0;34m   ReactiveElasticsearchRestClientAutoConfiguration:
?[0m?[0;34m      Did not match:
?[0m?[0;34m         - @ConditionalOnClass did not find required class 'reactor.netty.http.client.HttpClient' (OnClassCondition)
?[0m?[0;34m
?[0m?[0;34m   ReactiveHealthEndpointConfiguration:
?[0m?[0;34m      Did not match:
?[0m?[0;34m         - @ConditionalOnClass did not find required class 'reactor.core.publisher.Flux' (OnClassCondition)
?[0m?[0;34m
?[0m?[0;34m   ReactiveManagementContextAutoConfiguration:
?[0m?[0;34m      Did not match:
?[0m?[0;34m         - @ConditionalOnClass did not find required class 'reactor.core.publisher.Flux' (OnClassCondition)
?[0m?[0;34m
?[0m?[0;34m   ReactiveManagementWebSecurityAutoConfiguration:
?[0m?[0;34m      Did not match:
?[0m?[0;34m         - @ConditionalOnWebApplication did not find reactive web application classes (OnWebApplicationCondition)
?[0m?[0;34m
?[0m?[0;34m   ReactiveOAuth2ClientAutoConfiguration:
?[0m?[0;34m      Did not match:
?[0m?[0;34m         - @ConditionalOnClass did not find required class 'reactor.core.publisher.Flux' (OnClassCondition)
?[0m?[0;34m
?[0m?[0;34m   ReactiveOAuth2ResourceServerAutoConfiguration:
?[0m?[0;34m      Did not match:
?[0m?[0;34m         - @ConditionalOnWebApplication did not find reactive web application classes (OnWebApplicationCondition)
?[0m?[0;34m
?[0m?[0;34m   ReactiveSecurityAutoConfiguration:
?[0m?[0;34m      Did not match:
?[0m?[0;34m         - @ConditionalOnClass did not find required class 'reactor.core.publisher.Flux' (OnClassCondition)
?[0m?[0;34m
?[0m?[0;34m   ReactiveUserDetailsServiceAutoConfiguration:
?[0m?[0;34m      Did not match:
?[0m?[0;34m         - AnyNestedCondition 0 matched 2 did not; NestedCondition on ReactiveUserDetailsServiceAutoConfiguration.ReactiveUserDetailsServiceCondition.ReactiveWebApplicationCondition did not find reactive web application classes; NestedCondition on ReactiveUserDetailsServiceAutoConfiguration.ReactiveUserDetailsServiceCondition.RSocketSecurityEnabledCondition @ConditionalOnBean (types: org.springframework.messaging.rsocket.annotation.support.RSocketMessageHandler; SearchStrategy: all) did not find any beans of type org.springframework.messaging.rsocket.annotation.support.RSocketMessageHandler (ReactiveUserDetailsServiceAutoConfiguration.ReactiveUserDetailsServiceCondition)
?[0m?[0;34m      Matched:
?[0m?[0;34m         - @ConditionalOnClass found required class 'org.springframework.security.authentication.ReactiveAuthenticationManager' (OnClassCondition)
?[0m?[0;34m
?[0m?[0;34m   ReactiveWebServerFactoryAutoConfiguration:
?[0m?[0;34m      Did not match:
?[0m?[0;34m         - @ConditionalOnWebApplication did not find reactive web application classes (OnWebApplicationCondition)
?[0m?[0;34m
?[0m?[0;34m   RedisAutoConfiguration:
?[0m?[0;34m      Did not match:
?[0m?[0;34m         - @ConditionalOnClass did not find required class 'org.springframework.data.redis.core.RedisOperations' (OnClassCondition)
?[0m?[0;34m
?[0m?[0;34m   RedisCacheConfiguration:
?[0m?[0;34m      Did not match:
?[0m?[0;34m         - @ConditionalOnClass did not find required class 'org.springframework.data.redis.connection.RedisConnectionFactory' (OnClassCondition)
?[0m?[0;34m
?[0m?[0;34m   RedisHealthContributorAutoConfiguration:
?[0m?[0;34m      Did not match:
?[0m?[0;34m         - @ConditionalOnClass did not find required class 'org.springframework.data.redis.connection.RedisConnectionFactory' (OnClassCondition)
?[0m?[0;34m
?[0m?[0;34m   RedisReactiveAutoConfiguration:
?[0m?[0;34m      Did not match:
?[0m?[0;34m         - @ConditionalOnClass did not find required class 'reactor.core.publisher.Flux' (OnClassCondition)
?[0m?[0;34m
?[0m?[0;34m   RedisReactiveHealthContributorAutoConfiguration:
?[0m?[0;34m      Did not match:
?[0m?[0;34m         - @ConditionalOnClass did not find required class 'reactor.core.publisher.Flux' (OnClassCondition)
?[0m?[0;34m
?[0m?[0;34m   RedisRepositoriesAutoConfiguration:
?[0m?[0;34m      Did not match:
?[0m?[0;34m         - @ConditionalOnClass did not find required class 'org.springframework.data.redis.repository.configuration.EnableRedisRepositories' (OnClassCondition)
?[0m?[0;34m
?[0m?[0;34m   RepositoryRestMvcAutoConfiguration:
?[0m?[0;34m      Did not match:
?[0m?[0;34m         - @ConditionalOnClass did not find required class 'org.springframework.data.rest.webmvc.config.RepositoryRestMvcConfiguration' (OnClassCondition)
?[0m?[0;34m
?[0m?[0;34m   Saml2RelyingPartyAutoConfiguration:
?[0m?[0;34m      Did not match:
?[0m?[0;34m         - @ConditionalOnClass did not find required class 'org.springframework.security.saml2.provider.service.registration.RelyingPartyRegistrationRepository' (OnClassCondition)
?[0m?[0;34m
?[0m?[0;34m   SecurityDataConfiguration:
?[0m?[0;34m      Did not match:
?[0m?[0;34m         - @ConditionalOnClass did not find required class 'org.springframework.security.data.repository.query.SecurityEvaluationContextExtension' (OnClassCondition)
?[0m?[0;34m
?[0m?[0;34m   SecurityRequestMatchersManagementContextConfiguration.JerseyRequestMatcherConfiguration:
?[0m?[0;34m      Did not match:
?[0m?[0;34m         - @ConditionalOnClass did not find required class 'org.glassfish.jersey.server.ResourceConfig' (OnClassCondition)
?[0m?[0;34m
?[0m?[0;34m   SendGridAutoConfiguration:
?[0m?[0;34m      Did not match:
?[0m?[0;34m         - @ConditionalOnClass did not find required class 'com.sendgrid.SendGrid' (OnClassCondition)
?[0m?[0;34m
?[0m?[0;34m   ServletEndpointManagementContextConfiguration.JerseyServletEndpointManagementContextConfiguration:
?[0m?[0;34m      Did not match:
?[0m?[0;34m         - @ConditionalOnClass did not find required class 'org.glassfish.jersey.server.ResourceConfig' (OnClassCondition)
?[0m?[0;34m
?[0m?[0;34m   ServletManagementContextAutoConfiguration.ApplicationContextFilterConfiguration:
?[0m?[0;34m      Did not match:
?[0m?[0;34m         - @ConditionalOnProperty (management.server.add-application-context-header=true) did not find property 'add-application-context-header' (OnPropertyCondition)
?[0m?[0;34m
?[0m?[0;34m   ServletWebServerFactoryAutoConfiguration#forwardedHeaderFilter:
?[0m?[0;34m      Did not match:
?[0m?[0;34m         - @ConditionalOnProperty (server.forward-headers-strategy=framework) did not find property 'server.forward-headers-strategy' (OnPropertyCondition)
?[0m?[0;34m
?[0m?[0;34m   ServletWebServerFactoryConfiguration.EmbeddedJetty:
?[0m?[0;34m      Did not match:
?[0m?[0;34m         - @ConditionalOnClass did not find required classes 'org.eclipse.jetty.server.Server', 'org.eclipse.jetty.util.Loader', 'org.eclipse.jetty.webapp.WebAppContext' (OnClassCondition)
?[0m?[0;34m
?[0m?[0;34m   ServletWebServerFactoryConfiguration.EmbeddedUndertow:
?[0m?[0;34m      Did not match:
?[0m?[0;34m         - @ConditionalOnClass did not find required classes 'io.undertow.Undertow', 'org.xnio.SslClientAuthMode' (OnClassCondition)
?[0m?[0;34m
?[0m?[0;34m   SessionAutoConfiguration:
?[0m?[0;34m      Did not match:
?[0m?[0;34m         - @ConditionalOnClass did not find required class 'org.springframework.session.Session' (OnClassCondition)
?[0m?[0;34m
?[0m?[0;34m   SessionsEndpointAutoConfiguration:
?[0m?[0;34m      Did not match:
?[0m?[0;34m         - @ConditionalOnClass did not find required class 'org.springframework.session.FindByIndexNameSessionRepository' (OnClassCondition)
?[0m?[0;34m
?[0m?[0;34m   SignalFxMetricsExportAutoConfiguration:
?[0m?[0;34m      Did not match:
?[0m?[0;34m         - @ConditionalOnClass did not find required class 'io.micrometer.signalfx.SignalFxMeterRegistry' (OnClassCondition)
?[0m?[0;34m
?[0m?[0;34m   SolrAutoConfiguration:
?[0m?[0;34m      Did not match:
?[0m?[0;34m         - @ConditionalOnClass did not find required class 'org.apache.solr.client.solrj.impl.CloudSolrClient' (OnClassCondition)
?[0m?[0;34m
?[0m?[0;34m   SolrHealthContributorAutoConfiguration:
?[0m?[0;34m      Did not match:
?[0m?[0;34m         - @ConditionalOnClass did not find required class 'org.apache.solr.client.solrj.SolrClient' (OnClassCondition)
?[0m?[0;34m
?[0m?[0;34m   SpringApplicationAdminJmxAutoConfiguration:
?[0m?[0;34m      Did not match:
?[0m?[0;34m         - @ConditionalOnProperty (spring.application.admin.enabled=true) did not find property 'enabled' (OnPropertyCondition)
?[0m?[0;34m
?[0m?[0;34m   SpringBootWebSecurityConfiguration:
?[0m?[0;34m      Did not match:
?[0m?[0;34m         - AllNestedConditions 1 matched 1 did not; NestedCondition on DefaultWebSecurityCondition.Beans @ConditionalOnMissingBean (types: org.springframework.security.config.annotation.web.configuration.WebSecurityConfigurerAdapter,org.springframework.security.web.SecurityFilterChain; SearchStrategy: all) found beans of type 'org.springframework.security.web.SecurityFilterChain' securityFilterChain; NestedCondition on DefaultWebSecurityCondition.Classes @ConditionalOnClass found required classes 'org.springframework.security.web.SecurityFilterChain', 'org.springframework.security.config.annotation.web.builders.HttpSecurity' (DefaultWebSecurityCondition)
?[0m?[0;34m      Matched:
?[0m?[0;34m         - found 'session' scope (OnWebApplicationCondition)
?[0m?[0;34m
?[0m?[0;34m   StackdriverMetricsExportAutoConfiguration:
?[0m?[0;34m      Did not match:
?[0m?[0;34m         - @ConditionalOnClass did not find required class 'io.micrometer.stackdriver.StackdriverMeterRegistry' (OnClassCondition)
?[0m?[0;34m
?[0m?[0;34m   StartupEndpointAutoConfiguration:
?[0m?[0;34m      Did not match:
?[0m?[0;34m         - ApplicationStartup configured applicationStartup is of type class org.springframework.core.metrics.DefaultApplicationStartup, expected BufferingApplicationStartup. (StartupEndpointAutoConfiguration.ApplicationStartupCondition)
?[0m?[0;34m
?[0m?[0;34m   StatsdMetricsExportAutoConfiguration:
?[0m?[0;34m      Did not match:
?[0m?[0;34m         - @ConditionalOnClass did not find required class 'io.micrometer.statsd.StatsdMeterRegistry' (OnClassCondition)
?[0m?[0;34m
?[0m?[0;34m   TaskSchedulingAutoConfiguration#taskScheduler:
?[0m?[0;34m      Did not match:
?[0m?[0;34m         - @ConditionalOnBean (names: org.springframework.context.annotation.internalScheduledAnnotationProcessor; SearchStrategy: all) did not find any beans named org.springframework.context.annotation.internalScheduledAnnotationProcessor (OnBeanCondition)
?[0m?[0;34m
?[0m?[0;34m   ThymeleafAutoConfiguration:
?[0m?[0;34m      Did not match:
?[0m?[0;34m         - @ConditionalOnClass did not find required class 'org.thymeleaf.spring5.SpringTemplateEngine' (OnClassCondition)
?[0m?[0;34m
?[0m?[0;34m   TransactionAutoConfiguration#transactionalOperator:
?[0m?[0;34m      Did not match:
?[0m?[0;34m         - @ConditionalOnSingleCandidate (types: org.springframework.transaction.ReactiveTransactionManager; SearchStrategy: all) did not find any beans (OnBeanCondition)
?[0m?[0;34m
?[0m?[0;34m   TransactionAutoConfiguration.EnableTransactionManagementConfiguration.JdkDynamicAutoProxyConfiguration:
?[0m?[0;34m      Did not match:
?[0m?[0;34m         - @ConditionalOnProperty (spring.aop.proxy-target-class=false) did not find property 'proxy-target-class' (OnPropertyCondition)
?[0m?[0;34m
?[0m?[0;34m   UserDetailsServiceAutoConfiguration:
?[0m?[0;34m      Did not match:
?[0m?[0;34m         - @ConditionalOnMissingBean (types: org.springframework.security.authentication.AuthenticationManager,org.springframework.security.authentication.AuthenticationProvider,org.springframework.security.core.userdetails.UserDetailsService,org.springframework.security.oauth2.jwt.JwtDecoder,org.springframework.security.oauth2.server.resource.introspection.OpaqueTokenIntrospector; SearchStrategy: all) found beans of type 'org.springframework.security.core.userdetails.UserDetailsService' securityUserDetailsService, userDetailsService and found beans of type 'org.springframework.security.authentication.AuthenticationProvider' authenticationProvider (OnBeanCondition)
?[0m?[0;34m      Matched:
?[0m?[0;34m         - @ConditionalOnClass found required class 'org.springframework.security.authentication.AuthenticationManager' (OnClassCondition)
?[0m?[0;34m
?[0m?[0;34m   WavefrontMetricsExportAutoConfiguration:
?[0m?[0;34m      Did not match:
?[0m?[0;34m         - @ConditionalOnClass did not find required class 'com.wavefront.sdk.common.WavefrontSender' (OnClassCondition)
?[0m?[0;34m
?[0m?[0;34m   WebClientAutoConfiguration:
?[0m?[0;34m      Did not match:
?[0m?[0;34m         - @ConditionalOnClass did not find required class 'org.springframework.web.reactive.function.client.WebClient' (OnClassCondition)
?[0m?[0;34m
?[0m?[0;34m   WebClientMetricsConfiguration:
?[0m?[0;34m      Did not match:
?[0m?[0;34m         - @ConditionalOnClass did not find required class 'org.springframework.web.reactive.function.client.WebClient' (OnClassCondition)
?[0m?[0;34m
?[0m?[0;34m   WebFluxAutoConfiguration:
?[0m?[0;34m      Did not match:
?[0m?[0;34m         - @ConditionalOnClass did not find required class 'org.springframework.web.reactive.config.WebFluxConfigurer' (OnClassCondition)
?[0m?[0;34m
?[0m?[0;34m   WebFluxEndpointManagementContextConfiguration:
?[0m?[0;34m      Did not match:
?[0m?[0;34m         - @ConditionalOnClass did not find required class 'org.springframework.web.reactive.DispatcherHandler' (OnClassCondition)
?[0m?[0;34m
?[0m?[0;34m   WebFluxMetricsAutoConfiguration:
?[0m?[0;34m      Did not match:
?[0m?[0;34m         - @ConditionalOnWebApplication did not find reactive web application classes (OnWebApplicationCondition)
?[0m?[0;34m
?[0m?[0;34m   WebMvcAutoConfiguration#hiddenHttpMethodFilter:
?[0m?[0;34m      Did not match:
?[0m?[0;34m         - @ConditionalOnProperty (spring.mvc.hiddenmethod.filter.enabled) did not find property 'enabled' (OnPropertyCondition)
?[0m?[0;34m
?[0m?[0;34m   WebMvcAutoConfiguration.ResourceChainCustomizerConfiguration:
?[0m?[0;34m      Did not match:
?[0m?[0;34m         - @ConditionalOnEnabledResourceChain did not find class org.webjars.WebJarAssetLocator (OnEnabledResourceChainCondition)
?[0m?[0;34m
?[0m?[0;34m   WebMvcAutoConfiguration.WebMvcAutoConfigurationAdapter#beanNameViewResolver:
?[0m?[0;34m      Did not match:
?[0m?[0;34m         - @ConditionalOnMissingBean (types: org.springframework.web.servlet.view.BeanNameViewResolver; SearchStrategy: all) found beans of type 'org.springframework.web.servlet.view.BeanNameViewResolver' beanNameViewResolver (OnBeanCondition)
?[0m?[0;34m
?[0m?[0;34m   WebServiceTemplateAutoConfiguration:
?[0m?[0;34m      Did not match:
?[0m?[0;34m         - @ConditionalOnClass did not find required class 'org.springframework.oxm.Marshaller' (OnClassCondition)
?[0m?[0;34m
?[0m?[0;34m   WebServicesAutoConfiguration:
?[0m?[0;34m      Did not match:
?[0m?[0;34m         - @ConditionalOnClass did not find required class 'org.springframework.ws.transport.http.MessageDispatcherServlet' (OnClassCondition)
?[0m?[0;34m
?[0m?[0;34m   WebSocketMessagingAutoConfiguration:
?[0m?[0;34m      Did not match:
?[0m?[0;34m         - @ConditionalOnClass did not find required class 'org.springframework.web.socket.config.annotation.WebSocketMessageBrokerConfigurer' (OnClassCondition)
?[0m?[0;34m
?[0m?[0;34m   WebSocketReactiveAutoConfiguration:
?[0m?[0;34m      Did not match:
?[0m?[0;34m         - @ConditionalOnWebApplication did not find reactive web application classes (OnWebApplicationCondition)
?[0m?[0;34m
?[0m?[0;34m   WebSocketServletAutoConfiguration.Jetty10WebSocketConfiguration:
?[0m?[0;34m      Did not match:
?[0m?[0;34m         - @ConditionalOnClass did not find required classes 'org.eclipse.jetty.websocket.javax.server.internal.JavaxWebSocketServerContainer', 'org.eclipse.jetty.websocket.server.JettyWebSocketServerContainer' (OnClassCondition)
?[0m?[0;34m
?[0m?[0;34m   WebSocketServletAutoConfiguration.JettyWebSocketConfiguration:
?[0m?[0;34m      Did not match:
?[0m?[0;34m         - @ConditionalOnClass did not find required class 'org.eclipse.jetty.websocket.jsr356.server.deploy.WebSocketServerContainerInitializer' (OnClassCondition)
?[0m?[0;34m
?[0m?[0;34m   WebSocketServletAutoConfiguration.UndertowWebSocketConfiguration:
?[0m?[0;34m      Did not match:
?[0m?[0;34m         - @ConditionalOnClass did not find required class 'io.undertow.websockets.jsr.Bootstrap' (OnClassCondition)
?[0m?[0;34m
?[0m?[0;34m   XADataSourceAutoConfiguration:
?[0m?[0;34m      Did not match:
?[0m?[0;34m         - @ConditionalOnBean (types: org.springframework.boot.jdbc.XADataSourceWrapper; SearchStrategy: all) did not find any beans of type org.springframework.boot.jdbc.XADataSourceWrapper (OnBeanCondition)
?[0m?[0;34m      Matched:
?[0m?[0;34m         - @ConditionalOnClass found required classes 'javax.sql.DataSource', 'javax.transaction.TransactionManager', 'org.springframework.jdbc.datasource.embedded.EmbeddedDatabaseType' (OnClassCondition)
?[0m?[0;34m
?[0m?[0;34m
?[0m?[0;34mExclusions:
?[0m?[0;34m-----------
?[0m?[0;34m
?[0m?[0;34m    None
?[0m?[0;34m
?[0m?[0;34m
?[0m?[0;34mUnconditional classes:
?[0m?[0;34m----------------------
?[0m?[0;34m
?[0m?[0;34m    org.springframework.boot.autoconfigure.context.ConfigurationPropertiesAutoConfiguration
?[0m?[0;34m
?[0m?[0;34m    org.springframework.boot.actuate.autoconfigure.availability.AvailabilityHealthContributorAutoConfiguration
?[0m?[0;34m
?[0m?[0;34m    org.springframework.boot.actuate.autoconfigure.info.InfoContributorAutoConfiguration
?[0m?[0;34m
?[0m?[0;34m    org.springframework.boot.autoconfigure.context.PropertyPlaceholderAutoConfiguration
?[0m?[0;34m
?[0m?[0;34m    org.springframework.boot.autoconfigure.context.LifecycleAutoConfiguration
?[0m?[0;34m
?[0m?[0;34m    org.springframework.boot.actuate.autoconfigure.health.HealthContributorAutoConfiguration
?[0m?[0;34m
?[0m?[0;34m    org.springframework.boot.actuate.autoconfigure.metrics.integration.IntegrationMetricsAutoConfiguration
?[0m?[0;34m
?[0m?[0;34m    org.springframework.boot.actuate.autoconfigure.endpoint.EndpointAutoConfiguration
?[0m?[0;34m
?[0m?[0;34m    org.springframework.boot.autoconfigure.availability.ApplicationAvailabilityAutoConfiguration
?[0m?[0;34m
?[0m?[0;34m    org.springframework.boot.autoconfigure.info.ProjectInfoAutoConfiguration
?[0m?[0;34m
?[0m?[0;34m    org.springframework.boot.actuate.autoconfigure.web.server.ManagementContextAutoConfiguration
?[0m?[0;34m
?[0m?[0;34m
?[0m?[0;34m
?[0m?[0;34m2023-04-07 15:35:37.147  INFO 12456 --- [    Test worker] recipes.RecipesApplication               : Started RecipesApplication in 0.901 seconds (JVM running for 34.466)
?[0m?[0;34m2023-04-07 15:35:37.148 DEBUG 12456 --- [    Test worker] o.s.b.a.ApplicationAvailabilityBean      : Application availability state LivenessState changed to CORRECT
?[0m?[0;34m2023-04-07 15:35:37.149 DEBUG 12456 --- [    Test worker] o.s.b.a.ApplicationAvailabilityBean      : Application availability state ReadinessState changed to ACCEPTING_TRAFFIC
?[0m?[1;31m
Start test 64?[0m
?[0;34m2023-04-07 15:35:37.155  INFO 12456 --- [nio-8881-exec-1] o.a.c.c.C.[Tomcat].[localhost].[/]       : Initializing Spring DispatcherServlet 'dispatcherServlet'
?[0m?[0;34m2023-04-07 15:35:37.155  INFO 12456 --- [nio-8881-exec-1] o.s.web.servlet.DispatcherServlet        : Initializing Servlet 'dispatcherServlet'
?[0m?[0;34m2023-04-07 15:35:37.155 DEBUG 12456 --- [nio-8881-exec-1] o.s.web.servlet.DispatcherServlet        : Detected StandardServletMultipartResolver
?[0m?[0;34m2023-04-07 15:35:37.156 DEBUG 12456 --- [nio-8881-exec-1] o.s.web.servlet.DispatcherServlet        : Detected AcceptHeaderLocaleResolver
?[0m?[0;34m2023-04-07 15:35:37.156 DEBUG 12456 --- [nio-8881-exec-1] o.s.web.servlet.DispatcherServlet        : Detected FixedThemeResolver
?[0m?[0;34m2023-04-07 15:35:37.157 DEBUG 12456 --- [nio-8881-exec-1] o.s.web.servlet.DispatcherServlet        : Detected org.springframework.web.servlet.view.DefaultRequestToViewNameTranslator@4c2b8df7
?[0m?[0;34m2023-04-07 15:35:37.157 DEBUG 12456 --- [nio-8881-exec-1] o.s.web.servlet.DispatcherServlet        : Detected org.springframework.web.servlet.support.SessionFlashMapManager@2aabd5a0
?[0m?[0;34m2023-04-07 15:35:37.157 DEBUG 12456 --- [nio-8881-exec-1] o.s.web.servlet.DispatcherServlet        : enableLoggingRequestDetails='false': request parameters and headers will be masked to prevent unsafe logging of potentially sensitive data
?[0m?[0;34m2023-04-07 15:35:37.157  INFO 12456 --- [nio-8881-exec-1] o.s.web.servlet.DispatcherServlet        : Completed initialization in 2 ms
?[0m?[0;34m2023-04-07 15:35:37.158 DEBUG 12456 --- [nio-8881-exec-1] o.s.security.web.FilterChainProxy        : Securing POST /api/recipe/new
?[0m?[0;34m2023-04-07 15:35:37.158 DEBUG 12456 --- [nio-8881-exec-1] s.s.w.c.SecurityContextPersistenceFilter : Set SecurityContextHolder to empty SecurityContext
?[0m?[0;34m2023-04-07 15:35:37.237 DEBUG 12456 --- [nio-8881-exec-1] tor$SharedEntityManagerInvocationHandler : Creating new EntityManager for shared EntityManager invocation
?[0m?[0;34mHibernate: 
?[0m?[0;34m    select
?[0m?[0;34m        user0_.id as id1_3_,
?[0m?[0;34m        user0_.email as email2_3_,
?[0m?[0;34m        user0_.password as password3_3_ 
?[0m?[0;34m    from
?[0m?[0;34m        users user0_ 
?[0m?[0;34m    where
?[0m?[0;34m        user0_.email=?
?[0m?[0;34mHibernate: 
?[0m?[0;34m    select
?[0m?[0;34m        recipes0_.user_id as user_id6_2_0_,
?[0m?[0;34m        recipes0_.id as id1_2_0_,
?[0m?[0;34m        recipes0_.id as id1_2_1_,
?[0m?[0;34m        recipes0_.category as category2_2_1_,
?[0m?[0;34m        recipes0_.date as date3_2_1_,
?[0m?[0;34m        recipes0_.description as descript4_2_1_,
?[0m?[0;34m        recipes0_.name as name5_2_1_,
?[0m?[0;34m        recipes0_.user_id as user_id6_2_1_ 
?[0m?[0;34m    from
?[0m?[0;34m        recipe recipes0_ 
?[0m?[0;34m    where
?[0m?[0;34m        recipes0_.user_id=?
?[0m?[0;34m2023-04-07 15:35:37.306 DEBUG 12456 --- [nio-8881-exec-1] o.s.s.a.dao.DaoAuthenticationProvider    : Authenticated user
?[0m?[0;34m2023-04-07 15:35:37.306 DEBUG 12456 --- [nio-8881-exec-1] o.s.s.w.a.www.BasicAuthenticationFilter  : Set SecurityContextHolder to UsernamePasswordAuthenticationToken [Principal=recipes.security.SecurityUserDetails@59dcf344, Credentials=[PROTECTED], Authenticated=true, Details=WebAuthenticationDetails [RemoteIpAddress=127.0.0.1, SessionId=null], Granted Authorities=[]]
?[0m?[0;34m2023-04-07 15:35:37.306 DEBUG 12456 --- [nio-8881-exec-1] w.c.HttpSessionSecurityContextRepository : Created HttpSession as SecurityContext is non-default
?[0m?[0;34m2023-04-07 15:35:37.306 DEBUG 12456 --- [nio-8881-exec-1] w.c.HttpSessionSecurityContextRepository : Stored SecurityContextImpl [Authentication=UsernamePasswordAuthenticationToken [Principal=recipes.security.SecurityUserDetails@59dcf344, Credentials=[PROTECTED], Authenticated=true, Details=WebAuthenticationDetails [RemoteIpAddress=127.0.0.1, SessionId=null], Granted Authorities=[]]] to HttpSession [org.apache.catalina.session.StandardSessionFacade@6cde3e61]
?[0m?[0;34m2023-04-07 15:35:37.306 DEBUG 12456 --- [nio-8881-exec-1] o.s.security.web.FilterChainProxy        : Secured POST /api/recipe/new
?[0m?[0;34m2023-04-07 15:35:37.307 DEBUG 12456 --- [nio-8881-exec-1] o.s.web.servlet.DispatcherServlet        : POST "/api/recipe/new", parameters={}
?[0m?[0;34m2023-04-07 15:35:37.307 DEBUG 12456 --- [nio-8881-exec-1] s.w.s.m.m.a.RequestMappingHandlerMapping : Mapped to recipes.controller.RecipeController#sava(SecurityUserDetails, RecipeDTO)
?[0m?[0;34m2023-04-07 15:35:37.307 DEBUG 12456 --- [nio-8881-exec-1] o.j.s.OpenEntityManagerInViewInterceptor : Opening JPA EntityManager in OpenEntityManagerInViewInterceptor
?[0m?[0;34m2023-04-07 15:35:37.309 DEBUG 12456 --- [nio-8881-exec-1] m.m.a.RequestResponseBodyMethodProcessor : Read "application/json;charset=UTF-8" to [RecipeDTO(name=Fresh Mint Tea /Test, category=beverage /Test, date=null, description=Light, aromatic (truncated)...]
?[0m?[0;34m2023-04-07 15:35:37.317 DEBUG 12456 --- [nio-8881-exec-1] o.s.orm.jpa.JpaTransactionManager        : Found thread-bound EntityManager [SessionImpl(528949820<open>)] for JPA transaction
?[0m?[0;34m2023-04-07 15:35:37.317 DEBUG 12456 --- [nio-8881-exec-1] o.s.orm.jpa.JpaTransactionManager        : Creating new transaction with name [org.springframework.data.jpa.repository.support.SimpleJpaRepository.save]: PROPAGATION_REQUIRED,ISOLATION_DEFAULT
?[0m?[0;34m2023-04-07 15:35:37.317 DEBUG 12456 --- [nio-8881-exec-1] o.s.orm.jpa.JpaTransactionManager        : Exposing JPA transaction as JDBC [org.springframework.orm.jpa.vendor.HibernateJpaDialect$HibernateConnectionHandle@1915b86]
?[0m?[0;34mHibernate: 
?[0m?[0;34m    insert 
?[0m?[0;34m    into
?[0m?[0;34m        recipe
?[0m?[0;34m        (id, category, date, description, name, user_id) 
?[0m?[0;34m    values
?[0m?[0;34m        (null, ?, ?, ?, ?, ?)
?[0m?[0;34m2023-04-07 15:35:37.320 DEBUG 12456 --- [nio-8881-exec-1] o.s.orm.jpa.JpaTransactionManager        : Initiating transaction commit
?[0m?[0;34m2023-04-07 15:35:37.320 DEBUG 12456 --- [nio-8881-exec-1] o.s.orm.jpa.JpaTransactionManager        : Committing JPA transaction on EntityManager [SessionImpl(528949820<open>)]
?[0m?[0;34mHibernate: 
?[0m?[0;34m    insert 
?[0m?[0;34m    into
?[0m?[0;34m        direction
?[0m?[0;34m        (id, directions) 
?[0m?[0;34m    values
?[0m?[0;34m        (?, ?)
?[0m?[0;34mHibernate: 
?[0m?[0;34m    insert 
?[0m?[0;34m    into
?[0m?[0;34m        direction
?[0m?[0;34m        (id, directions) 
?[0m?[0;34m    values
?[0m?[0;34m        (?, ?)
?[0m?[0;34mHibernate: 
?[0m?[0;34m    insert 
?[0m?[0;34m    into
?[0m?[0;34m        direction
?[0m?[0;34m        (id, directions) 
?[0m?[0;34m    values
?[0m?[0;34m        (?, ?)
?[0m?[0;34mHibernate: 
?[0m?[0;34m    insert 
?[0m?[0;34m    into
?[0m?[0;34m        direction
?[0m?[0;34m        (id, directions) 
?[0m?[0;34m    values
?[0m?[0;34m        (?, ?)
?[0m?[0;34mHibernate: 
?[0m?[0;34m    insert 
?[0m?[0;34m    into
?[0m?[0;34m        direction
?[0m?[0;34m        (id, directions) 
?[0m?[0;34m    values
?[0m?[0;34m        (?, ?)
?[0m?[0;34mHibernate: 
?[0m?[0;34m    insert 
?[0m?[0;34m    into
?[0m?[0;34m        ingredient
?[0m?[0;34m        (id, ingredients) 
?[0m?[0;34m    values
?[0m?[0;34m        (?, ?)
?[0m?[0;34mHibernate: 
?[0m?[0;34m    insert 
?[0m?[0;34m    into
?[0m?[0;34m        ingredient
?[0m?[0;34m        (id, ingredients) 
?[0m?[0;34m    values
?[0m?[0;34m        (?, ?)
?[0m?[0;34mHibernate: 
?[0m?[0;34m    insert 
?[0m?[0;34m    into
?[0m?[0;34m        ingredient
?[0m?[0;34m        (id, ingredients) 
?[0m?[0;34m    values
?[0m?[0;34m        (?, ?)
?[0m?[0;34m2023-04-07 15:35:37.323 DEBUG 12456 --- [nio-8881-exec-1] o.s.orm.jpa.JpaTransactionManager        : Not closing pre-bound JPA EntityManager after transaction
?[0m?[0;34m2023-04-07 15:35:37.324 DEBUG 12456 --- [nio-8881-exec-1] o.s.w.s.m.m.a.HttpEntityMethodProcessor  : Using 'application/json', given [*/*] and supported [application/json, application/*+json, application/json, application/*+json]
?[0m?[0;34m2023-04-07 15:35:37.324 DEBUG 12456 --- [nio-8881-exec-1] o.s.w.s.m.m.a.HttpEntityMethodProcessor  : Writing [{id=16}]
?[0m?[0;34m2023-04-07 15:35:37.324 DEBUG 12456 --- [nio-8881-exec-1] w.c.HttpSessionSecurityContextRepository : Stored SecurityContextImpl [Authentication=UsernamePasswordAuthenticationToken [Principal=recipes.security.SecurityUserDetails@59dcf344, Credentials=[PROTECTED], Authenticated=true, Details=WebAuthenticationDetails [RemoteIpAddress=127.0.0.1, SessionId=null], Granted Authorities=[]]] to HttpSession [org.apache.catalina.session.StandardSessionFacade@6cde3e61]
?[0m?[0;34m2023-04-07 15:35:37.325 DEBUG 12456 --- [nio-8881-exec-1] o.j.s.OpenEntityManagerInViewInterceptor : Closing JPA EntityManager in OpenEntityManagerInViewInterceptor
?[0m?[0;34m2023-04-07 15:35:37.325 DEBUG 12456 --- [nio-8881-exec-1] o.s.web.servlet.DispatcherServlet        : Completed 200 OK
?[0m?[0;34m2023-04-07 15:35:37.325 DEBUG 12456 --- [nio-8881-exec-1] w.c.HttpSessionSecurityContextRepository : Stored SecurityContextImpl [Authentication=UsernamePasswordAuthenticationToken [Principal=recipes.security.SecurityUserDetails@59dcf344, Credentials=[PROTECTED], Authenticated=true, Details=WebAuthenticationDetails [RemoteIpAddress=127.0.0.1, SessionId=null], Granted Authorities=[]]] to HttpSession [org.apache.catalina.session.StandardSessionFacade@6cde3e61]
?[0m?[0;34m2023-04-07 15:35:37.325 DEBUG 12456 --- [nio-8881-exec-1] s.s.w.c.SecurityContextPersistenceFilter : Cleared SecurityContextHolder to complete request
?[1;31m
Start test 65?[0m
?[0;34m2023-04-07 15:35:37.330 DEBUG 12456 --- [nio-8881-exec-2] o.s.security.web.FilterChainProxy        : Securing GET /api/recipe/2
?[0m?[0;34m2023-04-07 15:35:37.330 DEBUG 12456 --- [nio-8881-exec-2] s.s.w.c.SecurityContextPersistenceFilter : Set SecurityContextHolder to empty SecurityContext
?[0m?[0;34m2023-04-07 15:35:37.330 DEBUG 12456 --- [nio-8881-exec-2] tor$SharedEntityManagerInvocationHandler : Creating new EntityManager for shared EntityManager invocation
?[0m?[0;34mHibernate: 
?[0m?[0;34m    select
?[0m?[0;34m        user0_.id as id1_3_,
?[0m?[0;34m        user0_.email as email2_3_,
?[0m?[0;34m        user0_.password as password3_3_ 
?[0m?[0;34m    from
?[0m?[0;34m        users user0_ 
?[0m?[0;34m    where
?[0m?[0;34m        user0_.email=?
?[0m?[0;34mHibernate: 
?[0m?[0;34m    select
?[0m?[0;34m        recipes0_.user_id as user_id6_2_0_,
?[0m?[0;34m        recipes0_.id as id1_2_0_,
?[0m?[0;34m        recipes0_.id as id1_2_1_,
?[0m?[0;34m        recipes0_.category as category2_2_1_,
?[0m?[0;34m        recipes0_.date as date3_2_1_,
?[0m?[0;34m        recipes0_.description as descript4_2_1_,
?[0m?[0;34m        recipes0_.name as name5_2_1_,
?[0m?[0;34m        recipes0_.user_id as user_id6_2_1_ 
?[0m?[0;34m    from
?[0m?[0;34m        recipe recipes0_ 
?[0m?[0;34m    where
?[0m?[0;34m        recipes0_.user_id=?
?[0m?[0;34m2023-04-07 15:35:37.395 DEBUG 12456 --- [nio-8881-exec-2] o.s.s.a.dao.DaoAuthenticationProvider    : Authenticated user
?[0m?[0;34m2023-04-07 15:35:37.395 DEBUG 12456 --- [nio-8881-exec-2] o.s.s.w.a.www.BasicAuthenticationFilter  : Set SecurityContextHolder to UsernamePasswordAuthenticationToken [Principal=recipes.security.SecurityUserDetails@4de1f9f8, Credentials=[PROTECTED], Authenticated=true, Details=WebAuthenticationDetails [RemoteIpAddress=127.0.0.1, SessionId=null], Granted Authorities=[]]
?[0m?[0;34m2023-04-07 15:35:37.396 DEBUG 12456 --- [nio-8881-exec-2] w.c.HttpSessionSecurityContextRepository : Created HttpSession as SecurityContext is non-default
?[0m?[0;34m2023-04-07 15:35:37.396 DEBUG 12456 --- [nio-8881-exec-2] w.c.HttpSessionSecurityContextRepository : Stored SecurityContextImpl [Authentication=UsernamePasswordAuthenticationToken [Principal=recipes.security.SecurityUserDetails@4de1f9f8, Credentials=[PROTECTED], Authenticated=true, Details=WebAuthenticationDetails [RemoteIpAddress=127.0.0.1, SessionId=null], Granted Authorities=[]]] to HttpSession [org.apache.catalina.session.StandardSessionFacade@787e5046]
?[0m?[0;34m2023-04-07 15:35:37.396 DEBUG 12456 --- [nio-8881-exec-2] o.s.security.web.FilterChainProxy        : Secured GET /api/recipe/2
?[0m?[0;34m2023-04-07 15:35:37.396 DEBUG 12456 --- [nio-8881-exec-2] o.s.web.servlet.DispatcherServlet        : GET "/api/recipe/2", parameters={}
?[0m?[0;34m2023-04-07 15:35:37.396 DEBUG 12456 --- [nio-8881-exec-2] s.w.s.m.m.a.RequestMappingHandlerMapping : Mapped to recipes.controller.RecipeController#findById(int)
?[0m?[0;34m2023-04-07 15:35:37.396 DEBUG 12456 --- [nio-8881-exec-2] o.j.s.OpenEntityManagerInViewInterceptor : Opening JPA EntityManager in OpenEntityManagerInViewInterceptor
?[0m?[0;34m2023-04-07 15:35:37.397 DEBUG 12456 --- [nio-8881-exec-2] o.s.orm.jpa.JpaTransactionManager        : Found thread-bound EntityManager [SessionImpl(583097313<open>)] for JPA transaction
?[0m?[0;34m2023-04-07 15:35:37.397 DEBUG 12456 --- [nio-8881-exec-2] o.s.orm.jpa.JpaTransactionManager        : Creating new transaction with name [org.springframework.data.jpa.repository.support.SimpleJpaRepository.findById]: PROPAGATION_REQUIRED,ISOLATION_DEFAULT,readOnly
?[0m?[0;34m2023-04-07 15:35:37.397 DEBUG 12456 --- [nio-8881-exec-2] o.s.jdbc.datasource.DataSourceUtils      : Setting JDBC Connection [HikariProxyConnection@674747295 wrapping conn20: url=jdbc:h2:file:../recipes_db user=SA] read-only
?[0m?[0;34m2023-04-07 15:35:37.397 DEBUG 12456 --- [nio-8881-exec-2] o.s.orm.jpa.JpaTransactionManager        : Exposing JPA transaction as JDBC [org.springframework.orm.jpa.vendor.HibernateJpaDialect$HibernateConnectionHandle@112b37df]
?[0m?[0;34mHibernate: 
?[0m?[0;34m    select
?[0m?[0;34m        recipe0_.id as id1_2_0_,
?[0m?[0;34m        recipe0_.category as category2_2_0_,
?[0m?[0;34m        recipe0_.date as date3_2_0_,
?[0m?[0;34m        recipe0_.description as descript4_2_0_,
?[0m?[0;34m        recipe0_.name as name5_2_0_,
?[0m?[0;34m        recipe0_.user_id as user_id6_2_0_,
?[0m?[0;34m        user1_.id as id1_3_1_,
?[0m?[0;34m        user1_.email as email2_3_1_,
?[0m?[0;34m        user1_.password as password3_3_1_ 
?[0m?[0;34m    from
?[0m?[0;34m        recipe recipe0_ 
?[0m?[0;34m    inner join
?[0m?[0;34m        users user1_ 
?[0m?[0;34m            on recipe0_.user_id=user1_.id 
?[0m?[0;34m    where
?[0m?[0;34m        recipe0_.id=?
?[0m?[0;34mHibernate: 
?[0m?[0;34m    select
?[0m?[0;34m        recipes0_.user_id as user_id6_2_0_,
?[0m?[0;34m        recipes0_.id as id1_2_0_,
?[0m?[0;34m        recipes0_.id as id1_2_1_,
?[0m?[0;34m        recipes0_.category as category2_2_1_,
?[0m?[0;34m        recipes0_.date as date3_2_1_,
?[0m?[0;34m        recipes0_.description as descript4_2_1_,
?[0m?[0;34m        recipes0_.name as name5_2_1_,
?[0m?[0;34m        recipes0_.user_id as user_id6_2_1_ 
?[0m?[0;34m    from
?[0m?[0;34m        recipe recipes0_ 
?[0m?[0;34m    where
?[0m?[0;34m        recipes0_.user_id=?
?[0m?[0;34m2023-04-07 15:35:37.400 DEBUG 12456 --- [nio-8881-exec-2] o.s.orm.jpa.JpaTransactionManager        : Initiating transaction commit
?[0m?[0;34m2023-04-07 15:35:37.400 DEBUG 12456 --- [nio-8881-exec-2] o.s.orm.jpa.JpaTransactionManager        : Committing JPA transaction on EntityManager [SessionImpl(583097313<open>)]
?[0m?[0;34m2023-04-07 15:35:37.400 DEBUG 12456 --- [nio-8881-exec-2] o.s.jdbc.datasource.DataSourceUtils      : Resetting read-only flag of JDBC Connection [HikariProxyConnection@674747295 wrapping conn20: url=jdbc:h2:file:../recipes_db user=SA]
?[0m?[0;34m2023-04-07 15:35:37.400 DEBUG 12456 --- [nio-8881-exec-2] o.s.orm.jpa.JpaTransactionManager        : Not closing pre-bound JPA EntityManager after transaction
?[0m?[0;34mHibernate: 
?[0m?[0;34m    select
?[0m?[0;34m        directions0_.id as id1_0_0_,
?[0m?[0;34m        directions0_.directions as directio2_0_0_ 
?[0m?[0;34m    from
?[0m?[0;34m        direction directions0_ 
?[0m?[0;34m    where
?[0m?[0;34m        directions0_.id=?
?[0m?[0;34mHibernate: 
?[0m?[0;34m    select
?[0m?[0;34m        ingredient0_.id as id1_1_0_,
?[0m?[0;34m        ingredient0_.ingredients as ingredie2_1_0_ 
?[0m?[0;34m    from
?[0m?[0;34m        ingredient ingredient0_ 
?[0m?[0;34m    where
?[0m?[0;34m        ingredient0_.id=?
?[0m?[0;34m2023-04-07 15:35:37.404 DEBUG 12456 --- [nio-8881-exec-2] o.s.w.s.m.m.a.HttpEntityMethodProcessor  : Using 'application/json', given [*/*] and supported [application/json, application/*+json, application/json, application/*+json]
?[0m?[0;34m2023-04-07 15:35:37.404 DEBUG 12456 --- [nio-8881-exec-2] o.s.w.s.m.m.a.HttpEntityMethodProcessor  : Writing [RecipeDTO(name=Warming Ginger Tea /Test, category=beverage /Test, date=2023-04-07T15:35:10.932653, d (truncated)...]
?[0m?[0;34m2023-04-07 15:35:37.405 DEBUG 12456 --- [nio-8881-exec-2] w.c.HttpSessionSecurityContextRepository : Stored SecurityContextImpl [Authentication=UsernamePasswordAuthenticationToken [Principal=recipes.security.SecurityUserDetails@4de1f9f8, Credentials=[PROTECTED], Authenticated=true, Details=WebAuthenticationDetails [RemoteIpAddress=127.0.0.1, SessionId=null], Granted Authorities=[]]] to HttpSession [org.apache.catalina.session.StandardSessionFacade@787e5046]
?[0m?[0;34m2023-04-07 15:35:37.405 DEBUG 12456 --- [nio-8881-exec-2] o.j.s.OpenEntityManagerInViewInterceptor : Closing JPA EntityManager in OpenEntityManagerInViewInterceptor
?[0m?[0;34m2023-04-07 15:35:37.406 DEBUG 12456 --- [nio-8881-exec-2] o.s.web.servlet.DispatcherServlet        : Completed 200 OK
?[0m?[0;34m2023-04-07 15:35:37.406 DEBUG 12456 --- [nio-8881-exec-2] w.c.HttpSessionSecurityContextRepository : Stored SecurityContextImpl [Authentication=UsernamePasswordAuthenticationToken [Principal=recipes.security.SecurityUserDetails@4de1f9f8, Credentials=[PROTECTED], Authenticated=true, Details=WebAuthenticationDetails [RemoteIpAddress=127.0.0.1, SessionId=null], Granted Authorities=[]]] to HttpSession [org.apache.catalina.session.StandardSessionFacade@787e5046]
?[0m?[0;34m2023-04-07 15:35:37.406 DEBUG 12456 --- [nio-8881-exec-2] s.s.w.c.SecurityContextPersistenceFilter : Cleared SecurityContextHolder to complete request
?[1;31m
Start test 66?[0m
?[0;34m2023-04-07 15:35:37.411 DEBUG 12456 --- [nio-8881-exec-3] o.s.security.web.FilterChainProxy        : Securing GET /api/recipe/search/?category=dessert
?[0m?[0;34m2023-04-07 15:35:37.411 DEBUG 12456 --- [nio-8881-exec-3] s.s.w.c.SecurityContextPersistenceFilter : Set SecurityContextHolder to empty SecurityContext
?[0m?[0;34m2023-04-07 15:35:37.412 DEBUG 12456 --- [nio-8881-exec-3] tor$SharedEntityManagerInvocationHandler : Creating new EntityManager for shared EntityManager invocation
?[0m?[0;34mHibernate: 
?[0m?[0;34m    select
?[0m?[0;34m        user0_.id as id1_3_,
?[0m?[0;34m        user0_.email as email2_3_,
?[0m?[0;34m        user0_.password as password3_3_ 
?[0m?[0;34m    from
?[0m?[0;34m        users user0_ 
?[0m?[0;34m    where
?[0m?[0;34m        user0_.email=?
?[0m?[0;34mHibernate: 
?[0m?[0;34m    select
?[0m?[0;34m        recipes0_.user_id as user_id6_2_0_,
?[0m?[0;34m        recipes0_.id as id1_2_0_,
?[0m?[0;34m        recipes0_.id as id1_2_1_,
?[0m?[0;34m        recipes0_.category as category2_2_1_,
?[0m?[0;34m        recipes0_.date as date3_2_1_,
?[0m?[0;34m        recipes0_.description as descript4_2_1_,
?[0m?[0;34m        recipes0_.name as name5_2_1_,
?[0m?[0;34m        recipes0_.user_id as user_id6_2_1_ 
?[0m?[0;34m    from
?[0m?[0;34m        recipe recipes0_ 
?[0m?[0;34m    where
?[0m?[0;34m        recipes0_.user_id=?
?[0m?[0;34m2023-04-07 15:35:37.474 DEBUG 12456 --- [nio-8881-exec-3] o.s.s.a.dao.DaoAuthenticationProvider    : Authenticated user
?[0m?[0;34m2023-04-07 15:35:37.474 DEBUG 12456 --- [nio-8881-exec-3] o.s.s.w.a.www.BasicAuthenticationFilter  : Set SecurityContextHolder to UsernamePasswordAuthenticationToken [Principal=recipes.security.SecurityUserDetails@7d49c0a6, Credentials=[PROTECTED], Authenticated=true, Details=WebAuthenticationDetails [RemoteIpAddress=127.0.0.1, SessionId=null], Granted Authorities=[]]
?[0m?[0;34m2023-04-07 15:35:37.474 DEBUG 12456 --- [nio-8881-exec-3] w.c.HttpSessionSecurityContextRepository : Created HttpSession as SecurityContext is non-default
?[0m?[0;34m2023-04-07 15:35:37.474 DEBUG 12456 --- [nio-8881-exec-3] w.c.HttpSessionSecurityContextRepository : Stored SecurityContextImpl [Authentication=UsernamePasswordAuthenticationToken [Principal=recipes.security.SecurityUserDetails@7d49c0a6, Credentials=[PROTECTED], Authenticated=true, Details=WebAuthenticationDetails [RemoteIpAddress=127.0.0.1, SessionId=null], Granted Authorities=[]]] to HttpSession [org.apache.catalina.session.StandardSessionFacade@1b881d9e]
?[0m?[0;34m2023-04-07 15:35:37.474 DEBUG 12456 --- [nio-8881-exec-3] o.s.security.web.FilterChainProxy        : Secured GET /api/recipe/search/?category=dessert
?[0m?[0;34m2023-04-07 15:35:37.475 DEBUG 12456 --- [nio-8881-exec-3] o.s.web.servlet.DispatcherServlet        : GET "/api/recipe/search/?category=dessert", parameters={masked}
?[0m?[0;34m2023-04-07 15:35:37.475 DEBUG 12456 --- [nio-8881-exec-3] s.w.s.m.m.a.RequestMappingHandlerMapping : Mapped to recipes.controller.RecipeController#search(String, String)
?[0m?[0;34m2023-04-07 15:35:37.475 DEBUG 12456 --- [nio-8881-exec-3] o.j.s.OpenEntityManagerInViewInterceptor : Opening JPA EntityManager in OpenEntityManagerInViewInterceptor
?[0m?[0;34mHibernate: 
?[0m?[0;34m    select
?[0m?[0;34m        recipe0_.id as id1_2_,
?[0m?[0;34m        recipe0_.category as category2_2_,
?[0m?[0;34m        recipe0_.date as date3_2_,
?[0m?[0;34m        recipe0_.description as descript4_2_,
?[0m?[0;34m        recipe0_.name as name5_2_,
?[0m?[0;34m        recipe0_.user_id as user_id6_2_ 
?[0m?[0;34m    from
?[0m?[0;34m        recipe recipe0_ 
?[0m?[0;34m    where
?[0m?[0;34m        upper(recipe0_.category)=upper(?) 
?[0m?[0;34m    order by
?[0m?[0;34m        recipe0_.date desc
?[0m?[0;34mHibernate: 
?[0m?[0;34m    select
?[0m?[0;34m        user0_.id as id1_3_0_,
?[0m?[0;34m        user0_.email as email2_3_0_,
?[0m?[0;34m        user0_.password as password3_3_0_,
?[0m?[0;34m        recipes1_.user_id as user_id6_2_1_,
?[0m?[0;34m        recipes1_.id as id1_2_1_,
?[0m?[0;34m        recipes1_.id as id1_2_2_,
?[0m?[0;34m        recipes1_.category as category2_2_2_,
?[0m?[0;34m        recipes1_.date as date3_2_2_,
?[0m?[0;34m        recipes1_.description as descript4_2_2_,
?[0m?[0;34m        recipes1_.name as name5_2_2_,
?[0m?[0;34m        recipes1_.user_id as user_id6_2_2_ 
?[0m?[0;34m    from
?[0m?[0;34m        users user0_ 
?[0m?[0;34m    left outer join
?[0m?[0;34m        recipe recipes1_ 
?[0m?[0;34m            on user0_.id=recipes1_.user_id 
?[0m?[0;34m    where
?[0m?[0;34m        user0_.id=?
?[0m?[0;34mHibernate: 
?[0m?[0;34m    select
?[0m?[0;34m        directions0_.id as id1_0_0_,
?[0m?[0;34m        directions0_.directions as directio2_0_0_ 
?[0m?[0;34m    from
?[0m?[0;34m        direction directions0_ 
?[0m?[0;34m    where
?[0m?[0;34m        directions0_.id=?
?[0m?[0;34mHibernate: 
?[0m?[0;34m    select
?[0m?[0;34m        ingredient0_.id as id1_1_0_,
?[0m?[0;34m        ingredient0_.ingredients as ingredie2_1_0_ 
?[0m?[0;34m    from
?[0m?[0;34m        ingredient ingredient0_ 
?[0m?[0;34m    where
?[0m?[0;34m        ingredient0_.id=?
?[0m?[0;34mHibernate: 
?[0m?[0;34m    select
?[0m?[0;34m        directions0_.id as id1_0_0_,
?[0m?[0;34m        directions0_.directions as directio2_0_0_ 
?[0m?[0;34m    from
?[0m?[0;34m        direction directions0_ 
?[0m?[0;34m    where
?[0m?[0;34m        directions0_.id=?
?[0m?[0;34mHibernate: 
?[0m?[0;34m    select
?[0m?[0;34m        ingredient0_.id as id1_1_0_,
?[0m?[0;34m        ingredient0_.ingredients as ingredie2_1_0_ 
?[0m?[0;34m    from
?[0m?[0;34m        ingredient ingredient0_ 
?[0m?[0;34m    where
?[0m?[0;34m        ingredient0_.id=?
?[0m?[0;34mHibernate: 
?[0m?[0;34m    select
?[0m?[0;34m        directions0_.id as id1_0_0_,
?[0m?[0;34m        directions0_.directions as directio2_0_0_ 
?[0m?[0;34m    from
?[0m?[0;34m        direction directions0_ 
?[0m?[0;34m    where
?[0m?[0;34m        directions0_.id=?
?[0m?[0;34mHibernate: 
?[0m?[0;34m    select
?[0m?[0;34m        ingredient0_.id as id1_1_0_,
?[0m?[0;34m        ingredient0_.ingredients as ingredie2_1_0_ 
?[0m?[0;34m    from
?[0m?[0;34m        ingredient ingredient0_ 
?[0m?[0;34m    where
?[0m?[0;34m        ingredient0_.id=?
?[0m?[0;34mHibernate: 
?[0m?[0;34m    select
?[0m?[0;34m        directions0_.id as id1_0_0_,
?[0m?[0;34m        directions0_.directions as directio2_0_0_ 
?[0m?[0;34m    from
?[0m?[0;34m        direction directions0_ 
?[0m?[0;34m    where
?[0m?[0;34m        directions0_.id=?
?[0m?[0;34mHibernate: 
?[0m?[0;34m    select
?[0m?[0;34m        ingredient0_.id as id1_1_0_,
?[0m?[0;34m        ingredient0_.ingredients as ingredie2_1_0_ 
?[0m?[0;34m    from
?[0m?[0;34m        ingredient ingredient0_ 
?[0m?[0;34m    where
?[0m?[0;34m        ingredient0_.id=?
?[0m?[0;34mHibernate: 
?[0m?[0;34m    select
?[0m?[0;34m        directions0_.id as id1_0_0_,
?[0m?[0;34m        directions0_.directions as directio2_0_0_ 
?[0m?[0;34m    from
?[0m?[0;34m        direction directions0_ 
?[0m?[0;34m    where
?[0m?[0;34m        directions0_.id=?
?[0m?[0;34mHibernate: 
?[0m?[0;34m    select
?[0m?[0;34m        ingredient0_.id as id1_1_0_,
?[0m?[0;34m        ingredient0_.ingredients as ingredie2_1_0_ 
?[0m?[0;34m    from
?[0m?[0;34m        ingredient ingredient0_ 
?[0m?[0;34m    where
?[0m?[0;34m        ingredient0_.id=?
?[0m?[0;34mHibernate: 
?[0m?[0;34m    select
?[0m?[0;34m        directions0_.id as id1_0_0_,
?[0m?[0;34m        directions0_.directions as directio2_0_0_ 
?[0m?[0;34m    from
?[0m?[0;34m        direction directions0_ 
?[0m?[0;34m    where
?[0m?[0;34m        directions0_.id=?
?[0m?[0;34mHibernate: 
?[0m?[0;34m    select
?[0m?[0;34m        ingredient0_.id as id1_1_0_,
?[0m?[0;34m        ingredient0_.ingredients as ingredie2_1_0_ 
?[0m?[0;34m    from
?[0m?[0;34m        ingredient ingredient0_ 
?[0m?[0;34m    where
?[0m?[0;34m        ingredient0_.id=?
?[0m?[0;34mHibernate: 
?[0m?[0;34m    select
?[0m?[0;34m        directions0_.id as id1_0_0_,
?[0m?[0;34m        directions0_.directions as directio2_0_0_ 
?[0m?[0;34m    from
?[0m?[0;34m        direction directions0_ 
?[0m?[0;34m    where
?[0m?[0;34m        directions0_.id=?
?[0m?[0;34mHibernate: 
?[0m?[0;34m    select
?[0m?[0;34m        ingredient0_.id as id1_1_0_,
?[0m?[0;34m        ingredient0_.ingredients as ingredie2_1_0_ 
?[0m?[0;34m    from
?[0m?[0;34m        ingredient ingredient0_ 
?[0m?[0;34m    where
?[0m?[0;34m        ingredient0_.id=?
?[0m?[0;34m2023-04-07 15:35:37.491 DEBUG 12456 --- [nio-8881-exec-3] o.s.w.s.m.m.a.HttpEntityMethodProcessor  : Using 'application/json', given [*/*] and supported [application/json, application/*+json, application/json, application/*+json]
?[0m?[0;34m2023-04-07 15:35:37.491 DEBUG 12456 --- [nio-8881-exec-3] o.s.w.s.m.m.a.HttpEntityMethodProcessor  : Writing [[RecipeDTO(name=15 recipe test ice-CREAM, category=Dessert, date=2023-04-07T15:35:24.090307, descrip (truncated)...]
?[0m?[0;34m2023-04-07 15:35:37.492 DEBUG 12456 --- [nio-8881-exec-3] w.c.HttpSessionSecurityContextRepository : Stored SecurityContextImpl [Authentication=UsernamePasswordAuthenticationToken [Principal=recipes.security.SecurityUserDetails@7d49c0a6, Credentials=[PROTECTED], Authenticated=true, Details=WebAuthenticationDetails [RemoteIpAddress=127.0.0.1, SessionId=null], Granted Authorities=[]]] to HttpSession [org.apache.catalina.session.StandardSessionFacade@1b881d9e]
?[0m?[0;34m2023-04-07 15:35:37.492 DEBUG 12456 --- [nio-8881-exec-3] o.j.s.OpenEntityManagerInViewInterceptor : Closing JPA EntityManager in OpenEntityManagerInViewInterceptor
?[0m?[0;34m2023-04-07 15:35:37.493 DEBUG 12456 --- [nio-8881-exec-3] o.s.web.servlet.DispatcherServlet        : Completed 200 OK
?[0m?[0;34m2023-04-07 15:35:37.493 DEBUG 12456 --- [nio-8881-exec-3] w.c.HttpSessionSecurityContextRepository : Stored SecurityContextImpl [Authentication=UsernamePasswordAuthenticationToken [Principal=recipes.security.SecurityUserDetails@7d49c0a6, Credentials=[PROTECTED], Authenticated=true, Details=WebAuthenticationDetails [RemoteIpAddress=127.0.0.1, SessionId=null], Granted Authorities=[]]] to HttpSession [org.apache.catalina.session.StandardSessionFacade@1b881d9e]
?[0m?[0;34m2023-04-07 15:35:37.493 DEBUG 12456 --- [nio-8881-exec-3] s.s.w.c.SecurityContextPersistenceFilter : Cleared SecurityContextHolder to complete request
?[1;31m
Start test 67?[0m
?[0;34m2023-04-07 15:35:37.499 DEBUG 12456 --- [nio-8881-exec-4] o.s.security.web.FilterChainProxy        : Securing GET /api/recipe/search/?name=ice-cream
?[0m?[0;34m2023-04-07 15:35:37.499 DEBUG 12456 --- [nio-8881-exec-4] s.s.w.c.SecurityContextPersistenceFilter : Set SecurityContextHolder to empty SecurityContext
?[0m?[0;34m2023-04-07 15:35:37.499 DEBUG 12456 --- [nio-8881-exec-4] tor$SharedEntityManagerInvocationHandler : Creating new EntityManager for shared EntityManager invocation
?[0m?[0;34mHibernate: 
?[0m?[0;34m    select
?[0m?[0;34m        user0_.id as id1_3_,
?[0m?[0;34m        user0_.email as email2_3_,
?[0m?[0;34m        user0_.password as password3_3_ 
?[0m?[0;34m    from
?[0m?[0;34m        users user0_ 
?[0m?[0;34m    where
?[0m?[0;34m        user0_.email=?
?[0m?[0;34mHibernate: 
?[0m?[0;34m    select
?[0m?[0;34m        recipes0_.user_id as user_id6_2_0_,
?[0m?[0;34m        recipes0_.id as id1_2_0_,
?[0m?[0;34m        recipes0_.id as id1_2_1_,
?[0m?[0;34m        recipes0_.category as category2_2_1_,
?[0m?[0;34m        recipes0_.date as date3_2_1_,
?[0m?[0;34m        recipes0_.description as descript4_2_1_,
?[0m?[0;34m        recipes0_.name as name5_2_1_,
?[0m?[0;34m        recipes0_.user_id as user_id6_2_1_ 
?[0m?[0;34m    from
?[0m?[0;34m        recipe recipes0_ 
?[0m?[0;34m    where
?[0m?[0;34m        recipes0_.user_id=?
?[0m?[0;34m2023-04-07 15:35:37.561 DEBUG 12456 --- [nio-8881-exec-4] o.s.s.a.dao.DaoAuthenticationProvider    : Authenticated user
?[0m?[0;34m2023-04-07 15:35:37.561 DEBUG 12456 --- [nio-8881-exec-4] o.s.s.w.a.www.BasicAuthenticationFilter  : Set SecurityContextHolder to UsernamePasswordAuthenticationToken [Principal=recipes.security.SecurityUserDetails@5dbdec1, Credentials=[PROTECTED], Authenticated=true, Details=WebAuthenticationDetails [RemoteIpAddress=127.0.0.1, SessionId=null], Granted Authorities=[]]
?[0m?[0;34m2023-04-07 15:35:37.561 DEBUG 12456 --- [nio-8881-exec-4] w.c.HttpSessionSecurityContextRepository : Created HttpSession as SecurityContext is non-default
?[0m?[0;34m2023-04-07 15:35:37.562 DEBUG 12456 --- [nio-8881-exec-4] w.c.HttpSessionSecurityContextRepository : Stored SecurityContextImpl [Authentication=UsernamePasswordAuthenticationToken [Principal=recipes.security.SecurityUserDetails@5dbdec1, Credentials=[PROTECTED], Authenticated=true, Details=WebAuthenticationDetails [RemoteIpAddress=127.0.0.1, SessionId=null], Granted Authorities=[]]] to HttpSession [org.apache.catalina.session.StandardSessionFacade@6937d884]
?[0m?[0;34m2023-04-07 15:35:37.562 DEBUG 12456 --- [nio-8881-exec-4] o.s.security.web.FilterChainProxy        : Secured GET /api/recipe/search/?name=ice-cream
?[0m?[0;34m2023-04-07 15:35:37.562 DEBUG 12456 --- [nio-8881-exec-4] o.s.web.servlet.DispatcherServlet        : GET "/api/recipe/search/?name=ice-cream", parameters={masked}
?[0m?[0;34m2023-04-07 15:35:37.562 DEBUG 12456 --- [nio-8881-exec-4] s.w.s.m.m.a.RequestMappingHandlerMapping : Mapped to recipes.controller.RecipeController#search(String, String)
?[0m?[0;34m2023-04-07 15:35:37.562 DEBUG 12456 --- [nio-8881-exec-4] o.j.s.OpenEntityManagerInViewInterceptor : Opening JPA EntityManager in OpenEntityManagerInViewInterceptor
?[0m?[0;34mHibernate: 
?[0m?[0;34m    select
?[0m?[0;34m        recipe0_.id as id1_2_,
?[0m?[0;34m        recipe0_.category as category2_2_,
?[0m?[0;34m        recipe0_.date as date3_2_,
?[0m?[0;34m        recipe0_.description as descript4_2_,
?[0m?[0;34m        recipe0_.name as name5_2_,
?[0m?[0;34m        recipe0_.user_id as user_id6_2_ 
?[0m?[0;34m    from
?[0m?[0;34m        recipe recipe0_ 
?[0m?[0;34m    where
?[0m?[0;34m        upper(recipe0_.name) like upper(?) escape ? 
?[0m?[0;34m    order by
?[0m?[0;34m        recipe0_.date desc
?[0m?[0;34mHibernate: 
?[0m?[0;34m    select
?[0m?[0;34m        user0_.id as id1_3_0_,
?[0m?[0;34m        user0_.email as email2_3_0_,
?[0m?[0;34m        user0_.password as password3_3_0_,
?[0m?[0;34m        recipes1_.user_id as user_id6_2_1_,
?[0m?[0;34m        recipes1_.id as id1_2_1_,
?[0m?[0;34m        recipes1_.id as id1_2_2_,
?[0m?[0;34m        recipes1_.category as category2_2_2_,
?[0m?[0;34m        recipes1_.date as date3_2_2_,
?[0m?[0;34m        recipes1_.description as descript4_2_2_,
?[0m?[0;34m        recipes1_.name as name5_2_2_,
?[0m?[0;34m        recipes1_.user_id as user_id6_2_2_ 
?[0m?[0;34m    from
?[0m?[0;34m        users user0_ 
?[0m?[0;34m    left outer join
?[0m?[0;34m        recipe recipes1_ 
?[0m?[0;34m            on user0_.id=recipes1_.user_id 
?[0m?[0;34m    where
?[0m?[0;34m        user0_.id=?
?[0m?[0;34mHibernate: 
?[0m?[0;34m    select
?[0m?[0;34m        directions0_.id as id1_0_0_,
?[0m?[0;34m        directions0_.directions as directio2_0_0_ 
?[0m?[0;34m    from
?[0m?[0;34m        direction directions0_ 
?[0m?[0;34m    where
?[0m?[0;34m        directions0_.id=?
?[0m?[0;34mHibernate: 
?[0m?[0;34m    select
?[0m?[0;34m        ingredient0_.id as id1_1_0_,
?[0m?[0;34m        ingredient0_.ingredients as ingredie2_1_0_ 
?[0m?[0;34m    from
?[0m?[0;34m        ingredient ingredient0_ 
?[0m?[0;34m    where
?[0m?[0;34m        ingredient0_.id=?
?[0m?[0;34mHibernate: 
?[0m?[0;34m    select
?[0m?[0;34m        directions0_.id as id1_0_0_,
?[0m?[0;34m        directions0_.directions as directio2_0_0_ 
?[0m?[0;34m    from
?[0m?[0;34m        direction directions0_ 
?[0m?[0;34m    where
?[0m?[0;34m        directions0_.id=?
?[0m?[0;34mHibernate: 
?[0m?[0;34m    select
?[0m?[0;34m        ingredient0_.id as id1_1_0_,
?[0m?[0;34m        ingredient0_.ingredients as ingredie2_1_0_ 
?[0m?[0;34m    from
?[0m?[0;34m        ingredient ingredient0_ 
?[0m?[0;34m    where
?[0m?[0;34m        ingredient0_.id=?
?[0m?[0;34mHibernate: 
?[0m?[0;34m    select
?[0m?[0;34m        directions0_.id as id1_0_0_,
?[0m?[0;34m        directions0_.directions as directio2_0_0_ 
?[0m?[0;34m    from
?[0m?[0;34m        direction directions0_ 
?[0m?[0;34m    where
?[0m?[0;34m        directions0_.id=?
?[0m?[0;34mHibernate: 
?[0m?[0;34m    select
?[0m?[0;34m        ingredient0_.id as id1_1_0_,
?[0m?[0;34m        ingredient0_.ingredients as ingredie2_1_0_ 
?[0m?[0;34m    from
?[0m?[0;34m        ingredient ingredient0_ 
?[0m?[0;34m    where
?[0m?[0;34m        ingredient0_.id=?
?[0m?[0;34mHibernate: 
?[0m?[0;34m    select
?[0m?[0;34m        directions0_.id as id1_0_0_,
?[0m?[0;34m        directions0_.directions as directio2_0_0_ 
?[0m?[0;34m    from
?[0m?[0;34m        direction directions0_ 
?[0m?[0;34m    where
?[0m?[0;34m        directions0_.id=?
?[0m?[0;34mHibernate: 
?[0m?[0;34m    select
?[0m?[0;34m        ingredient0_.id as id1_1_0_,
?[0m?[0;34m        ingredient0_.ingredients as ingredie2_1_0_ 
?[0m?[0;34m    from
?[0m?[0;34m        ingredient ingredient0_ 
?[0m?[0;34m    where
?[0m?[0;34m        ingredient0_.id=?
?[0m?[0;34mHibernate: 
?[0m?[0;34m    select
?[0m?[0;34m        directions0_.id as id1_0_0_,
?[0m?[0;34m        directions0_.directions as directio2_0_0_ 
?[0m?[0;34m    from
?[0m?[0;34m        direction directions0_ 
?[0m?[0;34m    where
?[0m?[0;34m        directions0_.id=?
?[0m?[0;34mHibernate: 
?[0m?[0;34m    select
?[0m?[0;34m        ingredient0_.id as id1_1_0_,
?[0m?[0;34m        ingredient0_.ingredients as ingredie2_1_0_ 
?[0m?[0;34m    from
?[0m?[0;34m        ingredient ingredient0_ 
?[0m?[0;34m    where
?[0m?[0;34m        ingredient0_.id=?
?[0m?[0;34mHibernate: 
?[0m?[0;34m    select
?[0m?[0;34m        directions0_.id as id1_0_0_,
?[0m?[0;34m        directions0_.directions as directio2_0_0_ 
?[0m?[0;34m    from
?[0m?[0;34m        direction directions0_ 
?[0m?[0;34m    where
?[0m?[0;34m        directions0_.id=?
?[0m?[0;34mHibernate: 
?[0m?[0;34m    select
?[0m?[0;34m        ingredient0_.id as id1_1_0_,
?[0m?[0;34m        ingredient0_.ingredients as ingredie2_1_0_ 
?[0m?[0;34m    from
?[0m?[0;34m        ingredient ingredient0_ 
?[0m?[0;34m    where
?[0m?[0;34m        ingredient0_.id=?
?[0m?[0;34m2023-04-07 15:35:37.574 DEBUG 12456 --- [nio-8881-exec-4] o.s.w.s.m.m.a.HttpEntityMethodProcessor  : Using 'application/json', given [*/*] and supported [application/json, application/*+json, application/json, application/*+json]
?[0m?[0;34m2023-04-07 15:35:37.574 DEBUG 12456 --- [nio-8881-exec-4] o.s.w.s.m.m.a.HttpEntityMethodProcessor  : Writing [[RecipeDTO(name=15 recipe test ice-CREAM, category=Dessert, date=2023-04-07T15:35:24.090307, descrip (truncated)...]
?[0m?[0;34m2023-04-07 15:35:37.575 DEBUG 12456 --- [nio-8881-exec-4] w.c.HttpSessionSecurityContextRepository : Stored SecurityContextImpl [Authentication=UsernamePasswordAuthenticationToken [Principal=recipes.security.SecurityUserDetails@5dbdec1, Credentials=[PROTECTED], Authenticated=true, Details=WebAuthenticationDetails [RemoteIpAddress=127.0.0.1, SessionId=null], Granted Authorities=[]]] to HttpSession [org.apache.catalina.session.StandardSessionFacade@6937d884]
?[0m?[0;34m2023-04-07 15:35:37.575 DEBUG 12456 --- [nio-8881-exec-4] o.j.s.OpenEntityManagerInViewInterceptor : Closing JPA EntityManager in OpenEntityManagerInViewInterceptor
?[0m?[0;34m2023-04-07 15:35:37.575 DEBUG 12456 --- [nio-8881-exec-4] o.s.web.servlet.DispatcherServlet        : Completed 200 OK
?[0m?[0;34m2023-04-07 15:35:37.575 DEBUG 12456 --- [nio-8881-exec-4] w.c.HttpSessionSecurityContextRepository : Stored SecurityContextImpl [Authentication=UsernamePasswordAuthenticationToken [Principal=recipes.security.SecurityUserDetails@5dbdec1, Credentials=[PROTECTED], Authenticated=true, Details=WebAuthenticationDetails [RemoteIpAddress=127.0.0.1, SessionId=null], Granted Authorities=[]]] to HttpSession [org.apache.catalina.session.StandardSessionFacade@6937d884]
?[0m?[0;34m2023-04-07 15:35:37.575 DEBUG 12456 --- [nio-8881-exec-4] s.s.w.c.SecurityContextPersistenceFilter : Cleared SecurityContextHolder to complete request
?[1;31m
Start test 68?[0m
?[0;34m2023-04-07 15:35:37.583 DEBUG 12456 --- [nio-8881-exec-5] o.s.security.web.FilterChainProxy        : Securing DELETE /api/recipe/2
?[0m?[0;34m2023-04-07 15:35:37.583 DEBUG 12456 --- [nio-8881-exec-5] s.s.w.c.SecurityContextPersistenceFilter : Set SecurityContextHolder to empty SecurityContext
?[0m?[0;34m2023-04-07 15:35:37.583 DEBUG 12456 --- [nio-8881-exec-5] tor$SharedEntityManagerInvocationHandler : Creating new EntityManager for shared EntityManager invocation
?[0m?[0;34mHibernate: 
?[0m?[0;34m    select
?[0m?[0;34m        user0_.id as id1_3_,
?[0m?[0;34m        user0_.email as email2_3_,
?[0m?[0;34m        user0_.password as password3_3_ 
?[0m?[0;34m    from
?[0m?[0;34m        users user0_ 
?[0m?[0;34m    where
?[0m?[0;34m        user0_.email=?
?[0m?[0;34mHibernate: 
?[0m?[0;34m    select
?[0m?[0;34m        recipes0_.user_id as user_id6_2_0_,
?[0m?[0;34m        recipes0_.id as id1_2_0_,
?[0m?[0;34m        recipes0_.id as id1_2_1_,
?[0m?[0;34m        recipes0_.category as category2_2_1_,
?[0m?[0;34m        recipes0_.date as date3_2_1_,
?[0m?[0;34m        recipes0_.description as descript4_2_1_,
?[0m?[0;34m        recipes0_.name as name5_2_1_,
?[0m?[0;34m        recipes0_.user_id as user_id6_2_1_ 
?[0m?[0;34m    from
?[0m?[0;34m        recipe recipes0_ 
?[0m?[0;34m    where
?[0m?[0;34m        recipes0_.user_id=?
?[0m?[0;34m2023-04-07 15:35:37.644 DEBUG 12456 --- [nio-8881-exec-5] o.s.s.a.dao.DaoAuthenticationProvider    : Authenticated user
?[0m?[0;34m2023-04-07 15:35:37.644 DEBUG 12456 --- [nio-8881-exec-5] o.s.s.w.a.www.BasicAuthenticationFilter  : Set SecurityContextHolder to UsernamePasswordAuthenticationToken [Principal=recipes.security.SecurityUserDetails@7a6c17d7, Credentials=[PROTECTED], Authenticated=true, Details=WebAuthenticationDetails [RemoteIpAddress=127.0.0.1, SessionId=null], Granted Authorities=[]]
?[0m?[0;34m2023-04-07 15:35:37.645 DEBUG 12456 --- [nio-8881-exec-5] w.c.HttpSessionSecurityContextRepository : Created HttpSession as SecurityContext is non-default
?[0m?[0;34m2023-04-07 15:35:37.645 DEBUG 12456 --- [nio-8881-exec-5] w.c.HttpSessionSecurityContextRepository : Stored SecurityContextImpl [Authentication=UsernamePasswordAuthenticationToken [Principal=recipes.security.SecurityUserDetails@7a6c17d7, Credentials=[PROTECTED], Authenticated=true, Details=WebAuthenticationDetails [RemoteIpAddress=127.0.0.1, SessionId=null], Granted Authorities=[]]] to HttpSession [org.apache.catalina.session.StandardSessionFacade@553cb2dc]
?[0m?[0;34m2023-04-07 15:35:37.645 DEBUG 12456 --- [nio-8881-exec-5] o.s.security.web.FilterChainProxy        : Secured DELETE /api/recipe/2
?[0m?[0;34m2023-04-07 15:35:37.645 DEBUG 12456 --- [nio-8881-exec-5] o.s.web.servlet.DispatcherServlet        : DELETE "/api/recipe/2", parameters={}
?[0m?[0;34m2023-04-07 15:35:37.645 DEBUG 12456 --- [nio-8881-exec-5] s.w.s.m.m.a.RequestMappingHandlerMapping : Mapped to recipes.controller.RecipeController#deleteRecipe(SecurityUserDetails, int)
?[0m?[0;34m2023-04-07 15:35:37.645 DEBUG 12456 --- [nio-8881-exec-5] o.j.s.OpenEntityManagerInViewInterceptor : Opening JPA EntityManager in OpenEntityManagerInViewInterceptor
?[0m?[0;34m2023-04-07 15:35:37.646 DEBUG 12456 --- [nio-8881-exec-5] o.s.orm.jpa.JpaTransactionManager        : Found thread-bound EntityManager [SessionImpl(466274457<open>)] for JPA transaction
?[0m?[0;34m2023-04-07 15:35:37.646 DEBUG 12456 --- [nio-8881-exec-5] o.s.orm.jpa.JpaTransactionManager        : Creating new transaction with name [org.springframework.data.jpa.repository.support.SimpleJpaRepository.existsById]: PROPAGATION_REQUIRED,ISOLATION_DEFAULT,readOnly
?[0m?[0;34m2023-04-07 15:35:37.646 DEBUG 12456 --- [nio-8881-exec-5] o.s.jdbc.datasource.DataSourceUtils      : Setting JDBC Connection [HikariProxyConnection@2074086886 wrapping conn20: url=jdbc:h2:file:../recipes_db user=SA] read-only
?[0m?[0;34m2023-04-07 15:35:37.646 DEBUG 12456 --- [nio-8881-exec-5] o.s.orm.jpa.JpaTransactionManager        : Exposing JPA transaction as JDBC [org.springframework.orm.jpa.vendor.HibernateJpaDialect$HibernateConnectionHandle@61687fea]
?[0m?[0;34mHibernate: 
?[0m?[0;34m    select
?[0m?[0;34m        count(*) as col_0_0_ 
?[0m?[0;34m    from
?[0m?[0;34m        recipe recipe0_ 
?[0m?[0;34m    where
?[0m?[0;34m        recipe0_.id=?
?[0m?[0;34m2023-04-07 15:35:37.648 DEBUG 12456 --- [nio-8881-exec-5] o.s.orm.jpa.JpaTransactionManager        : Initiating transaction commit
?[0m?[0;34m2023-04-07 15:35:37.648 DEBUG 12456 --- [nio-8881-exec-5] o.s.orm.jpa.JpaTransactionManager        : Committing JPA transaction on EntityManager [SessionImpl(466274457<open>)]
?[0m?[0;34m2023-04-07 15:35:37.648 DEBUG 12456 --- [nio-8881-exec-5] o.s.jdbc.datasource.DataSourceUtils      : Resetting read-only flag of JDBC Connection [HikariProxyConnection@2074086886 wrapping conn20: url=jdbc:h2:file:../recipes_db user=SA]
?[0m?[0;34m2023-04-07 15:35:37.648 DEBUG 12456 --- [nio-8881-exec-5] o.s.orm.jpa.JpaTransactionManager        : Not closing pre-bound JPA EntityManager after transaction
?[0m?[0;34m2023-04-07 15:35:37.648 DEBUG 12456 --- [nio-8881-exec-5] o.s.orm.jpa.JpaTransactionManager        : Found thread-bound EntityManager [SessionImpl(466274457<open>)] for JPA transaction
?[0m?[0;34m2023-04-07 15:35:37.648 DEBUG 12456 --- [nio-8881-exec-5] o.s.orm.jpa.JpaTransactionManager        : Creating new transaction with name [org.springframework.data.jpa.repository.support.SimpleJpaRepository.findById]: PROPAGATION_REQUIRED,ISOLATION_DEFAULT,readOnly
?[0m?[0;34m2023-04-07 15:35:37.649 DEBUG 12456 --- [nio-8881-exec-5] o.s.jdbc.datasource.DataSourceUtils      : Setting JDBC Connection [HikariProxyConnection@2074086886 wrapping conn20: url=jdbc:h2:file:../recipes_db user=SA] read-only
?[0m?[0;34m2023-04-07 15:35:37.649 DEBUG 12456 --- [nio-8881-exec-5] o.s.orm.jpa.JpaTransactionManager        : Exposing JPA transaction as JDBC [org.springframework.orm.jpa.vendor.HibernateJpaDialect$HibernateConnectionHandle@dda9aa]
?[0m?[0;34mHibernate: 
?[0m?[0;34m    select
?[0m?[0;34m        recipe0_.id as id1_2_0_,
?[0m?[0;34m        recipe0_.category as category2_2_0_,
?[0m?[0;34m        recipe0_.date as date3_2_0_,
?[0m?[0;34m        recipe0_.description as descript4_2_0_,
?[0m?[0;34m        recipe0_.name as name5_2_0_,
?[0m?[0;34m        recipe0_.user_id as user_id6_2_0_,
?[0m?[0;34m        user1_.id as id1_3_1_,
?[0m?[0;34m        user1_.email as email2_3_1_,
?[0m?[0;34m        user1_.password as password3_3_1_ 
?[0m?[0;34m    from
?[0m?[0;34m        recipe recipe0_ 
?[0m?[0;34m    inner join
?[0m?[0;34m        users user1_ 
?[0m?[0;34m            on recipe0_.user_id=user1_.id 
?[0m?[0;34m    where
?[0m?[0;34m        recipe0_.id=?
?[0m?[0;34mHibernate: 
?[0m?[0;34m    select
?[0m?[0;34m        recipes0_.user_id as user_id6_2_0_,
?[0m?[0;34m        recipes0_.id as id1_2_0_,
?[0m?[0;34m        recipes0_.id as id1_2_1_,
?[0m?[0;34m        recipes0_.category as category2_2_1_,
?[0m?[0;34m        recipes0_.date as date3_2_1_,
?[0m?[0;34m        recipes0_.description as descript4_2_1_,
?[0m?[0;34m        recipes0_.name as name5_2_1_,
?[0m?[0;34m        recipes0_.user_id as user_id6_2_1_ 
?[0m?[0;34m    from
?[0m?[0;34m        recipe recipes0_ 
?[0m?[0;34m    where
?[0m?[0;34m        recipes0_.user_id=?
?[0m?[0;34m2023-04-07 15:35:37.650 DEBUG 12456 --- [nio-8881-exec-5] o.s.orm.jpa.JpaTransactionManager        : Initiating transaction commit
?[0m?[0;34m2023-04-07 15:35:37.650 DEBUG 12456 --- [nio-8881-exec-5] o.s.orm.jpa.JpaTransactionManager        : Committing JPA transaction on EntityManager [SessionImpl(466274457<open>)]
?[0m?[0;34m2023-04-07 15:35:37.651 DEBUG 12456 --- [nio-8881-exec-5] o.s.jdbc.datasource.DataSourceUtils      : Resetting read-only flag of JDBC Connection [HikariProxyConnection@2074086886 wrapping conn20: url=jdbc:h2:file:../recipes_db user=SA]
?[0m?[0;34m2023-04-07 15:35:37.651 DEBUG 12456 --- [nio-8881-exec-5] o.s.orm.jpa.JpaTransactionManager        : Not closing pre-bound JPA EntityManager after transaction
?[0m?[0;34m2023-04-07 15:35:37.651 DEBUG 12456 --- [nio-8881-exec-5] o.s.w.s.m.m.a.HttpEntityMethodProcessor  : Using 'application/octet-stream', given [*/*] and supported [*/*]
?[0m?[0;34m2023-04-07 15:35:37.651 DEBUG 12456 --- [nio-8881-exec-5] o.j.s.OpenEntityManagerInViewInterceptor : Closing JPA EntityManager in OpenEntityManagerInViewInterceptor
?[0m?[0;34m2023-04-07 15:35:37.651 DEBUG 12456 --- [nio-8881-exec-5] o.s.web.servlet.DispatcherServlet        : Completed 403 FORBIDDEN
?[0m?[0;34m2023-04-07 15:35:37.652 DEBUG 12456 --- [nio-8881-exec-5] w.c.HttpSessionSecurityContextRepository : Stored SecurityContextImpl [Authentication=UsernamePasswordAuthenticationToken [Principal=recipes.security.SecurityUserDetails@7a6c17d7, Credentials=[PROTECTED], Authenticated=true, Details=WebAuthenticationDetails [RemoteIpAddress=127.0.0.1, SessionId=null], Granted Authorities=[]]] to HttpSession [org.apache.catalina.session.StandardSessionFacade@553cb2dc]
?[0m?[0;34m2023-04-07 15:35:37.652 DEBUG 12456 --- [nio-8881-exec-5] s.s.w.c.SecurityContextPersistenceFilter : Cleared SecurityContextHolder to complete request
?[1;31m
Start test 69?[0m
?[0;34m2023-04-07 15:35:37.658 DEBUG 12456 --- [nio-8881-exec-6] o.s.security.web.FilterChainProxy        : Securing PUT /api/recipe/2
?[0m?[0;34m2023-04-07 15:35:37.658 DEBUG 12456 --- [nio-8881-exec-6] s.s.w.c.SecurityContextPersistenceFilter : Set SecurityContextHolder to empty SecurityContext
?[0m?[0;34m2023-04-07 15:35:37.658 DEBUG 12456 --- [nio-8881-exec-6] tor$SharedEntityManagerInvocationHandler : Creating new EntityManager for shared EntityManager invocation
?[0m?[0;34mHibernate: 
?[0m?[0;34m    select
?[0m?[0;34m        user0_.id as id1_3_,
?[0m?[0;34m        user0_.email as email2_3_,
?[0m?[0;34m        user0_.password as password3_3_ 
?[0m?[0;34m    from
?[0m?[0;34m        users user0_ 
?[0m?[0;34m    where
?[0m?[0;34m        user0_.email=?
?[0m?[0;34mHibernate: 
?[0m?[0;34m    select
?[0m?[0;34m        recipes0_.user_id as user_id6_2_0_,
?[0m?[0;34m        recipes0_.id as id1_2_0_,
?[0m?[0;34m        recipes0_.id as id1_2_1_,
?[0m?[0;34m        recipes0_.category as category2_2_1_,
?[0m?[0;34m        recipes0_.date as date3_2_1_,
?[0m?[0;34m        recipes0_.description as descript4_2_1_,
?[0m?[0;34m        recipes0_.name as name5_2_1_,
?[0m?[0;34m        recipes0_.user_id as user_id6_2_1_ 
?[0m?[0;34m    from
?[0m?[0;34m        recipe recipes0_ 
?[0m?[0;34m    where
?[0m?[0;34m        recipes0_.user_id=?
?[0m?[0;34m2023-04-07 15:35:37.722 DEBUG 12456 --- [nio-8881-exec-6] o.s.s.a.dao.DaoAuthenticationProvider    : Authenticated user
?[0m?[0;34m2023-04-07 15:35:37.722 DEBUG 12456 --- [nio-8881-exec-6] o.s.s.w.a.www.BasicAuthenticationFilter  : Set SecurityContextHolder to UsernamePasswordAuthenticationToken [Principal=recipes.security.SecurityUserDetails@16084363, Credentials=[PROTECTED], Authenticated=true, Details=WebAuthenticationDetails [RemoteIpAddress=127.0.0.1, SessionId=null], Granted Authorities=[]]
?[0m?[0;34m2023-04-07 15:35:37.722 DEBUG 12456 --- [nio-8881-exec-6] w.c.HttpSessionSecurityContextRepository : Created HttpSession as SecurityContext is non-default
?[0m?[0;34m2023-04-07 15:35:37.722 DEBUG 12456 --- [nio-8881-exec-6] w.c.HttpSessionSecurityContextRepository : Stored SecurityContextImpl [Authentication=UsernamePasswordAuthenticationToken [Principal=recipes.security.SecurityUserDetails@16084363, Credentials=[PROTECTED], Authenticated=true, Details=WebAuthenticationDetails [RemoteIpAddress=127.0.0.1, SessionId=null], Granted Authorities=[]]] to HttpSession [org.apache.catalina.session.StandardSessionFacade@19813a4a]
?[0m?[0;34m2023-04-07 15:35:37.722 DEBUG 12456 --- [nio-8881-exec-6] o.s.security.web.FilterChainProxy        : Secured PUT /api/recipe/2
?[0m?[0;34m2023-04-07 15:35:37.722 DEBUG 12456 --- [nio-8881-exec-6] o.s.web.servlet.DispatcherServlet        : PUT "/api/recipe/2", parameters={}
?[0m?[0;34m2023-04-07 15:35:37.723 DEBUG 12456 --- [nio-8881-exec-6] s.w.s.m.m.a.RequestMappingHandlerMapping : Mapped to recipes.controller.RecipeController#update(SecurityUserDetails, long, RecipeDTO)
?[0m?[0;34m2023-04-07 15:35:37.723 DEBUG 12456 --- [nio-8881-exec-6] o.j.s.OpenEntityManagerInViewInterceptor : Opening JPA EntityManager in OpenEntityManagerInViewInterceptor
?[0m?[0;34m2023-04-07 15:35:37.724 DEBUG 12456 --- [nio-8881-exec-6] m.m.a.RequestResponseBodyMethodProcessor : Read "application/json;charset=UTF-8" to [RecipeDTO(name=ice-cream, category=Dessert, date=null, description=-, ingredients=[--, ---, -], dire (truncated)...]
?[0m?[0;34m2023-04-07 15:35:37.724 DEBUG 12456 --- [nio-8881-exec-6] o.s.orm.jpa.JpaTransactionManager        : Found thread-bound EntityManager [SessionImpl(338941866<open>)] for JPA transaction
?[0m?[0;34m2023-04-07 15:35:37.724 DEBUG 12456 --- [nio-8881-exec-6] o.s.orm.jpa.JpaTransactionManager        : Creating new transaction with name [org.springframework.data.jpa.repository.support.SimpleJpaRepository.existsById]: PROPAGATION_REQUIRED,ISOLATION_DEFAULT,readOnly
?[0m?[0;34m2023-04-07 15:35:37.725 DEBUG 12456 --- [nio-8881-exec-6] o.s.jdbc.datasource.DataSourceUtils      : Setting JDBC Connection [HikariProxyConnection@2125119912 wrapping conn20: url=jdbc:h2:file:../recipes_db user=SA] read-only
?[0m?[0;34m2023-04-07 15:35:37.725 DEBUG 12456 --- [nio-8881-exec-6] o.s.orm.jpa.JpaTransactionManager        : Exposing JPA transaction as JDBC [org.springframework.orm.jpa.vendor.HibernateJpaDialect$HibernateConnectionHandle@1d3d6d58]
?[0m?[0;34mHibernate: 
?[0m?[0;34m    select
?[0m?[0;34m        count(*) as col_0_0_ 
?[0m?[0;34m    from
?[0m?[0;34m        recipe recipe0_ 
?[0m?[0;34m    where
?[0m?[0;34m        recipe0_.id=?
?[0m?[0;34m2023-04-07 15:35:37.725 DEBUG 12456 --- [nio-8881-exec-6] o.s.orm.jpa.JpaTransactionManager        : Initiating transaction commit
?[0m?[0;34m2023-04-07 15:35:37.726 DEBUG 12456 --- [nio-8881-exec-6] o.s.orm.jpa.JpaTransactionManager        : Committing JPA transaction on EntityManager [SessionImpl(338941866<open>)]
?[0m?[0;34m2023-04-07 15:35:37.726 DEBUG 12456 --- [nio-8881-exec-6] o.s.jdbc.datasource.DataSourceUtils      : Resetting read-only flag of JDBC Connection [HikariProxyConnection@2125119912 wrapping conn20: url=jdbc:h2:file:../recipes_db user=SA]
?[0m?[0;34m2023-04-07 15:35:37.726 DEBUG 12456 --- [nio-8881-exec-6] o.s.orm.jpa.JpaTransactionManager        : Not closing pre-bound JPA EntityManager after transaction
?[0m?[0;34m2023-04-07 15:35:37.726 DEBUG 12456 --- [nio-8881-exec-6] o.s.orm.jpa.JpaTransactionManager        : Found thread-bound EntityManager [SessionImpl(338941866<open>)] for JPA transaction
?[0m?[0;34m2023-04-07 15:35:37.726 DEBUG 12456 --- [nio-8881-exec-6] o.s.orm.jpa.JpaTransactionManager        : Creating new transaction with name [org.springframework.data.jpa.repository.support.SimpleJpaRepository.findById]: PROPAGATION_REQUIRED,ISOLATION_DEFAULT,readOnly
?[0m?[0;34m2023-04-07 15:35:37.726 DEBUG 12456 --- [nio-8881-exec-6] o.s.jdbc.datasource.DataSourceUtils      : Setting JDBC Connection [HikariProxyConnection@2125119912 wrapping conn20: url=jdbc:h2:file:../recipes_db user=SA] read-only
?[0m?[0;34m2023-04-07 15:35:37.726 DEBUG 12456 --- [nio-8881-exec-6] o.s.orm.jpa.JpaTransactionManager        : Exposing JPA transaction as JDBC [org.springframework.orm.jpa.vendor.HibernateJpaDialect$HibernateConnectionHandle@754c9d31]
?[0m?[0;34mHibernate: 
?[0m?[0;34m    select
?[0m?[0;34m        recipe0_.id as id1_2_0_,
?[0m?[0;34m        recipe0_.category as category2_2_0_,
?[0m?[0;34m        recipe0_.date as date3_2_0_,
?[0m?[0;34m        recipe0_.description as descript4_2_0_,
?[0m?[0;34m        recipe0_.name as name5_2_0_,
?[0m?[0;34m        recipe0_.user_id as user_id6_2_0_,
?[0m?[0;34m        user1_.id as id1_3_1_,
?[0m?[0;34m        user1_.email as email2_3_1_,
?[0m?[0;34m        user1_.password as password3_3_1_ 
?[0m?[0;34m    from
?[0m?[0;34m        recipe recipe0_ 
?[0m?[0;34m    inner join
?[0m?[0;34m        users user1_ 
?[0m?[0;34m            on recipe0_.user_id=user1_.id 
?[0m?[0;34m    where
?[0m?[0;34m        recipe0_.id=?
?[0m?[0;34mHibernate: 
?[0m?[0;34m    select
?[0m?[0;34m        recipes0_.user_id as user_id6_2_0_,
?[0m?[0;34m        recipes0_.id as id1_2_0_,
?[0m?[0;34m        recipes0_.id as id1_2_1_,
?[0m?[0;34m        recipes0_.category as category2_2_1_,
?[0m?[0;34m        recipes0_.date as date3_2_1_,
?[0m?[0;34m        recipes0_.description as descript4_2_1_,
?[0m?[0;34m        recipes0_.name as name5_2_1_,
?[0m?[0;34m        recipes0_.user_id as user_id6_2_1_ 
?[0m?[0;34m    from
?[0m?[0;34m        recipe recipes0_ 
?[0m?[0;34m    where
?[0m?[0;34m        recipes0_.user_id=?
?[0m?[0;34m2023-04-07 15:35:37.728 DEBUG 12456 --- [nio-8881-exec-6] o.s.orm.jpa.JpaTransactionManager        : Initiating transaction commit
?[0m?[0;34m2023-04-07 15:35:37.728 DEBUG 12456 --- [nio-8881-exec-6] o.s.orm.jpa.JpaTransactionManager        : Committing JPA transaction on EntityManager [SessionImpl(338941866<open>)]
?[0m?[0;34m2023-04-07 15:35:37.728 DEBUG 12456 --- [nio-8881-exec-6] o.s.jdbc.datasource.DataSourceUtils      : Resetting read-only flag of JDBC Connection [HikariProxyConnection@2125119912 wrapping conn20: url=jdbc:h2:file:../recipes_db user=SA]
?[0m?[0;34m2023-04-07 15:35:37.728 DEBUG 12456 --- [nio-8881-exec-6] o.s.orm.jpa.JpaTransactionManager        : Not closing pre-bound JPA EntityManager after transaction
?[0m?[0;34m2023-04-07 15:35:37.729 DEBUG 12456 --- [nio-8881-exec-6] o.s.w.s.m.m.a.HttpEntityMethodProcessor  : Using 'application/octet-stream', given [*/*] and supported [*/*]
?[0m?[0;34m2023-04-07 15:35:37.729 DEBUG 12456 --- [nio-8881-exec-6] o.j.s.OpenEntityManagerInViewInterceptor : Closing JPA EntityManager in OpenEntityManagerInViewInterceptor
?[0m?[0;34m2023-04-07 15:35:37.729 DEBUG 12456 --- [nio-8881-exec-6] o.s.web.servlet.DispatcherServlet        : Completed 403 FORBIDDEN
?[0m?[0;34m2023-04-07 15:35:37.730 DEBUG 12456 --- [nio-8881-exec-6] w.c.HttpSessionSecurityContextRepository : Stored SecurityContextImpl [Authentication=UsernamePasswordAuthenticationToken [Principal=recipes.security.SecurityUserDetails@16084363, Credentials=[PROTECTED], Authenticated=true, Details=WebAuthenticationDetails [RemoteIpAddress=127.0.0.1, SessionId=null], Granted Authorities=[]]] to HttpSession [org.apache.catalina.session.StandardSessionFacade@19813a4a]
?[0m?[0;34m2023-04-07 15:35:37.730 DEBUG 12456 --- [nio-8881-exec-6] s.s.w.c.SecurityContextPersistenceFilter : Cleared SecurityContextHolder to complete request
?[1;31m
Start test 70?[0m
?[0;34m2023-04-07 15:35:37.736 DEBUG 12456 --- [nio-8881-exec-7] o.s.security.web.FilterChainProxy        : Securing POST /api/recipe/new
?[0m?[0;34m2023-04-07 15:35:37.736 DEBUG 12456 --- [nio-8881-exec-7] s.s.w.c.SecurityContextPersistenceFilter : Set SecurityContextHolder to empty SecurityContext
?[0m?[0;34m2023-04-07 15:35:37.736 DEBUG 12456 --- [nio-8881-exec-7] tor$SharedEntityManagerInvocationHandler : Creating new EntityManager for shared EntityManager invocation
?[0m?[0;34mHibernate: 
?[0m?[0;34m    select
?[0m?[0;34m        user0_.id as id1_3_,
?[0m?[0;34m        user0_.email as email2_3_,
?[0m?[0;34m        user0_.password as password3_3_ 
?[0m?[0;34m    from
?[0m?[0;34m        users user0_ 
?[0m?[0;34m    where
?[0m?[0;34m        user0_.email=?
?[0m?[0;34m2023-04-07 15:35:37.802 DEBUG 12456 --- [nio-8881-exec-7] o.s.s.a.dao.DaoAuthenticationProvider    : Failed to find user 'abc@test.com'
?[0m?[0;34m2023-04-07 15:35:37.802 DEBUG 12456 --- [nio-8881-exec-7] tor$SharedEntityManagerInvocationHandler : Creating new EntityManager for shared EntityManager invocation
?[0m?[0;34mHibernate: 
?[0m?[0;34m    select
?[0m?[0;34m        user0_.id as id1_3_,
?[0m?[0;34m        user0_.email as email2_3_,
?[0m?[0;34m        user0_.password as password3_3_ 
?[0m?[0;34m    from
?[0m?[0;34m        users user0_ 
?[0m?[0;34m    where
?[0m?[0;34m        user0_.email=?
?[0m?[0;34m2023-04-07 15:35:37.862 DEBUG 12456 --- [nio-8881-exec-7] o.s.s.a.dao.DaoAuthenticationProvider    : Failed to find user 'abc@test.com'
?[0m?[0;34m2023-04-07 15:35:37.866 DEBUG 12456 --- [nio-8881-exec-7] o.s.s.w.a.www.BasicAuthenticationFilter  : Failed to process authentication request
?[0m?[0;34m
?[0m?[0;34morg.springframework.security.authentication.BadCredentialsException: Bad credentials
?[0m?[0;34m	at org.springframework.security.authentication.dao.AbstractUserDetailsAuthenticationProvider.authenticate(AbstractUserDetailsAuthenticationProvider.java:141) ~[spring-security-core-5.5.3.jar:5.5.3]
?[0m?[0;34m	at org.springframework.security.authentication.ProviderManager.authenticate(ProviderManager.java:182) ~[spring-security-core-5.5.3.jar:5.5.3]
?[0m?[0;34m	at org.springframework.security.authentication.ProviderManager.authenticate(ProviderManager.java:201) ~[spring-security-core-5.5.3.jar:5.5.3]
?[0m?[0;34m	at org.springframework.security.web.authentication.www.BasicAuthenticationFilter.doFilterInternal(BasicAuthenticationFilter.java:155) ~[spring-security-web-5.5.3.jar:5.5.3]
?[0m?[0;34m	at org.springframework.web.filter.OncePerRequestFilter.doFilter(OncePerRequestFilter.java:119) ~[spring-web-5.3.12.jar:5.3.12]
?[0m?[0;34m	at org.springframework.security.web.FilterChainProxy$VirtualFilterChain.doFilter(FilterChainProxy.java:336) ~[spring-security-web-5.5.3.jar:5.5.3]
?[0m?[0;34m	at org.springframework.security.web.authentication.logout.LogoutFilter.doFilter(LogoutFilter.java:103) ~[spring-security-web-5.5.3.jar:5.5.3]
?[0m?[0;34m	at org.springframework.security.web.authentication.logout.LogoutFilter.doFilter(LogoutFilter.java:89) ~[spring-security-web-5.5.3.jar:5.5.3]
?[0m?[0;34m	at org.springframework.security.web.FilterChainProxy$VirtualFilterChain.doFilter(FilterChainProxy.java:336) ~[spring-security-web-5.5.3.jar:5.5.3]
?[0m?[0;34m	at org.springframework.security.web.header.HeaderWriterFilter.doHeadersAfter(HeaderWriterFilter.java:90) ~[spring-security-web-5.5.3.jar:5.5.3]
?[0m?[0;34m	at org.springframework.security.web.header.HeaderWriterFilter.doFilterInternal(HeaderWriterFilter.java:75) ~[spring-security-web-5.5.3.jar:5.5.3]
?[0m?[0;34m	at org.springframework.web.filter.OncePerRequestFilter.doFilter(OncePerRequestFilter.java:119) ~[spring-web-5.3.12.jar:5.3.12]
?[0m?[0;34m	at org.springframework.security.web.FilterChainProxy$VirtualFilterChain.doFilter(FilterChainProxy.java:336) ~[spring-security-web-5.5.3.jar:5.5.3]
?[0m?[0;34m	at org.springframework.security.web.context.SecurityContextPersistenceFilter.doFilter(SecurityContextPersistenceFilter.java:110) ~[spring-security-web-5.5.3.jar:5.5.3]
?[0m?[0;34m	at org.springframework.security.web.context.SecurityContextPersistenceFilter.doFilter(SecurityContextPersistenceFilter.java:80) ~[spring-security-web-5.5.3.jar:5.5.3]
?[0m?[0;34m	at org.springframework.security.web.FilterChainProxy$VirtualFilterChain.doFilter(FilterChainProxy.java:336) ~[spring-security-web-5.5.3.jar:5.5.3]
?[0m?[0;34m	at org.springframework.security.web.context.request.async.WebAsyncManagerIntegrationFilter.doFilterInternal(WebAsyncManagerIntegrationFilter.java:55) ~[spring-security-web-5.5.3.jar:5.5.3]
?[0m?[0;34m	at org.springframework.web.filter.OncePerRequestFilter.doFilter(OncePerRequestFilter.java:119) ~[spring-web-5.3.12.jar:5.3.12]
?[0m?[0;34m	at org.springframework.security.web.FilterChainProxy$VirtualFilterChain.doFilter(FilterChainProxy.java:336) ~[spring-security-web-5.5.3.jar:5.5.3]
?[0m?[0;34m	at org.springframework.security.web.FilterChainProxy.doFilterInternal(FilterChainProxy.java:211) ~[spring-security-web-5.5.3.jar:5.5.3]
?[0m?[0;34m	at org.springframework.security.web.FilterChainProxy.doFilter(FilterChainProxy.java:183) ~[spring-security-web-5.5.3.jar:5.5.3]
?[0m?[0;34m	at org.springframework.web.filter.DelegatingFilterProxy.invokeDelegate(DelegatingFilterProxy.java:358) ~[spring-web-5.3.12.jar:5.3.12]
?[0m?[0;34m	at org.springframework.web.filter.DelegatingFilterProxy.doFilter(DelegatingFilterProxy.java:271) ~[spring-web-5.3.12.jar:5.3.12]
?[0m?[0;34m	at jdk.internal.reflect.GeneratedMethodAccessor57.invoke(Unknown Source) ~[na:na]
?[0m?[0;34m	at java.base/jdk.internal.reflect.DelegatingMethodAccessorImpl.invoke(DelegatingMethodAccessorImpl.java:43) ~[na:na]
?[0m?[0;34m	at java.base/java.lang.reflect.Method.invoke(Method.java:568) ~[na:na]
?[0m?[0;34m	at org.apache.catalina.security.SecurityUtil.lambda$execute$0(SecurityUtil.java:280) ~[tomcat-embed-core-9.0.54.jar:9.0.54]
?[0m?[0;34m	at java.base/java.security.AccessController.doPrivileged(AccessController.java:712) ~[na:na]
?[0m?[0;34m	at java.base/javax.security.auth.Subject.doAsPrivileged(Subject.java:584) ~[na:na]
?[0m?[0;34m	at org.apache.catalina.security.SecurityUtil.execute(SecurityUtil.java:311) ~[tomcat-embed-core-9.0.54.jar:9.0.54]
?[0m?[0;34m	at org.apache.catalina.security.SecurityUtil.doAsPrivilege(SecurityUtil.java:253) ~[tomcat-embed-core-9.0.54.jar:9.0.54]
?[0m?[0;34m	at org.apache.catalina.core.ApplicationFilterChain.internalDoFilter(ApplicationFilterChain.java:187) ~[tomcat-embed-core-9.0.54.jar:9.0.54]
?[0m?[0;34m	at org.apache.catalina.core.ApplicationFilterChain.lambda$doFilter$0(ApplicationFilterChain.java:145) ~[tomcat-embed-core-9.0.54.jar:9.0.54]
?[0m?[0;34m	at java.base/java.security.AccessController.doPrivileged(AccessController.java:569) ~[na:na]
?[0m?[0;34m	at org.apache.catalina.core.ApplicationFilterChain.doFilter(ApplicationFilterChain.java:143) ~[tomcat-embed-core-9.0.54.jar:9.0.54]
?[0m?[0;34m	at org.springframework.web.filter.RequestContextFilter.doFilterInternal(RequestContextFilter.java:100) ~[spring-web-5.3.12.jar:5.3.12]
?[0m?[0;34m	at org.springframework.web.filter.OncePerRequestFilter.doFilter(OncePerRequestFilter.java:119) ~[spring-web-5.3.12.jar:5.3.12]
?[0m?[0;34m	at jdk.internal.reflect.GeneratedMethodAccessor57.invoke(Unknown Source) ~[na:na]
?[0m?[0;34m	at java.base/jdk.internal.reflect.DelegatingMethodAccessorImpl.invoke(DelegatingMethodAccessorImpl.java:43) ~[na:na]
?[0m?[0;34m	at java.base/java.lang.reflect.Method.invoke(Method.java:568) ~[na:na]
?[0m?[0;34m	at org.apache.catalina.security.SecurityUtil.lambda$execute$0(SecurityUtil.java:280) ~[tomcat-embed-core-9.0.54.jar:9.0.54]
?[0m?[0;34m	at java.base/java.security.AccessController.doPrivileged(AccessController.java:712) ~[na:na]
?[0m?[0;34m	at java.base/javax.security.auth.Subject.doAsPrivileged(Subject.java:584) ~[na:na]
?[0m?[0;34m	at org.apache.catalina.security.SecurityUtil.execute(SecurityUtil.java:311) ~[tomcat-embed-core-9.0.54.jar:9.0.54]
?[0m?[0;34m	at org.apache.catalina.security.SecurityUtil.doAsPrivilege(SecurityUtil.java:253) ~[tomcat-embed-core-9.0.54.jar:9.0.54]
?[0m?[0;34m	at org.apache.catalina.core.ApplicationFilterChain.internalDoFilter(ApplicationFilterChain.java:187) ~[tomcat-embed-core-9.0.54.jar:9.0.54]
?[0m?[0;34m	at org.apache.catalina.core.ApplicationFilterChain.lambda$doFilter$0(ApplicationFilterChain.java:145) ~[tomcat-embed-core-9.0.54.jar:9.0.54]
?[0m?[0;34m	at java.base/java.security.AccessController.doPrivileged(AccessController.java:569) ~[na:na]
?[0m?[0;34m	at org.apache.catalina.core.ApplicationFilterChain.doFilter(ApplicationFilterChain.java:143) ~[tomcat-embed-core-9.0.54.jar:9.0.54]
?[0m?[0;34m	at org.springframework.web.filter.FormContentFilter.doFilterInternal(FormContentFilter.java:93) ~[spring-web-5.3.12.jar:5.3.12]
?[0m?[0;34m	at org.springframework.web.filter.OncePerRequestFilter.doFilter(OncePerRequestFilter.java:119) ~[spring-web-5.3.12.jar:5.3.12]
?[0m?[0;34m	at jdk.internal.reflect.GeneratedMethodAccessor57.invoke(Unknown Source) ~[na:na]
?[0m?[0;34m	at java.base/jdk.internal.reflect.DelegatingMethodAccessorImpl.invoke(DelegatingMethodAccessorImpl.java:43) ~[na:na]
?[0m?[0;34m	at java.base/java.lang.reflect.Method.invoke(Method.java:568) ~[na:na]
?[0m?[0;34m	at org.apache.catalina.security.SecurityUtil.lambda$execute$0(SecurityUtil.java:280) ~[tomcat-embed-core-9.0.54.jar:9.0.54]
?[0m?[0;34m	at java.base/java.security.AccessController.doPrivileged(AccessController.java:712) ~[na:na]
?[0m?[0;34m	at java.base/javax.security.auth.Subject.doAsPrivileged(Subject.java:584) ~[na:na]
?[0m?[0;34m	at org.apache.catalina.security.SecurityUtil.execute(SecurityUtil.java:311) ~[tomcat-embed-core-9.0.54.jar:9.0.54]
?[0m?[0;34m	at org.apache.catalina.security.SecurityUtil.doAsPrivilege(SecurityUtil.java:253) ~[tomcat-embed-core-9.0.54.jar:9.0.54]
?[0m?[0;34m	at org.apache.catalina.core.ApplicationFilterChain.internalDoFilter(ApplicationFilterChain.java:187) ~[tomcat-embed-core-9.0.54.jar:9.0.54]
?[0m?[0;34m	at org.apache.catalina.core.ApplicationFilterChain.lambda$doFilter$0(ApplicationFilterChain.java:145) ~[tomcat-embed-core-9.0.54.jar:9.0.54]
?[0m?[0;34m	at java.base/java.security.AccessController.doPrivileged(AccessController.java:569) ~[na:na]
?[0m?[0;34m	at org.apache.catalina.core.ApplicationFilterChain.doFilter(ApplicationFilterChain.java:143) ~[tomcat-embed-core-9.0.54.jar:9.0.54]
?[0m?[0;34m	at org.springframework.boot.actuate.metrics.web.servlet.WebMvcMetricsFilter.doFilterInternal(WebMvcMetricsFilter.java:96) ~[spring-boot-actuator-2.5.6.jar:2.5.6]
?[0m?[0;34m	at org.springframework.web.filter.OncePerRequestFilter.doFilter(OncePerRequestFilter.java:119) ~[spring-web-5.3.12.jar:5.3.12]
?[0m?[0;34m	at jdk.internal.reflect.GeneratedMethodAccessor57.invoke(Unknown Source) ~[na:na]
?[0m?[0;34m	at java.base/jdk.internal.reflect.DelegatingMethodAccessorImpl.invoke(DelegatingMethodAccessorImpl.java:43) ~[na:na]
?[0m?[0;34m	at java.base/java.lang.reflect.Method.invoke(Method.java:568) ~[na:na]
?[0m?[0;34m	at org.apache.catalina.security.SecurityUtil.lambda$execute$0(SecurityUtil.java:280) ~[tomcat-embed-core-9.0.54.jar:9.0.54]
?[0m?[0;34m	at java.base/java.security.AccessController.doPrivileged(AccessController.java:712) ~[na:na]
?[0m?[0;34m	at java.base/javax.security.auth.Subject.doAsPrivileged(Subject.java:584) ~[na:na]
?[0m?[0;34m	at org.apache.catalina.security.SecurityUtil.execute(SecurityUtil.java:311) ~[tomcat-embed-core-9.0.54.jar:9.0.54]
?[0m?[0;34m	at org.apache.catalina.security.SecurityUtil.doAsPrivilege(SecurityUtil.java:253) ~[tomcat-embed-core-9.0.54.jar:9.0.54]
?[0m?[0;34m	at org.apache.catalina.core.ApplicationFilterChain.internalDoFilter(ApplicationFilterChain.java:187) ~[tomcat-embed-core-9.0.54.jar:9.0.54]
?[0m?[0;34m	at org.apache.catalina.core.ApplicationFilterChain.lambda$doFilter$0(ApplicationFilterChain.java:145) ~[tomcat-embed-core-9.0.54.jar:9.0.54]
?[0m?[0;34m	at java.base/java.security.AccessController.doPrivileged(AccessController.java:569) ~[na:na]
?[0m?[0;34m	at org.apache.catalina.core.ApplicationFilterChain.doFilter(ApplicationFilterChain.java:143) ~[tomcat-embed-core-9.0.54.jar:9.0.54]
?[0m?[0;34m	at org.springframework.web.filter.CharacterEncodingFilter.doFilterInternal(CharacterEncodingFilter.java:201) ~[spring-web-5.3.12.jar:5.3.12]
?[0m?[0;34m	at org.springframework.web.filter.OncePerRequestFilter.doFilter(OncePerRequestFilter.java:119) ~[spring-web-5.3.12.jar:5.3.12]
?[0m?[0;34m	at jdk.internal.reflect.GeneratedMethodAccessor57.invoke(Unknown Source) ~[na:na]
?[0m?[0;34m	at java.base/jdk.internal.reflect.DelegatingMethodAccessorImpl.invoke(DelegatingMethodAccessorImpl.java:43) ~[na:na]
?[0m?[0;34m	at java.base/java.lang.reflect.Method.invoke(Method.java:568) ~[na:na]
?[0m?[0;34m	at org.apache.catalina.security.SecurityUtil.lambda$execute$0(SecurityUtil.java:280) ~[tomcat-embed-core-9.0.54.jar:9.0.54]
?[0m?[0;34m	at java.base/java.security.AccessController.doPrivileged(AccessController.java:712) ~[na:na]
?[0m?[0;34m	at java.base/javax.security.auth.Subject.doAsPrivileged(Subject.java:584) ~[na:na]
?[0m?[0;34m	at org.apache.catalina.security.SecurityUtil.execute(SecurityUtil.java:311) ~[tomcat-embed-core-9.0.54.jar:9.0.54]
?[0m?[0;34m	at org.apache.catalina.security.SecurityUtil.doAsPrivilege(SecurityUtil.java:253) ~[tomcat-embed-core-9.0.54.jar:9.0.54]
?[0m?[0;34m	at org.apache.catalina.core.ApplicationFilterChain.internalDoFilter(ApplicationFilterChain.java:187) ~[tomcat-embed-core-9.0.54.jar:9.0.54]
?[0m?[0;34m	at org.apache.catalina.core.ApplicationFilterChain.lambda$doFilter$0(ApplicationFilterChain.java:145) ~[tomcat-embed-core-9.0.54.jar:9.0.54]
?[0m?[0;34m	at java.base/java.security.AccessController.doPrivileged(AccessController.java:569) ~[na:na]
?[0m?[0;34m	at org.apache.catalina.core.ApplicationFilterChain.doFilter(ApplicationFilterChain.java:143) ~[tomcat-embed-core-9.0.54.jar:9.0.54]
?[0m?[0;34m	at org.apache.catalina.core.StandardWrapperValve.invoke(StandardWrapperValve.java:197) ~[tomcat-embed-core-9.0.54.jar:9.0.54]
?[0m?[0;34m	at org.apache.catalina.core.StandardContextValve.invoke(StandardContextValve.java:97) ~[tomcat-embed-core-9.0.54.jar:9.0.54]
?[0m?[0;34m	at org.apache.catalina.authenticator.AuthenticatorBase.invoke(AuthenticatorBase.java:540) ~[tomcat-embed-core-9.0.54.jar:9.0.54]
?[0m?[0;34m	at org.apache.catalina.core.StandardHostValve.invoke(StandardHostValve.java:135) ~[tomcat-embed-core-9.0.54.jar:9.0.54]
?[0m?[0;34m	at org.apache.catalina.valves.ErrorReportValve.invoke(ErrorReportValve.java:92) ~[tomcat-embed-core-9.0.54.jar:9.0.54]
?[0m?[0;34m	at org.apache.catalina.core.StandardEngineValve.invoke(StandardEngineValve.java:78) ~[tomcat-embed-core-9.0.54.jar:9.0.54]
?[0m?[0;34m	at org.apache.catalina.connector.CoyoteAdapter.service(CoyoteAdapter.java:357) ~[tomcat-embed-core-9.0.54.jar:9.0.54]
?[0m?[0;34m	at org.apache.coyote.http11.Http11Processor.service(Http11Processor.java:382) ~[tomcat-embed-core-9.0.54.jar:9.0.54]
?[0m?[0;34m	at org.apache.coyote.AbstractProcessorLight.process(AbstractProcessorLight.java:65) ~[tomcat-embed-core-9.0.54.jar:9.0.54]
?[0m?[0;34m	at org.apache.coyote.AbstractProtocol$ConnectionHandler.process(AbstractProtocol.java:895) ~[tomcat-embed-core-9.0.54.jar:9.0.54]
?[0m?[0;34m	at org.apache.tomcat.util.net.NioEndpoint$SocketProcessor.doRun(NioEndpoint.java:1722) ~[tomcat-embed-core-9.0.54.jar:9.0.54]
?[0m?[0;34m	at org.apache.tomcat.util.net.SocketProcessorBase.run(SocketProcessorBase.java:49) ~[tomcat-embed-core-9.0.54.jar:9.0.54]
?[0m?[0;34m	at org.apache.tomcat.util.threads.ThreadPoolExecutor.runWorker(ThreadPoolExecutor.java:1191) ~[tomcat-embed-core-9.0.54.jar:9.0.54]
?[0m?[0;34m	at org.apache.tomcat.util.threads.ThreadPoolExecutor$Worker.run(ThreadPoolExecutor.java:659) ~[tomcat-embed-core-9.0.54.jar:9.0.54]
?[0m?[0;34m	at org.apache.tomcat.util.threads.TaskThread$WrappingRunnable.run(TaskThread.java:61) ~[tomcat-embed-core-9.0.54.jar:9.0.54]
?[0m?[0;34m	at java.base/java.lang.Thread.run(Thread.java:833) ~[na:na]
?[0m?[0;34m
?[0m?[0;34m2023-04-07 15:35:37.867 DEBUG 12456 --- [nio-8881-exec-7] s.w.a.DelegatingAuthenticationEntryPoint : Trying to match using RequestHeaderRequestMatcher [expectedHeaderName=X-Requested-With, expectedHeaderValue=XMLHttpRequest]
?[0m?[0;34m2023-04-07 15:35:37.867 DEBUG 12456 --- [nio-8881-exec-7] s.w.a.DelegatingAuthenticationEntryPoint : No match found. Using default entry point org.springframework.security.web.authentication.www.BasicAuthenticationEntryPoint@45d505f9
?[0m?[0;34m2023-04-07 15:35:37.867 DEBUG 12456 --- [nio-8881-exec-7] w.c.HttpSessionSecurityContextRepository : Did not store empty SecurityContext
?[0m?[0;34m2023-04-07 15:35:37.867 DEBUG 12456 --- [nio-8881-exec-7] w.c.HttpSessionSecurityContextRepository : Did not store empty SecurityContext
?[0m?[0;34m2023-04-07 15:35:37.867 DEBUG 12456 --- [nio-8881-exec-7] s.s.w.c.SecurityContextPersistenceFilter : Cleared SecurityContextHolder to complete request
?[0m?[0;34m2023-04-07 15:35:37.868 DEBUG 12456 --- [nio-8881-exec-7] o.s.security.web.FilterChainProxy        : Securing POST /error
?[0m?[0;34m2023-04-07 15:35:37.868 DEBUG 12456 --- [nio-8881-exec-7] s.s.w.c.SecurityContextPersistenceFilter : Set SecurityContextHolder to empty SecurityContext
?[0m?[0;34m2023-04-07 15:35:37.868 DEBUG 12456 --- [nio-8881-exec-7] o.s.s.w.a.AnonymousAuthenticationFilter  : Set SecurityContextHolder to anonymous SecurityContext
?[0m?[0;34m2023-04-07 15:35:37.868 DEBUG 12456 --- [nio-8881-exec-7] o.s.security.web.FilterChainProxy        : Secured POST /error
?[0m?[0;34m2023-04-07 15:35:37.868 DEBUG 12456 --- [nio-8881-exec-7] o.s.web.servlet.DispatcherServlet        : "ERROR" dispatch for POST "/error", parameters={}
?[0m?[0;34m2023-04-07 15:35:37.868 DEBUG 12456 --- [nio-8881-exec-7] s.w.s.m.m.a.RequestMappingHandlerMapping : Mapped to org.springframework.boot.autoconfigure.web.servlet.error.BasicErrorController#error(HttpServletRequest)
?[0m?[0;34m2023-04-07 15:35:37.868 DEBUG 12456 --- [nio-8881-exec-7] o.j.s.OpenEntityManagerInViewInterceptor : Opening JPA EntityManager in OpenEntityManagerInViewInterceptor
?[0m?[0;34m2023-04-07 15:35:37.869 DEBUG 12456 --- [nio-8881-exec-7] o.s.w.s.m.m.a.HttpEntityMethodProcessor  : Using 'application/json', given [*/*] and supported [application/json, application/*+json, application/json, application/*+json]
?[0m?[0;34m2023-04-07 15:35:37.869 DEBUG 12456 --- [nio-8881-exec-7] o.s.w.s.m.m.a.HttpEntityMethodProcessor  : Writing [{timestamp=Fri Apr 07 15:35:37 EET 2023, status=401, error=Unauthorized, path=/api/recipe/new}]
?[0m?[0;34m2023-04-07 15:35:37.870 DEBUG 12456 --- [nio-8881-exec-7] w.c.HttpSessionSecurityContextRepository : Did not store anonymous SecurityContext
?[0m?[0;34m2023-04-07 15:35:37.870 DEBUG 12456 --- [nio-8881-exec-7] o.j.s.OpenEntityManagerInViewInterceptor : Closing JPA EntityManager in OpenEntityManagerInViewInterceptor
?[0m?[0;34m2023-04-07 15:35:37.871 DEBUG 12456 --- [nio-8881-exec-7] o.s.web.servlet.DispatcherServlet        : Exiting from "ERROR" dispatch, status 401
?[0m?[0;34m2023-04-07 15:35:37.871 DEBUG 12456 --- [nio-8881-exec-7] w.c.HttpSessionSecurityContextRepository : Did not store anonymous SecurityContext
?[0m?[0;34m2023-04-07 15:35:37.871 DEBUG 12456 --- [nio-8881-exec-7] s.s.w.c.SecurityContextPersistenceFilter : Cleared SecurityContextHolder to complete request
?[1;31m
Start test 71?[0m
?[0;34m2023-04-07 15:35:37.877 DEBUG 12456 --- [nio-8881-exec-8] o.s.security.web.FilterChainProxy        : Securing GET /api/recipe/1
?[0m?[0;34m2023-04-07 15:35:37.877 DEBUG 12456 --- [nio-8881-exec-8] s.s.w.c.SecurityContextPersistenceFilter : Set SecurityContextHolder to empty SecurityContext
?[0m?[0;34m2023-04-07 15:35:37.878 DEBUG 12456 --- [nio-8881-exec-8] tor$SharedEntityManagerInvocationHandler : Creating new EntityManager for shared EntityManager invocation
?[0m?[0;34mHibernate: 
?[0m?[0;34m    select
?[0m?[0;34m        user0_.id as id1_3_,
?[0m?[0;34m        user0_.email as email2_3_,
?[0m?[0;34m        user0_.password as password3_3_ 
?[0m?[0;34m    from
?[0m?[0;34m        users user0_ 
?[0m?[0;34m    where
?[0m?[0;34m        user0_.email=?
?[0m?[0;34m2023-04-07 15:35:37.938 DEBUG 12456 --- [nio-8881-exec-8] o.s.s.a.dao.DaoAuthenticationProvider    : Failed to find user 'abc@test.com'
?[0m?[0;34m2023-04-07 15:35:37.938 DEBUG 12456 --- [nio-8881-exec-8] tor$SharedEntityManagerInvocationHandler : Creating new EntityManager for shared EntityManager invocation
?[0m?[0;34mHibernate: 
?[0m?[0;34m    select
?[0m?[0;34m        user0_.id as id1_3_,
?[0m?[0;34m        user0_.email as email2_3_,
?[0m?[0;34m        user0_.password as password3_3_ 
?[0m?[0;34m    from
?[0m?[0;34m        users user0_ 
?[0m?[0;34m    where
?[0m?[0;34m        user0_.email=?
?[0m?[0;34m2023-04-07 15:35:37.997 DEBUG 12456 --- [nio-8881-exec-8] o.s.s.a.dao.DaoAuthenticationProvider    : Failed to find user 'abc@test.com'
?[0m?[0;34m2023-04-07 15:35:37.999 DEBUG 12456 --- [nio-8881-exec-8] o.s.s.w.a.www.BasicAuthenticationFilter  : Failed to process authentication request
?[0m?[0;34m
?[0m?[0;34morg.springframework.security.authentication.BadCredentialsException: Bad credentials
?[0m?[0;34m	at org.springframework.security.authentication.dao.AbstractUserDetailsAuthenticationProvider.authenticate(AbstractUserDetailsAuthenticationProvider.java:141) ~[spring-security-core-5.5.3.jar:5.5.3]
?[0m?[0;34m	at org.springframework.security.authentication.ProviderManager.authenticate(ProviderManager.java:182) ~[spring-security-core-5.5.3.jar:5.5.3]
?[0m?[0;34m	at org.springframework.security.authentication.ProviderManager.authenticate(ProviderManager.java:201) ~[spring-security-core-5.5.3.jar:5.5.3]
?[0m?[0;34m	at org.springframework.security.web.authentication.www.BasicAuthenticationFilter.doFilterInternal(BasicAuthenticationFilter.java:155) ~[spring-security-web-5.5.3.jar:5.5.3]
?[0m?[0;34m	at org.springframework.web.filter.OncePerRequestFilter.doFilter(OncePerRequestFilter.java:119) ~[spring-web-5.3.12.jar:5.3.12]
?[0m?[0;34m	at org.springframework.security.web.FilterChainProxy$VirtualFilterChain.doFilter(FilterChainProxy.java:336) ~[spring-security-web-5.5.3.jar:5.5.3]
?[0m?[0;34m	at org.springframework.security.web.authentication.logout.LogoutFilter.doFilter(LogoutFilter.java:103) ~[spring-security-web-5.5.3.jar:5.5.3]
?[0m?[0;34m	at org.springframework.security.web.authentication.logout.LogoutFilter.doFilter(LogoutFilter.java:89) ~[spring-security-web-5.5.3.jar:5.5.3]
?[0m?[0;34m	at org.springframework.security.web.FilterChainProxy$VirtualFilterChain.doFilter(FilterChainProxy.java:336) ~[spring-security-web-5.5.3.jar:5.5.3]
?[0m?[0;34m	at org.springframework.security.web.header.HeaderWriterFilter.doHeadersAfter(HeaderWriterFilter.java:90) ~[spring-security-web-5.5.3.jar:5.5.3]
?[0m?[0;34m	at org.springframework.security.web.header.HeaderWriterFilter.doFilterInternal(HeaderWriterFilter.java:75) ~[spring-security-web-5.5.3.jar:5.5.3]
?[0m?[0;34m	at org.springframework.web.filter.OncePerRequestFilter.doFilter(OncePerRequestFilter.java:119) ~[spring-web-5.3.12.jar:5.3.12]
?[0m?[0;34m	at org.springframework.security.web.FilterChainProxy$VirtualFilterChain.doFilter(FilterChainProxy.java:336) ~[spring-security-web-5.5.3.jar:5.5.3]
?[0m?[0;34m	at org.springframework.security.web.context.SecurityContextPersistenceFilter.doFilter(SecurityContextPersistenceFilter.java:110) ~[spring-security-web-5.5.3.jar:5.5.3]
?[0m?[0;34m	at org.springframework.security.web.context.SecurityContextPersistenceFilter.doFilter(SecurityContextPersistenceFilter.java:80) ~[spring-security-web-5.5.3.jar:5.5.3]
?[0m?[0;34m	at org.springframework.security.web.FilterChainProxy$VirtualFilterChain.doFilter(FilterChainProxy.java:336) ~[spring-security-web-5.5.3.jar:5.5.3]
?[0m?[0;34m	at org.springframework.security.web.context.request.async.WebAsyncManagerIntegrationFilter.doFilterInternal(WebAsyncManagerIntegrationFilter.java:55) ~[spring-security-web-5.5.3.jar:5.5.3]
?[0m?[0;34m	at org.springframework.web.filter.OncePerRequestFilter.doFilter(OncePerRequestFilter.java:119) ~[spring-web-5.3.12.jar:5.3.12]
?[0m?[0;34m	at org.springframework.security.web.FilterChainProxy$VirtualFilterChain.doFilter(FilterChainProxy.java:336) ~[spring-security-web-5.5.3.jar:5.5.3]
?[0m?[0;34m	at org.springframework.security.web.FilterChainProxy.doFilterInternal(FilterChainProxy.java:211) ~[spring-security-web-5.5.3.jar:5.5.3]
?[0m?[0;34m	at org.springframework.security.web.FilterChainProxy.doFilter(FilterChainProxy.java:183) ~[spring-security-web-5.5.3.jar:5.5.3]
?[0m?[0;34m	at org.springframework.web.filter.DelegatingFilterProxy.invokeDelegate(DelegatingFilterProxy.java:358) ~[spring-web-5.3.12.jar:5.3.12]
?[0m?[0;34m	at org.springframework.web.filter.DelegatingFilterProxy.doFilter(DelegatingFilterProxy.java:271) ~[spring-web-5.3.12.jar:5.3.12]
?[0m?[0;34m	at jdk.internal.reflect.GeneratedMethodAccessor57.invoke(Unknown Source) ~[na:na]
?[0m?[0;34m	at java.base/jdk.internal.reflect.DelegatingMethodAccessorImpl.invoke(DelegatingMethodAccessorImpl.java:43) ~[na:na]
?[0m?[0;34m	at java.base/java.lang.reflect.Method.invoke(Method.java:568) ~[na:na]
?[0m?[0;34m	at org.apache.catalina.security.SecurityUtil.lambda$execute$0(SecurityUtil.java:280) ~[tomcat-embed-core-9.0.54.jar:9.0.54]
?[0m?[0;34m	at java.base/java.security.AccessController.doPrivileged(AccessController.java:712) ~[na:na]
?[0m?[0;34m	at java.base/javax.security.auth.Subject.doAsPrivileged(Subject.java:584) ~[na:na]
?[0m?[0;34m	at org.apache.catalina.security.SecurityUtil.execute(SecurityUtil.java:311) ~[tomcat-embed-core-9.0.54.jar:9.0.54]
?[0m?[0;34m	at org.apache.catalina.security.SecurityUtil.doAsPrivilege(SecurityUtil.java:253) ~[tomcat-embed-core-9.0.54.jar:9.0.54]
?[0m?[0;34m	at org.apache.catalina.core.ApplicationFilterChain.internalDoFilter(ApplicationFilterChain.java:187) ~[tomcat-embed-core-9.0.54.jar:9.0.54]
?[0m?[0;34m	at org.apache.catalina.core.ApplicationFilterChain.lambda$doFilter$0(ApplicationFilterChain.java:145) ~[tomcat-embed-core-9.0.54.jar:9.0.54]
?[0m?[0;34m	at java.base/java.security.AccessController.doPrivileged(AccessController.java:569) ~[na:na]
?[0m?[0;34m	at org.apache.catalina.core.ApplicationFilterChain.doFilter(ApplicationFilterChain.java:143) ~[tomcat-embed-core-9.0.54.jar:9.0.54]
?[0m?[0;34m	at org.springframework.web.filter.RequestContextFilter.doFilterInternal(RequestContextFilter.java:100) ~[spring-web-5.3.12.jar:5.3.12]
?[0m?[0;34m	at org.springframework.web.filter.OncePerRequestFilter.doFilter(OncePerRequestFilter.java:119) ~[spring-web-5.3.12.jar:5.3.12]
?[0m?[0;34m	at jdk.internal.reflect.GeneratedMethodAccessor57.invoke(Unknown Source) ~[na:na]
?[0m?[0;34m	at java.base/jdk.internal.reflect.DelegatingMethodAccessorImpl.invoke(DelegatingMethodAccessorImpl.java:43) ~[na:na]
?[0m?[0;34m	at java.base/java.lang.reflect.Method.invoke(Method.java:568) ~[na:na]
?[0m?[0;34m	at org.apache.catalina.security.SecurityUtil.lambda$execute$0(SecurityUtil.java:280) ~[tomcat-embed-core-9.0.54.jar:9.0.54]
?[0m?[0;34m	at java.base/java.security.AccessController.doPrivileged(AccessController.java:712) ~[na:na]
?[0m?[0;34m	at java.base/javax.security.auth.Subject.doAsPrivileged(Subject.java:584) ~[na:na]
?[0m?[0;34m	at org.apache.catalina.security.SecurityUtil.execute(SecurityUtil.java:311) ~[tomcat-embed-core-9.0.54.jar:9.0.54]
?[0m?[0;34m	at org.apache.catalina.security.SecurityUtil.doAsPrivilege(SecurityUtil.java:253) ~[tomcat-embed-core-9.0.54.jar:9.0.54]
?[0m?[0;34m	at org.apache.catalina.core.ApplicationFilterChain.internalDoFilter(ApplicationFilterChain.java:187) ~[tomcat-embed-core-9.0.54.jar:9.0.54]
?[0m?[0;34m	at org.apache.catalina.core.ApplicationFilterChain.lambda$doFilter$0(ApplicationFilterChain.java:145) ~[tomcat-embed-core-9.0.54.jar:9.0.54]
?[0m?[0;34m	at java.base/java.security.AccessController.doPrivileged(AccessController.java:569) ~[na:na]
?[0m?[0;34m	at org.apache.catalina.core.ApplicationFilterChain.doFilter(ApplicationFilterChain.java:143) ~[tomcat-embed-core-9.0.54.jar:9.0.54]
?[0m?[0;34m	at org.springframework.web.filter.FormContentFilter.doFilterInternal(FormContentFilter.java:93) ~[spring-web-5.3.12.jar:5.3.12]
?[0m?[0;34m	at org.springframework.web.filter.OncePerRequestFilter.doFilter(OncePerRequestFilter.java:119) ~[spring-web-5.3.12.jar:5.3.12]
?[0m?[0;34m	at jdk.internal.reflect.GeneratedMethodAccessor57.invoke(Unknown Source) ~[na:na]
?[0m?[0;34m	at java.base/jdk.internal.reflect.DelegatingMethodAccessorImpl.invoke(DelegatingMethodAccessorImpl.java:43) ~[na:na]
?[0m?[0;34m	at java.base/java.lang.reflect.Method.invoke(Method.java:568) ~[na:na]
?[0m?[0;34m	at org.apache.catalina.security.SecurityUtil.lambda$execute$0(SecurityUtil.java:280) ~[tomcat-embed-core-9.0.54.jar:9.0.54]
?[0m?[0;34m	at java.base/java.security.AccessController.doPrivileged(AccessController.java:712) ~[na:na]
?[0m?[0;34m	at java.base/javax.security.auth.Subject.doAsPrivileged(Subject.java:584) ~[na:na]
?[0m?[0;34m	at org.apache.catalina.security.SecurityUtil.execute(SecurityUtil.java:311) ~[tomcat-embed-core-9.0.54.jar:9.0.54]
?[0m?[0;34m	at org.apache.catalina.security.SecurityUtil.doAsPrivilege(SecurityUtil.java:253) ~[tomcat-embed-core-9.0.54.jar:9.0.54]
?[0m?[0;34m	at org.apache.catalina.core.ApplicationFilterChain.internalDoFilter(ApplicationFilterChain.java:187) ~[tomcat-embed-core-9.0.54.jar:9.0.54]
?[0m?[0;34m	at org.apache.catalina.core.ApplicationFilterChain.lambda$doFilter$0(ApplicationFilterChain.java:145) ~[tomcat-embed-core-9.0.54.jar:9.0.54]
?[0m?[0;34m	at java.base/java.security.AccessController.doPrivileged(AccessController.java:569) ~[na:na]
?[0m?[0;34m	at org.apache.catalina.core.ApplicationFilterChain.doFilter(ApplicationFilterChain.java:143) ~[tomcat-embed-core-9.0.54.jar:9.0.54]
?[0m?[0;34m	at org.springframework.boot.actuate.metrics.web.servlet.WebMvcMetricsFilter.doFilterInternal(WebMvcMetricsFilter.java:96) ~[spring-boot-actuator-2.5.6.jar:2.5.6]
?[0m?[0;34m	at org.springframework.web.filter.OncePerRequestFilter.doFilter(OncePerRequestFilter.java:119) ~[spring-web-5.3.12.jar:5.3.12]
?[0m?[0;34m	at jdk.internal.reflect.GeneratedMethodAccessor57.invoke(Unknown Source) ~[na:na]
?[0m?[0;34m	at java.base/jdk.internal.reflect.DelegatingMethodAccessorImpl.invoke(DelegatingMethodAccessorImpl.java:43) ~[na:na]
?[0m?[0;34m	at java.base/java.lang.reflect.Method.invoke(Method.java:568) ~[na:na]
?[0m?[0;34m	at org.apache.catalina.security.SecurityUtil.lambda$execute$0(SecurityUtil.java:280) ~[tomcat-embed-core-9.0.54.jar:9.0.54]
?[0m?[0;34m	at java.base/java.security.AccessController.doPrivileged(AccessController.java:712) ~[na:na]
?[0m?[0;34m	at java.base/javax.security.auth.Subject.doAsPrivileged(Subject.java:584) ~[na:na]
?[0m?[0;34m	at org.apache.catalina.security.SecurityUtil.execute(SecurityUtil.java:311) ~[tomcat-embed-core-9.0.54.jar:9.0.54]
?[0m?[0;34m	at org.apache.catalina.security.SecurityUtil.doAsPrivilege(SecurityUtil.java:253) ~[tomcat-embed-core-9.0.54.jar:9.0.54]
?[0m?[0;34m	at org.apache.catalina.core.ApplicationFilterChain.internalDoFilter(ApplicationFilterChain.java:187) ~[tomcat-embed-core-9.0.54.jar:9.0.54]
?[0m?[0;34m	at org.apache.catalina.core.ApplicationFilterChain.lambda$doFilter$0(ApplicationFilterChain.java:145) ~[tomcat-embed-core-9.0.54.jar:9.0.54]
?[0m?[0;34m	at java.base/java.security.AccessController.doPrivileged(AccessController.java:569) ~[na:na]
?[0m?[0;34m	at org.apache.catalina.core.ApplicationFilterChain.doFilter(ApplicationFilterChain.java:143) ~[tomcat-embed-core-9.0.54.jar:9.0.54]
?[0m?[0;34m	at org.springframework.web.filter.CharacterEncodingFilter.doFilterInternal(CharacterEncodingFilter.java:201) ~[spring-web-5.3.12.jar:5.3.12]
?[0m?[0;34m	at org.springframework.web.filter.OncePerRequestFilter.doFilter(OncePerRequestFilter.java:119) ~[spring-web-5.3.12.jar:5.3.12]
?[0m?[0;34m	at jdk.internal.reflect.GeneratedMethodAccessor57.invoke(Unknown Source) ~[na:na]
?[0m?[0;34m	at java.base/jdk.internal.reflect.DelegatingMethodAccessorImpl.invoke(DelegatingMethodAccessorImpl.java:43) ~[na:na]
?[0m?[0;34m	at java.base/java.lang.reflect.Method.invoke(Method.java:568) ~[na:na]
?[0m?[0;34m	at org.apache.catalina.security.SecurityUtil.lambda$execute$0(SecurityUtil.java:280) ~[tomcat-embed-core-9.0.54.jar:9.0.54]
?[0m?[0;34m	at java.base/java.security.AccessController.doPrivileged(AccessController.java:712) ~[na:na]
?[0m?[0;34m	at java.base/javax.security.auth.Subject.doAsPrivileged(Subject.java:584) ~[na:na]
?[0m?[0;34m	at org.apache.catalina.security.SecurityUtil.execute(SecurityUtil.java:311) ~[tomcat-embed-core-9.0.54.jar:9.0.54]
?[0m?[0;34m	at org.apache.catalina.security.SecurityUtil.doAsPrivilege(SecurityUtil.java:253) ~[tomcat-embed-core-9.0.54.jar:9.0.54]
?[0m?[0;34m	at org.apache.catalina.core.ApplicationFilterChain.internalDoFilter(ApplicationFilterChain.java:187) ~[tomcat-embed-core-9.0.54.jar:9.0.54]
?[0m?[0;34m	at org.apache.catalina.core.ApplicationFilterChain.lambda$doFilter$0(ApplicationFilterChain.java:145) ~[tomcat-embed-core-9.0.54.jar:9.0.54]
?[0m?[0;34m	at java.base/java.security.AccessController.doPrivileged(AccessController.java:569) ~[na:na]
?[0m?[0;34m	at org.apache.catalina.core.ApplicationFilterChain.doFilter(ApplicationFilterChain.java:143) ~[tomcat-embed-core-9.0.54.jar:9.0.54]
?[0m?[0;34m	at org.apache.catalina.core.StandardWrapperValve.invoke(StandardWrapperValve.java:197) ~[tomcat-embed-core-9.0.54.jar:9.0.54]
?[0m?[0;34m	at org.apache.catalina.core.StandardContextValve.invoke(StandardContextValve.java:97) ~[tomcat-embed-core-9.0.54.jar:9.0.54]
?[0m?[0;34m	at org.apache.catalina.authenticator.AuthenticatorBase.invoke(AuthenticatorBase.java:540) ~[tomcat-embed-core-9.0.54.jar:9.0.54]
?[0m?[0;34m	at org.apache.catalina.core.StandardHostValve.invoke(StandardHostValve.java:135) ~[tomcat-embed-core-9.0.54.jar:9.0.54]
?[0m?[0;34m	at org.apache.catalina.valves.ErrorReportValve.invoke(ErrorReportValve.java:92) ~[tomcat-embed-core-9.0.54.jar:9.0.54]
?[0m?[0;34m	at org.apache.catalina.core.StandardEngineValve.invoke(StandardEngineValve.java:78) ~[tomcat-embed-core-9.0.54.jar:9.0.54]
?[0m?[0;34m	at org.apache.catalina.connector.CoyoteAdapter.service(CoyoteAdapter.java:357) ~[tomcat-embed-core-9.0.54.jar:9.0.54]
?[0m?[0;34m	at org.apache.coyote.http11.Http11Processor.service(Http11Processor.java:382) ~[tomcat-embed-core-9.0.54.jar:9.0.54]
?[0m?[0;34m	at org.apache.coyote.AbstractProcessorLight.process(AbstractProcessorLight.java:65) ~[tomcat-embed-core-9.0.54.jar:9.0.54]
?[0m?[0;34m	at org.apache.coyote.AbstractProtocol$ConnectionHandler.process(AbstractProtocol.java:895) ~[tomcat-embed-core-9.0.54.jar:9.0.54]
?[0m?[0;34m	at org.apache.tomcat.util.net.NioEndpoint$SocketProcessor.doRun(NioEndpoint.java:1722) ~[tomcat-embed-core-9.0.54.jar:9.0.54]
?[0m?[0;34m	at org.apache.tomcat.util.net.SocketProcessorBase.run(SocketProcessorBase.java:49) ~[tomcat-embed-core-9.0.54.jar:9.0.54]
?[0m?[0;34m	at org.apache.tomcat.util.threads.ThreadPoolExecutor.runWorker(ThreadPoolExecutor.java:1191) ~[tomcat-embed-core-9.0.54.jar:9.0.54]
?[0m?[0;34m	at org.apache.tomcat.util.threads.ThreadPoolExecutor$Worker.run(ThreadPoolExecutor.java:659) ~[tomcat-embed-core-9.0.54.jar:9.0.54]
?[0m?[0;34m	at org.apache.tomcat.util.threads.TaskThread$WrappingRunnable.run(TaskThread.java:61) ~[tomcat-embed-core-9.0.54.jar:9.0.54]
?[0m?[0;34m	at java.base/java.lang.Thread.run(Thread.java:833) ~[na:na]
?[0m?[0;34m
?[0m?[0;34m2023-04-07 15:35:38.000 DEBUG 12456 --- [nio-8881-exec-8] s.w.a.DelegatingAuthenticationEntryPoint : Trying to match using RequestHeaderRequestMatcher [expectedHeaderName=X-Requested-With, expectedHeaderValue=XMLHttpRequest]
?[0m?[0;34m2023-04-07 15:35:38.000 DEBUG 12456 --- [nio-8881-exec-8] s.w.a.DelegatingAuthenticationEntryPoint : No match found. Using default entry point org.springframework.security.web.authentication.www.BasicAuthenticationEntryPoint@45d505f9
?[0m?[0;34m2023-04-07 15:35:38.000 DEBUG 12456 --- [nio-8881-exec-8] w.c.HttpSessionSecurityContextRepository : Did not store empty SecurityContext
?[0m?[0;34m2023-04-07 15:35:38.000 DEBUG 12456 --- [nio-8881-exec-8] w.c.HttpSessionSecurityContextRepository : Did not store empty SecurityContext
?[0m?[0;34m2023-04-07 15:35:38.000 DEBUG 12456 --- [nio-8881-exec-8] s.s.w.c.SecurityContextPersistenceFilter : Cleared SecurityContextHolder to complete request
?[0m?[0;34m2023-04-07 15:35:38.001 DEBUG 12456 --- [nio-8881-exec-8] o.s.security.web.FilterChainProxy        : Securing GET /error
?[0m?[0;34m2023-04-07 15:35:38.001 DEBUG 12456 --- [nio-8881-exec-8] s.s.w.c.SecurityContextPersistenceFilter : Set SecurityContextHolder to empty SecurityContext
?[0m?[0;34m2023-04-07 15:35:38.001 DEBUG 12456 --- [nio-8881-exec-8] o.s.s.w.a.AnonymousAuthenticationFilter  : Set SecurityContextHolder to anonymous SecurityContext
?[0m?[0;34m2023-04-07 15:35:38.001 DEBUG 12456 --- [nio-8881-exec-8] o.s.security.web.FilterChainProxy        : Secured GET /error
?[0m?[0;34m2023-04-07 15:35:38.001 DEBUG 12456 --- [nio-8881-exec-8] o.s.web.servlet.DispatcherServlet        : "ERROR" dispatch for GET "/error", parameters={}
?[0m?[0;34m2023-04-07 15:35:38.001 DEBUG 12456 --- [nio-8881-exec-8] s.w.s.m.m.a.RequestMappingHandlerMapping : Mapped to org.springframework.boot.autoconfigure.web.servlet.error.BasicErrorController#error(HttpServletRequest)
?[0m?[0;34m2023-04-07 15:35:38.001 DEBUG 12456 --- [nio-8881-exec-8] o.j.s.OpenEntityManagerInViewInterceptor : Opening JPA EntityManager in OpenEntityManagerInViewInterceptor
?[0m?[0;34m2023-04-07 15:35:38.002 DEBUG 12456 --- [nio-8881-exec-8] o.s.w.s.m.m.a.HttpEntityMethodProcessor  : Using 'application/json', given [*/*] and supported [application/json, application/*+json, application/json, application/*+json]
?[0m?[0;34m2023-04-07 15:35:38.002 DEBUG 12456 --- [nio-8881-exec-8] o.s.w.s.m.m.a.HttpEntityMethodProcessor  : Writing [{timestamp=Fri Apr 07 15:35:38 EET 2023, status=401, error=Unauthorized, path=/api/recipe/1}]
?[0m?[0;34m2023-04-07 15:35:38.002 DEBUG 12456 --- [nio-8881-exec-8] w.c.HttpSessionSecurityContextRepository : Did not store anonymous SecurityContext
?[0m?[0;34m2023-04-07 15:35:38.003 DEBUG 12456 --- [nio-8881-exec-8] o.j.s.OpenEntityManagerInViewInterceptor : Closing JPA EntityManager in OpenEntityManagerInViewInterceptor
?[0m?[0;34m2023-04-07 15:35:38.003 DEBUG 12456 --- [nio-8881-exec-8] o.s.web.servlet.DispatcherServlet        : Exiting from "ERROR" dispatch, status 401
?[0m?[0;34m2023-04-07 15:35:38.003 DEBUG 12456 --- [nio-8881-exec-8] w.c.HttpSessionSecurityContextRepository : Did not store anonymous SecurityContext
?[0m?[0;34m2023-04-07 15:35:38.003 DEBUG 12456 --- [nio-8881-exec-8] s.s.w.c.SecurityContextPersistenceFilter : Cleared SecurityContextHolder to complete request
?[1;31m
Start test 72?[0m
?[0;34m2023-04-07 15:35:38.008 DEBUG 12456 --- [nio-8881-exec-9] o.s.security.web.FilterChainProxy        : Securing PUT /api/recipe/1
?[0m?[0;34m2023-04-07 15:35:38.008 DEBUG 12456 --- [nio-8881-exec-9] s.s.w.c.SecurityContextPersistenceFilter : Set SecurityContextHolder to empty SecurityContext
?[0m?[0;34m2023-04-07 15:35:38.008 DEBUG 12456 --- [nio-8881-exec-9] tor$SharedEntityManagerInvocationHandler : Creating new EntityManager for shared EntityManager invocation
?[0m?[0;34mHibernate: 
?[0m?[0;34m    select
?[0m?[0;34m        user0_.id as id1_3_,
?[0m?[0;34m        user0_.email as email2_3_,
?[0m?[0;34m        user0_.password as password3_3_ 
?[0m?[0;34m    from
?[0m?[0;34m        users user0_ 
?[0m?[0;34m    where
?[0m?[0;34m        user0_.email=?
?[0m?[0;34m2023-04-07 15:35:38.069 DEBUG 12456 --- [nio-8881-exec-9] o.s.s.a.dao.DaoAuthenticationProvider    : Failed to find user 'abc@test.com'
?[0m?[0;34m2023-04-07 15:35:38.069 DEBUG 12456 --- [nio-8881-exec-9] tor$SharedEntityManagerInvocationHandler : Creating new EntityManager for shared EntityManager invocation
?[0m?[0;34mHibernate: 
?[0m?[0;34m    select
?[0m?[0;34m        user0_.id as id1_3_,
?[0m?[0;34m        user0_.email as email2_3_,
?[0m?[0;34m        user0_.password as password3_3_ 
?[0m?[0;34m    from
?[0m?[0;34m        users user0_ 
?[0m?[0;34m    where
?[0m?[0;34m        user0_.email=?
?[0m?[0;34m2023-04-07 15:35:38.129 DEBUG 12456 --- [nio-8881-exec-9] o.s.s.a.dao.DaoAuthenticationProvider    : Failed to find user 'abc@test.com'
?[0m?[0;34m2023-04-07 15:35:38.130 DEBUG 12456 --- [nio-8881-exec-9] o.s.s.w.a.www.BasicAuthenticationFilter  : Failed to process authentication request
?[0m?[0;34m
?[0m?[0;34morg.springframework.security.authentication.BadCredentialsException: Bad credentials
?[0m?[0;34m	at org.springframework.security.authentication.dao.AbstractUserDetailsAuthenticationProvider.authenticate(AbstractUserDetailsAuthenticationProvider.java:141) ~[spring-security-core-5.5.3.jar:5.5.3]
?[0m?[0;34m	at org.springframework.security.authentication.ProviderManager.authenticate(ProviderManager.java:182) ~[spring-security-core-5.5.3.jar:5.5.3]
?[0m?[0;34m	at org.springframework.security.authentication.ProviderManager.authenticate(ProviderManager.java:201) ~[spring-security-core-5.5.3.jar:5.5.3]
?[0m?[0;34m	at org.springframework.security.web.authentication.www.BasicAuthenticationFilter.doFilterInternal(BasicAuthenticationFilter.java:155) ~[spring-security-web-5.5.3.jar:5.5.3]
?[0m?[0;34m	at org.springframework.web.filter.OncePerRequestFilter.doFilter(OncePerRequestFilter.java:119) ~[spring-web-5.3.12.jar:5.3.12]
?[0m?[0;34m	at org.springframework.security.web.FilterChainProxy$VirtualFilterChain.doFilter(FilterChainProxy.java:336) ~[spring-security-web-5.5.3.jar:5.5.3]
?[0m?[0;34m	at org.springframework.security.web.authentication.logout.LogoutFilter.doFilter(LogoutFilter.java:103) ~[spring-security-web-5.5.3.jar:5.5.3]
?[0m?[0;34m	at org.springframework.security.web.authentication.logout.LogoutFilter.doFilter(LogoutFilter.java:89) ~[spring-security-web-5.5.3.jar:5.5.3]
?[0m?[0;34m	at org.springframework.security.web.FilterChainProxy$VirtualFilterChain.doFilter(FilterChainProxy.java:336) ~[spring-security-web-5.5.3.jar:5.5.3]
?[0m?[0;34m	at org.springframework.security.web.header.HeaderWriterFilter.doHeadersAfter(HeaderWriterFilter.java:90) ~[spring-security-web-5.5.3.jar:5.5.3]
?[0m?[0;34m	at org.springframework.security.web.header.HeaderWriterFilter.doFilterInternal(HeaderWriterFilter.java:75) ~[spring-security-web-5.5.3.jar:5.5.3]
?[0m?[0;34m	at org.springframework.web.filter.OncePerRequestFilter.doFilter(OncePerRequestFilter.java:119) ~[spring-web-5.3.12.jar:5.3.12]
?[0m?[0;34m	at org.springframework.security.web.FilterChainProxy$VirtualFilterChain.doFilter(FilterChainProxy.java:336) ~[spring-security-web-5.5.3.jar:5.5.3]
?[0m?[0;34m	at org.springframework.security.web.context.SecurityContextPersistenceFilter.doFilter(SecurityContextPersistenceFilter.java:110) ~[spring-security-web-5.5.3.jar:5.5.3]
?[0m?[0;34m	at org.springframework.security.web.context.SecurityContextPersistenceFilter.doFilter(SecurityContextPersistenceFilter.java:80) ~[spring-security-web-5.5.3.jar:5.5.3]
?[0m?[0;34m	at org.springframework.security.web.FilterChainProxy$VirtualFilterChain.doFilter(FilterChainProxy.java:336) ~[spring-security-web-5.5.3.jar:5.5.3]
?[0m?[0;34m	at org.springframework.security.web.context.request.async.WebAsyncManagerIntegrationFilter.doFilterInternal(WebAsyncManagerIntegrationFilter.java:55) ~[spring-security-web-5.5.3.jar:5.5.3]
?[0m?[0;34m	at org.springframework.web.filter.OncePerRequestFilter.doFilter(OncePerRequestFilter.java:119) ~[spring-web-5.3.12.jar:5.3.12]
?[0m?[0;34m	at org.springframework.security.web.FilterChainProxy$VirtualFilterChain.doFilter(FilterChainProxy.java:336) ~[spring-security-web-5.5.3.jar:5.5.3]
?[0m?[0;34m	at org.springframework.security.web.FilterChainProxy.doFilterInternal(FilterChainProxy.java:211) ~[spring-security-web-5.5.3.jar:5.5.3]
?[0m?[0;34m	at org.springframework.security.web.FilterChainProxy.doFilter(FilterChainProxy.java:183) ~[spring-security-web-5.5.3.jar:5.5.3]
?[0m?[0;34m	at org.springframework.web.filter.DelegatingFilterProxy.invokeDelegate(DelegatingFilterProxy.java:358) ~[spring-web-5.3.12.jar:5.3.12]
?[0m?[0;34m	at org.springframework.web.filter.DelegatingFilterProxy.doFilter(DelegatingFilterProxy.java:271) ~[spring-web-5.3.12.jar:5.3.12]
?[0m?[0;34m	at jdk.internal.reflect.GeneratedMethodAccessor57.invoke(Unknown Source) ~[na:na]
?[0m?[0;34m	at java.base/jdk.internal.reflect.DelegatingMethodAccessorImpl.invoke(DelegatingMethodAccessorImpl.java:43) ~[na:na]
?[0m?[0;34m	at java.base/java.lang.reflect.Method.invoke(Method.java:568) ~[na:na]
?[0m?[0;34m	at org.apache.catalina.security.SecurityUtil.lambda$execute$0(SecurityUtil.java:280) ~[tomcat-embed-core-9.0.54.jar:9.0.54]
?[0m?[0;34m	at java.base/java.security.AccessController.doPrivileged(AccessController.java:712) ~[na:na]
?[0m?[0;34m	at java.base/javax.security.auth.Subject.doAsPrivileged(Subject.java:584) ~[na:na]
?[0m?[0;34m	at org.apache.catalina.security.SecurityUtil.execute(SecurityUtil.java:311) ~[tomcat-embed-core-9.0.54.jar:9.0.54]
?[0m?[0;34m	at org.apache.catalina.security.SecurityUtil.doAsPrivilege(SecurityUtil.java:253) ~[tomcat-embed-core-9.0.54.jar:9.0.54]
?[0m?[0;34m	at org.apache.catalina.core.ApplicationFilterChain.internalDoFilter(ApplicationFilterChain.java:187) ~[tomcat-embed-core-9.0.54.jar:9.0.54]
?[0m?[0;34m	at org.apache.catalina.core.ApplicationFilterChain.lambda$doFilter$0(ApplicationFilterChain.java:145) ~[tomcat-embed-core-9.0.54.jar:9.0.54]
?[0m?[0;34m	at java.base/java.security.AccessController.doPrivileged(AccessController.java:569) ~[na:na]
?[0m?[0;34m	at org.apache.catalina.core.ApplicationFilterChain.doFilter(ApplicationFilterChain.java:143) ~[tomcat-embed-core-9.0.54.jar:9.0.54]
?[0m?[0;34m	at org.springframework.web.filter.RequestContextFilter.doFilterInternal(RequestContextFilter.java:100) ~[spring-web-5.3.12.jar:5.3.12]
?[0m?[0;34m	at org.springframework.web.filter.OncePerRequestFilter.doFilter(OncePerRequestFilter.java:119) ~[spring-web-5.3.12.jar:5.3.12]
?[0m?[0;34m	at jdk.internal.reflect.GeneratedMethodAccessor57.invoke(Unknown Source) ~[na:na]
?[0m?[0;34m	at java.base/jdk.internal.reflect.DelegatingMethodAccessorImpl.invoke(DelegatingMethodAccessorImpl.java:43) ~[na:na]
?[0m?[0;34m	at java.base/java.lang.reflect.Method.invoke(Method.java:568) ~[na:na]
?[0m?[0;34m	at org.apache.catalina.security.SecurityUtil.lambda$execute$0(SecurityUtil.java:280) ~[tomcat-embed-core-9.0.54.jar:9.0.54]
?[0m?[0;34m	at java.base/java.security.AccessController.doPrivileged(AccessController.java:712) ~[na:na]
?[0m?[0;34m	at java.base/javax.security.auth.Subject.doAsPrivileged(Subject.java:584) ~[na:na]
?[0m?[0;34m	at org.apache.catalina.security.SecurityUtil.execute(SecurityUtil.java:311) ~[tomcat-embed-core-9.0.54.jar:9.0.54]
?[0m?[0;34m	at org.apache.catalina.security.SecurityUtil.doAsPrivilege(SecurityUtil.java:253) ~[tomcat-embed-core-9.0.54.jar:9.0.54]
?[0m?[0;34m	at org.apache.catalina.core.ApplicationFilterChain.internalDoFilter(ApplicationFilterChain.java:187) ~[tomcat-embed-core-9.0.54.jar:9.0.54]
?[0m?[0;34m	at org.apache.catalina.core.ApplicationFilterChain.lambda$doFilter$0(ApplicationFilterChain.java:145) ~[tomcat-embed-core-9.0.54.jar:9.0.54]
?[0m?[0;34m	at java.base/java.security.AccessController.doPrivileged(AccessController.java:569) ~[na:na]
?[0m?[0;34m	at org.apache.catalina.core.ApplicationFilterChain.doFilter(ApplicationFilterChain.java:143) ~[tomcat-embed-core-9.0.54.jar:9.0.54]
?[0m?[0;34m	at org.springframework.web.filter.FormContentFilter.doFilterInternal(FormContentFilter.java:93) ~[spring-web-5.3.12.jar:5.3.12]
?[0m?[0;34m	at org.springframework.web.filter.OncePerRequestFilter.doFilter(OncePerRequestFilter.java:119) ~[spring-web-5.3.12.jar:5.3.12]
?[0m?[0;34m	at jdk.internal.reflect.GeneratedMethodAccessor57.invoke(Unknown Source) ~[na:na]
?[0m?[0;34m	at java.base/jdk.internal.reflect.DelegatingMethodAccessorImpl.invoke(DelegatingMethodAccessorImpl.java:43) ~[na:na]
?[0m?[0;34m	at java.base/java.lang.reflect.Method.invoke(Method.java:568) ~[na:na]
?[0m?[0;34m	at org.apache.catalina.security.SecurityUtil.lambda$execute$0(SecurityUtil.java:280) ~[tomcat-embed-core-9.0.54.jar:9.0.54]
?[0m?[0;34m	at java.base/java.security.AccessController.doPrivileged(AccessController.java:712) ~[na:na]
?[0m?[0;34m	at java.base/javax.security.auth.Subject.doAsPrivileged(Subject.java:584) ~[na:na]
?[0m?[0;34m	at org.apache.catalina.security.SecurityUtil.execute(SecurityUtil.java:311) ~[tomcat-embed-core-9.0.54.jar:9.0.54]
?[0m?[0;34m	at org.apache.catalina.security.SecurityUtil.doAsPrivilege(SecurityUtil.java:253) ~[tomcat-embed-core-9.0.54.jar:9.0.54]
?[0m?[0;34m	at org.apache.catalina.core.ApplicationFilterChain.internalDoFilter(ApplicationFilterChain.java:187) ~[tomcat-embed-core-9.0.54.jar:9.0.54]
?[0m?[0;34m	at org.apache.catalina.core.ApplicationFilterChain.lambda$doFilter$0(ApplicationFilterChain.java:145) ~[tomcat-embed-core-9.0.54.jar:9.0.54]
?[0m?[0;34m	at java.base/java.security.AccessController.doPrivileged(AccessController.java:569) ~[na:na]
?[0m?[0;34m	at org.apache.catalina.core.ApplicationFilterChain.doFilter(ApplicationFilterChain.java:143) ~[tomcat-embed-core-9.0.54.jar:9.0.54]
?[0m?[0;34m	at org.springframework.boot.actuate.metrics.web.servlet.WebMvcMetricsFilter.doFilterInternal(WebMvcMetricsFilter.java:96) ~[spring-boot-actuator-2.5.6.jar:2.5.6]
?[0m?[0;34m	at org.springframework.web.filter.OncePerRequestFilter.doFilter(OncePerRequestFilter.java:119) ~[spring-web-5.3.12.jar:5.3.12]
?[0m?[0;34m	at jdk.internal.reflect.GeneratedMethodAccessor57.invoke(Unknown Source) ~[na:na]
?[0m?[0;34m	at java.base/jdk.internal.reflect.DelegatingMethodAccessorImpl.invoke(DelegatingMethodAccessorImpl.java:43) ~[na:na]
?[0m?[0;34m	at java.base/java.lang.reflect.Method.invoke(Method.java:568) ~[na:na]
?[0m?[0;34m	at org.apache.catalina.security.SecurityUtil.lambda$execute$0(SecurityUtil.java:280) ~[tomcat-embed-core-9.0.54.jar:9.0.54]
?[0m?[0;34m	at java.base/java.security.AccessController.doPrivileged(AccessController.java:712) ~[na:na]
?[0m?[0;34m	at java.base/javax.security.auth.Subject.doAsPrivileged(Subject.java:584) ~[na:na]
?[0m?[0;34m	at org.apache.catalina.security.SecurityUtil.execute(SecurityUtil.java:311) ~[tomcat-embed-core-9.0.54.jar:9.0.54]
?[0m?[0;34m	at org.apache.catalina.security.SecurityUtil.doAsPrivilege(SecurityUtil.java:253) ~[tomcat-embed-core-9.0.54.jar:9.0.54]
?[0m?[0;34m	at org.apache.catalina.core.ApplicationFilterChain.internalDoFilter(ApplicationFilterChain.java:187) ~[tomcat-embed-core-9.0.54.jar:9.0.54]
?[0m?[0;34m	at org.apache.catalina.core.ApplicationFilterChain.lambda$doFilter$0(ApplicationFilterChain.java:145) ~[tomcat-embed-core-9.0.54.jar:9.0.54]
?[0m?[0;34m	at java.base/java.security.AccessController.doPrivileged(AccessController.java:569) ~[na:na]
?[0m?[0;34m	at org.apache.catalina.core.ApplicationFilterChain.doFilter(ApplicationFilterChain.java:143) ~[tomcat-embed-core-9.0.54.jar:9.0.54]
?[0m?[0;34m	at org.springframework.web.filter.CharacterEncodingFilter.doFilterInternal(CharacterEncodingFilter.java:201) ~[spring-web-5.3.12.jar:5.3.12]
?[0m?[0;34m	at org.springframework.web.filter.OncePerRequestFilter.doFilter(OncePerRequestFilter.java:119) ~[spring-web-5.3.12.jar:5.3.12]
?[0m?[0;34m	at jdk.internal.reflect.GeneratedMethodAccessor57.invoke(Unknown Source) ~[na:na]
?[0m?[0;34m	at java.base/jdk.internal.reflect.DelegatingMethodAccessorImpl.invoke(DelegatingMethodAccessorImpl.java:43) ~[na:na]
?[0m?[0;34m	at java.base/java.lang.reflect.Method.invoke(Method.java:568) ~[na:na]
?[0m?[0;34m	at org.apache.catalina.security.SecurityUtil.lambda$execute$0(SecurityUtil.java:280) ~[tomcat-embed-core-9.0.54.jar:9.0.54]
?[0m?[0;34m	at java.base/java.security.AccessController.doPrivileged(AccessController.java:712) ~[na:na]
?[0m?[0;34m	at java.base/javax.security.auth.Subject.doAsPrivileged(Subject.java:584) ~[na:na]
?[0m?[0;34m	at org.apache.catalina.security.SecurityUtil.execute(SecurityUtil.java:311) ~[tomcat-embed-core-9.0.54.jar:9.0.54]
?[0m?[0;34m	at org.apache.catalina.security.SecurityUtil.doAsPrivilege(SecurityUtil.java:253) ~[tomcat-embed-core-9.0.54.jar:9.0.54]
?[0m?[0;34m	at org.apache.catalina.core.ApplicationFilterChain.internalDoFilter(ApplicationFilterChain.java:187) ~[tomcat-embed-core-9.0.54.jar:9.0.54]
?[0m?[0;34m	at org.apache.catalina.core.ApplicationFilterChain.lambda$doFilter$0(ApplicationFilterChain.java:145) ~[tomcat-embed-core-9.0.54.jar:9.0.54]
?[0m?[0;34m	at java.base/java.security.AccessController.doPrivileged(AccessController.java:569) ~[na:na]
?[0m?[0;34m	at org.apache.catalina.core.ApplicationFilterChain.doFilter(ApplicationFilterChain.java:143) ~[tomcat-embed-core-9.0.54.jar:9.0.54]
?[0m?[0;34m	at org.apache.catalina.core.StandardWrapperValve.invoke(StandardWrapperValve.java:197) ~[tomcat-embed-core-9.0.54.jar:9.0.54]
?[0m?[0;34m	at org.apache.catalina.core.StandardContextValve.invoke(StandardContextValve.java:97) ~[tomcat-embed-core-9.0.54.jar:9.0.54]
?[0m?[0;34m	at org.apache.catalina.authenticator.AuthenticatorBase.invoke(AuthenticatorBase.java:540) ~[tomcat-embed-core-9.0.54.jar:9.0.54]
?[0m?[0;34m	at org.apache.catalina.core.StandardHostValve.invoke(StandardHostValve.java:135) ~[tomcat-embed-core-9.0.54.jar:9.0.54]
?[0m?[0;34m	at org.apache.catalina.valves.ErrorReportValve.invoke(ErrorReportValve.java:92) ~[tomcat-embed-core-9.0.54.jar:9.0.54]
?[0m?[0;34m	at org.apache.catalina.core.StandardEngineValve.invoke(StandardEngineValve.java:78) ~[tomcat-embed-core-9.0.54.jar:9.0.54]
?[0m?[0;34m	at org.apache.catalina.connector.CoyoteAdapter.service(CoyoteAdapter.java:357) ~[tomcat-embed-core-9.0.54.jar:9.0.54]
?[0m?[0;34m	at org.apache.coyote.http11.Http11Processor.service(Http11Processor.java:382) ~[tomcat-embed-core-9.0.54.jar:9.0.54]
?[0m?[0;34m	at org.apache.coyote.AbstractProcessorLight.process(AbstractProcessorLight.java:65) ~[tomcat-embed-core-9.0.54.jar:9.0.54]
?[0m?[0;34m	at org.apache.coyote.AbstractProtocol$ConnectionHandler.process(AbstractProtocol.java:895) ~[tomcat-embed-core-9.0.54.jar:9.0.54]
?[0m?[0;34m	at org.apache.tomcat.util.net.NioEndpoint$SocketProcessor.doRun(NioEndpoint.java:1722) ~[tomcat-embed-core-9.0.54.jar:9.0.54]
?[0m?[0;34m	at org.apache.tomcat.util.net.SocketProcessorBase.run(SocketProcessorBase.java:49) ~[tomcat-embed-core-9.0.54.jar:9.0.54]
?[0m?[0;34m	at org.apache.tomcat.util.threads.ThreadPoolExecutor.runWorker(ThreadPoolExecutor.java:1191) ~[tomcat-embed-core-9.0.54.jar:9.0.54]
?[0m?[0;34m	at org.apache.tomcat.util.threads.ThreadPoolExecutor$Worker.run(ThreadPoolExecutor.java:659) ~[tomcat-embed-core-9.0.54.jar:9.0.54]
?[0m?[0;34m	at org.apache.tomcat.util.threads.TaskThread$WrappingRunnable.run(TaskThread.java:61) ~[tomcat-embed-core-9.0.54.jar:9.0.54]
?[0m?[0;34m	at java.base/java.lang.Thread.run(Thread.java:833) ~[na:na]
?[0m?[0;34m
?[0m?[0;34m2023-04-07 15:35:38.131 DEBUG 12456 --- [nio-8881-exec-9] s.w.a.DelegatingAuthenticationEntryPoint : Trying to match using RequestHeaderRequestMatcher [expectedHeaderName=X-Requested-With, expectedHeaderValue=XMLHttpRequest]
?[0m?[0;34m2023-04-07 15:35:38.131 DEBUG 12456 --- [nio-8881-exec-9] s.w.a.DelegatingAuthenticationEntryPoint : No match found. Using default entry point org.springframework.security.web.authentication.www.BasicAuthenticationEntryPoint@45d505f9
?[0m?[0;34m2023-04-07 15:35:38.131 DEBUG 12456 --- [nio-8881-exec-9] w.c.HttpSessionSecurityContextRepository : Did not store empty SecurityContext
?[0m?[0;34m2023-04-07 15:35:38.134 DEBUG 12456 --- [nio-8881-exec-9] w.c.HttpSessionSecurityContextRepository : Did not store empty SecurityContext
?[0m?[0;34m2023-04-07 15:35:38.134 DEBUG 12456 --- [nio-8881-exec-9] s.s.w.c.SecurityContextPersistenceFilter : Cleared SecurityContextHolder to complete request
?[0m?[0;34m2023-04-07 15:35:38.135 DEBUG 12456 --- [nio-8881-exec-9] o.s.security.web.FilterChainProxy        : Securing PUT /error
?[0m?[0;34m2023-04-07 15:35:38.135 DEBUG 12456 --- [nio-8881-exec-9] s.s.w.c.SecurityContextPersistenceFilter : Set SecurityContextHolder to empty SecurityContext
?[0m?[0;34m2023-04-07 15:35:38.135 DEBUG 12456 --- [nio-8881-exec-9] o.s.s.w.a.AnonymousAuthenticationFilter  : Set SecurityContextHolder to anonymous SecurityContext
?[0m?[0;34m2023-04-07 15:35:38.135 DEBUG 12456 --- [nio-8881-exec-9] o.s.security.web.FilterChainProxy        : Secured PUT /error
?[0m?[0;34m2023-04-07 15:35:38.135 DEBUG 12456 --- [nio-8881-exec-9] o.s.web.servlet.DispatcherServlet        : "ERROR" dispatch for PUT "/error", parameters={}
?[0m?[0;34m2023-04-07 15:35:38.135 DEBUG 12456 --- [nio-8881-exec-9] s.w.s.m.m.a.RequestMappingHandlerMapping : Mapped to org.springframework.boot.autoconfigure.web.servlet.error.BasicErrorController#error(HttpServletRequest)
?[0m?[0;34m2023-04-07 15:35:38.135 DEBUG 12456 --- [nio-8881-exec-9] o.j.s.OpenEntityManagerInViewInterceptor : Opening JPA EntityManager in OpenEntityManagerInViewInterceptor
?[0m?[0;34m2023-04-07 15:35:38.136 DEBUG 12456 --- [nio-8881-exec-9] o.s.w.s.m.m.a.HttpEntityMethodProcessor  : Using 'application/json', given [*/*] and supported [application/json, application/*+json, application/json, application/*+json]
?[0m?[0;34m2023-04-07 15:35:38.136 DEBUG 12456 --- [nio-8881-exec-9] o.s.w.s.m.m.a.HttpEntityMethodProcessor  : Writing [{timestamp=Fri Apr 07 15:35:38 EET 2023, status=401, error=Unauthorized, path=/api/recipe/1}]
?[0m?[0;34m2023-04-07 15:35:38.136 DEBUG 12456 --- [nio-8881-exec-9] w.c.HttpSessionSecurityContextRepository : Did not store anonymous SecurityContext
?[0m?[0;34m2023-04-07 15:35:38.136 DEBUG 12456 --- [nio-8881-exec-9] o.j.s.OpenEntityManagerInViewInterceptor : Closing JPA EntityManager in OpenEntityManagerInViewInterceptor
?[0m?[0;34m2023-04-07 15:35:38.136 DEBUG 12456 --- [nio-8881-exec-9] o.s.web.servlet.DispatcherServlet        : Exiting from "ERROR" dispatch, status 401
?[0m?[0;34m2023-04-07 15:35:38.136 DEBUG 12456 --- [nio-8881-exec-9] w.c.HttpSessionSecurityContextRepository : Did not store anonymous SecurityContext
?[0m?[0;34m2023-04-07 15:35:38.136 DEBUG 12456 --- [nio-8881-exec-9] s.s.w.c.SecurityContextPersistenceFilter : Cleared SecurityContextHolder to complete request
?[1;31m
Start test 73?[0m
?[0m?[0;34m2023-04-07 15:35:38.141 DEBUG 12456 --- [nio-8881-exec-8] o.s.security.web.FilterChainProxy        : Securing DELETE /api/recipe/1
?[0m?[0;34m2023-04-07 15:35:38.141 DEBUG 12456 --- [nio-8881-exec-8] s.s.w.c.SecurityContextPersistenceFilter : Set SecurityContextHolder to empty SecurityContext
?[0m?[0;34m2023-04-07 15:35:38.141 DEBUG 12456 --- [nio-8881-exec-8] tor$SharedEntityManagerInvocationHandler : Creating new EntityManager for shared EntityManager invocation
?[0m?[0;34mHibernate: 
?[0m?[0;34m    select
?[0m?[0;34m        user0_.id as id1_3_,
?[0m?[0;34m        user0_.email as email2_3_,
?[0m?[0;34m        user0_.password as password3_3_ 
?[0m?[0;34m    from
?[0m?[0;34m        users user0_ 
?[0m?[0;34m    where
?[0m?[0;34m        user0_.email=?
?[0m?[0;34m2023-04-07 15:35:38.201 DEBUG 12456 --- [nio-8881-exec-8] o.s.s.a.dao.DaoAuthenticationProvider    : Failed to find user 'abc@test.com'
?[0m?[0;34m2023-04-07 15:35:38.203 DEBUG 12456 --- [nio-8881-exec-8] tor$SharedEntityManagerInvocationHandler : Creating new EntityManager for shared EntityManager invocation
?[0m?[0;34mHibernate: 
?[0m?[0;34m    select
?[0m?[0;34m        user0_.id as id1_3_,
?[0m?[0;34m        user0_.email as email2_3_,
?[0m?[0;34m        user0_.password as password3_3_ 
?[0m?[0;34m    from
?[0m?[0;34m        users user0_ 
?[0m?[0;34m    where
?[0m?[0;34m        user0_.email=?
?[0m?[0;34m2023-04-07 15:35:38.266 DEBUG 12456 --- [nio-8881-exec-8] o.s.s.a.dao.DaoAuthenticationProvider    : Failed to find user 'abc@test.com'
?[0m?[0;34m2023-04-07 15:35:38.267 DEBUG 12456 --- [nio-8881-exec-8] o.s.s.w.a.www.BasicAuthenticationFilter  : Failed to process authentication request
?[0m?[0;34m
?[0m?[0;34morg.springframework.security.authentication.BadCredentialsException: Bad credentials
?[0m?[0;34m	at org.springframework.security.authentication.dao.AbstractUserDetailsAuthenticationProvider.authenticate(AbstractUserDetailsAuthenticationProvider.java:141) ~[spring-security-core-5.5.3.jar:5.5.3]
?[0m?[0;34m	at org.springframework.security.authentication.ProviderManager.authenticate(ProviderManager.java:182) ~[spring-security-core-5.5.3.jar:5.5.3]
?[0m?[0;34m	at org.springframework.security.authentication.ProviderManager.authenticate(ProviderManager.java:201) ~[spring-security-core-5.5.3.jar:5.5.3]
?[0m?[0;34m	at org.springframework.security.web.authentication.www.BasicAuthenticationFilter.doFilterInternal(BasicAuthenticationFilter.java:155) ~[spring-security-web-5.5.3.jar:5.5.3]
?[0m?[0;34m	at org.springframework.web.filter.OncePerRequestFilter.doFilter(OncePerRequestFilter.java:119) ~[spring-web-5.3.12.jar:5.3.12]
?[0m?[0;34m	at org.springframework.security.web.FilterChainProxy$VirtualFilterChain.doFilter(FilterChainProxy.java:336) ~[spring-security-web-5.5.3.jar:5.5.3]
?[0m?[0;34m	at org.springframework.security.web.authentication.logout.LogoutFilter.doFilter(LogoutFilter.java:103) ~[spring-security-web-5.5.3.jar:5.5.3]
?[0m?[0;34m	at org.springframework.security.web.authentication.logout.LogoutFilter.doFilter(LogoutFilter.java:89) ~[spring-security-web-5.5.3.jar:5.5.3]
?[0m?[0;34m	at org.springframework.security.web.FilterChainProxy$VirtualFilterChain.doFilter(FilterChainProxy.java:336) ~[spring-security-web-5.5.3.jar:5.5.3]
?[0m?[0;34m	at org.springframework.security.web.header.HeaderWriterFilter.doHeadersAfter(HeaderWriterFilter.java:90) ~[spring-security-web-5.5.3.jar:5.5.3]
?[0m?[0;34m	at org.springframework.security.web.header.HeaderWriterFilter.doFilterInternal(HeaderWriterFilter.java:75) ~[spring-security-web-5.5.3.jar:5.5.3]
?[0m?[0;34m	at org.springframework.web.filter.OncePerRequestFilter.doFilter(OncePerRequestFilter.java:119) ~[spring-web-5.3.12.jar:5.3.12]
?[0m?[0;34m	at org.springframework.security.web.FilterChainProxy$VirtualFilterChain.doFilter(FilterChainProxy.java:336) ~[spring-security-web-5.5.3.jar:5.5.3]
?[0m?[0;34m	at org.springframework.security.web.context.SecurityContextPersistenceFilter.doFilter(SecurityContextPersistenceFilter.java:110) ~[spring-security-web-5.5.3.jar:5.5.3]
?[0m?[0;34m	at org.springframework.security.web.context.SecurityContextPersistenceFilter.doFilter(SecurityContextPersistenceFilter.java:80) ~[spring-security-web-5.5.3.jar:5.5.3]
?[0m?[0;34m	at org.springframework.security.web.FilterChainProxy$VirtualFilterChain.doFilter(FilterChainProxy.java:336) ~[spring-security-web-5.5.3.jar:5.5.3]
?[0m?[0;34m	at org.springframework.security.web.context.request.async.WebAsyncManagerIntegrationFilter.doFilterInternal(WebAsyncManagerIntegrationFilter.java:55) ~[spring-security-web-5.5.3.jar:5.5.3]
?[0m?[0;34m	at org.springframework.web.filter.OncePerRequestFilter.doFilter(OncePerRequestFilter.java:119) ~[spring-web-5.3.12.jar:5.3.12]
?[0m?[0;34m	at org.springframework.security.web.FilterChainProxy$VirtualFilterChain.doFilter(FilterChainProxy.java:336) ~[spring-security-web-5.5.3.jar:5.5.3]
?[0m?[0;34m	at org.springframework.security.web.FilterChainProxy.doFilterInternal(FilterChainProxy.java:211) ~[spring-security-web-5.5.3.jar:5.5.3]
?[0m?[0;34m	at org.springframework.security.web.FilterChainProxy.doFilter(FilterChainProxy.java:183) ~[spring-security-web-5.5.3.jar:5.5.3]
?[0m?[0;34m	at org.springframework.web.filter.DelegatingFilterProxy.invokeDelegate(DelegatingFilterProxy.java:358) ~[spring-web-5.3.12.jar:5.3.12]
?[0m?[0;34m	at org.springframework.web.filter.DelegatingFilterProxy.doFilter(DelegatingFilterProxy.java:271) ~[spring-web-5.3.12.jar:5.3.12]
?[0m?[0;34m	at jdk.internal.reflect.GeneratedMethodAccessor57.invoke(Unknown Source) ~[na:na]
?[0m?[0;34m	at java.base/jdk.internal.reflect.DelegatingMethodAccessorImpl.invoke(DelegatingMethodAccessorImpl.java:43) ~[na:na]
?[0m?[0;34m	at java.base/java.lang.reflect.Method.invoke(Method.java:568) ~[na:na]
?[0m?[0;34m	at org.apache.catalina.security.SecurityUtil.lambda$execute$0(SecurityUtil.java:280) ~[tomcat-embed-core-9.0.54.jar:9.0.54]
?[0m?[0;34m	at java.base/java.security.AccessController.doPrivileged(AccessController.java:712) ~[na:na]
?[0m?[0;34m	at java.base/javax.security.auth.Subject.doAsPrivileged(Subject.java:584) ~[na:na]
?[0m?[0;34m	at org.apache.catalina.security.SecurityUtil.execute(SecurityUtil.java:311) ~[tomcat-embed-core-9.0.54.jar:9.0.54]
?[0m?[0;34m	at org.apache.catalina.security.SecurityUtil.doAsPrivilege(SecurityUtil.java:253) ~[tomcat-embed-core-9.0.54.jar:9.0.54]
?[0m?[0;34m	at org.apache.catalina.core.ApplicationFilterChain.internalDoFilter(ApplicationFilterChain.java:187) ~[tomcat-embed-core-9.0.54.jar:9.0.54]
?[0m?[0;34m	at org.apache.catalina.core.ApplicationFilterChain.lambda$doFilter$0(ApplicationFilterChain.java:145) ~[tomcat-embed-core-9.0.54.jar:9.0.54]
?[0m?[0;34m	at java.base/java.security.AccessController.doPrivileged(AccessController.java:569) ~[na:na]
?[0m?[0;34m	at org.apache.catalina.core.ApplicationFilterChain.doFilter(ApplicationFilterChain.java:143) ~[tomcat-embed-core-9.0.54.jar:9.0.54]
?[0m?[0;34m	at org.springframework.web.filter.RequestContextFilter.doFilterInternal(RequestContextFilter.java:100) ~[spring-web-5.3.12.jar:5.3.12]
?[0m?[0;34m	at org.springframework.web.filter.OncePerRequestFilter.doFilter(OncePerRequestFilter.java:119) ~[spring-web-5.3.12.jar:5.3.12]
?[0m?[0;34m	at jdk.internal.reflect.GeneratedMethodAccessor57.invoke(Unknown Source) ~[na:na]
?[0m?[0;34m	at java.base/jdk.internal.reflect.DelegatingMethodAccessorImpl.invoke(DelegatingMethodAccessorImpl.java:43) ~[na:na]
?[0m?[0;34m	at java.base/java.lang.reflect.Method.invoke(Method.java:568) ~[na:na]
?[0m?[0;34m	at org.apache.catalina.security.SecurityUtil.lambda$execute$0(SecurityUtil.java:280) ~[tomcat-embed-core-9.0.54.jar:9.0.54]
?[0m?[0;34m	at java.base/java.security.AccessController.doPrivileged(AccessController.java:712) ~[na:na]
?[0m?[0;34m	at java.base/javax.security.auth.Subject.doAsPrivileged(Subject.java:584) ~[na:na]
?[0m?[0;34m	at org.apache.catalina.security.SecurityUtil.execute(SecurityUtil.java:311) ~[tomcat-embed-core-9.0.54.jar:9.0.54]
?[0m?[0;34m	at org.apache.catalina.security.SecurityUtil.doAsPrivilege(SecurityUtil.java:253) ~[tomcat-embed-core-9.0.54.jar:9.0.54]
?[0m?[0;34m	at org.apache.catalina.core.ApplicationFilterChain.internalDoFilter(ApplicationFilterChain.java:187) ~[tomcat-embed-core-9.0.54.jar:9.0.54]
?[0m?[0;34m	at org.apache.catalina.core.ApplicationFilterChain.lambda$doFilter$0(ApplicationFilterChain.java:145) ~[tomcat-embed-core-9.0.54.jar:9.0.54]
?[0m?[0;34m	at java.base/java.security.AccessController.doPrivileged(AccessController.java:569) ~[na:na]
?[0m?[0;34m	at org.apache.catalina.core.ApplicationFilterChain.doFilter(ApplicationFilterChain.java:143) ~[tomcat-embed-core-9.0.54.jar:9.0.54]
?[0m?[0;34m	at org.springframework.web.filter.FormContentFilter.doFilterInternal(FormContentFilter.java:93) ~[spring-web-5.3.12.jar:5.3.12]
?[0m?[0;34m	at org.springframework.web.filter.OncePerRequestFilter.doFilter(OncePerRequestFilter.java:119) ~[spring-web-5.3.12.jar:5.3.12]
?[0m?[0;34m	at jdk.internal.reflect.GeneratedMethodAccessor57.invoke(Unknown Source) ~[na:na]
?[0m?[0;34m	at java.base/jdk.internal.reflect.DelegatingMethodAccessorImpl.invoke(DelegatingMethodAccessorImpl.java:43) ~[na:na]
?[0m?[0;34m	at java.base/java.lang.reflect.Method.invoke(Method.java:568) ~[na:na]
?[0m?[0;34m	at org.apache.catalina.security.SecurityUtil.lambda$execute$0(SecurityUtil.java:280) ~[tomcat-embed-core-9.0.54.jar:9.0.54]
?[0m?[0;34m	at java.base/java.security.AccessController.doPrivileged(AccessController.java:712) ~[na:na]
?[0m?[0;34m	at java.base/javax.security.auth.Subject.doAsPrivileged(Subject.java:584) ~[na:na]
?[0m?[0;34m	at org.apache.catalina.security.SecurityUtil.execute(SecurityUtil.java:311) ~[tomcat-embed-core-9.0.54.jar:9.0.54]
?[0m?[0;34m	at org.apache.catalina.security.SecurityUtil.doAsPrivilege(SecurityUtil.java:253) ~[tomcat-embed-core-9.0.54.jar:9.0.54]
?[0m?[0;34m	at org.apache.catalina.core.ApplicationFilterChain.internalDoFilter(ApplicationFilterChain.java:187) ~[tomcat-embed-core-9.0.54.jar:9.0.54]
?[0m?[0;34m	at org.apache.catalina.core.ApplicationFilterChain.lambda$doFilter$0(ApplicationFilterChain.java:145) ~[tomcat-embed-core-9.0.54.jar:9.0.54]
?[0m?[0;34m	at java.base/java.security.AccessController.doPrivileged(AccessController.java:569) ~[na:na]
?[0m?[0;34m	at org.apache.catalina.core.ApplicationFilterChain.doFilter(ApplicationFilterChain.java:143) ~[tomcat-embed-core-9.0.54.jar:9.0.54]
?[0m?[0;34m	at org.springframework.boot.actuate.metrics.web.servlet.WebMvcMetricsFilter.doFilterInternal(WebMvcMetricsFilter.java:96) ~[spring-boot-actuator-2.5.6.jar:2.5.6]
?[0m?[0;34m	at org.springframework.web.filter.OncePerRequestFilter.doFilter(OncePerRequestFilter.java:119) ~[spring-web-5.3.12.jar:5.3.12]
?[0m?[0;34m	at jdk.internal.reflect.GeneratedMethodAccessor57.invoke(Unknown Source) ~[na:na]
?[0m?[0;34m	at java.base/jdk.internal.reflect.DelegatingMethodAccessorImpl.invoke(DelegatingMethodAccessorImpl.java:43) ~[na:na]
?[0m?[0;34m	at java.base/java.lang.reflect.Method.invoke(Method.java:568) ~[na:na]
?[0m?[0;34m	at org.apache.catalina.security.SecurityUtil.lambda$execute$0(SecurityUtil.java:280) ~[tomcat-embed-core-9.0.54.jar:9.0.54]
?[0m?[0;34m	at java.base/java.security.AccessController.doPrivileged(AccessController.java:712) ~[na:na]
?[0m?[0;34m	at java.base/javax.security.auth.Subject.doAsPrivileged(Subject.java:584) ~[na:na]
?[0m?[0;34m	at org.apache.catalina.security.SecurityUtil.execute(SecurityUtil.java:311) ~[tomcat-embed-core-9.0.54.jar:9.0.54]
?[0m?[0;34m	at org.apache.catalina.security.SecurityUtil.doAsPrivilege(SecurityUtil.java:253) ~[tomcat-embed-core-9.0.54.jar:9.0.54]
?[0m?[0;34m	at org.apache.catalina.core.ApplicationFilterChain.internalDoFilter(ApplicationFilterChain.java:187) ~[tomcat-embed-core-9.0.54.jar:9.0.54]
?[0m?[0;34m	at org.apache.catalina.core.ApplicationFilterChain.lambda$doFilter$0(ApplicationFilterChain.java:145) ~[tomcat-embed-core-9.0.54.jar:9.0.54]
?[0m?[0;34m	at java.base/java.security.AccessController.doPrivileged(AccessController.java:569) ~[na:na]
?[0m?[0;34m	at org.apache.catalina.core.ApplicationFilterChain.doFilter(ApplicationFilterChain.java:143) ~[tomcat-embed-core-9.0.54.jar:9.0.54]
?[0m?[0;34m	at org.springframework.web.filter.CharacterEncodingFilter.doFilterInternal(CharacterEncodingFilter.java:201) ~[spring-web-5.3.12.jar:5.3.12]
?[0m?[0;34m	at org.springframework.web.filter.OncePerRequestFilter.doFilter(OncePerRequestFilter.java:119) ~[spring-web-5.3.12.jar:5.3.12]
?[0m?[0;34m	at jdk.internal.reflect.GeneratedMethodAccessor57.invoke(Unknown Source) ~[na:na]
?[0m?[0;34m	at java.base/jdk.internal.reflect.DelegatingMethodAccessorImpl.invoke(DelegatingMethodAccessorImpl.java:43) ~[na:na]
?[0m?[0;34m	at java.base/java.lang.reflect.Method.invoke(Method.java:568) ~[na:na]
?[0m?[0;34m	at org.apache.catalina.security.SecurityUtil.lambda$execute$0(SecurityUtil.java:280) ~[tomcat-embed-core-9.0.54.jar:9.0.54]
?[0m?[0;34m	at java.base/java.security.AccessController.doPrivileged(AccessController.java:712) ~[na:na]
?[0m?[0;34m	at java.base/javax.security.auth.Subject.doAsPrivileged(Subject.java:584) ~[na:na]
?[0m?[0;34m	at org.apache.catalina.security.SecurityUtil.execute(SecurityUtil.java:311) ~[tomcat-embed-core-9.0.54.jar:9.0.54]
?[0m?[0;34m	at org.apache.catalina.security.SecurityUtil.doAsPrivilege(SecurityUtil.java:253) ~[tomcat-embed-core-9.0.54.jar:9.0.54]
?[0m?[0;34m	at org.apache.catalina.core.ApplicationFilterChain.internalDoFilter(ApplicationFilterChain.java:187) ~[tomcat-embed-core-9.0.54.jar:9.0.54]
?[0m?[0;34m	at org.apache.catalina.core.ApplicationFilterChain.lambda$doFilter$0(ApplicationFilterChain.java:145) ~[tomcat-embed-core-9.0.54.jar:9.0.54]
?[0m?[0;34m	at java.base/java.security.AccessController.doPrivileged(AccessController.java:569) ~[na:na]
?[0m?[0;34m	at org.apache.catalina.core.ApplicationFilterChain.doFilter(ApplicationFilterChain.java:143) ~[tomcat-embed-core-9.0.54.jar:9.0.54]
?[0m?[0;34m	at org.apache.catalina.core.StandardWrapperValve.invoke(StandardWrapperValve.java:197) ~[tomcat-embed-core-9.0.54.jar:9.0.54]
?[0m?[0;34m	at org.apache.catalina.core.StandardContextValve.invoke(StandardContextValve.java:97) ~[tomcat-embed-core-9.0.54.jar:9.0.54]
?[0m?[0;34m	at org.apache.catalina.authenticator.AuthenticatorBase.invoke(AuthenticatorBase.java:540) ~[tomcat-embed-core-9.0.54.jar:9.0.54]
?[0m?[0;34m	at org.apache.catalina.core.StandardHostValve.invoke(StandardHostValve.java:135) ~[tomcat-embed-core-9.0.54.jar:9.0.54]
?[0m?[0;34m	at org.apache.catalina.valves.ErrorReportValve.invoke(ErrorReportValve.java:92) ~[tomcat-embed-core-9.0.54.jar:9.0.54]
?[0m?[0;34m	at org.apache.catalina.core.StandardEngineValve.invoke(StandardEngineValve.java:78) ~[tomcat-embed-core-9.0.54.jar:9.0.54]
?[0m?[0;34m	at org.apache.catalina.connector.CoyoteAdapter.service(CoyoteAdapter.java:357) ~[tomcat-embed-core-9.0.54.jar:9.0.54]
?[0m?[0;34m	at org.apache.coyote.http11.Http11Processor.service(Http11Processor.java:382) ~[tomcat-embed-core-9.0.54.jar:9.0.54]
?[0m?[0;34m	at org.apache.coyote.AbstractProcessorLight.process(AbstractProcessorLight.java:65) ~[tomcat-embed-core-9.0.54.jar:9.0.54]
?[0m?[0;34m	at org.apache.coyote.AbstractProtocol$ConnectionHandler.process(AbstractProtocol.java:895) ~[tomcat-embed-core-9.0.54.jar:9.0.54]
?[0m?[0;34m	at org.apache.tomcat.util.net.NioEndpoint$SocketProcessor.doRun(NioEndpoint.java:1722) ~[tomcat-embed-core-9.0.54.jar:9.0.54]
?[0m?[0;34m	at org.apache.tomcat.util.net.SocketProcessorBase.run(SocketProcessorBase.java:49) ~[tomcat-embed-core-9.0.54.jar:9.0.54]
?[0m?[0;34m	at org.apache.tomcat.util.threads.ThreadPoolExecutor.runWorker(ThreadPoolExecutor.java:1191) ~[tomcat-embed-core-9.0.54.jar:9.0.54]
?[0m?[0;34m	at org.apache.tomcat.util.threads.ThreadPoolExecutor$Worker.run(ThreadPoolExecutor.java:659) ~[tomcat-embed-core-9.0.54.jar:9.0.54]
?[0m?[0;34m	at org.apache.tomcat.util.threads.TaskThread$WrappingRunnable.run(TaskThread.java:61) ~[tomcat-embed-core-9.0.54.jar:9.0.54]
?[0m?[0;34m	at java.base/java.lang.Thread.run(Thread.java:833) ~[na:na]
?[0m?[0;34m
?[0m?[0;34m2023-04-07 15:35:38.269 DEBUG 12456 --- [nio-8881-exec-8] s.w.a.DelegatingAuthenticationEntryPoint : Trying to match using RequestHeaderRequestMatcher [expectedHeaderName=X-Requested-With, expectedHeaderValue=XMLHttpRequest]
?[0m?[0;34m2023-04-07 15:35:38.269 DEBUG 12456 --- [nio-8881-exec-8] s.w.a.DelegatingAuthenticationEntryPoint : No match found. Using default entry point org.springframework.security.web.authentication.www.BasicAuthenticationEntryPoint@45d505f9
?[0m?[0;34m2023-04-07 15:35:38.269 DEBUG 12456 --- [nio-8881-exec-8] w.c.HttpSessionSecurityContextRepository : Did not store empty SecurityContext
?[0m?[0;34m2023-04-07 15:35:38.269 DEBUG 12456 --- [nio-8881-exec-8] w.c.HttpSessionSecurityContextRepository : Did not store empty SecurityContext
?[0m?[0;34m2023-04-07 15:35:38.269 DEBUG 12456 --- [nio-8881-exec-8] s.s.w.c.SecurityContextPersistenceFilter : Cleared SecurityContextHolder to complete request
?[0m?[0;34m2023-04-07 15:35:38.269 DEBUG 12456 --- [nio-8881-exec-8] o.s.security.web.FilterChainProxy        : Securing DELETE /error
?[0m?[0;34m2023-04-07 15:35:38.269 DEBUG 12456 --- [nio-8881-exec-8] s.s.w.c.SecurityContextPersistenceFilter : Set SecurityContextHolder to empty SecurityContext
?[0m?[0;34m2023-04-07 15:35:38.269 DEBUG 12456 --- [nio-8881-exec-8] o.s.s.w.a.AnonymousAuthenticationFilter  : Set SecurityContextHolder to anonymous SecurityContext
?[0m?[0;34m2023-04-07 15:35:38.269 DEBUG 12456 --- [nio-8881-exec-8] o.s.security.web.FilterChainProxy        : Secured DELETE /error
?[0m?[0;34m2023-04-07 15:35:38.270 DEBUG 12456 --- [nio-8881-exec-8] o.s.web.servlet.DispatcherServlet        : "ERROR" dispatch for DELETE "/error", parameters={}
?[0m?[0;34m2023-04-07 15:35:38.270 DEBUG 12456 --- [nio-8881-exec-8] s.w.s.m.m.a.RequestMappingHandlerMapping : Mapped to org.springframework.boot.autoconfigure.web.servlet.error.BasicErrorController#error(HttpServletRequest)
?[0m?[0;34m2023-04-07 15:35:38.270 DEBUG 12456 --- [nio-8881-exec-8] o.j.s.OpenEntityManagerInViewInterceptor : Opening JPA EntityManager in OpenEntityManagerInViewInterceptor
?[0m?[0;34m2023-04-07 15:35:38.270 DEBUG 12456 --- [nio-8881-exec-8] o.s.w.s.m.m.a.HttpEntityMethodProcessor  : Using 'application/json', given [*/*] and supported [application/json, application/*+json, application/json, application/*+json]
?[0m?[0;34m2023-04-07 15:35:38.271 DEBUG 12456 --- [nio-8881-exec-8] o.s.w.s.m.m.a.HttpEntityMethodProcessor  : Writing [{timestamp=Fri Apr 07 15:35:38 EET 2023, status=401, error=Unauthorized, path=/api/recipe/1}]
?[0m?[0;34m2023-04-07 15:35:38.271 DEBUG 12456 --- [nio-8881-exec-8] w.c.HttpSessionSecurityContextRepository : Did not store anonymous SecurityContext
?[0m?[0;34m2023-04-07 15:35:38.271 DEBUG 12456 --- [nio-8881-exec-8] o.j.s.OpenEntityManagerInViewInterceptor : Closing JPA EntityManager in OpenEntityManagerInViewInterceptor
?[0m?[0;34m2023-04-07 15:35:38.271 DEBUG 12456 --- [nio-8881-exec-8] o.s.web.servlet.DispatcherServlet        : Exiting from "ERROR" dispatch, status 401
?[0m?[0;34m2023-04-07 15:35:38.271 DEBUG 12456 --- [nio-8881-exec-8] w.c.HttpSessionSecurityContextRepository : Did not store anonymous SecurityContext
?[0m?[0;34m2023-04-07 15:35:38.271 DEBUG 12456 --- [nio-8881-exec-8] s.s.w.c.SecurityContextPersistenceFilter : Cleared SecurityContextHolder to complete request
?[1;31m
Start test 74?[0m
?[0m?[0;34m2023-04-07 15:35:38.275 DEBUG 12456 --- [nio-8881-exec-1] o.s.security.web.FilterChainProxy        : Securing GET /api/recipe/search/?category=dessert
?[0m?[0;34m2023-04-07 15:35:38.275 DEBUG 12456 --- [nio-8881-exec-1] s.s.w.c.SecurityContextPersistenceFilter : Set SecurityContextHolder to empty SecurityContext
?[0m?[0;34m2023-04-07 15:35:38.275 DEBUG 12456 --- [nio-8881-exec-1] tor$SharedEntityManagerInvocationHandler : Creating new EntityManager for shared EntityManager invocation
?[0m?[0;34mHibernate: 
?[0m?[0;34m    select
?[0m?[0;34m        user0_.id as id1_3_,
?[0m?[0;34m        user0_.email as email2_3_,
?[0m?[0;34m        user0_.password as password3_3_ 
?[0m?[0;34m    from
?[0m?[0;34m        users user0_ 
?[0m?[0;34m    where
?[0m?[0;34m        user0_.email=?
?[0m?[0;34m2023-04-07 15:35:38.334 DEBUG 12456 --- [nio-8881-exec-1] o.s.s.a.dao.DaoAuthenticationProvider    : Failed to find user 'abc@test.com'
?[0m?[0;34m2023-04-07 15:35:38.335 DEBUG 12456 --- [nio-8881-exec-1] tor$SharedEntityManagerInvocationHandler : Creating new EntityManager for shared EntityManager invocation
?[0m?[0;34mHibernate: 
?[0m?[0;34m    select
?[0m?[0;34m        user0_.id as id1_3_,
?[0m?[0;34m        user0_.email as email2_3_,
?[0m?[0;34m        user0_.password as password3_3_ 
?[0m?[0;34m    from
?[0m?[0;34m        users user0_ 
?[0m?[0;34m    where
?[0m?[0;34m        user0_.email=?
?[0m?[0;34m2023-04-07 15:35:38.395 DEBUG 12456 --- [nio-8881-exec-1] o.s.s.a.dao.DaoAuthenticationProvider    : Failed to find user 'abc@test.com'
?[0m?[0;34m2023-04-07 15:35:38.396 DEBUG 12456 --- [nio-8881-exec-1] o.s.s.w.a.www.BasicAuthenticationFilter  : Failed to process authentication request
?[0m?[0;34m
?[0m?[0;34morg.springframework.security.authentication.BadCredentialsException: Bad credentials
?[0m?[0;34m	at org.springframework.security.authentication.dao.AbstractUserDetailsAuthenticationProvider.authenticate(AbstractUserDetailsAuthenticationProvider.java:141) ~[spring-security-core-5.5.3.jar:5.5.3]
?[0m?[0;34m	at org.springframework.security.authentication.ProviderManager.authenticate(ProviderManager.java:182) ~[spring-security-core-5.5.3.jar:5.5.3]
?[0m?[0;34m	at org.springframework.security.authentication.ProviderManager.authenticate(ProviderManager.java:201) ~[spring-security-core-5.5.3.jar:5.5.3]
?[0m?[0;34m	at org.springframework.security.web.authentication.www.BasicAuthenticationFilter.doFilterInternal(BasicAuthenticationFilter.java:155) ~[spring-security-web-5.5.3.jar:5.5.3]
?[0m?[0;34m	at org.springframework.web.filter.OncePerRequestFilter.doFilter(OncePerRequestFilter.java:119) ~[spring-web-5.3.12.jar:5.3.12]
?[0m?[0;34m	at org.springframework.security.web.FilterChainProxy$VirtualFilterChain.doFilter(FilterChainProxy.java:336) ~[spring-security-web-5.5.3.jar:5.5.3]
?[0m?[0;34m	at org.springframework.security.web.authentication.logout.LogoutFilter.doFilter(LogoutFilter.java:103) ~[spring-security-web-5.5.3.jar:5.5.3]
?[0m?[0;34m	at org.springframework.security.web.authentication.logout.LogoutFilter.doFilter(LogoutFilter.java:89) ~[spring-security-web-5.5.3.jar:5.5.3]
?[0m?[0;34m	at org.springframework.security.web.FilterChainProxy$VirtualFilterChain.doFilter(FilterChainProxy.java:336) ~[spring-security-web-5.5.3.jar:5.5.3]
?[0m?[0;34m	at org.springframework.security.web.header.HeaderWriterFilter.doHeadersAfter(HeaderWriterFilter.java:90) ~[spring-security-web-5.5.3.jar:5.5.3]
?[0m?[0;34m	at org.springframework.security.web.header.HeaderWriterFilter.doFilterInternal(HeaderWriterFilter.java:75) ~[spring-security-web-5.5.3.jar:5.5.3]
?[0m?[0;34m	at org.springframework.web.filter.OncePerRequestFilter.doFilter(OncePerRequestFilter.java:119) ~[spring-web-5.3.12.jar:5.3.12]
?[0m?[0;34m	at org.springframework.security.web.FilterChainProxy$VirtualFilterChain.doFilter(FilterChainProxy.java:336) ~[spring-security-web-5.5.3.jar:5.5.3]
?[0m?[0;34m	at org.springframework.security.web.context.SecurityContextPersistenceFilter.doFilter(SecurityContextPersistenceFilter.java:110) ~[spring-security-web-5.5.3.jar:5.5.3]
?[0m?[0;34m	at org.springframework.security.web.context.SecurityContextPersistenceFilter.doFilter(SecurityContextPersistenceFilter.java:80) ~[spring-security-web-5.5.3.jar:5.5.3]
?[0m?[0;34m	at org.springframework.security.web.FilterChainProxy$VirtualFilterChain.doFilter(FilterChainProxy.java:336) ~[spring-security-web-5.5.3.jar:5.5.3]
?[0m?[0;34m	at org.springframework.security.web.context.request.async.WebAsyncManagerIntegrationFilter.doFilterInternal(WebAsyncManagerIntegrationFilter.java:55) ~[spring-security-web-5.5.3.jar:5.5.3]
?[0m?[0;34m	at org.springframework.web.filter.OncePerRequestFilter.doFilter(OncePerRequestFilter.java:119) ~[spring-web-5.3.12.jar:5.3.12]
?[0m?[0;34m	at org.springframework.security.web.FilterChainProxy$VirtualFilterChain.doFilter(FilterChainProxy.java:336) ~[spring-security-web-5.5.3.jar:5.5.3]
?[0m?[0;34m	at org.springframework.security.web.FilterChainProxy.doFilterInternal(FilterChainProxy.java:211) ~[spring-security-web-5.5.3.jar:5.5.3]
?[0m?[0;34m	at org.springframework.security.web.FilterChainProxy.doFilter(FilterChainProxy.java:183) ~[spring-security-web-5.5.3.jar:5.5.3]
?[0m?[0;34m	at org.springframework.web.filter.DelegatingFilterProxy.invokeDelegate(DelegatingFilterProxy.java:358) ~[spring-web-5.3.12.jar:5.3.12]
?[0m?[0;34m	at org.springframework.web.filter.DelegatingFilterProxy.doFilter(DelegatingFilterProxy.java:271) ~[spring-web-5.3.12.jar:5.3.12]
?[0m?[0;34m	at jdk.internal.reflect.GeneratedMethodAccessor57.invoke(Unknown Source) ~[na:na]
?[0m?[0;34m	at java.base/jdk.internal.reflect.DelegatingMethodAccessorImpl.invoke(DelegatingMethodAccessorImpl.java:43) ~[na:na]
?[0m?[0;34m	at java.base/java.lang.reflect.Method.invoke(Method.java:568) ~[na:na]
?[0m?[0;34m	at org.apache.catalina.security.SecurityUtil.lambda$execute$0(SecurityUtil.java:280) ~[tomcat-embed-core-9.0.54.jar:9.0.54]
?[0m?[0;34m	at java.base/java.security.AccessController.doPrivileged(AccessController.java:712) ~[na:na]
?[0m?[0;34m	at java.base/javax.security.auth.Subject.doAsPrivileged(Subject.java:584) ~[na:na]
?[0m?[0;34m	at org.apache.catalina.security.SecurityUtil.execute(SecurityUtil.java:311) ~[tomcat-embed-core-9.0.54.jar:9.0.54]
?[0m?[0;34m	at org.apache.catalina.security.SecurityUtil.doAsPrivilege(SecurityUtil.java:253) ~[tomcat-embed-core-9.0.54.jar:9.0.54]
?[0m?[0;34m	at org.apache.catalina.core.ApplicationFilterChain.internalDoFilter(ApplicationFilterChain.java:187) ~[tomcat-embed-core-9.0.54.jar:9.0.54]
?[0m?[0;34m	at org.apache.catalina.core.ApplicationFilterChain.lambda$doFilter$0(ApplicationFilterChain.java:145) ~[tomcat-embed-core-9.0.54.jar:9.0.54]
?[0m?[0;34m	at java.base/java.security.AccessController.doPrivileged(AccessController.java:569) ~[na:na]
?[0m?[0;34m	at org.apache.catalina.core.ApplicationFilterChain.doFilter(ApplicationFilterChain.java:143) ~[tomcat-embed-core-9.0.54.jar:9.0.54]
?[0m?[0;34m	at org.springframework.web.filter.RequestContextFilter.doFilterInternal(RequestContextFilter.java:100) ~[spring-web-5.3.12.jar:5.3.12]
?[0m?[0;34m	at org.springframework.web.filter.OncePerRequestFilter.doFilter(OncePerRequestFilter.java:119) ~[spring-web-5.3.12.jar:5.3.12]
?[0m?[0;34m	at jdk.internal.reflect.GeneratedMethodAccessor57.invoke(Unknown Source) ~[na:na]
?[0m?[0;34m	at java.base/jdk.internal.reflect.DelegatingMethodAccessorImpl.invoke(DelegatingMethodAccessorImpl.java:43) ~[na:na]
?[0m?[0;34m	at java.base/java.lang.reflect.Method.invoke(Method.java:568) ~[na:na]
?[0m?[0;34m	at org.apache.catalina.security.SecurityUtil.lambda$execute$0(SecurityUtil.java:280) ~[tomcat-embed-core-9.0.54.jar:9.0.54]
?[0m?[0;34m	at java.base/java.security.AccessController.doPrivileged(AccessController.java:712) ~[na:na]
?[0m?[0;34m	at java.base/javax.security.auth.Subject.doAsPrivileged(Subject.java:584) ~[na:na]
?[0m?[0;34m	at org.apache.catalina.security.SecurityUtil.execute(SecurityUtil.java:311) ~[tomcat-embed-core-9.0.54.jar:9.0.54]
?[0m?[0;34m	at org.apache.catalina.security.SecurityUtil.doAsPrivilege(SecurityUtil.java:253) ~[tomcat-embed-core-9.0.54.jar:9.0.54]
?[0m?[0;34m	at org.apache.catalina.core.ApplicationFilterChain.internalDoFilter(ApplicationFilterChain.java:187) ~[tomcat-embed-core-9.0.54.jar:9.0.54]
?[0m?[0;34m	at org.apache.catalina.core.ApplicationFilterChain.lambda$doFilter$0(ApplicationFilterChain.java:145) ~[tomcat-embed-core-9.0.54.jar:9.0.54]
?[0m?[0;34m	at java.base/java.security.AccessController.doPrivileged(AccessController.java:569) ~[na:na]
?[0m?[0;34m	at org.apache.catalina.core.ApplicationFilterChain.doFilter(ApplicationFilterChain.java:143) ~[tomcat-embed-core-9.0.54.jar:9.0.54]
?[0m?[0;34m	at org.springframework.web.filter.FormContentFilter.doFilterInternal(FormContentFilter.java:93) ~[spring-web-5.3.12.jar:5.3.12]
?[0m?[0;34m	at org.springframework.web.filter.OncePerRequestFilter.doFilter(OncePerRequestFilter.java:119) ~[spring-web-5.3.12.jar:5.3.12]
?[0m?[0;34m	at jdk.internal.reflect.GeneratedMethodAccessor57.invoke(Unknown Source) ~[na:na]
?[0m?[0;34m	at java.base/jdk.internal.reflect.DelegatingMethodAccessorImpl.invoke(DelegatingMethodAccessorImpl.java:43) ~[na:na]
?[0m?[0;34m	at java.base/java.lang.reflect.Method.invoke(Method.java:568) ~[na:na]
?[0m?[0;34m	at org.apache.catalina.security.SecurityUtil.lambda$execute$0(SecurityUtil.java:280) ~[tomcat-embed-core-9.0.54.jar:9.0.54]
?[0m?[0;34m	at java.base/java.security.AccessController.doPrivileged(AccessController.java:712) ~[na:na]
?[0m?[0;34m	at java.base/javax.security.auth.Subject.doAsPrivileged(Subject.java:584) ~[na:na]
?[0m?[0;34m	at org.apache.catalina.security.SecurityUtil.execute(SecurityUtil.java:311) ~[tomcat-embed-core-9.0.54.jar:9.0.54]
?[0m?[0;34m	at org.apache.catalina.security.SecurityUtil.doAsPrivilege(SecurityUtil.java:253) ~[tomcat-embed-core-9.0.54.jar:9.0.54]
?[0m?[0;34m	at org.apache.catalina.core.ApplicationFilterChain.internalDoFilter(ApplicationFilterChain.java:187) ~[tomcat-embed-core-9.0.54.jar:9.0.54]
?[0m?[0;34m	at org.apache.catalina.core.ApplicationFilterChain.lambda$doFilter$0(ApplicationFilterChain.java:145) ~[tomcat-embed-core-9.0.54.jar:9.0.54]
?[0m?[0;34m	at java.base/java.security.AccessController.doPrivileged(AccessController.java:569) ~[na:na]
?[0m?[0;34m	at org.apache.catalina.core.ApplicationFilterChain.doFilter(ApplicationFilterChain.java:143) ~[tomcat-embed-core-9.0.54.jar:9.0.54]
?[0m?[0;34m	at org.springframework.boot.actuate.metrics.web.servlet.WebMvcMetricsFilter.doFilterInternal(WebMvcMetricsFilter.java:96) ~[spring-boot-actuator-2.5.6.jar:2.5.6]
?[0m?[0;34m	at org.springframework.web.filter.OncePerRequestFilter.doFilter(OncePerRequestFilter.java:119) ~[spring-web-5.3.12.jar:5.3.12]
?[0m?[0;34m	at jdk.internal.reflect.GeneratedMethodAccessor57.invoke(Unknown Source) ~[na:na]
?[0m?[0;34m	at java.base/jdk.internal.reflect.DelegatingMethodAccessorImpl.invoke(DelegatingMethodAccessorImpl.java:43) ~[na:na]
?[0m?[0;34m	at java.base/java.lang.reflect.Method.invoke(Method.java:568) ~[na:na]
?[0m?[0;34m	at org.apache.catalina.security.SecurityUtil.lambda$execute$0(SecurityUtil.java:280) ~[tomcat-embed-core-9.0.54.jar:9.0.54]
?[0m?[0;34m	at java.base/java.security.AccessController.doPrivileged(AccessController.java:712) ~[na:na]
?[0m?[0;34m	at java.base/javax.security.auth.Subject.doAsPrivileged(Subject.java:584) ~[na:na]
?[0m?[0;34m	at org.apache.catalina.security.SecurityUtil.execute(SecurityUtil.java:311) ~[tomcat-embed-core-9.0.54.jar:9.0.54]
?[0m?[0;34m	at org.apache.catalina.security.SecurityUtil.doAsPrivilege(SecurityUtil.java:253) ~[tomcat-embed-core-9.0.54.jar:9.0.54]
?[0m?[0;34m	at org.apache.catalina.core.ApplicationFilterChain.internalDoFilter(ApplicationFilterChain.java:187) ~[tomcat-embed-core-9.0.54.jar:9.0.54]
?[0m?[0;34m	at org.apache.catalina.core.ApplicationFilterChain.lambda$doFilter$0(ApplicationFilterChain.java:145) ~[tomcat-embed-core-9.0.54.jar:9.0.54]
?[0m?[0;34m	at java.base/java.security.AccessController.doPrivileged(AccessController.java:569) ~[na:na]
?[0m?[0;34m	at org.apache.catalina.core.ApplicationFilterChain.doFilter(ApplicationFilterChain.java:143) ~[tomcat-embed-core-9.0.54.jar:9.0.54]
?[0m?[0;34m	at org.springframework.web.filter.CharacterEncodingFilter.doFilterInternal(CharacterEncodingFilter.java:201) ~[spring-web-5.3.12.jar:5.3.12]
?[0m?[0;34m	at org.springframework.web.filter.OncePerRequestFilter.doFilter(OncePerRequestFilter.java:119) ~[spring-web-5.3.12.jar:5.3.12]
?[0m?[0;34m	at jdk.internal.reflect.GeneratedMethodAccessor57.invoke(Unknown Source) ~[na:na]
?[0m?[0;34m	at java.base/jdk.internal.reflect.DelegatingMethodAccessorImpl.invoke(DelegatingMethodAccessorImpl.java:43) ~[na:na]
?[0m?[0;34m	at java.base/java.lang.reflect.Method.invoke(Method.java:568) ~[na:na]
?[0m?[0;34m	at org.apache.catalina.security.SecurityUtil.lambda$execute$0(SecurityUtil.java:280) ~[tomcat-embed-core-9.0.54.jar:9.0.54]
?[0m?[0;34m	at java.base/java.security.AccessController.doPrivileged(AccessController.java:712) ~[na:na]
?[0m?[0;34m	at java.base/javax.security.auth.Subject.doAsPrivileged(Subject.java:584) ~[na:na]
?[0m?[0;34m	at org.apache.catalina.security.SecurityUtil.execute(SecurityUtil.java:311) ~[tomcat-embed-core-9.0.54.jar:9.0.54]
?[0m?[0;34m	at org.apache.catalina.security.SecurityUtil.doAsPrivilege(SecurityUtil.java:253) ~[tomcat-embed-core-9.0.54.jar:9.0.54]
?[0m?[0;34m	at org.apache.catalina.core.ApplicationFilterChain.internalDoFilter(ApplicationFilterChain.java:187) ~[tomcat-embed-core-9.0.54.jar:9.0.54]
?[0m?[0;34m	at org.apache.catalina.core.ApplicationFilterChain.lambda$doFilter$0(ApplicationFilterChain.java:145) ~[tomcat-embed-core-9.0.54.jar:9.0.54]
?[0m?[0;34m	at java.base/java.security.AccessController.doPrivileged(AccessController.java:569) ~[na:na]
?[0m?[0;34m	at org.apache.catalina.core.ApplicationFilterChain.doFilter(ApplicationFilterChain.java:143) ~[tomcat-embed-core-9.0.54.jar:9.0.54]
?[0m?[0;34m	at org.apache.catalina.core.StandardWrapperValve.invoke(StandardWrapperValve.java:197) ~[tomcat-embed-core-9.0.54.jar:9.0.54]
?[0m?[0;34m	at org.apache.catalina.core.StandardContextValve.invoke(StandardContextValve.java:97) ~[tomcat-embed-core-9.0.54.jar:9.0.54]
?[0m?[0;34m	at org.apache.catalina.authenticator.AuthenticatorBase.invoke(AuthenticatorBase.java:540) ~[tomcat-embed-core-9.0.54.jar:9.0.54]
?[0m?[0;34m	at org.apache.catalina.core.StandardHostValve.invoke(StandardHostValve.java:135) ~[tomcat-embed-core-9.0.54.jar:9.0.54]
?[0m?[0;34m	at org.apache.catalina.valves.ErrorReportValve.invoke(ErrorReportValve.java:92) ~[tomcat-embed-core-9.0.54.jar:9.0.54]
?[0m?[0;34m	at org.apache.catalina.core.StandardEngineValve.invoke(StandardEngineValve.java:78) ~[tomcat-embed-core-9.0.54.jar:9.0.54]
?[0m?[0;34m	at org.apache.catalina.connector.CoyoteAdapter.service(CoyoteAdapter.java:357) ~[tomcat-embed-core-9.0.54.jar:9.0.54]
?[0m?[0;34m	at org.apache.coyote.http11.Http11Processor.service(Http11Processor.java:382) ~[tomcat-embed-core-9.0.54.jar:9.0.54]
?[0m?[0;34m	at org.apache.coyote.AbstractProcessorLight.process(AbstractProcessorLight.java:65) ~[tomcat-embed-core-9.0.54.jar:9.0.54]
?[0m?[0;34m	at org.apache.coyote.AbstractProtocol$ConnectionHandler.process(AbstractProtocol.java:895) ~[tomcat-embed-core-9.0.54.jar:9.0.54]
?[0m?[0;34m	at org.apache.tomcat.util.net.NioEndpoint$SocketProcessor.doRun(NioEndpoint.java:1722) ~[tomcat-embed-core-9.0.54.jar:9.0.54]
?[0m?[0;34m	at org.apache.tomcat.util.net.SocketProcessorBase.run(SocketProcessorBase.java:49) ~[tomcat-embed-core-9.0.54.jar:9.0.54]
?[0m?[0;34m	at org.apache.tomcat.util.threads.ThreadPoolExecutor.runWorker(ThreadPoolExecutor.java:1191) ~[tomcat-embed-core-9.0.54.jar:9.0.54]
?[0m?[0;34m	at org.apache.tomcat.util.threads.ThreadPoolExecutor$Worker.run(ThreadPoolExecutor.java:659) ~[tomcat-embed-core-9.0.54.jar:9.0.54]
?[0m?[0;34m	at org.apache.tomcat.util.threads.TaskThread$WrappingRunnable.run(TaskThread.java:61) ~[tomcat-embed-core-9.0.54.jar:9.0.54]
?[0m?[0;34m	at java.base/java.lang.Thread.run(Thread.java:833) ~[na:na]
?[0m?[0;34m
?[0m?[0;34m2023-04-07 15:35:38.397 DEBUG 12456 --- [nio-8881-exec-1] s.w.a.DelegatingAuthenticationEntryPoint : Trying to match using RequestHeaderRequestMatcher [expectedHeaderName=X-Requested-With, expectedHeaderValue=XMLHttpRequest]
?[0m?[0;34m2023-04-07 15:35:38.397 DEBUG 12456 --- [nio-8881-exec-1] s.w.a.DelegatingAuthenticationEntryPoint : No match found. Using default entry point org.springframework.security.web.authentication.www.BasicAuthenticationEntryPoint@45d505f9
?[0m?[0;34m2023-04-07 15:35:38.397 DEBUG 12456 --- [nio-8881-exec-1] w.c.HttpSessionSecurityContextRepository : Did not store empty SecurityContext
?[0m?[0;34m2023-04-07 15:35:38.397 DEBUG 12456 --- [nio-8881-exec-1] w.c.HttpSessionSecurityContextRepository : Did not store empty SecurityContext
?[0m?[0;34m2023-04-07 15:35:38.397 DEBUG 12456 --- [nio-8881-exec-1] s.s.w.c.SecurityContextPersistenceFilter : Cleared SecurityContextHolder to complete request
?[0m?[0;34m2023-04-07 15:35:38.397 DEBUG 12456 --- [nio-8881-exec-1] o.s.security.web.FilterChainProxy        : Securing GET /error?category=dessert
?[0m?[0;34m2023-04-07 15:35:38.397 DEBUG 12456 --- [nio-8881-exec-1] s.s.w.c.SecurityContextPersistenceFilter : Set SecurityContextHolder to empty SecurityContext
?[0m?[0;34m2023-04-07 15:35:38.397 DEBUG 12456 --- [nio-8881-exec-1] o.s.s.w.a.AnonymousAuthenticationFilter  : Set SecurityContextHolder to anonymous SecurityContext
?[0m?[0;34m2023-04-07 15:35:38.397 DEBUG 12456 --- [nio-8881-exec-1] o.s.security.web.FilterChainProxy        : Secured GET /error?category=dessert
?[0m?[0;34m2023-04-07 15:35:38.398 DEBUG 12456 --- [nio-8881-exec-1] o.s.web.servlet.DispatcherServlet        : "ERROR" dispatch for GET "/error?category=dessert", parameters={masked}
?[0m?[0;34m2023-04-07 15:35:38.398 DEBUG 12456 --- [nio-8881-exec-1] s.w.s.m.m.a.RequestMappingHandlerMapping : Mapped to org.springframework.boot.autoconfigure.web.servlet.error.BasicErrorController#error(HttpServletRequest)
?[0m?[0;34m2023-04-07 15:35:38.398 DEBUG 12456 --- [nio-8881-exec-1] o.j.s.OpenEntityManagerInViewInterceptor : Opening JPA EntityManager in OpenEntityManagerInViewInterceptor
?[0m?[0;34m2023-04-07 15:35:38.398 DEBUG 12456 --- [nio-8881-exec-1] o.s.w.s.m.m.a.HttpEntityMethodProcessor  : Using 'application/json', given [*/*] and supported [application/json, application/*+json, application/json, application/*+json]
?[0m?[0;34m2023-04-07 15:35:38.398 DEBUG 12456 --- [nio-8881-exec-1] o.s.w.s.m.m.a.HttpEntityMethodProcessor  : Writing [{timestamp=Fri Apr 07 15:35:38 EET 2023, status=401, error=Unauthorized, path=/api/recipe/search/}]
?[0m?[0;34m2023-04-07 15:35:38.399 DEBUG 12456 --- [nio-8881-exec-1] w.c.HttpSessionSecurityContextRepository : Did not store anonymous SecurityContext
?[0m?[0;34m2023-04-07 15:35:38.399 DEBUG 12456 --- [nio-8881-exec-1] o.j.s.OpenEntityManagerInViewInterceptor : Closing JPA EntityManager in OpenEntityManagerInViewInterceptor
?[0m?[0;34m2023-04-07 15:35:38.399 DEBUG 12456 --- [nio-8881-exec-1] o.s.web.servlet.DispatcherServlet        : Exiting from "ERROR" dispatch, status 401
?[0m?[0;34m2023-04-07 15:35:38.399 DEBUG 12456 --- [nio-8881-exec-1] w.c.HttpSessionSecurityContextRepository : Did not store anonymous SecurityContext
?[0m?[0;34m2023-04-07 15:35:38.399 DEBUG 12456 --- [nio-8881-exec-1] s.s.w.c.SecurityContextPersistenceFilter : Cleared SecurityContextHolder to complete request
?[1;31m
Start test 75?[0m
?[0;34m2023-04-07 15:35:38.403 DEBUG 12456 --- [io-8881-exec-10] o.s.security.web.FilterChainProxy        : Securing GET /api/recipe/search/?name=ice-cream
?[0m?[0;34m2023-04-07 15:35:38.403 DEBUG 12456 --- [io-8881-exec-10] s.s.w.c.SecurityContextPersistenceFilter : Set SecurityContextHolder to empty SecurityContext
?[0m?[0;34m2023-04-07 15:35:38.403 DEBUG 12456 --- [io-8881-exec-10] tor$SharedEntityManagerInvocationHandler : Creating new EntityManager for shared EntityManager invocation
?[0m?[0;34mHibernate: 
?[0m?[0;34m    select
?[0m?[0;34m        user0_.id as id1_3_,
?[0m?[0;34m        user0_.email as email2_3_,
?[0m?[0;34m        user0_.password as password3_3_ 
?[0m?[0;34m    from
?[0m?[0;34m        users user0_ 
?[0m?[0;34m    where
?[0m?[0;34m        user0_.email=?
?[0m?[0;34m2023-04-07 15:35:38.465 DEBUG 12456 --- [io-8881-exec-10] o.s.s.a.dao.DaoAuthenticationProvider    : Failed to find user 'abc@test.com'
?[0m?[0;34m2023-04-07 15:35:38.465 DEBUG 12456 --- [io-8881-exec-10] tor$SharedEntityManagerInvocationHandler : Creating new EntityManager for shared EntityManager invocation
?[0m?[0;34mHibernate: 
?[0m?[0;34m    select
?[0m?[0;34m        user0_.id as id1_3_,
?[0m?[0;34m        user0_.email as email2_3_,
?[0m?[0;34m        user0_.password as password3_3_ 
?[0m?[0;34m    from
?[0m?[0;34m        users user0_ 
?[0m?[0;34m    where
?[0m?[0;34m        user0_.email=?
?[0m?[0;34m2023-04-07 15:35:38.525 DEBUG 12456 --- [io-8881-exec-10] o.s.s.a.dao.DaoAuthenticationProvider    : Failed to find user 'abc@test.com'
?[0m?[0;34m2023-04-07 15:35:38.527 DEBUG 12456 --- [io-8881-exec-10] o.s.s.w.a.www.BasicAuthenticationFilter  : Failed to process authentication request
?[0m?[0;34m
?[0m?[0;34morg.springframework.security.authentication.BadCredentialsException: Bad credentials
?[0m?[0;34m	at org.springframework.security.authentication.dao.AbstractUserDetailsAuthenticationProvider.authenticate(AbstractUserDetailsAuthenticationProvider.java:141) ~[spring-security-core-5.5.3.jar:5.5.3]
?[0m?[0;34m	at org.springframework.security.authentication.ProviderManager.authenticate(ProviderManager.java:182) ~[spring-security-core-5.5.3.jar:5.5.3]
?[0m?[0;34m	at org.springframework.security.authentication.ProviderManager.authenticate(ProviderManager.java:201) ~[spring-security-core-5.5.3.jar:5.5.3]
?[0m?[0;34m	at org.springframework.security.web.authentication.www.BasicAuthenticationFilter.doFilterInternal(BasicAuthenticationFilter.java:155) ~[spring-security-web-5.5.3.jar:5.5.3]
?[0m?[0;34m	at org.springframework.web.filter.OncePerRequestFilter.doFilter(OncePerRequestFilter.java:119) ~[spring-web-5.3.12.jar:5.3.12]
?[0m?[0;34m	at org.springframework.security.web.FilterChainProxy$VirtualFilterChain.doFilter(FilterChainProxy.java:336) ~[spring-security-web-5.5.3.jar:5.5.3]
?[0m?[0;34m	at org.springframework.security.web.authentication.logout.LogoutFilter.doFilter(LogoutFilter.java:103) ~[spring-security-web-5.5.3.jar:5.5.3]
?[0m?[0;34m	at org.springframework.security.web.authentication.logout.LogoutFilter.doFilter(LogoutFilter.java:89) ~[spring-security-web-5.5.3.jar:5.5.3]
?[0m?[0;34m	at org.springframework.security.web.FilterChainProxy$VirtualFilterChain.doFilter(FilterChainProxy.java:336) ~[spring-security-web-5.5.3.jar:5.5.3]
?[0m?[0;34m	at org.springframework.security.web.header.HeaderWriterFilter.doHeadersAfter(HeaderWriterFilter.java:90) ~[spring-security-web-5.5.3.jar:5.5.3]
?[0m?[0;34m	at org.springframework.security.web.header.HeaderWriterFilter.doFilterInternal(HeaderWriterFilter.java:75) ~[spring-security-web-5.5.3.jar:5.5.3]
?[0m?[0;34m	at org.springframework.web.filter.OncePerRequestFilter.doFilter(OncePerRequestFilter.java:119) ~[spring-web-5.3.12.jar:5.3.12]
?[0m?[0;34m	at org.springframework.security.web.FilterChainProxy$VirtualFilterChain.doFilter(FilterChainProxy.java:336) ~[spring-security-web-5.5.3.jar:5.5.3]
?[0m?[0;34m	at org.springframework.security.web.context.SecurityContextPersistenceFilter.doFilter(SecurityContextPersistenceFilter.java:110) ~[spring-security-web-5.5.3.jar:5.5.3]
?[0m?[0;34m	at org.springframework.security.web.context.SecurityContextPersistenceFilter.doFilter(SecurityContextPersistenceFilter.java:80) ~[spring-security-web-5.5.3.jar:5.5.3]
?[0m?[0;34m	at org.springframework.security.web.FilterChainProxy$VirtualFilterChain.doFilter(FilterChainProxy.java:336) ~[spring-security-web-5.5.3.jar:5.5.3]
?[0m?[0;34m	at org.springframework.security.web.context.request.async.WebAsyncManagerIntegrationFilter.doFilterInternal(WebAsyncManagerIntegrationFilter.java:55) ~[spring-security-web-5.5.3.jar:5.5.3]
?[0m?[0;34m	at org.springframework.web.filter.OncePerRequestFilter.doFilter(OncePerRequestFilter.java:119) ~[spring-web-5.3.12.jar:5.3.12]
?[0m?[0;34m	at org.springframework.security.web.FilterChainProxy$VirtualFilterChain.doFilter(FilterChainProxy.java:336) ~[spring-security-web-5.5.3.jar:5.5.3]
?[0m?[0;34m	at org.springframework.security.web.FilterChainProxy.doFilterInternal(FilterChainProxy.java:211) ~[spring-security-web-5.5.3.jar:5.5.3]
?[0m?[0;34m	at org.springframework.security.web.FilterChainProxy.doFilter(FilterChainProxy.java:183) ~[spring-security-web-5.5.3.jar:5.5.3]
?[0m?[0;34m	at org.springframework.web.filter.DelegatingFilterProxy.invokeDelegate(DelegatingFilterProxy.java:358) ~[spring-web-5.3.12.jar:5.3.12]
?[0m?[0;34m	at org.springframework.web.filter.DelegatingFilterProxy.doFilter(DelegatingFilterProxy.java:271) ~[spring-web-5.3.12.jar:5.3.12]
?[0m?[0;34m	at jdk.internal.reflect.GeneratedMethodAccessor57.invoke(Unknown Source) ~[na:na]
?[0m?[0;34m	at java.base/jdk.internal.reflect.DelegatingMethodAccessorImpl.invoke(DelegatingMethodAccessorImpl.java:43) ~[na:na]
?[0m?[0;34m	at java.base/java.lang.reflect.Method.invoke(Method.java:568) ~[na:na]
?[0m?[0;34m	at org.apache.catalina.security.SecurityUtil.lambda$execute$0(SecurityUtil.java:280) ~[tomcat-embed-core-9.0.54.jar:9.0.54]
?[0m?[0;34m	at java.base/java.security.AccessController.doPrivileged(AccessController.java:712) ~[na:na]
?[0m?[0;34m	at java.base/javax.security.auth.Subject.doAsPrivileged(Subject.java:584) ~[na:na]
?[0m?[0;34m	at org.apache.catalina.security.SecurityUtil.execute(SecurityUtil.java:311) ~[tomcat-embed-core-9.0.54.jar:9.0.54]
?[0m?[0;34m	at org.apache.catalina.security.SecurityUtil.doAsPrivilege(SecurityUtil.java:253) ~[tomcat-embed-core-9.0.54.jar:9.0.54]
?[0m?[0;34m	at org.apache.catalina.core.ApplicationFilterChain.internalDoFilter(ApplicationFilterChain.java:187) ~[tomcat-embed-core-9.0.54.jar:9.0.54]
?[0m?[0;34m	at org.apache.catalina.core.ApplicationFilterChain.lambda$doFilter$0(ApplicationFilterChain.java:145) ~[tomcat-embed-core-9.0.54.jar:9.0.54]
?[0m?[0;34m	at java.base/java.security.AccessController.doPrivileged(AccessController.java:569) ~[na:na]
?[0m?[0;34m	at org.apache.catalina.core.ApplicationFilterChain.doFilter(ApplicationFilterChain.java:143) ~[tomcat-embed-core-9.0.54.jar:9.0.54]
?[0m?[0;34m	at org.springframework.web.filter.RequestContextFilter.doFilterInternal(RequestContextFilter.java:100) ~[spring-web-5.3.12.jar:5.3.12]
?[0m?[0;34m	at org.springframework.web.filter.OncePerRequestFilter.doFilter(OncePerRequestFilter.java:119) ~[spring-web-5.3.12.jar:5.3.12]
?[0m?[0;34m	at jdk.internal.reflect.GeneratedMethodAccessor57.invoke(Unknown Source) ~[na:na]
?[0m?[0;34m	at java.base/jdk.internal.reflect.DelegatingMethodAccessorImpl.invoke(DelegatingMethodAccessorImpl.java:43) ~[na:na]
?[0m?[0;34m	at java.base/java.lang.reflect.Method.invoke(Method.java:568) ~[na:na]
?[0m?[0;34m	at org.apache.catalina.security.SecurityUtil.lambda$execute$0(SecurityUtil.java:280) ~[tomcat-embed-core-9.0.54.jar:9.0.54]
?[0m?[0;34m	at java.base/java.security.AccessController.doPrivileged(AccessController.java:712) ~[na:na]
?[0m?[0;34m	at java.base/javax.security.auth.Subject.doAsPrivileged(Subject.java:584) ~[na:na]
?[0m?[0;34m	at org.apache.catalina.security.SecurityUtil.execute(SecurityUtil.java:311) ~[tomcat-embed-core-9.0.54.jar:9.0.54]
?[0m?[0;34m	at org.apache.catalina.security.SecurityUtil.doAsPrivilege(SecurityUtil.java:253) ~[tomcat-embed-core-9.0.54.jar:9.0.54]
?[0m?[0;34m	at org.apache.catalina.core.ApplicationFilterChain.internalDoFilter(ApplicationFilterChain.java:187) ~[tomcat-embed-core-9.0.54.jar:9.0.54]
?[0m?[0;34m	at org.apache.catalina.core.ApplicationFilterChain.lambda$doFilter$0(ApplicationFilterChain.java:145) ~[tomcat-embed-core-9.0.54.jar:9.0.54]
?[0m?[0;34m	at java.base/java.security.AccessController.doPrivileged(AccessController.java:569) ~[na:na]
?[0m?[0;34m	at org.apache.catalina.core.ApplicationFilterChain.doFilter(ApplicationFilterChain.java:143) ~[tomcat-embed-core-9.0.54.jar:9.0.54]
?[0m?[0;34m	at org.springframework.web.filter.FormContentFilter.doFilterInternal(FormContentFilter.java:93) ~[spring-web-5.3.12.jar:5.3.12]
?[0m?[0;34m	at org.springframework.web.filter.OncePerRequestFilter.doFilter(OncePerRequestFilter.java:119) ~[spring-web-5.3.12.jar:5.3.12]
?[0m?[0;34m	at jdk.internal.reflect.GeneratedMethodAccessor57.invoke(Unknown Source) ~[na:na]
?[0m?[0;34m	at java.base/jdk.internal.reflect.DelegatingMethodAccessorImpl.invoke(DelegatingMethodAccessorImpl.java:43) ~[na:na]
?[0m?[0;34m	at java.base/java.lang.reflect.Method.invoke(Method.java:568) ~[na:na]
?[0m?[0;34m	at org.apache.catalina.security.SecurityUtil.lambda$execute$0(SecurityUtil.java:280) ~[tomcat-embed-core-9.0.54.jar:9.0.54]
?[0m?[0;34m	at java.base/java.security.AccessController.doPrivileged(AccessController.java:712) ~[na:na]
?[0m?[0;34m	at java.base/javax.security.auth.Subject.doAsPrivileged(Subject.java:584) ~[na:na]
?[0m?[0;34m	at org.apache.catalina.security.SecurityUtil.execute(SecurityUtil.java:311) ~[tomcat-embed-core-9.0.54.jar:9.0.54]
?[0m?[0;34m	at org.apache.catalina.security.SecurityUtil.doAsPrivilege(SecurityUtil.java:253) ~[tomcat-embed-core-9.0.54.jar:9.0.54]
?[0m?[0;34m	at org.apache.catalina.core.ApplicationFilterChain.internalDoFilter(ApplicationFilterChain.java:187) ~[tomcat-embed-core-9.0.54.jar:9.0.54]
?[0m?[0;34m	at org.apache.catalina.core.ApplicationFilterChain.lambda$doFilter$0(ApplicationFilterChain.java:145) ~[tomcat-embed-core-9.0.54.jar:9.0.54]
?[0m?[0;34m	at java.base/java.security.AccessController.doPrivileged(AccessController.java:569) ~[na:na]
?[0m?[0;34m	at org.apache.catalina.core.ApplicationFilterChain.doFilter(ApplicationFilterChain.java:143) ~[tomcat-embed-core-9.0.54.jar:9.0.54]
?[0m?[0;34m	at org.springframework.boot.actuate.metrics.web.servlet.WebMvcMetricsFilter.doFilterInternal(WebMvcMetricsFilter.java:96) ~[spring-boot-actuator-2.5.6.jar:2.5.6]
?[0m?[0;34m	at org.springframework.web.filter.OncePerRequestFilter.doFilter(OncePerRequestFilter.java:119) ~[spring-web-5.3.12.jar:5.3.12]
?[0m?[0;34m	at jdk.internal.reflect.GeneratedMethodAccessor57.invoke(Unknown Source) ~[na:na]
?[0m?[0;34m	at java.base/jdk.internal.reflect.DelegatingMethodAccessorImpl.invoke(DelegatingMethodAccessorImpl.java:43) ~[na:na]
?[0m?[0;34m	at java.base/java.lang.reflect.Method.invoke(Method.java:568) ~[na:na]
?[0m?[0;34m	at org.apache.catalina.security.SecurityUtil.lambda$execute$0(SecurityUtil.java:280) ~[tomcat-embed-core-9.0.54.jar:9.0.54]
?[0m?[0;34m	at java.base/java.security.AccessController.doPrivileged(AccessController.java:712) ~[na:na]
?[0m?[0;34m	at java.base/javax.security.auth.Subject.doAsPrivileged(Subject.java:584) ~[na:na]
?[0m?[0;34m	at org.apache.catalina.security.SecurityUtil.execute(SecurityUtil.java:311) ~[tomcat-embed-core-9.0.54.jar:9.0.54]
?[0m?[0;34m	at org.apache.catalina.security.SecurityUtil.doAsPrivilege(SecurityUtil.java:253) ~[tomcat-embed-core-9.0.54.jar:9.0.54]
?[0m?[0;34m	at org.apache.catalina.core.ApplicationFilterChain.internalDoFilter(ApplicationFilterChain.java:187) ~[tomcat-embed-core-9.0.54.jar:9.0.54]
?[0m?[0;34m	at org.apache.catalina.core.ApplicationFilterChain.lambda$doFilter$0(ApplicationFilterChain.java:145) ~[tomcat-embed-core-9.0.54.jar:9.0.54]
?[0m?[0;34m	at java.base/java.security.AccessController.doPrivileged(AccessController.java:569) ~[na:na]
?[0m?[0;34m	at org.apache.catalina.core.ApplicationFilterChain.doFilter(ApplicationFilterChain.java:143) ~[tomcat-embed-core-9.0.54.jar:9.0.54]
?[0m?[0;34m	at org.springframework.web.filter.CharacterEncodingFilter.doFilterInternal(CharacterEncodingFilter.java:201) ~[spring-web-5.3.12.jar:5.3.12]
?[0m?[0;34m	at org.springframework.web.filter.OncePerRequestFilter.doFilter(OncePerRequestFilter.java:119) ~[spring-web-5.3.12.jar:5.3.12]
?[0m?[0;34m	at jdk.internal.reflect.GeneratedMethodAccessor57.invoke(Unknown Source) ~[na:na]
?[0m?[0;34m	at java.base/jdk.internal.reflect.DelegatingMethodAccessorImpl.invoke(DelegatingMethodAccessorImpl.java:43) ~[na:na]
?[0m?[0;34m	at java.base/java.lang.reflect.Method.invoke(Method.java:568) ~[na:na]
?[0m?[0;34m	at org.apache.catalina.security.SecurityUtil.lambda$execute$0(SecurityUtil.java:280) ~[tomcat-embed-core-9.0.54.jar:9.0.54]
?[0m?[0;34m	at java.base/java.security.AccessController.doPrivileged(AccessController.java:712) ~[na:na]
?[0m?[0;34m	at java.base/javax.security.auth.Subject.doAsPrivileged(Subject.java:584) ~[na:na]
?[0m?[0;34m	at org.apache.catalina.security.SecurityUtil.execute(SecurityUtil.java:311) ~[tomcat-embed-core-9.0.54.jar:9.0.54]
?[0m?[0;34m	at org.apache.catalina.security.SecurityUtil.doAsPrivilege(SecurityUtil.java:253) ~[tomcat-embed-core-9.0.54.jar:9.0.54]
?[0m?[0;34m	at org.apache.catalina.core.ApplicationFilterChain.internalDoFilter(ApplicationFilterChain.java:187) ~[tomcat-embed-core-9.0.54.jar:9.0.54]
?[0m?[0;34m	at org.apache.catalina.core.ApplicationFilterChain.lambda$doFilter$0(ApplicationFilterChain.java:145) ~[tomcat-embed-core-9.0.54.jar:9.0.54]
?[0m?[0;34m	at java.base/java.security.AccessController.doPrivileged(AccessController.java:569) ~[na:na]
?[0m?[0;34m	at org.apache.catalina.core.ApplicationFilterChain.doFilter(ApplicationFilterChain.java:143) ~[tomcat-embed-core-9.0.54.jar:9.0.54]
?[0m?[0;34m	at org.apache.catalina.core.StandardWrapperValve.invoke(StandardWrapperValve.java:197) ~[tomcat-embed-core-9.0.54.jar:9.0.54]
?[0m?[0;34m	at org.apache.catalina.core.StandardContextValve.invoke(StandardContextValve.java:97) ~[tomcat-embed-core-9.0.54.jar:9.0.54]
?[0m?[0;34m	at org.apache.catalina.authenticator.AuthenticatorBase.invoke(AuthenticatorBase.java:540) ~[tomcat-embed-core-9.0.54.jar:9.0.54]
?[0m?[0;34m	at org.apache.catalina.core.StandardHostValve.invoke(StandardHostValve.java:135) ~[tomcat-embed-core-9.0.54.jar:9.0.54]
?[0m?[0;34m	at org.apache.catalina.valves.ErrorReportValve.invoke(ErrorReportValve.java:92) ~[tomcat-embed-core-9.0.54.jar:9.0.54]
?[0m?[0;34m	at org.apache.catalina.core.StandardEngineValve.invoke(StandardEngineValve.java:78) ~[tomcat-embed-core-9.0.54.jar:9.0.54]
?[0m?[0;34m	at org.apache.catalina.connector.CoyoteAdapter.service(CoyoteAdapter.java:357) ~[tomcat-embed-core-9.0.54.jar:9.0.54]
?[0m?[0;34m	at org.apache.coyote.http11.Http11Processor.service(Http11Processor.java:382) ~[tomcat-embed-core-9.0.54.jar:9.0.54]
?[0m?[0;34m	at org.apache.coyote.AbstractProcessorLight.process(AbstractProcessorLight.java:65) ~[tomcat-embed-core-9.0.54.jar:9.0.54]
?[0m?[0;34m	at org.apache.coyote.AbstractProtocol$ConnectionHandler.process(AbstractProtocol.java:895) ~[tomcat-embed-core-9.0.54.jar:9.0.54]
?[0m?[0;34m	at org.apache.tomcat.util.net.NioEndpoint$SocketProcessor.doRun(NioEndpoint.java:1722) ~[tomcat-embed-core-9.0.54.jar:9.0.54]
?[0m?[0;34m	at org.apache.tomcat.util.net.SocketProcessorBase.run(SocketProcessorBase.java:49) ~[tomcat-embed-core-9.0.54.jar:9.0.54]
?[0m?[0;34m	at org.apache.tomcat.util.threads.ThreadPoolExecutor.runWorker(ThreadPoolExecutor.java:1191) ~[tomcat-embed-core-9.0.54.jar:9.0.54]
?[0m?[0;34m	at org.apache.tomcat.util.threads.ThreadPoolExecutor$Worker.run(ThreadPoolExecutor.java:659) ~[tomcat-embed-core-9.0.54.jar:9.0.54]
?[0m?[0;34m	at org.apache.tomcat.util.threads.TaskThread$WrappingRunnable.run(TaskThread.java:61) ~[tomcat-embed-core-9.0.54.jar:9.0.54]
?[0m?[0;34m	at java.base/java.lang.Thread.run(Thread.java:833) ~[na:na]
?[0m?[0;34m
?[0m?[0;34m2023-04-07 15:35:38.528 DEBUG 12456 --- [io-8881-exec-10] s.w.a.DelegatingAuthenticationEntryPoint : Trying to match using RequestHeaderRequestMatcher [expectedHeaderName=X-Requested-With, expectedHeaderValue=XMLHttpRequest]
?[0m?[0;34m2023-04-07 15:35:38.528 DEBUG 12456 --- [io-8881-exec-10] s.w.a.DelegatingAuthenticationEntryPoint : No match found. Using default entry point org.springframework.security.web.authentication.www.BasicAuthenticationEntryPoint@45d505f9
?[0m?[0;34m2023-04-07 15:35:38.528 DEBUG 12456 --- [io-8881-exec-10] w.c.HttpSessionSecurityContextRepository : Did not store empty SecurityContext
?[0m?[0;34m2023-04-07 15:35:38.528 DEBUG 12456 --- [io-8881-exec-10] w.c.HttpSessionSecurityContextRepository : Did not store empty SecurityContext
?[0m?[0;34m2023-04-07 15:35:38.528 DEBUG 12456 --- [io-8881-exec-10] s.s.w.c.SecurityContextPersistenceFilter : Cleared SecurityContextHolder to complete request
?[0m?[0;34m2023-04-07 15:35:38.528 DEBUG 12456 --- [io-8881-exec-10] o.s.security.web.FilterChainProxy        : Securing GET /error?name=ice-cream
?[0m?[0;34m2023-04-07 15:35:38.529 DEBUG 12456 --- [io-8881-exec-10] s.s.w.c.SecurityContextPersistenceFilter : Set SecurityContextHolder to empty SecurityContext
?[0m?[0;34m2023-04-07 15:35:38.529 DEBUG 12456 --- [io-8881-exec-10] o.s.s.w.a.AnonymousAuthenticationFilter  : Set SecurityContextHolder to anonymous SecurityContext
?[0m?[0;34m2023-04-07 15:35:38.529 DEBUG 12456 --- [io-8881-exec-10] o.s.security.web.FilterChainProxy        : Secured GET /error?name=ice-cream
?[0m?[0;34m2023-04-07 15:35:38.529 DEBUG 12456 --- [io-8881-exec-10] o.s.web.servlet.DispatcherServlet        : "ERROR" dispatch for GET "/error?name=ice-cream", parameters={masked}
?[0m?[0;34m2023-04-07 15:35:38.529 DEBUG 12456 --- [io-8881-exec-10] s.w.s.m.m.a.RequestMappingHandlerMapping : Mapped to org.springframework.boot.autoconfigure.web.servlet.error.BasicErrorController#error(HttpServletRequest)
?[0m?[0;34m2023-04-07 15:35:38.529 DEBUG 12456 --- [io-8881-exec-10] o.j.s.OpenEntityManagerInViewInterceptor : Opening JPA EntityManager in OpenEntityManagerInViewInterceptor
?[0m?[0;34m2023-04-07 15:35:38.530 DEBUG 12456 --- [io-8881-exec-10] o.s.w.s.m.m.a.HttpEntityMethodProcessor  : Using 'application/json', given [*/*] and supported [application/json, application/*+json, application/json, application/*+json]
?[0m?[0;34m2023-04-07 15:35:38.530 DEBUG 12456 --- [io-8881-exec-10] o.s.w.s.m.m.a.HttpEntityMethodProcessor  : Writing [{timestamp=Fri Apr 07 15:35:38 EET 2023, status=401, error=Unauthorized, path=/api/recipe/search/}]
?[0m?[0;34m2023-04-07 15:35:38.530 DEBUG 12456 --- [io-8881-exec-10] w.c.HttpSessionSecurityContextRepository : Did not store anonymous SecurityContext
?[0m?[0;34m2023-04-07 15:35:38.531 DEBUG 12456 --- [io-8881-exec-10] o.j.s.OpenEntityManagerInViewInterceptor : Closing JPA EntityManager in OpenEntityManagerInViewInterceptor
?[0m?[0;34m2023-04-07 15:35:38.531 DEBUG 12456 --- [io-8881-exec-10] o.s.web.servlet.DispatcherServlet        : Exiting from "ERROR" dispatch, status 401
?[0m?[0;34m2023-04-07 15:35:38.531 DEBUG 12456 --- [io-8881-exec-10] w.c.HttpSessionSecurityContextRepository : Did not store anonymous SecurityContext
?[0m?[0;34m2023-04-07 15:35:38.531 DEBUG 12456 --- [io-8881-exec-10] s.s.w.c.SecurityContextPersistenceFilter : Cleared SecurityContextHolder to complete request
?[1;31m
Start test 76?[0m
?[0m?[0;34m2023-04-07 15:35:38.535 DEBUG 12456 --- [nio-8881-exec-4] o.s.security.web.FilterChainProxy        : Securing POST /api/recipe/new
?[0m?[0;34m2023-04-07 15:35:38.535 DEBUG 12456 --- [nio-8881-exec-4] s.s.w.c.SecurityContextPersistenceFilter : Set SecurityContextHolder to empty SecurityContext
?[0m?[0;34m2023-04-07 15:35:38.536 DEBUG 12456 --- [nio-8881-exec-4] o.s.s.w.a.AnonymousAuthenticationFilter  : Set SecurityContextHolder to anonymous SecurityContext
?[0m?[0;34m2023-04-07 15:35:38.537 DEBUG 12456 --- [nio-8881-exec-4] o.s.s.w.s.HttpSessionRequestCache        : Saved request http://localhost:8881/api/recipe/new to session
?[0m?[0;34m2023-04-07 15:35:38.537 DEBUG 12456 --- [nio-8881-exec-4] s.w.a.DelegatingAuthenticationEntryPoint : Trying to match using RequestHeaderRequestMatcher [expectedHeaderName=X-Requested-With, expectedHeaderValue=XMLHttpRequest]
?[0m?[0;34m2023-04-07 15:35:38.538 DEBUG 12456 --- [nio-8881-exec-4] s.w.a.DelegatingAuthenticationEntryPoint : No match found. Using default entry point org.springframework.security.web.authentication.www.BasicAuthenticationEntryPoint@45d505f9
?[0m?[0;34m2023-04-07 15:35:38.538 DEBUG 12456 --- [nio-8881-exec-4] w.c.HttpSessionSecurityContextRepository : Did not store empty SecurityContext
?[0m?[0;34m2023-04-07 15:35:38.538 DEBUG 12456 --- [nio-8881-exec-4] w.c.HttpSessionSecurityContextRepository : Did not store empty SecurityContext
?[0m?[0;34m2023-04-07 15:35:38.538 DEBUG 12456 --- [nio-8881-exec-4] s.s.w.c.SecurityContextPersistenceFilter : Cleared SecurityContextHolder to complete request
?[0m?[0;34m2023-04-07 15:35:38.538 DEBUG 12456 --- [nio-8881-exec-4] o.s.security.web.FilterChainProxy        : Securing POST /error
?[0m?[0;34m2023-04-07 15:35:38.538 DEBUG 12456 --- [nio-8881-exec-4] s.s.w.c.SecurityContextPersistenceFilter : Set SecurityContextHolder to empty SecurityContext
?[0m?[0;34m2023-04-07 15:35:38.538 DEBUG 12456 --- [nio-8881-exec-4] o.s.s.w.a.AnonymousAuthenticationFilter  : Set SecurityContextHolder to anonymous SecurityContext
?[0m?[0;34m2023-04-07 15:35:38.538 DEBUG 12456 --- [nio-8881-exec-4] o.s.security.web.FilterChainProxy        : Secured POST /error
?[0m?[0;34m2023-04-07 15:35:38.538 DEBUG 12456 --- [nio-8881-exec-4] o.s.web.servlet.DispatcherServlet        : "ERROR" dispatch for POST "/error", parameters={}
?[0m?[0;34m2023-04-07 15:35:38.538 DEBUG 12456 --- [nio-8881-exec-4] s.w.s.m.m.a.RequestMappingHandlerMapping : Mapped to org.springframework.boot.autoconfigure.web.servlet.error.BasicErrorController#error(HttpServletRequest)
?[0m?[0;34m2023-04-07 15:35:38.538 DEBUG 12456 --- [nio-8881-exec-4] o.j.s.OpenEntityManagerInViewInterceptor : Opening JPA EntityManager in OpenEntityManagerInViewInterceptor
?[0m?[0;34m2023-04-07 15:35:38.539 DEBUG 12456 --- [nio-8881-exec-4] o.s.w.s.m.m.a.HttpEntityMethodProcessor  : Using 'application/json', given [*/*] and supported [application/json, application/*+json, application/json, application/*+json]
?[0m?[0;34m2023-04-07 15:35:38.539 DEBUG 12456 --- [nio-8881-exec-4] o.s.w.s.m.m.a.HttpEntityMethodProcessor  : Writing [{timestamp=Fri Apr 07 15:35:38 EET 2023, status=401, error=Unauthorized, path=/api/recipe/new}]
?[0m?[0;34m2023-04-07 15:35:38.539 DEBUG 12456 --- [nio-8881-exec-4] w.c.HttpSessionSecurityContextRepository : Did not store anonymous SecurityContext
?[0m?[0;34m2023-04-07 15:35:38.539 DEBUG 12456 --- [nio-8881-exec-4] o.j.s.OpenEntityManagerInViewInterceptor : Closing JPA EntityManager in OpenEntityManagerInViewInterceptor
?[0m?[0;34m2023-04-07 15:35:38.539 DEBUG 12456 --- [nio-8881-exec-4] o.s.web.servlet.DispatcherServlet        : Exiting from "ERROR" dispatch, status 401
?[0m?[0;34m2023-04-07 15:35:38.540 DEBUG 12456 --- [nio-8881-exec-4] w.c.HttpSessionSecurityContextRepository : Did not store anonymous SecurityContext
?[0m?[0;34m2023-04-07 15:35:38.540 DEBUG 12456 --- [nio-8881-exec-4] s.s.w.c.SecurityContextPersistenceFilter : Cleared SecurityContextHolder to complete request
?[1;31m
Start test 77?[0m
?[0m?[0;34m2023-04-07 15:35:38.544 DEBUG 12456 --- [nio-8881-exec-3] o.s.security.web.FilterChainProxy        : Securing GET /api/recipe/1
?[0m?[0;34m2023-04-07 15:35:38.544 DEBUG 12456 --- [nio-8881-exec-3] s.s.w.c.SecurityContextPersistenceFilter : Set SecurityContextHolder to empty SecurityContext
?[0m?[0;34m2023-04-07 15:35:38.544 DEBUG 12456 --- [nio-8881-exec-3] o.s.s.w.a.AnonymousAuthenticationFilter  : Set SecurityContextHolder to anonymous SecurityContext
?[0m?[0;34m2023-04-07 15:35:38.545 DEBUG 12456 --- [nio-8881-exec-3] o.s.s.w.s.HttpSessionRequestCache        : Saved request http://localhost:8881/api/recipe/1 to session
?[0m?[0;34m2023-04-07 15:35:38.545 DEBUG 12456 --- [nio-8881-exec-3] s.w.a.DelegatingAuthenticationEntryPoint : Trying to match using RequestHeaderRequestMatcher [expectedHeaderName=X-Requested-With, expectedHeaderValue=XMLHttpRequest]
?[0m?[0;34m2023-04-07 15:35:38.545 DEBUG 12456 --- [nio-8881-exec-3] s.w.a.DelegatingAuthenticationEntryPoint : No match found. Using default entry point org.springframework.security.web.authentication.www.BasicAuthenticationEntryPoint@45d505f9
?[0m?[0;34m2023-04-07 15:35:38.545 DEBUG 12456 --- [nio-8881-exec-3] w.c.HttpSessionSecurityContextRepository : Did not store empty SecurityContext
?[0m?[0;34m2023-04-07 15:35:38.545 DEBUG 12456 --- [nio-8881-exec-3] w.c.HttpSessionSecurityContextRepository : Did not store empty SecurityContext
?[0m?[0;34m2023-04-07 15:35:38.545 DEBUG 12456 --- [nio-8881-exec-3] s.s.w.c.SecurityContextPersistenceFilter : Cleared SecurityContextHolder to complete request
?[0m?[0;34m2023-04-07 15:35:38.545 DEBUG 12456 --- [nio-8881-exec-3] o.s.security.web.FilterChainProxy        : Securing GET /error
?[0m?[0;34m2023-04-07 15:35:38.545 DEBUG 12456 --- [nio-8881-exec-3] s.s.w.c.SecurityContextPersistenceFilter : Set SecurityContextHolder to empty SecurityContext
?[0m?[0;34m2023-04-07 15:35:38.545 DEBUG 12456 --- [nio-8881-exec-3] o.s.s.w.a.AnonymousAuthenticationFilter  : Set SecurityContextHolder to anonymous SecurityContext
?[0m?[0;34m2023-04-07 15:35:38.545 DEBUG 12456 --- [nio-8881-exec-3] o.s.security.web.FilterChainProxy        : Secured GET /error
?[0m?[0;34m2023-04-07 15:35:38.545 DEBUG 12456 --- [nio-8881-exec-3] o.s.web.servlet.DispatcherServlet        : "ERROR" dispatch for GET "/error", parameters={}
?[0m?[0;34m2023-04-07 15:35:38.546 DEBUG 12456 --- [nio-8881-exec-3] s.w.s.m.m.a.RequestMappingHandlerMapping : Mapped to org.springframework.boot.autoconfigure.web.servlet.error.BasicErrorController#error(HttpServletRequest)
?[0m?[0;34m2023-04-07 15:35:38.546 DEBUG 12456 --- [nio-8881-exec-3] o.j.s.OpenEntityManagerInViewInterceptor : Opening JPA EntityManager in OpenEntityManagerInViewInterceptor
?[0m?[0;34m2023-04-07 15:35:38.546 DEBUG 12456 --- [nio-8881-exec-3] o.s.w.s.m.m.a.HttpEntityMethodProcessor  : Using 'application/json', given [*/*] and supported [application/json, application/*+json, application/json, application/*+json]
?[0m?[0;34m2023-04-07 15:35:38.546 DEBUG 12456 --- [nio-8881-exec-3] o.s.w.s.m.m.a.HttpEntityMethodProcessor  : Writing [{timestamp=Fri Apr 07 15:35:38 EET 2023, status=401, error=Unauthorized, path=/api/recipe/1}]
?[0m?[0;34m2023-04-07 15:35:38.546 DEBUG 12456 --- [nio-8881-exec-3] w.c.HttpSessionSecurityContextRepository : Did not store anonymous SecurityContext
?[0m?[0;34m2023-04-07 15:35:38.546 DEBUG 12456 --- [nio-8881-exec-3] o.j.s.OpenEntityManagerInViewInterceptor : Closing JPA EntityManager in OpenEntityManagerInViewInterceptor
?[0m?[0;34m2023-04-07 15:35:38.546 DEBUG 12456 --- [nio-8881-exec-3] o.s.web.servlet.DispatcherServlet        : Exiting from "ERROR" dispatch, status 401
?[0m?[0;34m2023-04-07 15:35:38.547 DEBUG 12456 --- [nio-8881-exec-3] w.c.HttpSessionSecurityContextRepository : Did not store anonymous SecurityContext
?[0m?[0;34m2023-04-07 15:35:38.547 DEBUG 12456 --- [nio-8881-exec-3] s.s.w.c.SecurityContextPersistenceFilter : Cleared SecurityContextHolder to complete request
?[1;31m
Start test 78?[0m
?[0m?[0;34m2023-04-07 15:35:38.551 DEBUG 12456 --- [nio-8881-exec-5] o.s.security.web.FilterChainProxy        : Securing PUT /api/recipe/1
?[0m?[0;34m2023-04-07 15:35:38.551 DEBUG 12456 --- [nio-8881-exec-5] s.s.w.c.SecurityContextPersistenceFilter : Set SecurityContextHolder to empty SecurityContext
?[0m?[0;34m2023-04-07 15:35:38.551 DEBUG 12456 --- [nio-8881-exec-5] o.s.s.w.a.AnonymousAuthenticationFilter  : Set SecurityContextHolder to anonymous SecurityContext
?[0m?[0;34m2023-04-07 15:35:38.551 DEBUG 12456 --- [nio-8881-exec-5] o.s.s.w.s.HttpSessionRequestCache        : Saved request http://localhost:8881/api/recipe/1 to session
?[0m?[0;34m2023-04-07 15:35:38.551 DEBUG 12456 --- [nio-8881-exec-5] s.w.a.DelegatingAuthenticationEntryPoint : Trying to match using RequestHeaderRequestMatcher [expectedHeaderName=X-Requested-With, expectedHeaderValue=XMLHttpRequest]
?[0m?[0;34m2023-04-07 15:35:38.552 DEBUG 12456 --- [nio-8881-exec-5] s.w.a.DelegatingAuthenticationEntryPoint : No match found. Using default entry point org.springframework.security.web.authentication.www.BasicAuthenticationEntryPoint@45d505f9
?[0m?[0;34m2023-04-07 15:35:38.552 DEBUG 12456 --- [nio-8881-exec-5] w.c.HttpSessionSecurityContextRepository : Did not store empty SecurityContext
?[0m?[0;34m2023-04-07 15:35:38.552 DEBUG 12456 --- [nio-8881-exec-5] w.c.HttpSessionSecurityContextRepository : Did not store empty SecurityContext
?[0m?[0;34m2023-04-07 15:35:38.552 DEBUG 12456 --- [nio-8881-exec-5] s.s.w.c.SecurityContextPersistenceFilter : Cleared SecurityContextHolder to complete request
?[0m?[0;34m2023-04-07 15:35:38.552 DEBUG 12456 --- [nio-8881-exec-5] o.s.security.web.FilterChainProxy        : Securing PUT /error
?[0m?[0;34m2023-04-07 15:35:38.552 DEBUG 12456 --- [nio-8881-exec-5] s.s.w.c.SecurityContextPersistenceFilter : Set SecurityContextHolder to empty SecurityContext
?[0m?[0;34m2023-04-07 15:35:38.552 DEBUG 12456 --- [nio-8881-exec-5] o.s.s.w.a.AnonymousAuthenticationFilter  : Set SecurityContextHolder to anonymous SecurityContext
?[0m?[0;34m2023-04-07 15:35:38.552 DEBUG 12456 --- [nio-8881-exec-5] o.s.security.web.FilterChainProxy        : Secured PUT /error
?[0m?[0;34m2023-04-07 15:35:38.552 DEBUG 12456 --- [nio-8881-exec-5] o.s.web.servlet.DispatcherServlet        : "ERROR" dispatch for PUT "/error", parameters={}
?[0m?[0;34m2023-04-07 15:35:38.552 DEBUG 12456 --- [nio-8881-exec-5] s.w.s.m.m.a.RequestMappingHandlerMapping : Mapped to org.springframework.boot.autoconfigure.web.servlet.error.BasicErrorController#error(HttpServletRequest)
?[0m?[0;34m2023-04-07 15:35:38.552 DEBUG 12456 --- [nio-8881-exec-5] o.j.s.OpenEntityManagerInViewInterceptor : Opening JPA EntityManager in OpenEntityManagerInViewInterceptor
?[0m?[0;34m2023-04-07 15:35:38.553 DEBUG 12456 --- [nio-8881-exec-5] o.s.w.s.m.m.a.HttpEntityMethodProcessor  : Using 'application/json', given [*/*] and supported [application/json, application/*+json, application/json, application/*+json]
?[0m?[0;34m2023-04-07 15:35:38.553 DEBUG 12456 --- [nio-8881-exec-5] o.s.w.s.m.m.a.HttpEntityMethodProcessor  : Writing [{timestamp=Fri Apr 07 15:35:38 EET 2023, status=401, error=Unauthorized, path=/api/recipe/1}]
?[0m?[0;34m2023-04-07 15:35:38.553 DEBUG 12456 --- [nio-8881-exec-5] w.c.HttpSessionSecurityContextRepository : Did not store anonymous SecurityContext
?[0m?[0;34m2023-04-07 15:35:38.553 DEBUG 12456 --- [nio-8881-exec-5] o.j.s.OpenEntityManagerInViewInterceptor : Closing JPA EntityManager in OpenEntityManagerInViewInterceptor
?[0m?[0;34m2023-04-07 15:35:38.554 DEBUG 12456 --- [nio-8881-exec-5] o.s.web.servlet.DispatcherServlet        : Exiting from "ERROR" dispatch, status 401
?[0m?[0;34m2023-04-07 15:35:38.554 DEBUG 12456 --- [nio-8881-exec-5] w.c.HttpSessionSecurityContextRepository : Did not store anonymous SecurityContext
?[0m?[0;34m2023-04-07 15:35:38.554 DEBUG 12456 --- [nio-8881-exec-5] s.s.w.c.SecurityContextPersistenceFilter : Cleared SecurityContextHolder to complete request
?[1;31m
Start test 79?[0m
?[0m?[0;34m2023-04-07 15:35:38.559 DEBUG 12456 --- [nio-8881-exec-2] o.s.security.web.FilterChainProxy        : Securing DELETE /api/recipe/1
?[0m?[0;34m2023-04-07 15:35:38.559 DEBUG 12456 --- [nio-8881-exec-2] s.s.w.c.SecurityContextPersistenceFilter : Set SecurityContextHolder to empty SecurityContext
?[0m?[0;34m2023-04-07 15:35:38.559 DEBUG 12456 --- [nio-8881-exec-2] o.s.s.w.a.AnonymousAuthenticationFilter  : Set SecurityContextHolder to anonymous SecurityContext
?[0m?[0;34m2023-04-07 15:35:38.560 DEBUG 12456 --- [nio-8881-exec-2] o.s.s.w.s.HttpSessionRequestCache        : Saved request http://localhost:8881/api/recipe/1 to session
?[0m?[0;34m2023-04-07 15:35:38.560 DEBUG 12456 --- [nio-8881-exec-2] s.w.a.DelegatingAuthenticationEntryPoint : Trying to match using RequestHeaderRequestMatcher [expectedHeaderName=X-Requested-With, expectedHeaderValue=XMLHttpRequest]
?[0m?[0;34m2023-04-07 15:35:38.560 DEBUG 12456 --- [nio-8881-exec-2] s.w.a.DelegatingAuthenticationEntryPoint : No match found. Using default entry point org.springframework.security.web.authentication.www.BasicAuthenticationEntryPoint@45d505f9
?[0m?[0;34m2023-04-07 15:35:38.560 DEBUG 12456 --- [nio-8881-exec-2] w.c.HttpSessionSecurityContextRepository : Did not store empty SecurityContext
?[0m?[0;34m2023-04-07 15:35:38.560 DEBUG 12456 --- [nio-8881-exec-2] w.c.HttpSessionSecurityContextRepository : Did not store empty SecurityContext
?[0m?[0;34m2023-04-07 15:35:38.560 DEBUG 12456 --- [nio-8881-exec-2] s.s.w.c.SecurityContextPersistenceFilter : Cleared SecurityContextHolder to complete request
?[0m?[0;34m2023-04-07 15:35:38.560 DEBUG 12456 --- [nio-8881-exec-2] o.s.security.web.FilterChainProxy        : Securing DELETE /error
?[0m?[0;34m2023-04-07 15:35:38.560 DEBUG 12456 --- [nio-8881-exec-2] s.s.w.c.SecurityContextPersistenceFilter : Set SecurityContextHolder to empty SecurityContext
?[0m?[0;34m2023-04-07 15:35:38.560 DEBUG 12456 --- [nio-8881-exec-2] o.s.s.w.a.AnonymousAuthenticationFilter  : Set SecurityContextHolder to anonymous SecurityContext
?[0m?[0;34m2023-04-07 15:35:38.560 DEBUG 12456 --- [nio-8881-exec-2] o.s.security.web.FilterChainProxy        : Secured DELETE /error
?[0m?[0;34m2023-04-07 15:35:38.560 DEBUG 12456 --- [nio-8881-exec-2] o.s.web.servlet.DispatcherServlet        : "ERROR" dispatch for DELETE "/error", parameters={}
?[0m?[0;34m2023-04-07 15:35:38.560 DEBUG 12456 --- [nio-8881-exec-2] s.w.s.m.m.a.RequestMappingHandlerMapping : Mapped to org.springframework.boot.autoconfigure.web.servlet.error.BasicErrorController#error(HttpServletRequest)
?[0m?[0;34m2023-04-07 15:35:38.560 DEBUG 12456 --- [nio-8881-exec-2] o.j.s.OpenEntityManagerInViewInterceptor : Opening JPA EntityManager in OpenEntityManagerInViewInterceptor
?[0m?[0;34m2023-04-07 15:35:38.561 DEBUG 12456 --- [nio-8881-exec-2] o.s.w.s.m.m.a.HttpEntityMethodProcessor  : Using 'application/json', given [*/*] and supported [application/json, application/*+json, application/json, application/*+json]
?[0m?[0;34m2023-04-07 15:35:38.561 DEBUG 12456 --- [nio-8881-exec-2] o.s.w.s.m.m.a.HttpEntityMethodProcessor  : Writing [{timestamp=Fri Apr 07 15:35:38 EET 2023, status=401, error=Unauthorized, path=/api/recipe/1}]
?[0m?[0;34m2023-04-07 15:35:38.561 DEBUG 12456 --- [nio-8881-exec-2] w.c.HttpSessionSecurityContextRepository : Did not store anonymous SecurityContext
?[0m?[0;34m2023-04-07 15:35:38.561 DEBUG 12456 --- [nio-8881-exec-2] o.j.s.OpenEntityManagerInViewInterceptor : Closing JPA EntityManager in OpenEntityManagerInViewInterceptor
?[0m?[0;34m2023-04-07 15:35:38.562 DEBUG 12456 --- [nio-8881-exec-2] o.s.web.servlet.DispatcherServlet        : Exiting from "ERROR" dispatch, status 401
?[0m?[0;34m2023-04-07 15:35:38.562 DEBUG 12456 --- [nio-8881-exec-2] w.c.HttpSessionSecurityContextRepository : Did not store anonymous SecurityContext
?[0m?[0;34m2023-04-07 15:35:38.562 DEBUG 12456 --- [nio-8881-exec-2] s.s.w.c.SecurityContextPersistenceFilter : Cleared SecurityContextHolder to complete request
?[1;31m
Start test 80?[0m
?[0m?[0;34m2023-04-07 15:35:38.566 DEBUG 12456 --- [nio-8881-exec-7] o.s.security.web.FilterChainProxy        : Securing GET /api/recipe/search/?category=dessert
?[0m?[0;34m2023-04-07 15:35:38.566 DEBUG 12456 --- [nio-8881-exec-7] s.s.w.c.SecurityContextPersistenceFilter : Set SecurityContextHolder to empty SecurityContext
?[0m?[0;34m2023-04-07 15:35:38.566 DEBUG 12456 --- [nio-8881-exec-7] o.s.s.w.a.AnonymousAuthenticationFilter  : Set SecurityContextHolder to anonymous SecurityContext
?[0m?[0;34m2023-04-07 15:35:38.566 DEBUG 12456 --- [nio-8881-exec-7] o.s.s.w.s.HttpSessionRequestCache        : Saved request http://localhost:8881/api/recipe/search/?category=dessert to session
?[0m?[0;34m2023-04-07 15:35:38.567 DEBUG 12456 --- [nio-8881-exec-7] s.w.a.DelegatingAuthenticationEntryPoint : Trying to match using RequestHeaderRequestMatcher [expectedHeaderName=X-Requested-With, expectedHeaderValue=XMLHttpRequest]
?[0m?[0;34m2023-04-07 15:35:38.567 DEBUG 12456 --- [nio-8881-exec-7] s.w.a.DelegatingAuthenticationEntryPoint : No match found. Using default entry point org.springframework.security.web.authentication.www.BasicAuthenticationEntryPoint@45d505f9
?[0m?[0;34m2023-04-07 15:35:38.567 DEBUG 12456 --- [nio-8881-exec-7] w.c.HttpSessionSecurityContextRepository : Did not store empty SecurityContext
?[0m?[0;34m2023-04-07 15:35:38.567 DEBUG 12456 --- [nio-8881-exec-7] w.c.HttpSessionSecurityContextRepository : Did not store empty SecurityContext
?[0m?[0;34m2023-04-07 15:35:38.567 DEBUG 12456 --- [nio-8881-exec-7] s.s.w.c.SecurityContextPersistenceFilter : Cleared SecurityContextHolder to complete request
?[0m?[0;34m2023-04-07 15:35:38.567 DEBUG 12456 --- [nio-8881-exec-7] o.s.security.web.FilterChainProxy        : Securing GET /error?category=dessert
?[0m?[0;34m2023-04-07 15:35:38.567 DEBUG 12456 --- [nio-8881-exec-7] s.s.w.c.SecurityContextPersistenceFilter : Set SecurityContextHolder to empty SecurityContext
?[0m?[0;34m2023-04-07 15:35:38.567 DEBUG 12456 --- [nio-8881-exec-7] o.s.s.w.a.AnonymousAuthenticationFilter  : Set SecurityContextHolder to anonymous SecurityContext
?[0m?[0;34m2023-04-07 15:35:38.567 DEBUG 12456 --- [nio-8881-exec-7] o.s.security.web.FilterChainProxy        : Secured GET /error?category=dessert
?[0m?[0;34m2023-04-07 15:35:38.567 DEBUG 12456 --- [nio-8881-exec-7] o.s.web.servlet.DispatcherServlet        : "ERROR" dispatch for GET "/error?category=dessert", parameters={masked}
?[0m?[0;34m2023-04-07 15:35:38.567 DEBUG 12456 --- [nio-8881-exec-7] s.w.s.m.m.a.RequestMappingHandlerMapping : Mapped to org.springframework.boot.autoconfigure.web.servlet.error.BasicErrorController#error(HttpServletRequest)
?[0m?[0;34m2023-04-07 15:35:38.567 DEBUG 12456 --- [nio-8881-exec-7] o.j.s.OpenEntityManagerInViewInterceptor : Opening JPA EntityManager in OpenEntityManagerInViewInterceptor
?[0m?[0;34m2023-04-07 15:35:38.568 DEBUG 12456 --- [nio-8881-exec-7] o.s.w.s.m.m.a.HttpEntityMethodProcessor  : Using 'application/json', given [*/*] and supported [application/json, application/*+json, application/json, application/*+json]
?[0m?[0;34m2023-04-07 15:35:38.568 DEBUG 12456 --- [nio-8881-exec-7] o.s.w.s.m.m.a.HttpEntityMethodProcessor  : Writing [{timestamp=Fri Apr 07 15:35:38 EET 2023, status=401, error=Unauthorized, path=/api/recipe/search/}]
?[0m?[0;34m2023-04-07 15:35:38.568 DEBUG 12456 --- [nio-8881-exec-7] w.c.HttpSessionSecurityContextRepository : Did not store anonymous SecurityContext
?[0m?[0;34m2023-04-07 15:35:38.569 DEBUG 12456 --- [nio-8881-exec-7] o.j.s.OpenEntityManagerInViewInterceptor : Closing JPA EntityManager in OpenEntityManagerInViewInterceptor
?[0m?[0;34m2023-04-07 15:35:38.569 DEBUG 12456 --- [nio-8881-exec-7] o.s.web.servlet.DispatcherServlet        : Exiting from "ERROR" dispatch, status 401
?[0m?[0;34m2023-04-07 15:35:38.569 DEBUG 12456 --- [nio-8881-exec-7] w.c.HttpSessionSecurityContextRepository : Did not store anonymous SecurityContext
?[0m?[0;34m2023-04-07 15:35:38.569 DEBUG 12456 --- [nio-8881-exec-7] s.s.w.c.SecurityContextPersistenceFilter : Cleared SecurityContextHolder to complete request
?[1;31m
Start test 81?[0m
?[0m?[0;34m2023-04-07 15:35:38.573 DEBUG 12456 --- [nio-8881-exec-6] o.s.security.web.FilterChainProxy        : Securing GET /api/recipe/search/?name=ice-cream
?[0m?[0;34m2023-04-07 15:35:38.573 DEBUG 12456 --- [nio-8881-exec-6] s.s.w.c.SecurityContextPersistenceFilter : Set SecurityContextHolder to empty SecurityContext
?[0m?[0;34m2023-04-07 15:35:38.573 DEBUG 12456 --- [nio-8881-exec-6] o.s.s.w.a.AnonymousAuthenticationFilter  : Set SecurityContextHolder to anonymous SecurityContext
?[0m?[0;34m2023-04-07 15:35:38.573 DEBUG 12456 --- [nio-8881-exec-6] o.s.s.w.s.HttpSessionRequestCache        : Saved request http://localhost:8881/api/recipe/search/?name=ice-cream to session
?[0m?[0;34m2023-04-07 15:35:38.574 DEBUG 12456 --- [nio-8881-exec-6] s.w.a.DelegatingAuthenticationEntryPoint : Trying to match using RequestHeaderRequestMatcher [expectedHeaderName=X-Requested-With, expectedHeaderValue=XMLHttpRequest]
?[0m?[0;34m2023-04-07 15:35:38.574 DEBUG 12456 --- [nio-8881-exec-6] s.w.a.DelegatingAuthenticationEntryPoint : No match found. Using default entry point org.springframework.security.web.authentication.www.BasicAuthenticationEntryPoint@45d505f9
?[0m?[0;34m2023-04-07 15:35:38.574 DEBUG 12456 --- [nio-8881-exec-6] w.c.HttpSessionSecurityContextRepository : Did not store empty SecurityContext
?[0m?[0;34m2023-04-07 15:35:38.574 DEBUG 12456 --- [nio-8881-exec-6] w.c.HttpSessionSecurityContextRepository : Did not store empty SecurityContext
?[0m?[0;34m2023-04-07 15:35:38.574 DEBUG 12456 --- [nio-8881-exec-6] s.s.w.c.SecurityContextPersistenceFilter : Cleared SecurityContextHolder to complete request
?[0m?[0;34m2023-04-07 15:35:38.574 DEBUG 12456 --- [nio-8881-exec-6] o.s.security.web.FilterChainProxy        : Securing GET /error?name=ice-cream
?[0m?[0;34m2023-04-07 15:35:38.574 DEBUG 12456 --- [nio-8881-exec-6] s.s.w.c.SecurityContextPersistenceFilter : Set SecurityContextHolder to empty SecurityContext
?[0m?[0;34m2023-04-07 15:35:38.574 DEBUG 12456 --- [nio-8881-exec-6] o.s.s.w.a.AnonymousAuthenticationFilter  : Set SecurityContextHolder to anonymous SecurityContext
?[0m?[0;34m2023-04-07 15:35:38.574 DEBUG 12456 --- [nio-8881-exec-6] o.s.security.web.FilterChainProxy        : Secured GET /error?name=ice-cream
?[0m?[0;34m2023-04-07 15:35:38.574 DEBUG 12456 --- [nio-8881-exec-6] o.s.web.servlet.DispatcherServlet        : "ERROR" dispatch for GET "/error?name=ice-cream", parameters={masked}
?[0m?[0;34m2023-04-07 15:35:38.574 DEBUG 12456 --- [nio-8881-exec-6] s.w.s.m.m.a.RequestMappingHandlerMapping : Mapped to org.springframework.boot.autoconfigure.web.servlet.error.BasicErrorController#error(HttpServletRequest)
?[0m?[0;34m2023-04-07 15:35:38.575 DEBUG 12456 --- [nio-8881-exec-6] o.j.s.OpenEntityManagerInViewInterceptor : Opening JPA EntityManager in OpenEntityManagerInViewInterceptor
?[0m?[0;34m2023-04-07 15:35:38.575 DEBUG 12456 --- [nio-8881-exec-6] o.s.w.s.m.m.a.HttpEntityMethodProcessor  : Using 'application/json', given [*/*] and supported [application/json, application/*+json, application/json, application/*+json]
?[0m?[0;34m2023-04-07 15:35:38.575 DEBUG 12456 --- [nio-8881-exec-6] o.s.w.s.m.m.a.HttpEntityMethodProcessor  : Writing [{timestamp=Fri Apr 07 15:35:38 EET 2023, status=401, error=Unauthorized, path=/api/recipe/search/}]
?[0m?[0;34m2023-04-07 15:35:38.575 DEBUG 12456 --- [nio-8881-exec-6] w.c.HttpSessionSecurityContextRepository : Did not store anonymous SecurityContext
?[0m?[0;34m2023-04-07 15:35:38.575 DEBUG 12456 --- [nio-8881-exec-6] o.j.s.OpenEntityManagerInViewInterceptor : Closing JPA EntityManager in OpenEntityManagerInViewInterceptor
?[0m?[0;34m2023-04-07 15:35:38.575 DEBUG 12456 --- [nio-8881-exec-6] o.s.web.servlet.DispatcherServlet        : Exiting from "ERROR" dispatch, status 401
?[0m?[0;34m2023-04-07 15:35:38.576 DEBUG 12456 --- [nio-8881-exec-6] w.c.HttpSessionSecurityContextRepository : Did not store anonymous SecurityContext
?[0m?[0;34m2023-04-07 15:35:38.576 DEBUG 12456 --- [nio-8881-exec-6] s.s.w.c.SecurityContextPersistenceFilter : Cleared SecurityContextHolder to complete request
?[0m2023-04-07 15:35:38.580 DEBUG 12456 --- [nio-8881-exec-9] o.s.security.web.FilterChainProxy        : Securing POST /actuator/shutdown
2023-04-07 15:35:38.580 DEBUG 12456 --- [nio-8881-exec-9] s.s.w.c.SecurityContextPersistenceFilter : Set SecurityContextHolder to empty SecurityContext
2023-04-07 15:35:38.580 DEBUG 12456 --- [nio-8881-exec-9] o.s.s.w.a.AnonymousAuthenticationFilter  : Set SecurityContextHolder to anonymous SecurityContext
2023-04-07 15:35:38.581 DEBUG 12456 --- [nio-8881-exec-9] o.s.security.web.FilterChainProxy        : Secured POST /actuator/shutdown
2023-04-07 15:35:38.581 DEBUG 12456 --- [nio-8881-exec-9] o.s.web.servlet.DispatcherServlet        : POST "/actuator/shutdown", parameters={}
2023-04-07 15:35:38.581 DEBUG 12456 --- [nio-8881-exec-9] s.b.a.e.w.s.WebMvcEndpointHandlerMapping : Mapped to Actuator web endpoint 'shutdown'
2023-04-07 15:35:38.582 DEBUG 12456 --- [nio-8881-exec-9] m.m.a.RequestResponseBodyMethodProcessor : Read "application/json;charset=UTF-8" to []
2023-04-07 15:35:38.582 DEBUG 12456 --- [nio-8881-exec-9] m.m.a.RequestResponseBodyMethodProcessor : Using 'application/vnd.spring-boot.actuator.v3+json', given [*/*] and supported [application/vnd.spring-boot.actuator.v3+json, application/vnd.spring-boot.actuator.v2+json, application/json]
2023-04-07 15:35:38.583 DEBUG 12456 --- [nio-8881-exec-9] m.m.a.RequestResponseBodyMethodProcessor : Writing [{message=Shutting down, bye...}]
2023-04-07 15:35:38.583 DEBUG 12456 --- [nio-8881-exec-9] w.c.HttpSessionSecurityContextRepository : Did not store anonymous SecurityContext
2023-04-07 15:35:38.583 DEBUG 12456 --- [nio-8881-exec-9] o.s.web.servlet.DispatcherServlet        : Completed 200 OK
2023-04-07 15:35:38.583 DEBUG 12456 --- [nio-8881-exec-9] w.c.HttpSessionSecurityContextRepository : Did not store anonymous SecurityContext
2023-04-07 15:35:38.584 DEBUG 12456 --- [nio-8881-exec-9] s.s.w.c.SecurityContextPersistenceFilter : Cleared SecurityContextHolder to complete request
]]></system-out>
  <system-err><![CDATA[]]></system-err>
</testsuite>
